EXTERNAL/TSAI:  VERSION OF 8/8/96

Marathon                                                                
H1_kin2.inp                                                             
                                                                        
Hall A 2018: 25 cm Deuterium target                                     
Nominal values - not exact                                              

----*----1----*----2----*----3----*----4----*----5----*----6----*----7--
                                                                        

TARGET (iZ,iA) = (  1,  1);   avgA =   1.000; amuM=  1.007; avgM=  0.938
 targ=TRITIUM; ttarg(rl)=0.00113; twall=0.00481; tbeam=0.00342; tspec=0.00732
         Nseg  =   4
 MODELS: P elastc(ikk)=14; deut elastic=13; inelastc=206; Pauli Supresion= 4
 NUCLEAR METHOD= 1;   NUCLEAR_MODEL= 1
 DIS MODEL= 2

    E1    TH    Q2 COS_K         SMR     NUC          INT-SMR
    EP     X    W2 QE-PK  INELA  Q-ELA  ELAST   TOTAL  MODEL

  10.589 17.977  3.16    3.65   12.33    0.00    3.71   16.05  1.000
   3.055  0.223 11.86    4.10   11.31    0.00    4.17   15.48 6.479E+00

  10.589 18.604  3.43    3.12   10.97    0.00    3.17   14.13  1.000
   3.095  0.244 11.52    3.49    9.59    0.00    3.54   13.13 5.477E+00

  10.589 19.414  3.73    2.71    9.70    0.00    2.75   12.44  1.000
   3.100  0.266 11.20    3.01    8.00    0.00    3.05   11.05 4.466E+00

  10.589 20.145  4.03    2.37    8.52    0.00    2.40   10.92  1.000
   3.112  0.287 10.88    2.62    6.53    0.00    2.65    9.19 3.703E+00

  0.000 0.000  0.000 .000  0.00  0.00  0.00  0.00  0.00  0.00 0.000
                           0.00  0.00  0.00  0.00  0.00  0.00 0.000E+00

