EXTERNAL/TSAI:  VERSION OF 8/8/96

Marathon                                                                
H3_kin15.inp                                                            
                                                                        
Hall A 2018: 25 cm Tritium target                                       
Nominal values - not exact                                              

----*----1----*----2----*----3----*----4----*----5----*----6----*----7--
                                                                        

TARGET (iZ,iA) = (  1,  3);   avgA =   3.000; amuM=  3.016; avgM=  2.809
 targ=TRITIUM; ttarg(rl)=0.00042; twall=0.00481; tbeam=0.00342; tspec=0.00732
         Nseg  =   4
 MODELS: P elastc(ikk)=14; deut elastic=13; inelastc=206; Pauli Supresion= 4
 NUCLEAR METHOD= 1;   NUCLEAR_MODEL= 1
 DIS MODEL= 2

    E1    TH    Q2 COS_K         SMR     NUC          INT-SMR
    EP     X    W2 QE-PK  INELA  Q-ELA  ELAST   TOTAL  MODEL

  10.589 32.280  9.85    0.85   -5.95    0.38    0.00   -5.57  0.805
   3.008  0.692  5.26    0.90  -11.03    0.40    0.00  -10.62 1.222E-01

  10.589 32.624 10.15    0.83   -6.75    0.41    0.00   -6.34  0.855
   3.037  0.716  4.91    0.88  -11.96    0.43    0.00  -11.53 9.428E-02

  10.589 32.971 10.45    0.82   -7.59    0.46    0.00   -7.13  0.924
   3.065  0.740  4.54    0.87  -12.94    0.48    0.00  -12.46 7.150E-02

  10.589 33.347 10.77    0.82   -8.44    0.54    0.00   -7.91  1.016
   3.088  0.765  4.19    0.87  -13.94    0.56    0.00  -13.38 5.338E-02

  10.589 33.806 11.10    0.84   -9.31    0.65    0.00   -8.66  1.133
   3.099  0.790  3.84    0.90  -14.94    0.68    0.00  -14.26 3.901E-02

  10.589 34.206 11.42    0.88  -10.27    0.83    0.00   -9.44  1.285
   3.116  0.814  3.49    0.96  -16.02    0.86    0.00  -15.17 2.823E-02

  0.000 0.000  0.000 .000  0.00  0.00  0.00  0.00  0.00  0.00 0.000
                           0.00  0.00  0.00  0.00  0.00  0.00 0.000E+00

