EXTERNAL/TSAI:  VERSION OF 8/8/96

Marathon                                                                
H3_kin3.inp                                                             
                                                                        
Hall A 2018: 25 cm Tritium target                                       
Nominal values - not exact                                              

----*----1----*----2----*----3----*----4----*----5----*----6----*----7--
                                                                        

TARGET (iZ,iA) = (  1,  3);   avgA =   3.000; amuM=  3.016; avgM=  2.809
 targ=TRITIUM; ttarg(rl)=0.00042; twall=0.00481; tbeam=0.00342; tspec=0.00732
         Nseg  =   4
 MODELS: P elastc(ikk)=14; deut elastic=13; inelastc=206; Pauli Supresion= 4
 NUCLEAR METHOD= 1;   NUCLEAR_MODEL= 1
 DIS MODEL= 2

    E1    TH    Q2 COS_K         SMR     NUC          INT-SMR
    EP     X    W2 QE-PK  INELA  Q-ELA  ELAST   TOTAL  MODEL

  10.589 19.388  3.65    1.99    9.40    1.25    0.05   10.70  0.822
   3.043  0.258 11.39    2.21    7.31    1.35    0.05    8.71 1.098E+01

  10.589 19.853  3.89    1.80    8.33    1.07    0.04    9.44  0.813
   3.088  0.276 11.07    1.99    6.01    1.16    0.04    7.20 9.426E+00

  10.589 20.469  4.14    1.67    7.41    0.95    0.03    8.39  0.803
   3.098  0.295 10.80    1.83    4.88    1.02    0.03    5.93 7.867E+00

  10.589 21.113  4.41    1.55    6.53    0.84    0.02    7.38  0.793
   3.101  0.314 10.52    1.70    3.80    0.91    0.02    4.73 6.528E+00

  10.589 21.656  4.66    1.45    5.67    0.75    0.01    6.43  0.783
   3.116  0.332 10.25    1.58    2.76    0.80    0.01    3.58 5.520E+00

  0.000 0.000  0.000 .000  0.00  0.00  0.00  0.00  0.00  0.00 0.000
                           0.00  0.00  0.00  0.00  0.00  0.00 0.000E+00

