EXTERNAL/TSAI:  VERSION OF 8/8/96

Marathon                                                                
H1_kin4.inp                                                             
                                                                        
Hall A 2018: 25 cm Deuterium target                                     
Nominal values - not exact                                              

----*----1----*----2----*----3----*----4----*----5----*----6----*----7--
                                                                        

TARGET (iZ,iA) = (  1,  1);   avgA =   1.000; amuM=  1.007; avgM=  0.938
 targ=TRITIUM; ttarg(rl)=0.00113; twall=0.00481; tbeam=0.00342; tspec=0.00732
         Nseg  =   4
 MODELS: P elastc(ikk)=14; deut elastic=13; inelastc=206; Pauli Supresion= 4
 NUCLEAR METHOD= 1;   NUCLEAR_MODEL= 1
 DIS MODEL= 2

    E1    TH    Q2 COS_K         SMR     NUC          INT-SMR
    EP     X    W2 QE-PK  INELA  Q-ELA  ELAST   TOTAL  MODEL

  10.589 20.763  4.18    2.38    8.39    0.00    2.40   10.79  1.000
   3.038  0.295 10.87    2.62    6.37    0.00    2.65    9.02 3.269E+00

  10.589 21.214  4.42    2.09    7.27    0.00    2.11    9.38  1.000
   3.082  0.314 10.54    2.30    4.97    0.00    2.32    7.29 2.864E+00

  10.589 21.814  4.69    1.88    6.28    0.00    1.89    8.17  1.000
   3.095  0.334 10.25    2.06    3.74    0.00    2.07    5.81 2.444E+00

  10.589 22.453  4.97    1.70    5.33    0.00    1.71    7.04  1.000
   3.099  0.354  9.96    1.86    2.56    0.00    1.87    4.43 2.064E+00

  10.589 22.988  5.24    1.55    4.59    0.00    1.56    6.16  1.000
   3.115  0.374  9.67    1.69    1.65    0.00    1.70    3.35 1.763E+00

  0.000 0.000  0.000 .000  0.00  0.00  0.00  0.00  0.00  0.00 0.000
                           0.00  0.00  0.00  0.00  0.00  0.00 0.000E+00

