EXTERNAL/TSAI:  VERSION OF 8/8/96

Marathon                                                                
H3_kin5.inp                                                             
                                                                        
Hall A 2018: 25 cm Tritium target                                       
Nominal values - not exact                                              

----*----1----*----2----*----3----*----4----*----5----*----6----*----7--
                                                                        

TARGET (iZ,iA) = (  1,  3);   avgA =   3.000; amuM=  3.016; avgM=  2.809
 targ=TRITIUM; ttarg(rl)=0.00042; twall=0.00481; tbeam=0.00342; tspec=0.00732
         Nseg  =   4
 MODELS: P elastc(ikk)=14; deut elastic=13; inelastc=206; Pauli Supresion= 4
 NUCLEAR METHOD= 1;   NUCLEAR_MODEL= 1
 DIS MODEL= 2

    E1    TH    Q2 COS_K         SMR     NUC          INT-SMR
    EP     X    W2 QE-PK  INELA  Q-ELA  ELAST   TOTAL  MODEL

  10.589 22.015  4.69    1.53    6.00    0.79    0.01    6.81  0.783
   3.036  0.331 10.37    1.66    3.17    0.85    0.01    4.04 5.246E+00

  10.589 22.456  4.95    1.39    4.99    0.69    0.01    5.68  0.772
   3.080  0.351 10.02    1.51    1.93    0.74    0.01    2.68 4.473E+00

  10.589 23.041  5.23    1.30    4.06    0.61    0.01    4.68  0.762
   3.097  0.372  9.71    1.40    0.81    0.65    0.01    1.47 3.708E+00

  10.589 23.687  5.53    1.22    3.18    0.54    0.00    3.73  0.751
   3.101  0.394  9.40    1.31   -0.26    0.59    0.00    0.33 3.030E+00

  10.589 24.222  5.81    1.15    2.32    0.49    0.00    2.81  0.743
   3.118  0.415  9.09    1.23   -1.31    0.53    0.00   -0.78 2.516E+00

  0.000 0.000  0.000 .000  0.00  0.00  0.00  0.00  0.00  0.00 0.000
                           0.00  0.00  0.00  0.00  0.00  0.00 0.000E+00

