EXTERNAL/TSAI:  VERSION OF 8/8/96

Marathon                                                                
H3_kin13.inp                                                            
                                                                        
Hall A 2018: 25 cm Tritium target                                       
Nominal values - not exact                                              

----*----1----*----2----*----3----*----4----*----5----*----6----*----7--
                                                                        

TARGET (iZ,iA) = (  1,  3);   avgA =   3.000; amuM=  3.016; avgM=  2.809
 targ=TRITIUM; ttarg(rl)=0.00042; twall=0.00481; tbeam=0.00342; tspec=0.00732
         Nseg  =   4
 MODELS: P elastc(ikk)=14; deut elastic=13; inelastc=206; Pauli Supresion= 4
 NUCLEAR METHOD= 1;   NUCLEAR_MODEL= 1
 DIS MODEL= 2

    E1    TH    Q2 COS_K         SMR     NUC          INT-SMR
    EP     X    W2 QE-PK  INELA  Q-ELA  ELAST   TOTAL  MODEL

  10.589 30.434  8.79    0.91   -3.79    0.34    0.00   -3.44  0.733
   3.011  0.618  6.31    0.95   -8.52    0.37    0.00   -8.15 2.848E-01

  10.589 30.744  9.04    0.88   -4.42    0.34    0.00   -4.08  0.748
   3.037  0.638  6.01    0.92   -9.27    0.37    0.00   -8.91 2.330E-01

  10.589 31.052  9.30    0.85   -5.09    0.35    0.00   -4.74  0.770
   3.065  0.659  5.70    0.89  -10.06    0.37    0.00   -9.68 1.886E-01

  10.589 31.374  9.56    0.83   -5.75    0.36    0.00   -5.39  0.799
   3.088  0.679  5.39    0.87  -10.84    0.38    0.00  -10.45 1.516E-01

  10.589 31.787  9.84    0.81   -6.39    0.38    0.00   -6.01  0.834
   3.098  0.700  5.10    0.86  -11.59    0.41    0.00  -11.18 1.200E-01

  10.589 32.199 10.12    0.80   -7.06    0.41    0.00   -6.64  0.881
   3.107  0.721  4.80    0.85  -12.36    0.44    0.00  -11.92 9.419E-02

  10.589 32.521 10.38    0.80   -7.73    0.46    0.00   -7.27  0.941
   3.125  0.741  4.51    0.85  -13.15    0.48    0.00  -12.66 7.459E-02

  0.000 0.000  0.000 .000  0.00  0.00  0.00  0.00  0.00  0.00 0.000
                           0.00  0.00  0.00  0.00  0.00  0.00 0.000E+00

