EXTERNAL/TSAI:  VERSION OF 8/8/96

Marathon                                                                
H3_kin4.inp                                                             
                                                                        
Hall A 2018: 25 cm Tritium target                                       
Nominal values - not exact                                              

----*----1----*----2----*----3----*----4----*----5----*----6----*----7--
                                                                        

TARGET (iZ,iA) = (  1,  3);   avgA =   3.000; amuM=  3.016; avgM=  2.809
 targ=TRITIUM; ttarg(rl)=0.00042; twall=0.00481; tbeam=0.00342; tspec=0.00732
         Nseg  =   4
 MODELS: P elastc(ikk)=14; deut elastic=13; inelastc=206; Pauli Supresion= 4
 NUCLEAR METHOD= 1;   NUCLEAR_MODEL= 1
 DIS MODEL= 2

    E1    TH    Q2 COS_K         SMR     NUC          INT-SMR
    EP     X    W2 QE-PK  INELA  Q-ELA  ELAST   TOTAL  MODEL

  10.589 20.759  4.18    1.73    7.63    0.98    0.03    8.64  0.803
   3.038  0.295 10.87    1.90    5.15    1.06    0.03    6.24 7.492E+00

  10.589 21.211  4.42    1.57    6.58    0.85    0.02    7.45  0.793
   3.082  0.314 10.54    1.72    3.87    0.92    0.02    4.80 6.417E+00

  10.589 21.807  4.69    1.46    5.67    0.75    0.01    6.44  0.782
   3.096  0.334 10.25    1.59    2.76    0.81    0.01    3.58 5.352E+00

  10.589 22.450  4.97    1.36    4.80    0.67    0.01    5.47  0.771
   3.100  0.354  9.96    1.48    1.70    0.72    0.01    2.43 4.418E+00

  10.589 22.980  5.24    1.28    3.95    0.59    0.01    4.55  0.761
   3.116  0.373  9.67    1.38    0.66    0.64    0.01    1.31 3.719E+00

  0.000 0.000  0.000 .000  0.00  0.00  0.00  0.00  0.00  0.00 0.000
                           0.00  0.00  0.00  0.00  0.00  0.00 0.000E+00

