EXTERNAL/TSAI:  VERSION OF 8/8/96

Marathon                                                                
He3_kin13.inp                                                           
                                                                        
Hall A 2018: 25 cm He3 target                                           
Nominal values - not exact                                              

----*----1----*----2----*----3----*----4----*----5----*----6----*----7--
                                                                        

TARGET (iZ,iA) = (  2,  3);   avgA =   3.000; amuM=  3.016; avgM=  2.809
 targ=TRITIUM; ttarg(rl)=0.00075; twall=0.00481; tbeam=0.00342; tspec=0.00732
         Nseg  =   4
 MODELS: P elastc(ikk)=14; deut elastic=13; inelastc=206; Pauli Supresion= 4
 NUCLEAR METHOD= 1;   NUCLEAR_MODEL= 1
 DIS MODEL= 2

    E1    TH    Q2 COS_K         SMR     NUC          INT-SMR
    EP     X    W2 QE-PK  INELA  Q-ELA  ELAST   TOTAL  MODEL

  10.589 30.438  8.79    0.93   -3.61    0.39    0.00   -3.23  0.809
   3.011  0.618  6.31    0.99   -8.33    0.42    0.00   -7.91 3.606E-01

  10.589 30.743  9.04    0.90   -4.24    0.39    0.00   -3.86  0.829
   3.038  0.638  6.01    0.95   -9.08    0.42    0.00   -8.67 2.953E-01

  10.589 31.055  9.30    0.87   -4.90    0.39    0.00   -4.51  0.855
   3.065  0.659  5.70    0.92   -9.87    0.42    0.00   -9.44 2.388E-01

  10.589 31.379  9.56    0.85   -5.55    0.41    0.00   -5.14  0.889
   3.088  0.679  5.39    0.90  -10.64    0.44    0.00  -10.20 1.918E-01

  10.589 31.783  9.84    0.84   -6.19    0.44    0.00   -5.75  0.930
   3.099  0.700  5.10    0.89  -11.38    0.47    0.00  -10.92 1.514E-01

  10.589 32.199 10.12    0.83   -6.83    0.48    0.00   -6.36  0.982
   3.107  0.721  4.80    0.88  -12.14    0.51    0.00  -11.63 1.185E-01

  10.589 32.514 10.38    0.82   -7.52    0.53    0.00   -6.99  1.051
   3.127  0.741  4.50    0.88  -12.94    0.56    0.00  -12.38 9.330E-02

  0.000 0.000  0.000 .000  0.00  0.00  0.00  0.00  0.00  0.00 0.000
                           0.00  0.00  0.00  0.00  0.00  0.00 0.000E+00

