EXTERNAL/TSAI:  VERSION OF 8/8/96

Marathon                                                                
H3_kin0.inp                                                             
                                                                        
Hall A 2018: 25 cm Tritium target                                       
Nominal values - not exact                                              

----*----1----*----2----*----3----*----4----*----5----*----6----*----7--
                                                                        

TARGET (iZ,iA) = (  1,  3);   avgA =   3.000; amuM=  3.016; avgM=  2.809
 targ=TRITIUM; ttarg(rl)=0.00042; twall=0.00481; tbeam=0.00342; tspec=0.00732
         Nseg  =   4
 MODELS: P elastc(ikk)=14; deut elastic=13; inelastc=206; Pauli Supresion= 4
 NUCLEAR METHOD= 1;   NUCLEAR_MODEL= 1
 DIS MODEL= 2

    E1    TH    Q2 COS_K         SMR     NUC          INT-SMR
    EP     X    W2 QE-PK  INELA  Q-ELA  ELAST   TOTAL  MODEL

  10.589 15.679  2.41    3.13   14.81    2.39    0.27   17.47  0.853
   3.059  0.171 12.60    3.55   14.07    2.59    0.27   16.93 3.066E+01

  10.589 16.334  2.64    2.75   13.33    2.03    0.19   15.55  0.850
   3.094  0.188 12.30    3.11   12.22    2.19    0.19   14.60 2.531E+01

  10.589 17.142  2.91    2.46   12.04    1.74    0.13   13.91  0.844
   3.098  0.207 12.02    2.77   10.59    1.88    0.13   12.60 2.015E+01

  10.589 17.874  3.18    2.22   10.86    1.50    0.09   12.46  0.837
   3.106  0.226 11.75    2.49    9.13    1.62    0.09   10.84 1.635E+01

  0.000 0.000  0.000 .000  0.00  0.00  0.00  0.00  0.00  0.00 0.000
                           0.00  0.00  0.00  0.00  0.00  0.00 0.000E+00

