EXTERNAL/TSAI:  VERSION OF 8/8/96

Marathon                                                                
H3_kin2.inp                                                             
                                                                        
Hall A 2018: 25 cm Tritium target                                       
Nominal values - not exact                                              

----*----1----*----2----*----3----*----4----*----5----*----6----*----7--
                                                                        

TARGET (iZ,iA) = (  1,  3);   avgA =   3.000; amuM=  3.016; avgM=  2.809
 targ=TRITIUM; ttarg(rl)=0.00042; twall=0.00481; tbeam=0.00342; tspec=0.00732
         Nseg  =   4
 MODELS: P elastc(ikk)=14; deut elastic=13; inelastc=206; Pauli Supresion= 4
 NUCLEAR METHOD= 1;   NUCLEAR_MODEL= 1
 DIS MODEL= 2

    E1    TH    Q2 COS_K         SMR     NUC          INT-SMR
    EP     X    W2 QE-PK  INELA  Q-ELA  ELAST   TOTAL  MODEL

  10.589 17.976  3.16    2.32   11.23    1.58    0.10   12.92  0.837
   3.055  0.223 11.86    2.60    9.58    1.71    0.10   11.40 1.620E+01

  10.589 18.605  3.42    2.06    9.95    1.33    0.07   11.35  0.829
   3.095  0.244 11.52    2.30    7.99    1.44    0.07    9.51 1.337E+01

  10.589 19.415  3.73    1.87    8.79    1.14    0.05    9.98  0.819
   3.100  0.266 11.20    2.07    6.57    1.23    0.05    7.85 1.061E+01

  10.589 20.143  4.03    1.70    7.71    0.98    0.03    8.72  0.808
   3.112  0.287 10.88    1.87    5.24    1.06    0.03    6.33 8.570E+00

  0.000 0.000  0.000 .000  0.00  0.00  0.00  0.00  0.00  0.00 0.000
                           0.00  0.00  0.00  0.00  0.00  0.00 0.000E+00

