EXTERNAL/TSAI:  VERSION OF 8/8/96

Marathon                                                                
He3_kin3.inp                                                            
                                                                        
Hall A 2018: 25 cm He3 target                                           
Nominal values - not exact                                              

----*----1----*----2----*----3----*----4----*----5----*----6----*----7--
                                                                        

TARGET (iZ,iA) = (  2,  3);   avgA =   3.000; amuM=  3.016; avgM=  2.809
 targ=TRITIUM; ttarg(rl)=0.00075; twall=0.00481; tbeam=0.00342; tspec=0.00732
         Nseg  =   4
 MODELS: P elastc(ikk)=14; deut elastic=13; inelastc=206; Pauli Supresion= 4
 NUCLEAR METHOD= 1;   NUCLEAR_MODEL= 1
 DIS MODEL= 2

    E1    TH    Q2 COS_K         SMR     NUC          INT-SMR
    EP     X    W2 QE-PK  INELA  Q-ELA  ELAST   TOTAL  MODEL

  10.589 19.388  3.66    2.49    9.55    1.52    0.05   11.11  0.827
   3.044  0.258 11.38    2.77    7.65    1.65    0.05    9.34 1.248E+01

  10.589 19.852  3.89    2.22    8.42    1.30    0.03    9.75  0.821
   3.088  0.276 11.07    2.45    6.26    1.41    0.03    7.70 1.080E+01

  10.589 20.469  4.14    2.02    7.45    1.13    0.02    8.60  0.814
   3.098  0.295 10.80    2.23    5.06    1.23    0.02    6.31 9.089E+00

  10.589 21.115  4.41    1.86    6.52    0.99    0.02    7.53  0.807
   3.101  0.314 10.52    2.03    3.92    1.08    0.02    5.02 7.595E+00

  10.589 21.654  4.66    1.71    5.65    0.88    0.01    6.53  0.801
   3.117  0.332 10.24    1.86    2.85    0.95    0.01    3.81 6.473E+00

  0.000 0.000  0.000 .000  0.00  0.00  0.00  0.00  0.00  0.00 0.000
                           0.00  0.00  0.00  0.00  0.00  0.00 0.000E+00

