EXTERNAL/TSAI:  VERSION OF 8/8/96

Marathon                                                                
He3_kin2.inp                                                            
                                                                        
Hall A 2018: 25 cm He3 target                                           
Nominal values - not exact                                              

----*----1----*----2----*----3----*----4----*----5----*----6----*----7--
                                                                        

TARGET (iZ,iA) = (  2,  3);   avgA =   3.000; amuM=  3.016; avgM=  2.809
 targ=TRITIUM; ttarg(rl)=0.00075; twall=0.00481; tbeam=0.00342; tspec=0.00732
         Nseg  =   4
 MODELS: P elastc(ikk)=14; deut elastic=13; inelastc=206; Pauli Supresion= 4
 NUCLEAR METHOD= 1;   NUCLEAR_MODEL= 1
 DIS MODEL= 2

    E1    TH    Q2 COS_K         SMR     NUC          INT-SMR
    EP     X    W2 QE-PK  INELA  Q-ELA  ELAST   TOTAL  MODEL

  10.589 17.980  3.16    3.00   11.53    1.97    0.09   13.59  0.838
   3.054  0.223 11.86    3.36   10.11    2.15    0.09   12.35 1.809E+01

  10.589 18.608  3.43    2.61   10.16    1.64    0.06   11.86  0.832
   3.095  0.244 11.52    2.91    8.41    1.78    0.06   10.25 1.507E+01

  10.589 19.422  3.73    2.32    8.92    1.39    0.04   10.35  0.825
   3.099  0.266 11.20    2.57    6.88    1.50    0.04    8.42 1.208E+01

  10.589 20.146  4.03    2.08    7.77    1.18    0.03    8.98  0.817
   3.111  0.287 10.88    2.29    5.46    1.28    0.03    6.76 9.866E+00

  0.000 0.000  0.000 .000  0.00  0.00  0.00  0.00  0.00  0.00 0.000
                           0.00  0.00  0.00  0.00  0.00  0.00 0.000E+00

