EXTERNAL/TSAI:  VERSION OF 8/8/96

Marathon                                                                
He3_kin5.inp                                                            
                                                                        
Hall A 2018: 25 cm He3 target                                           
Nominal values - not exact                                              

----*----1----*----2----*----3----*----4----*----5----*----6----*----7--
                                                                        

TARGET (iZ,iA) = (  2,  3);   avgA =   3.000; amuM=  3.016; avgM=  2.809
 targ=TRITIUM; ttarg(rl)=0.00075; twall=0.00481; tbeam=0.00342; tspec=0.00732
         Nseg  =   4
 MODELS: P elastc(ikk)=14; deut elastic=13; inelastc=206; Pauli Supresion= 4
 NUCLEAR METHOD= 1;   NUCLEAR_MODEL= 1
 DIS MODEL= 2

    E1    TH    Q2 COS_K         SMR     NUC          INT-SMR
    EP     X    W2 QE-PK  INELA  Q-ELA  ELAST   TOTAL  MODEL

  10.589 22.009  4.69    1.80    5.96    0.93    0.01    6.91  0.800
   3.036  0.331 10.37    1.97    3.25    1.01    0.01    4.27 6.164E+00

  10.589 22.459  4.95    1.62    4.94    0.80    0.01    5.75  0.793
   3.080  0.351 10.02    1.76    1.99    0.87    0.01    2.87 5.276E+00

  10.589 23.044  5.23    1.49    4.04    0.71    0.01    4.75  0.787
   3.096  0.372  9.71    1.61    0.88    0.77    0.01    1.65 4.407E+00

  10.589 23.690  5.53    1.38    3.17    0.63    0.00    3.81  0.782
   3.101  0.394  9.40    1.49   -0.18    0.68    0.00    0.51 3.624E+00

  10.589 24.223  5.81    1.29    2.35    0.56    0.00    2.91  0.778
   3.118  0.415  9.09    1.38   -1.19    0.61    0.00   -0.58 3.032E+00

  0.000 0.000  0.000 .000  0.00  0.00  0.00  0.00  0.00  0.00 0.000
                           0.00  0.00  0.00  0.00  0.00  0.00 0.000E+00

