EXTERNAL/TSAI:  VERSION OF 8/8/96

Marathon                                                                
H1_kin3.inp                                                             
                                                                        
Hall A 2018: 25 cm Deuterium target                                     
Nominal values - not exact                                              

----*----1----*----2----*----3----*----4----*----5----*----6----*----7--
                                                                        

TARGET (iZ,iA) = (  1,  1);   avgA =   1.000; amuM=  1.007; avgM=  0.938
 targ=TRITIUM; ttarg(rl)=0.00113; twall=0.00481; tbeam=0.00342; tspec=0.00732
         Nseg  =   4
 MODELS: P elastc(ikk)=14; deut elastic=13; inelastc=206; Pauli Supresion= 4
 NUCLEAR METHOD= 1;   NUCLEAR_MODEL= 1
 DIS MODEL= 2

    E1    TH    Q2 COS_K         SMR     NUC          INT-SMR
    EP     X    W2 QE-PK  INELA  Q-ELA  ELAST   TOTAL  MODEL

  10.589 19.393  3.66    2.93   10.32    0.00    2.97   13.29  1.000
   3.043  0.258 11.38    3.27    8.77    0.00    3.31   12.08 4.576E+00

  10.589 19.856  3.89    2.57    9.19    0.00    2.60   11.79  1.000
   3.087  0.276 11.07    2.85    7.36    0.00    2.88   10.24 4.019E+00

  10.589 20.479  4.14    2.30    8.18    0.00    2.32   10.50  1.000
   3.096  0.295 10.80    2.54    6.10    0.00    2.56    8.66 3.426E+00

  10.589 21.116  4.41    2.07    7.22    0.00    2.09    9.31  1.000
   3.100  0.314 10.53    2.28    4.91    0.00    2.30    7.21 2.912E+00

  10.589 21.661  4.66    1.87    6.28    0.00    1.88    8.16  1.000
   3.115  0.332 10.25    2.05    3.74    0.00    2.06    5.80 2.515E+00

  0.000 0.000  0.000 .000  0.00  0.00  0.00  0.00  0.00  0.00 0.000
                           0.00  0.00  0.00  0.00  0.00  0.00 0.000E+00

