EXTERNAL/TSAI:  VERSION OF 8/8/96

Marathon                                                                
He3_kin4.inp                                                            
                                                                        
Hall A 2018: 25 cm He3 target                                           
Nominal values - not exact                                              

----*----1----*----2----*----3----*----4----*----5----*----6----*----7--
                                                                        

TARGET (iZ,iA) = (  2,  3);   avgA =   3.000; amuM=  3.016; avgM=  2.809
 targ=TRITIUM; ttarg(rl)=0.00075; twall=0.00481; tbeam=0.00342; tspec=0.00732
         Nseg  =   4
 MODELS: P elastc(ikk)=14; deut elastic=13; inelastc=206; Pauli Supresion= 4
 NUCLEAR METHOD= 1;   NUCLEAR_MODEL= 1
 DIS MODEL= 2

    E1    TH    Q2 COS_K         SMR     NUC          INT-SMR
    EP     X    W2 QE-PK  INELA  Q-ELA  ELAST   TOTAL  MODEL

  10.589 20.759  4.18    2.09    7.65    1.17    0.02    8.85  0.813
   3.038  0.295 10.87    2.30    5.31    1.27    0.02    6.61 8.660E+00

  10.589 21.217  4.42    1.88    6.57    1.01    0.02    7.59  0.807
   3.082  0.314 10.54    2.06    3.99    1.09    0.02    5.10 7.466E+00

  10.589 21.809  4.69    1.72    5.65    0.88    0.01    6.54  0.800
   3.096  0.334 10.25    1.87    2.85    0.95    0.01    3.82 6.279E+00

  10.589 22.449  4.97    1.59    4.77    0.78    0.01    5.56  0.793
   3.099  0.354  9.96    1.72    1.78    0.84    0.01    2.63 5.223E+00

  10.589 22.991  5.24    1.47    3.93    0.69    0.00    4.62  0.787
   3.115  0.374  9.67    1.59    0.74    0.75    0.00    1.50 4.412E+00

  0.000 0.000  0.000 .000  0.00  0.00  0.00  0.00  0.00  0.00 0.000
                           0.00  0.00  0.00  0.00  0.00  0.00 0.000E+00

