EXTERNAL/TSAI:  VERSION OF 8/8/96

Marathon                                                                
H3_kin1.inp                                                             
                                                                        
Hall A 2018: 25 cm Tritium target                                       
Nominal values - not exact                                              

----*----1----*----2----*----3----*----4----*----5----*----6----*----7--
                                                                        

TARGET (iZ,iA) = (  1,  3);   avgA =   3.000; amuM=  3.016; avgM=  2.809
 targ=TRITIUM; ttarg(rl)=0.00042; twall=0.00481; tbeam=0.00342; tspec=0.00732
         Nseg  =   4
 MODELS: P elastc(ikk)=14; deut elastic=13; inelastc=206; Pauli Supresion= 4
 NUCLEAR METHOD= 1;   NUCLEAR_MODEL= 1
 DIS MODEL= 2

    E1    TH    Q2 COS_K         SMR     NUC          INT-SMR
    EP     X    W2 QE-PK  INELA  Q-ELA  ELAST   TOTAL  MODEL

  10.589 16.455  2.66    2.80   13.48    2.06    0.19   15.74  0.849
   3.062  0.188 12.35    3.17   12.39    2.23    0.20   14.82 2.468E+01

  10.589 17.111  2.90    2.48   12.09    1.75    0.14   13.98  0.844
   3.097  0.206 12.04    2.78   10.66    1.89    0.14   12.69 2.033E+01

  10.589 17.919  3.19    2.23   10.85    1.50    0.09   12.44  0.837
   3.101  0.227 11.75    2.49    9.12    1.62    0.09   10.83 1.618E+01

  10.589 18.643  3.46    2.02    9.73    1.29    0.06   11.09  0.828
   3.112  0.246 11.45    2.24    7.73    1.40    0.07    9.19 1.313E+01

  0.000 0.000  0.000 .000  0.00  0.00  0.00  0.00  0.00  0.00 0.000
                           0.00  0.00  0.00  0.00  0.00  0.00 0.000E+00

