EXTERNAL/TSAI:  VERSION OF 8/8/96

Marathon                                                                
He3_kin0.inp                                                            
                                                                        
Hall A 2018: 25 cm He3 target                                           
Nominal values - not exact                                              

----*----1----*----2----*----3----*----4----*----5----*----6----*----7--
                                                                        

TARGET (iZ,iA) = (  2,  3);   avgA =   3.000; amuM=  3.016; avgM=  2.809
 targ=TRITIUM; ttarg(rl)=0.00075; twall=0.00481; tbeam=0.00342; tspec=0.00732
         Nseg  =   4
 MODELS: P elastc(ikk)=14; deut elastic=13; inelastc=206; Pauli Supresion= 4
 NUCLEAR METHOD= 1;   NUCLEAR_MODEL= 1
 DIS MODEL= 2

    E1    TH    Q2 COS_K         SMR     NUC          INT-SMR
    EP     X    W2 QE-PK  INELA  Q-ELA  ELAST   TOTAL  MODEL

  10.589 15.678  2.41    4.25   15.19    3.12    0.25   18.56  0.851
   3.059  0.171 12.60    4.83   14.73    3.40    0.25   18.38 3.358E+01

  10.589 16.332  2.64    3.68   13.73    2.60    0.17   16.50  0.848
   3.094  0.188 12.30    4.16   12.88    2.83    0.17   15.89 2.787E+01

  10.589 17.141  2.91    3.23   12.38    2.20    0.12   14.70  0.843
   3.098  0.207 12.02    3.64   11.19    2.39    0.12   13.69 2.236E+01

  10.589 17.875  3.18    2.87   11.15    1.87    0.08   13.10  0.838
   3.106  0.226 11.75    3.21    9.64    2.03    0.08   11.75 1.829E+01

  0.000 0.000  0.000 .000  0.00  0.00  0.00  0.00  0.00  0.00 0.000
                           0.00  0.00  0.00  0.00  0.00  0.00 0.000E+00

