EXTERNAL/TSAI:  VERSION OF 8/8/96

Marathon                                                                
He3_kin15.inp                                                           
                                                                        
Hall A 2018: 25 cm He3 target                                           
Nominal values - not exact                                              

----*----1----*----2----*----3----*----4----*----5----*----6----*----7--
                                                                        

TARGET (iZ,iA) = (  2,  3);   avgA =   3.000; amuM=  3.016; avgM=  2.809
 targ=TRITIUM; ttarg(rl)=0.00075; twall=0.00481; tbeam=0.00342; tspec=0.00732
         Nseg  =   4
 MODELS: P elastc(ikk)=14; deut elastic=13; inelastc=206; Pauli Supresion= 4
 NUCLEAR METHOD= 1;   NUCLEAR_MODEL= 1
 DIS MODEL= 2

    E1    TH    Q2 COS_K         SMR     NUC          INT-SMR
    EP     X    W2 QE-PK  INELA  Q-ELA  ELAST   TOTAL  MODEL

  10.589 32.276  9.85    0.88   -5.74    0.43    0.00   -5.30  0.897
   3.009  0.692  5.26    0.93  -10.82    0.46    0.00  -10.35 1.539E-01

  10.589 32.628 10.15    0.86   -6.52    0.47    0.00   -6.05  0.954
   3.036  0.716  4.90    0.91  -11.74    0.50    0.00  -11.24 1.182E-01

  10.589 32.968 10.46    0.85   -7.36    0.53    0.00   -6.83  1.032
   3.066  0.741  4.54    0.90  -12.72    0.56    0.00  -12.16 8.924E-02

  10.589 33.332 10.77    0.85   -8.21    0.62    0.00   -7.59  1.135
   3.090  0.765  4.19    0.91  -13.71    0.65    0.00  -13.06 6.647E-02

  10.589 33.779 11.09    0.87   -9.09    0.76    0.00   -8.33  1.265
   3.102  0.789  3.84    0.94  -14.71    0.79    0.00  -13.92 4.839E-02

  10.589 34.220 11.42    0.92  -10.04    0.97    0.00   -9.08  1.432
   3.114  0.814  3.49    1.00  -15.80    1.00    0.00  -14.80 3.473E-02

  0.000 0.000  0.000 .000  0.00  0.00  0.00  0.00  0.00  0.00 0.000
                           0.00  0.00  0.00  0.00  0.00  0.00 0.000E+00

