EXTERNAL/TSAI:  VERSION OF 8/8/96

Marathon                                                                
He3_kin1.inp                                                            
                                                                        
Hall A 2018: 25 cm He3 target                                           
Nominal values - not exact                                              

----*----1----*----2----*----3----*----4----*----5----*----6----*----7--
                                                                        

TARGET (iZ,iA) = (  2,  3);   avgA =   3.000; amuM=  3.016; avgM=  2.809
 targ=TRITIUM; ttarg(rl)=0.00075; twall=0.00481; tbeam=0.00342; tspec=0.00732
         Nseg  =   4
 MODELS: P elastc(ikk)=14; deut elastic=13; inelastc=206; Pauli Supresion= 4
 NUCLEAR METHOD= 1;   NUCLEAR_MODEL= 1
 DIS MODEL= 2

    E1    TH    Q2 COS_K         SMR     NUC          INT-SMR
    EP     X    W2 QE-PK  INELA  Q-ELA  ELAST   TOTAL  MODEL

  10.589 16.457  2.66    3.74   13.86    2.65    0.18   16.69  0.847
   3.062  0.188 12.35    4.24   13.05    2.89    0.18   16.11 2.716E+01

  10.589 17.115  2.90    3.25   12.44    2.21    0.12   14.77  0.843
   3.096  0.207 12.04    3.66   11.26    2.40    0.12   13.79 2.253E+01

  10.589 17.928  3.19    2.87   11.14    1.87    0.08   13.09  0.838
   3.099  0.227 11.75    3.21    9.63    2.03    0.08   11.74 1.807E+01

  10.589 18.646  3.46    2.55    9.94    1.59    0.06   11.59  0.832
   3.111  0.246 11.46    2.84    8.14    1.73    0.06    9.92 1.483E+01

  0.000 0.000  0.000 .000  0.00  0.00  0.00  0.00  0.00  0.00 0.000
                           0.00  0.00  0.00  0.00  0.00  0.00 0.000E+00

