EXTERNAL/TSAI:  VERSION OF 8/8/96

Marathon                                                                
D2_kin3.inp                                                             
                                                                        
Hall A 2018: 25 cm Deuterium target                                     
Nominal values - not exact                                              

----*----1----*----2----*----3----*----4----*----5----*----6----*----7--
                                                                        

TARGET (iZ,iA) = (  1,  2);   avgA =   2.000; amuM=  2.013; avgM=  1.875
 targ=TRITIUM; ttarg(rl)=0.00114; twall=0.00481; tbeam=0.00342; tspec=0.00732
         Nseg  =   4
 MODELS: P elastc(ikk)=14; deut elastic=13; inelastc=206; Pauli Supresion= 4
 NUCLEAR METHOD= 1;   NUCLEAR_MODEL= 1
 DIS MODEL=**

    E1    TH    Q2 COS_K         SMR     NUC          INT-SMR
    EP     X    W2 QE-PK  INELA  Q-ELA  ELAST   TOTAL  MODEL

 Deut Elastic Model: ia,iamec,rsc,rscmec (1,2,3,4)=  3
 TJON DEUT ELASTIC FILESS TO BE OPEN=rscctj.tjon_input   rscqtj.tjon_input   rscmtj.tjon_input   
  10.589 18.924  3.42    2.84   12.11    2.14    0.05   14.30  0.969
   2.984  0.239 11.74    3.19   10.87    2.34    0.05   13.26 8.219E+00

  10.589 19.262  3.59    2.56   11.11    1.88    0.04   13.03  0.969
   3.027  0.253 11.48    2.87    9.63    2.05    0.04   11.72 7.430E+00

  10.589 19.701  3.82    2.26    9.91    1.60    0.03   11.53  0.969
   3.078  0.271 11.16    2.52    8.13    1.74    0.03    9.91 6.512E+00

  10.589 20.295  4.07    2.04    8.83    1.38    0.02   10.24  0.968
   3.098  0.290 10.87    2.26    6.80    1.51    0.02    8.33 5.531E+00

  10.589 20.972  4.35    1.85    7.83    1.21    0.02    9.06  0.966
   3.101  0.310 10.58    2.05    5.56    1.32    0.02    6.90 4.618E+00

  10.589 21.576  4.62    1.69    6.89    1.06    0.01    7.96  0.962
   3.111  0.329 10.30    1.86    4.39    1.16    0.01    5.56 3.908E+00

  10.589 21.916  4.83    1.53    5.97    0.93    0.01    6.91  0.959
   3.157  0.346 10.00    1.68    3.26    1.01    0.01    4.28 3.471E+00

  10.589 22.216  5.02    1.41    5.19    0.83    0.01    6.02  0.956
   3.195  0.362  9.73    1.54    2.29    0.90    0.01    3.20 3.118E+00

  0.000 0.000  0.000 .000  0.00  0.00  0.00  0.00  0.00  0.00 0.000
                           0.00  0.00  0.00  0.00  0.00  0.00 0.000E+00

