EXTERNAL/TSAI:  VERSION OF 8/8/96

Marathon                                                                
H1_kin3.inp                                                             
                                                                        
Hall A 2018: 25 cm Deuterium target                                     
Nominal values - not exact                                              

----*----1----*----2----*----3----*----4----*----5----*----6----*----7--
                                                                        

TARGET (iZ,iA) = (  1,  1);   avgA =   1.000; amuM=  1.007; avgM=  0.938
 targ=TRITIUM; ttarg(rl)=0.00113; twall=0.00481; tbeam=0.00342; tspec=0.00732
         Nseg  =   4
 MODELS: P elastc(ikk)=14; deut elastic=13; inelastc=206; Pauli Supresion= 4
 NUCLEAR METHOD= 1;   NUCLEAR_MODEL= 1
 DIS MODEL=**

    E1    TH    Q2 COS_K         SMR     NUC          INT-SMR
    EP     X    W2 QE-PK  INELA  Q-ELA  ELAST   TOTAL  MODEL

  10.589 18.922  3.41    3.77   13.02    0.00    3.83   16.85  1.000
   2.983  0.239 11.74    4.23   12.08    0.00    4.29   16.37 4.752E+00

  10.589 19.260  3.59    3.36   11.97    0.00    3.41   15.38  1.000
   3.027  0.253 11.48    3.75   10.77    0.00    3.80   14.57 4.327E+00

  10.589 19.705  3.82    2.92   10.73    0.00    2.96   13.69  1.000
   3.077  0.271 11.16    3.24    9.23    0.00    3.28   12.51 3.824E+00

  10.589 20.308  4.08    2.58    9.61    0.00    2.61   12.22  1.000
   3.096  0.290 10.87    2.85    7.82    0.00    2.88   10.70 3.275E+00

  10.589 20.979  4.35    2.31    8.56    0.00    2.33   10.89  1.000
   3.099  0.310 10.58    2.54    6.53    0.00    2.56    9.09 2.768E+00

  10.589 21.584  4.62    2.07    7.57    0.00    2.09    9.66  1.000
   3.110  0.329 10.30    2.27    5.29    0.00    2.29    7.58 2.365E+00

  10.589 21.913  4.83    1.85    6.60    0.00    1.86    8.46  1.000
   3.157  0.346 10.00    2.02    4.09    0.00    2.03    6.12 2.124E+00

  10.589 22.190  5.02    1.68    5.80    0.00    1.69    7.49  1.000
   3.198  0.362  9.73    1.83    3.10    0.00    1.84    4.93 1.933E+00

  0.000 0.000  0.000 .000  0.00  0.00  0.00  0.00  0.00  0.00 0.000
                           0.00  0.00  0.00  0.00  0.00  0.00 0.000E+00

