EXTERNAL/TSAI:  VERSION OF 8/8/96

Marathon                                                                
D2_kin0.inp                                                             
                                                                        
Hall A 2018: 25 cm Deuterium target                                     
Nominal values - not exact                                              

----*----1----*----2----*----3----*----4----*----5----*----6----*----7--
                                                                        

TARGET (iZ,iA) = (  1,  2);   avgA =   2.000; amuM=  2.013; avgM=  1.875
 targ=TRITIUM; ttarg(rl)=0.00114; twall=0.00481; tbeam=0.00342; tspec=0.00732
         Nseg  =   4
 MODELS: P elastc(ikk)=14; deut elastic=13; inelastc=206; Pauli Supresion= 4
 NUCLEAR METHOD= 1;   NUCLEAR_MODEL= 1
 DIS MODEL=**

    E1    TH    Q2 COS_K         SMR     NUC          INT-SMR
    EP     X    W2 QE-PK  INELA  Q-ELA  ELAST   TOTAL  MODEL

 Deut Elastic Model: ia,iamec,rsc,rscmec (1,2,3,4)=  3
 TJON DEUT ELASTIC FILESS TO BE OPEN=rscctj.tjon_input   rscqtj.tjon_input   rscmtj.tjon_input   
  10.589 15.285  2.25    4.83   18.16    4.15    0.17   22.48  0.954
   3.000  0.158 12.87    5.56   18.55    4.56    0.17   23.28 2.103E+01

  10.589 15.717  2.42    4.20   16.65    3.53    0.13   20.31  0.961
   3.062  0.172 12.58    4.82   16.64    3.87    0.13   20.65 1.853E+01

  10.589 16.404  2.67    3.63   15.07    2.96    0.09   18.12  0.964
   3.095  0.190 12.28    4.14   14.62    3.24    0.09   17.96 1.533E+01

  10.589 17.232  2.94    3.18   13.61    2.50    0.07   16.18  0.966
   3.098  0.209 11.99    3.60   12.78    2.74    0.07   15.58 1.231E+01

  10.589 17.949  3.21    2.81   12.29    2.14    0.05   14.47  0.969
   3.111  0.228 11.71    3.16   11.11    2.34    0.05   13.50 1.016E+01

  10.589 18.304  3.39    2.50   11.15    1.84    0.04   13.03  0.970
   3.164  0.243 11.42    2.80    9.69    2.01    0.04   11.74 9.113E+00

  10.589 18.776  3.61    2.22    9.98    1.58    0.03   11.59  0.970
   3.206  0.261 11.12    2.47    8.23    1.72    0.03    9.98 7.931E+00

  0.000 0.000  0.000 .000  0.00  0.00  0.00  0.00  0.00  0.00 0.000
                           0.00  0.00  0.00  0.00  0.00  0.00 0.000E+00

