EXTERNAL/TSAI:  VERSION OF 8/8/96

Marathon                                                                
D2_kin4.inp                                                             
                                                                        
Hall A 2018: 25 cm Deuterium target                                     
Nominal values - not exact                                              

----*----1----*----2----*----3----*----4----*----5----*----6----*----7--
                                                                        

TARGET (iZ,iA) = (  1,  2);   avgA =   2.000; amuM=  2.013; avgM=  1.875
 targ=TRITIUM; ttarg(rl)=0.00114; twall=0.00481; tbeam=0.00342; tspec=0.00732
         Nseg  =   4
 MODELS: P elastc(ikk)=14; deut elastic=13; inelastc=206; Pauli Supresion= 4
 NUCLEAR METHOD= 1;   NUCLEAR_MODEL= 1
 DIS MODEL=**

    E1    TH    Q2 COS_K         SMR     NUC          INT-SMR
    EP     X    W2 QE-PK  INELA  Q-ELA  ELAST   TOTAL  MODEL

 Deut Elastic Model: ia,iamec,rsc,rscmec (1,2,3,4)=  3
 TJON DEUT ELASTIC FILESS TO BE OPEN=rscctj.tjon_input   rscqtj.tjon_input   rscmtj.tjon_input   
  10.589 20.375  3.96    2.30    9.85    1.61    0.03   11.50  0.969
   2.990  0.278 11.18    2.56    8.06    1.76    0.03    9.85 5.672E+00

  10.589 20.698  4.14    2.10    8.96    1.42    0.02   10.40  0.966
   3.030  0.292 10.92    2.32    6.95    1.56    0.02    8.53 5.129E+00

  10.589 21.127  4.38    1.87    7.87    1.22    0.02    9.11  0.966
   3.076  0.311 10.60    2.07    5.61    1.33    0.02    6.96 4.487E+00

  10.589 21.682  4.64    1.70    6.91    1.07    0.01    7.99  0.962
   3.094  0.330 10.31    1.87    4.42    1.17    0.01    5.60 3.833E+00

  10.589 22.316  4.91    1.57    6.02    0.95    0.01    6.97  0.958
   3.098  0.350 10.02    1.71    3.33    1.03    0.01    4.37 3.221E+00

  10.589 22.889  5.18    1.44    5.17    0.84    0.01    6.01  0.954
   3.107  0.369  9.74    1.57    2.29    0.92    0.01    3.21 2.733E+00

  10.589 23.223  5.41    1.32    4.30    0.74    0.01    5.05  0.951
   3.151  0.387  9.43    1.43    1.21    0.81    0.01    2.03 2.411E+00

  10.589 23.473  5.59    1.22    3.60    0.66    0.00    4.27  0.946
   3.191  0.403  9.17    1.32    0.34    0.72    0.00    1.07 2.177E+00

  0.000 0.000  0.000 .000  0.00  0.00  0.00  0.00  0.00  0.00 0.000
                           0.00  0.00  0.00  0.00  0.00  0.00 0.000E+00

