EXTERNAL/TSAI:  VERSION OF 8/8/96

Marathon                                                                
He3_kin13.inp                                                           
                                                                        
Hall A 2018: 25 cm He3 target                                           
Nominal values - not exact                                              

----*----1----*----2----*----3----*----4----*----5----*----6----*----7--
                                                                        

TARGET (iZ,iA) = (  2,  3);   avgA =   3.000; amuM=  3.016; avgM=  2.809
 targ=TRITIUM; ttarg(rl)=0.00075; twall=0.00481; tbeam=0.00342; tspec=0.00732
         Nseg  =   4
 MODELS: P elastc(ikk)=14; deut elastic=13; inelastc=206; Pauli Supresion= 4
 NUCLEAR METHOD= 1;   NUCLEAR_MODEL= 1
 DIS MODEL=**

    E1    TH    Q2 COS_K         SMR     NUC          INT-SMR
    EP     X    W2 QE-PK  INELA  Q-ELA  ELAST   TOTAL  MODEL

  10.589 30.116  8.53    0.83   -2.40    0.35    0.00   -2.05  0.828
   2.984  0.598  6.62    0.88   -6.82    0.38    0.00   -6.44 5.146E-01

  10.589 30.337  8.71    0.79   -2.89    0.34    0.00   -2.56  0.835
   3.004  0.612  6.40    0.84   -7.41    0.37    0.00   -7.05 4.555E-01

  10.589 30.638  8.95    0.75   -3.53    0.33    0.00   -3.20  0.848
   3.027  0.631  6.12    0.79   -8.18    0.36    0.00   -7.82 3.848E-01

  10.589 30.928  9.20    0.71   -4.20    0.33    0.00   -3.87  0.867
   3.054  0.650  5.83    0.76   -8.98    0.35    0.00   -8.63 3.219E-01

  10.589 31.221  9.44    0.68   -4.87    0.33    0.00   -4.54  0.892
   3.079  0.670  5.53    0.72   -9.80    0.35    0.00   -9.44 2.669E-01

  10.589 31.572  9.70    0.65   -5.52    0.34    0.00   -5.19  0.925
   3.094  0.690  5.24    0.69  -10.58    0.36    0.00  -10.21 2.183E-01

  10.589 31.971  9.97    0.64   -6.17    0.35    0.00   -5.82  0.967
   3.103  0.709  4.96    0.68  -11.35    0.38    0.00  -10.97 1.759E-01

  10.589 32.356 10.23    0.63   -6.83    0.38    0.00   -6.45  1.020
   3.112  0.729  4.68    0.67  -12.13    0.41    0.00  -11.72 1.407E-01

  10.589 32.604 10.47    0.62   -7.53    0.42    0.00   -7.11  1.091
   3.137  0.749  4.40    0.66  -12.96    0.45    0.00  -12.51 1.137E-01

  10.589 32.826 10.70    0.62   -8.25    0.48    0.00   -7.77  1.179
   3.164  0.768  4.11    0.67  -13.81    0.50    0.00  -13.31 9.122E-02

  10.589 33.047 10.93    0.63   -8.97    0.55    0.00   -8.41  1.284
   3.189  0.787  3.84    0.68  -14.66    0.58    0.00  -14.08 7.291E-02

  10.589 33.297 11.13    0.65   -9.62    0.65    0.00   -8.98  1.388
   3.202  0.803  3.61    0.70  -15.42    0.67    0.00  -14.75 5.909E-02

  0.000 0.000  0.000 .000  0.00  0.00  0.00  0.00  0.00  0.00 0.000
                           0.00  0.00  0.00  0.00  0.00  0.00 0.000E+00

