EXTERNAL/TSAI:  VERSION OF 8/8/96

Marathon                                                                
H1_kin2.inp                                                             
                                                                        
Hall A 2018: 25 cm Deuterium target                                     
Nominal values - not exact                                              

----*----1----*----2----*----3----*----4----*----5----*----6----*----7--
                                                                        

TARGET (iZ,iA) = (  1,  1);   avgA =   1.000; amuM=  1.007; avgM=  0.938
 targ=TRITIUM; ttarg(rl)=0.00113; twall=0.00481; tbeam=0.00342; tspec=0.00732
         Nseg  =   4
 MODELS: P elastc(ikk)=14; deut elastic=13; inelastc=206; Pauli Supresion= 4
 NUCLEAR METHOD= 1;   NUCLEAR_MODEL= 1
 DIS MODEL=**

    E1    TH    Q2 COS_K         SMR     NUC          INT-SMR
    EP     X    W2 QE-PK  INELA  Q-ELA  ELAST   TOTAL  MODEL

  10.589 17.743  3.05    4.38   14.52    0.00    4.46   18.98  1.000
   3.023  0.214 12.03    4.94   13.98    0.00    5.02   19.00 6.258E+00

  10.589 18.181  3.25    3.78   13.17    0.00    3.84   17.01  1.000
   3.077  0.231 11.72    4.24   12.29    0.00    4.30   16.60 5.554E+00

  10.589 18.829  3.51    3.29   11.89    0.00    3.34   15.23  1.000
   3.098  0.250 11.43    3.67   10.68    0.00    3.72   14.40 4.712E+00

  10.589 19.552  3.79    2.90   10.71    0.00    2.94   13.65  1.000
   3.101  0.269 11.15    3.22    9.20    0.00    3.26   12.46 3.940E+00

  10.589 20.188  4.05    2.57    9.60    0.00    2.60   12.20  1.000
   3.114  0.289 10.86    2.84    7.81    0.00    2.87   10.68 3.352E+00

  10.589 20.513  4.25    2.28    8.57    0.00    2.30   10.87  1.000
   3.165  0.305 10.56    2.51    6.54    0.00    2.53    9.07 3.031E+00

  10.589 20.927  4.47    2.05    7.64    0.00    2.06    9.70  1.000
   3.196  0.322 10.29    2.24    5.37    0.00    2.26    7.63 2.691E+00

  0.000 0.000  0.000 .000  0.00  0.00  0.00  0.00  0.00  0.00 0.000
                           0.00  0.00  0.00  0.00  0.00  0.00 0.000E+00

