EXTERNAL/TSAI:  VERSION OF 8/8/96

Marathon                                                                
D2_kin5.inp                                                             
                                                                        
Hall A 2018: 25 cm Deuterium target                                     
Nominal values - not exact                                              

----*----1----*----2----*----3----*----4----*----5----*----6----*----7--
                                                                        

TARGET (iZ,iA) = (  1,  2);   avgA =   2.000; amuM=  2.013; avgM=  1.875
 targ=TRITIUM; ttarg(rl)=0.00114; twall=0.00481; tbeam=0.00342; tspec=0.00732
         Nseg  =   4
 MODELS: P elastc(ikk)=14; deut elastic=13; inelastc=206; Pauli Supresion= 4
 NUCLEAR METHOD= 1;   NUCLEAR_MODEL= 1
 DIS MODEL=**

    E1    TH    Q2 COS_K         SMR     NUC          INT-SMR
    EP     X    W2 QE-PK  INELA  Q-ELA  ELAST   TOTAL  MODEL

 Deut Elastic Model: ia,iamec,rsc,rscmec (1,2,3,4)=  3
 TJON DEUT ELASTIC FILESS TO BE OPEN=rscctj.tjon_input   rscqtj.tjon_input   rscmtj.tjon_input   
  10.589 21.705  4.50    1.91    7.86    1.24    0.02    9.12  0.964
   2.999  0.316 10.62    2.11    5.60    1.36    0.02    6.97 4.010E+00

  10.589 22.026  4.70    1.75    7.02    1.10    0.01    8.13  0.962
   3.038  0.331 10.35    1.92    4.56    1.20    0.01    5.77 3.606E+00

  10.589 22.448  4.94    1.58    6.05    0.95    0.01    7.01  0.959
   3.078  0.350 10.04    1.73    3.36    1.04    0.01    4.41 3.145E+00

  10.589 22.975  5.20    1.45    5.17    0.84    0.01    6.02  0.955
   3.096  0.370  9.74    1.58    2.30    0.92    0.01    3.23 2.689E+00

  10.589 23.564  5.48    1.35    4.37    0.75    0.01    5.13  0.950
   3.100  0.390  9.46    1.46    1.30    0.82    0.01    2.13 2.271E+00

  10.589 24.106  5.74    1.25    3.59    0.68    0.00    4.27  0.945
   3.109  0.409  9.17    1.35    0.35    0.74    0.00    1.09 1.930E+00

  10.589 24.429  5.97    1.15    2.78    0.60    0.00    3.39  0.941
   3.150  0.428  8.87    1.24   -0.64    0.66    0.00    0.02 1.695E+00

  10.589 24.677  6.16    1.07    2.12    0.55    0.00    2.67  0.937
   3.187  0.444  8.61    1.15   -1.46    0.59    0.00   -0.87 1.519E+00

  0.000 0.000  0.000 .000  0.00  0.00  0.00  0.00  0.00  0.00 0.000
                           0.00  0.00  0.00  0.00  0.00  0.00 0.000E+00

