EXTERNAL/TSAI:  VERSION OF 8/8/96

Marathon                                                                
H3_kin0.inp                                                             
                                                                        
Hall A 2018: 25 cm Tritium target                                       
Nominal values - not exact                                              

----*----1----*----2----*----3----*----4----*----5----*----6----*----7--
                                                                        

TARGET (iZ,iA) = (  1,  3);   avgA =   3.000; amuM=  3.016; avgM=  2.809
 targ=TRITIUM; ttarg(rl)=0.00042; twall=0.00481; tbeam=0.00342; tspec=0.00732
         Nseg  =   4
 MODELS: P elastc(ikk)=14; deut elastic=13; inelastc=206; Pauli Supresion= 4
 NUCLEAR METHOD= 1;   NUCLEAR_MODEL= 1
 DIS MODEL=**

    E1    TH    Q2 COS_K         SMR     NUC          INT-SMR
    EP     X    W2 QE-PK  INELA  Q-ELA  ELAST   TOTAL  MODEL

  10.589 15.282  2.25    4.00   17.20    3.15    0.40   20.76  0.854
   3.001  0.158 12.87    4.57   17.27    3.42    0.41   21.10 3.048E+01

  10.589 15.715  2.42    3.52   15.74    2.71    0.30   18.76  0.862
   3.063  0.172 12.58    4.00   15.33    2.94    0.30   18.57 2.672E+01

  10.589 16.405  2.67    3.08   14.22    2.31    0.21   16.74  0.869
   3.095  0.190 12.28    3.48   13.42    2.50    0.21   16.13 2.197E+01

  10.589 17.232  2.94    2.73   12.83    1.98    0.14   14.96  0.874
   3.098  0.209 11.99    3.06   11.67    2.15    0.14   13.96 1.754E+01

  10.589 17.949  3.21    2.43   11.56    1.71    0.10   13.37  0.877
   3.111  0.228 11.71    2.72   10.09    1.85    0.10   12.04 1.440E+01

  10.589 18.307  3.39    2.18   10.47    1.49    0.07   12.03  0.878
   3.165  0.243 11.42    2.43    8.73    1.61    0.07   10.41 1.285E+01

  10.589 18.741  3.61    1.95    9.31    1.28    0.05   10.63  0.878
   3.216  0.261 11.11    2.15    7.30    1.38    0.05    8.72 1.121E+01

  0.000 0.000  0.000 .000  0.00  0.00  0.00  0.00  0.00  0.00 0.000
                           0.00  0.00  0.00  0.00  0.00  0.00 0.000E+00

