EXTERNAL/TSAI:  VERSION OF 8/8/96

Marathon                                                                
He3_kin5.inp                                                            
                                                                        
Hall A 2018: 25 cm He3 target                                           
Nominal values - not exact                                              

----*----1----*----2----*----3----*----4----*----5----*----6----*----7--
                                                                        

TARGET (iZ,iA) = (  2,  3);   avgA =   3.000; amuM=  3.016; avgM=  2.809
 targ=TRITIUM; ttarg(rl)=0.00075; twall=0.00481; tbeam=0.00342; tspec=0.00732
         Nseg  =   4
 MODELS: P elastc(ikk)=14; deut elastic=13; inelastc=206; Pauli Supresion= 4
 NUCLEAR METHOD= 1;   NUCLEAR_MODEL= 1
 DIS MODEL=**

    E1    TH    Q2 COS_K         SMR     NUC          INT-SMR
    EP     X    W2 QE-PK  INELA  Q-ELA  ELAST   TOTAL  MODEL

  10.589 21.700  4.50    2.07    7.94    1.17    0.02    9.12  0.845
   2.999  0.316 10.62    2.27    5.69    1.27    0.02    6.97 6.478E+00

  10.589 22.024  4.69    1.89    7.08    1.03    0.01    8.12  0.844
   3.038  0.331 10.36    2.06    4.63    1.12    0.01    5.76 5.832E+00

  10.589 22.441  4.94    1.69    6.09    0.89    0.01    6.98  0.843
   3.079  0.350 10.03    1.84    3.41    0.97    0.01    4.39 5.093E+00

  10.589 22.971  5.20    1.55    5.20    0.79    0.01    6.00  0.841
   3.096  0.370  9.74    1.68    2.33    0.85    0.01    3.19 4.360E+00

  10.589 23.568  5.48    1.43    4.39    0.70    0.00    5.10  0.838
   3.100  0.390  9.46    1.55    1.34    0.76    0.00    2.11 3.678E+00

  10.589 24.107  5.74    1.33    3.60    0.63    0.00    4.23  0.835
   3.109  0.409  9.17    1.43    0.38    0.68    0.00    1.06 3.129E+00

  10.589 24.433  5.97    1.22    2.79    0.56    0.00    3.36  0.832
   3.149  0.428  8.87    1.31   -0.61    0.61    0.00    0.00 2.749E+00

  10.589 24.670  6.16    1.13    2.11    0.51    0.00    2.62  0.829
   3.189  0.444  8.60    1.21   -1.45    0.55    0.00   -0.89 2.468E+00

  0.000 0.000  0.000 .000  0.00  0.00  0.00  0.00  0.00  0.00 0.000
                           0.00  0.00  0.00  0.00  0.00  0.00 0.000E+00

