EXTERNAL/TSAI:  VERSION OF 8/8/96

Marathon                                                                
D2_kin2.inp                                                             
                                                                        
Hall A 2018: 25 cm Deuterium target                                     
Nominal values - not exact                                              

----*----1----*----2----*----3----*----4----*----5----*----6----*----7--
                                                                        

TARGET (iZ,iA) = (  1,  2);   avgA =   2.000; amuM=  2.013; avgM=  1.875
 targ=TRITIUM; ttarg(rl)=0.00114; twall=0.00481; tbeam=0.00342; tspec=0.00732
         Nseg  =   4
 MODELS: P elastc(ikk)=14; deut elastic=13; inelastc=206; Pauli Supresion= 4
 NUCLEAR METHOD= 1;   NUCLEAR_MODEL= 1
 DIS MODEL=**

    E1    TH    Q2 COS_K         SMR     NUC          INT-SMR
    EP     X    W2 QE-PK  INELA  Q-ELA  ELAST   TOTAL  MODEL

 Deut Elastic Model: ia,iamec,rsc,rscmec (1,2,3,4)=  3
 TJON DEUT ELASTIC FILESS TO BE OPEN=rscctj.tjon_input   rscqtj.tjon_input   rscmtj.tjon_input   
  10.589 17.745  3.05    3.22   13.59    2.53    0.07   16.18  0.966
   3.022  0.214 12.04    3.64   12.73    2.77    0.07   15.56 1.098E+01

  10.589 18.185  3.25    2.82   12.27    2.14    0.05   14.46  0.968
   3.076  0.231 11.72    3.18   11.09    2.35    0.05   13.48 9.651E+00

  10.589 18.830  3.51    2.50   11.03    1.83    0.04   12.90  0.969
   3.098  0.250 11.43    2.80    9.53    2.00    0.04   11.57 8.110E+00

  10.589 19.559  3.79    2.25    9.89    1.59    0.03   11.50  0.969
   3.100  0.270 11.15    2.51    8.11    1.73    0.03    9.87 6.700E+00

  10.589 20.190  4.05    2.03    8.83    1.38    0.02   10.23  0.968
   3.113  0.289 10.86    2.25    6.79    1.50    0.02    8.32 5.648E+00

  10.589 20.521  4.25    1.82    7.84    1.20    0.02    9.05  0.966
   3.164  0.305 10.56    2.01    5.56    1.30    0.02    6.88 5.057E+00

  10.589 20.914  4.47    1.65    6.89    1.02    0.01    7.92  0.947
   3.204  0.323 10.27    1.81    4.38    1.14    0.01    5.53 4.456E+00

  0.000 0.000  0.000 .000  0.00  0.00  0.00  0.00  0.00  0.00 0.000
                           0.00  0.00  0.00  0.00  0.00  0.00 0.000E+00

