EXTERNAL/TSAI:  VERSION OF 8/8/96

Marathon                                                                
H3_kin5.inp                                                             
                                                                        
Hall A 2018: 25 cm Tritium target                                       
Nominal values - not exact                                              

----*----1----*----2----*----3----*----4----*----5----*----6----*----7--
                                                                        

TARGET (iZ,iA) = (  1,  3);   avgA =   3.000; amuM=  3.016; avgM=  2.809
 targ=TRITIUM; ttarg(rl)=0.00042; twall=0.00481; tbeam=0.00342; tspec=0.00732
         Nseg  =   4
 MODELS: P elastc(ikk)=14; deut elastic=13; inelastc=206; Pauli Supresion= 4
 NUCLEAR METHOD= 1;   NUCLEAR_MODEL= 1
 DIS MODEL=**

    E1    TH    Q2 COS_K         SMR     NUC          INT-SMR
    EP     X    W2 QE-PK  INELA  Q-ELA  ELAST   TOTAL  MODEL

  10.589 21.706  4.50    1.73    7.30    1.03    0.02    8.34  0.865
   3.000  0.316 10.62    1.90    4.84    1.11    0.02    5.97 5.548E+00

  10.589 22.031  4.70    1.60    6.48    0.91    0.01    7.41  0.861
   3.038  0.331 10.35    1.74    3.84    0.98    0.01    4.84 4.970E+00

  10.589 22.438  4.94    1.45    5.54    0.79    0.01    6.35  0.855
   3.079  0.350 10.04    1.58    2.70    0.85    0.01    3.56 4.325E+00

  10.589 22.969  5.20    1.35    4.69    0.70    0.01    5.40  0.847
   3.096  0.370  9.74    1.45    1.65    0.76    0.01    2.42 3.678E+00

  10.589 23.569  5.48    1.26    3.91    0.63    0.00    4.55  0.840
   3.099  0.390  9.46    1.36    0.71    0.68    0.00    1.40 3.087E+00

  10.589 24.103  5.74    1.18    3.14    0.57    0.00    3.71  0.831
   3.110  0.409  9.17    1.26   -0.22    0.61    0.00    0.39 2.612E+00

  10.589 24.436  5.97    1.09    2.36    0.51    0.00    2.87  0.824
   3.148  0.428  8.87    1.17   -1.17    0.54    0.00   -0.62 2.281E+00

  10.589 24.670  6.16    1.02    1.71    0.46    0.00    2.17  0.818
   3.188  0.444  8.61    1.09   -1.98    0.49    0.00   -1.48 2.041E+00

  0.000 0.000  0.000 .000  0.00  0.00  0.00  0.00  0.00  0.00 0.000
                           0.00  0.00  0.00  0.00  0.00  0.00 0.000E+00

