EXTERNAL/TSAI:  VERSION OF 8/8/96

Marathon                                                                
He3_kin0.inp                                                            
                                                                        
Hall A 2018: 25 cm He3 target                                           
Nominal values - not exact                                              

----*----1----*----2----*----3----*----4----*----5----*----6----*----7--
                                                                        

TARGET (iZ,iA) = (  2,  3);   avgA =   3.000; amuM=  3.016; avgM=  2.809
 targ=TRITIUM; ttarg(rl)=0.00075; twall=0.00481; tbeam=0.00342; tspec=0.00732
         Nseg  =   4
 MODELS: P elastc(ikk)=14; deut elastic=13; inelastc=206; Pauli Supresion= 4
 NUCLEAR METHOD= 1;   NUCLEAR_MODEL= 1
 DIS MODEL=**

    E1    TH    Q2 COS_K         SMR     NUC          INT-SMR
    EP     X    W2 QE-PK  INELA  Q-ELA  ELAST   TOTAL  MODEL

  10.589 15.283  2.25    5.51   18.56    3.95    0.37   22.89  0.808
   3.001  0.158 12.87    6.29   19.01    4.31    0.37   23.69 3.320E+01

  10.589 15.714  2.42    4.76   17.00    3.35    0.27   20.63  0.818
   3.063  0.172 12.58    5.41   17.04    3.65    0.27   20.97 2.934E+01

  10.589 16.403  2.67    4.08   15.67    2.81    0.19   18.67  0.827
   3.095  0.190 12.28    4.62   15.26    3.06    0.19   18.51 2.434E+01

  10.589 17.232  2.94    3.55   13.86    2.37    0.13   16.36  0.835
   3.098  0.209 11.99    3.99   13.05    2.58    0.13   15.77 1.961E+01

  10.589 17.949  3.21    3.11   12.49    2.02    0.09   14.60  0.840
   3.111  0.229 11.71    3.48   11.34    2.20    0.09   13.62 1.624E+01

  10.589 18.306  3.39    2.75   11.32    1.74    0.06   13.13  0.844
   3.165  0.243 11.42    3.06    9.88    1.89    0.06   11.84 1.458E+01

  10.589 18.738  3.61    2.42   10.08    1.48    0.04   11.61  0.848
   3.216  0.261 11.10    2.68    8.34    1.61    0.04   10.00 1.281E+01

  0.000 0.000  0.000 .000  0.00  0.00  0.00  0.00  0.00  0.00 0.000
                           0.00  0.00  0.00  0.00  0.00  0.00 0.000E+00

