EXTERNAL/TSAI:  VERSION OF 8/8/96

Marathon                                                                
H1_kin1.inp                                                             
                                                                        
Hall A 2018: 25 cm Deuterium target                                     
Nominal values - not exact                                              

----*----1----*----2----*----3----*----4----*----5----*----6----*----7--
                                                                        

TARGET (iZ,iA) = (  1,  1);   avgA =   1.000; amuM=  1.007; avgM=  0.938
 targ=TRITIUM; ttarg(rl)=0.00113; twall=0.00481; tbeam=0.00342; tspec=0.00732
         Nseg  =   4
 MODELS: P elastc(ikk)=14; deut elastic=13; inelastc=206; Pauli Supresion= 4
 NUCLEAR METHOD= 1;   NUCLEAR_MODEL= 1
 DIS MODEL=**

    E1    TH    Q2 COS_K         SMR     NUC          INT-SMR
    EP     X    W2 QE-PK  INELA  Q-ELA  ELAST   TOTAL  MODEL

  10.589 16.115  2.51    5.91   17.47    0.00    6.05   23.52  1.000
   3.015  0.177 12.58    6.74   17.76    0.00    6.88   24.64 9.379E+00

  10.589 16.552  2.70    5.07   16.01    0.00    5.18   21.20  1.000
   3.073  0.191 12.29    5.75   15.92    0.00    5.86   21.78 8.325E+00

  10.589 17.240  2.95    4.34   14.53    0.00    4.42   18.95  1.000
   3.098  0.210 11.99    4.90   14.03    0.00    4.98   19.01 6.977E+00

  10.589 18.032  3.23    3.76   13.16    0.00    3.82   16.98  1.000
   3.101  0.230 11.71    4.22   12.29    0.00    4.28   16.57 5.730E+00

  10.589 18.708  3.49    3.29   11.90    0.00    3.33   15.23  1.000
   3.115  0.248 11.42    3.67   10.70    0.00    3.71   14.41 4.832E+00

  10.589 19.040  3.67    2.89   10.79    0.00    2.93   13.72  1.000
   3.169  0.264 11.13    3.21    9.31    0.00    3.25   12.56 4.382E+00

  10.589 19.456  3.88    2.55    9.71    0.00    2.58   12.29  1.000
   3.211  0.280 10.84    2.82    7.96    0.00    2.85   10.81 3.896E+00

  0.000 0.000  0.000 .000  0.00  0.00  0.00  0.00  0.00  0.00 0.000
                           0.00  0.00  0.00  0.00  0.00  0.00 0.000E+00

