EXTERNAL/TSAI:  VERSION OF 8/8/96

Marathon                                                                
H1_kin0.inp                                                             
                                                                        
Hall A 2018: 25 cm Deuterium target                                     
Nominal values - not exact                                              

----*----1----*----2----*----3----*----4----*----5----*----6----*----7--
                                                                        

TARGET (iZ,iA) = (  1,  1);   avgA =   1.000; amuM=  1.007; avgM=  0.938
 targ=TRITIUM; ttarg(rl)=0.00113; twall=0.00481; tbeam=0.00342; tspec=0.00732
         Nseg  =   4
 MODELS: P elastc(ikk)=14; deut elastic=13; inelastc=206; Pauli Supresion= 4
 NUCLEAR METHOD= 1;   NUCLEAR_MODEL= 1
 DIS MODEL=**

    E1    TH    Q2 COS_K         SMR     NUC          INT-SMR
    EP     X    W2 QE-PK  INELA  Q-ELA  ELAST   TOTAL  MODEL

  10.589 15.281  2.25    7.00   19.16    0.00    7.20   26.35  1.000
   3.001  0.158 12.87    8.02   19.95    0.00    8.23   28.18 1.162E+01

  10.589 15.714  2.42    5.99   17.64    0.00    6.14   23.77  1.000
   3.063  0.172 12.58    6.83   18.01    0.00    6.98   24.99 1.031E+01

  10.589 16.407  2.67    5.07   16.04    0.00    5.18   21.22  1.000
   3.094  0.190 12.28    5.75   15.96    0.00    5.87   21.82 8.608E+00

  10.589 17.234  2.95    4.35   14.55    0.00    4.43   18.98  1.000
   3.097  0.209 11.99    4.91   14.05    0.00    4.99   19.04 6.990E+00

  10.589 17.950  3.21    3.77   13.19    0.00    3.83   17.01  1.000
   3.111  0.229 11.71    4.22   12.32    0.00    4.29   16.61 5.834E+00

  10.589 18.301  3.39    3.30   12.02    0.00    3.35   15.37  1.000
   3.165  0.243 11.42    3.69   10.86    0.00    3.74   14.60 5.278E+00

  10.589 18.768  3.61    2.88   10.81    0.00    2.92   13.72  1.000
   3.209  0.261 11.12    3.20    9.34    0.00    3.24   12.57 4.639E+00

  0.000 0.000  0.000 .000  0.00  0.00  0.00  0.00  0.00  0.00 0.000
                           0.00  0.00  0.00  0.00  0.00  0.00 0.000E+00

