EXTERNAL/TSAI:  VERSION OF 8/8/96

Marathon                                                                
H3_kin4.inp                                                             
                                                                        
Hall A 2018: 25 cm Tritium target                                       
Nominal values - not exact                                              

----*----1----*----2----*----3----*----4----*----5----*----6----*----7--
                                                                        

TARGET (iZ,iA) = (  1,  3);   avgA =   3.000; amuM=  3.016; avgM=  2.809
 targ=TRITIUM; ttarg(rl)=0.00042; twall=0.00481; tbeam=0.00342; tspec=0.00732
         Nseg  =   4
 MODELS: P elastc(ikk)=14; deut elastic=13; inelastc=206; Pauli Supresion= 4
 NUCLEAR METHOD= 1;   NUCLEAR_MODEL= 1
 DIS MODEL=**

    E1    TH    Q2 COS_K         SMR     NUC          INT-SMR
    EP     X    W2 QE-PK  INELA  Q-ELA  ELAST   TOTAL  MODEL

  10.589 20.373  3.96    2.05    9.22    1.32    0.04   10.58  0.873
   2.990  0.278 11.18    2.26    7.19    1.42    0.04    8.65 7.934E+00

  10.589 20.694  4.14    1.88    8.35    1.17    0.03    9.56  0.871
   3.030  0.292 10.92    2.07    6.13    1.26    0.03    7.42 7.153E+00

  10.589 21.123  4.38    1.69    7.31    1.01    0.02    8.34  0.867
   3.076  0.311 10.60    1.85    4.85    1.09    0.02    5.96 6.225E+00

  10.589 21.680  4.64    1.55    6.38    0.89    0.01    7.28  0.862
   3.095  0.330 10.31    1.69    3.71    0.96    0.01    4.68 5.288E+00

  10.589 22.314  4.91    1.44    5.52    0.79    0.01    6.31  0.855
   3.099  0.350 10.02    1.56    2.66    0.85    0.01    3.51 4.422E+00

  10.589 22.878  5.18    1.34    4.68    0.70    0.01    5.39  0.848
   3.109  0.369  9.74    1.45    1.64    0.75    0.01    2.40 3.741E+00

  10.589 23.217  5.40    1.23    3.85    0.62    0.00    4.48  0.841
   3.151  0.387  9.43    1.33    0.63    0.67    0.00    1.30 3.286E+00

  10.589 23.466  5.59    1.14    3.13    0.55    0.00    3.69  0.834
   3.194  0.403  9.16    1.23   -0.25    0.60    0.00    0.35 2.950E+00

  0.000 0.000  0.000 .000  0.00  0.00  0.00  0.00  0.00  0.00 0.000
                           0.00  0.00  0.00  0.00  0.00  0.00 0.000E+00

