EXTERNAL/TSAI:  VERSION OF 8/8/96

Marathon                                                                
He3_kin2.inp                                                            
                                                                        
Hall A 2018: 25 cm He3 target                                           
Nominal values - not exact                                              

----*----1----*----2----*----3----*----4----*----5----*----6----*----7--
                                                                        

TARGET (iZ,iA) = (  2,  3);   avgA =   3.000; amuM=  3.016; avgM=  2.809
 targ=TRITIUM; ttarg(rl)=0.00075; twall=0.00481; tbeam=0.00342; tspec=0.00732
         Nseg  =   4
 MODELS: P elastc(ikk)=14; deut elastic=13; inelastc=206; Pauli Supresion= 4
 NUCLEAR METHOD= 1;   NUCLEAR_MODEL= 1
 DIS MODEL=**

    E1    TH    Q2 COS_K         SMR     NUC          INT-SMR
    EP     X    W2 QE-PK  INELA  Q-ELA  ELAST   TOTAL  MODEL

  10.589 17.745  3.05    3.58   13.82    2.39    0.12   16.33  0.835
   3.023  0.215 12.03    4.02   12.98    2.60    0.12   15.71 1.750E+01

  10.589 18.185  3.25    3.13   12.48    2.03    0.09   14.60  0.840
   3.076  0.231 11.73    3.50   11.32    2.21    0.09   13.61 1.543E+01

  10.589 18.831  3.51    2.76   11.20    1.73    0.06   12.99  0.844
   3.097  0.250 11.43    3.07    9.72    1.88    0.06   11.67 1.300E+01

  10.589 19.560  3.79    2.46   10.01    1.50    0.04   11.55  0.846
   3.100  0.270 11.15    2.72    8.25    1.62    0.04    9.92 1.076E+01

  10.589 20.190  4.05    2.21    8.92    1.30    0.03   10.25  0.847
   3.112  0.289 10.86    2.43    6.90    1.41    0.03    8.34 9.093E+00

  10.589 20.517  4.25    1.98    7.92    1.12    0.02    9.06  0.848
   3.164  0.305 10.56    2.17    5.66    1.22    0.02    6.90 8.160E+00

  10.589 20.903  4.47    1.78    6.93    0.97    0.01    7.91  0.847
   3.208  0.323 10.26    1.94    4.43    1.06    0.01    5.50 7.203E+00

  0.000 0.000  0.000 .000  0.00  0.00  0.00  0.00  0.00  0.00 0.000
                           0.00  0.00  0.00  0.00  0.00  0.00 0.000E+00

