EXTERNAL/TSAI:  VERSION OF 8/8/96

Marathon                                                                
H1_kin4.inp                                                             
                                                                        
Hall A 2018: 25 cm Deuterium target                                     
Nominal values - not exact                                              

----*----1----*----2----*----3----*----4----*----5----*----6----*----7--
                                                                        

TARGET (iZ,iA) = (  1,  1);   avgA =   1.000; amuM=  1.007; avgM=  0.938
 targ=TRITIUM; ttarg(rl)=0.00113; twall=0.00481; tbeam=0.00342; tspec=0.00732
         Nseg  =   4
 MODELS: P elastc(ikk)=14; deut elastic=13; inelastc=206; Pauli Supresion= 4
 NUCLEAR METHOD= 1;   NUCLEAR_MODEL= 1
 DIS MODEL=**

    E1    TH    Q2 COS_K         SMR     NUC          INT-SMR
    EP     X    W2 QE-PK  INELA  Q-ELA  ELAST   TOTAL  MODEL

  10.589 20.377  3.96    2.95   10.66    0.00    2.98   13.64  1.000
   2.989  0.278 11.18    3.27    9.13    0.00    3.31   12.44 3.346E+00

  10.589 20.698  4.14    2.65    9.72    0.00    2.68   12.40  1.000
   3.030  0.292 10.92    2.93    7.97    0.00    2.96   10.92 3.049E+00

  10.589 21.127  4.38    2.33    8.59    0.00    2.35   10.94  1.000
   3.076  0.311 10.60    2.56    6.56    0.00    2.58    9.15 2.694E+00

  10.589 21.687  4.64    2.08    7.59    0.00    2.10    9.69  1.000
   3.094  0.330 10.31    2.28    5.32    0.00    2.30    7.62 2.322E+00

  10.589 22.319  4.91    1.88    6.64    0.00    1.90    8.54  1.000
   3.098  0.350 10.02    2.06    4.15    0.00    2.07    6.22 1.972E+00

  10.589 22.887  5.18    1.71    5.74    0.00    1.72    7.46  1.000
   3.108  0.369  9.74    1.86    3.04    0.00    1.87    4.91 1.692E+00

  10.589 23.227  5.41    1.54    4.86    0.00    1.55    6.40  1.000
   3.150  0.387  9.43    1.66    1.94    0.00    1.67    3.61 1.506E+00

  10.589 23.477  5.59    1.41    4.11    0.00    1.41    5.53  1.000
   3.190  0.403  9.17    1.52    1.02    0.00    1.53    2.55 1.371E+00

  0.000 0.000  0.000 .000  0.00  0.00  0.00  0.00  0.00  0.00 0.000
                           0.00  0.00  0.00  0.00  0.00  0.00 0.000E+00

