EXTERNAL/TSAI:  VERSION OF 8/8/96

Marathon                                                                
H3_kin3.inp                                                             
                                                                        
Hall A 2018: 25 cm Tritium target                                       
Nominal values - not exact                                              

----*----1----*----2----*----3----*----4----*----5----*----6----*----7--
                                                                        

TARGET (iZ,iA) = (  1,  3);   avgA =   3.000; amuM=  3.016; avgM=  2.809
 targ=TRITIUM; ttarg(rl)=0.00042; twall=0.00481; tbeam=0.00342; tspec=0.00732
         Nseg  =   4
 MODELS: P elastc(ikk)=14; deut elastic=13; inelastc=206; Pauli Supresion= 4
 NUCLEAR METHOD= 1;   NUCLEAR_MODEL= 1
 DIS MODEL=**

    E1    TH    Q2 COS_K         SMR     NUC          INT-SMR
    EP     X    W2 QE-PK  INELA  Q-ELA  ELAST   TOTAL  MODEL

  10.589 18.921  3.41    2.48   11.42    1.72    0.09   13.23  0.875
   2.983  0.239 11.74    2.76    9.89    1.86    0.09   11.84 1.163E+01

  10.589 19.261  3.59    2.25   10.44    1.52    0.07   12.03  0.876
   3.027  0.253 11.48    2.50    8.69    1.64    0.07   10.40 1.046E+01

  10.589 19.702  3.82    2.01    9.28    1.30    0.05   10.63  0.875
   3.077  0.271 11.16    2.22    7.27    1.41    0.05    8.72 9.120E+00

  10.589 20.298  4.07    1.82    8.23    1.14    0.03    9.40  0.872
   3.097  0.290 10.87    2.01    5.98    1.23    0.03    7.24 7.704E+00

  10.589 20.975  4.35    1.68    7.28    1.00    0.02    8.30  0.868
   3.100  0.310 10.58    1.84    4.80    1.08    0.02    5.90 6.402E+00

  10.589 21.576  4.62    1.54    6.36    0.88    0.01    7.26  0.862
   3.111  0.329 10.30    1.68    3.69    0.95    0.01    4.65 5.394E+00

  10.589 21.912  4.83    1.41    5.47    0.77    0.01    6.25  0.856
   3.158  0.346  9.99    1.53    2.59    0.83    0.01    3.43 4.771E+00

  10.589 22.225  5.03    1.30    4.68    0.69    0.01    5.38  0.851
   3.197  0.363  9.72    1.41    1.63    0.74    0.01    2.37 4.251E+00

  0.000 0.000  0.000 .000  0.00  0.00  0.00  0.00  0.00  0.00 0.000
                           0.00  0.00  0.00  0.00  0.00  0.00 0.000E+00

