EXTERNAL/TSAI:  VERSION OF 8/8/96

Marathon                                                                
D2_kin1.inp                                                             
                                                                        
Hall A 2018: 25 cm Deuterium target                                     
Nominal values - not exact                                              

----*----1----*----2----*----3----*----4----*----5----*----6----*----7--
                                                                        

TARGET (iZ,iA) = (  1,  2);   avgA =   2.000; amuM=  2.013; avgM=  1.875
 targ=TRITIUM; ttarg(rl)=0.00114; twall=0.00481; tbeam=0.00342; tspec=0.00732
         Nseg  =   4
 MODELS: P elastc(ikk)=14; deut elastic=13; inelastc=206; Pauli Supresion= 4
 NUCLEAR METHOD= 1;   NUCLEAR_MODEL= 1
 DIS MODEL=**

    E1    TH    Q2 COS_K         SMR     NUC          INT-SMR
    EP     X    W2 QE-PK  INELA  Q-ELA  ELAST   TOTAL  MODEL

 Deut Elastic Model: ia,iamec,rsc,rscmec (1,2,3,4)=  3
 TJON DEUT ELASTIC FILESS TO BE OPEN=rscctj.tjon_input   rscqtj.tjon_input   rscmtj.tjon_input   
  10.589 16.120  2.51    4.17   16.49    3.49    0.12   20.11  0.960
   3.013  0.176 12.59    4.78   16.41    3.83    0.12   20.36 1.679E+01

  10.589 16.557  2.70    3.64   15.06    2.96    0.09   18.11  0.964
   3.071  0.191 12.29    4.15   14.60    3.25    0.09   17.94 1.479E+01

  10.589 17.245  2.95    3.18   13.60    2.50    0.07   16.17  0.967
   3.097  0.210 11.99    3.60   12.76    2.74    0.07   15.57 1.227E+01

  10.589 18.035  3.23    2.81   12.26    2.13    0.05   14.44  0.970
   3.100  0.230 11.71    3.16   11.07    2.33    0.05   13.46 9.969E+00

  10.589 18.710  3.49    2.50   11.04    1.83    0.04   12.91  0.970
   3.114  0.248 11.42    2.80    9.55    2.00    0.04   11.59 8.322E+00

  10.589 19.045  3.67    2.23    9.97    1.58    0.03   11.58  0.970
   3.167  0.264 11.14    2.49    8.21    1.73    0.03    9.97 7.483E+00

  0.000 0.000  0.000 .000  0.00  0.00  0.00  0.00  0.00  0.00 0.000
                           0.00  0.00  0.00  0.00  0.00  0.00 0.000E+00

