EXTERNAL/TSAI:  VERSION OF 8/8/96

Marathon                                                                
D2_kin9.inp                                                             
                                                                        
Hall A 2018: 25 cm Deuterium target                                     
Nominal values - not exact                                              

----*----1----*----2----*----3----*----4----*----5----*----6----*----7--
                                                                        

TARGET (iZ,iA) = (  1,  2);   avgA =   2.000; amuM=  2.013; avgM=  1.875
 targ=TRITIUM; ttarg(rl)=0.00114; twall=0.00481; tbeam=0.00342; tspec=0.00732
         Nseg  =   4
 MODELS: P elastc(ikk)=14; deut elastic=13; inelastc=206; Pauli Supresion= 4
 NUCLEAR METHOD= 1;   NUCLEAR_MODEL= 1
 DIS MODEL=**

    E1    TH    Q2 COS_K         SMR     NUC          INT-SMR
    EP     X    W2 QE-PK  INELA  Q-ELA  ELAST   TOTAL  MODEL

 Deut Elastic Model: ia,iamec,rsc,rscmec (1,2,3,4)=  3
 TJON DEUT ELASTIC FILESS TO BE OPEN=rscctj.tjon_input   rscqtj.tjon_input   rscmtj.tjon_input   
  10.589 26.211  6.51    1.15    2.21    0.59    0.00    2.80  0.934
   2.990  0.457  8.63    1.24   -1.31    0.64    0.00   -0.66 1.158E+00

  10.589 26.472  6.70    1.08    1.61    0.54    0.00    2.15  0.931
   3.018  0.472  8.39    1.16   -2.04    0.59    0.00   -1.45 1.038E+00

  10.589 26.810  6.94    1.01    0.88    0.49    0.00    1.37  0.926
   3.049  0.491  8.09    1.08   -2.93    0.53    0.00   -2.40 8.991E-01

  10.589 27.156  7.19    0.94    0.16    0.45    0.00    0.60  0.923
   3.080  0.510  7.78    1.00   -3.82    0.49    0.00   -3.33 7.732E-01

  10.589 27.573  7.45    0.88   -0.51    0.41    0.00   -0.10  0.919
   3.096  0.530  7.49    0.94   -4.63    0.45    0.00   -4.18 6.567E-01

  10.589 28.073  7.72    0.84   -1.15    0.39    0.00   -0.76  0.916
   3.100  0.550  7.21    0.89   -5.40    0.42    0.00   -4.98 5.483E-01

  10.589 28.518  7.99    0.79   -1.79    0.37    0.00   -1.42  0.913
   3.110  0.569  6.92    0.84   -6.18    0.40    0.00   -5.78 4.593E-01

  10.589 28.804  8.23    0.75   -2.46    0.34    0.00   -2.12  0.911
   3.140  0.589  6.63    0.79   -7.00    0.38    0.00   -6.63 3.913E-01

  10.589 29.014  8.44    0.70   -3.11    0.33    0.00   -2.78  0.910
   3.177  0.607  6.34    0.75   -7.79    0.36    0.00   -7.44 3.368E-01

  10.589 29.263  8.65    0.67   -3.66    0.32    0.00   -3.34  0.911
   3.200  0.624  6.10    0.71   -8.47    0.35    0.00   -8.12 2.908E-01

  0.000 0.000  0.000 .000  0.00  0.00  0.00  0.00  0.00  0.00 0.000
                           0.00  0.00  0.00  0.00  0.00  0.00 0.000E+00

