EXTERNAL/TSAI:  VERSION OF 8/8/96

Marathon                                                                
He3_kin3.inp                                                            
                                                                        
Hall A 2018: 25 cm He3 target                                           
Nominal values - not exact                                              

----*----1----*----2----*----3----*----4----*----5----*----6----*----7--
                                                                        

TARGET (iZ,iA) = (  2,  3);   avgA =   3.000; amuM=  3.016; avgM=  2.809
 targ=TRITIUM; ttarg(rl)=0.00075; twall=0.00481; tbeam=0.00342; tspec=0.00732
         Nseg  =   4
 MODELS: P elastc(ikk)=14; deut elastic=13; inelastc=206; Pauli Supresion= 4
 NUCLEAR METHOD= 1;   NUCLEAR_MODEL= 1
 DIS MODEL=**

    E1    TH    Q2 COS_K         SMR     NUC          INT-SMR
    EP     X    W2 QE-PK  INELA  Q-ELA  ELAST   TOTAL  MODEL

  10.589 18.921  3.41    3.13   12.31    2.02    0.08   14.40  0.840
   2.984  0.239 11.74    3.50   11.08    2.20    0.08   13.36 1.316E+01

  10.589 19.260  3.59    2.82   11.27    1.77    0.06   13.10  0.843
   3.027  0.253 11.48    3.14    9.81    1.93    0.06   11.79 1.192E+01

  10.589 19.698  3.81    2.48   10.04    1.51    0.04   11.59  0.846
   3.078  0.271 11.16    2.74    8.28    1.64    0.04    9.96 1.047E+01

  10.589 20.299  4.07    2.22    8.93    1.30    0.03   10.25  0.847
   3.097  0.290 10.87    2.44    6.90    1.42    0.03    8.35 8.897E+00

  10.589 20.975  4.35    2.01    7.91    1.14    0.02    9.06  0.847
   3.100  0.310 10.58    2.20    5.65    1.23    0.02    6.90 7.444E+00

  10.589 21.576  4.62    1.82    6.95    1.00    0.01    7.96  0.845
   3.111  0.329 10.30    1.99    4.47    1.08    0.01    5.56 6.312E+00

  10.589 21.911  4.83    1.65    6.02    0.87    0.01    6.89  0.844
   3.158  0.346  9.99    1.79    3.32    0.94    0.01    4.27 5.617E+00

  10.589 22.202  5.02    1.51    5.24    0.77    0.01    6.02  0.843
   3.196  0.362  9.74    1.64    2.36    0.84    0.01    3.21 5.064E+00

  0.000 0.000  0.000 .000  0.00  0.00  0.00  0.00  0.00  0.00 0.000
                           0.00  0.00  0.00  0.00  0.00  0.00 0.000E+00

