EXTERNAL/TSAI:  VERSION OF 8/8/96

Marathon                                                                
H3_kin15.inp                                                            
                                                                        
Hall A 2018: 25 cm Tritium target                                       
Nominal values - not exact                                              

----*----1----*----2----*----3----*----4----*----5----*----6----*----7--
                                                                        

TARGET (iZ,iA) = (  1,  3);   avgA =   3.000; amuM=  3.016; avgM=  2.809
 targ=TRITIUM; ttarg(rl)=0.00042; twall=0.00481; tbeam=0.00342; tspec=0.00732
         Nseg  =   4
 MODELS: P elastc(ikk)=14; deut elastic=13; inelastc=206; Pauli Supresion= 4
 NUCLEAR METHOD= 1;   NUCLEAR_MODEL= 1
 DIS MODEL=**

    E1    TH    Q2 COS_K         SMR     NUC          INT-SMR
    EP     X    W2 QE-PK  INELA  Q-ELA  ELAST   TOTAL  MODEL

  10.589 32.030  9.63    0.71   -4.96    0.31    0.00   -4.64  0.823
   2.988  0.675  5.51    0.74   -9.87    0.34    0.00   -9.53 1.801E-01

  10.589 32.264  9.83    0.69   -5.48    0.32    0.00   -5.16  0.844
   3.007  0.691  5.27    0.72  -10.49    0.34    0.00  -10.15 1.534E-01

  10.589 32.544 10.08    0.67   -6.11    0.33    0.00   -5.78  0.878
   3.030  0.710  4.99    0.71  -11.24    0.36    0.00  -10.88 1.254E-01

  10.589 32.828 10.33    0.65   -6.77    0.36    0.00   -6.41  0.924
   3.053  0.730  4.70    0.69  -12.02    0.38    0.00  -11.64 1.012E-01

  10.589 33.108 10.57    0.65   -7.44    0.39    0.00   -7.05  0.984
   3.075  0.750  4.41    0.69  -12.82    0.42    0.00  -12.41 8.086E-02

  10.589 33.422 10.83    0.65   -8.14    0.45    0.00   -7.69  1.059
   3.092  0.770  4.12    0.69  -13.64    0.47    0.00  -13.17 6.381E-02

  10.589 33.813 11.10    0.66   -8.84    0.52    0.00   -8.32  1.150
   3.098  0.790  3.84    0.71  -14.45    0.55    0.00  -13.91 4.932E-02

  10.589 34.144 11.36    0.69   -9.61    0.63    0.00   -8.98  1.261
   3.111  0.809  3.56    0.75  -15.35    0.65    0.00  -14.70 3.801E-02

  10.589 34.367 11.59    0.73  -10.47    0.78    0.00   -9.69  1.396
   3.135  0.829  3.28    0.80  -16.34    0.81    0.00  -15.53 2.932E-02

  10.589 34.574 11.78    0.79  -11.21    0.95    0.00  -10.26  1.511
   3.150  0.844  3.06    0.86  -17.19    0.97    0.00  -16.22 2.364E-02

  0.000 0.000  0.000 .000  0.00  0.00  0.00  0.00  0.00  0.00 0.000
                           0.00  0.00  0.00  0.00  0.00  0.00 0.000E+00

