EXTERNAL/TSAI:  VERSION OF 8/8/96

Marathon                                                                
D2_kin15.inp                                                            
                                                                        
Hall A 2018: 25 cm Deuterium target                                     
Nominal values - not exact                                              

----*----1----*----2----*----3----*----4----*----5----*----6----*----7--
                                                                        

TARGET (iZ,iA) = (  1,  2);   avgA =   2.000; amuM=  2.013; avgM=  1.875
 targ=TRITIUM; ttarg(rl)=0.00114; twall=0.00481; tbeam=0.00342; tspec=0.00732
         Nseg  =   4
 MODELS: P elastc(ikk)=14; deut elastic=13; inelastc=206; Pauli Supresion= 4
 NUCLEAR METHOD= 1;   NUCLEAR_MODEL= 1
 DIS MODEL=**

    E1    TH    Q2 COS_K         SMR     NUC          INT-SMR
    EP     X    W2 QE-PK  INELA  Q-ELA  ELAST   TOTAL  MODEL

 Deut Elastic Model: ia,iamec,rsc,rscmec (1,2,3,4)=  3
 TJON DEUT ELASTIC FILESS TO BE OPEN=rscctj.tjon_input   rscqtj.tjon_input   rscmtj.tjon_input   
  10.589 32.025  9.63    0.69   -4.75    0.34    0.00   -4.41  0.913
   2.989  0.675  5.51    0.73   -9.71    0.37    0.00   -9.34 1.419E-01

  10.589 32.264  9.84    0.67   -5.29    0.34    0.00   -4.96  0.916
   3.008  0.691  5.27    0.71  -10.37    0.37    0.00  -10.00 1.207E-01

  10.589 32.544 10.08    0.65   -5.95    0.34    0.00   -5.61  0.922
   3.030  0.710  4.99    0.69  -11.16    0.37    0.00  -10.78 9.881E-02

  10.589 32.825 10.33    0.63   -6.63    0.35    0.00   -6.28  0.934
   3.054  0.730  4.70    0.68  -11.98    0.38    0.00  -11.60 7.973E-02

  10.589 33.104 10.57    0.63   -7.32    0.37    0.00   -6.95  0.946
   3.076  0.750  4.41    0.67  -12.82    0.40    0.00  -12.41 6.366E-02

  10.589 33.419 10.83    0.63   -8.02    0.40    0.00   -7.62  0.965
   3.092  0.770  4.12    0.68  -13.65    0.43    0.00  -13.22 5.006E-02

  10.589 33.780 11.09    0.64   -8.72    0.44    0.00   -8.28  0.993
   3.102  0.789  3.84    0.70  -14.50    0.48    0.00  -14.01 3.865E-02

  10.589 34.135 11.35    0.68   -9.47    0.51    0.00   -8.96  1.038
   3.112  0.809  3.56    0.74  -15.39    0.56    0.00  -14.83 2.941E-02

  10.589 34.382 11.60    0.73  -10.29    0.62    0.00   -9.68  1.099
   3.134  0.829  3.27    0.81  -16.37    0.67    0.00  -15.69 2.232E-02

  10.589 34.555 11.77    0.79  -10.96    0.74    0.00  -10.22  1.168
   3.151  0.844  3.06    0.88  -17.16    0.80    0.00  -16.35 1.797E-02

  0.000 0.000  0.000 .000  0.00  0.00  0.00  0.00  0.00  0.00 0.000
                           0.00  0.00  0.00  0.00  0.00  0.00 0.000E+00

