EXTERNAL/TSAI:  VERSION OF 8/8/96

Marathon                                                                
H3_kin2.inp                                                             
                                                                        
Hall A 2018: 25 cm Tritium target                                       
Nominal values - not exact                                              

----*----1----*----2----*----3----*----4----*----5----*----6----*----7--
                                                                        

TARGET (iZ,iA) = (  1,  3);   avgA =   3.000; amuM=  3.016; avgM=  2.809
 targ=TRITIUM; ttarg(rl)=0.00042; twall=0.00481; tbeam=0.00342; tspec=0.00732
         Nseg  =   4
 MODELS: P elastc(ikk)=14; deut elastic=13; inelastc=206; Pauli Supresion= 4
 NUCLEAR METHOD= 1;   NUCLEAR_MODEL= 1
 DIS MODEL=**

    E1    TH    Q2 COS_K         SMR     NUC          INT-SMR
    EP     X    W2 QE-PK  INELA  Q-ELA  ELAST   TOTAL  MODEL

  10.589 17.744  3.05    2.76   12.80    2.00    0.14   14.94  0.874
   3.023  0.215 12.03    3.10   11.62    2.17    0.14   13.93 1.562E+01

  10.589 18.183  3.25    2.45   11.55    1.72    0.10   13.37  0.877
   3.077  0.231 11.72    2.74   10.07    1.86    0.10   12.03 1.368E+01

  10.589 18.830  3.51    2.20   10.36    1.48    0.07   11.91  0.877
   3.097  0.250 11.43    2.44    8.60    1.60    0.07   10.27 1.143E+01

  10.589 19.556  3.79    1.99    9.26    1.29    0.05   10.60  0.876
   3.100  0.270 11.15    2.20    7.24    1.40    0.05    8.68 9.394E+00

  10.589 20.187  4.05    1.81    8.22    1.13    0.03    9.39  0.874
   3.114  0.289 10.86    2.00    5.97    1.22    0.03    7.22 7.879E+00

  10.589 20.516  4.25    1.65    7.28    0.99    0.02    8.29  0.870
   3.164  0.305 10.56    1.80    4.80    1.06    0.02    5.89 7.028E+00

  10.589 20.889  4.47    1.50    6.35    0.86    0.02    7.23  0.865
   3.208  0.322 10.27    1.63    3.66    0.93    0.02    4.60 6.190E+00

  0.000 0.000  0.000 .000  0.00  0.00  0.00  0.00  0.00  0.00 0.000
                           0.00  0.00  0.00  0.00  0.00  0.00 0.000E+00

