EXTERNAL/TSAI:  VERSION OF 8/8/96

Marathon                                                                
He3_kin15.inp                                                           
                                                                        
Hall A 2018: 25 cm He3 target                                           
Nominal values - not exact                                              

----*----1----*----2----*----3----*----4----*----5----*----6----*----7--
                                                                        

TARGET (iZ,iA) = (  2,  3);   avgA =   3.000; amuM=  3.016; avgM=  2.809
 targ=TRITIUM; ttarg(rl)=0.00075; twall=0.00481; tbeam=0.00342; tspec=0.00732
         Nseg  =   4
 MODELS: P elastc(ikk)=14; deut elastic=13; inelastc=206; Pauli Supresion= 4
 NUCLEAR METHOD= 1;   NUCLEAR_MODEL= 1
 DIS MODEL=**

    E1    TH    Q2 COS_K         SMR     NUC          INT-SMR
    EP     X    W2 QE-PK  INELA  Q-ELA  ELAST   TOTAL  MODEL

  10.589 32.030  9.63    0.71   -4.84    0.34    0.00   -4.50  0.889
   2.988  0.675  5.51    0.75   -9.72    0.37    0.00   -9.35 2.333E-01

  10.589 32.260  9.83    0.68   -5.38    0.35    0.00   -5.04  0.916
   3.008  0.691  5.27    0.73  -10.38    0.37    0.00  -10.00 1.996E-01

  10.589 32.551 10.08    0.66   -6.05    0.36    0.00   -5.69  0.957
   3.030  0.711  4.99    0.70  -11.17    0.39    0.00  -10.78 1.633E-01

  10.589 32.824 10.32    0.65   -6.73    0.39    0.00   -6.35  1.011
   3.054  0.730  4.70    0.69  -11.99    0.41    0.00  -11.58 1.325E-01

  10.589 33.099 10.57    0.64   -7.44    0.43    0.00   -7.02  1.081
   3.077  0.750  4.40    0.68  -12.83    0.45    0.00  -12.38 1.061E-01

  10.589 33.412 10.83    0.64   -8.16    0.48    0.00   -7.68  1.167
   3.093  0.770  4.12    0.68  -13.68    0.51    0.00  -13.17 8.390E-02

  10.589 33.777 11.09    0.64   -8.88    0.56    0.00   -8.32  1.270
   3.102  0.789  3.84    0.70  -14.52    0.59    0.00  -13.93 6.525E-02

  10.589 34.154 11.36    0.68   -9.68    0.68    0.00   -8.99  1.395
   3.109  0.809  3.56    0.73  -15.44    0.71    0.00  -14.73 4.997E-02

  10.589 34.390 11.60    0.72  -10.57    0.85    0.00   -9.72  1.549
   3.133  0.829  3.27    0.79  -16.47    0.88    0.00  -15.59 3.831E-02

  10.589 34.559 11.78    0.77  -11.32    1.03    0.00  -10.29  1.678
   3.151  0.844  3.06    0.85  -17.33    1.05    0.00  -16.28 3.115E-02

  0.000 0.000  0.000 .000  0.00  0.00  0.00  0.00  0.00  0.00 0.000
                           0.00  0.00  0.00  0.00  0.00  0.00 0.000E+00

