  0.233  0.0100   6.00000        1.6396801130
  0.233  0.0105   6.00000        1.3263532711
  0.233  0.0110   6.00000        1.0473950383
  0.233  0.0115   6.00000        0.8023230716
  0.233  0.0120   6.00000        0.5908390248
  0.233  0.0125   6.00000        0.4125720723
  0.233  0.0130   6.00000        0.2663539225
  0.233  0.0135   6.00000        0.1524973988
  0.233  0.0140   6.00000        0.0705083398
  0.233  0.0145   6.00000        0.0199543812
  0.233  0.0150   6.00000        0.0003114158
  0.233  0.0155   6.00000        0.0110683742
  0.233  0.0160   6.00000        0.0518240756
  0.233  0.0165   6.00000        0.1213560979
  0.233  0.0170   6.00000        0.2195387102
  0.233  0.0175   6.00000        0.3460347859
  0.233  0.0180   6.00000        0.5004068456
  0.233  0.0185   6.00000        0.6823062798
  0.233  0.0190   6.00000        0.8912123818
  0.233  0.0195   6.00000        1.1265890855
  0.233  0.0200   6.00000        1.3887731500
