  0.193  0.0100   6.00000        1.4426355238
  0.193  0.0105   6.00000        1.7974446306
  0.193  0.0110   6.00000        2.1894815309
  0.193  0.0115   6.00000        2.6183114643
  0.193  0.0120   6.00000        3.0835325314
  0.193  0.0125   6.00000        3.5846376124
  0.193  0.0130   6.00000        4.1211491318
  0.193  0.0135   6.00000        4.6925593178
  0.193  0.0140   6.00000        5.2983063034
  0.193  0.0145   6.00000        5.9382695222
  0.193  0.0150   6.00000        6.6113384057
  0.193  0.0155   6.00000        7.3173007536
  0.193  0.0160   6.00000        8.0556276562
  0.193  0.0165   6.00000        8.8257255773
  0.193  0.0170   6.00000        9.6271905543
  0.193  0.0175   6.00000       10.4595508413
  0.193  0.0180   6.00000       11.3220096144
  0.193  0.0185   6.00000       12.2143882129
  0.193  0.0190   6.00000       13.1363437523
  0.193  0.0195   6.00000       14.0867545854
  0.193  0.0200   6.00000       15.0652198896
