  0.193  0.0100   6.00000        0.0000000000
  0.193  0.0105   6.00000        0.0000000000
  0.193  0.0110   6.00000        0.0000000000
  0.193  0.0115   6.00000        0.0000000000
  0.193  0.0120   6.00000        0.0000000000
  0.193  0.0125   6.00000        0.0000000000
  0.193  0.0130   6.00000        0.0000000000
  0.193  0.0135   6.00000        0.0000000000
  0.193  0.0140   6.00000        0.0000000000
  0.193  0.0145   6.00000        0.0000000000
  0.193  0.0150   6.00000        0.0000000000
  0.193  0.0155   6.00000        0.0000000000
  0.193  0.0160   6.00000        0.0000000000
  0.193  0.0165   6.00000        0.0000000000
  0.193  0.0170   6.00000        0.0000000000
  0.193  0.0175   6.00000        0.0000000000
  0.193  0.0180   6.00000        0.0000000000
  0.193  0.0185   6.00000        0.0000000000
  0.193  0.0190   6.00000        0.0000000000
  0.193  0.0195   6.00000        0.0000000000
  0.193  0.0200   6.00000        0.0000000000
