  0.193  0.0100   6.00000        3.1704327327
  0.193  0.0105   6.00000        3.1545346735
  0.193  0.0110   6.00000        3.1386718156
  0.193  0.0115   6.00000        3.1228188660
  0.193  0.0120   6.00000        3.1069968434
  0.193  0.0125   6.00000        3.0911748634
  0.193  0.0130   6.00000        3.0753826368
  0.193  0.0135   6.00000        3.0596171523
  0.193  0.0140   6.00000        3.0438643230
  0.193  0.0145   6.00000        3.0281451111
  0.193  0.0150   6.00000        3.0124390267
  0.193  0.0155   6.00000        2.9967678067
  0.193  0.0160   6.00000        2.9811057169
  0.193  0.0165   6.00000        2.9654664775
  0.193  0.0170   6.00000        2.9498690359
  0.193  0.0175   6.00000        2.9342819764
  0.193  0.0180   6.00000        2.9187327077
  0.193  0.0185   6.00000        2.9032005748
  0.193  0.0190   6.00000        2.8877067093
  0.193  0.0195   6.00000        2.8722260599
  0.193  0.0200   6.00000        2.8567851311
