  0.193  0.0100   6.00000        2.7711139333
  0.193  0.0105   6.00000        2.7712177732
  0.193  0.0110   6.00000        2.7713218074
  0.193  0.0115   6.00000        2.7714262244
  0.193  0.0120   6.00000        2.7715308823
  0.193  0.0125   6.00000        2.7716359173
  0.193  0.0130   6.00000        2.7717412371
  0.193  0.0135   6.00000        2.7718467947
  0.193  0.0140   6.00000        2.7719527362
  0.193  0.0145   6.00000        2.7720588886
  0.193  0.0150   6.00000        2.7721654623
  0.193  0.0155   6.00000        2.7722722115
  0.193  0.0160   6.00000        2.7723793841
  0.193  0.0165   6.00000        2.7724868491
  0.193  0.0170   6.00000        2.7725945582
  0.193  0.0175   6.00000        2.7727026660
  0.193  0.0180   6.00000        2.7728109778
  0.193  0.0185   6.00000        2.7729197024
  0.193  0.0190   6.00000        2.7730286601
  0.193  0.0195   6.00000        2.7731380038
  0.193  0.0200   6.00000        2.7732475854
