  0.193  0.0100   6.00000        1.9039607025
  0.193  0.0105   6.00000        1.8514257153
  0.193  0.0110   6.00000        1.8008930662
  0.193  0.0115   6.00000        1.7523117154
  0.193  0.0120   6.00000        1.7056626233
  0.193  0.0125   6.00000        1.6609044472
  0.193  0.0130   6.00000        1.6180009246
  0.193  0.0135   6.00000        1.5769017204
  0.193  0.0140   6.00000        1.5375951041
  0.193  0.0145   6.00000        1.5000359022
  0.193  0.0150   6.00000        1.4641945074
  0.193  0.0155   6.00000        1.4300293680
  0.193  0.0160   6.00000        1.3975249239
  0.193  0.0165   6.00000        1.3666415188
  0.193  0.0170   6.00000        1.3373501536
  0.193  0.0175   6.00000        1.3096205135
  0.193  0.0180   6.00000        1.2834332983
  0.193  0.0185   6.00000        1.2587577887
  0.193  0.0190   6.00000        1.2355718009
  0.193  0.0195   6.00000        1.2138520489
  0.193  0.0200   6.00000        1.1935694978
