  0.193  0.0100   6.00000       16.4508608870
  0.193  0.0105   6.00000       15.1108206727
  0.193  0.0110   6.00000       13.8399550019
  0.193  0.0115   6.00000       12.6362120863
  0.193  0.0120   6.00000       11.4981138754
  0.193  0.0125   6.00000       10.4240232062
  0.193  0.0130   6.00000        9.4121429065
  0.193  0.0135   6.00000        8.4608787875
  0.193  0.0140   6.00000        7.5687953263
  0.193  0.0145   6.00000        6.7341911186
  0.193  0.0150   6.00000        5.9556920431
  0.193  0.0155   6.00000        5.2318599033
  0.193  0.0160   6.00000        4.5610650724
  0.193  0.0165   6.00000        3.9421366173
  0.193  0.0170   6.00000        3.3736084606
  0.193  0.0175   6.00000        2.8540977037
  0.193  0.0180   6.00000        2.3823978194
  0.193  0.0185   6.00000        1.9571426652
  0.193  0.0190   6.00000        1.5771662630
  0.193  0.0195   6.00000        1.2411921123
  0.193  0.0200   6.00000        0.9480481721
