  0.193  0.0100   6.00000        0.2727337353
  0.193  0.0105   6.00000        0.2702504767
  0.193  0.0110   6.00000        0.2677690359
  0.193  0.0115   6.00000        0.2652895966
  0.193  0.0120   6.00000        0.2628120006
  0.193  0.0125   6.00000        0.2603363642
  0.193  0.0130   6.00000        0.2578629427
  0.193  0.0135   6.00000        0.2553917863
  0.193  0.0140   6.00000        0.2529229460
  0.193  0.0145   6.00000        0.2504566119
  0.193  0.0150   6.00000        0.2479924214
  0.193  0.0155   6.00000        0.2455314672
  0.193  0.0160   6.00000        0.2430726258
  0.193  0.0165   6.00000        0.2406168546
  0.193  0.0170   6.00000        0.2381638632
  0.193  0.0175   6.00000        0.2357139877
  0.193  0.0180   6.00000        0.2332673569
  0.193  0.0185   6.00000        0.2308236823
  0.193  0.0190   6.00000        0.2283830241
  0.193  0.0195   6.00000        0.2259464225
  0.193  0.0200   6.00000        0.2235131027
