  0.193  0.0100   6.00000        0.2773651429
  0.193  0.0105   6.00000        0.2758972745
  0.193  0.0110   6.00000        0.2744280858
  0.193  0.0115   6.00000        0.2729576042
  0.193  0.0120   6.00000        0.2714853463
  0.193  0.0125   6.00000        0.2700118030
  0.193  0.0130   6.00000        0.2685369094
  0.193  0.0135   6.00000        0.2670603664
  0.193  0.0140   6.00000        0.2655826219
  0.193  0.0145   6.00000        0.2641028143
  0.193  0.0150   6.00000        0.2626222838
  0.193  0.0155   6.00000        0.2611405922
  0.193  0.0160   6.00000        0.2596573452
  0.193  0.0165   6.00000        0.2581729961
  0.193  0.0170   6.00000        0.2566875757
  0.193  0.0175   6.00000        0.2552007363
  0.193  0.0180   6.00000        0.2537125074
  0.193  0.0185   6.00000        0.2522236798
  0.193  0.0190   6.00000        0.2507325735
  0.193  0.0195   6.00000        0.2492410271
  0.193  0.0200   6.00000        0.2477485505
