  0.193  0.0100   6.00000        3.2169931610
  0.193  0.0105   6.00000        3.2331844224
  0.193  0.0110   6.00000        3.2494981320
  0.193  0.0115   6.00000        3.2659315063
  0.193  0.0120   6.00000        3.2824903382
  0.193  0.0125   6.00000        3.2991707660
  0.193  0.0130   6.00000        3.3159779747
  0.193  0.0135   6.00000        3.3329094421
  0.193  0.0140   6.00000        3.3499690195
  0.193  0.0145   6.00000        3.3671563011
  0.193  0.0150   6.00000        3.3844734071
  0.193  0.0155   6.00000        3.4019199120
  0.193  0.0160   6.00000        3.4194990825
  0.193  0.0165   6.00000        3.4372093714
  0.193  0.0170   6.00000        3.4550552319
  0.193  0.0175   6.00000        3.4730343392
  0.193  0.0180   6.00000        3.4911496746
  0.193  0.0185   6.00000        3.5094042960
  0.193  0.0190   6.00000        3.5277970041
  0.193  0.0195   6.00000        3.5463273200
  0.193  0.0200   6.00000        3.5649991290
