  0.193  0.0100   6.00000       13.6805648672
  0.193  0.0105   6.00000       13.6402306842
  0.193  0.0110   6.00000       13.5997726433
  0.193  0.0115   6.00000       13.5591993089
  0.193  0.0120   6.00000       13.5185056414
  0.193  0.0125   6.00000       13.4776951549
  0.193  0.0130   6.00000       13.4367627567
  0.193  0.0135   6.00000       13.3957172082
  0.193  0.0140   6.00000       13.3545464324
  0.193  0.0145   6.00000       13.3132645053
  0.193  0.0150   6.00000       13.2718575176
  0.193  0.0155   6.00000       13.2303361352
  0.193  0.0160   6.00000       13.1886898574
  0.193  0.0165   6.00000       13.1469294545
  0.193  0.0170   6.00000       13.1050461448
  0.193  0.0175   6.00000       13.0630472223
  0.193  0.0180   6.00000       13.0209292513
  0.193  0.0185   6.00000       12.9786869258
  0.193  0.0190   6.00000       12.9363276309
  0.193  0.0195   6.00000       12.8938497182
  0.193  0.0200   6.00000       12.8512570375
