 x    Q2    WSQ   XS_data   XS_stat_err  XS_sys_err    XS_f1f217    XS_ineft
   0.22600   0.08200   1.16000        60.00000         2.00000         3.39798         20.33566
   0.21000   0.07800   1.17200        68.00000         5.00000         4.79892         24.66194
   0.19500   0.07300   1.18300        79.00000         3.00000         6.49517         28.61581
   0.18000   0.06900   1.19500        91.00000         2.00000         8.73457         32.72981
   0.16600   0.06500   1.20700       102.00000         3.00000        11.45937         36.72832
   0.15200   0.06100   1.21900       111.00000         5.00000        14.63116         40.61394
   0.31600   0.13000   1.16100        85.00000         7.00000         3.28773         12.76638
   0.29800   0.12500   1.17400        72.00000         7.00000         4.44324         15.74344
   0.28000   0.11900   1.18700        95.00000        11.00000         5.97552         18.76896
   0.26300   0.11400   1.20000       127.00000         9.00000         7.86663         21.75898
   0.24600   0.10900   1.21300       120.00000         7.00000        10.16304         24.76165
   0.23000   0.10300   1.22600       142.00000         8.00000        12.98614         27.84815
   0.21500   0.09800   1.23900       153.00000         9.00000        16.16143         30.89446
   0.20000   0.09300   1.25200       167.00000        12.00000        19.83175         33.97046
   0.18500   0.08700   1.26500       232.00000         9.00000        24.22533         37.15081
   0.74900   0.83600   1.16100         3.02000         0.30900         1.19557          0.71947
   0.73600   0.82600   1.17600         3.32000         0.34100         1.24829          0.89170
   0.72400   0.81600   1.19200         3.08000         0.30300         1.33847          1.06604
   0.71500   0.80900   1.20300         3.38000         0.33700         1.42334          1.18214
   0.70700   0.80300   1.21300         3.57000         0.35700         1.51352          1.28520
   0.69500   0.79200   1.22900         3.71000         0.39100         1.69655          1.45062
   0.68600   0.78600   1.23900         3.84000         0.38600         1.82813          1.55230
   0.67400   0.77600   1.25500         4.51000         0.45900         2.07724          1.71751
   0.66600   0.76900   1.26600         5.00000         0.48500         2.27597          1.83412
   0.65800   0.76200   1.27600         5.16000         0.51100         2.47795          1.94493
   0.64600   0.75200   1.29200         6.11000         0.60100         2.83423          2.12773
   0.79900   1.11800   1.16200         1.71000         0.22300         0.67009          0.34016
   0.78700   1.10600   1.18000         1.97000         0.21200         0.69507          0.43770
   0.77500   1.09300   1.19800         1.82000         0.18800         0.74081          0.53148
   0.76700   1.08500   1.21000         1.90000         0.19800         0.78151          0.59181
   0.75500   1.07300   1.22800         1.99000         0.20800         0.85974          0.68072
   0.74400   1.06100   1.24600         2.08000         0.22900         0.95927          0.76921
   0.73600   1.05300   1.25800         2.39000         0.25100         1.03780          0.82866
   0.72500   1.04000   1.27600         2.71000         0.30800         1.17695          0.92125
   0.71300   1.02800   1.29300         2.92000         0.31500         1.32788          1.01255
   0.70600   1.02000   1.30500         3.57000         0.38300         1.44540          1.07996
   0.83300   1.39800   1.16200         0.86800         0.10300         0.39242          0.17439
   0.82100   1.38400   1.18100         1.02000         0.12300         0.40317          0.22826
   0.81000   1.37000   1.20100         0.94800         0.11400         0.42510          0.28255
   0.79900   1.35500   1.22100         1.05000         0.13100         0.45921          0.33559
   0.79200   1.34600   1.23500         1.21000         0.14600         0.48896          0.37165
   0.84500   1.57100   1.16900         1.16000         0.02200         0.56793          0.26454
   0.83000   1.55200   1.19900         1.24000         0.02600         0.59554          0.37620
   0.84600   1.57300   1.16700         1.26000         0.06800         0.56560          0.25586
   0.83100   1.55500   1.19600         1.16000         0.11600         0.58905          0.36378
   0.85100   1.61600   1.16400         2.60000         0.06400         1.26297          0.54439
   0.83500   1.60100   1.19600         2.80000         0.06800         1.29906          0.80409
   0.82200   1.58700   1.22400         2.80000         0.08200         1.39222          1.01514
   0.80700   1.57200   1.25600         3.20000         0.19200         1.56149          1.24359
   0.87800   2.28600   1.19800         0.38000         0.00820         0.18002          0.09741
   0.86300   2.25800   1.23800         0.42000         0.00980         0.19413          0.13544
   0.85100   1.63900   1.16700         4.40000         0.10400         2.19554          0.98803
   0.83800   1.62800   1.19400         4.40000         0.10200         2.23875          1.36327
   0.82400   1.61700   1.22500         4.80000         0.10600         2.39013          1.75565
   0.81100   1.60500   1.25500         5.40000         0.11800         2.64321          2.11591
   0.79700   1.59300   1.28600         6.00000         0.13000         2.99703          2.47910
   0.78500   1.58200   1.31400         6.80000         0.14600         3.38889          2.81739
   0.77200   1.57000   1.34400         8.00000         0.17200         3.86307          3.21009
   0.75900   1.55800   1.37500         9.40000         0.26000         4.38023          3.67106
   0.74700   1.54700   1.40600        10.20000         0.76000         4.88023          4.20480
   0.89300   2.34500   1.16100         0.72000         0.02600         0.35779          0.12210
   0.87900   2.32400   1.19900         0.78000         0.02600         0.36233          0.19838
   0.86500   2.30000   1.24100         0.80000         0.02600         0.38974          0.27685
   0.85100   2.27900   1.27900         0.88000         0.02800         0.43191          0.34442
   0.83700   2.25600   1.32100         1.04000         0.03400         0.49504          0.42011
   0.82400   2.23500   1.35900         1.22000         0.04400         0.56261          0.49389
   0.81000   2.21200   1.40100         1.56000         0.13000         0.64184          0.58736
   0.91100   3.03600   1.17700         0.14800         0.00340         0.06710          0.02603
   0.89700   3.00200   1.22400         0.15400         0.00360         0.06960          0.04191
   0.88200   2.96400   1.27700         0.17000         0.00380         0.07678          0.05894
   0.86800   2.93000   1.32400         0.19000         0.00420         0.08653          0.07392
   0.85300   2.89200   1.37800         0.22000         0.00520         0.10043          0.09223
   0.88000   2.34900   1.20200         1.28000         0.04600         0.59947          0.33712
   0.86600   2.33100   1.24100         1.34000         0.04600         0.63780          0.45397
   0.85300   2.31200   1.28000         1.48000         0.04800         0.70544          0.56582
   0.83800   2.29200   1.32200         1.70000         0.05400         0.80264          0.68552
   0.82600   2.27400   1.36100         1.88000         0.05800         0.90894          0.80476
   0.81300   2.25600   1.40000         2.40000         0.06800         1.01983          0.93905
   0.80000   2.23800   1.43900         2.60000         0.08200         1.12573          1.09074
   0.78700   2.21800   1.48100         2.80000         0.15000         1.22687          1.25203
   0.91300   3.07100   1.17400         0.26000         0.01180         0.12796          0.04775
   0.89900   3.04100   1.22200         0.30000         0.01200         0.13187          0.07839
   0.88400   3.00900   1.27500         0.30000         0.01240         0.14418          0.10992
   0.87100   2.98000   1.32400         0.36000         0.01300         0.16190          0.13835
   0.85600   2.94700   1.37700         0.42000         0.01500         0.18601          0.17054
   0.84300   2.91800   1.42500         0.48000         0.01760         0.20956          0.20281
   0.83000   2.88800   1.47300         0.56000         0.03200         0.23297          0.23692
   0.92700   3.77700   1.17700         0.06200         0.00190         0.02934          0.01063
   0.91600   3.74300   1.22300         0.06800         0.00220         0.03014          0.01704
   0.90400   3.70300   1.27600         0.07000         0.00220         0.03246          0.02405
   0.89100   3.66300   1.32800         0.08200         0.00240         0.03601          0.03069
   0.88000   3.62900   1.37400         0.09400         0.00260         0.03994          0.03654
   0.86800   3.59000   1.42600         0.10400         0.00300         0.04499          0.04344
   0.85700   3.55600   1.47200         0.11200         0.00340         0.04968          0.04973
   0.91100   2.99400   1.17300         0.55930         0.02146         0.23073          0.08605
   0.89800   2.96900   1.21900         0.57170         0.02195         0.23662          0.13921
   0.88400   2.94500   1.26600         0.61740         0.02352         0.25440          0.18918
   0.87100   2.92000   1.31200         0.67700         0.02591         0.28247          0.23653
   0.75300   0.93300   1.18600       169.80000         2.13900        72.21731         53.04825
   0.73300   0.92900   1.21800       177.10000         2.26700        79.80119         68.43088
   0.71400   0.92500   1.25000       209.00000         2.52900        93.38170         82.20579
   0.69600   0.92100   1.28300       243.20000         2.82100       113.13075         95.87754
   0.67800   0.91700   1.31500       290.30000         3.16400       136.77527        109.82135
   0.66200   0.91200   1.34700       335.20000         3.45300       164.07836        125.87965
   0.64500   0.90800   1.37900       376.60000         3.69100       191.23286        145.01831
   0.63000   0.90400   1.41200       412.60000         3.87800       216.90568        168.78952
   0.61500   0.90000   1.44400       447.80000         4.03000       235.95547        194.20991
   0.60100   0.89600   1.47600       476.40000         4.09700       247.44769        216.37797
   0.58700   0.89200   1.50900       477.10000         4.05500       250.65181        228.34557
   0.57300   0.88800   1.54100       489.90000         4.11500       246.41315        227.46861
   0.56000   0.88300   1.57300       479.80000         4.03000       238.30902        219.08144
   0.54800   0.87900   1.60500       473.20000         3.92800       227.06351        208.04834
   0.53600   0.87500   1.63800       462.50000         3.88500       214.74114        197.58506
   0.52500   0.87100   1.67000       450.80000         3.78700       203.57308        189.44586
   0.51300   0.86700   1.70200       427.60000         3.67700       193.27893        183.27554
   0.50300   0.86300   1.73500       402.10000         3.53800       185.05957        178.57710
   0.49200   0.85900   1.76700       381.70000         3.43500       178.35343        175.37416
   0.48200   0.85500   1.79900       369.80000         3.36500       173.59049        173.15417
   0.47200   0.85000   1.83100       361.20000         3.32300       170.72226        171.90957
   0.46300   0.84600   1.86400       359.40000         3.30600       169.03417        171.00060
   0.45300   0.84200   1.89600       352.20000         3.31100       168.30709        170.65338
   0.44400   0.83800   1.92800       343.60000         3.29900       169.19964        170.71169
   0.43600   0.83400   1.96100       351.20000         3.40700       171.86465        171.13288
   0.42700   0.83000   1.99300       358.70000         3.47900       175.13675        171.96634
   0.41900   0.82600   2.02500       358.10000         3.50900       179.97067        173.79628
   0.41100   0.82100   2.05700       367.40000         3.63700       186.52530        180.76515
   0.40300   0.81700   2.09000       375.40000         3.75400       193.78997        187.61716
   0.39600   0.81300   2.12200       374.80000         3.86000       201.56327        194.34008
   0.38800   0.80900   2.15400       393.40000         4.05200       208.51561        202.40958
   0.38100   0.80500   2.18700       418.60000         4.35300       215.46876        221.81247
   0.37400   0.80100   2.21900       409.20000         4.37800       220.46337        212.37688
   0.36800   0.79700   2.25100       433.60000         4.68300       223.89344        215.18569
   0.36100   0.79300   2.28300       430.20000         4.77500       224.32956        216.79834
   0.35500   0.78800   2.31600       432.80000         4.97700       224.18003        217.19588
   0.85800   1.85900   1.18900        11.34000         0.09412         5.21242          2.89655
   0.84200   1.84900   1.22700        11.41000         0.09813         5.50978          3.96551
   0.82700   1.83900   1.26500        12.55000         0.10920         6.11582          4.94342
   0.81300   1.83000   1.30300        14.73000         0.19890         6.96551          5.88506
   0.79800   1.82000   1.34000        16.64000         0.21300         7.96273          6.84465
   0.78400   1.81000   1.37800        18.88000         0.23030         9.06398          7.95476
   0.77100   1.80100   1.41600        21.09000         0.24460        10.10521          9.24260
   0.75800   1.79100   1.45400        23.39000         0.25730        11.00190         10.65212
   0.74500   1.78100   1.49200        24.26000         0.25960        11.66236         11.83777
   0.73200   1.77200   1.52900        25.78000         0.26810        12.03927         12.43040
   0.72000   1.76200   1.56700        26.31000         0.26840        12.25476         12.54455
   0.70700   1.75200   1.60500        26.54000         0.26810        12.31260         12.44708
   0.69600   1.74300   1.64300        26.60000         0.26870        12.30428         12.33521
   0.68400   1.73300   1.68000        26.65000         0.26650        12.29542         12.31349
   0.67300   1.72400   1.71800        26.42000         0.26420        12.30907         12.34972
   0.66200   1.71400   1.75600        26.89000         0.26890        12.40098         12.46463
   0.65100   1.70400   1.79400        26.89000         0.26890        12.56301         12.62999
   0.64000   1.69500   1.83200        27.46000         0.27190        12.77816         12.82137
   0.63000   1.68500   1.86900        27.27000         0.27000        13.10242         13.05401
   0.62000   1.67500   1.90700        28.01000         0.27730        13.51628         13.31630
   0.61000   1.66600   1.94500        28.55000         0.28550        13.99080         13.59170
   0.60000   1.65600   1.98300        29.97000         0.29670        14.57891         13.90933
   0.59100   1.64600   2.02100        31.26000         0.30950        15.27661         14.26175
   0.58100   1.63700   2.05800        31.96000         0.31960        15.97134         15.11530
   0.57200   1.62700   2.09600        33.47000         0.33800        16.79375         16.00720
   0.56300   1.61700   2.13400        35.03000         0.35380        17.63840         16.93737
   0.55500   1.60800   2.17200        36.03000         0.37470        18.45174         18.59484
   0.54600   1.59800   2.21000        39.16000         0.40730        19.17338         18.77532
   0.53700   1.58800   2.24700        38.96000         0.42470        19.73975         19.40838
   0.89200   2.66100   1.20300         1.99300         0.02172         0.92556          0.50359
   0.87800   2.64500   1.24800         2.14000         0.02290         0.98027          0.69957
   0.86500   2.62800   1.29200         2.33500         0.02405         1.08011          0.87972
   0.85100   2.61200   1.33600         2.62500         0.02573         1.20956          1.05589
   0.83800   2.59600   1.38100         2.91000         0.02706         1.36081          1.24749
   0.82600   2.58000   1.42500         3.24700         0.02857         1.51183          1.45703
   0.81300   2.56300   1.47000         3.56600         0.03031         1.65380          1.67837
   0.80100   2.54700   1.51400         3.85200         0.03120         1.77051          1.84677
   0.78900   2.53100   1.55800         4.05600         0.02718         1.86489          1.94198
   0.77700   2.51500   1.60300         4.19200         0.02683         1.94358          1.99920
   0.76500   2.49800   1.64700         4.35500         0.02657         2.01522          2.05390
   0.75400   2.48200   1.69200         4.46600         0.02590         2.08749          2.11597
   0.74200   2.46600   1.73600         4.69700         0.02630         2.16177          2.18636
   0.73100   2.45000   1.78000         4.83800         0.02613         2.24861          2.26490
   0.72000   2.43300   1.82500         5.05200         0.02627         2.35375          2.35327
   0.71000   2.41700   1.86900         5.19200         0.02596         2.47103          2.44407
   0.69900   2.40100   1.91400         5.43100         0.02661         2.60357          2.54167
   0.68900   2.38400   1.95800         5.74000         0.02698         2.75714          2.64614
   0.67900   2.36800   2.00300         5.97600         0.02749         2.92830          2.75754
   0.66800   2.35200   2.04700         6.32200         0.02845         3.10759          2.94016
   0.65900   2.33600   2.09100         6.69400         0.03012         3.30768          3.16918
   0.64900   2.31900   2.13600         7.05900         0.03106         3.51821          3.41543
   0.63900   2.30300   2.18000         7.66400         0.03296         3.71409          3.94460
   0.63000   2.28700   2.22500         7.93200         0.03411         3.90399          3.88179
   0.62100   2.27100   2.26900         8.58200         0.04377         4.06593          4.08222
   0.61100   2.25400   2.31300         8.92700         0.04463         4.20171          4.24999
   0.60200   2.23800   2.35800         9.20200         0.04509         4.32103          4.38107
   0.59400   2.22200   2.40200         9.31500         0.04471         4.43578          4.51064
   0.58500   2.20600   2.44700         9.52500         0.04572         4.54746          4.65605
   0.57600   2.18900   2.49100         9.64500         0.04533         4.67383          4.81432
   0.56800   2.17300   2.53500         9.99900         0.04600         4.81829          4.97436
   0.55900   2.15700   2.58000        10.18000         0.04683         4.97757          5.13955
   0.55100   2.14100   2.62400        10.50000         0.04725         5.16004          5.30297
   0.54300   2.12400   2.66900        10.95000         0.04818         5.36918          5.47242
   0.53500   2.10800   2.71300        11.31000         0.04863         5.57326          5.63463
   0.52700   2.09200   2.75700        11.82000         0.05083         5.77553          5.79560
   0.51900   2.07600   2.80200        12.17000         0.05233         5.97151          5.95703
   0.51200   2.05900   2.84600        12.66000         0.05444         6.16723          6.11928
   0.50400   2.04300   2.89100        13.02000         0.05599         6.32395          6.27752
   0.49700   2.02700   2.93500        13.49000         0.05936         6.46660          6.43199
   0.48900   2.01100   2.97900        13.79000         0.06205         6.57558          6.58527
   0.48200   1.99400   3.02400        14.13000         0.06500         6.69485          6.74311
   0.47500   1.97800   3.06800        14.42000         0.14560         6.79348          6.89291
   0.46800   1.96200   3.11300        14.44000         0.14440         6.89147          7.04265
   0.46100   1.94600   3.15700        14.37000         0.14230         6.98888          7.18939
   0.45400   1.92900   3.20100        14.57000         0.14130         7.10077          7.33982
   0.44700   1.91300   3.24600        15.01000         0.14260         7.20957          7.48499
   0.44000   1.89700   3.29000        15.31000         0.14390         7.32012          7.62740
   0.43400   1.88000   3.33500        15.57000         0.14480         7.46496          7.77444
   0.42700   1.86400   3.37900        15.79000         0.14530         7.58176          7.91404
   0.42100   1.84800   3.42300        15.75000         0.14490         7.71989          8.05179
   0.41400   1.83200   3.46800        16.34000         0.14710         7.84356          8.18969
   0.40800   1.81500   3.51200        16.54000         0.14890         7.99698          8.33012
   0.40200   1.79900   3.55700        16.47000         0.14990         8.14079          8.46470
   0.39600   1.78300   3.60100        16.79000         0.15280         8.27884          8.59691
   0.39000   1.76700   3.64600        17.14000         0.15600         8.41480          8.72863
   0.38400   1.75000   3.69000        17.43000         0.16210         8.55533          8.86367
   0.37800   1.73400   3.73400        17.60000         0.16900         8.67687          8.99182
   0.37200   1.71800   3.77900        17.78000         0.17600         8.79517          9.11942
   0.36600   1.70200   3.82300        18.25000         0.18620         8.90605          9.24500
   0.36100   1.68500   3.86800        18.06000         0.19690         9.05548          9.37527
   0.35500   1.66900   3.91200        18.82000         0.21640         9.15853          9.49853
   0.93400   4.07600   1.16800         0.17010         0.00189         0.08079          0.02536
   0.92000   4.04000   1.23100         0.18090         0.00194         0.08331          0.04874
   0.90600   4.00400   1.29500         0.19300         0.00201         0.09076          0.07020
   0.89200   3.96900   1.35900         0.22130         0.00219         0.10209          0.08998
   0.87900   3.93300   1.42300         0.25700         0.00239         0.11613          0.10905
   0.86500   3.89800   1.48600         0.28980         0.00255         0.13085          0.12737
   0.85200   3.86200   1.55000         0.32270         0.00274         0.14623          0.14535
   0.83900   3.82700   1.61400         0.35870         0.00294         0.16148          0.16233
   0.82600   3.79100   1.67700         0.38650         0.00317         0.17752          0.17909
   0.81400   3.75600   1.74100         0.41960         0.00344         0.19515          0.19635
   0.80100   3.72000   1.80500         0.46720         0.00383         0.21481          0.21420
   0.78900   3.68500   1.86800         0.50590         0.00425         0.23660          0.23255
   0.77600   3.64900   1.93200         0.53710         0.00473         0.26140          0.25224
   0.60400   3.45000   3.14500         0.81220         0.00861         0.40509          0.40743
   0.61600   3.50200   3.06500         0.78530         0.00777         0.38051          0.37937
   0.62800   3.55300   2.98500         0.75130         0.00714         0.35678          0.35266
   0.64000   3.60500   2.90500         0.68820         0.00654         0.33264          0.32684
   0.65300   3.65700   2.82500         0.64320         0.00624         0.30814          0.30214
   0.66500   3.70800   2.74500         0.57740         0.00589         0.28305          0.27879
   0.67800   3.76000   2.66500         0.54800         0.00581         0.25837          0.25641
   0.69100   3.81200   2.58500         0.51210         0.00568         0.23549          0.23529
   0.70400   3.86400   2.50600         0.46740         0.00551         0.21519          0.21577
   0.71700   3.91500   2.42600         0.42650         0.00533         0.19845          0.19818
   0.73000   3.96700   2.34600         0.38180         0.00336         0.18121          0.18303
   0.74400   4.01900   2.26600         0.34600         0.00304         0.16446          0.16692
   0.75700   4.07100   2.18600         0.32260         0.00284         0.14752          0.15746
   0.77100   4.12200   2.10600         0.28480         0.00256         0.13104          0.12827
   0.78500   4.17400   2.02600         0.24620         0.00234         0.11535          0.10937
   0.79900   4.22600   1.94600         0.22150         0.00224         0.10113          0.09765
   0.81300   4.27800   1.86600         0.19850         0.00216         0.08856          0.08736
   0.82700   4.32900   1.78600         0.17330         0.00208         0.07767          0.07775
   0.84100   4.38100   1.70700         0.15480         0.00212         0.06817          0.06852
   0.85600   4.43300   1.62700         0.13980         0.00204         0.05972          0.05931
   0.87100   4.48500   1.54700         0.12020         0.00191         0.05199          0.05007
   0.88600   4.53600   1.46700         0.10430         0.00180         0.04495          0.04193
   0.90100   4.58800   1.38700         0.08283         0.00077         0.03860          0.03460
   0.91600   4.64000   1.30700         0.07416         0.00067         0.03351          0.02626
   0.93100   4.69200   1.22700         0.06619         0.00060         0.03029          0.01673
   0.93900   4.88700   1.20000         0.06041         0.00214         0.02710          0.01200
   0.92700   4.84700   1.26200         0.06914         0.00232         0.02865          0.01905
   0.91500   4.80700   1.32400         0.07901         0.00257         0.03130          0.02541
   0.90400   4.76700   1.38600         0.08407         0.00274         0.03489          0.03105
   0.95800   6.62200   1.17000         0.01503         0.00067         0.00668          0.00200
   0.94700   6.56700   1.24700         0.01647         0.00071         0.00707          0.00420
   0.93600   6.51400   1.32300         0.01973         0.00081         0.00778          0.00605
   0.92600   6.45900   1.39900         0.02353         0.00097         0.00875          0.00745
   0.85700   1.70300   1.16500        34.00000         0.70000        16.58465          7.16916
   0.84400   1.69800   1.19400        34.00000         0.78000        16.67967         10.09369
   0.83100   1.69300   1.22400        34.00000         0.88000        17.50304         12.79565
   0.81900   1.68800   1.25300        38.00000         0.94000        18.93541         15.20087
   0.80600   1.68200   1.28500        42.00000         1.02000        21.15480         17.74252
   0.79500   1.67700   1.31400        48.00000         1.10000        23.60509         20.04488
   0.78300   1.67200   1.34300        52.00000         1.20000        26.29910         22.46629
   0.77100   1.66700   1.37500        56.00000         1.28000        29.36989         25.43443
   0.76000   1.66200   1.40400        66.00000         1.40000        32.04597         28.52146
   0.75000   1.65700   1.43400        70.00000         1.46000        34.52156         32.04872
   0.73900   1.65200   1.46300        76.00000         1.56000        36.39482         35.41525
   0.72800   1.64700   1.49500        80.00000         1.62000        37.83478         38.27707
   0.71800   1.64200   1.52400        82.00000         1.66000        38.60698         39.61629
   0.70900   1.63700   1.55400        82.00000         1.74000        38.97712         39.82692
   0.69800   1.63100   1.58500        86.00000         1.86000        38.95701         39.40443
   0.68900   1.62600   1.61500        82.00000         2.00000        38.73162         38.78412
   0.68000   1.62200   1.64400        84.00000         2.40000        38.33608         38.22734
   0.67100   1.61700   1.67300        84.00000         3.20000        38.02077         37.87583
   0.66100   1.61100   1.70500        74.00000         5.00000        37.77590         37.69781
   0.65300   1.60600   1.73400        68.00000        22.00000        37.67719         37.66405
   0.89700   2.43200   1.16000         6.80000         0.08800         3.44442          1.15349
   0.88400   2.42300   1.19900         7.00000         0.09600         3.43101          1.87657
   0.87000   2.41300   1.24100         7.40000         0.10800         3.60852          2.56827
   0.85700   2.40300   1.28100         8.20000         0.12800         3.93520          3.17525
   0.84500   2.39300   1.32100         8.80000         0.15800         4.37963          3.76612
   0.83200   2.38400   1.36000        10.20000         0.17400         4.86579          4.35479
   0.82100   2.37400   1.40000        11.00000         0.18600         5.39780          5.02882
   0.80900   2.36500   1.43900        12.00000         0.20000         5.86781          5.74303
   0.79700   2.35500   1.48100        13.20000         0.22000         6.30489          6.47521
   0.78500   2.34500   1.52100        14.20000         0.24000         6.63026          6.94669
   0.77400   2.33500   1.56100        14.80000         0.24000         6.87945          7.16584
   0.76400   2.32600   1.60000        15.40000         0.28000         7.06055          7.25575
   0.75300   2.31600   1.64000        15.80000         0.34000         7.21483          7.33934
   0.74300   2.30700   1.67900        15.80000         0.50000         7.35781          7.44177
   0.73300   2.29700   1.71900        14.20000         1.08000         7.52933          7.58463
   0.91400   3.15600   1.17700         1.96000         0.02800         0.92317          0.35878
   0.90100   3.14000   1.22700         1.96000         0.03200         0.94457          0.57768
   0.88800   3.12500   1.27600         2.00000         0.03800         1.01172          0.77020
   0.87500   3.10900   1.32500         2.20000         0.04400         1.11627          0.95115
   0.86200   3.09300   1.37700         2.60000         0.05200         1.25134          1.14190
   0.84900   3.07800   1.42600         2.80000         0.05600         1.38437          1.33020
   0.83700   3.06200   1.47600         3.20000         0.06200         1.51681          1.52393
   0.82500   3.04700   1.52500         3.60000         0.06800         1.63097          1.67161
   0.81300   3.03000   1.57700         3.60000         0.07400         1.74082          1.77702
   0.80200   3.01500   1.62600         4.00000         0.09200         1.83439          1.85656
   0.79000   2.99900   1.67600         4.00000         0.13000         1.92742          1.94013
   0.77900   2.98400   1.72500         4.20000         0.30000         2.02346          2.02731
   0.92900   3.88500   1.17600         0.62000         0.00960         0.29586          0.10587
   0.91800   3.86600   1.22500         0.62000         0.01040         0.30170          0.17171
   0.90600   3.84600   1.27700         0.68000         0.01260         0.32002          0.23478
   0.89600   3.82700   1.32600         0.72000         0.01520         0.34729          0.28981
   0.88500   3.80800   1.37500         0.78000         0.01760         0.38076          0.34155
   0.87400   3.78800   1.42700         0.88000         0.01920         0.42038          0.39500
   0.86300   3.76900   1.47600         1.00000         0.02000         0.45846          0.44383
   0.85300   3.75000   1.52500         1.04000         0.02200         0.49639          0.48923
   0.84300   3.73000   1.57700         1.16000         0.02600         0.53591          0.53252
   0.83300   3.71100   1.62600         1.20000         0.03200         0.57209          0.57085
   0.82300   3.69200   1.67500         1.32000         0.04600         0.60961          0.60880
   0.81300   3.67200   1.72700         1.30000         0.09800         0.65199          0.64953
   0.45000   1.95100   3.26500        43.88000         0.08447        22.02126         22.46238
   0.48300   2.00600   3.02500        42.06000         0.07591        20.92511         20.82892
   0.51700   2.05700   2.80500        38.14000         0.07099        19.35603         19.08629
   0.55000   2.10400   2.60200        33.54000         0.06885        16.88140         17.26238
   0.58300   2.14700   2.41500        30.53000         0.06892        15.36279         15.53152
   0.61700   2.18700   2.24000        27.90000         0.07091        14.08368         13.90099
   0.65000   2.22500   2.07900        23.00000         0.07164        11.85839         11.21966
   0.68300   2.26000   1.92800        19.24000         0.03971         9.90341          9.55487
   0.71700   2.29200   1.78700        17.26000         0.03693         8.71674          8.71376
   0.75000   2.32300   1.65500        16.16000         0.03810         8.04145          8.15684
   0.78300   2.35100   1.53100        14.98000         0.03675         7.42428          7.77776
   0.81700   2.37800   1.41400        12.40000         0.03444         6.18284          5.85960
   0.85000   2.40400   1.30500         9.25800         0.02992         4.65335          3.92018
   0.88300   2.42800   1.20100         7.80300         0.02721         3.82265          2.12567
   0.41700   2.33500   4.14900        18.75000         0.04070         9.20368          9.34895
   0.45000   2.42800   3.84800        16.99000         0.03600         8.49200          8.55960
   0.48300   2.51400   3.56900        15.28000         0.03553         7.69423          7.77807
   0.51700   2.59500   3.30800        13.92000         0.03871         6.90734          6.99843
   0.55000   2.67000   3.06500        12.54000         0.02196         6.23314          6.23823
   0.58300   2.74000   2.83800        11.18000         0.02144         5.59282          5.49880
   0.61700   2.80600   2.62500         9.51900         0.01921         4.74685          4.78389
   0.65000   2.86800   2.42500         8.22500         0.01841         4.11023          4.13870
   0.68300   2.92600   2.23700         7.14400         0.01791         3.58186          3.56732
   0.71700   2.98100   2.05900         5.73400         0.01657         2.91929          2.74880
   0.75000   3.03200   1.89200         4.68600         0.01636         2.35612          2.27612
   0.78300   3.08100   1.73300         3.90800         0.00774         1.96179          1.95949
   0.81700   3.12800   1.58300         3.42800         0.00696         1.67496          1.70107
   0.85000   3.17200   1.44000         2.76100         0.00636         1.35855          1.31897
   0.88300   3.21400   1.30500         2.09000         0.00526         1.02785          0.84021
   0.91700   3.25300   1.17600         1.88900         0.00501         0.89451          0.33930
   0.68300   3.52300   2.51400         3.05900         0.00616         1.47605          1.48593
   0.71700   3.60300   2.30500         2.58400         0.00568         1.24428          1.25997
   0.75000   3.67900   2.10700         2.03000         0.00514         1.00108          0.96623
   0.78300   3.75100   1.91900         1.57400         0.00463         0.77525          0.74214
   0.81700   3.82000   1.73800         1.25800         0.00426         0.60645          0.60238
   0.85000   3.88600   1.56600         0.99300         0.00413         0.48107          0.47381
   0.88300   3.94900   1.40200         0.76620         0.00244         0.36615          0.33551
   0.91700   4.00900   1.24500         0.59990         0.00208         0.28363          0.17988
   0.55000   3.74500   3.94500         2.41100         0.00625         1.16210          1.16795
   0.58300   3.88500   3.65600         2.02300         0.00515         0.98197          0.98835
   0.61700   4.01900   3.37800         1.68000         0.00476         0.82245          0.82641
   0.65000   4.14600   3.11400         1.41900         0.00459         0.68735          0.68400
   0.68300   4.26900   2.86000         1.16800         0.00287         0.57103          0.55850
   0.71700   4.38700   2.61500         0.95120         0.00268         0.45712          0.45014
   0.75000   4.50000   2.38100         0.75400         0.00224         0.36120          0.36451
   0.78300   4.60900   2.15600         0.57850         0.00200         0.28114          0.28285
   0.81700   4.71400   1.93900         0.42800         0.00176         0.20713          0.19987
   0.85000   4.81400   1.73000         0.31600         0.00154         0.15094          0.15034
   0.88300   4.91100   1.53000         0.23080         0.00142         0.11024          0.10166
   0.91700   5.00500   1.33500         0.16780         0.00086         0.07954          0.06538
   0.31700   2.80800   6.93900         2.97100         0.01169         1.55422          1.53112
   0.35000   3.04500   6.53700         2.66200         0.00832         1.36021          1.33272
   0.38300   3.27400   6.14900         2.34000         0.00600         1.17375          1.15528
   0.41700   3.49500   5.77400         2.03700         0.00547         1.00204          0.99611
   0.45000   3.70800   5.41300         1.76500         0.00534         0.86055          0.85379
   0.48300   3.91300   5.06500         1.49300         0.00433         0.72737          0.72677
   0.51700   4.11300   4.72800         1.27200         0.00349         0.61144          0.61278
   0.55000   4.30400   4.40300         1.06300         0.00328         0.51279          0.51242
   0.58300   4.49000   4.08800         0.87200         0.00173         0.42319          0.42362
   0.61700   4.66900   3.78300         0.72220         0.00144         0.34850          0.34632
   0.65000   4.84300   3.48900         0.58200         0.00127         0.28143          0.27967
   0.68300   5.01100   3.20400         0.46450         0.00115         0.22668          0.22294
   0.71700   5.17500   2.92700         0.37620         0.00115         0.17919          0.17523
   0.75000   5.33300   2.65900         0.29250         0.00081         0.13773          0.13616
   0.78300   5.48600   2.39900         0.22470         0.00080         0.10476          0.10594
   0.81700   5.63500   2.14600         0.16250         0.00068         0.07677          0.07859
   0.85000   5.78000   1.90100         0.11390         0.00058         0.05308          0.05298
   0.88300   5.92000   1.66300         0.07683         0.00048         0.03609          0.03556
   0.91700   6.05700   1.43100         0.05379         0.00044         0.02447          0.02110
   0.95000   6.18900   1.20700         0.04058         0.00029         0.01821          0.00836
   0.35000   3.26600   6.94600         1.42500         0.00973         0.74945          0.72920
   0.38300   3.53100   6.56100         1.28500         0.00738         0.63869          0.62177
   0.41700   3.78900   6.18500         1.08400         0.00481         0.53649          0.52741
   0.45000   4.04000   5.82000         0.92140         0.00438         0.45343          0.44481
   0.48300   4.28500   5.46300         0.77280         0.00418         0.37805          0.37224
   0.51700   4.52500   5.11400         0.64280         0.00246         0.31164          0.30860
   0.55000   4.75800   4.77500         0.53080         0.00207         0.25680          0.25355
   0.58300   4.98600   4.44300         0.43230         0.00191         0.20789          0.20587
   0.61700   5.20900   4.11900         0.34440         0.00109         0.16787          0.16508
   0.65000   5.42600   3.80300         0.27470         0.00099         0.13324          0.13073
   0.68300   5.63800   3.49400         0.21210         0.00088         0.10461          0.10208
   0.71700   5.84600   3.19200         0.16580         0.00080         0.08090          0.07856
   0.75000   6.04800   2.89700         0.12710         0.00048         0.06173          0.05968
   0.78300   6.24600   2.60900         0.09453         0.00043         0.04521          0.04479
   0.81700   6.44000   2.32600         0.06785         0.00037         0.03243          0.03408
   0.85000   6.63000   2.05100         0.04649         0.00031         0.02226          0.02256
   0.88300   6.81500   1.78100         0.03047         0.00025         0.01449          0.01475
   0.91700   6.99700   1.51600         0.02014         0.00019         0.00922          0.00768
   0.95000   7.17400   1.25900         0.01421         0.00021         0.00626          0.00392
   0.89400   2.45200   1.17200        24.90000         0.61700        13.13103          5.31044
   0.88500   2.44800   1.19800        25.10000         0.66700        13.13227          7.10338
   0.87700   2.44500   1.22200        26.60000         0.83100        13.37814          8.62449
   0.86900   2.44200   1.24800        27.80000         0.86600        13.89487         10.16207
   0.86200   2.43800   1.27200        30.80000         0.78100        14.60058         11.52271
   0.85400   2.43500   1.29800        30.70000         0.80000        15.50809         12.92499
   0.84600   2.43200   1.32200        33.50000         0.90000        16.46339         14.19864
   0.83900   2.42800   1.34800        35.90000         0.92500        17.63697         15.62856
   0.83200   2.42500   1.37200        38.60000         1.06000        18.72894         16.98683
   0.82400   2.42100   1.39800        40.40000         1.07000        19.91408         18.56094
   0.81700   2.41800   1.42200        42.20000         1.13000        20.94262         20.09200
   0.81000   2.41400   1.44800        43.80000         1.18000        22.00407         21.80701
   0.80300   2.41100   1.47200        43.60000         1.23000        22.83828         23.26454
   0.79600   2.40800   1.49600        46.90000         1.52000        23.55377         24.46020
   0.78900   2.40400   1.52200        48.50000         1.42000        24.24044         25.37498
   0.78300   2.40100   1.54600        47.40000         1.81000        24.75100         25.85169
   0.77600   2.39800   1.57200        48.60000         1.47000        25.17602         26.10527
   0.77000   2.39400   1.59500        47.90000         1.50000        25.54499         26.26716
   0.76300   2.39100   1.62200        50.60000         1.64000        25.85764         26.38463
   0.75700   2.38700   1.64500        52.70000         1.66000        26.16121         26.54605
   0.75100   2.38400   1.67200        50.10000         1.71000        26.48798         26.73771
   0.74500   2.38100   1.69500        48.70000         2.06000        26.75992         26.95002
   0.73900   2.37700   1.72200        51.10000         1.82000        27.17073         27.25926
   0.73300   2.37400   1.74500        51.90000         2.26000        27.49778         27.54160
   0.72700   2.37000   1.77100        55.20000         2.18000        27.96828         27.90922
   0.72100   2.36700   1.79500        50.30000         1.86000        28.39867         28.25354
   0.71500   2.36300   1.82100        56.80000         2.36000        28.96754         28.66969
   0.71000   2.36000   1.84500        59.10000         1.98000        29.53620         29.05361
   0.70400   2.35700   1.87100        54.80000         1.90000        30.16493         29.48015
   0.69900   2.35300   1.89500        59.10000         2.00000        30.87531         29.92275
   0.69300   2.35000   1.92100        60.90000         2.02000        31.61092         30.38349
   0.68800   2.34700   1.94500        58.00000         1.98000        32.37850         30.83167
   0.68200   2.34300   1.97100        61.00000         2.05000        33.26845         31.35939
   0.67700   2.34000   1.99500        62.70000         2.11000        34.13529         31.84994
   0.67200   2.33600   2.02100        63.10000         2.53000        35.18639         32.43302
   0.66700   2.33300   2.04700        67.70000         2.56000        36.23134         33.74269
   0.66100   2.32900   2.07300        70.70000         2.62000        37.29688         35.07114
   0.65600   2.32600   2.09700        72.80000         2.70000        38.29311         36.26541
   0.65100   2.32200   2.12300        73.00000         3.08000        39.44112         37.60259
   0.64700   2.31900   2.14700        80.40000         3.70000        40.48398         38.94198
   0.64200   2.31600   2.17300        83.80000         3.22000        41.49843         41.93631
   0.63700   2.31200   2.19700        84.20000         4.06000        42.41738         42.18136
   0.63200   2.30900   2.22300        86.60000         4.87000        43.27158         42.45026
   0.62800   2.30500   2.24700        86.70000         4.33000        44.09105         43.41524
   0.62300   2.30200   2.27300        87.00000         4.20000        44.72398         44.35961
   0.61900   2.29900   2.29700        96.40000         4.07000        45.28085         45.07755
   0.61400   2.29500   2.32300        85.30000         3.84000        45.78466         45.70889
   0.61000   2.29200   2.34700        97.50000         4.69000        46.19153         46.16344
   0.60600   2.28900   2.37100        82.90000         4.92000        46.55468         46.59466
   0.60100   2.28500   2.39700        84.50000         4.01000        46.91322         47.11815
   0.59700   2.28200   2.42100        93.40000         5.13000        47.25602         47.61164
   0.92800   3.93400   1.18700         4.54000         0.15900         2.42918          0.99250
   0.92100   3.92900   1.21900         4.89000         0.15700         2.45139          1.33357
   0.91300   3.92300   1.25300         4.92000         0.15100         2.51661          1.66704
   0.90600   3.91700   1.28600         5.49000         0.16600         2.61859          1.96787
   0.89900   3.91200   1.31800         5.60000         0.18300         2.74277          2.23849
   0.89200   3.90600   1.35200         6.12000         0.16800         2.90104          2.51080
   0.88600   3.90100   1.38400         6.57000         0.17300         3.06521          2.75420
   0.87900   3.89500   1.41700         6.78000         0.17700         3.24209          2.99455
   0.87200   3.89000   1.44900         6.99000         0.19400         3.41224          3.21607
   0.86600   3.88400   1.48300         7.35000         0.21900         3.60011          3.44650
   0.85900   3.87900   1.51700         7.54000         0.20200         3.77501          3.65669
   0.85300   3.87300   1.54800         8.08000         0.21700         3.93745          3.84118
   0.84600   3.86700   1.58200         8.34000         0.22100         4.10722          4.02979
   0.84000   3.86200   1.61400         8.76000         0.23000         4.26161          4.20034
   0.83400   3.85600   1.64800         8.55000         0.24400         4.43631          4.38075
   0.82800   3.85100   1.68200         9.44000         0.26600         4.60989          4.55497
   0.82200   3.84500   1.71300         9.23000         0.30700         4.77649          4.71587
   0.81600   3.84000   1.74700        10.00000         0.27600         4.96280          4.88730
   0.81000   3.83400   1.77900         9.81000         0.35200         5.15021          5.05201
   0.80400   3.82900   1.81300         9.91000         0.28800         5.35438          5.22298
   0.79900   3.82300   1.84400        11.00000         0.32000         5.56137          5.38601
   0.79300   3.81700   1.87800        10.90000         0.32000         5.79129          5.56291
   0.78700   3.81200   1.91200        12.00000         0.37500         6.02536          5.73828
   0.78200   3.80600   1.94400        13.10000         0.36900         6.26851          5.91305
   0.77600   3.80100   1.97800        12.90000         0.48100         6.51979          6.09690
   0.77000   3.79500   2.01100        13.50000         0.41100         6.77597          6.28725
   0.76500   3.78900   2.04500        13.60000         0.50200         7.05753          6.61246
   0.95200   5.93200   1.17700         0.92000         0.01900         0.45690          0.15541
   0.94600   5.92300   1.22200         0.94600         0.01990         0.46656          0.24319
   0.93900   5.91400   1.26600         1.00000         0.02360         0.48313          0.32011
   0.93200   5.90500   1.30900         1.06000         0.02220         0.50512          0.38648
   0.92600   5.89600   1.35300         1.12000         0.02270         0.53362          0.44431
   0.92000   5.88700   1.39600         1.18000         0.02620         0.56589          0.48842
   0.91300   5.87800   1.44000         1.26000         0.02820         0.60171          0.52050
   0.90700   5.86900   1.48500         1.29000         0.02810         0.64227          0.55245
   0.90100   5.86100   1.52800         1.37000         0.02690         0.68287          0.59964
   0.89400   5.85100   1.57500         1.45000         0.02800         0.72967          0.67116
   0.88800   5.84200   1.61900         1.57000         0.03110         0.77525          0.74344
   0.88200   5.83300   1.66200         1.62000         0.03390         0.82239          0.81133
   0.87600   5.82400   1.70700         1.73000         0.03590         0.87401          0.87808
   0.87000   5.81500   1.75100         1.88000         0.03640         0.92692          0.93979
   0.86400   5.80700   1.79400         1.95000         0.03810         0.98050          0.99720
   0.85800   5.79800   1.83800         2.07000         0.04870         1.03870          1.05499
   0.85200   5.78800   1.88300         2.21000         0.05010         1.10210          1.11396
   0.84700   5.78000   1.92600         2.31000         0.04660         1.16543          1.17011
   0.84100   5.77100   1.97000         2.56000         0.05070         1.23190          1.22816
   0.83500   5.76200   2.01500         2.54000         0.06150         1.30234          1.28953
   0.83000   5.75300   2.05700         2.69000         0.06370         1.37169          1.38323
   0.82500   5.74400   2.10200         2.85000         0.08680         1.44750          1.48424
   0.81900   5.73500   2.14700         2.81000         0.06880         1.52132          1.58740
   0.81400   5.72600   2.18900         3.17000         0.09290         1.59184          1.75209
   0.80900   5.71700   2.23400         3.33000         0.11400         1.66653          1.76297
   0.96200   7.04300   1.16100         0.38200         0.05330         0.21768          0.05815
   0.95400   7.03100   1.21700         0.46000         0.05850         0.22316          0.11170
   0.94700   7.01900   1.27000         0.50400         0.06020         0.23223          0.15625
   0.94000   7.00700   1.32500         0.58100         0.06300         0.24635          0.19525
   0.93400   6.99600   1.37800         0.54900         0.06970         0.26312          0.22358
   0.92700   6.98400   1.43300         0.62400         0.07060         0.28306          0.24100
   0.92000   6.97200   1.48600         0.72900         0.07820         0.30450          0.25477
   0.91400   6.96100   1.53900         0.67100         0.08030         0.32815          0.28499
   0.90700   6.94800   1.59400         0.70300         0.08380         0.35456          0.33179
   0.90100   6.93700   1.64700         0.88200         0.09040         0.38184          0.37824
   0.89400   6.92500   1.70200         1.07000         0.09790         0.41200          0.42267
   0.88800   6.91300   1.75500         1.07000         0.10200         0.44335          0.46268
   0.88100   6.90100   1.81000         0.92600         0.09470         0.47692          0.50157
   0.87500   6.89000   1.86300         1.06000         0.10100         0.51118          0.53809
   0.86900   6.87700   1.91800         1.28000         0.10700         0.54903          0.57613
   0.86300   6.86600   1.97100         1.29000         0.11100         0.58625          0.61270
   0.85700   6.85400   2.02600         1.13000         0.10600         0.62668          0.65454
   0.85100   6.84200   2.08100         1.29000         0.11200         0.66832          0.71856
   0.84500   6.83000   2.13400         1.31000         0.11100         0.70916          0.77747
   0.83900   6.81800   2.19000         1.36000         0.10800         0.75308          0.87120
   0.96500   7.91800   1.16700         0.26500         0.00817         0.13055          0.03854
   0.95900   7.90500   1.22000         0.28700         0.00800         0.13494          0.06883
   0.95200   7.89300   1.27400         0.30000         0.00874         0.14046          0.09595
   0.94600   7.88100   1.32800         0.30400         0.00889         0.14841          0.11870
   0.94000   7.86800   1.38100         0.37400         0.01010         0.15836          0.13513
   0.93400   7.85600   1.43500         0.38100         0.01380         0.16986          0.14440
   0.92800   7.84300   1.49100         0.40500         0.01160         0.18333          0.15290
   0.92200   7.83100   1.54500         0.42600         0.01350         0.19745          0.17309
   0.91600   7.81800   1.59800         0.44200         0.01320         0.21254          0.20199
   0.91000   7.80600   1.65200         0.46600         0.01340         0.22893          0.23180
   0.90400   7.79400   1.70600         0.48200         0.01560         0.24633          0.25932
   0.89900   7.78100   1.75900         0.56100         0.02030         0.26500          0.28472
   0.89300   7.76900   1.81300         0.59700         0.01850         0.28458          0.30889
   0.88700   7.75700   1.86700         0.64800         0.01980         0.30523          0.33232
   0.88100   7.74400   1.92300         0.68900         0.02130         0.32793          0.35652
   0.87600   7.73100   1.97600         0.73200         0.02840         0.35091          0.38004
   0.87000   7.71900   2.03000         0.80100         0.02970         0.37447          0.40687
   0.86500   7.70700   2.08400         0.85300         0.03340         0.39942          0.44544
   0.96800   9.91500   1.21200         0.10800         0.00305         0.05106          0.02416
   0.96200   9.89900   1.27500         0.11800         0.00360         0.05402          0.03636
   0.95600   9.88300   1.33700         0.11900         0.00333         0.05739          0.04638
   0.95000   9.86700   1.40000         0.12400         0.00424         0.06133          0.05359
   0.94400   9.85100   1.46300         0.14600         0.00429         0.06644          0.05786
   0.93800   9.83500   1.52600         0.15400         0.00430         0.07216          0.06477
   0.93300   9.81900   1.58900         0.16600         0.00502         0.07857          0.07715
   0.92700   9.80300   1.65200         0.18000         0.00488         0.08555          0.09036
   0.92100   9.78700   1.71500         0.20000         0.00537         0.09284          0.10260
   0.91600   9.77100   1.77800         0.20300         0.00644         0.10082          0.11409
   0.91000   9.75500   1.84000         0.22200         0.00630         0.10900          0.12482
   0.90500   9.73900   1.90300         0.26100         0.00763         0.11801          0.13568
   0.90000   9.72300   1.96600         0.28000         0.01010         0.12751          0.14665
   0.89400   9.70700   2.02900         0.31200         0.00847         0.13724          0.15869
   0.88900   9.69100   2.09200         0.29300         0.00864         0.14760          0.17572
   0.88400   9.67500   2.15500         0.32800         0.01000         0.15835          0.19286
   0.87800   9.65900   2.21800         0.33800         0.01380         0.16916          0.20686
   0.87300   9.64300   2.28000         0.35400         0.01480         0.18039          0.21982
