 x    Q2    WSQ   XS_data   XS_stat_err  XS_sys_err    XS_f1f217    XS_ineft
   0.27500   0.90500   3.27000   1050000.00000         0.02300         0.00900       1036.98017       1065.71225
   0.22300   0.86900   3.90000    945300.00000         0.02300         0.01000        956.34397        958.16865
   0.17600   0.82400   4.73000    819700.00000         0.02200         0.01000        805.08199        825.75830
   0.15300   0.79400   5.28000    747600.00000         0.02300         0.01000        739.84366        751.50333
   0.11900   0.73700   6.33000    636500.00000         0.02500         0.01200        636.81409        636.89562
   0.09000   0.66600   7.61000    530400.00000         0.02500         0.01200        532.56760        534.21374
   0.06700   0.58600   9.07000    439400.00000         0.02400         0.01300        450.75704        451.48196
   0.41700   1.68500   3.24000    354100.00000         0.02000         0.00800        356.87557        352.59928
   0.36500   1.64700   3.74000    363400.00000         0.02000         0.00800        365.57780        360.12600
   0.31400   1.60100   4.37000    356300.00000         0.02100         0.00800        347.63189        355.80527
   0.27100   1.55200   5.05000    343700.00000         0.02100         0.00800        332.84607        342.91314
   0.20900   1.45500   6.38000    312900.00000         0.02600         0.00800        308.36301        310.04033
   0.16800   1.36300   7.64000    283600.00000         0.02600         0.00800        276.87501        279.50829
   0.13200   1.25600   9.11000    250500.00000         0.02600         0.00800        243.28022        249.00895
   0.10400   1.14100  10.69000    220300.00000         0.02500         0.00800        218.95313        222.75390
   0.08100   1.01900  12.36000    205200.00000         0.02500         0.01100        196.74369        201.43512
   0.50300   2.37700   3.23000    153200.00000         0.02000         0.01100        156.42120        155.24912
   0.45000   2.33400   3.74000    165600.00000         0.02000         0.01000        172.58584        169.37876
   0.39700   2.28200   4.35000    177200.00000         0.02000         0.01000        179.91179        179.16190
   0.34800   2.22200   5.04000    181400.00000         0.02000         0.00900        179.48105        183.88847
   0.28300   2.11900   6.24000    178200.00000         0.02300         0.00900        178.95672        182.16196
   0.22600   1.99500   7.71000    175100.00000         0.02400         0.00800        172.82762        172.29698
   0.18500   1.87200   9.15000    163000.00000         0.02500         0.00800        159.92439        160.61676
   0.15000   1.73800  10.72000    150000.00000         0.02500         0.00800        147.39845        148.40837
   0.12200   1.59400  12.40000    137800.00000         0.02500         0.00700        133.27318        137.06818
   0.09800   1.44000  14.20000    129600.00000         0.02500         0.00800        121.75717        127.18986
   0.07700   1.27500  16.13000    122200.00000         0.02500         0.00900        111.84398        119.17304
   0.06300   1.13600  17.75000    115700.00000         0.02500         0.01100        105.75384        114.44415
   0.59700   3.50100   3.24000     51290.00000         0.02600         0.02000         53.91617         50.98814
   0.54200   3.44500   3.79000     59850.00000         0.02200         0.01700         63.14207         60.68077
   0.49000   3.38300   4.40000     69160.00000         0.02000         0.01500         68.95855         69.31214
   0.44200   3.31400   5.07000     75460.00000         0.02000         0.01400         76.45221         76.48837
   0.37200   3.19100   6.28000     82820.00000         0.02300         0.01300         84.75643         84.30950
   0.30900   3.04700   7.70000     88070.00000         0.02500         0.01200         88.44082         87.66497
   0.23900   2.81900   9.86000     86620.00000         0.02300         0.01000         86.24031         86.59013
   0.18300   2.56900  12.38000     81060.00000         0.02500         0.00900         82.09502         81.53458
   0.15200   2.38200  14.21000     79460.00000         0.02500         0.00800         77.47762         77.62804
   0.12600   2.18800  16.11000     74410.00000         0.02400         0.00700         72.64921         73.95177
   0.10700   2.01700  17.80000     72060.00000         0.02500         0.00700         68.46373         71.19891
   0.09000   1.84500  19.48000     69510.00000         0.02500         0.00700         64.88595         69.06193
   0.07500   1.65800  21.31000     69410.00000         0.02500         0.00800         61.23544         67.46662
   0.32200   1.10500   3.21000    254300.00000         0.02200         0.01300        257.39648        258.32936
   0.26900   1.05200   3.73000    243300.00000         0.02200         0.01300        249.96137        249.39297
   0.24000   1.01600   4.10000    237900.00000         0.02600         0.01400        240.82508        240.02193
   0.17700   0.91200   5.12000    212200.00000         0.02500         0.01400        209.48141        213.36354
   0.12700   0.79100   6.30000    187100.00000         0.02500         0.01400        186.94145        186.98768
   0.08900   0.65700   7.61000    162900.00000         0.02400         0.01500        165.00205        165.46134
   0.45300   1.87000   3.13000     87020.00000         0.02800         0.01100         92.96887         91.58979
   0.34700   1.74100   4.15000     99680.00000         0.02600         0.01100        101.43076        101.28404
   0.21400   1.46900   6.29000     96630.00000         0.02700         0.01300         97.39555         97.52382
   0.12000   1.11500   9.06000     84070.00000         0.02900         0.01400         84.74232         86.03391
   0.53900   2.76200   3.24000     33420.00000         0.02000         0.00900         34.61074         33.99126
   0.48900   2.69300   3.70000     37290.00000         0.02000         0.00800         39.27515         38.59703
   0.44000   2.61600   4.21000     41870.00000         0.02000         0.00800         42.98930         42.56679
   0.37400   2.48900   5.04000     46750.00000         0.02400         0.00800         46.19917         46.97445
   0.29700   2.29700   6.32000     49510.00000         0.02500         0.01100         50.06394         50.01067
   0.23700   2.09800   7.64000     50840.00000         0.02500         0.01100         50.98198         50.50223
   0.18700   1.88000   9.08000     49690.00000         0.02500         0.01200         49.68256         49.77994
   0.14400   1.64400  10.64000     47750.00000         0.02600         0.01300         48.31537         48.72762
   0.10800   1.38800  12.33000     48130.00000         0.02600         0.01400         46.77548         48.07126
   0.07700   1.11400  14.15000     47940.00000         0.02600         0.01600         46.66713         48.55071
   0.63900   4.14900   3.23000      9703.00000         0.02500         0.01300          9.95171          9.56482
   0.58000   4.04400   3.81000     12210.00000         0.02700         0.01000         12.67795         12.22139
   0.55300   3.99100   4.11000     13240.00000         0.06000         0.00900         13.91899         13.50676
   0.47100   3.80400   5.15000     17630.00000         0.02400         0.00800         17.71292         17.41709
   0.39800   3.59400   6.32000     20650.00000         0.02400         0.00700         21.00994         20.66837
   0.33200   3.35700   7.63000     22830.00000         0.02400         0.00800         23.21574         23.06471
   0.27300   3.09200   9.11000     24670.00000         0.02500         0.00800         25.17038         24.58807
   0.22400   2.81900  10.63000     25510.00000         0.02500         0.01100         25.54850         25.38049
   0.17900   2.50900  12.35000     25460.00000         0.02600         0.01200         26.19054         25.84937
   0.14200   2.18900  14.13000     26250.00000         0.02600         0.01300         26.24105         26.25960
   0.10800   1.83400  16.10000     27110.00000         0.02500         0.01400         26.08891         27.00978
   0.08400   1.54200  17.73000     27060.00000         0.02600         0.01600         26.21982         28.12380
   0.69200   5.18000   3.19000      4346.00000         0.03700         0.01700          4.42508          4.29467
   0.60100   4.98100   4.19000      7161.00000         0.03000         0.01100          6.98681          6.81373
   0.53200   4.80000   5.11000      9002.00000         0.02500         0.00900          9.20532          9.05278
   0.45400   4.55300   6.36000     11890.00000         0.02500         0.00700         11.95216         11.67521
   0.38700   4.29400   7.67000     13850.00000         0.02600         0.00700         14.04002         13.80230
   0.32800   4.01400   9.09000     15890.00000         0.02600         0.00700         15.41065         15.44498
   0.27400   3.69900  10.69000     16370.00000         0.02700         0.00800         16.90866         16.66061
   0.22700   3.37300  12.34000     17970.00000         0.02700         0.00800         17.57420         17.46416
   0.18500   3.01300  14.16000     18280.00000         0.02700         0.01100         18.36951         18.08712
   0.14700   2.63100  16.09000     18610.00000         0.02700         0.01200         19.14388         18.69861
   0.12000   2.30500  17.74000     19100.00000         0.02800         0.01300         19.10576         19.34244
   0.09600   1.96800  19.45000     19900.00000         0.02800         0.01600         19.33211         20.27976
   0.74600   6.87900   3.23000      1531.00000         0.06000         0.02400          1.49076          1.48356
   0.69000   6.72900   3.90000      2109.00000         0.04300         0.01800          2.19980          2.14618
   0.66200   6.64700   4.27000      2283.00000         0.20700         0.01600          2.60143          2.54830
   0.59900   6.44100   5.20000      3728.00000         0.03000         0.01200          3.70967          3.61819
   0.52800   6.17400   6.39000      4976.00000         0.02800         0.01000          5.11393          4.99555
   0.46500   5.89400   7.65000      6415.00000         0.02600         0.00800          6.43588          6.33210
   0.40400   5.56900   9.11000      7766.00000         0.02600         0.00700          7.68390          7.65441
   0.34700   5.21500  10.70000      8977.00000         0.02600         0.00700          8.64658          8.80262
   0.29700   4.84500  12.36000      9928.00000         0.02600         0.00700          9.58589          9.71567
   0.25100   4.44600  14.15000     10520.00000         0.02700         0.00700         10.28651         10.45509
   0.20800   4.00300  16.14000     11280.00000         0.02700         0.00800         11.01562         11.09601
   0.17800   3.64900  17.73000     11560.00000         0.02700         0.01100         11.74966         11.55371
   0.15000   3.26500  19.45000     12280.00000         0.02700         0.01200         12.43760         12.06760
   0.12200   2.85100  21.31000     12950.00000         0.02700         0.01300         12.92071         12.72087
   0.09900   2.43800  23.17000     13030.00000         0.03100         0.01600         13.26378         13.57312
   0.07700   2.00900  25.09000     14790.00000         0.03300         0.01600         13.59667         14.82534
   0.77100   8.08800   3.29000       783.60000         0.05300         0.02800          0.80785          0.80138
   0.71100   7.89700   4.08000      1304.00000         0.03500         0.02000          1.26139          1.24422
   0.64500   7.65600   5.10000      1978.00000         0.02700         0.01500          1.96684          1.93109
   0.57100   7.34800   6.39000      2874.00000         0.02400         0.01200          2.93458          2.89195
   0.50800   7.03700   7.69000      3829.00000         0.02400         0.01000          3.91487          3.85906
   0.44700   6.69100   9.14000      4860.00000         0.02400         0.00800          4.85371          4.85506
   0.39300   6.32800  10.67000      5660.00000         0.02400         0.00700          5.70335          5.76706
   0.34100   5.93100  12.33000      6620.00000         0.02500         0.00700          6.36253          6.59283
   0.29300   5.49800  14.14000      7151.00000         0.02500         0.00700          7.07883          7.31463
   0.24800   5.03200  16.10000      7901.00000         0.02500         0.00700          7.63067          7.93389
   0.21500   4.63400  17.77000      8432.00000         0.02500         0.00800          8.14449          8.38148
   0.18500   4.21900  19.51000      9538.00000         0.02500         0.00800          8.80257          8.81584
   0.15700   3.80400  21.25000      9117.00000         0.02600         0.01100          9.47257          9.26191
   0.13100   3.35500  23.13000      9968.00000         0.02600         0.01200         10.06871          9.80996
   0.10700   2.88800  25.09000     10510.00000         0.02500         0.01500         10.54868         10.52314
   0.08300   2.38600  27.19000     11450.00000         0.02700         0.01600         11.04754         11.57325
   0.33700   1.17100   3.18000     62040.00000         0.01000         0.00700         62.20757         63.08027
   0.29300   1.10200   3.54000     62970.00000         0.00900         0.00700         63.45895         64.47616
   0.26000   1.04300   3.85000     63460.00000         0.01000         0.00700         64.20622         64.77775
   0.23500   0.99400   4.12000     64240.00000         0.01300         0.00800         63.85694         64.58309
   0.18800   0.88400   4.70000     62970.00000         0.01300         0.00800         62.39838         63.77153
   0.15000   0.77300   5.28000     61840.00000         0.01300         0.00900         61.88648         62.85368
   0.11800   0.66300   5.85000     60120.00000         0.01400         0.01000         61.73964         62.31316
   0.52200   2.51500   3.19000     11960.00000         0.01100         0.00800         12.01425         11.76483
   0.48500   2.44300   3.47000     12550.00000         0.01300         0.00800         13.16381         13.04074
   0.40800   2.26600   4.16000     15210.00000         0.01200         0.00700         15.59404         15.67492
   0.35500   2.12100   4.73000     17100.00000         0.01200         0.00700         16.99184         17.36378
   0.29800   1.94100   5.45000     18530.00000         0.01200         0.00600         18.75343         18.96514
   0.24300   1.73200   6.27000     20500.00000         0.01300         0.00700         20.43919         20.34355
   0.20300   1.55300   6.97000     20650.00000         0.01300         0.00700         21.57667         21.31337
   0.17800   1.42800   7.46000     21360.00000         0.01300         0.00700         22.15923         21.96178
   0.15700   1.31200   7.92000     21700.00000         0.01300         0.00800         22.69548         22.58831
   0.10200   0.95800   9.32000     24660.00000         0.01700         0.01000         24.74375         25.08108
   0.74200   6.11500   3.01000       630.20000         0.02800         0.02100          0.57971          0.56307
   0.67300   5.86200   3.73000       912.10000         0.02800         0.01700          0.92439          0.89472
   0.61000   5.60500   4.46000      1307.00000         0.02800         0.01500          1.32885          1.29518
   0.55500   5.35200   5.18000      1750.00000         0.02200         0.01300          1.78023          1.72794
   0.48400   4.98600   6.20000      2358.00000         0.01600         0.01100          2.45101          2.37169
   0.40200   4.50100   7.59000      3277.00000         0.01300         0.00900          3.32295          3.22568
   0.34400   4.10300   8.71000      3871.00000         0.01300         0.00800          3.94452          3.88339
   0.30200   3.78000   9.63000      4358.00000         0.01300         0.00700          4.49226          4.39140
   0.26800   3.50100  10.43000      4783.00000         0.01400         0.00700          4.98432          4.81622
   0.24100   3.25400  11.14000      5134.00000         0.01700         0.00600          5.33274          5.18864
   0.21200   2.97300  11.92000      5556.00000         0.01300         0.00600          5.75190          5.61799
   0.19000   2.74000  12.60000      5880.00000         0.01600         0.00600          6.14875          5.99452
   0.17200   2.54600  13.15000      5909.00000         0.02100         0.00700          6.51323          6.32836
   0.15600   2.36200  13.67000      6390.00000         0.01900         0.00700          6.80282          6.67092
   0.14100   2.17800  14.20000      6091.00000         0.03200         0.00800          7.10266          7.04864
   0.12900   2.03600  14.60000      6880.00000         0.02300         0.00800          7.33708          7.36975
   0.11300   1.82700  15.19000      7474.00000         0.02800         0.00900          7.71940          7.90446
   0.09100   1.52600  16.05000      8332.00000         0.03600         0.01000          8.40167          8.85832
   0.58600   7.26300   6.01000       760.60000         0.01800         0.01600          0.75924          0.73838
   0.42800   6.07500   9.01000      1667.00000         0.01900         0.01100          1.61956          1.60748
   0.32100   5.06100  11.58000      2377.00000         0.02000         0.00800          2.37316          2.38928
   0.23600   4.07000  14.08000      3122.00000         0.01300         0.00600          3.19620          3.16378
   0.20100   3.61500  15.23000      3452.00000         0.02000         0.00600          3.63368          3.55062
   0.17900   3.30200  16.02000      3772.00000         0.02000         0.00600          3.99218          3.84305
   0.15700   2.98200  16.83000      4038.00000         0.02200         0.00700          4.36283          4.17680
   0.14300   2.76200  17.39000      4339.00000         0.02300         0.00700          4.61674          4.43435
   0.13000   2.54200  17.94000      4547.00000         0.02600         0.00800          4.84616          4.72111
   0.11600   2.31600  18.52000      4795.00000         0.02600         0.00800          5.03740          5.05755
   0.10600   2.14400  18.95000      5095.00000         0.03900         0.00900          5.23266          5.34727
   0.09600   1.97100  19.39000      5179.00000         0.03700         0.00900          5.44401          5.67781
   0.08000   1.66500  20.15000      5821.00000         0.03100         0.01000          5.89313          6.38596
   0.77100   9.14700   3.59000       155.40000         0.04300         0.02500          0.15252          0.14849
   0.66400   8.49400   5.18000       361.20000         0.02700         0.02000          0.36106          0.35307
   0.54100   7.60700   7.33000       809.20000         0.01600         0.01500          0.77452          0.76505
   0.47200   7.02600   8.74000      1118.00000         0.01300         0.01300          1.09416          1.08503
   0.40100   6.35900  10.37000      1520.00000         0.01400         0.01100          1.47289          1.47587
   0.33700   5.67400  12.04000      1890.00000         0.01300         0.00900          1.84877          1.88660
   0.29000   5.11800  13.40000      2218.00000         0.01300         0.00800          2.21514          2.22535
   0.25700   4.69600  14.42000      2487.00000         0.01500         0.00700          2.48704          2.48839
   0.23300   4.37000  15.23000      2706.00000         0.01800         0.00600          2.69887          2.70100
   0.20400   3.93800  16.27000      2891.00000         0.01700         0.00600          3.05741          2.99920
   0.17700   3.52600  17.28000      3244.00000         0.01700         0.00600          3.44634          3.31593
   0.16100   3.26700  17.92000      3439.00000         0.02600         0.00700          3.70724          3.53836
   0.14600   3.02100  18.52000      3705.00000         0.02600         0.00700          3.94740          3.77156
   0.12100   2.57200  19.60000      3963.00000         0.02100         0.00800          4.35720          4.27393
   0.10800   2.33400  20.19000      4185.00000         0.03500         0.00900          4.54903          4.59852
   0.09800   2.14600  20.64000      4766.00000         0.02800         0.00900          4.74713          4.89165
   0.08800   1.96000  21.10000      5188.00000         0.06000         0.00900          4.93277          5.22554
   0.78900  13.36300   4.46000        47.71000         0.02300         0.03000          0.06840          0.04498
   0.70100  12.52800   6.23000       107.60000         0.02000         0.02400          0.08548          0.10493
   0.62100  11.69300   8.00000       201.30000         0.01800         0.02100          0.19217          0.19805
   0.55000  10.85800   9.78000       333.10000         0.01700         0.01800          0.33083          0.32182
   0.46900   9.80900  11.99000       505.10000         0.01500         0.01500          0.51531          0.50972
   0.41600   9.06000  13.59000       674.80000         0.01500         0.01300          0.65580          0.66229
   0.35700   8.14400  15.52000       848.40000         0.01600         0.01100          0.82085          0.86298
   0.30900   7.32200  17.26000      1073.00000         0.01500         0.00900          0.99900          1.05658
   0.27300   6.68200  18.64000      1245.00000         0.02000         0.00800          1.14526          1.21834
   0.25100   6.26400  19.53000      1374.00000         0.02100         0.00700          1.24897          1.32990
   0.22400   5.71800  20.68000      1478.00000         0.01700         0.00700          1.41491          1.48559
   0.19600   5.13800  21.91000      1653.00000         0.01700         0.00600          1.63830          1.66930
   0.17100   4.59400  23.08000      1822.00000         0.02300         0.00600          1.89457          1.86662
   0.15300   4.17600  23.97000      1929.00000         0.02900         0.00700          2.11205          2.04064
   0.13400   3.71800  24.94000      2161.00000         0.03100         0.00700          2.36246          2.26274
   0.11800   3.34100  25.74000      2446.00000         0.03600         0.00800          2.57087          2.47962
   0.10500   3.01200  26.43000      2525.00000         0.03200         0.00800          2.75201          2.70249
   0.08600   2.50600  27.51000      2730.00000         0.08100         0.00900          3.01223          3.13533
   0.46400   2.00900   3.20000      8896.00000         0.01700         0.00800          9.11788          9.15589
   0.38800   1.82600   3.76000     10750.00000         0.01700         0.00800         10.99374         11.09680
   0.32400   1.64400   4.31000     12390.00000         0.01800         0.00900         12.36966         12.71362
   0.26800   1.46100   4.87000     13850.00000         0.01800         0.00900         13.72782         14.11629
   0.21900   1.27800   5.43000     15110.00000         0.01500         0.01000         15.20347         15.39741
   0.17700   1.09600   5.99000     16220.00000         0.01800         0.01100         16.67789         16.68810
   0.13900   0.91300   6.55000     17630.00000         0.02200         0.01100         18.32095         18.16235
   0.58600   4.08000   3.76000      1421.00000         0.02000         0.00800          1.41170          1.36875
   0.50300   3.74000   4.57000      1992.00000         0.02000         0.00700          2.03187          2.00457
   0.41500   3.32300   5.56000      2793.00000         0.01600         0.00700          2.87486          2.82741
   0.36600   3.06000   6.19000      3266.00000         0.02100         0.00700          3.46272          3.35488
   0.31900   2.78800   6.83000      3776.00000         0.01600         0.00800          4.01311          3.89853
   0.28400   2.57000   7.36000      4321.00000         0.01900         0.00800          4.51400          4.34184
   0.25600   2.38000   7.81000      4667.00000         0.01900         0.00900          4.90077          4.73364
   0.23300   2.21800   8.20000      4933.00000         0.02200         0.00900          5.25025          5.08042
   0.20900   2.04000   8.62000      5345.00000         0.02100         0.01000          5.61209          5.47967
   0.18800   1.87800   9.00000      5743.00000         0.02500         0.01000          5.95186          5.86910
   0.15600   1.61800   9.62000      6204.00000         0.04000         0.01100          6.60180          6.57549
   0.12700   1.36000  10.24000      7557.00000         0.04600         0.01100          7.36632          7.42698
   0.71100   6.62300   3.57000       239.10000         0.02600         0.01200          0.24145          0.23245
   0.63200   6.18300   4.48000       419.60000         0.02000         0.00900          0.42121          0.40501
   0.56000   5.74200   5.39000       641.00000         0.01900         0.00800          0.65029          0.62557
   0.49400   5.29900   6.30000       911.70000         0.01800         0.00700          0.91947          0.88409
   0.43400   4.85700   7.21000      1209.00000         0.01800         0.00700          1.21110          1.17139
   0.36700   4.31500   8.32000      1607.00000         0.01500         0.00700          1.61190          1.55452
   0.33200   4.01100   8.96000      1709.00000         0.02100         0.00700          1.83250          1.78541
   0.30600   3.77700   9.44000      1885.00000         0.02600         0.00800          2.03600          1.96878
   0.28100   3.53500   9.94000      1946.00000         0.02400         0.00800          2.26189          2.16661
   0.25900   3.31900  10.38000      2426.00000         0.02700         0.00800          2.45671          2.35086
   0.23700   3.09500  10.85000      2560.00000         0.02400         0.00900          2.65375          2.55402
   0.19600   2.65000  11.76000      3108.00000         0.03300         0.01000          3.09327          3.00070
   0.15800   2.21100  12.67000      3495.00000         0.04800         0.01000          3.61988          3.53690
   0.78100  10.84900   3.92000        41.41000         0.03000         0.01600          0.04079          0.03729
   0.71400  10.24600   4.99000        74.20000         0.03100         0.01300          0.07485          0.07079
   0.65100   9.64600   6.06000       130.00000         0.02500         0.01100          0.12335          0.11999
   0.59100   9.04300   7.13000       199.30000         0.02700         0.00900          0.18825          0.18578
   0.53500   8.44000   8.20000       278.20000         0.01900         0.00800          0.26901          0.26762
   0.48300   7.83700   9.28000       384.10000         0.01900         0.00700          0.36741          0.36511
   0.43300   7.23400  10.35000       502.20000         0.02000         0.00700          0.47454          0.47656
   0.38600   6.63100  11.42000       621.30000         0.02000         0.00700          0.59544          0.60198
   0.34200   6.02900  12.49000       778.30000         0.01900         0.00700          0.72561          0.74139
   0.29000   5.28100  13.81000       915.60000         0.02100         0.00700          0.93946          0.93605
   0.26000   4.82300  14.64000      1095.00000         0.03100         0.00800          1.07790          1.07102
   0.21000   4.02700  16.05000      1361.00000         0.04700         0.00900          1.37608          1.34243
   0.69400  13.69800   6.93000        40.99000         0.03000         0.01300          0.16225          0.03863
   0.64000  12.93700   8.16000        64.83000         0.02500         0.01100          0.06194          0.06199
   0.58900  12.17600   9.39000        99.50000         0.02500         0.01000          0.08377          0.09285
   0.54000  11.41500  10.62000       141.30000         0.02500         0.00800          0.13412          0.13148
   0.49300  10.65400  11.85000       178.90000         0.02000         0.00800          0.18203          0.17800
   0.44800   9.89300  13.08000       243.90000         0.02200         0.00700          0.23231          0.23252
   0.40500   9.13200  14.31000       306.20000         0.02300         0.00700          0.28940          0.29522
   0.36400   8.37100  15.54000       378.10000         0.02300         0.00700          0.34820          0.36649
   0.31400   7.40700  17.09000       469.60000         0.01900         0.00700          0.44611          0.47010
   0.28600   6.84900  18.00000       531.10000         0.02900         0.00700          0.51140          0.53841
   0.24900   6.08800  19.23000       640.00000         0.03100         0.00800          0.61299          0.64325
   0.21400   5.32700  20.46000       779.20000         0.02800         0.00900          0.74934          0.76646
   0.51000  13.68100  14.00000        98.37000         0.02900         0.00800          0.53161          0.09666
   0.46800  12.76100  15.40000       132.00000         0.02600         0.00700          0.14273          0.12736
   0.42800  11.86200  16.76000       167.20000         0.02500         0.00700          0.14542          0.16230
   0.38900  10.96000  18.12000       205.30000         0.02400         0.00700          0.19386          0.20259
   0.34900  10.02100  19.54000       241.30000         0.02700         0.00700          0.23591          0.25070
   0.31300   9.13300  20.89000       294.50000         0.03100         0.00700          0.28168          0.30272
   0.27800   8.22000  22.27000       368.60000         0.03300         0.00700          0.33355          0.36382
   0.24300   7.30600  23.65000       427.20000         0.05700         0.00800          0.39750          0.43490
   0.54700   2.77200   3.18000      2235.00000         0.02000         0.00900          2.19154          2.17355
   0.45300   2.46400   3.86000      3050.00000         0.02000         0.00900          3.12314          3.13810
   0.37000   2.15600   4.55000      4082.00000         0.02800         0.01000          4.07063          4.13976
   0.29800   1.84800   5.23000      5036.00000         0.02200         0.01100          5.11403          5.15642
   0.23400   1.54000   5.91000      6233.00000         0.02400         0.01100          6.27002          6.22691
   0.67000   4.47100   3.09000       466.40000         0.02100         0.01000          0.47850          0.45585
   0.55600   3.97400   4.05000       883.70000         0.02000         0.00900          0.89325          0.87038
   0.45700   3.47700   5.02000      1428.00000         0.01900         0.00900          1.42527          1.39271
   0.36900   2.98000   5.98000      1971.00000         0.02100         0.01000          2.06401          1.99179
   0.29000   2.48400   6.95000      2634.00000         0.02000         0.01100          2.77582          2.66668
   0.22000   1.98700   7.92000      3270.00000         0.06800         0.01100          3.57622          3.45319
   0.76800   7.44300   3.12000        69.83000         0.03800         0.01300          0.06882          0.06603
   0.66600   6.76700   4.27000       172.50000         0.02600         0.01000          0.16026          0.15276
   0.57300   6.09000   5.42000       298.80000         0.02200         0.00900          0.30315          0.28988
   0.48800   5.41300   6.56000       475.80000         0.02300         0.00900          0.49782          0.47493
   0.41000   4.73900   7.70000       716.00000         0.02700         0.00900          0.73597          0.70585
   0.33200   4.00600   8.94000      1077.00000         0.03100         0.01000          1.04695          1.01051
   0.78100  10.27700   3.77000        26.92000         0.07900         0.01300          0.02655          0.02426
   0.69100   9.42100   5.09000        56.25000         0.05500         0.01000          0.05954          0.05652
   0.60700   8.56500   6.42000       103.60000         0.03600         0.00900          0.11395          0.11081
   0.52900   7.70800   7.74000       204.30000         0.03200         0.00800          0.19241          0.18924
   0.45600   6.85200   9.07000       294.40000         0.02900         0.00800          0.29649          0.29368
   0.38700   5.99500  10.39000       431.70000         0.03000         0.00900          0.42878          0.42517
   0.32200   5.13900  11.72000       625.80000         0.02700         0.01000          0.59304          0.58768
   0.80000  13.91800   4.35000         9.45000         0.10000         0.01500          0.04837          0.00884
   0.71900  12.84700   5.89000        23.74000         0.05800         0.01100          0.01575          0.02120
   0.64200  11.77700   7.43000        45.54000         0.04000         0.00900          0.04218          0.04300
   0.56900  10.70600   8.97000        78.76000         0.03600         0.00800          0.07810          0.07662
   0.50000   9.63500  10.51000       129.60000         0.03000         0.00800          0.12607          0.12370
   0.43400   8.56500  12.05000       193.90000         0.03000         0.00800          0.18392          0.18573
   0.37100   7.49400  13.59000       263.00000         0.03200         0.00900          0.25562          0.26470
   0.54700  12.83900  11.52000        56.64000         0.04200         0.00800          0.06095          0.05554
   0.48200  11.55500  13.27000        92.29000         0.04100         0.00800          0.08453          0.08685
   0.42100  10.27100  15.03000       125.10000         0.05700         0.00800          0.12613          0.12813
   0.42700   1.73800   3.22000    765700.00000         0.01800         0.01000        780.58277        775.26889
   0.37600   1.71300   3.72000    779700.00000         0.01800         0.01000        780.21270        789.63634
   0.32800   1.68300   4.32000    775600.00000         0.01800         0.01000        775.92944        779.70495
   0.27900   1.64300   5.12000    742500.00000         0.01800         0.01100        715.79896        744.85570
   0.23600   1.59800   6.04000    701200.00000         0.01800         0.01100        677.49383        693.42038
   0.17400   1.50000   7.98000    599500.00000         0.01800         0.01100        572.82713        587.71248
   0.12400   1.37600  10.56000    490400.00000         0.01900         0.01000        468.99123        477.81904
   0.10200   1.29200  12.25000    434200.00000         0.01900         0.01000        412.41643        424.05259
   0.08400   1.20300  14.06000    391800.00000         0.01900         0.01000        363.91011        378.52549
   0.06800   1.10700  16.00000    350400.00000         0.01900         0.01000        322.04887        340.45434
   0.37300   1.40400   3.24000   1199000.00000         0.01900         0.01000       1251.15296       1205.02232
   0.32200   1.37900   3.79000   1176000.00000         0.01800         0.01000       1147.21508       1176.12877
   0.27300   1.34800   4.48000   1110000.00000         0.01800         0.01100       1074.65535       1106.74867
   0.22100   1.30300   5.48000    997600.00000         0.01800         0.01100        953.32531        993.29875
   0.17200   1.24000   6.84000    873700.00000         0.01800         0.01100        836.53102        853.78742
   0.12400   1.14700   9.00000    696000.00000         0.01900         0.01000        677.65276        684.79245
   0.10000   1.07700  10.56000    604600.00000         0.01800         0.01000        588.41835        596.04695
   0.08100   1.00200  12.25000    531800.00000         0.01800         0.01000        509.17692        522.11516
   0.06500   0.92100  14.06000    473800.00000         0.01800         0.01000        448.85078        461.69664
   0.31600   1.10200   3.26000   1843000.00000         0.01900         0.01100       1840.66501       1857.05218
   0.26600   1.07800   3.86000   1718000.00000         0.01900         0.01200       1727.51061       1722.12236
   0.21700   1.04600   4.65000   1533000.00000         0.01800         0.01200       1462.83327       1531.50064
   0.16700   0.99700   5.87000   1294000.00000         0.01800         0.01100       1247.84688       1278.97770
   0.12400   0.93400   7.47000   1069000.00000         0.01900         0.01100       1018.59559       1034.27774
   0.09700   0.87400   9.00000    871100.00000         0.02000         0.01100        858.16910        867.66257
   0.07700   0.81100  10.56000    767800.00000         0.01900         0.01100        741.11117        742.92085
   0.22800   0.71600   3.30000   3446000.00000         0.01900         0.01300       3349.70695       3427.84096
   0.18100   0.69200   4.02000   2919000.00000         0.01900         0.01300       2900.71920       2886.15232
   0.13600   0.65800   5.06000   2296000.00000         0.01900         0.01200       2205.57822       2295.62874
   0.10200   0.61700   6.30000   1819000.00000         0.01900         0.01300       1784.93117       1816.27027
   0.08000   0.57900   7.51000   1496000.00000         0.01800         0.01300       1474.62202       1496.14730
   0.74700  11.76800   4.87000       142.20000         0.03300         0.01900          0.14103          0.13545
   0.70200  11.42800   5.72000       205.10000         0.01900         0.01700          0.20454          0.19961
   0.64900  10.98900   6.84000       321.00000         0.01500         0.01500          0.30661          0.30496
   0.60300  10.59000   7.85000       422.10000         0.01300         0.01400          0.41818          0.41820
   0.55100  10.09500   9.09000       582.00000         0.01600         0.01300          0.58151          0.57618
   0.49800   9.54200  10.49000       773.80000         0.01700         0.01300          0.78746          0.77097
   0.44900   8.98400  11.90000       988.90000         0.01700         0.01200          0.97791          0.97849
   0.40600   8.45700  13.24000      1153.00000         0.01700         0.01200          1.16250          1.18038
   0.36800   7.94200  14.54000      1366.00000         0.01700         0.01200          1.31894          1.37883
   0.33500   7.46900  15.74000      1565.00000         0.01400         0.01200          1.47470          1.56183
   0.31300   7.14400  16.57000      1639.00000         0.02300         0.01200          1.59495          1.68800
   0.78500   9.04700   3.36000       218.80000         0.02100         0.02300          0.21404          0.21123
   0.73600   8.80700   4.04000       327.30000         0.01800         0.01900          0.32736          0.31939
   0.68200   8.52000   4.86000       492.30000         0.01800         0.01600          0.49445          0.48442
   0.62900   8.21400   5.72000       712.70000         0.02000         0.01500          0.70392          0.69311
   0.57700   7.88400   6.66000       978.50000         0.01900         0.01400          0.96668          0.95003
   0.52500   7.52100   7.69000      1275.00000         0.01800         0.01300          1.26619          1.25362
   0.47400   7.12800   8.80000      1605.00000         0.01400         0.01200          1.60097          1.59291
   0.43000   6.76100   9.84000      1916.00000         0.01300         0.01200          1.90256          1.91142
   0.38200   6.31700  11.10000      2288.00000         0.01400         0.01200          2.25794          2.28943
   0.35200   6.01800  11.96000      2440.00000         0.02100         0.01200          2.46464          2.53776
   0.72900   6.55300   3.32000       775.80000         0.02100         0.01900          0.76962          0.75495
   0.67900   6.37400   3.89000      1074.00000         0.01800         0.01600          1.07936          1.05326
   0.62500   6.16000   4.58000      1506.00000         0.01800         0.01400          1.49835          1.46411
   0.56800   5.91100   5.38000      1984.00000         0.01900         0.01300          2.03795          1.98165
   0.51300   5.64000   6.24000      2608.00000         0.01800         0.01300          2.62857          2.55663
   0.45900   5.34800   7.18000      3184.00000         0.01800         0.01200          3.25718          3.17167
   0.41600   5.08400   8.02000      3658.00000         0.02000         0.01200          3.76471          3.69967
   0.38400   4.87700   8.70000      4067.00000         0.10000         0.01200          4.17752          4.09739
   0.64500   4.35500   3.28000      3404.00000         0.01400         0.01500          3.46015          3.34368
   0.59600   4.22900   3.75000      4234.00000         0.01300         0.01300          4.35991          4.22096
   0.54300   4.08000   4.31000      5110.00000         0.01200         0.01300          5.37361          5.25644
   0.50600   3.96300   4.75000      5938.00000         0.02300         0.01200          6.09315          6.03999
   0.51600  13.40500  13.45000       195.70000         0.01800         0.01300          0.59762          0.19744
   0.47100  12.57300  15.00000       261.70000         0.01800         0.01200          0.23454          0.25852
   0.43600  11.89500  16.26000       312.90000         0.02200         0.01200          0.28766          0.31374
   0.41200  11.41200  17.17000       320.20000         0.09000         0.01200          0.34622          0.35622
   0.65000  13.54900   8.18000       110.00000         0.01800         0.01400          0.33648          0.10545
   0.59900  12.87500   9.50000       162.10000         0.01800         0.01300          0.16007          0.15587
   0.54600  12.12900  10.95000       230.10000         0.01700         0.01300          0.20438          0.22338
   0.49200  11.30400  12.57000       319.50000         0.01500         0.01200          0.31668          0.31169
   0.45600  10.74000  13.67000       381.60000         0.01100         0.01200          0.38341          0.37896
   0.43200  10.33800  14.47000       407.20000         0.03100         0.01200          0.43264          0.43062
   0.82000  11.88600   3.50000        41.89000         0.02900         0.02400          0.04687          0.04239
   0.77400  11.54000   4.24000        68.21000         0.02100         0.01900          0.07242          0.06718
   0.72300  11.12300   5.13000       108.20000         0.02100         0.01700          0.11381          0.10829
   0.66900  10.65000   6.15000       175.90000         0.01900         0.01500          0.17532          0.17117
   0.61700  10.16400   7.19000       256.70000         0.02000         0.01400          0.25328          0.25243
   0.56600   9.65100   8.29000       364.30000         0.01800         0.01300          0.35580          0.35500
   0.51400   9.10100   9.48000       480.40000         0.01800         0.01300          0.48844          0.48162
   0.47900   8.70300  10.34000       588.40000         0.04300         0.01200          0.58526          0.58169
   0.77900   8.81000   3.38000       146.80000         0.02100         0.02000          0.14198          0.13902
   0.72700   8.51500   4.08000       227.10000         0.02000         0.01700          0.22367          0.21666
   0.67100   8.17500   4.88000       346.80000         0.01700         0.01500          0.34147          0.33219
   0.62100   7.84500   5.67000       483.10000         0.01500         0.01400          0.48205          0.47062
   0.57300   7.50300   6.48000       658.40000         0.01900         0.01300          0.64912          0.63412
   0.53600   7.22900   7.14000       802.90000         0.05600         0.01300          0.79387          0.77870
   0.52200  13.91100  13.61000        89.47000         0.02200         0.01300          0.81677          0.08965
   0.48000  13.01800  14.96000       125.40000         0.02300         0.01200          0.18979          0.11813
   0.46000  12.57900  15.64000       124.80000         0.04500         0.01200          0.12155          0.13407
   0.69600  13.69600   6.87000        38.82000         0.02200         0.01500          0.15867          0.03815
   0.64100  12.92600   8.12000        64.26000         0.01900         0.01400          0.06045          0.06185
   0.58700  12.13300   9.40000        99.13000         0.01800         0.01300          0.08637          0.09425
   0.53800  11.37100  10.64000       135.90000         0.02000         0.01300          0.13659          0.13359
   0.49200  10.61600  11.86000       187.60000         0.02300         0.01200          0.18464          0.18029
   0.81100  11.07600   3.46000        26.93000         0.02600         0.02000          0.03050          0.02758
   0.77000  10.72000   4.09000        42.60000         0.02700         0.01700          0.04581          0.04224
   0.71200  10.20800   5.00000        80.39000         0.02200         0.01500          0.07619          0.07219
   0.64900   9.60800   6.07000       125.70000         0.02000         0.01400          0.12582          0.12223
   0.59000   9.00700   7.14000       203.90000         0.01900         0.01300          0.19141          0.18893
   0.53400   8.40400   8.22000       274.80000         0.02100         0.01300          0.27402          0.27236
   0.73500   6.72500   3.31000       204.30000         0.01700         0.01600          0.20285          0.19612
   0.68600   6.47000   3.84000       290.00000         0.02000         0.01400          0.29408          0.28226
   0.63600   6.18700   4.42000       403.00000         0.02100         0.01300          0.41356          0.39821
   0.59900   5.97000   4.87000       505.50000         0.09300         0.01300          0.51856          0.50175
   0.54600  12.82000  11.53000        58.25000         0.02700         0.01300          0.05988          0.05593
   0.80000  13.88300   4.35000         9.35600         0.02800         0.01800          0.04501          0.00894
   0.71900  12.81500   5.89000        22.68000         0.02500         0.01500          0.01566          0.02144
   0.64200  11.74700   7.43000        45.62000         0.02400         0.01400          0.04282          0.04347
   0.56900  10.67900   8.96000        82.86000         0.02400         0.01300          0.07878          0.07724
   0.78100  10.25200   3.76000        25.72000         0.02700         0.01700          0.02669          0.02440
   0.69100   9.39800   5.09000        60.71000         0.02300         0.01400          0.06024          0.05714
   0.60700   8.54300   6.41000       118.90000         0.02500         0.01300          0.11494          0.11166
   0.52900   7.68900   7.73000       192.80000         0.02900         0.01200          0.19404          0.19065
   0.58700  13.52200  10.38000        15.24000         0.06800         0.04200          0.04884          0.01346
   0.55200  12.77700  11.24000        20.19000         0.13600         0.05100          0.01779          0.01791
   0.79200  13.52600   4.43000         3.51700         0.03700         0.03200          0.00762          0.00327
   0.73600  12.68300   5.42000         6.69000         0.03700         0.03100          0.00507          0.00615
   0.68200  11.85100   6.40000        10.99000         0.03500         0.03100          0.01099          0.01068
   0.63400  11.10300   7.29000        17.91000         0.03500         0.03200          0.01714          0.01666
   0.59100  10.41500   8.10000        25.29000         0.03900         0.03400          0.02455          0.02403
   0.54500   9.68800   8.96000        37.14000         0.04600         0.03900          0.03474          0.03418
   0.50900   9.09300   9.66000        52.76000         0.09700         0.05000          0.04521          0.04452
   0.76000   7.59800   3.28000        21.95000         0.02500         0.03100          0.02212          0.02050
   0.70400   7.13600   3.88000        35.78000         0.02400         0.03100          0.03691          0.03412
   0.65600   6.72200   4.41000        53.50000         0.02200         0.03100          0.05477          0.05116
   0.61100   6.33500   4.91000        79.02000         0.02600         0.03100          0.07667          0.07211
   0.56600   5.93000   5.43000       110.40000         0.03400         0.03200          0.10588          0.09964
   0.53600   5.66000   5.78000       148.70000         0.08900         0.03400          0.12849          0.12162
   0.46900  13.07100  15.68000        30.43000         0.05400         0.05200          0.05742          0.03204
   0.43200  12.10300  16.81000        46.42000         0.05700         0.06200          0.03256          0.04121
   0.40500  11.39400  17.64000        57.25000         0.06300         0.07200          0.04515          0.04909
   0.37700  10.66300  18.49000        48.29000         0.25900         0.08500          0.05450          0.05835
   0.59600  13.52700  10.05000        17.63000         0.07200         0.03100          0.06567          0.01824
   0.54800  12.54000  11.23000        27.65000         0.07600         0.03100          0.02029          0.02688
   0.50300  11.61200  12.34000        39.35000         0.06100         0.03200          0.03665          0.03740
   0.46400  10.78000  13.33000        51.97000         0.04800         0.03400          0.04882          0.04906
   0.42900  10.02800  14.23000        63.50000         0.05700         0.03900          0.06074          0.06175
   0.40300   9.46400  14.91000        68.72000         0.09300         0.04700          0.07067          0.07279
   0.72700   7.50400   3.69000        33.87000         0.08900         0.03100          0.03994          0.03717
   0.68100   7.11900   4.22000        60.89000         0.05200         0.03100          0.05948          0.05566
   0.62400   6.64000   4.88000        93.41000         0.04900         0.03000          0.09217          0.08688
   0.56900   6.15500   5.55000       129.20000         0.04300         0.03000          0.13642          0.12885
   0.52400   5.74700   6.11000       177.60000         0.04700         0.03000          0.18157          0.17275
   0.48300   5.36600   6.63000       236.90000         0.04400         0.03000          0.23440          0.22136
   0.44400   4.99700   7.14000       278.20000         0.04400         0.03100          0.29086          0.27645
   0.40100   4.57500   7.72000       363.40000         0.03500         0.03200          0.37024          0.34946
   0.36100   4.17600   8.27000       433.80000         0.03200         0.03600          0.45535          0.42963
   0.33000   3.86100   8.71000       436.90000         0.06300         0.04500          0.52627          0.50183
   0.41800   1.68000   3.22000    356800.00000         0.01500         0.00900        357.03129        353.36513
   0.36500   1.64200   3.73000    355700.00000         0.01900         0.00900        366.89587        361.07978
   0.32400   1.60600   4.22000    375900.00000         0.02000         0.00900        349.33667        358.54619
   0.21300   1.45700   6.27000    321500.00000         0.01900         0.00900        309.33930        313.14818
   0.13400   1.25600   9.02000    256500.00000         0.01900         0.01200        246.91353        250.77345
   0.08200   1.01900  12.27000    209500.00000         0.01800         0.01200        198.38887        202.45279
   0.06300   0.88700  14.07000    190000.00000         0.01700         0.01200        180.53192        185.42334
   0.51800   2.37600   3.09000    154000.00000         0.03000         0.01200        156.35777        151.68522
   0.44700   2.32000   3.75000    165300.00000         0.02200         0.01000        175.59406        171.18406
   0.40400   2.27800   4.24000    185400.00000         0.01900         0.01000        176.48652        179.38433
   0.34400   2.20600   5.08000    185900.00000         0.01600         0.01000        183.59677        185.28234
   0.28100   2.10500   6.27000    186900.00000         0.01700         0.00900        181.97478        182.98422
   0.22900   1.99300   7.58000    175600.00000         0.01700         0.00900        173.83890        174.15076
   0.18700   1.86900   9.02000    164300.00000         0.01700         0.00900        160.82135        162.36842
   0.15200   1.73600  10.58000    151600.00000         0.01700         0.00800        147.94309        149.99192
   0.12300   1.59200  12.27000    140900.00000         0.01600         0.00800        134.77931        138.32121
   0.07800   1.27200  16.02000    124100.00000         0.01600         0.02600        112.96015        119.94272
   0.59900   3.50000   3.22000     49600.00000         0.02300         0.01900         53.41559         50.52116
   0.54800   3.44900   3.73000     59140.00000         0.02000         0.01600         61.34475         59.57897
   0.49400   3.38500   4.35000     68400.00000         0.01800         0.01400         70.43975         68.55424
   0.44000   3.31000   5.09000     75560.00000         0.01600         0.01200         77.02504         76.47601
   0.37200   3.18900   6.27000     85100.00000         0.01600         0.01200         84.65289         84.07667
   0.31300   3.05500   7.58000     87000.00000         0.01600         0.01100         88.22505         87.37170
   0.24000   2.81900   9.82000     85670.00000         0.01600         0.01000         85.95294         86.44491
   0.18500   2.57600  12.27000     81020.00000         0.01600         0.00900         81.91232         81.56999
   0.15300   2.39100  14.08000     78080.00000         0.01700         0.00900         77.72441         77.70793
   0.12700   2.19300  16.02000     73190.00000         0.02000         0.00800         72.62226         73.93393
   0.10300   1.98300  18.08000     69580.00000         0.01600         0.00700         67.64976         70.64847
   0.08300   1.75900  20.26000     67830.00000         0.01700         0.02600         62.95306         68.15834
   0.06600   1.52300  22.57000     68440.00000         0.02400         0.02600         58.89702         66.76330
   0.74400   7.30900   3.40000       513.10000         0.02200         0.01900          0.51980          0.50949
   0.70200   7.14000   3.91000       706.30000         0.01700         0.01700          0.70567          0.69004
   0.65800   6.95100   4.50000       961.20000         0.01500         0.01500          0.95018          0.92933
   0.61600   6.75700   5.09000      1223.00000         0.01500         0.01400          1.22153          1.19679
   0.53600   6.34100   6.37000      1835.00000         0.01400         0.01200          1.87330          1.82588
   0.42600   5.64800   8.50000      2868.00000         0.01400         0.01200          2.91795          2.88957
   0.35300   5.09000  10.21000      3720.00000         0.01400         0.01200          3.65492          3.67780
   0.26300   4.25200  12.78000      4697.00000         0.01600         0.00800          4.76043          4.72099
   0.17400   3.19800  16.02000      6189.00000         0.01900         0.00800          6.19034          5.98549
   0.80100  10.11100   3.39000       139.40000         0.02500         0.02300          0.13961          0.13519
   0.75800   9.87700   4.03000       209.10000         0.02000         0.01800          0.20837          0.19997
   0.69200   9.48200   5.10000       360.10000         0.01800         0.01600          0.35218          0.34491
   0.60700   8.91200   6.66000       637.90000         0.01600         0.01400          0.63182          0.62579
   0.52900   8.31400   8.28000       980.20000         0.01500         0.01200          0.98173          0.97663
   0.42100   7.33200  10.96000      1610.00000         0.01500         0.01200          1.59027          1.60395
   0.35000   6.55800  13.06000      2099.00000         0.01600         0.01200          2.00902          2.09402
   0.26200   5.41600  16.17000      2817.00000         0.01500         0.00700          2.69716          2.79095
   0.17400   4.01800  19.97000      3695.00000         0.02000         0.01100          3.79913          3.70600
   0.82000  13.90700   3.93000        44.78000         0.03000         0.02500          0.21374          0.04590
   0.78700  13.63800   4.57000        65.55000         0.02500         0.02000          0.18185          0.06556
   0.74900  13.31800   5.35000        98.96000         0.02000         0.01700          0.14763          0.09605
   0.67500  12.64300   6.98000       191.90000         0.01700         0.01300          0.13127          0.18463
   0.59600  11.84400   8.90000       324.10000         0.01600         0.01300          0.31817          0.32931
   0.52100  10.97800  10.99000       525.40000         0.01600         0.01200          0.54358          0.52405
   0.41500   9.57600  14.37000       888.50000         0.01500         0.01200          0.88397          0.88660
   0.51700   2.49600   3.22000     11840.00000         0.01300         0.00900         12.31735         12.08127
   0.48500   2.43400   3.46000     12900.00000         0.01500         0.00900         13.32979         13.18464
   0.42200   2.29200   4.02000     15170.00000         0.01500         0.00900         15.39302         15.38483
   0.32600   2.02800   5.07000     17970.00000         0.01500         0.00900         18.06579         18.37137
   0.24300   1.72700   6.26000     20020.00000         0.01500         0.00900         20.60647         20.51988
   0.17300   1.39500   7.57000     20970.00000         0.01600         0.00900         22.45281         22.28620
   0.71800   6.03000   3.25000       672.10000         0.02200         0.01600          0.68721          0.66704
   0.65600   5.79100   3.92000      1026.00000         0.03100         0.01400          1.02857          0.99796
   0.61500   5.62300   4.41000      1315.00000         0.02700         0.01300          1.30508          1.26910
   0.54400   5.30300   5.32000      1814.00000         0.02300         0.01300          1.87043          1.81896
   0.43200   4.69300   7.05000      2893.00000         0.02400         0.00800          2.97476          2.90239
   0.35800   4.20800   8.43000      3778.00000         0.01700         0.00800          3.81025          3.72504
   0.26700   3.48800  10.48000      4955.00000         0.01700         0.00800          5.00261          4.84699
   0.17600   2.59800  13.01000      6337.00000         0.01700         0.01200          6.43722          6.24820
   0.78700   9.20300   3.37000       129.30000         0.02200         0.02100          0.13329          0.13063
   0.74700   8.97900   3.92000       191.60000         0.02200         0.01800          0.19212          0.18570
   0.69000   8.63300   4.76000       299.60000         0.01600         0.01500          0.30207          0.29440
   0.60900   8.09800   6.07000       510.70000         0.01500         0.01300          0.52625          0.51640
   0.53300   7.52100   7.48000       830.20000         0.01500         0.01200          0.81835          0.80853
   0.42400   6.57100   9.80000      1358.00000         0.01600         0.01200          1.35292          1.35342
   0.35300   5.83600  11.59000      1834.00000         0.01700         0.00800          1.75965          1.79578
   0.26400   4.77300  14.19000      2471.00000         0.01700         0.00800          2.44981          2.45249
   0.17600   3.50000  17.29000      3322.00000         0.02000         0.01200          3.48304          3.35453
   0.81900  12.40700   3.63000        39.67000         0.02800         0.02400          0.04443          0.04262
   0.76200  11.95400   4.62000        76.94000         0.01900         0.01900          0.07981          0.07631
   0.67800  11.23600   6.21000       161.80000         0.01700         0.01500          0.16326          0.16004
   0.59900  10.47500   7.88000       290.00000         0.01400         0.01300          0.28787          0.28754
   0.52300   9.65600   9.68000       461.60000         0.01700         0.01200          0.47068          0.46216
   0.41700   8.34900  12.55000       802.60000         0.01500         0.01200          0.78660          0.79558
   0.34700   7.35500  14.74000      1087.00000         0.01800         0.00800          1.02466          1.07903
   0.25900   5.94100  17.85000      1539.00000         0.01700         0.00800          1.44936          1.52090
   0.17200   4.29000  21.48000      2119.00000         0.01900         0.01200          2.21826          2.16464
   0.59200  13.69400  10.32000       157.90000         0.01700         0.01300          0.76911          0.15742
   0.51700  12.54700  12.59000       256.10000         0.01800         0.01200          0.21333          0.25788
   0.41300  10.74300  16.17000       465.30000         0.01800         0.01200          0.45714          0.45771
   0.34300   9.39100  18.85000       629.40000         0.01800         0.00800          0.60054          0.63483
   0.25700   7.50200  22.60000       938.90000         0.02200         0.00800          0.84066          0.92352
   0.17100   5.35000  26.86000      1360.00000         0.02500         0.01200          1.34367          1.36335
   0.70000   5.00000   3.02000       764.40000         0.01200         0.00700          0.79214          0.75731
   0.30000   2.00000   5.55000     33460.00000         0.01200         0.00500         33.53485         33.86960
   0.40000   2.00000   3.88000     48380.00000         0.01200         0.00500         48.82741         48.24990
   0.50000   5.00000   5.88000      1860.00000         0.01100         0.00500          1.91410          1.85892
   0.22000   2.00000   7.97000     35810.00000         0.01200         0.00500         35.60456         35.28865
   0.30000   5.00000  12.55000      1760.00000         0.01100         0.00500          1.76467          1.75981
   0.13000   2.00000  14.26000     19480.00000         0.01200         0.00500         19.28829         19.49662
   0.40000   5.00000   8.38000      3415.00000         0.01000         0.00500          3.47300          3.40458
   0.50000   5.00000   5.88000      3934.00000         0.00900         0.00500          4.04741          3.95710
   0.60000   5.00000   4.21000      3528.00000         0.00900         0.00600          3.63312          3.53901
   0.70000   5.00000   3.02000      2633.00000         0.01300         0.01000          2.70040          2.61397
   0.08900   2.00000  21.35000     12210.00000         0.01200         0.00500         11.72811         12.43534
   0.30000   5.00000  12.55000      4747.00000         0.01200         0.00500          4.73722          4.78008
   0.70000  10.00000   5.17000       214.80000         0.01600         0.00800          0.21919          0.21252
   0.80000  10.00100   3.38000       117.90000         0.01900         0.01300          0.12379          0.11987
   0.22000   5.00000  18.61000      3698.00000         0.01200         0.00500          3.52596          3.64777
   0.50000  10.00000  10.88000       521.10000         0.01500         0.00500          0.53561          0.52118
   0.60000  10.00000   7.55000       487.50000         0.01200         0.00600          0.48279          0.48319
   0.40000   9.99900  15.88000       936.90000         0.01100         0.00500          0.94247          0.94585
   0.14000   5.00000  31.60000      3672.00000         0.00700         0.00500          3.63640          3.67251
   0.30000  10.00100  24.21000       930.80000         0.01400         0.00500          0.86488          0.91838
   0.20000   1.00000   4.88000     18200.00000         0.01000         0.00300         18.21723         18.72245
   0.20000   1.00000   4.88000     24720.00000         0.01000         0.00300         24.97730         25.62607
   0.20000   1.00000   4.88000     32480.00000         0.01000         0.00300         32.27758         33.09170
   0.20000   1.00000   4.88000     87080.00000         0.01000         0.00300         85.06669         86.90467
   0.20000   1.00000   4.88000    133400.00000         0.00900         0.00400        128.02257        131.26072
   0.20000   1.50000   6.88000     11330.00000         0.01000         0.00300         11.52159         11.36127
   0.20000   1.50000   6.88000     20180.00000         0.00800         0.00300         20.74622         20.54780
   0.20000   1.50000   6.88000     32430.00000         0.00800         0.00300         32.71369         32.52674
   0.20000   1.50000   6.88000     42350.00000         0.00800         0.00300         42.18804         41.97052
   0.20000   1.50000   6.88000     59500.00000         0.00800         0.00400         58.74467         58.63038
   0.20000   2.50000  10.88000      3761.00000         0.01500         0.00400          3.78109          3.68615
   0.20000   2.50000  10.88000     11580.00000         0.00700         0.00300         11.70614         11.56916
   0.20000   2.50000  10.88000     20130.00000         0.00900         0.00300         20.35210         20.20873
   0.20000   5.00000  20.88000      1466.00000         0.01200         0.00500          1.47274          1.49244
   0.20000   5.00000  20.88000      2423.00000         0.00900         0.00400          2.40017          2.45426
   0.20000   5.00100  20.88000      3538.00000         0.00900         0.00300          3.48352          3.58831
   0.20000   5.00000  20.88000      4624.00000         0.00800         0.00300          4.49763          4.64958
   0.35000   1.50000   3.67000     11330.00000         0.00900         0.00300         11.39253         11.70581
   0.35000   1.50000   3.67000     14720.00000         0.00900         0.00300         14.83430         15.17937
   0.35000   1.50000   3.67000     18230.00000         0.00900         0.00300         18.55156         18.85380
   0.35000   1.50000   3.67000     43980.00000         0.00900         0.00300         44.43897         44.53138
   0.35000   1.50000   3.67000     89300.00000         0.01400         0.00400         90.72686         90.01406
   0.35000   2.50000   5.52000      3794.00000         0.00900         0.00300          3.85838          3.80178
   0.35000   2.50000   5.52000      6539.00000         0.00900         0.00300          6.68591          6.62588
   0.35000   2.50000   5.52000     10530.00000         0.00900         0.00300         10.70604         10.67909
   0.35000   2.50000   5.52000     13060.00000         0.00800         0.00300         13.12312         13.09304
   0.35000   2.50000   5.52000     29770.00000         0.00900         0.00300         30.15964         30.16443
   0.35000   5.00000  10.17000      1250.00000         0.01100         0.00300          1.23984          1.23113
   0.35000   5.00000  10.17000      2396.00000         0.00800         0.00300          2.38860          2.38872
   0.35000   5.00000  10.17000      4009.00000         0.00800         0.00300          3.96039          3.97873
   0.35000   5.00000  10.17000      6126.00000         0.00800         0.00300          6.09159          6.14720
   0.50000   2.50000   3.38000      1505.00000         0.01000         0.00400          1.51425          1.54308
   0.50000   2.50100   3.38000      2655.00000         0.01100         0.00300          2.68904          2.70083
   0.50000   2.50000   3.38000      6874.00000         0.01000         0.00300          7.07349          6.98776
   0.50000   2.50000   3.38000     15310.00000         0.00800         0.00300         15.72022         15.40342
   0.50000   2.50000   3.38000     31820.00000         0.00900         0.00300         33.18585         32.55671
   0.50000   5.00100   5.88000       472.70000         0.01400         0.00400          0.48936          0.46819
   0.50000   5.00100   5.88000       981.80000         0.00900         0.00300          1.01372          0.97724
   0.50000   5.00100   5.88000      1874.00000         0.00900         0.00300          1.92252          1.86590
   0.50000   5.00000   5.88000      5241.00000         0.00700         0.00300          5.46937          5.33821
   0.50000   7.50000   8.38000       233.90000         0.01700         0.00400          0.23418          0.23019
   0.50000   7.50000   8.38000      1278.00000         0.01100         0.00300          1.28424          1.26829
   0.50000   9.99900  10.88000       145.80000         0.01300         0.00400          0.14351          0.14021
   0.50000  10.00100  10.88000       279.00000         0.01300         0.00300          0.28118          0.27421
   0.50000  10.00000  10.88000       675.60000         0.00800         0.00300          0.69588          0.67811
   0.49200   7.22000   8.33000       998.50000         0.01600         0.00300          0.98746          0.97524
   0.43200   5.68000   8.34000      2846.00000         0.01500         0.00300          2.90873          2.86864
   0.41900   8.39100  12.52000       786.50000         0.02000         0.00300          0.77141          0.78113
