 x    Q2    WSQ   F2d_data   F2d_stat_err  F2d_sys_err    F2d_NMC    F2d_ineft
   0.27500   0.90500   3.26626      0.26169      0.02300      0.01100          0.26472          0.26464
   0.22300   0.86900   3.90822      0.27658      0.02300      0.01100          0.28526          0.27886
   0.17600   0.82400   4.73817      0.28495      0.02200      0.01100          0.29770          0.28515
   0.15300   0.79400   5.27590      0.28688      0.02300      0.01100          0.30054          0.28543
   0.11900   0.73700   6.33663      0.28484      0.02500      0.01300          0.29907          0.28145
   0.09000   0.66600   7.61435      0.27439      0.02500      0.01300          0.28978          0.27204
   0.06700   0.58600   9.04062      0.25588      0.02400      0.01500          0.27376          0.25818
   0.41700   1.68500   3.23612      0.19828      0.02000      0.00900          0.19624          0.19798
   0.36500   1.64700   3.74568      0.22649      0.02000      0.00900          0.22383          0.22432
   0.31400   1.60100   4.37808      0.24937      0.02100      0.00900          0.25023          0.24853
   0.27100   1.55200   5.05529      0.26875      0.02100      0.00900          0.27103          0.26707
   0.20900   1.45500   6.38708      0.29341      0.02600      0.00900          0.29629          0.28868
   0.16800   1.36300   7.63045      0.30559      0.02600      0.00800          0.30778          0.29788
   0.13200   1.25600   9.13951      0.30726      0.02600      0.00900          0.31242          0.30096
   0.10400   1.14100  10.71051      0.30117      0.02500      0.01000          0.31066          0.29856
   0.08100   1.01900  12.44160      0.30495      0.02500      0.01400          0.30375          0.29196
   0.50300   2.37700   3.22900      0.14116      0.02000      0.01200          0.14355          0.14428
   0.45000   2.33400   3.73302      0.16714      0.02000      0.01100          0.17090          0.17169
   0.39700   2.28200   4.34647      0.19747      0.02000      0.01000          0.19951          0.19996
   0.34800   2.22200   5.04341      0.22336      0.02000      0.01000          0.22642          0.22625
   0.28300   2.11900   6.24899      0.25459      0.02300      0.01000          0.26107          0.25941
   0.22600   1.99500   7.71279      0.29103      0.02400      0.00900          0.28811          0.28452
   0.18500   1.87200   9.12727      0.30606      0.02500      0.00900          0.30380          0.29849
   0.15000   1.73800  10.72902      0.31390      0.02500      0.00800          0.31325          0.30636
   0.12200   1.59400  12.35193      0.31621      0.02500      0.00800          0.31697          0.30878
   0.09800   1.44000  14.13423      0.32056      0.02500      0.01000          0.31615          0.30708
   0.07700   1.27500  16.16380      0.31897      0.02500      0.01300          0.31079          0.30155
   0.06300   1.13600  17.77610      0.30884      0.02500      0.01700          0.30315          0.29445
   0.59700   3.50100   3.24368      0.08659      0.02600      0.02000          0.08811          0.08751
   0.54200   3.44500   3.79144      0.10926      0.02200      0.01700          0.11232          0.11209
   0.49000   3.38300   4.40144      0.13666      0.02000      0.01600          0.13783          0.13821
   0.44200   3.31400   5.06409      0.16153      0.02000      0.01400          0.16341          0.16446
   0.37200   3.19100   6.26731      0.20132      0.02300      0.01300          0.20321          0.20500
   0.30900   3.04700   7.69420      0.24340      0.02500      0.01200          0.23986          0.24169
   0.23900   2.81900   9.85633      0.28035      0.02300      0.01100          0.27830          0.27898
   0.18300   2.56900  12.34961      0.30387      0.02500      0.01000          0.30392          0.30250
   0.15200   2.38200  14.16941      0.32340      0.02500      0.00900          0.31466          0.31151
   0.12600   2.18800  16.05743      0.32423      0.02400      0.00900          0.32081          0.31594
   0.10700   2.01700  17.71382      0.32854      0.02500      0.00900          0.32298          0.31680
   0.09000   1.84500  19.53535      0.32732      0.02500      0.01000          0.32263          0.31547
   0.07500   1.65800  21.32902      0.33283      0.02500      0.01300          0.31950          0.31180
   0.32200   1.10500   3.20703      0.24564      0.02200      0.01300          0.24655          0.24790
   0.26900   1.05200   3.73914      0.26365      0.02200      0.01400          0.27102          0.26823
   0.24000   1.01600   4.09769      0.27708      0.02600      0.01400          0.28263          0.27681
   0.17700   0.91200   5.12090      0.29002      0.02500      0.01500          0.30033          0.28770
   0.12700   0.79100   6.31770      0.29122      0.02500      0.01500          0.30190          0.28498
   0.08900   0.65700   7.60538      0.27477      0.02400      0.01800          0.28886          0.27108
   0.45300   1.87000   3.13839      0.16718      0.02800      0.01100          0.17541          0.17696
   0.34700   1.74100   4.15665      0.22877      0.02600      0.01200          0.23224          0.23182
   0.21400   1.46900   6.27584      0.28851      0.02700      0.01300          0.29454          0.28726
   0.12000   1.11500   9.05702      0.29981      0.02900      0.01600          0.31072          0.29774
   0.53900   2.76200   3.24266      0.11804      0.02000      0.00900          0.12142          0.12158
   0.48900   2.69300   3.69451      0.14083      0.02000      0.00900          0.14635          0.14682
   0.44000   2.61600   4.20981      0.16938      0.02000      0.00900          0.17246          0.17307
   0.37400   2.48900   5.04644      0.20880      0.02400      0.00900          0.20939          0.20986
   0.29700   2.29700   6.31736      0.25065      0.02500      0.01100          0.25246          0.25170
   0.23700   2.09800   7.63468      0.28499      0.02500      0.01200          0.28287          0.28009
   0.18700   1.88000   9.05383      0.30281      0.02500      0.01300          0.30314          0.29792
   0.14400   1.64400  10.65302      0.30853      0.02600      0.01400          0.31404          0.30634
   0.10800   1.38800  12.34421      0.31810      0.02600      0.01700          0.31530          0.30559
   0.07700   1.11400  14.23389      0.30769      0.02600      0.02500          0.30602          0.29559
   0.63900   4.14900   3.22431      0.06569      0.02500      0.01300          0.06676          0.06587
   0.58000   4.04400   3.80877      0.08822      0.02700      0.01100          0.09020          0.08958
   0.55300   3.99100   4.10635      0.09860      0.06000      0.01000          0.10221          0.10188
   0.47100   3.80400   5.15279      0.14484      0.02400      0.00800          0.14337          0.14440
   0.39800   3.59400   6.31651      0.18620      0.02400      0.00800          0.18493          0.18713
   0.33200   3.35700   7.63480      0.22480      0.02400      0.00800          0.22456          0.22715
   0.27300   3.09200   9.11436      0.26331      0.02500      0.00900          0.25931          0.26127
   0.22400   2.81900  10.64618      0.28982      0.02500      0.01200          0.28555          0.28604
   0.17900   2.50900  12.38811      0.30440      0.02600      0.01400          0.30549          0.30370
   0.14200   2.18900  14.10685      0.32172      0.02600      0.01500          0.31693          0.31260
   0.10800   1.83400  16.02784      0.32934      0.02500      0.01600          0.32098          0.31412
   0.08400   1.54200  17.69550      0.31463      0.02600      0.02200          0.31763          0.30944
   0.69200   5.18000   3.18590      0.04257      0.03700      0.01800          0.04384          0.04300
   0.60100   4.98100   4.18721      0.07687      0.03000      0.01200          0.07507          0.07442
   0.53200   4.80000   5.10291      0.10404      0.02500      0.01000          0.10542          0.10593
   0.45400   4.55300   6.35599      0.15011      0.02500      0.00800          0.14634          0.14868
   0.38700   4.29400   7.68196      0.18893      0.02600      0.00800          0.18591          0.18965
   0.32800   4.01400   9.10416      0.23263      0.02600      0.00800          0.22253          0.22684
   0.27400   3.69900  10.68135      0.25541      0.02700      0.00900          0.25562          0.25953
   0.22700   3.37300  12.36639      0.29471      0.02700      0.01000          0.28228          0.28483
   0.18500   3.01300  14.15384      0.31060      0.02700      0.01400          0.30277          0.30313
   0.14700   2.63100  16.14731      0.32128      0.02700      0.01700          0.31686          0.31444
   0.12000   2.30500  17.78369      0.32609      0.02800      0.01800          0.32288          0.31814
   0.09600   1.96800  19.41235      0.32755      0.02800      0.02000          0.32379          0.31710
   0.74600   6.87900   3.22253      0.02488      0.06000      0.02400          0.02499          0.02457
   0.69000   6.72900   3.90353      0.03601      0.04300      0.01800          0.03835          0.03765
   0.66200   6.64700   4.27414      0.03998      0.20700      0.01600          0.04644          0.04581
   0.59900   6.44100   5.19228      0.06929      0.03000      0.01300          0.06836          0.06846
   0.52800   6.17400   6.39954      0.09901      0.02800      0.01000          0.09944          0.10120
   0.46500   5.89400   7.66162      0.13584      0.02600      0.00900          0.13250          0.13613
   0.40400   5.56900   9.09601      0.17504      0.02600      0.00800          0.16869          0.17405
   0.34700   5.21500  10.69417      0.21421      0.02600      0.00800          0.20493          0.21139
   0.29700   4.84500  12.34849      0.24817      0.02600      0.00900          0.23726          0.24388
   0.25100   4.44600  14.14750      0.27297      0.02700      0.01000          0.26602          0.27181
   0.20800   4.00300  16.12255      0.30075      0.02700      0.01200          0.29064          0.29453
   0.17800   3.64900  17.73135      0.31109      0.02700      0.01500          0.30562          0.30746
   0.15000   3.26500  19.38202      0.32923      0.02700      0.01800          0.31717          0.31654
   0.12200   2.85100  21.39821      0.33957      0.02700      0.02100          0.32542          0.32197
   0.09900   2.43800  23.06862      0.32544      0.03100      0.02300          0.32824          0.32247
   0.07700   2.00900  24.96226      0.33899      0.03300      0.02400          0.32573          0.31838
   0.77100   8.08800   3.28263      0.01722      0.05300      0.02800          0.01802          0.01787
   0.71100   7.89700   4.09025      0.03007      0.03500      0.02000          0.03006          0.02963
   0.64500   7.65600   5.09412      0.04830      0.02700      0.01600          0.04833          0.04827
   0.57100   7.34800   6.40101      0.07487      0.02400      0.01200          0.07583          0.07716
   0.50800   7.03700   7.69572      0.10573      0.02400      0.01000          0.10534          0.10852
   0.44700   6.69100   9.15803      0.14195      0.02400      0.00900          0.13892          0.14413
   0.39300   6.32800  10.65414      0.17369      0.02400      0.00900          0.17204          0.17887
   0.34100   5.93100  12.34232      0.21250      0.02500      0.00900          0.20584          0.21369
   0.29300   5.49800  14.14686      0.23816      0.02500      0.00900          0.23750          0.24546
   0.24800   5.03200  16.13868      0.27059      0.02500      0.01000          0.26625          0.27327
   0.21500   4.63400  17.79984      0.29281      0.02500      0.01200          0.28593          0.29142
   0.18500   4.21900  19.46676      0.33241      0.02500      0.01400          0.30210          0.30548
   0.15700   3.80400  21.30565      0.31528      0.02600      0.01800          0.31507          0.31590
   0.13100   3.35500  23.13604      0.33682      0.02600      0.02200          0.32449          0.32248
   0.10700   2.88800  24.98301      0.33953      0.02500      0.02600          0.32985          0.32508
   0.08300   2.38600  27.24134      0.34020      0.02700      0.02600          0.33032          0.32326
   0.33700   1.17100   3.18413      0.23992      0.01000      0.00800          0.23964          0.24129
   0.29300   1.10200   3.53945      0.25780      0.00900      0.00800          0.26067          0.25979
   0.26000   1.04300   3.84889      0.27062      0.01000      0.00800          0.27482          0.27110
   0.23500   0.99400   4.11614      0.28224      0.01300      0.00900          0.28416          0.27792
   0.18800   0.88400   4.69848      0.28951      0.01300      0.01000          0.29686          0.28552
   0.15000   0.77300   5.26069      0.28935      0.01300      0.01200          0.29997          0.28457
   0.11800   0.66300   5.83600      0.27724      0.01400      0.01700          0.29466          0.27658
   0.52200   2.51500   3.18336      0.13430      0.01100      0.00900          0.13254          0.13302
   0.48500   2.44300   3.47447      0.14551      0.01300      0.00900          0.15160          0.15231
   0.40800   2.26600   4.16828      0.18854      0.01200      0.00800          0.19386          0.19441
   0.35500   2.12100   4.73400      0.22154      0.01200      0.00800          0.22385          0.22366
   0.29800   1.94100   5.45278      0.25071      0.01200      0.00800          0.25519          0.25332
   0.24300   1.73200   6.27593      0.28623      0.01300      0.00800          0.28231          0.27775
   0.20300   1.55300   6.97760      0.29074      0.01300      0.00900          0.29823          0.29106
   0.17800   1.42800   7.47483      0.29943      0.01300      0.01000          0.30561          0.29659
   0.15700   1.31200   7.92504      0.29968      0.01300      0.01100          0.30969          0.29903
   0.10200   0.95800   9.31451      0.30479      0.01700      0.02300          0.30571          0.29135
   0.74200   6.11500   3.00659      0.02987      0.02800      0.02100          0.02791          0.02745
   0.67300   5.86200   3.72861      0.04484      0.02800      0.01800          0.04623          0.04537
   0.61000   5.60500   4.46388      0.06624      0.02800      0.01600          0.06817          0.06766
   0.55500   5.35200   5.17160      0.09108      0.02200      0.01400          0.09161          0.09199
   0.48400   4.98600   6.19601      0.12631      0.01600      0.01300          0.12760          0.12958
   0.40200   4.50100   7.57587      0.18000      0.01300      0.01200          0.17583          0.17955
   0.34400   4.10300   8.70468      0.21413      0.01300      0.01100          0.21251          0.21677
   0.30200   3.78000   9.61691      0.24059      0.01300      0.01100          0.23913          0.24314
   0.26800   3.50100  10.44279      0.26184      0.01400      0.01200          0.25991          0.26321
   0.24100   3.25400  11.12843      0.27734      0.01700      0.01300          0.27548          0.27782
   0.21200   2.97300  11.93094      0.29320      0.01300      0.01500          0.29073          0.29163
   0.19000   2.74000  12.56141      0.30260      0.01600      0.01700          0.30093          0.30041
   0.17200   2.54600  13.13668      0.29612      0.02100      0.01900          0.30809          0.30627
   0.15600   2.36200  13.65938      0.31049      0.01900      0.01900          0.31337          0.31026
   0.14100   2.17800  14.14916      0.28484      0.03200      0.01900          0.31715          0.31274
   0.12900   2.03600  14.62730      0.31055      0.02300      0.01800          0.31925          0.31382
   0.11300   1.82700  15.22150      0.31733      0.02800      0.01700          0.32031          0.31351
   0.09100   1.52600  16.12359      0.31502      0.03600      0.02500          0.31754          0.30915
   0.58600   7.26300   6.01155      0.07075      0.01800      0.01800          0.07015          0.07103
   0.42800   6.07500   8.99928      0.15953      0.01900      0.01400          0.15232          0.15753
   0.32100   5.06100  11.58571      0.22346      0.02000      0.01300          0.22165          0.22838
   0.23600   4.07000  14.05612      0.27646      0.01300      0.01500          0.27553          0.28023
   0.20100   3.61500  15.25043      0.29223      0.02000      0.01800          0.29475          0.29743
   0.17900   3.30200  16.02528      0.30751      0.02000      0.02100          0.30524          0.30626
   0.15700   2.98200  16.89199      0.31325      0.02200      0.02400          0.31404          0.31315
   0.14300   2.76200  17.43304      0.32410      0.02300      0.02500          0.31853          0.31629
   0.13000   2.54200  17.89220      0.32427      0.02600      0.02500          0.32167          0.31812
   0.11600   2.31600  18.52987      0.32237      0.02600      0.02300          0.32383          0.31892
   0.10600   2.14400  18.96277      0.32600      0.03900      0.02200          0.32433          0.31849
   0.09600   1.97100  19.44060      0.31347      0.03700      0.02200          0.32382          0.31714
   0.08000   1.66500  20.02785      0.31135      0.03100      0.02800          0.31983          0.31211
   0.77100   9.14700   3.59717      0.01654      0.04300      0.02600          0.01648          0.01641
   0.66400   8.49400   5.17852      0.03989      0.02700      0.02100          0.04056          0.04059
   0.54100   7.60700   7.33435      0.09208      0.01600      0.01700          0.08778          0.09022
   0.47200   7.02600   8.73995      0.12826      0.01300      0.01600          0.12389          0.12845
   0.40100   6.35900  10.37921      0.17389      0.01400      0.01500          0.16708          0.17365
   0.33700   5.67400  12.04315      0.21258      0.01300      0.01400          0.20929          0.21681
   0.29000   5.11800  13.41063      0.24282      0.01300      0.01400          0.24058          0.24783
   0.25700   4.69600  14.45673      0.26508      0.01500      0.01500          0.26181          0.26821
   0.23300   4.37000  15.26572      0.28058      0.01800      0.01600          0.27645          0.28182
   0.20400   3.93800  16.24628      0.28755      0.01700      0.01800          0.29279          0.29640
   0.17700   3.52600  17.27526      0.30659      0.01700      0.02200          0.30609          0.30759
   0.16100   3.26700  17.90528      0.31355      0.02600      0.02400          0.31282          0.31287
   0.14600   3.02100  18.55114      0.32391      0.02600      0.02700          0.31816          0.31675
   0.12100   2.57200  19.56455      0.31510      0.02100      0.02700          0.32424          0.32023
   0.10800   2.33400  20.15747      0.31224      0.03500      0.02500          0.32562          0.32030
   0.09800   2.14600  20.63231      0.33653      0.02800      0.02300          0.32556          0.31934
   0.08800   1.96000  21.19308      0.34305      0.06000      0.02500          0.32437          0.31740
   0.78900  13.36300   4.45398      0.01109      0.02300      0.03100          0.01041          0.01081
   0.70100  12.52800   6.22397      0.02540      0.02000      0.02700          0.02521          0.02600
   0.62100  11.69300   8.01666      0.04778      0.01800      0.02400          0.04761          0.04961
   0.55000  10.85800   9.76417      0.07912      0.01700      0.02200          0.07579          0.07981
   0.46900   9.80900  11.98607      0.11818      0.01500      0.02000          0.11762          0.12464
   0.41600   9.06000  13.59920      0.15510      0.01500      0.01900          0.14991          0.15885
   0.35700   8.14400  15.54868      0.18871      0.01600      0.01800          0.18919          0.19960
   0.30900   7.32200  17.25415      0.22910      0.01500      0.01800          0.22243          0.23308
   0.27300   6.68200  18.67455      0.25525      0.02000      0.01800          0.24716          0.25719
   0.25100   6.26400  19.57253      0.27307      0.02100      0.01800          0.26187          0.27109
   0.22400   5.71800  20.68914      0.28020      0.01700      0.01900          0.27917          0.28688
   0.19600   5.13800  21.95664      0.29499      0.01700      0.02000          0.29578          0.30132
   0.17100   4.59400  23.15185      0.30598      0.02300      0.02300          0.30902          0.31208
   0.15300   4.17600  23.99847      0.30569      0.02900      0.02700          0.31727          0.31827
   0.13400   3.71800  24.90862      0.31930      0.03100      0.03200          0.32444          0.32308
   0.11800   3.34100  25.85291      0.33828      0.03600      0.03600          0.32897          0.32559
   0.10500   3.01200  26.55407      0.32457      0.03200      0.03700          0.33120          0.32625
   0.08600   2.50600  27.51389      0.30691      0.08100      0.03300          0.33122          0.32436
   0.46400   2.00900   3.20110      0.16474      0.01700      0.01000          0.16800          0.16933
   0.38800   1.82600   3.76054      0.20648      0.01700      0.01000          0.20990          0.21065
   0.32400   1.64400   4.31043      0.24248      0.01800      0.01000          0.24488          0.24362
   0.26800   1.46100   4.87085      0.27170      0.01800      0.01100          0.27281          0.26852
   0.21900   1.27800   5.43797      0.29112      0.01500      0.01200          0.29269          0.28468
   0.17700   1.09600   5.97645      0.29873      0.01800      0.01400          0.30372          0.29189
   0.13900   0.91300   6.53570      0.29939      0.02200      0.02000          0.30582          0.29046
   0.58600   4.08000   3.76281      0.08777      0.02000      0.01000          0.08744          0.08677
   0.50300   3.74000   4.57574      0.12484      0.02000      0.01000          0.12783          0.12819
   0.41500   3.32300   5.56458      0.17547      0.01600      0.01000          0.17797          0.17943
   0.36600   3.06000   6.18101      0.20373      0.02100      0.01100          0.20781          0.20937
   0.31900   2.78800   6.83217      0.23154      0.01600      0.01200          0.23642          0.23744
   0.28400   2.57000   7.35965      0.26006      0.01900      0.01300          0.25694          0.25704
   0.25600   2.38000   7.79723      0.27395      0.01900      0.01400          0.27237          0.27134
   0.23300   2.21800   8.18167      0.28275      0.02200      0.01500          0.28401          0.28179
   0.20900   2.04000   8.60112      0.29619      0.02100      0.01600          0.29481          0.29111
   0.18800   1.87800   8.99172      0.30564      0.02500      0.01700          0.30281          0.29760
   0.15600   1.61800   9.63415      0.30534      0.04000      0.01700          0.31146          0.30368
   0.12700   1.36000  10.22902      0.33379      0.04600      0.02100          0.31404          0.30375
   0.71100   6.62300   3.57240      0.03213      0.02600      0.01400          0.03340          0.03273
   0.63200   6.18300   4.48058      0.05681      0.02000      0.01200          0.05772          0.05719
   0.56000   5.74200   5.39193      0.08669      0.01900      0.01200          0.08730          0.08784
   0.49400   5.29900   6.30808      0.12228      0.01800      0.01200          0.12058          0.12259
   0.43400   4.85700   7.21460      0.15949      0.01800      0.01300          0.15531          0.15866
   0.36700   4.31500   8.32285      0.20483      0.01500      0.01300          0.19754          0.20179
   0.33200   4.01100   8.95068      0.21237      0.02100      0.01400          0.22018          0.22443
   0.30600   3.77700   9.44649      0.22922      0.02600      0.01500          0.23682          0.24079
   0.28100   3.53500   9.92543      0.22980      0.02400      0.01600          0.25247          0.25588
   0.25900   3.31900  10.37603      0.27865      0.02700      0.01700          0.26568          0.26837
   0.23700   3.09500  10.84443      0.28473      0.02400      0.01800          0.27815          0.27988
   0.19600   2.65000  11.75076      0.31908      0.03300      0.02200          0.29855          0.29780
   0.15800   2.21100  12.66303      0.32360      0.04800      0.02300          0.31247          0.30869
   0.78100  10.84900   3.92252      0.01408      0.03000      0.02100          0.01319          0.01334
   0.71400  10.24600   4.98449      0.02508      0.03100      0.01800          0.02521          0.02535
   0.65100   9.64600   6.05156      0.04339      0.02500      0.01700          0.04182          0.04246
   0.59100   9.04300   7.13854      0.06557      0.02700      0.01700          0.06307          0.06479
   0.53500   8.44000   8.21606      0.08953      0.01900      0.01600          0.08793          0.09115
   0.48300   7.83700   9.26903      0.12027      0.01900      0.01700          0.11527          0.12012
   0.43300   7.23400  10.35305      0.15205      0.02000      0.01700          0.14494          0.15131
   0.38600   6.63100  11.42811      0.18068      0.02000      0.01700          0.17522          0.18271
   0.34200   6.02900  12.48001      0.21564      0.01900      0.01800          0.20486          0.21285
   0.29000   5.28100  13.80970      0.23598      0.02100      0.01900          0.24005          0.24762
   0.26000   4.82300  14.60735      0.26760      0.03100      0.02000          0.25967          0.26636
   0.21000   4.02700  16.02955      0.29898      0.04700      0.02300          0.28957          0.29358
   0.69400  13.69800   6.92011      0.02643      0.03000      0.02300          0.02562          0.02673
   0.64000  12.93700   8.15742      0.04096      0.02500      0.02200          0.04013          0.04206
   0.58900  12.17600   9.37668      0.06119      0.02500      0.02100          0.05802          0.06116
   0.54000  11.41500  10.60424      0.08450      0.02500      0.02100          0.07921          0.08390
   0.49300  10.65400  11.83690      0.10329      0.02000      0.02100          0.10316          0.10959
   0.44800   9.89300  13.06994      0.13534      0.02200      0.02100          0.12919          0.13730
   0.40500   9.13200  14.29650      0.16269      0.02300      0.02100          0.15647          0.16598
   0.36400   8.37100  15.50661      0.19032      0.02300      0.02100          0.18413          0.19456
   0.31400   7.40700  17.06253      0.21906      0.01900      0.02100          0.21897          0.22964
   0.28600   6.84900  17.97891      0.23546      0.02900      0.02200          0.23844          0.24869
   0.24900   6.08800  19.24215      0.26225      0.03100      0.02300          0.26343          0.27235
   0.21400   5.32700  20.44588      0.29214      0.02800      0.02400          0.28552          0.29223
   0.51000  13.68100  14.02485      0.09136      0.02900      0.02400          0.08995          0.09709
   0.46800  12.76100  15.38645      0.11742      0.02600      0.02400          0.11301          0.12195
   0.42800  11.86200  16.73331      0.14188      0.02500      0.02400          0.13736          0.14792
   0.38900  10.96000  18.09516      0.16544      0.02400      0.02400          0.16298          0.17484
   0.34900  10.02100  19.57282      0.18324      0.02700      0.02400          0.19062          0.20333
   0.31300   9.13300  20.92627      0.20998      0.03100      0.02400          0.21619          0.22899
   0.27800   8.22000  22.22870      0.24324      0.03300      0.02400          0.24107          0.25318
   0.24300   7.30600  23.64020      0.25969      0.05700      0.02500          0.26523          0.27575
   0.54700   2.77200   3.17600      0.11976      0.02000      0.01200          0.11762          0.11771
   0.45300   2.46400   3.85565      0.16391      0.02000      0.01300          0.16763          0.16830
   0.37000   2.15600   4.55138      0.21573      0.02800      0.01300          0.21547          0.21556
   0.29800   1.84800   5.23370      0.25601      0.02200      0.01400          0.25603          0.25392
   0.23400   1.54000   5.92155      0.29547      0.02400      0.01500          0.28687          0.28095
   0.67000   4.47100   3.08249      0.05279      0.02100      0.01300          0.05424          0.05336
   0.55600   3.97400   4.05384      0.09932      0.02000      0.01200          0.10104          0.10066
   0.45700   3.47700   5.01167      0.15637      0.01900      0.01300          0.15380          0.15477
   0.36900   2.98000   5.97624      0.20615      0.02100      0.01400          0.20690          0.20827
   0.29000   2.48400   6.96187      0.25598      0.02000      0.01600          0.25449          0.25432
   0.22000   1.98700   7.92517      0.28439      0.06800      0.01900          0.29062          0.28683
   0.76800   7.44300   3.12876      0.01945      0.03800      0.01700          0.01966          0.01947
   0.66600   6.76700   4.27402      0.04712      0.02600      0.01500          0.04485          0.04424
   0.57300   6.09000   5.41863      0.07901      0.02200      0.01500          0.08013          0.08059
   0.48800   5.41300   6.55957      0.12061      0.02300      0.01600          0.12297          0.12529
   0.41000   4.73900   7.69989      0.17062      0.02700      0.01700          0.16970          0.17359
   0.33200   4.00600   8.94062      0.23595      0.03100      0.01800          0.22021          0.22444
   0.78100  10.27700   3.76213      0.01447      0.07900      0.02200          0.01373          0.01382
   0.69100   9.42100   5.09322      0.02931      0.05500      0.01900          0.03166          0.03174
   0.60700   8.56500   6.42573      0.05187      0.03600      0.01900          0.05842          0.05949
   0.52900   7.70800   7.74324      0.09723      0.03200      0.01900          0.09292          0.09586
   0.45600   6.85200   9.05467      0.13160      0.02900      0.01900          0.13327          0.13830
   0.38700   5.99500  10.37631      0.17837      0.03000      0.02000          0.17702          0.18358
   0.32200   5.13900  11.70098      0.23487      0.02700      0.02100          0.22072          0.22758
   0.80000  13.91800   4.35985      0.00930      0.10000      0.02900          0.00892          0.00936
   0.71900  12.84700   5.90123      0.02249      0.05800      0.02500          0.02129          0.02197
   0.64200  11.77700   7.44759      0.04124      0.04000      0.02400          0.04100          0.04254
   0.56900  10.70600   8.98982      0.06756      0.03600      0.02300          0.06814          0.07137
   0.50000   9.63500  10.51535      0.10424      0.03000      0.02300          0.10171          0.10717
   0.43400   8.56500  12.05038      0.14486      0.03000      0.02300          0.14041          0.14806
   0.37100   7.49400  13.58582      0.17927      0.03200      0.02300          0.18190          0.19103
   0.54700  12.83900  11.51302      0.07380      0.04200      0.02700          0.07398          0.07900
   0.48200  11.55500  13.29838      0.11222      0.04100      0.02600          0.10731          0.11481
   0.42100  10.27100  15.00603      0.13956      0.05700      0.02600          0.14433          0.15407
   0.42700   1.73800   3.21261      0.18926      0.01800      0.01000          0.19045          0.19216
   0.37600   1.71300   3.72321      0.21492      0.01800      0.01000          0.21744          0.21813
   0.32800   1.68300   4.32845      0.24029      0.01800      0.01100          0.24252          0.24140
   0.27900   1.64300   5.12624      0.26327      0.01800      0.01100          0.26679          0.26343
   0.23600   1.59800   6.05354      0.28471      0.01800      0.01100          0.28585          0.28032
   0.17400   1.50000   8.00104      0.30610      0.01800      0.01100          0.30682          0.29832
   0.12400   1.37600  10.60113      0.31588      0.01900      0.01100          0.31446          0.30435
   0.10200   1.29200  12.25502      0.31483      0.01900      0.01000          0.31360          0.30319
   0.08400   1.20300  13.99878      0.31545      0.01900      0.01100          0.30994          0.29968
   0.06800   1.10700  16.05277      0.30863      0.01900      0.01200          0.30352          0.29402
   0.37300   1.40400   3.24043      0.22184      0.01900      0.01000          0.22138          0.22315
   0.32200   1.37900   3.78396      0.24724      0.01800      0.01100          0.24753          0.24690
   0.27300   1.34800   4.47008      0.26857      0.01800      0.01100          0.27089          0.26690
   0.22100   1.30300   5.47328      0.28684      0.01800      0.01100          0.29204          0.28426
   0.17200   1.24000   6.84966      0.30402      0.01800      0.01100          0.30618          0.29526
   0.12400   1.14700   8.98335      0.30688      0.01900      0.01100          0.31125          0.29859
   0.10000   1.07700  10.57335      0.30458      0.01800      0.01100          0.30877          0.29612
   0.08100   1.00200  12.24873      0.30117      0.01800      0.01200          0.30315          0.29117
   0.06500   0.92100  14.12859      0.29690      0.01800      0.01200          0.29470          0.28409
   0.31600   1.10200   3.26570      0.24908      0.01900      0.01200          0.24950          0.25048
   0.26600   1.07800   3.85499      0.26978      0.01900      0.01200          0.27272          0.26933
   0.21700   1.04600   4.65463      0.28434      0.01800      0.01200          0.29160          0.28306
   0.16700   0.99700   5.85341      0.29660      0.01800      0.01200          0.30426          0.29111
   0.12400   0.93400   7.47861      0.30382      0.01900      0.01200          0.30670          0.29132
   0.09700   0.87400   9.01666      0.29153      0.02000      0.01200          0.30202          0.28679
   0.07700   0.81100  10.60182      0.29345      0.01900      0.01200          0.29378          0.27983
   0.22800   0.71600   3.30471      0.27537      0.01900      0.01400          0.27522          0.27321
   0.18100   0.69200   4.01156      0.28396      0.01900      0.01400          0.28948          0.27950
   0.13600   0.65800   5.06059      0.27988      0.01900      0.01300          0.29450          0.27798
   0.10200   0.61700   6.31237      0.27367      0.01900      0.01400          0.28922          0.27049
   0.08000   0.57900   7.53885      0.26434      0.01800      0.01400          0.27945          0.26157
   0.74700  11.76800   4.86604      0.01789      0.03300      0.02100          0.01737          0.01767
   0.70200  11.42800   5.73156      0.02624      0.01900      0.01900          0.02621          0.02673
   0.64900  10.98900   6.82356      0.04186      0.01500      0.01700          0.04010          0.04124
   0.60300  10.59000   7.85254      0.05587      0.01300      0.01600          0.05548          0.05757
   0.55100  10.09500   9.10659      0.07807      0.01600      0.01600          0.07684          0.08043
   0.49800   9.54200  10.49900      0.10505      0.01700      0.01600          0.10294          0.10842
   0.44900   8.98400  11.90526      0.13494      0.01700      0.01600          0.13069          0.13802
   0.40600   8.45700  13.25340      0.15733      0.01700      0.01600          0.15747          0.16627
   0.36800   7.94200  14.51988      0.18531      0.01700      0.01600          0.18261          0.19240
   0.33500   7.46900  15.70688      0.21028      0.01400      0.01700          0.20512          0.21538
   0.31300   7.14400  16.56064      0.21843      0.02300      0.01700          0.22024          0.23057
   0.78500   9.04700   3.35820      0.01473      0.02100      0.02400          0.01453          0.01454
   0.73600   8.80700   4.03939      0.02261      0.01800      0.02000          0.02303          0.02280
   0.68200   8.52000   4.85302      0.03494      0.01800      0.01700          0.03568          0.03554
   0.62900   8.21400   5.72518      0.05192      0.02000      0.01600          0.05185          0.05229
   0.57700   7.88400   6.66013      0.07308      0.01900      0.01500          0.07165          0.07313
   0.52500   7.52100   7.68507      0.09731      0.01800      0.01400          0.09542          0.09836
   0.47400   7.12800   8.79033      0.12487      0.01400      0.01400          0.12245          0.12702
   0.43000   6.76100   9.84261      0.15096      0.01300      0.01400          0.14837          0.15433
   0.38200   6.31700  11.10000      0.18218      0.01400      0.01500          0.17882          0.18602
   0.35200   6.01800  11.95895      0.19458      0.02100      0.01500          0.19861          0.20630
   0.72900   6.55300   3.31638      0.02887      0.02100      0.01900          0.02945          0.02887
   0.67900   6.37400   3.89369      0.04123      0.01800      0.01700          0.04253          0.04176
   0.62500   6.16000   4.57635      0.05983      0.01800      0.01500          0.06020          0.05974
   0.56800   5.91100   5.37605      0.08168      0.01900      0.01400          0.08307          0.08352
   0.51300   5.64000   6.23451      0.11106      0.01800      0.01400          0.10926          0.11102
   0.45900   5.34800   7.18377      0.13976      0.01800      0.01300          0.13861          0.14181
   0.41600   5.08400   8.01751      0.16406      0.02000      0.01400          0.16420          0.16844
   0.38400   4.87700   8.70388      0.18520      0.10000      0.01400          0.18414          0.18901
   0.64500   4.35500   3.27729      0.06203      0.01400      0.01500          0.06322          0.06229
   0.59600   4.22900   3.74699      0.08025      0.01300      0.01400          0.08223          0.08149
   0.54300   4.08000   4.31417      0.10099      0.01200      0.01300          0.10591          0.10576
   0.50600   3.96300   4.74937      0.12097      0.02300      0.01300          0.12432          0.12477
   0.51600  13.40500  13.45404      0.08802      0.01800      0.02100          0.08739          0.09411
   0.47100  12.57300  15.00162      0.11505      0.01800      0.02100          0.11164          0.12030
   0.43600  11.89500  16.26746      0.13467      0.02200      0.02100          0.13255          0.14270
   0.41200  11.41200  17.16738      0.13544      0.09000      0.02100          0.14781          0.15888
   0.65000  13.54900   8.17597      0.03790      0.01800      0.02000          0.03662          0.03847
   0.59900  12.87500   9.49951      0.05564      0.01800      0.01900          0.05347          0.05651
   0.54600  12.12900  10.96564      0.07810      0.01700      0.01900          0.07543          0.08019
   0.49200  11.30400  12.55196      0.10675      0.01500      0.01900          0.10250          0.10936
   0.45600  10.74000  13.69299      0.12548      0.01100      0.01900          0.12297          0.13129
   0.43200  10.33800  14.47291      0.13210      0.03100      0.02000          0.13762          0.14686
   0.82000  11.88600   3.48948      0.00813      0.02900      0.02600          0.00802          0.00833
   0.77400  11.54000   4.24992      0.01336      0.02100      0.02200          0.01354          0.01376
   0.72300  11.12300   5.14186      0.02138      0.02100      0.01900          0.02229          0.02258
   0.66900  10.65000   6.14964      0.03507      0.01900      0.01800          0.03514          0.03584
   0.61700  10.16400   7.18961      0.05140      0.02000      0.01700          0.05144          0.05299
   0.56600   9.65100   8.28059      0.07306      0.01800      0.01700          0.07148          0.07430
   0.51400   9.10100   9.48558      0.09607      0.01800      0.01700          0.09605          0.10055
   0.47900   8.70300  10.34646      0.11702      0.04300      0.01700          0.11488          0.12061
   0.77900   8.81000   3.37973      0.01602      0.02100      0.02100          0.01571          0.01566
   0.72700   8.51500   4.07787      0.02522      0.02000      0.01800          0.02533          0.02504
   0.67100   8.17500   4.88866      0.03918      0.01700      0.01700          0.03939          0.03923
   0.62100   7.84500   5.66821      0.05529      0.01500      0.01600          0.05555          0.05596
   0.57300   7.50300   6.47160      0.07611      0.01900      0.01500          0.07448          0.07585
   0.53600   7.22900   7.13830      0.09342      0.05600      0.01500          0.09137          0.09370
   0.52200  13.91100  13.61878      0.08346      0.02200      0.02600          0.08391          0.09054
   0.48000  13.01800  14.98319      0.11241      0.02300      0.02600          0.10616          0.11457
   0.46000  12.57900  15.64701      0.10963      0.04500      0.02600          0.11771          0.12698
   0.69600  13.69600   6.86252      0.02486      0.02200      0.02400          0.02519          0.02628
   0.64100  12.92600   8.11972      0.04035      0.01900      0.02300          0.03985          0.04175
   0.58700  12.13300   9.41686      0.06067      0.01800      0.02300          0.05883          0.06202
   0.53800  11.37100  10.64504      0.08075      0.02000      0.02300          0.08018          0.08494
   0.49200  10.61600  11.84159      0.10780      0.02300      0.02300          0.10375          0.11020
   0.81100  11.07600   3.46157      0.00910      0.02600      0.02500          0.00943          0.00968
   0.77000  10.72000   4.08243      0.01435      0.02700      0.02200          0.01484          0.01496
   0.71200  10.20800   5.00943      0.02696      0.02200      0.02000          0.02568          0.02583
   0.64900   9.60800   6.07667      0.04170      0.02000      0.01900          0.04248          0.04314
   0.59000   9.00700   7.13946      0.06656      0.01900      0.01900          0.06353          0.06526
   0.53400   8.40400   8.21418      0.08776      0.02100      0.01900          0.08849          0.09172
   0.73500   6.72500   3.30501      0.02715      0.01700      0.01700          0.02767          0.02715
   0.68600   6.47000   3.84184      0.03877      0.02000      0.01600          0.04027          0.03952
   0.63600   6.18700   4.42134      0.05408      0.02100      0.01600          0.05637          0.05579
   0.59900   5.97000   4.87697      0.06790      0.09300      0.01600          0.07046          0.07031
   0.54600  12.82000  11.54021      0.07587      0.02700      0.02800          0.07444          0.07950
   0.80000  13.88300   4.35110      0.00916      0.02800      0.03000          0.00894          0.00937
   0.71900  12.81500   5.88872      0.02139      0.02500      0.02700          0.02132          0.02199
   0.64200  11.74700   7.43086      0.04113      0.02400      0.02600          0.04104          0.04257
   0.56900  10.67900   8.96937      0.07079      0.02400      0.02500          0.06819          0.07140
   0.78100  10.25200   3.75512      0.01376      0.02700      0.02400          0.01376          0.01385
   0.69100   9.39800   5.08293      0.03148      0.02300      0.02200          0.03170          0.03177
   0.60700   8.54300   6.41149      0.05926      0.02500      0.02100          0.05847          0.05953
   0.52900   7.68900   7.72633      0.09134      0.02900      0.02100          0.09298          0.09590
   0.58700  13.52200  10.39413      0.06120      0.06800      0.05300          0.05703          0.06069
   0.55200  12.77700  11.25009      0.07723      0.13600      0.06000          0.07192          0.07670
   0.79200  13.52600   4.43264      0.01009      0.03700      0.04700          0.00998          0.01039
   0.73600  12.68300   5.42969      0.01830      0.03700      0.04400          0.01838          0.01890
   0.68200  11.85100   6.40619      0.02856      0.03500      0.04300          0.03025          0.03111
   0.63400  11.10300   7.28997      0.04432      0.03500      0.04300          0.04438          0.04588
   0.59100  10.41500   8.08803      0.05977      0.03900      0.04400          0.06015          0.06252
   0.54500   9.68800   8.96850      0.08297      0.04600      0.04800          0.08032          0.08393
   0.50900   9.09300   9.65179      0.11166      0.09700      0.05700          0.09851          0.10321
   0.76000   7.59800   3.27972      0.02022      0.02500      0.03700          0.02077          0.02050
   0.70400   7.13600   3.88072      0.03186      0.02400      0.03600          0.03361          0.03300
   0.65600   6.72200   4.40531      0.04587      0.02200      0.03600          0.04797          0.04741
   0.61100   6.33500   4.91360      0.06529      0.02600      0.03600          0.06439          0.06422
   0.56600   5.93000   5.42739      0.08729      0.03400      0.03700          0.08381          0.08432
   0.53600   5.66000   5.78006      0.11410      0.08900      0.03900          0.09834          0.09944
   0.46900  13.07100  15.67929      0.10382      0.05400      0.06100          0.11203          0.12108
   0.43200  12.10300  16.79356      0.14880      0.05700      0.06900          0.13460          0.14511
   0.40500  11.39400  17.61969      0.17450      0.06300      0.07800          0.15218          0.16359
   0.37700  10.66300  18.50117      0.13958      0.25900      0.09000          0.17118          0.18334
   0.59600  13.52700  10.04966      0.04956      0.07200      0.04300          0.05374          0.05710
   0.54800  12.54000  11.22357      0.07337      0.07600      0.04300          0.07396          0.07882
   0.50300  11.61200  12.35384      0.09804      0.06100      0.04300          0.09639          0.10288
   0.46400  10.78000  13.33311      0.12169      0.04800      0.04400          0.11843          0.12637
   0.42900  10.02800  14.22765      0.14002      0.05700      0.04800          0.14001          0.14916
   0.40300   9.46400  14.90023      0.14535      0.09300      0.05400          0.15699          0.16689
   0.72700   7.50400   3.69823      0.02264      0.08900      0.03500          0.02743          0.02695
   0.68100   7.11900   4.21510      0.03957      0.05200      0.03500          0.03953          0.03896
   0.62400   6.64000   4.88138      0.05834      0.04900      0.03500          0.05858          0.05836
   0.56900   6.15500   5.54258      0.07728      0.04300      0.03500          0.08147          0.08207
   0.52400   5.74700   6.10091      0.10183      0.04700      0.03500          0.10344          0.10496
   0.48300   5.36600   6.62409      0.13064      0.04400      0.03500          0.12581          0.12824
   0.44400   4.99700   7.13786      0.14647      0.04400      0.03500          0.14888          0.15211
   0.40100   4.57500   7.71433      0.18064      0.03500      0.03700          0.17593          0.17980
   0.36100   4.17600   8.27222      0.20339      0.03200      0.04000          0.20197          0.20606
   0.33000   3.86100   8.71935      0.19349      0.06300      0.04800          0.22227          0.22618
   0.41800   1.68000   3.21949      0.19871      0.01500      0.00900          0.19577          0.19753
   0.36500   1.64200   3.73699      0.22101      0.01900      0.00900          0.22387          0.22439
   0.32400   1.60600   4.23115      0.25624      0.02000      0.00900          0.24520          0.24397
   0.21300   1.45700   6.26373      0.29728      0.01900      0.00900          0.29490          0.28750
   0.13400   1.25600   8.99749      0.31228      0.01900      0.01300          0.31225          0.30079
   0.08200   1.01900  12.28818      0.30991      0.01800      0.01400          0.30398          0.29209
   0.06300   0.88700  14.07272      0.29733      0.01700      0.01700          0.29217          0.28159
   0.51800   2.37600   3.09123      0.13772      0.03000      0.01200          0.13627          0.13690
   0.44700   2.32000   3.75051      0.16654      0.02200      0.01100          0.17264          0.17344
   0.40400   2.27800   4.24097      0.20217      0.01900      0.01000          0.19583          0.19634
   0.34400   2.20600   5.08715      0.22951      0.01600      0.01000          0.22872          0.22846
   0.28100   2.10500   6.26646      0.26723      0.01700      0.01000          0.26217          0.26041
   0.22900   1.99300   7.59041      0.28748      0.01700      0.01000          0.28687          0.28333
   0.18700   1.86900   9.00601      0.30441      0.01700      0.00900          0.30315          0.29786
   0.15200   1.73600  10.56541      0.31341      0.01700      0.00900          0.31280          0.30591
   0.12300   1.59200  12.23144      0.32021      0.01600      0.00800          0.31684          0.30863
   0.07800   1.27200  15.91605      0.32173      0.01600      0.02700          0.31087          0.30154
   0.59900   3.50000   3.22343      0.08376      0.02300      0.01900          0.08732          0.08671
   0.54800   3.44900   3.72515      0.10729      0.02000      0.01600          0.10956          0.10929
   0.49400   3.38500   4.34758      0.13479      0.01800      0.01400          0.13582          0.13614
   0.44000   3.31000   5.09308      0.16256      0.01600      0.01300          0.16452          0.16559
   0.37200   3.18900   6.26394      0.20748      0.01600      0.01200          0.20323          0.20501
   0.31300   3.05500   7.58574      0.23888      0.01600      0.01100          0.23758          0.23941
   0.24000   2.81900   9.80719      0.27728      0.01600      0.01100          0.27781          0.27850
   0.18500   2.57600  12.22868      0.30271      0.01600      0.01000          0.30313          0.30179
   0.15300   2.39100  14.11681      0.31699      0.01700      0.01000          0.31437          0.31129
   0.12700   2.19300  15.95507      0.31864      0.02000      0.00900          0.32062          0.31580
   0.10300   1.98300  18.14978      0.31993      0.01600      0.00900          0.32317          0.31675
   0.08300   1.75900  20.31413      0.32291      0.01700      0.02700          0.32152          0.31404
   0.06600   1.52300  22.43311      0.32904      0.02400      0.02900          0.31563          0.30793
   0.74400   7.30900   3.39528      0.02351      0.02200      0.02000          0.02438          0.02397
   0.70200   7.14000   3.91130      0.03315      0.01700      0.01700          0.03408          0.03348
   0.65800   6.95100   4.49318      0.04631      0.01500      0.01600          0.04658          0.04609
   0.61600   6.75700   5.09251      0.06039      0.01500      0.01500          0.06091          0.06087
   0.53600   6.34100   6.36958      0.09485      0.01400      0.01400          0.09498          0.09663
   0.42600   5.64800   8.49057      0.15620      0.01400      0.01300          0.15546          0.16018
   0.35300   5.09000  10.20962      0.20751      0.01400      0.01400          0.20181          0.20789
   0.26300   4.25200  12.79566      0.26252      0.01600      0.01200          0.25970          0.26509
   0.17400   3.19800  16.06167      0.32521      0.01900      0.01900          0.30740          0.30791
   0.80100  10.11100   3.39233      0.01159      0.02500      0.02400          0.01133          0.01148
   0.75800   9.87700   4.03370      0.01777      0.02000      0.01900          0.01760          0.01759
   0.69200   9.48200   5.10067      0.03156      0.01800      0.01700          0.03131          0.03140
   0.60700   8.91200   6.65040      0.05809      0.01600      0.01500          0.05755          0.05879
   0.52900   8.31400   8.28280      0.09192      0.01500      0.01400          0.09105          0.09441
   0.42100   7.33200  10.96403      0.15508      0.01500      0.01500          0.15165          0.15863
   0.35000   6.55800  13.05950      0.20257      0.01600      0.01500          0.19803          0.20660
   0.26200   5.41600  16.13611      0.26358      0.01500      0.01400          0.25690          0.26478
   0.17400   4.01800  19.95431      0.31258      0.02000      0.02200          0.30747          0.30985
   0.82000  13.90700   3.93311      0.00715      0.03000      0.02700          0.00704          0.00745
   0.78700  13.63800   4.57145      0.01058      0.02500      0.02200          0.01048          0.01092
   0.74900  13.31800   5.34340      0.01618      0.02000      0.01900          0.01577          0.01632
   0.67500  12.64300   6.96773      0.03212      0.01700      0.01500          0.03104          0.03220
   0.59600  11.84400   8.90884      0.05539      0.01600      0.01600          0.05595          0.05873
   0.52100  10.97800  10.97337      0.09095      0.01600      0.01600          0.08871          0.09402
   0.41500   9.57600  14.37905      0.15350      0.01500      0.01600          0.14938          0.15882
   0.51700   2.49600   3.21221      0.13225      0.01300      0.01000          0.13518          0.13571
   0.48500   2.43400   3.46491      0.14811      0.01500      0.00900          0.15172          0.15244
   0.42200   2.29200   4.01963      0.18422      0.01500      0.00900          0.18610          0.18676
   0.32600   2.02800   5.07321      0.23636      0.01500      0.01000          0.24009          0.23917
   0.24300   1.72700   6.26035      0.27725      0.01500      0.01000          0.28234          0.27775
   0.17300   1.39500   7.54894      0.29081      0.01600      0.01200          0.30675          0.29729
   0.71800   6.03000   3.24868      0.03218      0.02200      0.01700          0.03364          0.03296
   0.65600   5.79100   3.91710      0.05073      0.03100      0.01500          0.05166          0.05081
   0.61500   5.62300   4.40044      0.06637      0.02700      0.01400          0.06625          0.06569
   0.54400   5.30300   5.32552      0.09462      0.02300      0.01400          0.09675          0.09736
   0.43200   4.69300   7.05078      0.15752      0.02400      0.01000          0.15748          0.16065
   0.35800   4.20800   8.42654      0.20882      0.01700      0.01100          0.20355          0.20777
   0.26700   3.48800  10.45603      0.27048      0.01700      0.01300          0.26052          0.26379
   0.17600   2.59800  13.04372      0.32001      0.01700      0.02100          0.30660          0.30512
   0.78700   9.20300   3.37113      0.01355      0.02200      0.02200          0.01406          0.01409
   0.74700   8.97900   3.92144      0.02039      0.02200      0.01900          0.02071          0.02053
   0.69000   8.63300   4.75895      0.03251      0.01600      0.01700          0.03342          0.03327
   0.60900   8.09800   6.07956      0.05678      0.01500      0.01500          0.05897          0.05976
   0.53300   7.52100   7.47005      0.09380      0.01500      0.01500          0.09170          0.09436
   0.42400   6.57100   9.80700      0.15461      0.01600      0.01500          0.15259          0.15856
   0.35300   5.83600  11.57693      0.20593      0.01700      0.01300          0.19866          0.20603
   0.26400   4.77300  14.18690      0.26323      0.01700      0.01500          0.25744          0.26404
   0.17600   3.50000  17.26672      0.31086      0.02000      0.02400          0.30654          0.30793
   0.81900  12.40700   3.62232      0.00749      0.02800      0.02600          0.00783          0.00817
   0.76200  11.95400   4.61402      0.01472      0.01900      0.02100          0.01489          0.01518
   0.67800  11.23600   6.21663      0.03146      0.01700      0.01800          0.03201          0.03276
   0.59900  10.47500   7.89283      0.05695      0.01400      0.01700          0.05712          0.05927
   0.52300   9.65600   9.68707      0.09077      0.01700      0.01700          0.09043          0.09490
   0.41700   8.34900  12.55294      0.15482      0.01500      0.01700          0.15107          0.15928
   0.34700   7.35500  14.72132      0.20231      0.01800      0.01600          0.19764          0.20740
   0.25900   5.94100  17.87758      0.26316      0.01700      0.01700          0.25754          0.26633
   0.17200   4.29000  21.53222      0.30726      0.01900      0.02500          0.30846          0.31117
   0.59200  13.69400  10.31811      0.05559      0.01700      0.01900          0.05499          0.05854
   0.51700  12.54700  12.60221      0.08881      0.01800      0.01900          0.08809          0.09436
   0.41300  10.74300  16.14946      0.15396      0.01800      0.02000          0.14833          0.15884
   0.34300   9.39100  18.86836      0.19687      0.01800      0.01800          0.19573          0.20800
   0.25700   7.50200  22.56902      0.26197      0.02200      0.02000          0.25596          0.26702
   0.17100   5.35000  26.81690      0.31063      0.02500      0.02600          0.30917          0.31311
   0.70000   5.00000   3.02321      0.04069      0.01200      0.00800          0.04249          0.04172
   0.30000   2.00000   5.54702      0.25124      0.01200      0.00600          0.25364          0.25200
   0.40000   2.00000   3.88035      0.20279      0.01200      0.00600          0.20148          0.20216
   0.50000   5.00000   5.88035      0.11827      0.01100      0.00800          0.11943          0.12095
   0.22000   2.00000   7.97126      0.29570      0.01200      0.00700          0.29057          0.28686
   0.30000   5.00000  12.54702      0.23763      0.01100      0.01400          0.23485          0.24176
   0.13000   2.00000  14.26497      0.32583      0.01200      0.01100          0.31882          0.31324
   0.40000   5.00000   8.38035      0.17643      0.01000      0.00800          0.17399          0.17860
   0.50000   5.00000   5.88035      0.11816      0.00900      0.00700          0.11943          0.12095
   0.60000   5.00000   4.21369      0.07286      0.00900      0.00700          0.07533          0.07471
   0.70000   5.00000   3.02321      0.04089      0.01300      0.01000          0.04249          0.04172
   0.08900   2.00000  21.35227      0.33247      0.01200      0.01700          0.32484          0.31796
   0.30000   5.00000  12.54702      0.23802      0.01200      0.00900          0.23485          0.24176
   0.70000  10.00000   5.16607      0.02790      0.01600      0.01100          0.02860          0.02877
   0.80000  10.00100   3.38060      0.01125      0.01900      0.01500          0.01155          0.01169
   0.22000   5.00000  18.60763      0.29082      0.01200      0.01400          0.28256          0.28892
   0.50000  10.00000  10.88035      0.10235      0.01500      0.01200          0.10091          0.10660
   0.60000  10.00000   7.54702      0.05794      0.01200      0.01000          0.05766          0.05958
   0.40000   9.99900  15.87885      0.16113      0.01100      0.01300          0.15777          0.16829
   0.14000   5.00000  31.59464      0.32716      0.00700      0.02100          0.32453          0.32457
   0.30000  10.00100  24.21602      0.23158      0.01400      0.01600          0.22357          0.23751
   0.20000   1.00000   4.88035      0.29131      0.01000      0.00900          0.29629          0.28604
   0.20000   1.00000   4.88035      0.28724      0.01000      0.00700          0.29629          0.28604
   0.20000   1.00000   4.88035      0.29081      0.01000      0.00700          0.29629          0.28604
   0.20000   1.00000   4.88035      0.29246      0.01000      0.00500          0.29629          0.28604
   0.20000   1.00000   4.88035      0.29533      0.00900      0.00500          0.29629          0.28604
   0.20000   1.50000   6.88035      0.30401      0.01000      0.00900          0.29926          0.29158
   0.20000   1.50000   6.88035      0.29620      0.00800      0.00700          0.29926          0.29158
   0.20000   1.50000   6.88035      0.29847      0.00800      0.00600          0.29926          0.29158
   0.20000   1.50000   6.88035      0.30097      0.00800      0.00500          0.29926          0.29158
   0.20000   1.50000   6.88035      0.30146      0.00800      0.00500          0.29926          0.29158
   0.20000   2.50000  10.88035      0.31311      0.01500      0.01900          0.29718          0.29582
   0.20000   2.50000  10.88035      0.30273      0.00700      0.01100          0.29718          0.29582
   0.20000   2.50000  10.88035      0.29964      0.00900      0.00800          0.29718          0.29582
   0.20000   5.00000  20.88035      0.29168      0.01200      0.02100          0.29371          0.29925
   0.20000   5.00000  20.88035      0.29355      0.00900      0.01700          0.29371          0.29925
   0.20000   5.00100  20.88435      0.29346      0.00900      0.01400          0.29371          0.29925
   0.20000   5.00000  20.88035      0.29647      0.00800      0.01300          0.29371          0.29925
   0.35000   1.50000   3.66607      0.23096      0.00900      0.00700          0.23277          0.23316
   0.35000   1.50000   3.66607      0.23041      0.00900      0.00700          0.23277          0.23316
   0.35000   1.50000   3.66607      0.22922      0.00900      0.00600          0.23277          0.23316
   0.35000   1.50000   3.66607      0.23232      0.00900      0.00500          0.23277          0.23316
   0.35000   1.50000   3.66607      0.23249      0.01400      0.00500          0.23277          0.23316
   0.35000   2.50000   5.52321      0.22430      0.00900      0.00800          0.22229          0.22266
   0.35000   2.50000   5.52321      0.22132      0.00900      0.00700          0.22229          0.22266
   0.35000   2.50000   5.52321      0.22055      0.00900      0.00600          0.22229          0.22266
   0.35000   2.50000   5.52321      0.22310      0.00800      0.00500          0.22229          0.22266
   0.35000   2.50000   5.52321      0.22028      0.00900      0.00500          0.22229          0.22266
   0.35000   5.00000  10.16607      0.20817      0.01100      0.01400          0.20407          0.21006
   0.35000   5.00000  10.16607      0.20729      0.00800      0.01000          0.20407          0.21006
   0.35000   5.00000  10.16607      0.20917      0.00800      0.00800          0.20407          0.21006
   0.35000   5.00000  10.16607      0.20747      0.00800      0.00700          0.20407          0.21006
   0.50000   2.50000   3.38035      0.13995      0.01000      0.01200          0.14340          0.14401
   0.50000   2.50100   3.38135      0.14095      0.01100      0.00900          0.14339          0.14399
   0.50000   2.50000   3.38035      0.14082      0.01000      0.00600          0.14340          0.14401
   0.50000   2.50000   3.38035      0.14209      0.00800      0.00500          0.14340          0.14401
   0.50000   2.50000   3.38035      0.13956      0.00900      0.00500          0.14340          0.14401
   0.50000   5.00100   5.88135      0.11734      0.01400      0.01400          0.11942          0.12095
   0.50000   5.00100   5.88135      0.11796      0.00900      0.01000          0.11942          0.12095
   0.50000   5.00100   5.88135      0.11868      0.00900      0.00700          0.11942          0.12095
   0.50000   5.00000   5.88035      0.11696      0.00700      0.00500          0.11943          0.12095
   0.50000   7.50000   8.38035      0.10687      0.01700      0.01800          0.10765          0.11152
   0.50000   7.50000   8.38035      0.10928      0.01100      0.00800          0.10765          0.11152
   0.50000   9.99900  10.87935      0.10344      0.01300      0.02100          0.10092          0.10661
   0.50000  10.00100  10.88135      0.10272      0.01300      0.01600          0.10091          0.10660
   0.50000  10.00000  10.88035      0.10241      0.00800      0.01000          0.10091          0.10660
   0.49200   7.22000   8.33515      0.11552      0.01600      0.00900          0.11269          0.11664
   0.43200   5.68000   8.34850      0.15229      0.01500      0.00700          0.15187          0.15642
   0.41900   8.39100  12.51561      0.15306      0.02000      0.01300          0.14975          0.15792
