 x    Q2    WSQ   F2p_data   F2p_stat_err  F2p_sys_err  F2p_f1f217   F2p_ineft
   0.08000   0.58000   7.55035      0.28119      0.00422      0.00337          0.28090          0.27621
   0.08000   0.66000   8.47035      0.29347      0.00587      0.00411          0.28534          0.28416
   0.08000   0.81000  10.19535      0.30504      0.00610      0.00397          0.31020          0.29593
   0.08000   0.89000  11.11535      0.31721      0.00349      0.00381          0.31630          0.30099
   0.08000   1.01000  12.49535      0.32586      0.00391      0.00326          0.32399          0.30746
   0.08000   1.12000  13.76035      0.32882      0.00460      0.00427          0.32985          0.31244
   0.08000   1.25000  15.25535      0.33676      0.00337      0.00337          0.33566          0.31745
   0.08000   1.44000  17.44035      0.33999      0.00986      0.00306          0.34252          0.32346
   0.08000   1.53000  18.47535      0.34563      0.00622      0.00691          0.34523          0.32589
   0.08000   1.66000  19.97035      0.35286      0.00847      0.00600          0.34873          0.32901
   0.08000   1.80000  21.58035      0.35609      0.00570      0.00534          0.35219          0.33195
   0.08000   1.98000  23.65035      0.35856      0.00717      0.00681          0.35626          0.33522
   0.08000   2.15000  25.60535      0.37467      0.01386      0.00862          0.35978          0.33787
   0.08000   2.42000  28.71035      0.37272      0.00820      0.00820          0.36483          0.34143
   0.12500   0.65000   5.43035      0.30461      0.00305      0.00335          0.30936          0.29906
   0.12500   0.74000   6.06035      0.31305      0.00939      0.00407          0.31960          0.30595
   0.12500   0.79000   6.41035      0.31701      0.00888      0.00476          0.32370          0.30915
   0.12500   0.94000   7.46035      0.32729      0.00425      0.00458          0.32938          0.31692
   0.12500   1.12000   8.72035      0.33266      0.00399      0.00233          0.32822          0.32379
   0.12500   1.26000   9.70035      0.33965      0.00577      0.00340          0.33478          0.32794
   0.12500   1.37000  10.47035      0.33948      0.00373      0.00339          0.34109          0.33068
   0.12500   1.63000  12.29035      0.34545      0.00380      0.00242          0.34647          0.33588
   0.12500   1.83000  13.69035      0.35679      0.00749      0.00500          0.34928          0.33901
   0.12500   2.00000  14.88035      0.34910      0.00489      0.00314          0.35122          0.34124
   0.12500   2.22000  16.42035      0.35091      0.00386      0.00386          0.35349          0.34368
   0.12500   2.58000  18.94035      0.35318      0.00636      0.00777          0.35677          0.34687
   0.12500   2.83000  20.69035      0.36474      0.00657      0.00802          0.35878          0.34867
   0.12500   3.01000  21.95035      0.35004      0.00980      0.01050          0.36013          0.34979
   0.12500   3.35000  24.33035      0.33320      0.00933      0.00833          0.36246          0.35162
   0.12500   3.72000  26.92035      0.36272      0.01632      0.01161          0.36474          0.35326
   0.17500   0.69000   4.13321      0.31308      0.00595      0.00470          0.31625          0.30623
   0.17500   0.79000   4.60464      0.31794      0.00350      0.00286          0.32005          0.31363
   0.17500   0.89000   5.07607      0.32703      0.00425      0.00262          0.32735          0.31910
   0.17500   1.00000   5.59464      0.32970      0.00593      0.00429          0.33531          0.32351
   0.17500   1.10000   6.06607      0.35127      0.00808      0.00492          0.34086          0.32660
   0.17500   1.29000   6.96178      0.33685      0.00404      0.00269          0.34594          0.33095
   0.17500   1.41000   7.52750      0.32613      0.00359      0.00228          0.34576          0.33301
   0.17500   1.50000   7.95178      0.34189      0.00615      0.00410          0.34417          0.33431
   0.17500   1.62000   8.51750      0.33828      0.02030      0.00541          0.34099          0.33580
   0.17500   1.74000   9.08321      0.34523      0.00518      0.00276          0.33980          0.33708
   0.17500   1.88000   9.74321      0.34553      0.00346      0.00276          0.34242          0.33835
   0.17500   2.15000  11.01607      0.35376      0.00566      0.00460          0.34545          0.34032
   0.17500   2.38000  12.10035      0.35155      0.00457      0.00387          0.34578          0.34165
   0.17500   2.56000  12.94893      0.34144      0.00376      0.00376          0.34602          0.34253
   0.17500   2.72000  13.70321      0.34679      0.00624      0.00590          0.34621          0.34322
   0.17500   3.00000  15.02321      0.36287      0.00798      0.00617          0.34653          0.34426
   0.17500   3.25000  16.20178      0.35511      0.00497      0.00675          0.34679          0.34504
   0.17500   3.54000  17.56893      0.34569      0.00519      0.00691          0.34707          0.34583
   0.17500   3.80000  18.79464      0.34713      0.01076      0.00625          0.34730          0.34643
   0.17500   4.14000  20.39750      0.34461      0.00379      0.00655          0.34758          0.34712
   0.17500   4.59000  22.51893      0.32285      0.01195      0.00710          0.34792          0.34788
   0.17500   5.10000  24.92321      0.35688      0.00535      0.00714          0.34826          0.34859
   0.17500   5.44000  26.52607      0.33516      0.00637      0.00905          0.34847          0.34899
   0.25000   0.72000   3.04035      0.29666      0.00564      0.00445          0.31677          0.31609
   0.25000   0.89000   3.55035      0.31069      0.00528      0.00342          0.31649          0.30247
   0.25000   1.03000   3.97035      0.31386      0.00220      0.00220          0.32134          0.31076
   0.25000   1.10000   4.18035      0.31517      0.00315      0.00252          0.31881          0.31251
   0.25000   1.31000   4.81035      0.31955      0.00383      0.00288          0.31892          0.31735
   0.25000   1.46000   5.26035      0.32352      0.00388      0.00226          0.32300          0.31914
   0.25000   1.57000   5.59035      0.31918      0.00287      0.00223          0.32590          0.31995
   0.25000   1.76000   6.16035      0.32688      0.00327      0.00229          0.32933          0.32078
   0.25000   2.06000   7.06035      0.32392      0.00292      0.00227          0.32993          0.32128
   0.25000   2.30000   7.78035      0.32655      0.00359      0.00327          0.32693          0.32133
   0.25000   2.51000   8.41035      0.32803      0.00394      0.00328          0.32286          0.32124
   0.25000   2.71000   9.01035      0.31830      0.00573      0.00286          0.32024          0.32111
   0.25000   2.90000   9.58035      0.32494      0.00260      0.00227          0.31981          0.32095
   0.25000   3.09000  10.15035      0.31852      0.00764      0.00319          0.32075          0.32079
   0.25000   3.30000  10.78035      0.32633      0.00555      0.00359          0.31973          0.32060
   0.25000   3.53000  11.47035      0.31570      0.00316      0.00347          0.31868          0.32041
   0.25000   3.97000  12.79035      0.32048      0.00449      0.00481          0.31685          0.32006
   0.25000   4.32000  13.84035      0.31921      0.00415      0.00351          0.31553          0.31981
   0.25000   4.75000  15.13035      0.31051      0.00342      0.00373          0.31405          0.31954
   0.25000   5.26000  16.66035      0.31348      0.00251      0.00376          0.31247          0.31927
   0.25000   5.82000  18.34035      0.31316      0.00470      0.00532          0.31089          0.31901
   0.25000   6.19000  19.45035      0.31112      0.00467      0.00529          0.30993          0.31887
   0.25000   6.74000  21.10035      0.30908      0.00804      0.00556          0.30860          0.31868
   0.25000   7.71000  24.01035      0.30222      0.00423      0.00665          0.30651          0.31841
   0.25000   8.22000  25.54035      0.29698      0.01633      0.00713          0.30551          0.31829
   0.35000   1.10000   2.92321      0.26772      0.00402      0.00268          0.33190          0.32782
   0.35000   1.17000   3.05321      0.27002      0.00297      0.00162          0.28698          0.28812
   0.35000   1.39000   3.46178      0.27659      0.00360      0.00304          0.27857          0.26770
   0.35000   1.65000   3.94464      0.28076      0.00197      0.00168          0.27949          0.27548
   0.35000   1.83000   4.27893      0.27727      0.00665      0.00250          0.27231          0.27525
   0.35000   1.98000   4.55750      0.26929      0.00296      0.00162          0.26958          0.27519
   0.35000   2.18000   4.92893      0.26946      0.00243      0.00135          0.26912          0.27450
   0.35000   2.49000   5.50464      0.26833      0.00724      0.00241          0.27033          0.27276
   0.35000   2.79000   6.06178      0.26816      0.00563      0.00295          0.27080          0.27087
   0.35000   3.12000   6.67464      0.26550      0.00212      0.00159          0.26989          0.26884
   0.35000   3.36000   7.12035      0.26976      0.00809      0.00243          0.26851          0.26745
   0.35000   3.74000   7.82607      0.26310      0.00289      0.00237          0.26565          0.26543
   0.35000   4.15000   8.58750      0.26549      0.00212      0.00239          0.26209          0.26349
   0.35000   5.11000  10.37035      0.25826      0.00310      0.00258          0.25585          0.25985
   0.35000   5.66000  11.39178      0.26112      0.00418      0.00339          0.25310          0.25821
   0.35000   6.06000  12.13464      0.24964      0.00200      0.00225          0.25126          0.25717
   0.35000   6.58000  13.10035      0.25481      0.00382      0.00357          0.24905          0.25599
   0.35000   7.37000  14.56750      0.24809      0.00223      0.00372          0.24600          0.25449
   0.35000   8.15000  16.01607      0.24059      0.00313      0.00361          0.24330          0.25327
   0.35000   9.34000  18.22607      0.23509      0.00447      0.00447          0.23964          0.25177
   0.35000   9.99000  19.43321      0.23742      0.00404      0.00499          0.23783          0.25110
   0.35000  10.95000  21.21607      0.24735      0.00965      0.00594          0.23536          0.25024
   0.45000   1.70000   2.95813      0.22273      0.00223      0.00156          0.25414          0.26047
   0.45000   1.87000   3.16591      0.22263      0.00712      0.00245          0.21437          0.20930
   0.45000   2.01000   3.33702      0.20909      0.00502      0.00188          0.21273          0.20637
   0.45000   2.29000   3.67924      0.21195      0.00191      0.00127          0.21509          0.21328
   0.45000   2.44000   3.86258      0.20619      0.00247      0.00144          0.21161          0.21233
   0.45000   2.65000   4.11924      0.20516      0.00308      0.00185          0.20544          0.20992
   0.45000   3.39000   5.02369      0.20162      0.00161      0.00121          0.19754          0.20382
   0.45000   3.75000   5.46369      0.19865      0.00258      0.00159          0.19668          0.20086
   0.45000   4.72000   6.64924      0.19361      0.00136      0.00174          0.19358          0.19406
   0.45000   5.28000   7.33369      0.18814      0.00226      0.00207          0.19107          0.19090
   0.45000   5.68000   7.82258      0.18673      0.00224      0.00168          0.18903          0.18892
   0.45000   6.07000   8.29924      0.18297      0.00531      0.00238          0.18641          0.18720
   0.45000   6.55000   8.88591      0.18012      0.00162      0.00162          0.18293          0.18530
   0.45000   7.09000   9.54591      0.17827      0.00143      0.00196          0.17967          0.18343
   0.45000   7.84000  10.46258      0.18042      0.00505      0.00289          0.17678          0.18121
   0.45000   8.44000  11.19591      0.17174      0.00206      0.00240          0.17466          0.17968
   0.45000   9.44000  12.41813      0.17108      0.00137      0.00240          0.17144          0.17754
   0.45000  10.80000  14.08035      0.16788      0.00151      0.00302          0.16757          0.17522
   0.45000  11.60000  15.05813      0.16601      0.00266      0.00349          0.16551          0.17410
   0.45000  12.58000  16.25591      0.16341      0.00212      0.00359          0.16318          0.17291
   0.45000  15.01000  19.22591      0.15683      0.01051      0.01051          0.15809          0.17062
   0.45000  16.36000  20.87591      0.16378      0.00704      0.00983          0.15562          0.16963
   0.55000   2.47000   2.90126      0.15246      0.00122      0.00107          0.18462          0.18557
   0.55000   2.77000   3.14672      0.14767      0.00251      0.00118          0.14589          0.14661
   0.55000   3.47000   3.71945      0.13889      0.00153      0.00167          0.13923          0.14097
   0.55000   3.74000   3.94035      0.13957      0.00419      0.00126          0.13527          0.13819
   0.55000   4.04000   4.18581      0.13213      0.00106      0.00106          0.13134          0.13538
   0.55000   4.80000   4.80763      0.12866      0.00347      0.00129          0.12620          0.12989
   0.55000   5.32000   5.23308      0.12449      0.00224      0.00137          0.12415          0.12659
   0.55000   5.73000   5.56854      0.12172      0.00158      0.00134          0.12256          0.12425
   0.55000   6.24000   5.98581      0.11955      0.00132      0.00120          0.12037          0.12165
   0.55000   7.45000   6.97581      0.11388      0.00080      0.00102          0.11386          0.11663
   0.55000   8.37000   7.72854      0.11197      0.00134      0.00146          0.10774          0.11365
   0.55000   9.39000   8.56308      0.10837      0.00108      0.00163          0.10253          0.11094
   0.55000  10.60000   9.55308      0.10423      0.00094      0.00146          0.10207          0.10836
   0.55000  11.87000  10.59217      0.10221      0.00092      0.00174          0.10219          0.10618
   0.55000  12.84000  11.38581      0.10066      0.00111      0.00191          0.10013          0.10479
   0.55000  13.69000  12.08126      0.09781      0.00117      0.00205          0.09846          0.10373
   0.55000  14.65000  12.86672      0.09733      0.00117      0.00204          0.09668          0.10268
   0.55000  15.57000  13.61945      0.09778      0.00323      0.00303          0.09509          0.10179
   0.55000  16.71000  14.55217      0.11092      0.01686      0.00821          0.09324          0.10082
   0.55000  17.89000  15.51763      0.08557      0.00334      0.00471          0.09145          0.09995
   0.55000  19.47000  16.81035      0.08893      0.00276      0.00445          0.08924          0.09894
   0.65000   4.29000   3.19035      0.08284      0.00075      0.00075          0.07999          0.08067
   0.65000   5.05000   3.59959      0.08061      0.00234      0.00105          0.07558          0.07617
   0.65000   5.71000   3.95497      0.07099      0.00128      0.00078          0.07160          0.07250
   0.65000   6.29000   4.26728      0.06950      0.00070      0.00076          0.06841          0.06961
   0.65000   6.81000   4.54728      0.06728      0.00067      0.00081          0.06609          0.06753
   0.65000   7.24000   4.77882      0.05886      0.00453      0.00200          0.06436          0.06597
   0.65000   7.89000   5.12882      0.06348      0.00051      0.00057          0.06181          0.06387
   0.65000   8.63000   5.52728      0.06127      0.00055      0.00061          0.05885          0.06180
   0.65000   9.52000   6.00651      0.05772      0.00075      0.00081          0.05526          0.05969
   0.65000  10.60000   6.58805      0.05660      0.00051      0.00079          0.05104          0.05756
   0.65000  11.49000   7.06728      0.05412      0.00065      0.00103          0.04791          0.05608
   0.65000  13.15000   7.96112      0.05258      0.00053      0.00084          0.04331          0.05385
   0.65000  14.46000   8.66651      0.05074      0.00081      0.00117          0.04408          0.05243
   0.65000  15.56000   9.25882      0.04928      0.00054      0.00113          0.04552          0.05143
   0.65000  16.64000   9.84035      0.04650      0.00070      0.00107          0.04679          0.05057
   0.65000  18.32000  10.74497      0.04490      0.00126      0.00220          0.04542          0.04943
   0.65000  20.62000  11.98343      0.04222      0.00160      0.00220          0.04301          0.04818
   0.65000  22.21000  12.83959      0.04451      0.00093      0.00218          0.04150          0.04747
   0.75000   6.05000   2.89702      0.03503      0.00077      0.00056          0.03985          0.04435
   0.75000   6.66000   3.10035      0.03382      0.00047      0.00041          0.03289          0.03614
   0.75000   7.29000   3.31035      0.03166      0.00032      0.00054          0.03081          0.03100
   0.75000   8.04000   3.56035      0.02849      0.00048      0.00048          0.02938          0.02950
   0.75000   8.88000   3.84035      0.02798      0.00025      0.00036          0.02740          0.02780
   0.75000  10.24000   4.29369      0.02606      0.00034      0.00039          0.02416          0.02544
   0.75000  11.59000   4.74369      0.02397      0.00026      0.00034          0.02174          0.02381
   0.75000  13.08000   5.24035      0.02228      0.00025      0.00040          0.01990          0.02238
   0.75000  14.46000   5.70035      0.02065      0.00027      0.00039          0.01889          0.02133
   0.75000  15.71000   6.11702      0.02033      0.00055      0.00045          0.01854          0.02053
   0.75000  17.03000   6.55702      0.01862      0.00022      0.00045          0.01878          0.01982
   0.75000  18.42000   7.02035      0.01873      0.00036      0.00052          0.01982          0.01918
   0.75000  19.92000   7.52035      0.01588      0.00060      0.00084          0.02207          0.01860
   0.75000  21.58000   8.07369      0.01644      0.00064      0.00100          0.02617          0.01805
   0.75000  24.46000   9.03369      0.01550      0.00054      0.00085          0.02877          0.01729
   0.75000  26.69000   9.77702      0.01438      0.00049      0.00095          0.02069          0.01681
   0.85000  10.11000   2.66447      0.00854      0.00023      0.00045          0.00781          0.00864
   0.85000  11.07000   2.83388      0.00743      0.00025      0.00033          0.00789          0.00946
   0.85000  12.18000   3.02977      0.00680      0.00015      0.00022          0.00775          0.00888
   0.85000  13.97000   3.34565      0.00618      0.00014      0.00020          0.00709          0.00639
   0.85000  15.45000   3.60683      0.00578      0.00008      0.00016          0.00684          0.00586
   0.85000  16.61000   3.81153      0.00542      0.00015      0.00017          0.00671          0.00550
   0.85000  18.48000   4.14153      0.00481      0.00007      0.00015          0.00682          0.00501
   0.85000  19.95000   4.40094      0.00473      0.00012      0.00018          0.00741          0.00473
   0.85000  23.39000   5.00800      0.00375      0.00013      0.00028          0.01166          0.00425
   0.85000  29.17000   6.02800      0.00277      0.00011      0.00022          0.05760          0.00373
