 x    Q2    WSQ   XS_data   XS_stat_err  XS_sys_err    XS_f1f217    XS_ineft
   0.27400   0.90400   3.27000   1203000.00000         0.02400         0.01000       1171.64453       1139.94705
   0.22400   0.87000   3.90000   1096000.00000         0.02300         0.01000       1089.75895       1069.15355
   0.17700   0.82400   4.72000    932200.00000         0.02300         0.01000        916.87269        912.60551
   0.15300   0.79400   5.28000    852000.00000         0.02700         0.01000        845.46487        821.95367
   0.11900   0.73700   6.33000    697600.00000         0.02900         0.01200        713.58208        685.17151
   0.09000   0.66600   7.61000    582200.00000         0.02700         0.01200        572.96093        565.41225
   0.06700   0.58600   9.07000    475300.00000         0.02600         0.01300        465.11978        471.94724
   0.41700   1.68500   3.24000    428100.00000         0.02100         0.00800        420.42508        404.57099
   0.36500   1.64700   3.74000    441300.00000         0.02100         0.00800        440.51315        431.71622
   0.31500   1.60100   4.37000    422300.00000         0.02200         0.00800        413.10622        421.13732
   0.27100   1.55200   5.05000    402300.00000         0.02200         0.00900        399.16549        401.01564
   0.20900   1.45500   6.38000    353600.00000         0.03000         0.00900        366.03079        352.87044
   0.16800   1.36300   7.64000    320600.00000         0.03000         0.00800        319.39831        310.81245
   0.13200   1.25600   9.11000    268500.00000         0.03000         0.00800        270.00590        270.73449
   0.10400   1.14100  10.69000    240200.00000         0.02700         0.00900        243.44782        237.76740
   0.08100   1.01900  12.36000    217900.00000         0.02900         0.01100        217.32987        212.09375
   0.50300   2.37700   3.23000    193100.00000         0.02100         0.01100        187.74285        188.16284
   0.45000   2.33400   3.74000    209300.00000         0.02100         0.01000        211.46745        212.88647
   0.39600   2.28100   4.35000    225100.00000         0.02100         0.01000        217.62226        222.13727
   0.34700   2.22100   5.05000    223100.00000         0.02100         0.01000        219.66942        224.64713
   0.28200   2.11600   6.28000    217900.00000         0.02500         0.00900        218.93804        216.01397
   0.22600   1.99500   7.71000    201200.00000         0.02900         0.00900        203.20513        198.69885
   0.18500   1.87200   9.15000    177800.00000         0.02900         0.00800        181.48769        180.68771
   0.15000   1.73800  10.72000    166700.00000         0.02800         0.00800        166.07292        163.23830
   0.12200   1.59400  12.40000    149600.00000         0.02900         0.00800        150.11833        147.89346
   0.09800   1.44000  14.20000    137500.00000         0.02900         0.00800        138.08473        135.11368
   0.07700   1.27500  16.13000    131700.00000         0.02800         0.00900        128.28922        125.13489
   0.06300   1.13600  17.75000    121100.00000         0.02900         0.01100        122.57321        119.39003
   0.59600   3.50000   3.25000     68670.00000         0.02600         0.01900         67.21620         66.17663
   0.54200   3.44600   3.79000     78400.00000         0.02300         0.01700         79.19121         80.49971
   0.49000   3.38300   4.40000     90290.00000         0.02200         0.01500         85.61735         90.60957
   0.44100   3.31300   5.08000    100300.00000         0.02100         0.01400         95.24965         98.65250
   0.37200   3.19100   6.28000    104300.00000         0.02700         0.01300        104.37456        105.43934
   0.30900   3.04700   7.70000    105800.00000         0.02800         0.01200        107.15180        106.18730
   0.23900   2.81800   9.87000    100200.00000         0.02500         0.01100         99.59779        100.76003
   0.18300   2.56900  12.38000     92690.00000         0.03000         0.00900         92.15318         91.60598
   0.15200   2.38200  14.21000     88150.00000         0.02900         0.00800         86.00229         85.42186
   0.12600   2.18800  16.11000     83740.00000         0.02800         0.00800         81.10413         79.95295
   0.10700   2.01700  17.80000     77560.00000         0.02800         0.00700         77.41301         76.01680
   0.09000   1.84500  19.48000     77280.00000         0.02800         0.00800         74.82919         73.01484
   0.07500   1.65800  21.31000     73920.00000         0.02900         0.00800         72.67765         70.76008
   0.32000   1.10400   3.23000    285500.00000         0.02400         0.01300        290.59094        280.95335
   0.27000   1.05300   3.73000    278600.00000         0.02300         0.01400        290.92759        283.89855
   0.24000   1.01600   4.10000    265900.00000         0.03000         0.01400        276.78058        270.90004
   0.17700   0.91200   5.12000    237900.00000         0.02800         0.01500        240.99684        236.48664
   0.12700   0.79100   6.30000    203800.00000         0.02800         0.01400        208.76075        202.18956
   0.08900   0.65700   7.61000    173200.00000         0.02700         0.01500        174.11046        175.01027
   0.45400   1.87100   3.13000    114700.00000         0.03300         0.01100        111.21949        110.95376
   0.34800   1.74100   4.15000    118200.00000         0.03000         0.01200        121.01479        121.38448
   0.21400   1.46900   6.29000    113200.00000         0.03200         0.01300        115.19776        111.25285
   0.12000   1.11500   9.06000     94490.00000         0.03400         0.01500         91.67232         92.78335
   0.53900   2.76200   3.24000     43190.00000         0.02000         0.00900         42.16422         42.21379
   0.48900   2.69300   3.70000     48060.00000         0.02000         0.00800         48.60104         49.48055
   0.44000   2.61600   4.21000     52280.00000         0.02100         0.00800         52.16440         53.84235
   0.37600   2.49400   5.01000     56700.00000         0.02700         0.00900         56.70132         58.14063
   0.29700   2.29700   6.32000     59720.00000         0.02800         0.01100         60.66895         59.91824
   0.23700   2.09800   7.64000     59580.00000         0.02900         0.01200         59.80281         58.61638
   0.18700   1.88000   9.08000     56160.00000         0.03000         0.01200         55.85799         56.06875
   0.14400   1.64400  10.64000     53280.00000         0.03000         0.01300         53.55053         53.38597
   0.10800   1.38800  12.33000     50240.00000         0.03000         0.01400         51.47684         51.42058
   0.07700   1.11400  14.15000     50600.00000         0.03100         0.01600         50.90597         50.99711
   0.63800   4.14800   3.23000     13430.00000         0.02600         0.01300         12.75228         12.78392
   0.58000   4.04500   3.81000     16050.00000         0.02900         0.01000         16.26176         16.56689
   0.55300   3.99100   4.11000     16820.00000         0.06800         0.00900         17.61490         18.12890
   0.47100   3.80400   5.15000     22290.00000         0.02800         0.00800         22.26529         22.82971
   0.39800   3.59400   6.32000     26050.00000         0.02800         0.00800         26.21541         26.24324
   0.33200   3.35700   7.63000     28530.00000         0.03000         0.00800         28.34308         28.31648
   0.27300   3.09200   9.11000     28890.00000         0.03000         0.00900         29.07382         29.20724
   0.22400   2.81900  10.63000     29140.00000         0.03100         0.01100         29.14090         29.28271
   0.17900   2.50900  12.35000     28510.00000         0.03100         0.01200         28.95632         28.98257
   0.14200   2.18900  14.13000     28390.00000         0.03100         0.01300         28.70774         28.70699
   0.10800   1.83400  16.10000     29900.00000         0.03100         0.01400         28.86590         28.86209
   0.08400   1.54200  17.73000     29140.00000         0.03200         0.01600         29.54293         29.63048
   0.69200   5.18000   3.19000      6402.00000         0.05000         0.01700          5.85690          6.00747
   0.60100   4.98200   4.19000      9728.00000         0.03400         0.01100          9.13910          9.38954
   0.53000   4.79600   5.13000     12130.00000         0.02700         0.00900         12.01057         12.30144
   0.45400   4.55300   6.36000     15510.00000         0.02900         0.00800         15.24832         15.29216
   0.38700   4.29400   7.67000     16940.00000         0.03000         0.00700         17.46581         17.49210
   0.32800   4.01400   9.09000     19170.00000         0.02700         0.00800         18.73152         18.95319
   0.27400   3.69900  10.69000     19460.00000         0.03000         0.00800         19.65311         19.81111
   0.22700   3.37300  12.34000     20350.00000         0.03100         0.00900         20.07094         20.18924
   0.18500   3.01300  14.16000     21560.00000         0.03100         0.01100         20.26039         20.34759
   0.14700   2.63100  16.09000     20520.00000         0.03200         0.01200         20.51195         20.51250
   0.12000   2.30500  17.74000     20920.00000         0.03200         0.01300         20.82781         20.83418
   0.09600   1.96800  19.45000     21500.00000         0.03200         0.01600         21.52606         21.50894
   0.74300   6.87300   3.26000      2159.00000         0.06300         0.02400          2.08121          2.11592
   0.69000   6.72900   3.90000      3119.00000         0.03900         0.01800          3.03464          3.05853
   0.66200   6.64700   4.27000      3378.00000         0.18500         0.01500          3.54574          3.61217
   0.59900   6.44100   5.20000      5162.00000         0.03600         0.01200          4.98513          5.05976
   0.52800   6.17400   6.39000      6537.00000         0.03300         0.00900          6.76790          6.80009
   0.46500   5.89400   7.65000      8497.00000         0.03000         0.00800          8.36717          8.37322
   0.40400   5.56900   9.11000      9655.00000         0.03100         0.00700          9.72903          9.80551
   0.34700   5.21500  10.70000     10680.00000         0.03000         0.00700         10.80713         10.92672
   0.29700   4.84500  12.36000     11450.00000         0.03000         0.00700         11.55888         11.71453
   0.25100   4.44600  14.15000     12090.00000         0.03200         0.00800         12.11661         12.26309
   0.20800   4.00300  16.14000     12500.00000         0.03100         0.00800         12.58447         12.66649
   0.17800   3.64900  17.73000     12850.00000         0.03200         0.01100         12.92639         12.93324
   0.15000   3.26500  19.45000     13300.00000         0.03300         0.01200         13.29846         13.25151
   0.12200   2.85100  21.31000     13800.00000         0.03300         0.01300         13.81872         13.71660
   0.09900   2.43800  23.17000     15260.00000         0.03200         0.01600         14.52177         14.41619
   0.07700   2.00900  25.09000     16550.00000         0.03500         0.01600         15.61117         15.56000
   0.76400   8.06700   3.37000      1116.00000         0.05100         0.02700          1.16111          1.17240
   0.71600   7.91400   4.02000      1609.00000         0.04000         0.02100          1.69819          1.72232
   0.64500   7.65600   5.10000      2713.00000         0.03200         0.01500          2.66592          2.74829
   0.57100   7.34800   6.39000      3951.00000         0.02900         0.01200          3.91294          4.01742
   0.50800   7.03700   7.69000      5166.00000         0.02900         0.00900          5.13834          5.21526
   0.44700   6.69100   9.14000      6326.00000         0.02900         0.00800          6.30478          6.36872
   0.39300   6.32800  10.67000      7154.00000         0.03000         0.00800          7.24989          7.34720
   0.34100   5.93100  12.33000      8157.00000         0.03000         0.00700          8.04638          8.15880
   0.29300   5.49800  14.14000      8622.00000         0.03000         0.00700          8.66219          8.80043
   0.24800   5.03200  16.10000      9251.00000         0.03000         0.00800          9.17250          9.29070
   0.21500   4.63400  17.77000      9199.00000         0.03100         0.00800          9.55222          9.61224
   0.18500   4.21900  19.51000      9954.00000         0.03100         0.00900          9.90719          9.91032
   0.15700   3.80400  21.25000     10220.00000         0.03100         0.01100         10.27693         10.22227
   0.13100   3.35500  23.13000     10050.00000         0.03200         0.01200         10.75036         10.63626
   0.10700   2.88800  25.09000     11410.00000         0.02900         0.01500         11.39577         11.22991
   0.08300   2.38600  27.19000     12090.00000         0.03300         0.01600         12.32800         12.18686
   0.33700   1.17100   3.18000     71370.00000         0.01100         0.00500         71.37266         69.71635
   0.29300   1.10300   3.54000     72950.00000         0.01000         0.00500         74.01456         72.82161
   0.26000   1.04300   3.85000     73310.00000         0.01100         0.00600         74.33780         73.64284
   0.23500   0.99400   4.12000     72070.00000         0.01500         0.00600         73.12168         72.72369
   0.18800   0.88400   4.70000     70860.00000         0.01500         0.00700         70.66725         70.78912
   0.15000   0.77300   5.28000     67270.00000         0.01500         0.00700         69.05153         68.60252
   0.11800   0.66300   5.85000     66380.00000         0.01600         0.00800         66.90518         66.88683
   0.52100   2.51400   3.19000     14820.00000         0.01400         0.00700         14.61500         14.54361
   0.48500   2.44300   3.47000     15880.00000         0.01900         0.00600         16.15344         16.17266
   0.40900   2.26900   4.15000     18840.00000         0.01600         0.00500         18.91941         19.41055
   0.35500   2.12100   4.73000     20820.00000         0.01600         0.00500         20.56340         21.19734
   0.30000   1.94600   5.43000     21720.00000         0.01600         0.00400         22.53216         22.58333
   0.25300   1.77200   6.10000     23570.00000         0.01500         0.00500         23.93734         23.47108
   0.20200   1.54500   7.00000     23270.00000         0.01500         0.00500         24.85658         24.23339
   0.17900   1.43000   7.46000     23210.00000         0.01600         0.00600         25.02616         24.56795
   0.15700   1.31300   7.91000     24440.00000         0.01600         0.00600         25.08964         24.95167
   0.10200   0.95800   9.32000     25900.00000         0.02200         0.00800         25.30044         26.73983
   0.64900   4.29700   3.20000      3202.00000         0.01400         0.01300          3.02704          3.04931
   0.60600   4.17500   3.60000      3687.00000         0.01800         0.01100          3.77517          3.80436
   0.54000   3.96700   4.26000      4855.00000         0.01300         0.01000          4.84097          4.99784
   0.47500   3.73300   5.01000      6175.00000         0.01400         0.00800          6.09793          6.25427
   0.40900   3.46500   5.88000      7325.00000         0.01500         0.00700          7.45734          7.48856
   0.34600   3.16300   6.85000      8539.00000         0.01500         0.00600          8.68950          8.61280
   0.29800   2.89900   7.70000      9500.00000         0.01400         0.00500          9.50185          9.40981
   0.26700   2.71200   8.31000      9706.00000         0.01800         0.00400          9.91283          9.89706
   0.23600   2.49900   8.99000     10540.00000         0.01500         0.00400         10.28638         10.40308
   0.20900   2.30800   9.60000     10940.00000         0.01500         0.00400         10.65300         10.83676
   0.18900   2.14900  10.12000     11250.00000         0.01600         0.00500         11.04427         11.20028
   0.16700   1.96600  10.71000     11240.00000         0.02400         0.00500         11.42244         11.64378
   0.15000   1.82300  11.17000     12020.00000         0.02300         0.00600         11.74149         12.02451
   0.13600   1.69000  11.60000     12000.00000         0.02300         0.00600         12.09744         12.41907
   0.09500   1.26800  12.96000     13340.00000         0.03900         0.00800         13.58482         14.11049
   0.74200   6.11500   3.01000       791.00000         0.04400         0.02000          0.82695          0.96102
   0.67300   5.86200   3.73000      1195.00000         0.04200         0.01600          1.26796          1.26804
   0.61000   5.60500   4.46000      1756.00000         0.03700         0.01400          1.77366          1.80390
   0.55500   5.35200   5.18000      2368.00000         0.03200         0.01200          2.34301          2.36610
   0.46000   4.85700   6.58000      3428.00000         0.01100         0.01000          3.45948          3.42727
   0.40500   4.52200   7.53000      4101.00000         0.01400         0.00800          4.12879          4.08121
   0.34300   4.09800   8.73000      4849.00000         0.01600         0.00600          4.82846          4.81611
   0.30000   3.76800   9.67000      5218.00000         0.01300         0.00500          5.30378          5.32533
   0.26600   3.48500  10.47000      5658.00000         0.01700         0.00500          5.70201          5.72944
   0.24100   3.25400  11.14000      6240.00000         0.02300         0.00400          6.00049          6.04803
   0.21100   2.96200  11.96000      6502.00000         0.01600         0.00400          6.39580          6.44854
   0.19000   2.74000  12.60000      6674.00000         0.02000         0.00400          6.66978          6.76508
   0.17200   2.54600  13.15000      6625.00000         0.02100         0.00500          6.93892          7.05927
   0.15600   2.36200  13.67000      7223.00000         0.01800         0.00500          7.21979          7.36232
   0.14100   2.17800  14.20000      7015.00000         0.03500         0.00600          7.52592          7.69909
   0.12900   2.03600  14.60000      7635.00000         0.03400         0.00600          7.78379          7.98869
   0.11300   1.82700  15.19000      8325.00000         0.02800         0.00700          8.22589          8.47832
   0.09100   1.52600  16.05000      8976.00000         0.03300         0.00800          9.02845          9.37418
   0.58600   7.26300   6.01000      1040.00000         0.02700         0.01500          1.02409          1.03127
   0.42800   6.07500   9.01000      2068.00000         0.02800         0.01000          2.09732          2.08641
   0.32100   5.06100  11.58000      2944.00000         0.03000         0.00700          2.91488          2.92217
   0.23600   4.07000  14.08000      3742.00000         0.02700         0.00400          3.65686          3.67612
   0.20100   3.61500  15.23000      3972.00000         0.02700         0.00400          4.00848          4.03635
   0.17900   3.30200  16.02000      4328.00000         0.02800         0.00400          4.27218          4.30569
   0.15700   2.98200  16.83000      4671.00000         0.03100         0.00500          4.55749          4.61246
   0.14300   2.76200  17.39000      4896.00000         0.03200         0.00500          4.78748          4.85015
   0.13000   2.54200  17.94000      4990.00000         0.03700         0.00600          5.03471          5.11671
   0.11600   2.31600  18.52000      5227.00000         0.03900         0.00700          5.31811          5.43225
   0.10600   2.14400  18.95000      5635.00000         0.03900         0.00700          5.56800          5.70695
   0.09600   1.97100  19.39000      5849.00000         0.04500         0.00800          5.85811          6.02358
   0.08000   1.66900  20.14000      6571.00000         0.04200         0.00900          6.48692          6.70176
   0.77100   9.14700   3.59000       203.70000         0.06800         0.02500          0.20851          0.20858
   0.66400   8.49400   5.18000       540.20000         0.04200         0.01900          0.48896          0.50550
   0.54300   7.61900   7.30000      1022.00000         0.02100         0.01500          1.02638          1.04186
   0.47100   7.02100   8.76000      1430.00000         0.01700         0.01200          1.44652          1.44573
   0.40400   6.38200  10.31000      1894.00000         0.01800         0.01000          1.87501          1.87349
   0.33600   5.66000  12.07000      2404.00000         0.01600         0.00700          2.33611          2.33751
   0.29100   5.12500  13.38000      2711.00000         0.01500         0.00600          2.66421          2.66826
   0.25800   4.69900  14.42000      2869.00000         0.02100         0.00500          2.92289          2.92889
   0.23300   4.37000  15.23000      3307.00000         0.02400         0.00400          3.11818          3.13377
   0.20300   3.91900  16.31000      3414.00000         0.01800         0.00400          3.42109          3.42738
   0.17600   3.50900  17.32000      3602.00000         0.02200         0.00400          3.70270          3.72233
   0.16100   3.26700  17.92000      3614.00000         0.03700         0.00500          3.89151          3.91582
   0.14600   3.02100  18.52000      3987.00000         0.03700         0.00500          4.09622          4.13269
   0.12100   2.57300  19.60000      4390.00000         0.02500         0.00600          4.53853          4.60318
   0.10800   2.33400  20.19000      4606.00000         0.05000         0.00700          4.81450          4.91270
   0.09800   2.15300  20.63000      5234.00000         0.03700         0.00800          5.06760          5.18387
   0.08800   1.96000  21.10000      4767.00000         0.07000         0.00800          5.36548          5.51852
   0.78900  13.36300   4.46000        64.26000         0.02700         0.03000          0.05840          0.06138
   0.70100  12.52800   6.23000       147.90000         0.02500         0.02400          0.13112          0.15082
   0.62100  11.69300   8.00000       272.80000         0.02700         0.02000          0.23565          0.28085
   0.55000  10.85800   9.78000       427.30000         0.02200         0.01700          0.43464          0.44361
   0.46900   9.81600  11.97000       672.60000         0.02000         0.01400          0.67275          0.67430
   0.41700   9.06900  13.57000       837.60000         0.01900         0.01200          0.85000          0.85254
   0.36200   8.22000  15.36000      1017.00000         0.01900         0.01000          1.05636          1.05924
   0.30800   7.30200  17.30000      1300.00000         0.02000         0.00800          1.28715          1.28808
   0.27300   6.68200  18.64000      1478.00000         0.03100         0.00600          1.44690          1.44837
   0.25100   6.26400  19.53000      1641.00000         0.03000         0.00500          1.56182          1.55991
   0.22300   5.70100  20.71000      1708.00000         0.02100         0.00400          1.72865          1.71774
   0.19600   5.13900  21.91000      1958.00000         0.02200         0.00400          1.90976          1.89037
   0.17100   4.59400  23.08000      1931.00000         0.03700         0.00400          2.10044          2.07944
   0.15300   4.17600  23.97000      2181.00000         0.03600         0.00500          2.26773          2.24543
   0.13400   3.71800  24.94000      2430.00000         0.04500         0.00500          2.48067          2.45765
   0.11800   3.34100  25.74000      2270.00000         0.06000         0.00600          2.68465          2.66604
   0.10500   3.00200  26.45000      2733.00000         0.04100         0.00700          2.90128          2.88900
   0.08600   2.50600  27.51000      3188.00000         0.08600         0.00800          3.28047          3.30640
   0.46400   2.00900   3.20000     10880.00000         0.02400         0.00600         10.92353         10.85532
   0.38800   1.82600   3.76000     13290.00000         0.02400         0.00700         13.35616         13.48453
   0.32400   1.64400   4.31000     15170.00000         0.02200         0.00700         14.70303         15.10470
   0.26800   1.46100   4.87000     16110.00000         0.02400         0.00800         16.16021         16.43939
   0.21900   1.27800   5.43000     16710.00000         0.02200         0.00900         17.57940         17.54212
   0.17700   1.09600   5.99000     19060.00000         0.02300         0.01000         18.78363         18.59276
   0.13900   0.91300   6.55000     19600.00000         0.02500         0.01000         19.79191         19.79207
   0.58600   4.08000   3.76000      1852.00000         0.02800         0.00600          1.83987          1.86049
   0.50300   3.74000   4.57000      2674.00000         0.02900         0.00500          2.57951          2.64967
   0.41400   3.31500   5.58000      3570.00000         0.02100         0.00500          3.61522          3.62618
   0.36600   3.06000   6.19000      3878.00000         0.03000         0.00600          4.21397          4.17974
   0.31900   2.78800   6.83000      4673.00000         0.02100         0.00600          4.82943          4.74058
   0.28400   2.57000   7.36000      5150.00000         0.02600         0.00700          5.27649          5.17977
   0.25600   2.38000   7.81000      5477.00000         0.02600         0.00700          5.62353          5.55779
   0.23300   2.21800   8.20000      5663.00000         0.02700         0.00800          5.90188          5.88542
   0.20900   2.04000   8.62000      5722.00000         0.03100         0.00800          6.17240          6.25722
   0.18800   1.87800   9.00000      6726.00000         0.03000         0.00900          6.42051          6.61594
   0.15600   1.61800   9.62000      6913.00000         0.06000         0.01000          6.94566          7.26227
   0.12700   1.36000  10.24000      7024.00000         0.06300         0.01000          7.66166          8.04495
   0.71100   6.62300   3.57000       317.90000         0.04000         0.01000          0.33720          0.33005
   0.63200   6.18300   4.48000       585.00000         0.02800         0.00800          0.57221          0.56973
   0.56000   5.74200   5.39000       849.90000         0.02700         0.00600          0.86765          0.86043
   0.49400   5.29900   6.30000      1178.00000         0.02600         0.00500          1.20391          1.18261
   0.43400   4.85700   7.21000      1506.00000         0.02600         0.00500          1.55737          1.52214
   0.36800   4.32100   8.31000      2023.00000         0.01900         0.00500          1.97840          1.94492
   0.33200   4.01100   8.96000      2176.00000         0.02600         0.00600          2.20374          2.19512
   0.30600   3.77700   9.44000      2471.00000         0.02500         0.00600          2.38227          2.38531
   0.28100   3.53500   9.94000      2447.00000         0.03200         0.00600          2.57302          2.58635
   0.25900   3.31900  10.38000      2688.00000         0.03900         0.00700          2.74778          2.77027
   0.23700   3.09500  10.85000      2910.00000         0.04100         0.00700          2.93642          2.96983
   0.19600   2.65000  11.76000      3308.00000         0.04100         0.00800          3.32691          3.40058
   0.15800   2.21100  12.67000      4178.00000         0.08300         0.00900          3.78551          3.90941
   0.78100  10.84900   3.92000        56.58000         0.05800         0.01600          0.05199          0.05173
   0.71400  10.24600   4.99000       107.00000         0.04200         0.01200          0.09694          0.10166
   0.65100   9.64600   6.06000       176.10000         0.03600         0.00900          0.16257          0.17162
   0.59100   9.04300   7.13000       269.20000         0.03600         0.00700          0.24898          0.26059
   0.53500   8.44000   8.20000       385.00000         0.02600         0.00600          0.35671          0.36656
   0.48300   7.83700   9.28000       504.10000         0.02700         0.00500          0.48965          0.48772
   0.43300   7.23400  10.35000       617.70000         0.02700         0.00500          0.62896          0.62062
   0.38600   6.63100  11.42000       790.60000         0.02900         0.00500          0.77312          0.76422
   0.34200   6.02900  12.49000       919.20000         0.02900         0.00500          0.92590          0.91782
   0.28800   5.24900  13.87000      1106.00000         0.02500         0.00600          1.14238          1.13358
   0.26000   4.82300  14.64000      1237.00000         0.03000         0.00600          1.26601          1.26283
   0.21000   4.02700  16.05000      1640.00000         0.08400         0.00800          1.53066          1.53437
   0.69400  13.69800   6.93000        59.29000         0.04300         0.01200          0.04747          0.05547
   0.64000  12.93700   8.16000        92.59000         0.03700         0.01000          0.07404          0.08835
   0.58900  12.17600   9.39000       128.30000         0.03500         0.00800          0.12355          0.13007
   0.54000  11.41500  10.62000       188.50000         0.03600         0.00700          0.18289          0.18040
   0.49300  10.65400  11.85000       236.60000         0.03700         0.00600          0.24214          0.23893
   0.44800   9.89300  13.08000       301.60000         0.03600         0.00500          0.30922          0.30515
   0.40500   9.13200  14.31000       382.30000         0.03400         0.00500          0.38374          0.37866
   0.36400   8.37100  15.54000       463.90000         0.03500         0.00500          0.46432          0.45938
   0.31700   7.48000  16.97000       557.70000         0.02500         0.00500          0.57043          0.56336
   0.28600   6.84900  18.00000       628.80000         0.04400         0.00600          0.65095          0.64488
   0.24900   6.08800  19.23000       656.80000         0.06000         0.00600          0.76057          0.75345
   0.21400   5.32700  20.46000       887.40000         0.03600         0.00700          0.88707          0.87807
   0.51000  13.68100  14.00000       129.50000         0.04400         0.00700          0.13142          0.13075
   0.46800  12.76100  15.40000       171.10000         0.03200         0.00600          0.16994          0.16878
   0.42800  11.86200  16.76000       225.20000         0.03200         0.00500          0.21216          0.21069
   0.38900  10.96000  18.12000       276.20000         0.03900         0.00500          0.25932          0.25751
   0.34900  10.02100  19.54000       314.30000         0.04100         0.00500          0.31411          0.31167
   0.31300   9.13300  20.89000       353.70000         0.04500         0.00500          0.37205          0.36853
   0.27800   8.22000  22.27000       426.60000         0.05500         0.00600          0.43828          0.43357
   0.24300   7.30600  23.65000       451.50000         0.07700         0.00600          0.51518          0.50737
   0.54700   2.77200   3.18000      2816.00000         0.03000         0.00800          2.73056          2.74336
   0.45300   2.46400   3.86000      4010.00000         0.02800         0.00800          3.87296          3.96666
   0.37000   2.15600   4.55000      4809.00000         0.03100         0.00900          4.92827          5.07833
   0.29800   1.84800   5.23000      5905.00000         0.03100         0.01000          6.08399          6.13567
   0.23400   1.54000   5.91000      6953.00000         0.03100         0.01000          7.24703          7.17934
   0.67000   4.47100   3.09000       665.60000         0.03200         0.00800          0.65221          0.67759
   0.55600   3.97400   4.05000      1146.00000         0.03000         0.00700          1.15654          1.16894
   0.45700   3.47700   5.02000      1785.00000         0.02900         0.00800          1.78687          1.80822
   0.36900   2.98000   5.98000      2475.00000         0.02900         0.00800          2.50746          2.48315
   0.29000   2.48400   6.95000      3119.00000         0.02800         0.00900          3.25235          3.19003
   0.22000   1.98700   7.92000      3950.00000         0.07300         0.01000          3.99048          3.96896
   0.76800   7.44300   3.12000        97.49000         0.05700         0.01200          0.09392          0.09885
   0.66600   6.76700   4.27000       219.90000         0.04000         0.00800          0.22198          0.21681
   0.57300   6.09000   5.42000       413.30000         0.03200         0.00700          0.40979          0.40126
   0.48800   5.41300   6.56000       643.70000         0.03300         0.00700          0.65395          0.63384
   0.41000   4.73900   7.70000       920.80000         0.02900         0.00800          0.93308          0.90600
   0.33200   4.00600   8.94000      1268.00000         0.03200         0.00800          1.25361          1.24255
   0.78100  10.27700   3.77000        34.94000         0.12700         0.01300          0.03487          0.03384
   0.69100   9.42100   5.09000        75.25000         0.08900         0.00900          0.07963          0.08124
   0.60700   8.56500   6.42000       148.60000         0.07100         0.00700          0.15438          0.15628
   0.52900   7.70800   7.74000       277.40000         0.05100         0.00700          0.25970          0.25835
   0.45600   6.85200   9.07000       410.10000         0.04500         0.00700          0.39584          0.38688
   0.38700   5.99500  10.39000       566.50000         0.04200         0.00700          0.55013          0.53983
   0.32200   5.13900  11.72000       784.40000         0.03800         0.00800          0.72751          0.71899
   0.80000  13.91800   4.35000         8.64500         0.20700         0.01500          0.01198          0.01185
   0.71900  12.84700   5.89000        31.46000         0.10000         0.01000          0.02747          0.03038
   0.64200  11.77700   7.43000        62.69000         0.06600         0.00800          0.05346          0.06136
   0.56900  10.70600   8.97000       109.90000         0.06100         0.00700          0.10124          0.10653
   0.50000   9.63500  10.51000       185.00000         0.04700         0.00600          0.17144          0.16666
   0.43400   8.56500  12.05000       224.90000         0.04600         0.00700          0.24863          0.24201
   0.37100   7.49400  13.59000       366.90000         0.04500         0.00700          0.34055          0.33320
   0.54700  12.83900  11.52000        81.58000         0.06400         0.00600          0.07818          0.07641
   0.48200  11.55500  13.27000       110.70000         0.07300         0.00600          0.11895          0.11596
   0.42100  10.27100  15.03000       153.50000         0.07400         0.00700          0.16965          0.16574
   0.42700   1.73800   3.21000    941700.00000         0.01800         0.01100        917.73749        896.35747
   0.37700   1.71400   3.71000    941100.00000         0.01800         0.01100        938.59643        950.77956
   0.32600   1.68100   4.36000    926100.00000         0.01800         0.01200        932.50022        926.90679
   0.27400   1.63800   5.22000    876700.00000         0.01800         0.01200        883.20687        867.92146
   0.22400   1.58200   6.35000    782300.00000         0.01800         0.01200        790.32293        776.00847
   0.17600   1.50400   7.92000    672800.00000         0.01800         0.01200        675.67297        660.37958
   0.13800   1.41500   9.73000    573200.00000         0.01800         0.01100        555.61416        555.58253
   0.11200   1.33100  11.43000    495400.00000         0.01800         0.01100        492.06522        481.19247
   0.09900   1.27900  12.51000    458400.00000         0.01800         0.01100        456.80675        443.33651
   0.08400   1.20300  14.06000    414200.00000         0.02000         0.01100        415.36081        398.87903
   0.06800   1.10700  16.00000    376100.00000         0.01900         0.01100        372.26161        355.95756
   0.37300   1.40400   3.24000   1412000.00000         0.01900         0.01100       1455.54622       1348.79637
   0.32300   1.38000   3.78000   1401000.00000         0.01900         0.01200       1358.14500       1380.27277
   0.27100   1.34700   4.50000   1300000.00000         0.01900         0.01200       1270.25325       1280.21406
   0.22100   1.30300   5.48000   1158000.00000         0.01900         0.01200       1133.46595       1133.05738
   0.17800   1.24900   6.66000    991400.00000         0.01900         0.01200       1016.64298        972.72430
   0.12400   1.14700   9.00000    745900.00000         0.02000         0.01100        752.34295        740.35067
   0.10000   1.07700  10.56000    659200.00000         0.02000         0.01100        657.35379        634.62882
   0.08100   1.00200  12.25000    568400.00000         0.02000         0.01100        568.12799        549.55193
   0.06500   0.92100  14.06000    505100.00000         0.02000         0.01100        503.09467        482.12724
   0.31400   1.10100   3.28000   2107000.00000         0.01900         0.01200       2123.09358       2019.46893
   0.26600   1.07800   3.86000   2001000.00000         0.01900         0.01300       2008.88152       1963.89448
   0.21800   1.04700   4.63000   1744000.00000         0.01900         0.01300       1689.33199       1732.86896
   0.16800   0.99800   5.84000   1449000.00000         0.01800         0.01200       1445.42064       1422.16257
   0.12600   0.93700   7.39000   1165000.00000         0.02000         0.01200       1161.64770       1130.22215
   0.09700   0.87400   9.00000    941700.00000         0.02000         0.01200        929.83510        922.38343
   0.07700   0.81100  10.56000    795800.00000         0.02000         0.01200        809.03060        780.66519
   0.22900   0.71700   3.30000   3768000.00000         0.01900         0.01400       3712.42298       3601.16384
   0.17900   0.69200   4.05000   3184000.00000         0.01900         0.01400       3246.49309       3121.62058
   0.13300   0.65500   5.17000   2457000.00000         0.01800         0.01300       2444.85560       2418.06108
   0.10100   0.61700   6.35000   1935000.00000         0.01800         0.01400       1942.66766       1913.05564
   0.08100   0.58100   7.46000   1596000.00000         0.01800         0.01400       1596.14625       1584.30961
   0.74700  11.76900   4.86000       203.30000         0.03800         0.02000          0.17474          0.19143
   0.70300  11.43700   5.70000       282.80000         0.02300         0.01800          0.25346          0.28458
   0.64700  10.97700   6.86000       446.70000         0.01500         0.01500          0.38598          0.43931
   0.60400  10.59400   7.83000       584.60000         0.01300         0.01400          0.51172          0.58670
   0.55300  10.10600   9.06000       778.80000         0.01900         0.01400          0.73943          0.79001
   0.49800   9.53700  10.50000      1011.00000         0.02000         0.01300          1.02759          1.03977
   0.44900   8.98900  11.89000      1308.00000         0.02000         0.01300          1.27019          1.28312
   0.40600   8.45300  13.25000      1526.00000         0.02100         0.01300          1.50333          1.51699
   0.36800   7.95000  14.52000      1737.00000         0.02100         0.01300          1.70863          1.72913
   0.33400   7.46500  15.75000      1904.00000         0.01700         0.01300          1.90753          1.92697
   0.31300   7.14400  16.57000      2020.00000         0.02500         0.01300          2.03610          2.05469
   0.78400   9.04500   3.37000       314.10000         0.02200         0.02400          0.28999          0.29248
   0.73800   8.81700   4.02000       446.70000         0.01900         0.02000          0.44163          0.44912
   0.68400   8.53000   4.83000       684.20000         0.02100         0.01700          0.66330          0.68543
   0.62800   8.20700   5.74000       972.50000         0.02300         0.01500          0.95932          0.99103
   0.57300   7.85700   6.74000      1353.00000         0.02000         0.01400          1.31697          1.35303
   0.52800   7.54400   7.62000      1627.00000         0.01700         0.01300          1.65302          1.68250
   0.47600   7.14500   8.75000      2084.00000         0.01800         0.01300          2.07855          2.10000
   0.42700   6.73700   9.91000      2435.00000         0.01700         0.01300          2.49009          2.50851
   0.38200   6.32100  11.09000      2765.00000         0.01700         0.01300          2.87928          2.89613
   0.35200   6.01700  11.96000      3101.00000         0.02600         0.01300          3.13753          3.16060
   0.72800   6.55100   3.32000      1118.00000         0.02300         0.01900          1.05516          1.05341
   0.67900   6.37300   3.90000      1452.00000         0.02000         0.01600          1.49403          1.50302
   0.62500   6.16200   4.57000      2103.00000         0.02200         0.01500          2.01930          2.04907
   0.56800   5.91100   5.37000      2758.00000         0.02200         0.01400          2.69854          2.73008
   0.51300   5.64300   6.23000      3364.00000         0.02100         0.01300          3.44586          3.44341
   0.46000   5.35200   7.16000      4069.00000         0.02100         0.01300          4.19454          4.16462
   0.41600   5.08400   8.02000      4822.00000         0.02500         0.01300          4.80370          4.76670
   0.38400   4.87700   8.70000      5101.00000         0.10000         0.01300          5.21264          5.19014
   0.64400   4.35400   3.28000      4543.00000         0.01600         0.01500          4.47823          4.47446
   0.59500   4.22800   3.75000      5642.00000         0.01400         0.01400          5.65483          5.76862
   0.54300   4.07900   4.31000      6924.00000         0.01300         0.01300          6.81662          7.05797
   0.50500   3.95900   4.77000      7699.00000         0.02600         0.01300          7.79990          8.05929
   0.51600  13.40100  13.46000       265.80000         0.02100         0.01300          0.26488          0.26822
   0.47100  12.57100  15.00000       346.40000         0.02200         0.01300          0.34018          0.34326
   0.43600  11.89600  16.26000       395.30000         0.02700         0.01300          0.40598          0.40905
   0.41200  11.40700  17.18000       521.60000         0.09800         0.01300          0.45505          0.45911
   0.65000  13.55300   8.17000       147.10000         0.02200         0.01500          0.12369          0.15017
   0.59800  12.86600   9.51000       212.00000         0.02100         0.01400          0.20678          0.21986
   0.54700  12.13800  10.94000       305.70000         0.02000         0.01300          0.30508          0.30650
   0.48900  11.26800  12.64000       420.20000         0.01600         0.01300          0.42137          0.42315
   0.45700  10.74300  13.67000       492.50000         0.01200         0.01300          0.49748          0.49926
   0.43200  10.34200  14.46000       563.30000         0.03200         0.01300          0.55802          0.55973
   0.81900  11.88400   3.50000        53.70000         0.03600         0.02500          0.05710          0.05586
   0.77400  11.53600   4.25000        95.55000         0.02600         0.02000          0.09010          0.09394
   0.72300  11.12000   5.14000       159.90000         0.02500         0.01700          0.14335          0.15594
   0.66900  10.65300   6.14000       239.80000         0.02300         0.01500          0.22190          0.24488
   0.61600  10.16100   7.20000       359.10000         0.02100         0.01400          0.32408          0.35855
   0.56600   9.65100   8.29000       493.40000         0.02000         0.01400          0.45483          0.49287
   0.51500   9.10600   9.46000       664.80000         0.02100         0.01300          0.63816          0.65108
   0.47900   8.69500  10.36000       733.50000         0.05300         0.01300          0.78059          0.77846
   0.77800   8.80500   3.39000       200.00000         0.02400         0.02100          0.19442          0.19364
   0.72600   8.51000   4.09000       324.70000         0.02000         0.01700          0.30942          0.31092
   0.67300   8.18700   4.86000       484.60000         0.01900         0.01500          0.45980          0.47052
   0.62100   7.84300   5.67000       685.00000         0.01800         0.01400          0.65511          0.66640
   0.57200   7.50100   6.49000       882.20000         0.02400         0.01400          0.87499          0.88381
   0.53400   7.21500   7.17000      1138.00000         0.06200         0.01300          1.07103          1.07472
   0.52200  13.90800  13.61000       118.80000         0.02700         0.01300          0.12258          0.12199
   0.48000  13.01200  14.97000       162.20000         0.02800         0.01300          0.15906          0.15778
   0.46000  12.57900  15.64000       173.10000         0.05700         0.01300          0.17814          0.17699
   0.69600  13.69300   6.87000        56.08000         0.02500         0.01500          0.04697          0.05482
   0.64100  12.92800   8.11000        87.72000         0.02300         0.01400          0.07334          0.08794
   0.58700  12.12700   9.41000       132.50000         0.02200         0.01400          0.12628          0.13233
   0.53800  11.37300  10.63000       185.70000         0.02400         0.01300          0.18536          0.18286
   0.49600  10.68100  11.75000       246.00000         0.03200         0.01300          0.23978          0.23638
   0.81000  11.06900   3.47000        36.82000         0.03300         0.02100          0.03823          0.03718
   0.76900  10.72000   4.09000        61.29000         0.03300         0.01800          0.05846          0.05902
   0.71200  10.20300   5.01000       109.20000         0.02700         0.01600          0.09940          0.10424
   0.64900   9.60300   6.08000       173.90000         0.02400         0.01400          0.16641          0.17548
   0.59000   9.00500   7.15000       262.70000         0.02500         0.01400          0.25411          0.26557
   0.53400   8.40700   8.21000       371.50000         0.02600         0.01300          0.36311          0.37193
   0.73500   6.72600   3.31000       284.70000         0.02000         0.01600          0.27957          0.27355
   0.68600   6.46700   3.84000       409.00000         0.02300         0.01500          0.40918          0.40252
   0.63600   6.18900   4.42000       554.30000         0.02600         0.01400          0.56200          0.56009
   0.59900   5.97000   4.87000       630.00000         0.12300         0.01400          0.70083          0.69965
   0.54600  12.82000  11.53000        80.85000         0.03000         0.01300          0.07882          0.07694
   0.80000  13.88300   4.35000        13.10000         0.03600         0.01900          0.01213          0.01200
   0.71900  12.81500   5.89000        31.78000         0.02900         0.01600          0.02781          0.03073
   0.64200  11.74700   7.43000        65.43000         0.02900         0.01400          0.05414          0.06203
   0.56900  10.67900   8.96000       108.90000         0.03000         0.01300          0.10212          0.10738
   0.78100  10.25200   3.76000        35.30000         0.03400         0.01800          0.03511          0.03405
   0.69100   9.39800   5.09000        80.84000         0.03000         0.01500          0.08062          0.08213
   0.60700   8.54300   6.41000       173.20000         0.02900         0.01400          0.15578          0.15749
   0.52900   7.68900   7.73000       254.70000         0.03900         0.01300          0.26194          0.26025
   0.58000  13.37600  10.55000        20.79000         0.05000         0.04200          0.02089          0.01990
   0.54300  12.56900  11.47000        29.50000         0.03700         0.05300          0.02787          0.02651
   0.51400  11.94500  12.19000        39.07000         0.07000         0.06900          0.03415          0.03259
   0.79200  13.52700   4.42000         4.72300         0.04300         0.03100          0.00454          0.00442
   0.73600  12.68400   5.42000         9.44500         0.04300         0.03000          0.00833          0.00877
   0.68100  11.83900   6.42000        16.16000         0.03800         0.03000          0.01425          0.01550
   0.63200  11.07600   7.32000        24.68000         0.03600         0.03100          0.02196          0.02405
   0.59000  10.41000   8.10000        35.22000         0.03500         0.03300          0.03127          0.03374
   0.54500   9.68200   8.96000        49.42000         0.04000         0.03800          0.04689          0.04709
   0.50900   9.09400   9.66000        60.16000         0.08500         0.05000          0.06234          0.06023
   0.75800   7.58700   3.30000        30.99000         0.02100         0.03000          0.03118          0.02906
   0.70600   7.15000   3.86000        50.20000         0.02100         0.03000          0.05146          0.04803
   0.65400   6.71000   4.43000        77.27000         0.02000         0.03000          0.07740          0.07347
   0.60900   6.31700   4.93000       108.10000         0.01900         0.03000          0.10736          0.10249
   0.56900   5.96300   5.39000       149.00000         0.02700         0.03100          0.14068          0.13435
   0.52200   5.53400   5.94000       178.70000         0.05300         0.03400          0.18903          0.17989
   0.48300   5.17300   6.41000       243.80000         0.05000         0.03900          0.23665          0.22499
   0.44400   4.79600   6.89000       336.20000         0.06100         0.05300          0.29154          0.27819
   0.41300   4.50300   7.27000       401.60000         0.06500         0.07400          0.33946          0.32479
   0.39000   4.27700   7.57000       329.10000         0.23600         0.10700          0.37872          0.36423
   0.47200  13.13600  15.60000        40.37000         0.04800         0.05100          0.04344          0.04178
   0.43200  12.10300  16.81000        51.68000         0.07200         0.06100          0.05537          0.05361
   0.40500  11.39400  17.64000        58.45000         0.09100         0.07100          0.06495          0.06295
   0.37700  10.66300  18.49000        43.20000         0.42800         0.08500          0.07594          0.07369
   0.59500  13.49600  10.08000        24.19000         0.06100         0.02900          0.02704          0.02589
   0.54800  12.54100  11.23000        38.38000         0.05800         0.03000          0.03865          0.03700
   0.50400  11.61900  12.33000        50.69000         0.05700         0.03100          0.05257          0.05032
   0.46600  10.82500  13.27000        63.83000         0.04800         0.03300          0.06691          0.06402
   0.42900  10.02400  14.24000        78.52000         0.06800         0.03800          0.08353          0.08037
   0.40200   9.44400  14.93000        81.08000         0.11700         0.04600          0.09730          0.09371
   0.74100   7.61900   3.54000        54.02000         0.14100         0.03000          0.04975          0.04653
   0.69500   7.24100   4.06000        66.70000         0.07700         0.02900          0.07429          0.07041
   0.64500   6.81900   4.63000        98.02000         0.07100         0.02900          0.10915          0.10484
   0.58700   6.31600   5.33000       158.80000         0.05700         0.02900          0.16497          0.15844
   0.54100   5.90600   5.89000       209.60000         0.06100         0.02900          0.22068          0.21131
   0.50200   5.54500   6.39000       272.20000         0.05500         0.02900          0.27802          0.26561
   0.46200   5.16800   6.91000       327.10000         0.04500         0.02900          0.34529          0.32975
   0.42200   4.78400   7.43000       454.10000         0.04000         0.03000          0.42039          0.40262
   0.38100   4.37400   8.00000       537.30000         0.03800         0.03200          0.50967          0.49083
   0.34400   4.00300   8.51000       589.90000         0.04100         0.03900          0.59298          0.57951
   0.31000   3.64500   9.00000      1062.00000         0.36200         0.05600          0.67794          0.67441
   0.41800   1.68000   3.22000    436500.00000         0.01600         0.00900        420.32756        406.03406
   0.36300   1.64000   3.76000    445800.00000         0.01900         0.01000        446.39485        432.67377
   0.32400   1.60600   4.22000    455000.00000         0.02000         0.01000        414.57228        425.07648
   0.21300   1.45700   6.27000    364700.00000         0.01900         0.01000        367.73553        357.04083
   0.13400   1.25600   9.02000    285100.00000         0.02000         0.01300        274.23691        272.88344
   0.08200   1.01900  12.27000    223800.00000         0.01600         0.01200        219.05718        213.22594
   0.06300   0.88700  14.07000    201800.00000         0.01800         0.01200        198.50778        193.41842
   0.51700   2.37500   3.10000    207500.00000         0.02600         0.01200        192.90053        197.92743
   0.44700   2.32000   3.75000    210700.00000         0.02500         0.01100        215.03739        214.96644
   0.40500   2.27900   4.23000    228100.00000         0.02100         0.01100        212.45626        222.40867
   0.34400   2.20600   5.08000    209500.00000         0.02000         0.01000        224.10100        225.97708
   0.28100   2.10500   6.27000    219300.00000         0.01600         0.01000        220.69089        217.15432
   0.22900   1.99300   7.58000    203300.00000         0.02000         0.01000        204.97024        201.18820
   0.18700   1.86900   9.02000    185100.00000         0.01700         0.00900        182.86850        182.90238
   0.15200   1.73600  10.58000    168000.00000         0.01700         0.00900        166.75597        165.16936
   0.12300   1.59200  12.27000    153000.00000         0.01600         0.00900        151.77335        149.35537
   0.07800   1.27200  16.02000    133000.00000         0.01800         0.02600        129.44520        125.95374
   0.59800   3.49900   3.23000     68030.00000         0.02200         0.01800         66.61023         65.77345
   0.54800   3.45000   3.72000     76520.00000         0.01900         0.01600         76.85643         78.92840
   0.49300   3.38400   4.36000     90160.00000         0.01900         0.01400         84.52332         89.83644
   0.44000   3.31000   5.09000     97400.00000         0.01700         0.01300         95.67771         98.48629
   0.37200   3.18900   6.27000    104400.00000         0.01600         0.01200        104.25815        105.15801
   0.31300   3.05500   7.58000    104100.00000         0.01600         0.01200        107.25988        106.07699
   0.25500   2.87700   9.29000    102400.00000         0.01600         0.01100        100.88319        102.33528
   0.18500   2.57600  12.27000     90710.00000         0.01900         0.01000         92.09000         91.75774
   0.15300   2.39100  14.08000     88640.00000         0.02100         0.00900         86.28710         85.60998
   0.12700   2.19300  16.02000     80510.00000         0.02000         0.00900         81.03972         79.98261
   0.10300   1.98300  18.08000     76480.00000         0.01700         0.00800         76.72263         75.28224
   0.08300   1.75900  20.26000     72680.00000         0.01700         0.02600         73.46397         71.78102
   0.06600   1.52300  22.57000     75500.00000         0.02700         0.02600         71.53183         69.72637
   0.77000   8.19300   3.33000      1075.00000         0.03200         0.02900          1.06168          1.07704
   0.71800   8.02500   4.03000      1568.00000         0.02300         0.02100          1.60118          1.63716
   0.67000   7.85100   4.75000      2245.00000         0.02000         0.01700          2.20059          2.28196
   0.61000   7.61400   5.75000      3127.00000         0.01700         0.01400          3.14725          3.22567
   0.53100   7.24500   7.28000      4525.00000         0.01400         0.01100          4.53915          4.63959
   0.42200   6.60600   9.94000      6332.00000         0.01500         0.00900          6.56721          6.65639
   0.35000   6.07100  12.18000      7648.00000         0.01500         0.00900          7.69770          7.82866
   0.26100   5.22300  15.71000      8640.00000         0.01500         0.02600          8.83467          8.94634
   0.17300   4.08400  20.45000      9768.00000         0.01500         0.02600          9.84752          9.81943
   0.75100   7.33400   3.32000       683.70000         0.01900         0.02000          0.67472          0.67555
   0.70400   7.14800   3.89000       971.10000         0.01600         0.01700          0.97320          0.97449
   0.66000   6.96000   4.47000      1323.00000         0.01600         0.01500          1.28349          1.30255
   0.61600   6.75700   5.09000      1669.00000         0.01600         0.01400          1.65480          1.68479
   0.53600   6.34100   6.37000      2428.00000         0.01500         0.01300          2.49445          2.49454
   0.42600   5.64800   8.50000      3709.00000         0.01400         0.01200          3.75759          3.74501
   0.35300   5.09000  10.21000      4568.00000         0.01400         0.01200          4.55663          4.58072
   0.26300   4.25200  12.78000      5491.00000         0.01600         0.00900          5.53790          5.57904
   0.17400   3.19800  16.02000      7145.00000         0.02200         0.00900          6.63544          6.68534
   0.80200  10.11500   3.38000       185.30000         0.02700         0.02500          0.18000          0.18155
   0.76000   9.88300   4.01000       287.90000         0.02200         0.01900          0.27248          0.27878
   0.69000   9.46800   5.14000       501.40000         0.01900         0.01700          0.47732          0.50469
   0.60700   8.91200   6.66000       870.50000         0.01600         0.01400          0.83592          0.88276
   0.52900   8.31400   8.28000      1324.00000         0.01600         0.01300          1.28384          1.33377
   0.42100   7.33200  10.96000      2058.00000         0.01600         0.01200          2.06325          2.07560
   0.35000   6.55800  13.06000      2644.00000         0.01800         0.01200          2.58099          2.60464
   0.26200   5.41600  16.17000      3306.00000         0.01700         0.00800          3.27134          3.29464
   0.17400   4.01800  19.97000      4103.00000         0.01900         0.01200          4.14353          4.13628
   0.82000  13.90700   3.93000        60.68000         0.03100         0.02700          0.06128          0.05974
   0.78700  13.63800   4.57000        92.51000         0.02500         0.02200          0.08420          0.08963
   0.74900  13.31800   5.35000       137.40000         0.02000         0.01800          0.12128          0.13603
   0.67500  12.64300   6.98000       266.40000         0.01800         0.01300          0.22266          0.26509
   0.59600  11.84400   8.90000       457.10000         0.01800         0.01400          0.41291          0.46271
   0.52100  10.97800  10.99000       701.20000         0.01700         0.01300          0.70388          0.71284
   0.41500   9.57600  14.37000      1142.00000         0.01600         0.01200          1.12726          1.14355
   0.22200   6.18200  22.56000      2153.00000         0.01700         0.00800          2.15218          2.14970
   0.17200   5.05600  25.28000      2587.00000         0.02000         0.01200          2.56491          2.53091
   0.51700   2.49700   3.22000     14860.00000         0.01400         0.00900         14.89951         14.78043
   0.48500   2.43400   3.47000     15980.00000         0.01700         0.00900         16.42543         16.36990
   0.42100   2.29200   4.03000     18990.00000         0.01600         0.00900         18.78530         19.17951
   0.32600   2.02800   5.07000     21740.00000         0.01400         0.00900         21.88135         22.17175
   0.24300   1.72700   6.26000     23750.00000         0.01600         0.01000         24.36004         23.81810
   0.17300   1.39500   7.57000     23100.00000         0.01800         0.01000         25.23851         24.85596
   0.71800   6.02900   3.25000       918.40000         0.02500         0.01700          0.93286          0.93112
   0.65300   5.78200   3.95000      1393.00000         0.03500         0.01500          1.41796          1.42649
   0.61500   5.62400   4.41000      1772.00000         0.03100         0.01400          1.74220          1.76866
   0.54400   5.30300   5.32000      2437.00000         0.02200         0.01300          2.45899          2.48105
   0.43200   4.69300   7.05000      3735.00000         0.02300         0.00900          3.80590          3.76561
   0.35800   4.20800   8.43000      4768.00000         0.01900         0.00900          4.67526          4.64731
   0.26700   3.48800  10.48000      5704.00000         0.01800         0.00900          5.69825          5.73813
   0.17600   2.59800  13.01000      6963.00000         0.02300         0.01200          6.88951          6.99081
   0.78600   9.19800   3.38000       179.40000         0.02400         0.02200          0.18023          0.18078
   0.74700   8.97800   3.92000       263.90000         0.02500         0.01800          0.26315          0.26400
   0.69000   8.63300   4.76000       418.30000         0.01800         0.01600          0.40959          0.42243
   0.60900   8.09800   6.07000       723.30000         0.01900         0.01400          0.71062          0.72843
   0.53300   7.52100   7.48000      1090.00000         0.01600         0.01300          1.09034          1.10541
   0.42400   6.57100   9.80000      1744.00000         0.01700         0.01300          1.75496          1.75391
   0.35300   5.83600  11.59000      2241.00000         0.01800         0.00900          2.23429          2.23702
   0.26400   4.77300  14.19000      2910.00000         0.02000         0.00900          2.89174          2.89946
   0.17600   3.50000  17.29000      3788.00000         0.02400         0.01200          3.72510          3.74975
   0.81800  12.40500   3.63000        55.41000         0.02900         0.02600          0.05753          0.05635
   0.76300  11.96300   4.60000       108.50000         0.02000         0.02000          0.09857          0.10599
   0.67800  11.23600   6.21000       226.30000         0.01900         0.01500          0.20456          0.23004
   0.59900  10.47500   7.88000       400.30000         0.01700         0.01400          0.35629          0.40466
   0.52300   9.65600   9.68000       618.80000         0.01800         0.01300          0.61770          0.62955
   0.41700   8.34900  12.55000      1007.00000         0.01700         0.01200          1.02583          1.02733
   0.34700   7.35500  14.74000      1357.00000         0.01800         0.00900          1.33433          1.33963
   0.25900   5.94100  17.85000      1821.00000         0.02000         0.00900          1.79038          1.79273
   0.17200   4.29000  21.48000      2351.00000         0.02400         0.01200          2.42699          2.41319
   0.59200  13.69400  10.32000       215.70000         0.02000         0.01300          0.21721          0.22064
   0.51700  12.54700  12.59000       349.10000         0.02000         0.01300          0.34611          0.35007
   0.41300  10.74300  16.17000       605.40000         0.02200         0.01200          0.58418          0.58951
   0.34300   9.39100  18.85000       770.60000         0.02000         0.00800          0.78007          0.78644
   0.25700   7.50200  22.60000      1085.00000         0.02300         0.00900          1.08804          1.08668
   0.17100   5.35000  26.86000      1531.00000         0.02400         0.01200          1.54754          1.51780
   0.51600  13.60600  13.63000       220.20000         0.02000         0.01300          0.21443          0.21635
   0.41200  11.51600  17.29000       370.40000         0.01800         0.00900          0.37469          0.37632
   0.34300   9.98000  19.98000       510.40000         0.01800         0.00900          0.51369          0.51449
   0.25700   7.88000  23.66000       728.50000         0.01900         0.00900          0.74025          0.73490
   0.17100   5.54800  27.75000       987.30000         0.03000         0.01300          1.09070          1.06514
