EXTERNAL/TSAI:  VERSION OF 8/8/96

Marathon                                                                
H3_kin3.inp                                                             
                                                                        
Hall A 2018: 25 cm Tritium target                                       
Nominal values - not exact                                              

----*----1----*----2----*----3----*----4----*----5----*----6----*----7--
                                                                        

TARGET (iZ,iA) = (  1,  3);   avgA =   3.000; amuM=  3.016; avgM=  2.809
 targ=TRITIUM; ttarg(rl)=0.00042; twall=0.00481; tbeam=0.00342; tspec=0.00732
         Nseg  =   4
 MODELS: P elastc(ikk)=14; deut elastic=13; inelastc=206; Pauli Supresion= 4
 NUCLEAR METHOD= 1;   NUCLEAR_MODEL= 1
 DIS MODEL=**

    E1    TH    Q2 COS_K         SMR     NUC          INT-SMR
    EP     X    W2 QE-PK  INELA  Q-ELA  ELAST   TOTAL  MODEL

  10.589 18.921  3.41    2.43   12.16    1.69    0.09   13.93  0.875
   2.983  0.239 11.74    2.71   10.69    1.82    0.09   12.60 1.187E+01

  10.589 19.261  3.59    2.20   11.02    1.49    0.06   12.57  0.876
   3.027  0.253 11.48    2.45    9.30    1.61    0.07   10.97 1.070E+01

  10.589 19.702  3.82    1.96    9.68    1.27    0.04   11.00  0.875
   3.077  0.271 11.16    2.17    7.68    1.37    0.05    9.10 9.346E+00

  10.589 20.298  4.07    1.78    8.50    1.11    0.03    9.63  0.872
   3.097  0.290 10.87    1.96    6.24    1.20    0.03    7.46 7.906E+00

  10.589 20.975  4.35    1.63    7.42    0.97    0.02    8.41  0.868
   3.100  0.310 10.58    1.79    4.93    1.05    0.02    6.00 6.576E+00

  10.589 21.576  4.62    1.50    6.40    0.86    0.01    7.28  0.862
   3.111  0.329 10.30    1.64    3.70    0.92    0.01    4.64 5.542E+00

  10.589 21.912  4.83    1.37    5.43    0.75    0.01    6.19  0.856
   3.158  0.346  9.99    1.49    2.51    0.81    0.01    3.33 4.901E+00

  10.589 22.225  5.03    1.27    4.67    0.67    0.01    5.34  0.851
   3.197  0.363  9.72    1.37    1.57    0.72    0.01    2.29 4.363E+00

  0.000 0.000  0.000 .000  0.00  0.00  0.00  0.00  0.00  0.00 0.000
                           0.00  0.00  0.00  0.00  0.00  0.00 0.000E+00

