EXTERNAL/TSAI:  VERSION OF 8/8/96

Marathon                                                                
D2_kin13.inp                                                            
                                                                        
Hall A 2018: 25 cm Deuterium target                                     
Nominal values - not exact                                              

----*----1----*----2----*----3----*----4----*----5----*----6----*----7--
                                                                        

TARGET (iZ,iA) = (  1,  2);   avgA =   2.000; amuM=  2.013; avgM=  1.875
 targ=TRITIUM; ttarg(rl)=0.00114; twall=0.00481; tbeam=0.00342; tspec=0.00732
         Nseg  =   4
 MODELS: P elastc(ikk)=14; deut elastic=13; inelastc=206; Pauli Supresion= 4
 NUCLEAR METHOD= 1;   NUCLEAR_MODEL= 1
 DIS MODEL=**

    E1    TH    Q2 COS_K         SMR     NUC          INT-SMR
    EP     X    W2 QE-PK  INELA  Q-ELA  ELAST   TOTAL  MODEL

 Deut Elastic Model: ia,iamec,rsc,rscmec (1,2,3,4)=  3
 TJON DEUT ELASTIC FILESS TO BE OPEN=rscctj.tjon_input   rscqtj.tjon_input   rscmtj.tjon_input   
  10.589 30.120  8.53    0.79   -2.62    0.37    0.00   -2.25  0.911
   2.984  0.598  6.62    0.84   -7.13    0.40    0.00   -6.73 3.149E-01

  10.589 30.339  8.71    0.76   -3.11    0.36    0.00   -2.75  0.910
   3.004  0.612  6.40    0.81   -7.72    0.39    0.00   -7.34 2.782E-01

  10.589 30.631  8.95    0.73   -3.75    0.34    0.00   -3.40  0.909
   3.028  0.631  6.12    0.77   -8.50    0.37    0.00   -8.12 2.352E-01

  10.589 30.925  9.19    0.69   -4.42    0.33    0.00   -4.09  0.910
   3.054  0.650  5.83    0.73   -9.32    0.36    0.00   -8.96 1.961E-01

  10.589 31.209  9.44    0.66   -5.11    0.33    0.00   -4.79  0.913
   3.080  0.670  5.53    0.70  -10.16    0.35    0.00   -9.80 1.624E-01

  10.589 31.576  9.70    0.64   -5.79    0.32    0.00   -5.46  0.916
   3.093  0.690  5.25    0.68  -10.98    0.35    0.00  -10.62 1.323E-01

  10.589 31.983  9.97    0.63   -6.48    0.33    0.00   -6.15  0.923
   3.101  0.710  4.96    0.67  -11.81    0.36    0.00  -11.45 1.061E-01

  10.589 32.367 10.23    0.62   -7.19    0.34    0.00   -6.85  0.933
   3.110  0.729  4.68    0.66  -12.66    0.38    0.00  -12.29 8.471E-02

  10.589 32.600 10.47    0.61   -7.96    0.36    0.00   -7.60  0.946
   3.137  0.749  4.40    0.66  -13.60    0.39    0.00  -13.20 6.817E-02

  10.589 32.833 10.70    0.62   -8.78    0.39    0.00   -8.39  0.967
   3.164  0.768  4.11    0.67  -14.59    0.43    0.00  -14.17 5.395E-02

  10.589 33.032 10.92    0.63   -9.59    0.43    0.00   -9.16  0.995
   3.191  0.787  3.84    0.69  -15.57    0.48    0.00  -15.10 4.289E-02

  10.589 33.303 11.14    0.67  -10.37    0.49    0.00   -9.87  1.029
   3.203  0.804  3.60    0.73  -16.51    0.54    0.00  -15.97 3.385E-02

  0.000 0.000  0.000 .000  0.00  0.00  0.00  0.00  0.00  0.00 0.000
                           0.00  0.00  0.00  0.00  0.00  0.00 0.000E+00

