EXTERNAL/TSAI:  VERSION OF 8/8/96

Marathon                                                                
D2_kin1.inp                                                             
                                                                        
Hall A 2018: 25 cm Deuterium target                                     
Nominal values - not exact                                              

----*----1----*----2----*----3----*----4----*----5----*----6----*----7--
                                                                        

TARGET (iZ,iA) = (  1,  2);   avgA =   2.000; amuM=  2.013; avgM=  1.875
 targ=TRITIUM; ttarg(rl)=0.00114; twall=0.00481; tbeam=0.00342; tspec=0.00732
         Nseg  =   4
 MODELS: P elastc(ikk)=14; deut elastic=13; inelastc=206; Pauli Supresion= 4
 NUCLEAR METHOD= 1;   NUCLEAR_MODEL= 1
 DIS MODEL=**

    E1    TH    Q2 COS_K         SMR     NUC          INT-SMR
    EP     X    W2 QE-PK  INELA  Q-ELA  ELAST   TOTAL  MODEL

 Deut Elastic Model: ia,iamec,rsc,rscmec (1,2,3,4)=  3
 TJON DEUT ELASTIC FILESS TO BE OPEN=rscctj.tjon_input   rscqtj.tjon_input   rscmtj.tjon_input   
  10.589 16.120  2.51    4.13   18.24    3.45    0.12   21.81  0.960
   3.013  0.176 12.59    4.72   18.35    3.78    0.12   22.26 1.699E+01

  10.589 16.557  2.70    3.59   16.51    2.92    0.09   19.52  0.964
   3.071  0.191 12.29    4.09   16.20    3.20    0.09   19.50 1.499E+01

  10.589 17.245  2.95    3.12   14.74    2.46    0.07   17.27  0.967
   3.097  0.210 11.99    3.54   14.02    2.69    0.07   16.77 1.247E+01

  10.589 18.035  3.23    2.75   13.14    2.09    0.05   15.28  0.970
   3.100  0.230 11.71    3.10   12.03    2.29    0.05   14.36 1.017E+01

  10.589 18.710  3.49    2.44   11.69    1.79    0.04   13.52  0.970
   3.114  0.248 11.42    2.74   10.24    1.96    0.04   12.23 8.508E+00

  10.589 19.045  3.67    2.18   10.45    1.55    0.03   12.02  0.970
   3.167  0.264 11.14    2.43    8.72    1.69    0.03   10.43 7.662E+00

  0.000 0.000  0.000 .000  0.00  0.00  0.00  0.00  0.00  0.00 0.000
                           0.00  0.00  0.00  0.00  0.00  0.00 0.000E+00

