EXTERNAL/TSAI:  VERSION OF 8/8/96

Marathon                                                                
H3_kin2.inp                                                             
                                                                        
Hall A 2018: 25 cm Tritium target                                       
Nominal values - not exact                                              

----*----1----*----2----*----3----*----4----*----5----*----6----*----7--
                                                                        

TARGET (iZ,iA) = (  1,  3);   avgA =   3.000; amuM=  3.016; avgM=  2.809
 targ=TRITIUM; ttarg(rl)=0.00042; twall=0.00481; tbeam=0.00342; tspec=0.00732
         Nseg  =   4
 MODELS: P elastc(ikk)=14; deut elastic=13; inelastc=206; Pauli Supresion= 4
 NUCLEAR METHOD= 1;   NUCLEAR_MODEL= 1
 DIS MODEL=**

    E1    TH    Q2 COS_K         SMR     NUC          INT-SMR
    EP     X    W2 QE-PK  INELA  Q-ELA  ELAST   TOTAL  MODEL

  10.589 17.744  3.05    2.72   13.82    1.97    0.13   15.92  0.874
   3.023  0.215 12.03    3.05   12.72    2.13    0.14   14.98 1.590E+01

  10.589 18.183  3.25    2.40   12.33    1.69    0.10   14.11  0.877
   3.077  0.231 11.72    2.68   10.91    1.82    0.10   12.83 1.395E+01

  10.589 18.830  3.51    2.15   10.93    1.45    0.07   12.45  0.877
   3.097  0.250 11.43    2.39    9.20    1.57    0.07   10.84 1.168E+01

  10.589 19.556  3.79    1.95    9.66    1.26    0.05   10.97  0.876
   3.100  0.270 11.15    2.15    7.66    1.36    0.05    9.06 9.626E+00

  10.589 20.187  4.05    1.77    8.49    1.10    0.03    9.62  0.874
   3.114  0.289 10.86    1.95    6.23    1.19    0.03    7.45 8.085E+00

  10.589 20.516  4.25    1.60    7.43    0.96    0.02    8.41  0.870
   3.164  0.305 10.56    1.76    4.93    1.04    0.02    5.99 7.217E+00

  10.589 20.889  4.47    1.46    6.40    0.84    0.02    7.26  0.865
   3.208  0.322 10.27    1.59    3.68    0.90    0.02    4.60 6.359E+00

  0.000 0.000  0.000 .000  0.00  0.00  0.00  0.00  0.00  0.00 0.000
                           0.00  0.00  0.00  0.00  0.00  0.00 0.000E+00

