                                           ************ internal ***************  +++++++ internal  + external ++++++++
    E        Ep      Th       s_born       s_rad        s_elas       s_dis        s_rad        s_elas       s_dis
   20.9990  16.3910  10.0000  0.10688E-02  0.83967E-03  0.81328E-09  0.00000E+00  0.68187E-03  0.77423E-09  0.00000E+00
   20.9990  16.3660  10.0000  0.12133E-02  0.95036E-03  0.90869E-09  0.00000E+00  0.76077E-03  0.86048E-09  0.00000E+00
   20.9990  16.3410  10.0000  0.13770E-02  0.10747E-02  0.10159E-08  0.00000E+00  0.86892E-03  0.95751E-09  0.00000E+00
   20.9990  16.3160  10.0000  0.15485E-02  0.12077E-02  0.11352E-08  0.00000E+00  0.96241E-03  0.10657E-08  0.00000E+00
   20.9990  16.2910  10.0000  0.17424E-02  0.13581E-02  0.12687E-08  0.00000E+00  0.10968E-02  0.11868E-08  0.00000E+00
   20.9990  16.2660  10.0000  0.19585E-02  0.15266E-02  0.14174E-08  0.00000E+00  0.12329E-02  0.13219E-08  0.00000E+00
   20.9990  16.2410  10.0000  0.22756E-02  0.17641E-02  0.15830E-08  0.00000E+00  0.13980E-02  0.14724E-08  0.00000E+00
   20.9990  16.2160  10.0000  0.25802E-02  0.19987E-02  0.17671E-08  0.00000E+00  0.16076E-02  0.16400E-08  0.00000E+00
   20.9990  16.1910  10.0000  0.29376E-02  0.22739E-02  0.19725E-08  0.00000E+00  0.18033E-02  0.18270E-08  0.00000E+00
   20.9990  16.1660  10.0000  0.33687E-02  0.26021E-02  0.22005E-08  0.00000E+00  0.20891E-02  0.20348E-08  0.00000E+00
   20.9990  16.1410  10.0000  0.38335E-02  0.29625E-02  0.24541E-08  0.00000E+00  0.23461E-02  0.22661E-08  0.00000E+00
   20.9990  16.1160  10.0000  0.44489E-02  0.34274E-02  0.27350E-08  0.00000E+00  0.27461E-02  0.25226E-08  0.00000E+00
   20.9990  16.0910  10.0000  0.51251E-02  0.39434E-02  0.30460E-08  0.00000E+00  0.30945E-02  0.28068E-08  0.00000E+00
   20.9990  16.0660  10.0000  0.59287E-02  0.45549E-02  0.33896E-08  0.00000E+00  0.35813E-02  0.31210E-08  0.00000E+00
   20.9990  16.0410  10.0000  0.69167E-02  0.52975E-02  0.37675E-08  0.00000E+00  0.41451E-02  0.34668E-08  0.00000E+00
   20.9990  16.0160  10.0000  0.78039E-02  0.60005E-02  0.41818E-08  0.00000E+00  0.47991E-02  0.38465E-08  0.00000E+00
   20.9990  15.9910  10.0000  0.91818E-02  0.70309E-02  0.46336E-08  0.00000E+00  0.56111E-02  0.42613E-08  0.00000E+00
   20.9990  15.9660  10.0000  0.10360E-01  0.79684E-02  0.51249E-08  0.00000E+00  0.63735E-02  0.47122E-08  0.00000E+00
   20.9990  15.9410  10.0000  0.12270E-01  0.93968E-02  0.56573E-08  0.00000E+00  0.74969E-02  0.52015E-08  0.00000E+00
   20.9990  15.9160  10.0000  0.14360E-01  0.10977E-01  0.62326E-08  0.00000E+00  0.85574E-02  0.57306E-08  0.00000E+00
   20.9990  15.8900  10.0000  0.16401E-01  0.12582E-01  0.68786E-08  0.00000E+00  0.10045E-01  0.63256E-08  0.00000E+00
   20.9990  15.8650  10.0000  0.19180E-01  0.14684E-01  0.75490E-08  0.00000E+00  0.11493E-01  0.69429E-08  0.00000E+00
   20.9990  15.8400  10.0000  0.21729E-01  0.16691E-01  0.82695E-08  0.00000E+00  0.13337E-01  0.76074E-08  0.00000E+00
   20.9990  15.8150  10.0000  0.25107E-01  0.19266E-01  0.90450E-08  0.00000E+00  0.15117E-01  0.83225E-08  0.00000E+00
   20.9990  15.7900  10.0000  0.28001E-01  0.21590E-01  0.98764E-08  0.00000E+00  0.17293E-01  0.90905E-08  0.00000E+00
   20.9990  15.7640  10.0000  0.30764E-01  0.23875E-01  0.10810E-07  0.00000E+00  0.19205E-01  0.99524E-08  0.00000E+00
   20.9990  15.7390  10.0000  0.34057E-01  0.26514E-01  0.11773E-07  0.00000E+00  0.21100E-01  0.10844E-07  0.00000E+00
   20.9990  15.7140  10.0000  0.35704E-01  0.28092E-01  0.12812E-07  0.00000E+00  0.22632E-01  0.11804E-07  0.00000E+00
   20.9990  15.6890  10.0000  0.37331E-01  0.29617E-01  0.13928E-07  0.00000E+00  0.24153E-01  0.12837E-07  0.00000E+00
   20.9990  15.6640  10.0000  0.37113E-01  0.29920E-01  0.15129E-07  0.00000E+00  0.24639E-01  0.13949E-07  0.00000E+00
   20.9990  15.6390  10.0000  0.36896E-01  0.30118E-01  0.16420E-07  0.00000E+00  0.24992E-01  0.15145E-07  0.00000E+00
   20.9990  15.6140  10.0000  0.34876E-01  0.29080E-01  0.17811E-07  0.00000E+00  0.24433E-01  0.16433E-07  0.00000E+00
   20.9990  15.5890  10.0000  0.32879E-01  0.27926E-01  0.19302E-07  0.00000E+00  0.23716E-01  0.17817E-07  0.00000E+00
   20.9990  15.5640  10.0000  0.29910E-01  0.26057E-01  0.20905E-07  0.00000E+00  0.22568E-01  0.19304E-07  0.00000E+00
   20.9990  15.5390  10.0000  0.29891E-01  0.25994E-01  0.22625E-07  0.18834E-02  0.22448E-01  0.20902E-07  0.11674E-02
   20.9990  15.5140  10.0000  0.35030E-01  0.29381E-01  0.24473E-07  0.73382E-02  0.24724E-01  0.22618E-07  0.49259E-02
   20.9990  15.4890  10.0000  0.48615E-01  0.38573E-01  0.26471E-07  0.18262E-01  0.30881E-01  0.24467E-07  0.12656E-01
   20.9990  15.4640  10.0000  0.71418E-01  0.54376E-01  0.28589E-07  0.35988E-01  0.42394E-01  0.26439E-07  0.25644E-01
   20.9990  15.4390  10.0000  0.91132E-01  0.69099E-01  0.30823E-07  0.52585E-01  0.54334E-01  0.28529E-07  0.39030E-01
   20.9990  15.4140  10.0000  0.92731E-01  0.72312E-01  0.33190E-07  0.57165E-01  0.58391E-01  0.30733E-07  0.44201E-01
   20.9990  15.3890  10.0000  0.87627E-01  0.70384E-01  0.35676E-07  0.56761E-01  0.57856E-01  0.33051E-07  0.44880E-01
   20.9990  15.3640  10.0000  0.87801E-01  0.71279E-01  0.38311E-07  0.58998E-01  0.58808E-01  0.35511E-07  0.46918E-01
   20.9990  15.3390  10.0000  0.94229E-01  0.76224E-01  0.41079E-07  0.64957E-01  0.62634E-01  0.38094E-07  0.51598E-01
   20.9990  15.3140  10.0000  0.10432E+00  0.83813E-01  0.43999E-07  0.73631E-01  0.68532E-01  0.40823E-07  0.58400E-01
   20.9990  15.2890  10.0000  0.11712E+00  0.93484E-01  0.47075E-07  0.84091E-01  0.76130E-01  0.43700E-07  0.66679E-01
   20.9990  15.2640  10.0000  0.13203E+00  0.10484E+00  0.50322E-07  0.96316E-01  0.85078E-01  0.46734E-07  0.76357E-01
   20.9990  15.2390  10.0000  0.15142E+00  0.11943E+00  0.53702E-07  0.11152E+00  0.96415E-01  0.49898E-07  0.88242E-01
   20.9990  15.2140  10.0000  0.17870E+00  0.13960E+00  0.57344E-07  0.13238E+00  0.11187E+00  0.53307E-07  0.10423E+00
   20.9990  15.1890  10.0000  0.22095E+00  0.17023E+00  0.61147E-07  0.16348E+00  0.13479E+00  0.56869E-07  0.12764E+00
   20.9990  15.1640  10.0000  0.28469E+00  0.21613E+00  0.65172E-07  0.20983E+00  0.16922E+00  0.60639E-07  0.16248E+00
   20.9990  15.1390  10.0000  0.35602E+00  0.26902E+00  0.69415E-07  0.26314E+00  0.21093E+00  0.64615E-07  0.20457E+00
