 x    Q2    F2p   F2p_err	F2d	F2d_err       F2p_KP	  F2d_KP
   0.1500   2.1000   0.34910   0.00296   0.31623   0.00169   0.34777   0.31263
   0.1585   2.2190   0.34841   0.00295   0.31416   0.00164   0.34748   0.31045
   0.1670   2.3380   0.34729   0.00288   0.31171   0.00154   0.34664   0.30783
   0.1755   2.4570   0.34577   0.00275   0.30890   0.00143   0.34532   0.30482
   0.1840   2.5760   0.34389   0.00258   0.30576   0.00129   0.34357   0.30147
   0.1925   2.6950   0.34165   0.00239   0.30233   0.00114   0.34142   0.29782
   0.2010   2.8140   0.33909   0.00218   0.29863   0.00100   0.33888   0.29391
   0.2095   2.9330   0.33621   0.00196   0.29468   0.00086   0.33600   0.28977
   0.2180   3.0520   0.33305   0.00174   0.29050   0.00074   0.33279   0.28542
   0.2265   3.1710   0.32962   0.00152   0.28611   0.00064   0.32928   0.28088
   0.2350   3.2900   0.32592   0.00131   0.28153   0.00056   0.32548   0.27618
   0.2435   3.4090   0.32198   0.00112   0.27678   0.00052   0.32144   0.27138
   0.2520   3.5280   0.31781   0.00095   0.27188   0.00052   0.31717   0.26645
   0.2605   3.6470   0.31342   0.00081   0.26682   0.00054   0.31268   0.26142
   0.2690   3.7660   0.30882   0.00072   0.26165   0.00058   0.30798   0.25630
   0.2775   3.8850   0.30404   0.00068   0.25635   0.00062   0.30308   0.25109
   0.2860   4.0040   0.29907   0.00069   0.25095   0.00068   0.29801   0.24580
   0.2945   4.1230   0.29393   0.00075   0.24547   0.00073   0.29277   0.24045
   0.3030   4.2420   0.28863   0.00083   0.23990   0.00077   0.28738   0.23505
   0.3115   4.3610   0.28318   0.00092   0.23427   0.00082   0.28186   0.22959
   0.3200   4.4800   0.27760   0.00101   0.22858   0.00085   0.27618   0.22407
   0.3285   4.5990   0.27189   0.00110   0.22285   0.00088   0.27038   0.21851
   0.3370   4.7180   0.26607   0.00118   0.21707   0.00090   0.26446   0.21291
   0.3455   4.8370   0.26015   0.00126   0.21128   0.00092   0.25845   0.20729
   0.3540   4.9560   0.25413   0.00132   0.20546   0.00093   0.25235   0.20165
   0.3625   5.0750   0.24804   0.00137   0.19964   0.00093   0.24618   0.19600
   0.3710   5.1940   0.24187   0.00141   0.19382   0.00093   0.23994   0.19035
   0.3795   5.3130   0.23564   0.00144   0.18801   0.00092   0.23364   0.18470
   0.3880   5.4320   0.22937   0.00146   0.18221   0.00090   0.22731   0.17905
   0.3965   5.5510   0.22305   0.00147   0.17644   0.00089   0.22094   0.17343
   0.4050   5.6700   0.21671   0.00147   0.17070   0.00086   0.21455   0.16783
   0.4135   5.7890   0.21035   0.00146   0.16501   0.00084   0.20816   0.16227
   0.4220   5.9080   0.20398   0.00144   0.15936   0.00081   0.20176   0.15674
   0.4305   6.0270   0.19762   0.00141   0.15376   0.00078   0.19538   0.15126
   0.4390   6.1460   0.19126   0.00137   0.14823   0.00075   0.18902   0.14584
   0.4475   6.2650   0.18493   0.00133   0.14276   0.00071   0.18269   0.14048
   0.4560   6.3840   0.17863   0.00129   0.13737   0.00068   0.17641   0.13518
   0.4645   6.5030   0.17238   0.00124   0.13205   0.00064   0.17017   0.12995
   0.4730   6.6220   0.16617   0.00118   0.12682   0.00061   0.16399   0.12481
   0.4815   6.7410   0.16002   0.00112   0.12168   0.00057   0.15788   0.11975
   0.4900   6.8600   0.15393   0.00107   0.11663   0.00054   0.15184   0.11477
   0.4985   6.9790   0.14793   0.00101   0.11168   0.00051   0.14589   0.10990
   0.5070   7.0980   0.14200   0.00095   0.10684   0.00048   0.14002   0.10512
   0.5155   7.2170   0.13616   0.00089   0.10209   0.00045   0.13425   0.10044
   0.5240   7.3360   0.13042   0.00084   0.09746   0.00043   0.12858   0.09588
   0.5325   7.4550   0.12478   0.00079   0.09294   0.00040   0.12302   0.09142
   0.5410   7.5740   0.11925   0.00074   0.08854   0.00038   0.11757   0.08708
   0.5495   7.6930   0.11384   0.00069   0.08425   0.00036   0.11224   0.08285
   0.5580   7.8120   0.10854   0.00065   0.08008   0.00035   0.10703   0.07874
   0.5665   7.9310   0.10336   0.00061   0.07603   0.00033   0.10194   0.07476
   0.5750   8.0500   0.09831   0.00058   0.07211   0.00032   0.09698   0.07089
   0.5835   8.1690   0.09340   0.00055   0.06831   0.00031   0.09215   0.06715
   0.5920   8.2880   0.08861   0.00052   0.06463   0.00030   0.08745   0.06353
   0.6005   8.4070   0.08396   0.00050   0.06108   0.00029   0.08288   0.06003
   0.6090   8.5260   0.07945   0.00048   0.05765   0.00028   0.07845   0.05666
   0.6175   8.6450   0.07509   0.00047   0.05435   0.00028   0.07416   0.05341
   0.6260   8.7640   0.07086   0.00046   0.05118   0.00028   0.07000   0.05028
   0.6345   8.8830   0.06679   0.00046   0.04813   0.00028   0.06599   0.04727
   0.6430   9.0020   0.06286   0.00046   0.04521   0.00029   0.06211   0.04439
   0.6515   9.1210   0.05907   0.00046   0.04241   0.00030   0.05837   0.04162
   0.6600   9.2400   0.05543   0.00047   0.03974   0.00031   0.05476   0.03897
   0.6685   9.3590   0.05194   0.00048   0.03718   0.00032   0.05130   0.03644
   0.6770   9.4780   0.04858   0.00049   0.03474   0.00033   0.04797   0.03402
   0.6855   9.5970   0.04537   0.00050   0.03241   0.00034   0.04477   0.03171
   0.6940   9.7160   0.04230   0.00051   0.03020   0.00035   0.04171   0.02951
   0.7025   9.8350   0.03936   0.00052   0.02810   0.00036   0.03878   0.02742
   0.7110   9.9540   0.03656   0.00053   0.02610   0.00036   0.03599   0.02543
   0.7195  10.0730   0.03389   0.00053   0.02420   0.00036   0.03332   0.02355
   0.7280  10.1920   0.03134   0.00053   0.02240   0.00036   0.03078   0.02176
   0.7365  10.3110   0.02892   0.00052   0.02070   0.00035   0.02836   0.02007
   0.7450  10.4300   0.02663   0.00050   0.01908   0.00033   0.02607   0.01848
   0.7535  10.5490   0.02445   0.00047   0.01756   0.00031   0.02390   0.01697
   0.7620  10.6680   0.02238   0.00044   0.01612   0.00029   0.02185   0.01556
   0.7705  10.7870   0.02043   0.00040   0.01476   0.00025   0.01991   0.01423
   0.7790  10.9060   0.01859   0.00035   0.01348   0.00022   0.01809   0.01298
   0.7875  11.0250   0.01685   0.00029   0.01228   0.00017   0.01637   0.01181
   0.7960  11.1440   0.01521   0.00022   0.01115   0.00012   0.01477   0.01072
