EXTERNAL/TSAI:  VERSION OF 8/8/96

Marathon                                                                
H3_kin1.inp                                                             
                                                                        
Hall A 2018: 25 cm Tritium target                                       
Nominal values - not exact                                              

----*----1----*----2----*----3----*----4----*----5----*----6----*----7--
                                                                        

TARGET (iZ,iA) = (  1,  3);   avgA =   3.000; amuM=  3.016; avgM=  2.809
 targ=TRITIUM; ttarg(rl)=0.00042; twall=0.00481; tbeam=0.00342; tspec=0.00732
         Nseg  =   4
 MODELS: P elastc(ikk)=14; deut elastic=13; inelastc=206; Pauli Supresion= 4
 NUCLEAR METHOD= 1;   NUCLEAR_MODEL= 1
 DIS MODEL=**

    E1    TH    Q2 COS_K         SMR     NUC          INT-SMR
    EP     X    W2 QE-PK  INELA  Q-ELA  ELAST   TOTAL  MODEL

  10.589 16.116  2.51    3.42   15.39    2.62    0.27   18.29  0.863
   3.014  0.176 12.59    3.88   14.89    2.85    0.28   18.01 2.482E+01

  10.589 16.553  2.70    3.01   14.11    2.26    0.20   16.57  0.869
   3.073  0.191 12.29    3.40   13.27    2.45    0.20   15.92 2.174E+01

  10.589 17.240  2.95    2.66   12.75    1.93    0.14   14.83  0.874
   3.098  0.210 11.99    2.99   11.57    2.09    0.14   13.80 1.793E+01

  10.589 18.028  3.22    2.38   11.51    1.67    0.10   13.27  0.877
   3.101  0.229 11.71    2.66   10.01    1.80    0.10   11.91 1.448E+01

  10.589 18.707  3.49    2.14   10.34    1.45    0.07   11.85  0.878
   3.115  0.249 11.42    2.37    8.55    1.56    0.07   10.18 1.201E+01

  10.589 19.039  3.67    1.93    9.29    1.26    0.05   10.60  0.877
   3.170  0.264 11.13    2.13    7.26    1.36    0.05    8.67 1.075E+01

  10.589 19.464  3.89    1.74    8.24    1.09    0.03    9.37  0.875
   3.213  0.281 10.83    1.91    5.96    1.18    0.03    7.18 9.398E+00

  0.000 0.000  0.000 .000  0.00  0.00  0.00  0.00  0.00  0.00 0.000
                           0.00  0.00  0.00  0.00  0.00  0.00 0.000E+00

