EXTERNAL/TSAI:  VERSION OF 8/8/96

Marathon                                                                
He3_kin4.inp                                                            
                                                                        
Hall A 2018: 25 cm He3 target                                           
Nominal values - not exact                                              

----*----1----*----2----*----3----*----4----*----5----*----6----*----7--
                                                                        

TARGET (iZ,iA) = (  2,  3);   avgA =   3.000; amuM=  3.016; avgM=  2.809
 targ=TRITIUM; ttarg(rl)=0.00075; twall=0.00481; tbeam=0.00342; tspec=0.00732
         Nseg  =   4
 MODELS: P elastc(ikk)=14; deut elastic=13; inelastc=206; Pauli Supresion= 4
 NUCLEAR METHOD= 1;   NUCLEAR_MODEL= 1
 DIS MODEL=**

    E1    TH    Q2 COS_K         SMR     NUC          INT-SMR
    EP     X    W2 QE-PK  INELA  Q-ELA  ELAST   TOTAL  MODEL

  10.589 20.374  3.96    2.51    9.82    1.51    0.04   11.37  0.845
   2.990  0.278 11.18    2.77    8.03    1.65    0.04    9.71 9.138E+00

  10.589 20.696  4.14    2.27    8.92    1.34    0.03   10.28  0.846
   3.031  0.292 10.92    2.51    6.91    1.45    0.03    8.39 8.279E+00

  10.589 21.128  4.38    2.02    7.82    1.14    0.02    8.98  0.846
   3.076  0.311 10.60    2.22    5.55    1.24    0.02    6.81 7.250E+00

  10.589 21.684  4.64    1.83    6.85    1.00    0.01    7.87  0.845
   3.095  0.330 10.31    2.00    4.36    1.08    0.01    5.46 6.202E+00

  10.589 22.313  4.91    1.68    5.95    0.88    0.01    6.84  0.843
   3.099  0.350 10.02    1.83    3.25    0.96    0.01    4.22 5.224E+00

  10.589 22.887  5.18    1.54    5.06    0.78    0.01    5.85  0.841
   3.108  0.369  9.74    1.67    2.17    0.85    0.01    3.02 4.437E+00

  10.589 23.220  5.40    1.40    4.20    0.69    0.00    4.90  0.839
   3.151  0.387  9.43    1.51    1.11    0.75    0.00    1.86 3.923E+00

  10.589 23.476  5.59    1.29    3.44    0.62    0.00    4.06  0.837
   3.192  0.403  9.17    1.39    0.17    0.67    0.00    0.85 3.533E+00

  0.000 0.000  0.000 .000  0.00  0.00  0.00  0.00  0.00  0.00 0.000
                           0.00  0.00  0.00  0.00  0.00  0.00 0.000E+00

