EXTERNAL/TSAI:  VERSION OF 8/8/96

Marathon                                                                
H3_kin5.inp                                                             
                                                                        
Hall A 2018: 25 cm Tritium target                                       
Nominal values - not exact                                              

----*----1----*----2----*----3----*----4----*----5----*----6----*----7--
                                                                        

TARGET (iZ,iA) = (  1,  3);   avgA =   3.000; amuM=  3.016; avgM=  2.809
 targ=TRITIUM; ttarg(rl)=0.00042; twall=0.00481; tbeam=0.00342; tspec=0.00732
         Nseg  =   4
 MODELS: P elastc(ikk)=14; deut elastic=13; inelastc=206; Pauli Supresion= 4
 NUCLEAR METHOD= 1;   NUCLEAR_MODEL= 1
 DIS MODEL=**

    E1    TH    Q2 COS_K         SMR     NUC          INT-SMR
    EP     X    W2 QE-PK  INELA  Q-ELA  ELAST   TOTAL  MODEL

  10.589 21.706  4.50    1.70    7.24    1.01    0.02    8.27  0.865
   3.000  0.316 10.62    1.86    4.75    1.09    0.02    5.86 5.652E+00

  10.589 22.031  4.70    1.57    6.42    0.90    0.01    7.33  0.861
   3.038  0.331 10.35    1.71    3.74    0.97    0.01    4.72 5.056E+00

  10.589 22.438  4.94    1.43    5.46    0.78    0.01    6.25  0.855
   3.079  0.350 10.04    1.55    2.57    0.84    0.01    3.42 4.392E+00

  10.589 22.969  5.20    1.33    4.59    0.69    0.01    5.29  0.847
   3.096  0.370  9.74    1.44    1.51    0.75    0.01    2.26 3.726E+00

  10.589 23.569  5.48    1.25    3.81    0.62    0.00    4.44  0.840
   3.099  0.390  9.46    1.34    0.56    0.67    0.00    1.24 3.117E+00

  10.589 24.103  5.74    1.17    3.02    0.56    0.00    3.59  0.831
   3.110  0.409  9.17    1.26   -0.39    0.61    0.00    0.22 2.629E+00

  10.589 24.436  5.97    1.09    2.24    0.50    0.00    2.75  0.824
   3.148  0.428  8.87    1.16   -1.34    0.54    0.00   -0.79 2.290E+00

  10.589 24.670  6.16    1.02    1.58    0.46    0.00    2.04  0.818
   3.188  0.444  8.61    1.09   -2.15    0.49    0.00   -1.65 2.043E+00

  0.000 0.000  0.000 .000  0.00  0.00  0.00  0.00  0.00  0.00 0.000
                           0.00  0.00  0.00  0.00  0.00  0.00 0.000E+00

