EXTERNAL/TSAI:  VERSION OF 8/8/96

Marathon                                                                
H3_kin13.inp                                                            
                                                                        
Hall A 2018: 25 cm Tritium target                                       
Nominal values - not exact                                              

----*----1----*----2----*----3----*----4----*----5----*----6----*----7--
                                                                        

TARGET (iZ,iA) = (  1,  3);   avgA =   3.000; amuM=  3.016; avgM=  2.809
 targ=TRITIUM; ttarg(rl)=0.00042; twall=0.00481; tbeam=0.00342; tspec=0.00732
         Nseg  =   4
 MODELS: P elastc(ikk)=14; deut elastic=13; inelastc=206; Pauli Supresion= 4
 NUCLEAR METHOD= 1;   NUCLEAR_MODEL= 1
 DIS MODEL=**

    E1    TH    Q2 COS_K         SMR     NUC          INT-SMR
    EP     X    W2 QE-PK  INELA  Q-ELA  ELAST   TOTAL  MODEL

  10.589 30.116  8.53    0.83   -2.68    0.33    0.00   -2.35  0.782
   2.985  0.598  6.62    0.87   -7.19    0.36    0.00   -6.83 3.918E-01

  10.589 30.338  8.71    0.80   -3.13    0.32    0.00   -2.80  0.785
   3.003  0.612  6.41    0.85   -7.70    0.35    0.00   -7.36 3.450E-01

  10.589 30.633  8.95    0.77   -3.70    0.32    0.00   -3.38  0.793
   3.028  0.631  6.12    0.81   -8.39    0.34    0.00   -8.05 2.886E-01

  10.589 30.929  9.20    0.74   -4.27    0.31    0.00   -3.96  0.807
   3.054  0.650  5.83    0.78   -9.08    0.34    0.00   -8.74 2.388E-01

  10.589 31.225  9.44    0.71   -4.84    0.32    0.00   -4.52  0.826
   3.078  0.670  5.53    0.75   -9.75    0.34    0.00   -9.41 1.963E-01

  10.589 31.565  9.70    0.69   -5.38    0.33    0.00   -5.06  0.853
   3.095  0.690  5.24    0.73  -10.39    0.35    0.00  -10.04 1.596E-01

  10.589 31.978  9.97    0.68   -5.90    0.35    0.00   -5.55  0.887
   3.102  0.709  4.96    0.72  -11.00    0.37    0.00  -10.63 1.278E-01

  10.589 32.359 10.23    0.67   -6.42    0.37    0.00   -6.05  0.933
   3.112  0.729  4.68    0.71  -11.61    0.40    0.00  -11.21 1.021E-01

  10.589 32.605 10.47    0.66   -6.98    0.41    0.00   -6.57  0.994
   3.137  0.749  4.39    0.70  -12.27    0.43    0.00  -11.84 8.265E-02

  10.589 32.834 10.70    0.65   -7.55    0.46    0.00   -7.10  1.072
   3.164  0.768  4.11    0.70  -12.94    0.48    0.00  -12.46 6.668E-02

  10.589 33.026 10.92    0.66   -8.13    0.52    0.00   -7.61  1.161
   3.190  0.786  3.85    0.71  -13.62    0.55    0.00  -13.07 5.457E-02

  10.589 33.283 11.14    0.67   -8.73    0.61    0.00   -8.12  1.263
   3.207  0.804  3.59    0.72  -14.31    0.63    0.00  -13.68 4.418E-02

  0.000 0.000  0.000 .000  0.00  0.00  0.00  0.00  0.00  0.00 0.000
                           0.00  0.00  0.00  0.00  0.00  0.00 0.000E+00

