  0.180  0.0150   6.00000        0.3480005538
  0.181  0.0150   6.00000        0.3414017464
  0.182  0.0150   6.00000        0.3348199047
  0.183  0.0150   6.00000        0.3282455064
  0.184  0.0150   6.00000        0.3216757743
  0.185  0.0150   6.00000        0.3151091668
  0.186  0.0150   6.00000        0.3085432213
  0.187  0.0150   6.00000        0.3019683210
  0.188  0.0150   6.00000        0.2954072732
  0.189  0.0150   6.00000        0.2888576947
  0.190  0.0150   6.00000        0.2823152693
  0.191  0.0150   6.00000        0.2757684089
  0.192  0.0150   6.00000        0.2692127447
  0.193  0.0150   6.00000        0.2626222838
  0.194  0.0150   6.00000        0.2560389289
  0.195  0.0150   6.00000        0.2498442199
  0.196  0.0150   6.00000        0.2436771779
  0.197  0.0150   6.00000        0.2375406850
  0.198  0.0150   6.00000        0.2314341063
  0.199  0.0150   6.00000        0.2253565398
  0.200  0.0150   6.00000        0.2193057471
