  0.180  0.0150   6.00000        2.8570271640
  0.181  0.0150   6.00000        2.8505504862
  0.182  0.0150   6.00000        2.8440451001
  0.183  0.0150   6.00000        2.8375146271
  0.184  0.0150   6.00000        2.8309864275
  0.185  0.0150   6.00000        2.8244604553
  0.186  0.0150   6.00000        2.8179370158
  0.187  0.0150   6.00000        2.8114162501
  0.188  0.0150   6.00000        2.8048982912
  0.189  0.0150   6.00000        2.7983832969
  0.190  0.0150   6.00000        2.7918550471
  0.191  0.0150   6.00000        2.7852879085
  0.192  0.0150   6.00000        2.7787247217
  0.193  0.0150   6.00000        2.7721654623
  0.194  0.0150   6.00000        2.7656103520
  0.195  0.0150   6.00000        2.7590595605
  0.196  0.0150   6.00000        2.7525132343
  0.197  0.0150   6.00000        2.7459715586
  0.198  0.0150   6.00000        2.7394347288
  0.199  0.0150   6.00000        2.7328883483
  0.200  0.0150   6.00000        2.7263018932
