  0.180  0.0150   6.00000       14.3923143601
  0.181  0.0150   6.00000       14.2890631574
  0.182  0.0150   6.00000       14.1886648386
  0.183  0.0150   6.00000       14.0920480253
  0.184  0.0150   6.00000       13.9980245522
  0.185  0.0150   6.00000       13.9059334549
  0.186  0.0150   6.00000       13.8170561595
  0.187  0.0150   6.00000       13.7311076946
  0.188  0.0150   6.00000       13.6490578610
  0.189  0.0150   6.00000       13.5684462753
  0.190  0.0150   6.00000       13.4900273584
  0.191  0.0150   6.00000       13.4138610970
  0.192  0.0150   6.00000       13.3421133639
  0.193  0.0150   6.00000       13.2718575176
  0.194  0.0150   6.00000       13.2044471306
  0.195  0.0150   6.00000       13.1387289948
  0.196  0.0150   6.00000       13.0757884060
  0.197  0.0150   6.00000       13.0139371084
  0.198  0.0150   6.00000       12.9560313246
  0.199  0.0150   6.00000       12.9001573235
  0.200  0.0150   6.00000       12.8464846225
