  0.180  0.0150   6.00000        8.1904107007
  0.181  0.0150   6.00000        7.7158578234
  0.182  0.0150   6.00000        7.2532639924
  0.183  0.0150   6.00000        6.8028298643
  0.184  0.0150   6.00000        6.3647667474
  0.185  0.0150   6.00000        5.9392664873
  0.186  0.0150   6.00000        5.5265394029
  0.187  0.0150   6.00000        5.1267910636
  0.188  0.0150   6.00000        4.7402280189
  0.189  0.0150   6.00000        4.3670576628
  0.190  0.0150   6.00000        4.0074852149
  0.191  0.0150   6.00000        3.6617158480
  0.192  0.0150   6.00000        3.3305488612
  0.193  0.0150   6.00000        3.0124390267
  0.194  0.0150   6.00000        2.7090351158
  0.195  0.0150   6.00000        2.4205397526
  0.196  0.0150   6.00000        2.1471580018
  0.197  0.0150   6.00000        1.8890945530
  0.198  0.0150   6.00000        1.6465574740
  0.199  0.0150   6.00000        1.4197586029
  0.200  0.0150   6.00000        1.2089023339
