  0.220  0.0150   6.00000        3.4851082131
  0.221  0.0150   6.00000        2.9837655884
  0.222  0.0150   6.00000        2.5188346631
  0.223  0.0150   6.00000        2.0910911328
  0.224  0.0150   6.00000        1.7003180275
  0.225  0.0150   6.00000        1.3476128190
  0.226  0.0150   6.00000        1.0338986108
  0.227  0.0150   6.00000        0.7600407959
  0.228  0.0150   6.00000        0.5268603262
  0.229  0.0150   6.00000        0.3357699099
  0.230  0.0150   6.00000        0.1867978475
  0.231  0.0150   6.00000        0.0806437975
  0.232  0.0150   6.00000        0.0178580436
  0.233  0.0150   6.00000        0.0003114223
  0.234  0.0150   6.00000        0.0289347020
  0.235  0.0150   6.00000        0.1047814662
  0.236  0.0150   6.00000        0.2284488916
  0.237  0.0150   6.00000        0.4008484710
  0.238  0.0150   6.00000        0.6231989473
  0.239  0.0150   6.00000        0.8964381364
  0.240  0.0150   6.00000        1.2215299838
