  0.180  0.0150   6.00000        0.5987264922
  0.181  0.0150   6.00000        0.5653971870
  0.182  0.0150   6.00000        0.5343588752
  0.183  0.0150   6.00000        0.5036152526
  0.184  0.0150   6.00000        0.4736614567
  0.185  0.0150   6.00000        0.4449126207
  0.186  0.0150   6.00000        0.4169890502
  0.187  0.0150   6.00000        0.3899034990
  0.188  0.0150   6.00000        0.3637078528
  0.189  0.0150   6.00000        0.3384210128
  0.190  0.0150   6.00000        0.3140530693
  0.191  0.0150   6.00000        0.2906105514
  0.192  0.0150   6.00000        0.2690580382
  0.193  0.0150   6.00000        0.2479924214
  0.194  0.0150   6.00000        0.2277238084
  0.195  0.0150   6.00000        0.2084788129
  0.196  0.0150   6.00000        0.1901546400
  0.197  0.0150   6.00000        0.1726322608
  0.198  0.0150   6.00000        0.1559637703
  0.199  0.0150   6.00000        0.1401608703
  0.200  0.0150   6.00000        0.1252264934
