  0.180  0.0150   6.00000        4.8108867423
  0.181  0.0150   6.00000        4.6893282302
  0.182  0.0150   6.00000        4.5699769386
  0.183  0.0150   6.00000        4.4505077953
  0.184  0.0150   6.00000        4.3352644050
  0.185  0.0150   6.00000        4.2221061522
  0.186  0.0150   6.00000        4.1110320153
  0.187  0.0150   6.00000        4.0020556391
  0.188  0.0150   6.00000        3.8927087372
  0.189  0.0150   6.00000        3.7876188475
  0.190  0.0150   6.00000        3.6845038773
  0.191  0.0150   6.00000        3.5833577379
  0.192  0.0150   6.00000        3.4841862357
  0.193  0.0150   6.00000        3.3844734071
  0.194  0.0150   6.00000        3.2889964709
  0.195  0.0150   6.00000        3.1953809202
  0.196  0.0150   6.00000        3.1036146058
  0.197  0.0150   6.00000        3.0136964715
  0.198  0.0150   6.00000        2.9256388045
  0.199  0.0150   6.00000        2.8367190043
  0.200  0.0150   6.00000        2.7520705710
