  0.180  0.0150   6.00000        4.9882667834
  0.181  0.0150   6.00000        3.6248014146
  0.182  0.0150   6.00000        2.4628341867
  0.183  0.0150   6.00000        1.5123495474
  0.184  0.0150   6.00000        0.7836068779
  0.185  0.0150   6.00000        0.2869257985
  0.186  0.0150   6.00000        0.0327879602
  0.187  0.0150   6.00000        0.0318604566
  0.188  0.0150   6.00000        0.2949045912
  0.189  0.0150   6.00000        0.8328092618
  0.190  0.0150   6.00000        1.6566608909
  0.191  0.0150   6.00000        2.7775356850
  0.192  0.0150   6.00000        4.2067266408
  0.193  0.0150   6.00000        5.9556920431
  0.194  0.0150   6.00000        8.0358981122
  0.195  0.0150   6.00000       10.4588618664
  0.196  0.0150   6.00000       13.2363372907
  0.197  0.0150   6.00000       16.3801012991
  0.198  0.0150   6.00000       19.9021494263
  0.199  0.0150   6.00000       23.8141534426
  0.200  0.0150   6.00000       28.1285732253
