  0.180  0.0150   6.00000       31.8504396392
  0.181  0.0150   6.00000       29.2755239859
  0.182  0.0150   6.00000       26.8056952190
  0.183  0.0150   6.00000       24.4408250955
  0.184  0.0150   6.00000       22.1821269928
  0.185  0.0150   6.00000       20.0303794005
  0.186  0.0150   6.00000       17.9860191253
  0.187  0.0150   6.00000       16.0494287031
  0.188  0.0150   6.00000       14.2208737199
  0.189  0.0150   6.00000       12.4741587717
  0.190  0.0150   6.00000       10.8446031318
  0.191  0.0150   6.00000        9.3232274180
  0.192  0.0150   6.00000        7.9116471760
  0.193  0.0150   6.00000        6.6113384057
  0.194  0.0150   6.00000        5.4239017949
  0.195  0.0150   6.00000        4.3509434952
  0.196  0.0150   6.00000        3.3869490732
  0.197  0.0150   6.00000        2.5412070732
  0.198  0.0150   6.00000        1.8141890516
  0.199  0.0150   6.00000        1.2080991081
  0.200  0.0150   6.00000        0.7242760368
