  0.180  0.0150   6.00000        0.0000000000
  0.181  0.0150   6.00000        0.0000000000
  0.182  0.0150   6.00000        0.0000000000
  0.183  0.0150   6.00000        0.0000000000
  0.184  0.0150   6.00000        0.0000000000
  0.185  0.0150   6.00000        0.0000000000
  0.186  0.0150   6.00000        0.0000000000
  0.187  0.0150   6.00000        0.0000000000
  0.188  0.0150   6.00000        0.0000000000
  0.189  0.0150   6.00000        0.0000000000
  0.190  0.0150   6.00000        0.0000000000
  0.191  0.0150   6.00000        0.0000000000
  0.192  0.0150   6.00000        0.0000000000
  0.193  0.0150   6.00000        0.0000000000
  0.194  0.0150   6.00000        0.0000000000
  0.195  0.0150   6.00000        0.0000000000
  0.196  0.0150   6.00000        0.0000000000
  0.197  0.0150   6.00000        0.0000000000
  0.198  0.0150   6.00000        0.0000000000
  0.199  0.0150   6.00000        0.0000000000
  0.200  0.0150   6.00000        0.0000000000
