!iexp    x       qsq      rat     drat(frac)  norm(frac)
  1.  0.2750    0.905    0.8645    0.0109    0.0050
  1.  0.2240    0.869    0.8576    0.0099    0.0050
  1.  0.1770    0.824    0.8744    0.0089    0.0050
  1.  0.1530    0.794    0.8725    0.0198    0.0050
  1.  0.1190    0.737    0.9067    0.0268    0.0050
  1.  0.0900    0.666    0.9057    0.0248    0.0050
  1.  0.0670    0.586    0.9191    0.0228    0.0050
  1.  0.4190    1.686    0.8179    0.0119    0.0050
  1.  0.3650    1.647    0.8179    0.0109    0.0050
  1.  0.3150    1.602    0.8377    0.0099    0.0050
  1.  0.2710    1.552    0.8482    0.0099    0.0050
  1.  0.2090    1.455    0.8804    0.0268    0.0050
  1.  0.1680    1.363    0.8799    0.0278    0.0050
  1.  0.1320    1.256    0.9280    0.0278    0.0050
  1.  0.1040    1.141    0.9116    0.0248    0.0050
  1.  0.0810    1.019    0.9364    0.0278    0.0050
  1.  0.5050    2.379    0.7852    0.0139    0.0050
  1.  0.4490    2.333    0.7832    0.0139    0.0050
  1.  0.3960    2.281    0.7832    0.0119    0.0050
  1.  0.3480    2.222    0.8065    0.0109    0.0050
  1.  0.2820    2.118    0.8139    0.0198    0.0050
  1.  0.2260    1.995    0.8655    0.0248    0.0050
  1.  0.1850    1.872    0.9112    0.0268    0.0050
  1.  0.1500    1.738    0.8953    0.0258    0.0050
  1.  0.1220    1.594    0.9166    0.0278    0.0050
  1.  0.0980    1.440    0.9369    0.0278    0.0050
  1.  0.0770    1.275    0.9236    0.0268    0.0050
  1.  0.0630    1.136    0.9498    0.0278    0.0050
  1.  0.5990    3.503    0.7366    0.0169    0.0050
  1.  0.5420    3.445    0.7574    0.0159    0.0050
  1.  0.4900    3.383    0.7604    0.0159    0.0050
  1.  0.4420    3.315    0.7450    0.0149    0.0050
  1.  0.3710    3.190    0.7906    0.0238    0.0050
  1.  0.3090    3.047    0.8278    0.0258    0.0050
  1.  0.2390    2.819    0.8596    0.0188    0.0050
  1.  0.1830    2.569    0.8695    0.0278    0.0050
  1.  0.1520    2.382    0.8963    0.0278    0.0050
  1.  0.1260    2.188    0.8844    0.0258    0.0050
  1.  0.1070    2.017    0.9236    0.0268    0.0050
  1.  0.0900    1.845    0.8948    0.0268    0.0050
  1.  0.0750    1.658    0.9345    0.0278    0.0050
  1.  0.3230    1.107    0.8720    0.0179    0.0050
  1.  0.2690    1.051    0.8640    0.0159    0.0050
  1.  0.2400    1.016    0.8854    0.0278    0.0050
  1.  0.1770    0.912    0.8873    0.0268    0.0050
  1.  0.1270    0.791    0.9131    0.0268    0.0050
  1.  0.0890    0.657    0.9360    0.0268    0.0050
  1.  0.4530    1.870    0.7415    0.0347    0.0050
  1.  0.3480    1.741    0.8224    0.0298    0.0050
  1.  0.2140    1.469    0.8487    0.0317    0.0050
  1.  0.1200    1.115    0.8849    0.0357    0.0050
  1.  0.5410    2.764    0.7633    0.0149    0.0050
  1.  0.4870    2.691    0.7673    0.0149    0.0050
  1.  0.4400    2.616    0.7936    0.0149    0.0050
  1.  0.3750    2.492    0.8169    0.0248    0.0050
  1.  0.2970    2.297    0.8248    0.0268    0.0050
  1.  0.2370    2.098    0.8496    0.0288    0.0050
  1.  0.1870    1.880    0.8804    0.0288    0.0050
  1.  0.1440    1.644    0.8918    0.0308    0.0050
  1.  0.1080    1.388    0.9533    0.0308    0.0050
  1.  0.0770    1.114    0.9424    0.0317    0.0050
  1.  0.6410    4.153    0.7132    0.0218    0.0050
  1.  0.5790    4.042    0.7385    0.0308    0.0050
  1.  0.5530    3.992    0.7703    0.0873    0.0050
  1.  0.4710    3.804    0.7867    0.0278    0.0050
  1.  0.3980    3.594    0.7886    0.0268    0.0050
  1.  0.3320    3.357    0.7961    0.0288    0.0050
  1.  0.2730    3.092    0.8496    0.0288    0.0050
  1.  0.2240    2.819    0.8705    0.0308    0.0050
  1.  0.1790    2.509    0.8883    0.0317    0.0050
  1.  0.1420    2.189    0.9196    0.0317    0.0050
  1.  0.1080    1.834    0.9012    0.0308    0.0050
  1.  0.0840    1.542    0.9236    0.0337    0.0050
  1.  0.6950    5.185    0.6240    0.0526    0.0050
  1.  0.6000    4.979    0.7043    0.0377    0.0050
  1.  0.5320    4.801    0.7385    0.0278    0.0050
  1.  0.4540    4.553    0.7624    0.0298    0.0050
  1.  0.3870    4.294    0.8134    0.0308    0.0050
  1.  0.3280    4.014    0.8248    0.0268    0.0050
  1.  0.2740    3.699    0.8363    0.0317    0.0050
  1.  0.2270    3.373    0.8784    0.0317    0.0050
  1.  0.1850    3.013    0.8432    0.0327    0.0050
  1.  0.1470    2.631    0.9017    0.0337    0.0050
  1.  0.1200    2.305    0.9082    0.0337    0.0050
  1.  0.0960    1.968    0.9206    0.0357    0.0050
  1.  0.7460    6.880    0.6577    0.0754    0.0050
  1.  0.6920    6.734    0.6557    0.0466    0.0050
  1.  0.6620    6.647    0.6721    0.2738    0.0050
  1.  0.5990    6.441    0.7182    0.0387    0.0050
  1.  0.5280    6.174    0.7574    0.0357    0.0050
  1.  0.4650    5.894    0.7504    0.0317    0.0050
  1.  0.4040    5.569    0.8000    0.0317    0.0050
  1.  0.3470    5.215    0.8363    0.0308    0.0050
  1.  0.2970    4.845    0.8620    0.0308    0.0050
  1.  0.2510    4.446    0.8655    0.0337    0.0050
  1.  0.2080    4.003    0.8978    0.0327    0.0050
  1.  0.1780    3.649    0.8948    0.0337    0.0050
  1.  0.1500    3.265    0.9181    0.0347    0.0050
  1.  0.1220    2.851    0.9335    0.0347    0.0050
  1.  0.0990    2.438    0.8492    0.0367    0.0050
  1.  0.0770    2.009    0.8893    0.0407    0.0050
  1.  0.7690    8.082    0.7132    0.0565    0.0050
  1.  0.7140    7.906    0.7504    0.0407    0.0050
  1.  0.6450    7.656    0.7202    0.0298    0.0050
  1.  0.5710    7.348    0.7232    0.0288    0.0050
  1.  0.5080    7.037    0.7371    0.0288    0.0050
  1.  0.4470    6.691    0.7643    0.0288    0.0050
  1.  0.3930    6.328    0.7867    0.0298    0.0050
  1.  0.3410    5.931    0.8075    0.0298    0.0050
  1.  0.2930    5.498    0.8248    0.0298    0.0050
  1.  0.2480    5.032    0.8496    0.0298    0.0050
  1.  0.2150    4.634    0.9116    0.0308    0.0050
  1.  0.1850    4.219    0.9533    0.0308    0.0050
  1.  0.1570    3.804    0.8883    0.0317    0.0050
  1.  0.1310    3.355    0.9870    0.0327    0.0050
  1.  0.1070    2.888    0.9156    0.0298    0.0050
  1.  0.0830    2.386    0.9429    0.0347    0.0050
  2.  0.3380    1.173    0.8576    0.0079    0.0000
  2.  0.2920    1.102    0.8541    0.0079    0.0000
  2.  0.2600    1.043    0.8576    0.0089    0.0000
  2.  0.2350    0.994    0.8844    0.0159    0.0000
  2.  0.1880    0.884    0.8819    0.0169    0.0000
  2.  0.1500    0.773    0.9116    0.0169    0.0000
  2.  0.1180    0.663    0.8988    0.0179    0.0000
  2.  0.5230    2.517    0.7976    0.0139    0.0000
  2.  0.4860    2.444    0.7782    0.0198    0.0000
  2.  0.4100    2.269    0.7996    0.0159    0.0000
  2.  0.3550    2.121    0.8139    0.0159    0.0000
  2.  0.2990    1.945    0.8442    0.0159    0.0000
  2.  0.2460    1.744    0.8635    0.0179    0.0000
  2.  0.2030    1.550    0.8829    0.0159    0.0000
  2.  0.1790    1.433    0.9116    0.0169    0.0000
  2.  0.1570    1.309    0.8784    0.0169    0.0000
  2.  0.1020    0.958    0.9449    0.0248    0.0000
  2.  0.7420    6.115    0.7906    0.0486    0.0000
  2.  0.6730    5.862    0.7579    0.0486    0.0000
  2.  0.6100    5.605    0.7385    0.0436    0.0000
  2.  0.5550    5.352    0.7331    0.0367    0.0000
  2.  0.4710    4.919    0.7579    0.0169    0.0000
  2.  0.4030    4.507    0.7842    0.0149    0.0000
  2.  0.3440    4.102    0.7931    0.0169    0.0000
  2.  0.3000    3.771    0.8313    0.0149    0.0000
  2.  0.2670    3.486    0.8427    0.0179    0.0000
  2.  0.2410    3.254    0.8164    0.0258    0.0000
  2.  0.2110    2.961    0.8496    0.0169    0.0000
  2.  0.1900    2.740    0.8740    0.0228    0.0000
  2.  0.1720    2.546    0.8849    0.0278    0.0000
  2.  0.1560    2.362    0.8779    0.0238    0.0000
  2.  0.1410    2.178    0.8611    0.0456    0.0000
  2.  0.1290    2.036    0.8943    0.0387    0.0000
  2.  0.1130    1.827    0.8908    0.0367    0.0000
  2.  0.0910    1.526    0.9206    0.0466    0.0000
  2.  0.5860    7.263    0.7256    0.0288    0.0000
  2.  0.4280    6.075    0.7996    0.0308    0.0000
  2.  0.3210    5.061    0.8005    0.0337    0.0000
  2.  0.2360    4.070    0.8278    0.0278    0.0000
  2.  0.2010    3.615    0.8620    0.0317    0.0000
  2.  0.1790    3.302    0.8645    0.0317    0.0000
  2.  0.1570    2.982    0.8581    0.0357    0.0000
  2.  0.1430    2.762    0.8789    0.0367    0.0000
  2.  0.1300    2.542    0.9037    0.0427    0.0000
  2.  0.1160    2.316    0.9102    0.0446    0.0000
  2.  0.1060    2.144    0.8968    0.0536    0.0000
  2.  0.0960    1.971    0.8779    0.0565    0.0000
  2.  0.0790    1.660    0.8680    0.0506    0.0000
  2.  0.7710    9.147    0.7569    0.0784    0.0000
  2.  0.6640    8.494    0.6632    0.0476    0.0000
  2.  0.5430    7.623    0.7802    0.0238    0.0000
  2.  0.4720    7.026    0.7772    0.0188    0.0000
  2.  0.4040    6.390    0.7872    0.0198    0.0000
  2.  0.3370    5.677    0.7807    0.0159    0.0000
  2.  0.2900    5.118    0.8100    0.0159    0.0000
  2.  0.2570    4.693    0.8596    0.0228    0.0000
  2.  0.2330    4.370    0.8120    0.0278    0.0000
  2.  0.2020    3.916    0.8417    0.0218    0.0000
  2.  0.1750    3.500    0.8933    0.0258    0.0000
  2.  0.1610    3.267    0.9439    0.0427    0.0000
  2.  0.1460    3.021    0.9216    0.0427    0.0000
  2.  0.1210    2.579    0.8923    0.0308    0.0000
  2.  0.1080    2.334    0.9012    0.0595    0.0000
  2.  0.0980    2.141    0.8839    0.0446    0.0000
  2.  0.0880    1.960    1.0798    0.0903    0.0000
  2.  0.7890   13.363    0.7366    0.0288    0.0000
  2.  0.7010   12.528    0.7217    0.0268    0.0000
  2.  0.6210   11.693    0.7316    0.0288    0.0000
  2.  0.5500   10.858    0.7733    0.0248    0.0000
  2.  0.4690    9.804    0.7425    0.0218    0.0000
  2.  0.4160    9.062    0.7966    0.0208    0.0000
  2.  0.3610    8.198    0.8105    0.0218    0.0000
  2.  0.3080    7.304    0.8239    0.0218    0.0000
  2.  0.2730    6.682    0.8358    0.0347    0.0000
  2.  0.2510    6.264    0.8308    0.0347    0.0000
  2.  0.2240    5.711    0.8616    0.0248    0.0000
  2.  0.1960    5.136    0.8372    0.0248    0.0000
  2.  0.1710    4.594    0.9355    0.0417    0.0000
  2.  0.1530    4.176    0.8774    0.0436    0.0000
  2.  0.1340    3.718    0.8819    0.0526    0.0000
  2.  0.1180    3.341    1.0689    0.0684    0.0000
  2.  0.1050    3.005    0.9191    0.0516    0.0000
  2.  0.0860    2.506    0.8496    0.1161    0.0000
  2.  0.4640    2.009    0.8110    0.0258    0.0000
  2.  0.3880    1.826    0.8025    0.0258    0.0000
  2.  0.3240    1.644    0.8095    0.0248    0.0000
  2.  0.2680    1.461    0.8526    0.0268    0.0000
  2.  0.2190    1.278    0.8973    0.0238    0.0000
  2.  0.1770    1.096    0.8447    0.0258    0.0000
  2.  0.1390    0.913    0.8923    0.0308    0.0000
  2.  0.5860    4.080    0.7614    0.0317    0.0000
  2.  0.5030    3.740    0.7390    0.0327    0.0000
  2.  0.4140    3.319    0.7792    0.0238    0.0000
  2.  0.3660    3.060    0.8358    0.0347    0.0000
  2.  0.3180    2.779    0.8000    0.0238    0.0000
  2.  0.2840    2.570    0.8323    0.0298    0.0000
  2.  0.2560    2.380    0.8452    0.0298    0.0000
  2.  0.2330    2.218    0.8640    0.0327    0.0000
  2.  0.2090    2.040    0.9260    0.0357    0.0000
  2.  0.1880    1.878    0.8472    0.0367    0.0000
  2.  0.1560    1.618    0.8903    0.0704    0.0000
  2.  0.1270    1.360    1.0674    0.0764    0.0000
  2.  0.7110    6.623    0.7460    0.0456    0.0000
  2.  0.6320    6.183    0.7113    0.0317    0.0000
  2.  0.5600    5.742    0.7480    0.0308    0.0000
  2.  0.4940    5.299    0.7678    0.0298    0.0000
  2.  0.4340    4.857    0.7966    0.0298    0.0000
  2.  0.3660    4.308    0.7842    0.0208    0.0000
  2.  0.3320    4.011    0.7792    0.0317    0.0000
  2.  0.3060    3.777    0.7569    0.0347    0.0000
  2.  0.2810    3.535    0.7891    0.0377    0.0000
  2.  0.2590    3.319    0.8953    0.0446    0.0000
  2.  0.2370    3.095    0.8725    0.0456    0.0000
  2.  0.1960    2.650    0.9320    0.0506    0.0000
  2.  0.1580    2.211    0.8298    0.0942    0.0000
  2.  0.7810   10.849    0.7261    0.0625    0.0000
  2.  0.7140   10.246    0.6880    0.0496    0.0000
  2.  0.6510    9.646    0.7326    0.0417    0.0000
  2.  0.5910    9.043    0.7346    0.0427    0.0000
  2.  0.5350    8.440    0.7167    0.0298    0.0000
  2.  0.4830    7.837    0.7559    0.0317    0.0000
  2.  0.4330    7.234    0.8060    0.0317    0.0000
  2.  0.3860    6.631    0.7797    0.0337    0.0000
  2.  0.3420    6.029    0.8397    0.0337    0.0000
  2.  0.2870    5.236    0.8298    0.0308    0.0000
  2.  0.2600    4.823    0.8774    0.0417    0.0000
  2.  0.2100    4.027    0.8229    0.0952    0.0000
  2.  0.8720   15.981    0.9280    0.1676    0.0000
  2.  0.8090   15.220    0.8268    0.1587    0.0000
  2.  0.7500   14.459    0.6656    0.0694    0.0000
  2.  0.6940   13.698    0.6860    0.0496    0.0000
  2.  0.6400   12.937    0.6949    0.0427    0.0000
  2.  0.5890   12.176    0.7693    0.0407    0.0000
  2.  0.5400   11.415    0.7430    0.0417    0.0000
  2.  0.4930   10.654    0.7504    0.0397    0.0000
  2.  0.4480    9.893    0.8020    0.0397    0.0000
  2.  0.4050    9.132    0.7946    0.0387    0.0000
  2.  0.3640    8.371    0.8085    0.0397    0.0000
  2.  0.3160    7.444    0.8214    0.0298    0.0000
  2.  0.2860    6.849    0.8382    0.0506    0.0000
  2.  0.2490    6.088    0.9662    0.0655    0.0000
  2.  0.2140    5.327    0.8710    0.0436    0.0000
  2.  0.8540   20.078    0.8715    0.1369    0.0000
  2.  0.7990   19.165    0.7098    0.1141    0.0000
  2.  0.7460   18.251    0.7137    0.0774    0.0000
  2.  0.6680   16.816    0.7048    0.0436    0.0000
  2.  0.5990   15.504    0.6790    0.0486    0.0000
  2.  0.5540   14.591    0.7128    0.0466    0.0000
  2.  0.5100   13.681    0.7539    0.0506    0.0000
  2.  0.4680   12.761    0.7643    0.0387    0.0000
  2.  0.4280   11.862    0.7366    0.0387    0.0000
  2.  0.3890   10.960    0.7376    0.0436    0.0000
  2.  0.3490   10.021    0.7614    0.0466    0.0000
  2.  0.3130    9.133    0.8263    0.0526    0.0000
  2.  0.2780    8.220    0.8571    0.0625    0.0000
  2.  0.2430    7.306    0.9389    0.0942    0.0000
  2.  0.5470    2.772    0.7872    0.0337    0.0000
  2.  0.4530    2.464    0.7544    0.0317    0.0000
  2.  0.3700    2.156    0.8422    0.0397    0.0000
  2.  0.2980    1.848    0.8462    0.0357    0.0000
  2.  0.2340    1.540    0.8893    0.0367    0.0000
  2.  0.6700    4.471    0.6949    0.0357    0.0000
  2.  0.5560    3.974    0.7653    0.0337    0.0000
  2.  0.4570    3.477    0.7936    0.0317    0.0000
  2.  0.3690    2.980    0.7906    0.0337    0.0000
  2.  0.2900    2.484    0.8382    0.0317    0.0000
  2.  0.2200    1.987    0.8214    0.0982    0.0000
  2.  0.7680    7.443    0.7103    0.0665    0.0000
  2.  0.6660    6.767    0.7787    0.0456    0.0000
  2.  0.5730    6.090    0.7167    0.0367    0.0000
  2.  0.4880    5.413    0.7331    0.0377    0.0000
  2.  0.4100    4.739    0.7713    0.0377    0.0000
  2.  0.3320    4.006    0.8427    0.0417    0.0000
  2.  0.7810   10.277    0.7643    0.1478    0.0000
  2.  0.6910    9.421    0.7420    0.1022    0.0000
  2.  0.6070    8.565    0.6914    0.0774    0.0000
  2.  0.5290    7.708    0.7306    0.0585    0.0000
  2.  0.4560    6.852    0.7123    0.0516    0.0000
  2.  0.3870    5.995    0.7559    0.0496    0.0000
  2.  0.3220    5.139    0.7911    0.0446    0.0000
  2.  0.8000   13.918    1.0848    0.2272    0.0000
  2.  0.7190   12.847    0.7480    0.1141    0.0000
  2.  0.6420   11.777    0.7207    0.0754    0.0000
  2.  0.5690   10.706    0.7103    0.0684    0.0000
  2.  0.5000    9.635    0.6949    0.0536    0.0000
  2.  0.4340    8.565    0.8551    0.0526    0.0000
  2.  0.3710    7.494    0.7113    0.0536    0.0000
  2.  0.7560   16.691    0.6889    0.1389    0.0000
  2.  0.6830   15.407    0.7192    0.0883    0.0000
  2.  0.6140   14.123    0.7911    0.0694    0.0000
  2.  0.5470   12.839    0.6884    0.0744    0.0000
  2.  0.4820   11.555    0.8273    0.0813    0.0000
  2.  0.4210   10.271    0.8085    0.0913    0.0000
  3.  0.4290    1.739    0.7996    0.0089    0.0060
  3.  0.3770    1.714    0.8189    0.0079    0.0060
  3.  0.3270    1.682    0.8278    0.0079    0.0060
  3.  0.2770    1.642    0.8323    0.0079    0.0060
  3.  0.2370    1.599    0.8571    0.0089    0.0060
  3.  0.1760    1.504    0.8819    0.0079    0.0060
  3.  0.1240    1.376    0.9102    0.0099    0.0060
  3.  0.1020    1.292    0.9112    0.0109    0.0060
  3.  0.0840    1.203    0.9369    0.0159    0.0060
  3.  0.0680    1.107    0.9231    0.0139    0.0060
  3.  0.3740    1.404    0.8377    0.0099    0.0060
  3.  0.3220    1.380    0.8308    0.0089    0.0060
  3.  0.2720    1.348    0.8427    0.0089    0.0060
  3.  0.2210    1.303    0.8516    0.0089    0.0060
  3.  0.1770    1.248    0.8913    0.0099    0.0060
  3.  0.1240    1.147    0.9245    0.0139    0.0060
  3.  0.1000    1.077    0.9082    0.0139    0.0060
  3.  0.0810    1.002    0.9265    0.0139    0.0060
  3.  0.0650    0.921    0.9290    0.0139    0.0060
  3.  0.3150    1.102    0.8616    0.0089    0.0060
  3.  0.2660    1.078    0.8506    0.0079    0.0060
  3.  0.2180    1.047    0.8720    0.0079    0.0060
  3.  0.1670    0.998    0.8873    0.0079    0.0060
  3.  0.1250    0.936    0.9161    0.0129    0.0060
  3.  0.0970    0.874    0.9156    0.0149    0.0060
  3.  0.0770    0.811    0.9553    0.0149    0.0060
  3.  0.2280    0.716    0.9102    0.0079    0.0060
  3.  0.1810    0.692    0.9072    0.0079    0.0060
  3.  0.1360    0.657    0.9082    0.0089    0.0060
  3.  0.1020    0.617    0.9265    0.0099    0.0060
  3.  0.0820    0.581    0.9384    0.0109    0.0060
  4.  0.7480   11.773    0.6949    0.0456    0.0110
  4.  0.7020   11.422    0.7088    0.0248    0.0110
  4.  0.6470   10.975    0.7212    0.0159    0.0110
  4.  0.6040   10.594    0.7182    0.0119    0.0110
  4.  0.5520   10.101    0.7366    0.0208    0.0110
  4.  0.4980    9.544    0.7609    0.0218    0.0110
  4.  0.4480    8.976    0.7519    0.0218    0.0110
  4.  0.4060    8.450    0.7415    0.0228    0.0110
  4.  0.3680    7.942    0.7827    0.0228    0.0110
  4.  0.3340    7.463    0.8164    0.0179    0.0110
  4.  0.3130    7.142    0.8065    0.0317    0.0110
  4.  0.7860    9.051    0.6979    0.0198    0.0110
  4.  0.7360    8.806    0.7172    0.0179    0.0110
  4.  0.6810    8.514    0.7033    0.0228    0.0110
  4.  0.6300    8.219    0.7301    0.0268    0.0110
  4.  0.5770    7.883    0.7291    0.0238    0.0110
  4.  0.5280    7.542    0.7648    0.0208    0.0110
  4.  0.4740    7.134    0.7599    0.0188    0.0110
  4.  0.4270    6.735    0.7961    0.0188    0.0110
  4.  0.3820    6.314    0.8219    0.0188    0.0110
  4.  0.3520    6.013    0.7802    0.0308    0.0110
  4.  0.7300    6.556    0.6894    0.0248    0.0110
  4.  0.6790    6.375    0.7366    0.0218    0.0110
  4.  0.6250    6.159    0.7113    0.0248    0.0110
  4.  0.5680    5.911    0.7172    0.0258    0.0110
  4.  0.5110    5.631    0.7648    0.0248    0.0110
  4.  0.4590    5.345    0.7718    0.0238    0.0110
  4.  0.4160    5.089    0.7480    0.0298    0.0110
  4.  0.3840    4.877    0.7976    0.1399    0.0110
  4.  0.6460    4.357    0.7490    0.0169    0.0110
  4.  0.5950    4.228    0.7509    0.0139    0.0110
  4.  0.5430    4.080    0.7380    0.0119    0.0110
  4.  0.5060    3.963    0.7673    0.0327    0.0110
  4.  0.8700   18.657    0.8194    0.0317    0.0110
  4.  0.8250   18.098    0.7351    0.0268    0.0110
  4.  0.7700   17.379    0.7599    0.0278    0.0110
  4.  0.7200   16.674    0.7147    0.0268    0.0110
  4.  0.6680   15.916    0.6974    0.0258    0.0110
  4.  0.6150   15.091    0.6865    0.0238    0.0110
  4.  0.5650   14.255    0.7073    0.0248    0.0110
  4.  0.5170   13.421    0.7321    0.0248    0.0110
  4.  0.4710   12.581    0.7415    0.0258    0.0110
  4.  0.4370   11.905    0.7738    0.0327    0.0110
  4.  0.4120   11.417    0.6007    0.1329    0.0110
  4.  0.8560   15.909    0.8313    0.0288    0.0110
  4.  0.8070   15.401    0.7346    0.0248    0.0110
  4.  0.7540   14.808    0.7142    0.0278    0.0110
  4.  0.7000   14.180    0.7103    0.0258    0.0110
  4.  0.6490   13.540    0.7440    0.0248    0.0110
  4.  0.6000   12.883    0.7594    0.0248    0.0110
  4.  0.5450   12.108    0.7385    0.0228    0.0110
  4.  0.4910   11.301    0.7628    0.0179    0.0110
  4.  0.4560   10.738    0.7723    0.0119    0.0110
  4.  0.4320   10.341    0.7232    0.0427    0.0110
  4.  0.8210   11.894    0.7693    0.0397    0.0110
  4.  0.7740   11.539    0.7137    0.0278    0.0110
  4.  0.7240   11.130    0.6756    0.0288    0.0110
  4.  0.6680   10.641    0.7256    0.0268    0.0110
  4.  0.6170   10.166    0.7098    0.0258    0.0110
  4.  0.5660    9.656    0.7252    0.0238    0.0110
  4.  0.5140    9.093    0.7152    0.0248    0.0110
  4.  0.4790    8.695    0.8005    0.0665    0.0110
  4.  0.7800    8.814    0.7351    0.0258    0.0110
  4.  0.7270    8.513    0.7043    0.0228    0.0110
  4.  0.6720    8.179    0.7053    0.0218    0.0110
  4.  0.6210    7.848    0.7043    0.0198    0.0110
  4.  0.5730    7.505    0.7455    0.0278    0.0110
  4.  0.5370    7.233    0.6865    0.0823    0.0110
  4.  0.8800   20.481    0.8348    0.0446    0.0110
  4.  0.8320   19.697    0.7787    0.0337    0.0110
  4.  0.7800   18.814    0.7420    0.0327    0.0110
  4.  0.7300   17.934    0.6979    0.0347    0.0110
  4.  0.6760   16.950    0.7440    0.0317    0.0110
  4.  0.6170   15.822    0.7088    0.0288    0.0110
  4.  0.5660   14.811    0.7341    0.0317    0.0110
  4.  0.5220   13.896    0.7529    0.0327    0.0110
  4.  0.4830   13.069    0.7648    0.0337    0.0110
  4.  0.4600   12.579    0.7217    0.0704    0.0110
  4.  0.8510   15.700    0.8159    0.0347    0.0110
  4.  0.8040   15.114    0.7271    0.0258    0.0110
  4.  0.7530   14.467    0.7232    0.0258    0.0110
  4.  0.6960   13.698    0.6865    0.0298    0.0110
  4.  0.6410   12.925    0.7252    0.0278    0.0110
  4.  0.5890   12.152    0.7440    0.0258    0.0110
  4.  0.5380   11.373    0.7311    0.0288    0.0110
  4.  0.4940   10.661    0.7762    0.0387    0.0110
  4.  0.8140   11.096    0.7227    0.0377    0.0110
  4.  0.7690   10.717    0.6865    0.0397    0.0110
  4.  0.7130   10.215    0.7326    0.0327    0.0110
  4.  0.6500    9.617    0.7222    0.0288    0.0110
  4.  0.5910    9.017    0.7693    0.0288    0.0110
  4.  0.5350    8.410    0.7400    0.0308    0.0110
  4.  0.7360    6.731    0.7137    0.0228    0.0110
  4.  0.6870    6.471    0.7073    0.0278    0.0110
  4.  0.6350    6.182    0.7137    0.0317    0.0110
  4.  0.6000    5.972    0.8015    0.1528    0.0110
  4.  0.8310   17.948    0.7619    0.0684    0.0110
  4.  0.7560   16.666    0.6984    0.0436    0.0110
  4.  0.6830   15.384    0.7326    0.0377    0.0110
  4.  0.6130   14.102    0.7500    0.0367    0.0110
  4.  0.5460   12.820    0.7212    0.0377    0.0110
  4.  0.8000   13.883    0.7147    0.0427    0.0110
  4.  0.7190   12.815    0.7137    0.0347    0.0110
  4.  0.6420   11.747    0.6979    0.0347    0.0110
  4.  0.5690   10.679    0.7619    0.0357    0.0110
  4.  0.7810   10.252    0.7291    0.0407    0.0110
  4.  0.6910    9.398    0.7514    0.0347    0.0110
  4.  0.6070    8.543    0.6870    0.0357    0.0110
  4.  0.5290    7.689    0.7574    0.0466    0.0110
  5.  0.8930   30.091    1.2941    0.0942    0.0060
  5.  0.8440   28.583    0.8854    0.0526    0.0060
  5.  0.7880   26.790    0.7951    0.0397    0.0060
  5.  0.7250   24.815    0.7628    0.0456    0.0060
  5.  0.6670   22.919    0.7509    0.0387    0.0060
  5.  0.6200   21.419    0.7405    0.0456    0.0060
  5.  0.5850   20.267    0.6726    0.0962    0.0060
  5.  0.8800   23.944    0.9240    0.0635    0.0060
  5.  0.8400   22.962    0.8154    0.0536    0.0060
  5.  0.7850   21.587    0.7316    0.0476    0.0060
  5.  0.7290   20.168    0.7752    0.0436    0.0060
  5.  0.6750   18.784    0.7698    0.0456    0.0060
  5.  0.6330   17.702    0.7004    0.0556    0.0060
  5.  0.5950   16.706    0.5664    0.1855    0.0060
  5.  0.8750   19.421    0.7455    0.0665    0.0060
  5.  0.8270   18.469    0.7981    0.0516    0.0060
  5.  0.7750   17.412    0.7266    0.0486    0.0060
  5.  0.7220   16.332    0.7961    0.0506    0.0060
  5.  0.6710   15.289    0.7371    0.0585    0.0060
  5.  0.6270   14.360    0.6726    0.0635    0.0060
  5.  0.5820   13.413    0.7519    0.0883    0.0060
  5.  0.5520   12.776    0.6939    0.1409    0.0060
  5.  0.8420   14.263    0.8546    0.0754    0.0060
  5.  0.7910   13.512    0.7271    0.0516    0.0060
  5.  0.7360   12.679    0.6984    0.0526    0.0060
  5.  0.6830   11.870    0.6746    0.0466    0.0060
  5.  0.6340   11.103    0.7271    0.0456    0.0060
  5.  0.5910   10.414    0.7132    0.0476    0.0060
  5.  0.5450    9.677    0.7385    0.0575    0.0060
  5.  0.5070    9.072    0.8685    0.1260    0.0060
  5.  0.7610    7.612    0.7023    0.0258    0.0060
  5.  0.7040    7.132    0.6924    0.0238    0.0060
  5.  0.6550    6.714    0.6924    0.0208    0.0060
  5.  0.6110    6.333    0.7326    0.0248    0.0060
  5.  0.5660    5.935    0.7128    0.0397    0.0060
  5.  0.5350    5.652    0.9032    0.1151    0.0060
  5.  0.7110   23.730    0.6413    0.0942    0.0060
  5.  0.6570   22.087    0.6875    0.0436    0.0060
  5.  0.6090   20.590    0.8144    0.0456    0.0060
  5.  0.5680   19.317    0.7852    0.0436    0.0060
  5.  0.5220   17.846    0.8348    0.0496    0.0060
  5.  0.4760   16.370    0.8139    0.0595    0.0060
  5.  0.4340   14.994    0.8427    0.0942    0.0060
  5.  0.7260   19.475    0.9007    0.1230    0.0060
  5.  0.6730   18.202    0.7073    0.0615    0.0060
  5.  0.6170   16.825    0.7514    0.0714    0.0060
  5.  0.5760   15.795    0.7167    0.0684    0.0060
  5.  0.5260   14.525    0.8100    0.0684    0.0060
  5.  0.4710   13.117    0.7420    0.0694    0.0060
  5.  0.4320   12.103    0.8898    0.0883    0.0060
  5.  0.4050   11.394    0.9702    0.1081    0.0060
  5.  0.3770   10.663    1.1076    0.4960    0.0060
  5.  0.7360   16.305    0.6651    0.1458    0.0060
  5.  0.6970   15.541    0.6185    0.0923    0.0060
  5.  0.6470   14.558    0.7306    0.0754    0.0060
  5.  0.5930   13.467    0.7073    0.0923    0.0060
  5.  0.5490   12.558    0.7108    0.0923    0.0060
  5.  0.5050   11.649    0.7614    0.0804    0.0060
  5.  0.4620   10.739    0.7817    0.0655    0.0060
  5.  0.4300   10.058    0.7867    0.0863    0.0060
  5.  0.4050    9.515    0.7772    0.1488    0.0060
  5.  0.7240    7.481    0.5054    0.1349    0.0060
  5.  0.6780    7.101    0.8318    0.0873    0.0060
  5.  0.6220    6.619    0.7509    0.0794    0.0060
  5.  0.5680    6.152    0.7311    0.0655    0.0060
  5.  0.5240    5.748    0.7519    0.0714    0.0060
  5.  0.4830    5.374    0.7971    0.0625    0.0060
  5.  0.4420    4.977    0.6909    0.0556    0.0060
  5.  0.4020    4.583    0.7544    0.0496    0.0060
  5.  0.3630    4.193    0.7450    0.0427    0.0060
  5.  0.3290    3.850    0.6632    0.0883    0.0060
  6.  0.4200    1.681    0.8045    0.0109    0.0040
  6.  0.3640    1.641    0.7872    0.0179    0.0040
  6.  0.3240    1.606    0.8179    0.0188    0.0040
  6.  0.2130    1.457    0.8735    0.0169    0.0040
  6.  0.1340    1.256    0.8918    0.0188    0.0040
  6.  0.0820    1.019    0.9280    0.0149    0.0040
  6.  0.0630    0.887    0.9330    0.0169    0.0040
  6.  0.5190    2.377    0.7247    0.0347    0.0040
  6.  0.4480    2.320    0.7767    0.0278    0.0040
  6.  0.4040    2.277    0.8025    0.0208    0.0040
  6.  0.3440    2.206    0.8794    0.0169    0.0040
  6.  0.2810    2.105    0.8447    0.0109    0.0040
  6.  0.2290    1.993    0.8561    0.0159    0.0040
  6.  0.1870    1.869    0.8794    0.0139    0.0040
  6.  0.1520    1.736    0.8943    0.0129    0.0040
  6.  0.1230    1.592    0.9126    0.0119    0.0040
  6.  0.0780    1.272    0.9236    0.0149    0.0040
  6.  0.6010    3.502    0.7177    0.0179    0.0040
  6.  0.5480    3.449    0.7638    0.0179    0.0040
  6.  0.4930    3.384    0.7519    0.0179    0.0040
  6.  0.4400    3.310    0.7693    0.0139    0.0040
  6.  0.3720    3.189    0.8085    0.0119    0.0040
  6.  0.3130    3.055    0.8283    0.0119    0.0040
  6.  0.2490    2.852    0.8368    0.0109    0.0040
  6.  0.1850    2.576    0.8854    0.0159    0.0040
  6.  0.1530    2.391    0.8730    0.0179    0.0040
  6.  0.1270    2.193    0.9007    0.0208    0.0040
  6.  0.1030    1.983    0.9017    0.0139    0.0040
  6.  0.0830    1.759    0.9250    0.0159    0.0040
  6.  0.0660    1.523    0.8983    0.0298    0.0040
  6.  0.7470    7.319    0.7167    0.0169    0.0040
  6.  0.7030    7.144    0.7103    0.0119    0.0040
  6.  0.6590    6.955    0.7078    0.0119    0.0040
  6.  0.6160    6.757    0.7266    0.0129    0.0040
  6.  0.5360    6.341    0.7495    0.0119    0.0040
  6.  0.4260    5.648    0.7663    0.0089    0.0040
  6.  0.3530    5.090    0.8070    0.0089    0.0040
  6.  0.2630    4.252    0.8482    0.0139    0.0040
  6.  0.1740    3.198    0.8586    0.0238    0.0040
  6.  0.8040   10.125    0.7351    0.0159    0.0040
  6.  0.7590    9.881    0.7103    0.0159    0.0040
  6.  0.6900    9.471    0.7266    0.0179    0.0040
  6.  0.6070    8.912    0.7261    0.0139    0.0040
  6.  0.5290    8.314    0.7336    0.0139    0.0040
  6.  0.4210    7.332    0.7748    0.0139    0.0040
  6.  0.3500    6.558    0.7872    0.0159    0.0040
  6.  0.2620    5.416    0.8447    0.0149    0.0040
  6.  0.1740    4.018    0.8923    0.0218    0.0040
  6.  0.8200   13.904    0.7281    0.0258    0.0040
  6.  0.7870   13.641    0.7018    0.0218    0.0040
  6.  0.7490   13.318    0.7132    0.0159    0.0040
  6.  0.6750   12.643    0.7142    0.0149    0.0040
  6.  0.5960   11.844    0.7028    0.0169    0.0040
  6.  0.5210   10.978    0.7430    0.0159    0.0040
  6.  0.4150    9.576    0.7713    0.0139    0.0040
  6.  0.5190    2.501    0.7812    0.0089    0.0040
  6.  0.4850    2.435    0.7976    0.0159    0.0040
  6.  0.4210    2.291    0.7906    0.0129    0.0040
  6.  0.3260    2.028    0.8189    0.0109    0.0040
  6.  0.2430    1.727    0.8358    0.0119    0.0040
  6.  0.1730    1.395    0.8997    0.0159    0.0040
  6.  0.7200    6.037    0.7177    0.0268    0.0040
  6.  0.6510    5.775    0.7271    0.0436    0.0040
  6.  0.6140    5.621    0.7351    0.0367    0.0040
  6.  0.5440    5.303    0.7380    0.0258    0.0040
  6.  0.4320    4.693    0.7673    0.0278    0.0040
  6.  0.3580    4.208    0.7852    0.0188    0.0040
  6.  0.2670    3.488    0.8611    0.0169    0.0040
  6.  0.1760    2.598    0.9022    0.0228    0.0040
  6.  0.7910    9.224    0.7013    0.0208    0.0040
  6.  0.7470    8.979    0.7197    0.0258    0.0040
  6.  0.6900    8.633    0.7103    0.0149    0.0040
  6.  0.6090    8.098    0.6999    0.0179    0.0040
  6.  0.5330    7.521    0.7549    0.0139    0.0040
  6.  0.4240    6.571    0.7718    0.0169    0.0040
  6.  0.3530    5.836    0.8110    0.0179    0.0040
  6.  0.2640    4.773    0.8417    0.0198    0.0040
  6.  0.1760    3.500    0.8690    0.0258    0.0040
  6.  0.8180   12.404    0.7113    0.0268    0.0040
  6.  0.7620   11.955    0.6934    0.0169    0.0040
  6.  0.6780   11.236    0.7083    0.0169    0.0040
  6.  0.5990   10.475    0.7177    0.0139    0.0040
  6.  0.5230    9.656    0.7395    0.0179    0.0040
  6.  0.4170    8.349    0.7901    0.0149    0.0040
  6.  0.3470    7.355    0.7946    0.0188    0.0040
  6.  0.2590    5.941    0.8377    0.0198    0.0040
  6.  0.1720    4.290    0.8933    0.0258    0.0040
  6.  0.8650   17.103    0.6850    0.0605    0.0040
  6.  0.8070   16.460    0.7008    0.0327    0.0040
  6.  0.7420   15.706    0.7113    0.0288    0.0040
  6.  0.6700   14.778    0.7023    0.0238    0.0040
  6.  0.5920   13.694    0.7256    0.0198    0.0040
  6.  0.5170   12.547    0.7271    0.0208    0.0040
  6.  0.4130   10.743    0.7614    0.0228    0.0040
  6.  0.3430    9.391    0.8090    0.0218    0.0040
  6.  0.2570    7.502    0.8581    0.0258    0.0040
  6.  0.1710    5.350    0.8809    0.0298    0.0040
  6.  0.8600   19.106    0.8372    0.0446    0.0040
  6.  0.8060   18.359    0.7633    0.0317    0.0040
  6.  0.7400   17.398    0.7157    0.0367    0.0040
  7.  0.0015    0.160    0.9825    0.0235    0.0050
  7.  0.0015    0.250    1.0040    0.0250    0.0050
  7.  0.0015    0.350    0.9685    0.0242    0.0050
  7.  0.0015    0.450    1.0340    0.0313    0.0050
  7.  0.0015    0.600    0.9922    0.0216    0.0050
  7.  0.0030    0.170    1.0090    0.0284    0.0050
  7.  0.0030    0.250    0.9834    0.0181    0.0050
  7.  0.0030    0.350    0.9835    0.0181    0.0050
  7.  0.0030    0.450    0.9746    0.0167    0.0050
  7.  0.0030    0.630    0.9714    0.0135    0.0050
  7.  0.0030    0.880    0.9931    0.0132    0.0050
  7.  0.0030    1.120    0.9969    0.0141    0.0050
  7.  0.0050    0.160    1.0060    0.0613    0.0050
  7.  0.0050    0.250    1.0010    0.0253    0.0050
  7.  0.0050    0.350    1.0150    0.0210    0.0050
  7.  0.0050    0.450    0.9955    0.0179    0.0050
  7.  0.0050    0.610    0.9805    0.0134    0.0050
  7.  0.0050    0.880    0.9976    0.0161    0.0050
  7.  0.0050    1.130    0.9903    0.0143    0.0050
  7.  0.0050    1.380    0.9969    0.0133    0.0050
  7.  0.0050    1.710    0.9852    0.0111    0.0050
  7.  0.0080    0.160    0.9827    0.0559    0.0050
  7.  0.0080    0.250    1.0120    0.0249    0.0050
  7.  0.0080    0.350    1.0003    0.0215    0.0050
  7.  0.0080    0.450    1.0210    0.0180    0.0050
  7.  0.0080    0.640    0.9628    0.0102    0.0050
  7.  0.0080    0.860    0.9785    0.0100    0.0050
  7.  0.0080    1.120    0.9652    0.0107    0.0050
  7.  0.0080    1.370    0.9724    0.0113    0.0050
  7.  0.0080    1.750    0.9901    0.0086    0.0050
  7.  0.0080    2.240    0.9760    0.0091    0.0050
  7.  0.0080    2.730    0.9847    0.0108    0.0050
  7.  0.0080    3.460    0.9934    0.0149    0.0050
  7.  0.0125    0.160    0.9693    0.0565    0.0050
  7.  0.0125    0.260    1.0090    0.0320    0.0050
  7.  0.0125    0.350    0.9540    0.0246    0.0050
  7.  0.0125    0.450    0.9700    0.0213    0.0050
  7.  0.0125    0.620    0.9882    0.0131    0.0050
  7.  0.0125    0.880    0.9690    0.0115    0.0050
  7.  0.0125    1.120    0.9634    0.0102    0.0050
  7.  0.0125    1.370    0.9807    0.0106    0.0050
  7.  0.0125    1.740    0.9757    0.0080    0.0050
  7.  0.0125    2.230    0.9748    0.0097    0.0050
  7.  0.0125    2.740    0.9823    0.0106    0.0050
  7.  0.0125    3.460    0.9854    0.0091    0.0050
  7.  0.0125    4.470    0.9744    0.0107    0.0050
  7.  0.0125    5.410    0.9831    0.0149    0.0050
  7.  0.0175    0.250    0.9583    0.0426    0.0050
  7.  0.0175    0.350    0.9757    0.0311    0.0050
  7.  0.0175    0.450    1.0080    0.0268    0.0050
  7.  0.0175    0.620    0.9949    0.0164    0.0050
  7.  0.0175    0.880    0.9655    0.0162    0.0050
  7.  0.0175    1.120    0.9695    0.0136    0.0050
  7.  0.0175    1.370    0.9844    0.0124    0.0050
  7.  0.0175    1.750    0.9935    0.0088    0.0050
  7.  0.0175    2.240    0.9773    0.0092    0.0050
  7.  0.0175    2.730    0.9690    0.0103    0.0050
  7.  0.0175    3.480    0.9771    0.0096    0.0050
  7.  0.0175    4.470    0.9726    0.0107    0.0050
  7.  0.0175    5.490    0.9827    0.0148    0.0050
  7.  0.0175    6.830    0.9952    0.0115    0.0050
  7.  0.0250    0.260    0.9502    0.0401    0.0050
  7.  0.0250    0.350    0.9611    0.0307    0.0050
  7.  0.0250    0.450    0.9417    0.0335    0.0050
  7.  0.0250    0.620    0.9630    0.0138    0.0050
  7.  0.0250    0.860    0.9595    0.0162    0.0050
  7.  0.0250    1.130    0.9641    0.0131    0.0050
  7.  0.0250    1.370    0.9859    0.0112    0.0050
  7.  0.0250    1.740    0.9812    0.0081    0.0050
  7.  0.0250    2.240    0.9687    0.0076    0.0050
  7.  0.0250    2.740    0.9591    0.0080    0.0050
  7.  0.0250    3.450    0.9800    0.0070    0.0050
  7.  0.0250    4.470    0.9774    0.0089    0.0050
  7.  0.0250    5.480    0.9602    0.0103    0.0050
  7.  0.0250    6.920    0.9903    0.0092    0.0050
  7.  0.0250    8.920    0.9748    0.0112    0.0050
  7.  0.0350    0.360    0.9567    0.0398    0.0050
  7.  0.0350    0.450    0.9273    0.0373    0.0050
  7.  0.0350    0.640    0.9317    0.0225    0.0050
  7.  0.0350    0.860    0.9628    0.0188    0.0050
  7.  0.0350    1.130    0.9733    0.0190    0.0050
  7.  0.0350    1.380    0.9643    0.0146    0.0050
  7.  0.0350    1.740    0.9564    0.0097    0.0050
  7.  0.0350    2.240    0.9582    0.0094    0.0050
  7.  0.0350    2.740    0.9776    0.0094    0.0050
  7.  0.0350    3.460    0.9575    0.0075    0.0050
  7.  0.0350    4.450    0.9621    0.0093    0.0050
  7.  0.0350    5.470    0.9679    0.0116    0.0050
  7.  0.0350    6.920    0.9827    0.0105    0.0050
  7.  0.0350    8.960    0.9696    0.0121    0.0050
  7.  0.0350   11.450    0.9582    0.0113    0.0050
  7.  0.0350   14.360    0.9448    0.0156    0.0050
  7.  0.0500    0.460    0.9110    0.0458    0.0050
  7.  0.0500    0.610    0.9549    0.0234    0.0050
  7.  0.0500    0.880    0.9213    0.0234    0.0050
  7.  0.0500    1.130    0.9748    0.0174    0.0050
  7.  0.0500    1.370    0.9409    0.0149    0.0050
  7.  0.0500    1.740    0.9542    0.0100    0.0050
  7.  0.0500    2.250    0.9536    0.0084    0.0050
  7.  0.0500    2.740    0.9652    0.0083    0.0050
  7.  0.0500    3.460    0.9607    0.0063    0.0050
  7.  0.0500    4.460    0.9561    0.0074    0.0050
  7.  0.0500    5.460    0.9587    0.0090    0.0050
  7.  0.0500    6.900    0.9692    0.0080    0.0050
  7.  0.0500    8.930    0.9588    0.0103    0.0050
  7.  0.0500   11.440    0.9542    0.0093    0.0050
  7.  0.0500   14.820    0.9708    0.0094    0.0050
  7.  0.0500   19.190    0.9645    0.0126    0.0050
  7.  0.0700    0.680    0.9497    0.0467    0.0050
  7.  0.0700    0.860    0.9605    0.0365    0.0050
  7.  0.0700    1.110    1.0020    0.0546    0.0050
  7.  0.0700    1.380    0.9820    0.0203    0.0050
  7.  0.0700    1.740    0.9720    0.0124    0.0050
  7.  0.0700    2.240    0.9486    0.0120    0.0050
  7.  0.0700    2.750    0.9458    0.0105    0.0050
  7.  0.0700    3.470    0.9495    0.0076    0.0050
  7.  0.0700    4.470    0.9379    0.0086    0.0050
  7.  0.0700    5.470    0.9459    0.0102    0.0050
  7.  0.0700    6.910    0.9376    0.0089    0.0050
  7.  0.0700    8.910    0.9403    0.0113    0.0050
  7.  0.0700   11.400    0.9337    0.0114    0.0050
  7.  0.0700   14.890    0.9441    0.0110    0.0050
  7.  0.0700   19.630    0.9380    0.0111    0.0050
  7.  0.0700   26.070    0.9602    0.0165    0.0050
  7.  0.0900    0.900    0.9688    0.0563    0.0050
  7.  0.0900    1.110    0.9360    0.0579    0.0050
  7.  0.0900    1.380    0.9394    0.0302    0.0050
  7.  0.0900    1.760    0.9422    0.0152    0.0050
  7.  0.0900    2.240    0.9322    0.0149    0.0050
  7.  0.0900    2.750    0.9454    0.0134    0.0050
  7.  0.0900    3.490    0.9369    0.0091    0.0050
  7.  0.0900    4.470    0.9406    0.0097    0.0050
  7.  0.0900    5.460    0.9429    0.0114    0.0050
  7.  0.0900    6.910    0.9254    0.0101    0.0050
  7.  0.0900    8.920    0.9227    0.0125    0.0050
  7.  0.0900   11.370    0.9263    0.0126    0.0050
  7.  0.0900   14.870    0.9300    0.0126    0.0050
  7.  0.0900   19.740    0.9328    0.0123    0.0050
  7.  0.0900   26.360    0.9564    0.0155    0.0050
  7.  0.0900   34.740    0.9242    0.0241    0.0050
  7.  0.1100    1.130    0.9273    0.0738    0.0050
  7.  0.1100    1.380    0.9014    0.0342    0.0050
  7.  0.1100    1.750    0.9236    0.0186    0.0050
  7.  0.1100    2.240    0.9159    0.0168    0.0050
  7.  0.1100    2.740    0.9301    0.0167    0.0050
  7.  0.1100    3.490    0.9214    0.0108    0.0050
  7.  0.1100    4.470    0.9123    0.0110    0.0050
  7.  0.1100    5.460    0.9418    0.0126    0.0050
  7.  0.1100    6.900    0.9300    0.0111    0.0050
  7.  0.1100    8.920    0.9275    0.0138    0.0050
  7.  0.1100   11.370    0.9272    0.0137    0.0050
  7.  0.1100   14.850    0.9281    0.0141    0.0050
  7.  0.1100   19.740    0.9132    0.0137    0.0050
  7.  0.1100   26.520    0.9281    0.0159    0.0050
  7.  0.1100   35.320    0.9059    0.0231    0.0050
  7.  0.1100   44.940    0.9048    0.0383    0.0050
  7.  0.1400    1.400    0.9149    0.0342    0.0050
  7.  0.1400    1.750    0.9436    0.0157    0.0050
  7.  0.1400    2.240    0.9065    0.0144    0.0050
  7.  0.1400    2.740    0.9232    0.0139    0.0050
  7.  0.1400    3.470    0.8975    0.0104    0.0050
  7.  0.1400    4.480    0.9141    0.0098    0.0050
  7.  0.1400    5.470    0.9251    0.0105    0.0050
  7.  0.1400    6.900    0.9221    0.0090    0.0050
  7.  0.1400    8.920    0.9156    0.0111    0.0050
  7.  0.1400   11.370    0.8990    0.0110    0.0050
  7.  0.1400   14.840    0.9077    0.0113    0.0050
  7.  0.1400   19.760    0.9027    0.0110    0.0050
  7.  0.1400   26.550    0.8933    0.0124    0.0050
  7.  0.1400   35.280    0.9059    0.0165    0.0050
  7.  0.1400   46.950    0.8461    0.0226    0.0050
  7.  0.1800    1.820    0.8868    0.0224    0.0050
  7.  0.1800    2.240    0.8790    0.0172    0.0050
  7.  0.1800    2.750    0.9182    0.0168    0.0050
  7.  0.1800    3.470    0.8992    0.0122    0.0050
  7.  0.1800    4.470    0.8820    0.0135    0.0050
  7.  0.1800    5.490    0.9143    0.0134    0.0050
  7.  0.1800    6.920    0.8878    0.0108    0.0050
  7.  0.1800    8.930    0.8631    0.0127    0.0050
  7.  0.1800   11.370    0.8685    0.0127    0.0050
  7.  0.1800   14.850    0.8796    0.0131    0.0050
  7.  0.1800   19.750    0.8629    0.0126    0.0050
  7.  0.1800   26.610    0.8693    0.0141    0.0050
  7.  0.1800   35.370    0.8650    0.0178    0.0050
  7.  0.1800   47.010    0.8724    0.0232    0.0050
  7.  0.1800   63.040    0.8979    0.0332    0.0050
  7.  0.2250    2.280    0.8561    0.0211    0.0050
  7.  0.2250    2.740    0.8770    0.0191    0.0050
  7.  0.2250    3.480    0.8723    0.0130    0.0050
  7.  0.2250    4.470    0.8711    0.0143    0.0050
  7.  0.2250    5.470    0.8453    0.0165    0.0050
  7.  0.2250    6.970    0.8616    0.0121    0.0050
  7.  0.2250    8.930    0.8472    0.0135    0.0050
  7.  0.2250   11.380    0.8543    0.0133    0.0050
  7.  0.2250   14.850    0.8558    0.0138    0.0050
  7.  0.2250   19.740    0.8626    0.0132    0.0050
  7.  0.2250   26.640    0.8660    0.0147    0.0050
  7.  0.2250   35.420    0.8679    0.0180    0.0050
  7.  0.2250   46.950    0.8351    0.0224    0.0050
  7.  0.2250   63.230    0.8226    0.0302    0.0050
  7.  0.2750    2.780    0.8227    0.0261    0.0050
  7.  0.2750    3.460    0.8646    0.0189    0.0050
  7.  0.2750    4.470    0.8551    0.0170    0.0050
  7.  0.2750    5.470    0.8514    0.0195    0.0050
  7.  0.2750    6.890    0.8310    0.0173    0.0050
  7.  0.2750    8.940    0.8385    0.0163    0.0050
  7.  0.2750   11.370    0.8210    0.0158    0.0050
  7.  0.2750   14.870    0.8467    0.0162    0.0050
  7.  0.2750   19.740    0.8277    0.0155    0.0050
  7.  0.2750   26.600    0.8342    0.0169    0.0050
  7.  0.2750   35.430    0.8328    0.0204    0.0050
  7.  0.2750   46.980    0.8452    0.0254    0.0050
  7.  0.2750   63.480    0.8112    0.0328    0.0050
  7.  0.2750   90.680    0.8035    0.0435    0.0050
  7.  0.3500    3.570    0.8213    0.0216    0.0050
  7.  0.3500    4.510    0.7961    0.0178    0.0050
  7.  0.3500    5.480    0.8340    0.0179    0.0050
  7.  0.3500    6.900    0.7947    0.0156    0.0050
  7.  0.3500    8.910    0.8230    0.0203    0.0050
  7.  0.3500   11.430    0.8196    0.0148    0.0050
  7.  0.3500   14.850    0.7836    0.0148    0.0050
  7.  0.3500   19.740    0.7928    0.0141    0.0050
  7.  0.3500   26.630    0.8063    0.0151    0.0050
  7.  0.3500   35.450    0.8205    0.0181    0.0050
  7.  0.3500   47.120    0.7628    0.0213    0.0050
  7.  0.3500   63.520    0.7740    0.0276    0.0050
  7.  0.3500   96.350    0.7622    0.0333    0.0050
  7.  0.4500    4.540    0.7779    0.0333    0.0050
  7.  0.4500    5.470    0.7616    0.0334    0.0050
  7.  0.4500    6.930    0.7706    0.0217    0.0050
  7.  0.4500    8.920    0.7801    0.0275    0.0050
  7.  0.4500   11.340    0.7762    0.0295    0.0050
  7.  0.4500   14.890    0.7634    0.0213    0.0050
  7.  0.4500   19.770    0.7537    0.0197    0.0050
  7.  0.4500   26.640    0.7713    0.0210    0.0050
  7.  0.4500   35.500    0.7481    0.0252    0.0050
  7.  0.4500   47.260    0.7583    0.0294    0.0050
  7.  0.4500   63.650    0.7640    0.0369    0.0050
  7.  0.4500   98.050    0.7261    0.0409    0.0050
  7.  0.5500    5.530    0.7216    0.0504    0.0050
  7.  0.5500    6.880    0.7330    0.0412    0.0050
  7.  0.5500    8.910    0.7449    0.0381    0.0050
  7.  0.5500   11.340    0.7287    0.0415    0.0050
  7.  0.5500   14.850    0.7352    0.0388    0.0050
  7.  0.5500   19.740    0.7426    0.0281    0.0050
  7.  0.5500   26.640    0.7270    0.0300    0.0050
  7.  0.5500   35.570    0.7288    0.0368    0.0050
  7.  0.5500   47.160    0.7649    0.0434    0.0050
  7.  0.5500   63.560    0.6633    0.0521    0.0050
  7.  0.5500   98.820    0.7630    0.0602    0.0050
  7.  0.6750    7.040    0.6996    0.0526    0.0050
  7.  0.6750    8.880    0.7372    0.0636    0.0050
  7.  0.6750   11.360    0.7425    0.0480    0.0050
  7.  0.6750   14.850    0.7996    0.0499    0.0050
  7.  0.6750   19.790    0.7364    0.0388    0.0050
  7.  0.6750   26.490    0.6724    0.0354    0.0050
  7.  0.6750   35.400    0.7201    0.0461    0.0050
  7.  0.6750   47.030    0.6966    0.0538    0.0050
  7.  0.6750   63.530    0.7027    0.0733    0.0050
  7.  0.6750   99.030    0.7732    0.0837    0.0050
  8.  0.0640    0.208    0.9743    0.0468    0.0100
  8.  0.0650    0.211    0.9862    0.0468    0.0100
  8.  0.0660    0.214    0.9465    0.0469    0.0100
  8.  0.0680    0.217    0.9500    0.0468    0.0100
  8.  0.0690    0.220    0.9633    0.0468    0.0100
  8.  0.0700    0.223    0.9411    0.0469    0.0100
  8.  0.0720    0.226    0.9639    0.0469    0.0100
  8.  0.0730    0.229    0.9658    0.0469    0.0100
  8.  0.0740    0.231    0.9622    0.0469    0.0100
  8.  0.0760    0.234    0.9565    0.0469    0.0100
  8.  0.0770    0.237    0.7478    0.0511    0.0100
  8.  0.0810    0.246    0.9718    0.0491    0.0100
  8.  0.0830    0.249    0.9466    0.0491    0.0100
  8.  0.0840    0.252    0.9679    0.0491    0.0100
  8.  0.0860    0.255    0.9557    0.0491    0.0100
  8.  0.0880    0.258    1.0047    0.0491    0.0100
  8.  0.0890    0.261    0.9292    0.0491    0.0100
  8.  0.0910    0.264    0.9747    0.0490    0.0100
  8.  0.0920    0.267    0.9709    0.0490    0.0100
  8.  0.0940    0.270    0.9301    0.0491    0.0100
  8.  0.0960    0.273    0.9326    0.0493    0.0100
  8.  0.0970    0.276    0.9806    0.0495    0.0100
  8.  0.1010    0.281    0.6631    0.0525    0.0100
  8.  0.1040    0.287    0.9483    0.0482    0.0100
  8.  0.1060    0.290    0.9804    0.0481    0.0100
  8.  0.1080    0.293    0.9703    0.0482    0.0100
  8.  0.1100    0.296    0.9731    0.0481    0.0100
  8.  0.1110    0.299    0.9611    0.0482    0.0100
  8.  0.1130    0.302    0.9539    0.0481    0.0100
  8.  0.1150    0.305    0.9585    0.0481    0.0100
  8.  0.1170    0.308    1.0039    0.0482    0.0100
  8.  0.1190    0.311    0.9647    0.0482    0.0100
  8.  0.1210    0.314    0.9671    0.0482    0.0100
  8.  0.1230    0.317    0.9516    0.0482    0.0100
  8.  0.1250    0.320    0.9466    0.0483    0.0100
  8.  0.1270    0.323    0.9275    0.0483    0.0100
  8.  0.1300    0.326    0.9349    0.0470    0.0100
  8.  0.1340    0.332    0.9312    0.0490    0.0100
  8.  0.1360    0.335    0.8813    0.0489    0.0100
  8.  0.1380    0.338    0.8731    0.0489    0.0100
  8.  0.1410    0.341    0.8788    0.0488    0.0100
  8.  0.1430    0.343    0.8584    0.0488    0.0100
  8.  0.1450    0.346    0.8398    0.0488    0.0100
  8.  0.1480    0.349    0.8153    0.0488    0.0100
  8.  0.1500    0.352    0.7768    0.0488    0.0100
  8.  0.1530    0.355    0.7702    0.0487    0.0100
  8.  0.1550    0.358    0.8005    0.0488    0.0100
  8.  0.1580    0.361    0.7741    0.0490    0.0100
  8.  0.1600    0.364    0.8248    0.0489    0.0100
  8.  0.1630    0.367    0.7994    0.0489    0.0100
  8.  0.1660    0.370    0.8508    0.0490    0.0100
  8.  0.1680    0.373    0.8778    0.0491    0.0100
  8.  0.1740    0.379    0.9121    0.0463    0.0100
  8.  0.1770    0.382    0.9254    0.0471    0.0100
  8.  0.1800    0.385    0.9834    0.0485    0.0100
  8.  0.1830    0.388    0.9247    0.0487    0.0100
  8.  0.1860    0.391    0.9536    0.0486    0.0100
  8.  0.1890    0.394    0.9472    0.0486    0.0100
  8.  0.1920    0.397    0.9451    0.0486    0.0100
  8.  0.1950    0.399    0.9588    0.0485    0.0100
  8.  0.1990    0.402    0.9335    0.0486    0.0100
  8.  0.2020    0.405    0.9492    0.0485    0.0100
  8.  0.2050    0.408    0.9168    0.0485    0.0100
  8.  0.2090    0.411    0.9235    0.0484    0.0100
  8.  0.2120    0.414    0.9243    0.0485    0.0100
  8.  0.2160    0.417    0.9156    0.0489    0.0100
  8.  0.2190    0.420    0.8855    0.0465    0.0100
  8.  0.2230    0.423    0.8593    0.0465    0.0100
  8.  0.2270    0.426    0.8449    0.0465    0.0100
  8.  0.2310    0.429    0.7928    0.0465    0.0100
  8.  0.2350    0.432    0.7519    0.0465    0.0100
  8.  0.2390    0.435    0.7236    0.0466    0.0100
  8.  0.2430    0.438    0.7324    0.0467    0.0100
  8.  0.2470    0.441    0.7305    0.0467    0.0100
  8.  0.2560    0.447    0.8047    0.0511    0.0100
  8.  0.2600    0.450    0.8679    0.0510    0.0100
  8.  0.2650    0.453    0.8416    0.0511    0.0100
  8.  0.2700    0.456    0.9111    0.0511    0.0100
  8.  0.2740    0.458    0.9200    0.0513    0.0100
  8.  0.2790    0.461    0.9084    0.0514    0.0100
  8.  0.2840    0.464    0.9422    0.0486    0.0100
  8.  0.2890    0.467    0.9367    0.0478    0.0100
  8.  0.2950    0.470    0.9708    0.0479    0.0100
  8.  0.3000    0.473    0.9308    0.0479    0.0100
  8.  0.3060    0.476    0.9778    0.0480    0.0100
  8.  0.3110    0.479    0.9677    0.0481    0.0100
  8.  0.3170    0.482    0.9621    0.0480    0.0100
  8.  0.3230    0.485    0.9939    0.0480    0.0100
  8.  0.3290    0.488    0.9583    0.0481    0.0100
  8.  0.3420    0.494    0.9939    0.0514    0.0100
  8.  0.3480    0.497    1.0742    0.0517    0.0100
  8.  0.3550    0.500    1.0293    0.0514    0.0100
  8.  0.3620    0.503    0.9844    0.0512    0.0100
  8.  0.3690    0.506    1.0499    0.0511    0.0100
  8.  0.3760    0.508    1.0697    0.0509    0.0100
  8.  0.3840    0.511    1.0364    0.0508    0.0100
  8.  0.4000    0.517    1.0024    0.0476    0.0100
  8.  0.4080    0.520    0.9602    0.0475    0.0100
  8.  0.4160    0.523    0.9493    0.0475    0.0100
  8.  0.4250    0.526    0.9148    0.0473    0.0100
  8.  0.4340    0.529    0.8596    0.0473    0.0100
  8.  0.4430    0.532    0.8340    0.0474    0.0100
  8.  0.4530    0.535    0.7843    0.0473    0.0100
  8.  0.4620    0.538    0.7259    0.0473    0.0100
  8.  0.4730    0.541    0.6959    0.0474    0.0100
  8.  0.4830    0.544    0.6769    0.0482    0.0100
  8.  0.4940    0.547    0.6758    0.0512    0.0100
  8.  0.5050    0.550    0.7085    0.0518    0.0100
  8.  0.5170    0.553    0.8382    0.0841    0.0100
  8.  0.5290    0.556    0.9551    0.0843    0.0100
  8.  0.5410    0.559    1.1390    0.0846    0.0100
  8.  0.5540    0.562    1.6477    0.0851    0.0100
  8.  0.5680    0.565    2.1673    0.0856    0.0100
  8.  0.5820    0.568    2.9124    0.0863    0.0100
  8.  0.1100    0.383    0.9579    0.0524    0.0100
  8.  0.1120    0.390    0.9901    0.0522    0.0100
  8.  0.1150    0.396    0.9877    0.0519    0.0100
  8.  0.1170    0.403    1.0119    0.0518    0.0100
  8.  0.1200    0.409    1.0017    0.0518    0.0100
  8.  0.1220    0.416    1.0082    0.0518    0.0100
  8.  0.1250    0.422    0.9969    0.0518    0.0100
  8.  0.1280    0.429    0.9631    0.0519    0.0100
  8.  0.1300    0.436    0.9937    0.0521    0.0100
  8.  0.1330    0.442    0.9945    0.0522    0.0100
  8.  0.1360    0.449    0.9807    0.0523    0.0100
  8.  0.1390    0.455    0.9664    0.0524    0.0100
  8.  0.1410    0.462    1.0027    0.0527    0.0100
  8.  0.1440    0.468    0.9711    0.0508    0.0100
  8.  0.1470    0.475    1.0039    0.0488    0.0100
  8.  0.1500    0.481    0.9829    0.0487    0.0100
  8.  0.1530    0.488    0.9310    0.0489    0.0100
  8.  0.1560    0.494    1.0064    0.0488    0.0100
  8.  0.1590    0.501    0.9852    0.0488    0.0100
  8.  0.1650    0.514    0.9678    0.0534    0.0100
  8.  0.1680    0.521    0.9984    0.0535    0.0100
  8.  0.1710    0.527    1.0174    0.0535    0.0100
  8.  0.1740    0.534    0.9715    0.0537    0.0100
  8.  0.1780    0.540    1.0255    0.0537    0.0100
  8.  0.1810    0.547    0.9577    0.0542    0.0100
  8.  0.1840    0.553    0.9751    0.0544    0.0100
  8.  0.1880    0.560    0.9803    0.0545    0.0100
  8.  0.1910    0.567    1.0537    0.0546    0.0100
  8.  0.1940    0.573    0.9978    0.0543    0.0100
  8.  0.1980    0.580    0.9921    0.0507    0.0100
  8.  0.2010    0.586    0.9601    0.0496    0.0100
  8.  0.2050    0.593    0.9746    0.0497    0.0100
  8.  0.2090    0.599    0.9874    0.0496    0.0100
  8.  0.2120    0.606    0.9774    0.0495    0.0100
  8.  0.2160    0.612    0.9492    0.0495    0.0100
  8.  0.2200    0.619    0.9708    0.0494    0.0100
  8.  0.2280    0.632    0.9203    0.0538    0.0100
  8.  0.2310    0.638    0.9116    0.0536    0.0100
  8.  0.2350    0.645    0.8923    0.0537    0.0100
  8.  0.2390    0.652    0.8770    0.0538    0.0100
  8.  0.2440    0.658    0.8304    0.0539    0.0100
  8.  0.2480    0.665    0.7685    0.0539    0.0100
  8.  0.2520    0.671    0.7365    0.0536    0.0100
  8.  0.2560    0.678    0.6981    0.0498    0.0100
  8.  0.2610    0.684    0.7463    0.0498    0.0100
  8.  0.2650    0.691    0.7624    0.0497    0.0100
  8.  0.2690    0.698    0.8029    0.0498    0.0100
  8.  0.2740    0.704    0.8610    0.0497    0.0100
  8.  0.2780    0.711    0.9042    0.0498    0.0100
  8.  0.2830    0.717    0.9349    0.0497    0.0100
  8.  0.2880    0.724    0.9721    0.0499    0.0100
  8.  0.2930    0.730    1.0003    0.0499    0.0100
  8.  0.2970    0.737    0.9617    0.0500    0.0100
  8.  0.3020    0.743    1.0052    0.0500    0.0100
  8.  0.3070    0.750    0.9760    0.0501    0.0100
  8.  0.3120    0.756    0.9951    0.0502    0.0100
  8.  0.3180    0.763    0.9760    0.0502    0.0100
  8.  0.3230    0.769    1.0003    0.0519    0.0100
  8.  0.3280    0.776    0.9988    0.0555    0.0100
  8.  0.3340    0.783    0.9737    0.0524    0.0100
  8.  0.3390    0.789    0.9590    0.0505    0.0100
  8.  0.3450    0.796    0.9507    0.0504    0.0100
  8.  0.3500    0.802    0.8659    0.0504    0.0100
  8.  0.3560    0.809    0.8125    0.0502    0.0100
  8.  0.3620    0.815    0.7767    0.0502    0.0100
  8.  0.3680    0.822    0.7032    0.0502    0.0100
  8.  0.3740    0.828    0.6637    0.0502    0.0100
  8.  0.3800    0.835    0.6300    0.0502    0.0100
  8.  0.3870    0.842    0.6543    0.0503    0.0100
  8.  0.3930    0.848    0.7224    0.0504    0.0100
  8.  0.3990    0.855    0.7990    0.0504    0.0100
  8.  0.4060    0.861    0.8259    0.0506    0.0100
  8.  0.4130    0.868    0.8799    0.0508    0.0100
  8.  0.4200    0.874    0.9432    0.0510    0.0100
  8.  0.4270    0.881    0.9286    0.0512    0.0100
  8.  0.4340    0.887    0.9489    0.0514    0.0100
  8.  0.4410    0.894    1.0087    0.0530    0.0100
  8.  0.4480    0.900    1.0212    0.0573    0.0100
  8.  0.4560    0.907    1.0990    0.0590    0.0100
  8.  0.4640    0.914    0.9981    0.0515    0.0100
  8.  0.4710    0.920    1.0118    0.0515    0.0100
  8.  0.4790    0.927    1.0615    0.0513    0.0100
  8.  0.4880    0.933    0.9938    0.0514    0.0100
  8.  0.4960    0.940    1.0136    0.0513    0.0100
  8.  0.5040    0.946    1.0271    0.0512    0.0100
  8.  0.5130    0.953    1.0952    0.0511    0.0100
  8.  0.5220    0.959    1.0929    0.0511    0.0100
  8.  0.5310    0.966    1.0593    0.0510    0.0100
  8.  0.5400    0.973    1.0691    0.0508    0.0100
  8.  0.5490    0.979    0.9689    0.0510    0.0100
  8.  0.5590    0.986    1.0137    0.0508    0.0100
  8.  0.5690    0.992    0.9919    0.0508    0.0100
  8.  0.5780    0.999    0.9294    0.0508    0.0100
  8.  0.5890    1.005    0.9020    0.0508    0.0100
  8.  0.5990    1.012    0.8316    0.0509    0.0100
  8.  0.6100    1.018    0.7781    0.0509    0.0100
  8.  0.6210    1.025    0.6938    0.0509    0.0100
  8.  0.6310    1.031    0.7483    0.0510    0.0100
  8.  0.6430    1.038    0.7418    0.0512    0.0100
  8.  0.6670    1.051    0.9541    0.0569    0.0100
  8.  0.6790    1.058    1.1725    0.0872    0.0100
  8.  0.6910    1.064    1.5276    0.0877    0.0100
  8.  0.7050    1.071    1.9687    0.0880    0.0100
  8.  0.7170    1.077    2.6268    0.0889    0.0100
  8.  0.7310    1.084    3.2068    0.0892    0.0100
  8.  0.7450    1.090    4.7352    0.0903    0.0100
  8.  0.7590    1.097    7.5610    0.0921    0.0100
  8.  0.7730    1.103   13.1616    0.0936    0.0100
  8.  0.7890    1.110   35.1221    0.0968    0.0100
  8.  0.2110    0.823    0.8997    0.0481    0.0100
  8.  0.2140    0.830    0.8739    0.0483    0.0100
  8.  0.2160    0.837    0.8826    0.0484    0.0100
  8.  0.2190    0.844    0.8667    0.0483    0.0100
  8.  0.2220    0.851    0.8712    0.0483    0.0100
  8.  0.2250    0.858    0.8820    0.0484    0.0100
  8.  0.2280    0.865    0.8596    0.0484    0.0100
  8.  0.2310    0.872    0.8851    0.0484    0.0100
  8.  0.2340    0.879    0.8261    0.0484    0.0100
  8.  0.2370    0.886    0.8765    0.0485    0.0100
  8.  0.2400    0.893    0.8941    0.0484    0.0100
  8.  0.2440    0.900    0.8836    0.0484    0.0100
  8.  0.2470    0.907    0.8459    0.0485    0.0100
  8.  0.2500    0.914    0.8806    0.0486    0.0100
  8.  0.2530    0.921    0.8855    0.0486    0.0100
  8.  0.2560    0.928    0.8565    0.0487    0.0100
  8.  0.2600    0.936    0.8494    0.0487    0.0100
  8.  0.2630    0.943    0.8976    0.0470    0.0100
  8.  0.2660    0.950    0.8628    0.0461    0.0100
  8.  0.2700    0.957    0.8796    0.0463    0.0100
  8.  0.2770    0.971    0.9179    0.0484    0.0100
  8.  0.2800    0.978    0.9214    0.0484    0.0100
  8.  0.2840    0.985    0.9009    0.0484    0.0100
  8.  0.2870    0.992    0.9168    0.0484    0.0100
  8.  0.2910    0.999    0.9081    0.0483    0.0100
  8.  0.2950    1.006    0.8900    0.0484    0.0100
  8.  0.2980    1.013    0.9290    0.0484    0.0100
  8.  0.3020    1.020    0.9283    0.0485    0.0100
  8.  0.3060    1.027    0.9040    0.0485    0.0100
  8.  0.3100    1.034    0.9057    0.0485    0.0100
  8.  0.3130    1.041    0.8869    0.0485    0.0100
  8.  0.3180    1.049    0.9286    0.0485    0.0100
  8.  0.3220    1.056    0.8905    0.0485    0.0100
  8.  0.3260    1.063    0.8720    0.0485    0.0100
  8.  0.3300    1.070    0.8481    0.0486    0.0100
  8.  0.3340    1.077    0.8366    0.0485    0.0100
  8.  0.3380    1.084    0.8256    0.0488    0.0100
  8.  0.3420    1.091    0.8067    0.0464    0.0100
  8.  0.3460    1.098    0.7823    0.0464    0.0100
  8.  0.3500    1.105    0.7718    0.0473    0.0100
  8.  0.3550    1.112    0.7293    0.0491    0.0100
  8.  0.3590    1.119    0.7185    0.0493    0.0100
  8.  0.3640    1.126    0.7034    0.0492    0.0100
  8.  0.3680    1.133    0.7305    0.0493    0.0100
  8.  0.3730    1.140    0.7614    0.0494    0.0100
  8.  0.3770    1.147    0.7827    0.0493    0.0100
  8.  0.3820    1.154    0.8168    0.0495    0.0100
  8.  0.3870    1.161    0.8396    0.0495    0.0100
  8.  0.3920    1.169    0.8600    0.0495    0.0100
  8.  0.3970    1.176    0.8981    0.0497    0.0100
  8.  0.4020    1.183    0.8954    0.0497    0.0100
  8.  0.4060    1.190    0.9153    0.0497    0.0100
  8.  0.4120    1.197    0.9137    0.0498    0.0100
  8.  0.4170    1.204    0.9232    0.0498    0.0100
  8.  0.4220    1.211    0.9226    0.0498    0.0100
  8.  0.4270    1.218    0.9245    0.0499    0.0100
  8.  0.4320    1.225    0.9341    0.0499    0.0100
  8.  0.4380    1.232    0.9036    0.0501    0.0100
  8.  0.4430    1.239    0.8750    0.0501    0.0100
  8.  0.4490    1.246    0.8842    0.0501    0.0100
  8.  0.4540    1.253    0.8809    0.0469    0.0100
  8.  0.4600    1.260    0.8235    0.0469    0.0100
  8.  0.4660    1.267    0.7727    0.0470    0.0100
  8.  0.4710    1.274    0.7476    0.0492    0.0100
  8.  0.4780    1.282    0.7006    0.0497    0.0100
  8.  0.4840    1.289    0.6313    0.0497    0.0100
  8.  0.4900    1.296    0.6280    0.0497    0.0100
  8.  0.4960    1.303    0.6532    0.0498    0.0100
  8.  0.5020    1.310    0.6850    0.0499    0.0100
  8.  0.5090    1.317    0.7369    0.0499    0.0100
  8.  0.5150    1.324    0.8078    0.0501    0.0100
  8.  0.5220    1.331    0.8549    0.0503    0.0100
  8.  0.5280    1.338    0.8555    0.0503    0.0100
  8.  0.5350    1.345    0.8903    0.0505    0.0100
  8.  0.5420    1.352    0.9215    0.0506    0.0100
  8.  0.5490    1.359    0.9195    0.0508    0.0100
  8.  0.5560    1.366    0.9065    0.0506    0.0100
  8.  0.5630    1.373    0.9798    0.0508    0.0100
  8.  0.5700    1.380    0.9245    0.0511    0.0100
  8.  0.5770    1.387    0.9680    0.0510    0.0100
  8.  0.5850    1.395    0.9411    0.0511    0.0100
  8.  0.5930    1.402    1.0134    0.0512    0.0100
  8.  0.6010    1.409    0.9257    0.0512    0.0100
  8.  0.6090    1.416    0.9416    0.0515    0.0100
  8.  0.6160    1.423    0.9299    0.0513    0.0100
  8.  0.6250    1.430    0.9588    0.0488    0.0100
  8.  0.6330    1.437    0.9497    0.0474    0.0100
  8.  0.6410    1.444    0.9292    0.0474    0.0100
  8.  0.6500    1.451    0.9376    0.0475    0.0100
  8.  0.6580    1.458    0.8875    0.0474    0.0100
  8.  0.6760    1.472    0.8485    0.0501    0.0100
  8.  0.6850    1.479    0.7955    0.0502    0.0100
  8.  0.6950    1.486    0.7490    0.0501    0.0100
  8.  0.7040    1.493    0.6713    0.0501    0.0100
  8.  0.7140    1.500    0.6805    0.0504    0.0100
  8.  0.7230    1.507    0.6975    0.0506    0.0100
  8.  0.7340    1.515    0.8037    0.0506    0.0100
  8.  0.7440    1.522    0.8982    0.0509    0.0100
  8.  0.7540    1.529    1.0682    0.0835    0.0100
  8.  0.7650    1.536    1.3883    0.0838    0.0100
  8.  0.7760    1.543    1.8083    0.0842    0.0100
  8.  0.7870    1.550    2.1371    0.0846    0.0100
  8.  0.7980    1.557    2.9675    0.0853    0.0100
  8.  0.8090    1.564    3.9123    0.0860    0.0100
  8.  0.8210    1.571    5.8798    0.0871    0.0100
  8.  0.8330    1.578   10.3152    0.0887    0.0100
  8.  0.8450    1.585   32.2571    0.0906    0.0100
  8.  0.2830    1.226    0.8370    0.0507    0.0100
  8.  0.2860    1.233    0.8288    0.0508    0.0100
  8.  0.2890    1.240    0.8337    0.0509    0.0100
  8.  0.2920    1.247    0.8409    0.0508    0.0100
  8.  0.2950    1.254    0.8468    0.0509    0.0100
  8.  0.2970    1.261    0.8705    0.0508    0.0100
  8.  0.3000    1.268    0.8263    0.0508    0.0100
  8.  0.3030    1.275    0.8084    0.0510    0.0100
  8.  0.3060    1.282    0.8125    0.0510    0.0100
  8.  0.3100    1.289    0.8277    0.0509    0.0100
  8.  0.3130    1.296    0.8327    0.0509    0.0100
  8.  0.3160    1.303    0.8274    0.0510    0.0100
  8.  0.3190    1.310    0.8161    0.0510    0.0100
  8.  0.3220    1.317    0.7910    0.0509    0.0100
  8.  0.3250    1.324    0.8220    0.0510    0.0100
  8.  0.3290    1.331    0.8100    0.0510    0.0100
  8.  0.3320    1.338    0.8132    0.0510    0.0100
  8.  0.3350    1.345    0.8427    0.0511    0.0100
  8.  0.3380    1.352    0.8175    0.0511    0.0100
  8.  0.3420    1.359    0.8381    0.0512    0.0100
  8.  0.3450    1.366    0.8379    0.0512    0.0100
  8.  0.3490    1.373    0.8463    0.0513    0.0100
  8.  0.3560    1.387    0.8506    0.0477    0.0100
  8.  0.3590    1.394    0.8374    0.0479    0.0100
  8.  0.3630    1.401    0.8241    0.0478    0.0100
  8.  0.3660    1.408    0.8417    0.0479    0.0100
  8.  0.3700    1.415    0.8176    0.0479    0.0100
  8.  0.3730    1.422    0.8327    0.0479    0.0100
  8.  0.3810    1.436    0.8578    0.0516    0.0100
  8.  0.3850    1.444    0.8377    0.0517    0.0100
  8.  0.3890    1.451    0.8540    0.0518    0.0100
  8.  0.3930    1.458    0.8188    0.0518    0.0100
  8.  0.3960    1.465    0.8017    0.0516    0.0100
  8.  0.4000    1.472    0.8262    0.0518    0.0100
  8.  0.4040    1.479    0.8097    0.0517    0.0100
  8.  0.4080    1.486    0.7980    0.0518    0.0100
  8.  0.4120    1.493    0.7616    0.0517    0.0100
  8.  0.4170    1.500    0.7665    0.0518    0.0100
  8.  0.4210    1.507    0.7356    0.0517    0.0100
  8.  0.4250    1.514    0.7188    0.0519    0.0100
  8.  0.4290    1.521    0.6736    0.0520    0.0100
  8.  0.4330    1.528    0.6715    0.0520    0.0100
  8.  0.4380    1.535    0.6576    0.0520    0.0100
  8.  0.4420    1.542    0.6715    0.0520    0.0100
  8.  0.4460    1.549    0.7104    0.0521    0.0100
  8.  0.4510    1.556    0.7512    0.0522    0.0100
  8.  0.4550    1.563    0.8006    0.0522    0.0100
  8.  0.4600    1.570    0.7609    0.0523    0.0100
  8.  0.4650    1.577    0.8263    0.0505    0.0100
  8.  0.4690    1.584    0.8238    0.0479    0.0100
  8.  0.4740    1.591    0.8595    0.0481    0.0100
  8.  0.4790    1.598    0.8436    0.0481    0.0100
  8.  0.4830    1.605    0.8634    0.0481    0.0100
  8.  0.4880    1.612    0.8409    0.0482    0.0100
  8.  0.4930    1.619    0.8541    0.0482    0.0100
  8.  0.5030    1.633    0.8621    0.0513    0.0100
  8.  0.5080    1.640    0.8451    0.0512    0.0100
  8.  0.5140    1.647    0.8673    0.0513    0.0100
  8.  0.5190    1.654    0.8320    0.0514    0.0100
  8.  0.5240    1.661    0.7987    0.0515    0.0100
  8.  0.5290    1.668    0.7783    0.0515    0.0100
  8.  0.5350    1.675    0.7590    0.0514    0.0100
  8.  0.5400    1.682    0.7079    0.0516    0.0100
  8.  0.5460    1.689    0.6375    0.0516    0.0100
  8.  0.5510    1.696    0.5983    0.0518    0.0100
  8.  0.5570    1.703    0.6007    0.0518    0.0100
  8.  0.5630    1.710    0.5683    0.0519    0.0100
  8.  0.5690    1.717    0.6071    0.0519    0.0100
  8.  0.5750    1.724    0.6319    0.0519    0.0100
  8.  0.5810    1.732    0.6818    0.0522    0.0100
  8.  0.5870    1.739    0.7549    0.0522    0.0100
  8.  0.5930    1.746    0.7618    0.0526    0.0100
  8.  0.5990    1.753    0.7877    0.0527    0.0100
  8.  0.6050    1.760    0.8671    0.0529    0.0100
  8.  0.6120    1.767    0.8641    0.0530    0.0100
  8.  0.6180    1.774    0.8755    0.0530    0.0100
  8.  0.6250    1.781    0.8645    0.0533    0.0100
  8.  0.6310    1.788    0.8893    0.0534    0.0100
  8.  0.6450    1.802    0.8814    0.0489    0.0100
  8.  0.6520    1.809    0.8966    0.0490    0.0100
  8.  0.6590    1.816    0.8854    0.0490    0.0100
  8.  0.6660    1.823    0.8575    0.0491    0.0100
  8.  0.6730    1.830    0.8771    0.0491    0.0100
  8.  0.6800    1.837    0.9131    0.0493    0.0100
  8.  0.6880    1.844    0.8989    0.0492    0.0100
  8.  0.6950    1.851    0.8779    0.0506    0.0100
  8.  0.7030    1.858    0.8852    0.0533    0.0100
  8.  0.7100    1.865    0.9083    0.0533    0.0100
  8.  0.7180    1.872    0.8233    0.0533    0.0100
  8.  0.7260    1.879    0.8392    0.0534    0.0100
  8.  0.7340    1.886    0.7470    0.0537    0.0100
  8.  0.7420    1.893    0.7338    0.0537    0.0100
  8.  0.7510    1.900    0.7038    0.0537    0.0100
  8.  0.7590    1.907    0.7255    0.0538    0.0100
  8.  0.7670    1.914    0.7266    0.0541    0.0100
  8.  0.7760    1.921    0.7545    0.0545    0.0100
  8.  0.7850    1.928    0.9263    0.0546    0.0100
  8.  0.7940    1.935    0.9684    0.0859    0.0100
  8.  0.8030    1.942    1.1024    0.0864    0.0100
  8.  0.8120    1.949    1.4220    0.0867    0.0100
  8.  0.8210    1.956    1.6299    0.0871    0.0100
  8.  0.8310    1.963    2.1344    0.0879    0.0100
  8.  0.8400    1.970    2.4067    0.0885    0.0100
  8.  0.8500    1.977    3.5240    0.0894    0.0100
  8.  0.8600    1.984    5.7299    0.0909    0.0100
  8.  0.8700    1.991   12.7731    0.0923    0.0100
  8.  0.4460    1.625    0.6856    0.0531    0.0100
  8.  0.4580    1.657    0.6814    0.0480    0.0100
  8.  0.4690    1.689    0.7313    0.0481    0.0100
  8.  0.4800    1.721    0.7760    0.0482    0.0100
  8.  0.4920    1.753    0.7912    0.0484    0.0100
  8.  0.5040    1.786    0.8619    0.0486    0.0100
  8.  0.5150    1.818    0.8320    0.0489    0.0100
  8.  0.5270    1.850    0.8480    0.0491    0.0100
  8.  0.5390    1.882    0.8043    0.0482    0.0100
  8.  0.5510    1.914    0.7789    0.0517    0.0100
  8.  0.6540    2.172    0.8710    0.0483    0.0100
  8.  0.6670    2.204    0.8491    0.0483    0.0100
  8.  0.6810    2.236    0.8730    0.0489    0.0100
  8.  0.6950    2.268    0.8742    0.0492    0.0100
  8.  0.7230    2.333    0.9105    0.0484    0.0100
  8.  0.7370    2.365    0.9009    0.0486    0.0100
  8.  0.7510    2.397    0.8879    0.0489    0.0100
  8.  0.7660    2.429    0.8122    0.0491    0.0100
  8.  0.7810    2.461    0.7565    0.0493    0.0100
  8.  0.7950    2.493    0.6681    0.0473    0.0100
  8.  0.8110    2.526    0.6143    0.0470    0.0100
  8.  0.8260    2.558    0.6751    0.0492    0.0100
  8.  0.8420    2.590    0.8364    0.0827    0.0100
  8.  0.8570    2.622    1.4753    0.0836    0.0100
  8.  0.8730    2.654    2.5159    0.0849    0.0100
  8.  0.9060    2.719  261.9427    0.1060    0.0100
  8.  0.3455    1.643    0.8394    0.0504    0.0100
  8.  0.3490    1.654    0.8057    0.0505    0.0100
  8.  0.3530    1.665    0.8094    0.0505    0.0100
  8.  0.3565    1.676    0.7954    0.0505    0.0100
  8.  0.3605    1.687    0.8075    0.0504    0.0100
  8.  0.3640    1.698    0.8389    0.0505    0.0100
  8.  0.3680    1.708    0.8447    0.0507    0.0100
  8.  0.3715    1.719    0.7917    0.0507    0.0100
  8.  0.3755    1.730    0.8109    0.0477    0.0100
  8.  0.3795    1.741    0.8000    0.0473    0.0100
  8.  0.3835    1.752    0.8057    0.0474    0.0100
  8.  0.3875    1.763    0.7958    0.0474    0.0100
  8.  0.3915    1.773    0.7740    0.0474    0.0100
  8.  0.3955    1.784    0.8130    0.0475    0.0100
  8.  0.4035    1.806    0.8474    0.0503    0.0100
  8.  0.4075    1.817    0.8456    0.0504    0.0100
  8.  0.4120    1.828    0.8260    0.0504    0.0100
  8.  0.4160    1.839    0.8039    0.0504    0.0100
  8.  0.4205    1.849    0.8135    0.0505    0.0100
  8.  0.4245    1.860    0.8107    0.0505    0.0100
  8.  0.4290    1.871    0.8444    0.0505    0.0100
  8.  0.4335    1.882    0.8156    0.0505    0.0100
  8.  0.4375    1.893    0.8393    0.0505    0.0100
  8.  0.4420    1.903    0.8375    0.0506    0.0100
  8.  0.4465    1.914    0.8574    0.0506    0.0100
  8.  0.4510    1.925    0.8220    0.0507    0.0100
  8.  0.4555    1.936    0.8850    0.0508    0.0100
  8.  0.4605    1.947    0.8281    0.0508    0.0100
  8.  0.4645    1.958    0.7865    0.0509    0.0100
  8.  0.4695    1.968    0.8185    0.0509    0.0100
  8.  0.4745    1.979    0.7813    0.0509    0.0100
  8.  0.4790    1.990    0.7941    0.0510    0.0100
  8.  0.4835    2.001    0.7435    0.0511    0.0100
  8.  0.4885    2.012    0.7682    0.0513    0.0100
  8.  0.4935    2.023    0.7003    0.0525    0.0100
  8.  0.5085    2.055    0.6565    0.0564    0.0100
  8.  0.5135    2.067    0.6799    0.0502    0.0100
  8.  0.5185    2.077    0.6975    0.0505    0.0100
  8.  0.5235    2.088    0.7474    0.0506    0.0100
  8.  0.5285    2.099    0.7738    0.0508    0.0100
  8.  0.5345    2.110    0.7818    0.0508    0.0100
  8.  0.5395    2.121    0.8425    0.0510    0.0100
  8.  0.5445    2.131    0.8178    0.0510    0.0100
  8.  0.5505    2.143    0.8302    0.0510    0.0100
  8.  0.5555    2.153    0.8096    0.0510    0.0100
  8.  0.5615    2.164    0.8078    0.0513    0.0100
  8.  0.5665    2.175    0.8624    0.0514    0.0100
  8.  0.5725    2.186    0.8134    0.0513    0.0100
  8.  0.5785    2.196    0.8026    0.0515    0.0100
  8.  0.5840    2.208    0.8090    0.0513    0.0100
  8.  0.5895    2.219    0.8297    0.0513    0.0100
  8.  0.5955    2.229    0.8119    0.0515    0.0100
  8.  0.6015    2.240    0.8217    0.0516    0.0100
  8.  0.6075    2.251    0.7432    0.0515    0.0100
  8.  0.6135    2.262    0.6999    0.0517    0.0100
  8.  0.6195    2.272    0.6430    0.0516    0.0100
  8.  0.6260    2.284    0.5935    0.0517    0.0100
  8.  0.6320    2.295    0.5824    0.0520    0.0100
  8.  0.6380    2.304    0.5734    0.0521    0.0100
  8.  0.6445    2.315    0.5811    0.0523    0.0100
  8.  0.6510    2.326    0.6116    0.0525    0.0100
  8.  0.6575    2.337    0.7014    0.0528    0.0100
  8.  0.6640    2.349    0.7376    0.0530    0.0100
  8.  0.6710    2.359    0.7922    0.0487    0.0100
  8.  0.6775    2.370    0.8325    0.0484    0.0100
  8.  0.6840    2.381    0.8333    0.0486    0.0100
  8.  0.6910    2.391    0.8397    0.0487    0.0100
  8.  0.6980    2.402    0.8902    0.0489    0.0100
  8.  0.7050    2.413    0.8952    0.0502    0.0100
  8.  0.7120    2.425    0.8596    0.0521    0.0100
  8.  0.7190    2.435    0.8943    0.0523    0.0100
  8.  0.7260    2.446    0.9100    0.0522    0.0100
  8.  0.7335    2.456    0.9021    0.0511    0.0100
  8.  0.7410    2.468    0.8859    0.0509    0.0100
  8.  0.7485    2.478    0.9361    0.0511    0.0100
  8.  0.7560    2.490    0.9133    0.0512    0.0100
  8.  0.7640    2.500    0.9037    0.0512    0.0100
  8.  0.7715    2.511    0.8791    0.0513    0.0100
  8.  0.7790    2.522    0.8458    0.0517    0.0100
  8.  0.7870    2.532    0.8385    0.0516    0.0100
  8.  0.7950    2.544    0.7785    0.0518    0.0100
  8.  0.8035    2.554    0.7641    0.0508    0.0100
  8.  0.8115    2.565    0.7437    0.0483    0.0100
  8.  0.8200    2.576    0.7216    0.0485    0.0100
  8.  0.8280    2.587    0.7883    0.0487    0.0100
  8.  0.8365    2.598    0.8607    0.0821    0.0100
  8.  0.8455    2.609    1.0282    0.0823    0.0100
  8.  0.8540    2.619    1.2116    0.0825    0.0100
  8.  0.8625    2.630    1.3870    0.0828    0.0100
  8.  0.8715    2.641    1.6055    0.0832    0.0100
  8.  0.8805    2.652    2.1090    0.0835    0.0100
  8.  0.8895    2.663    2.8082    0.0838    0.0100
  8.  0.8995    2.674    5.1771    0.0847    0.0100
  8.  0.4225    2.263    0.7914    0.0503    0.0100
  8.  0.4275    2.282    0.7830    0.0473    0.0100
  8.  0.4325    2.300    0.8059    0.0474    0.0100
  8.  0.4375    2.319    0.7823    0.0474    0.0100
  8.  0.4430    2.338    0.7992    0.0474    0.0100
  8.  0.4480    2.357    0.7863    0.0476    0.0100
  8.  0.4585    2.395    0.7819    0.0505    0.0100
  8.  0.4635    2.414    0.7952    0.0507    0.0100
  8.  0.4690    2.432    0.7321    0.0508    0.0100
  8.  0.4745    2.451    0.7510    0.0509    0.0100
  8.  0.4795    2.470    0.7941    0.0509    0.0100
  8.  0.4850    2.490    0.7928    0.0510    0.0100
  8.  0.4905    2.509    0.7911    0.0511    0.0100
  8.  0.4965    2.528    0.8208    0.0512    0.0100
  8.  0.5015    2.546    0.7883    0.0482    0.0100
  8.  0.5075    2.565    0.7827    0.0473    0.0100
  8.  0.5130    2.584    0.8149    0.0474    0.0100
  8.  0.5185    2.603    0.7952    0.0474    0.0100
  8.  0.5245    2.622    0.7699    0.0475    0.0100
  8.  0.5300    2.641    0.7806    0.0475    0.0100
  8.  0.5360    2.660    0.7948    0.0496    0.0100
  8.  0.5420    2.679    0.7749    0.0502    0.0100
  8.  0.5475    2.698    0.7641    0.0503    0.0100
  8.  0.5535    2.717    0.7634    0.0503    0.0100
  8.  0.5595    2.736    0.7268    0.0504    0.0100
  8.  0.5655    2.755    0.7216    0.0503    0.0100
  8.  0.5720    2.774    0.6288    0.0506    0.0100
  8.  0.5780    2.792    0.6625    0.0506    0.0100
  8.  0.5845    2.811    0.6524    0.0507    0.0100
  8.  0.5905    2.830    0.6784    0.0509    0.0100
  8.  0.5965    2.849    0.7044    0.0511    0.0100
  8.  0.6030    2.868    0.7292    0.0513    0.0100
  8.  0.6155    2.906    0.8041    0.0476    0.0100
  8.  0.6225    2.925    0.8050    0.0478    0.0100
  8.  0.6285    2.944    0.8236    0.0480    0.0100
  8.  0.6355    2.963    0.8279    0.0481    0.0100
  8.  0.6420    2.982    0.7975    0.0488    0.0100
  8.  0.6485    3.001    0.7955    0.0510    0.0100
  8.  0.6555    3.019    0.8110    0.0512    0.0100
  8.  0.6625    3.038    0.7792    0.0513    0.0100
  8.  0.6695    3.058    0.8035    0.0514    0.0100
  8.  0.6765    3.076    0.7677    0.0516    0.0100
  8.  0.6835    3.095    0.7670    0.0518    0.0100
  8.  0.6905    3.115    0.6731    0.0518    0.0100
  8.  0.6975    3.134    0.6142    0.0519    0.0100
  8.  0.7045    3.152    0.5667    0.0522    0.0100
  8.  0.7115    3.171    0.5581    0.0525    0.0100
  8.  0.7190    3.191    0.5902    0.0527    0.0100
  8.  0.7265    3.209    0.6387    0.0531    0.0100
  8.  0.7335    3.228    0.7393    0.0534    0.0100
  8.  0.7410    3.247    0.8344    0.0539    0.0100
  8.  0.7565    3.285    0.8445    0.0480    0.0100
  8.  0.7640    3.304    0.8360    0.0482    0.0100
  8.  0.7715    3.322    0.8374    0.0482    0.0100
  8.  0.7795    3.341    1.0424    0.0484    0.0100
  8.  0.7875    3.361    1.0382    0.0485    0.0100
  8.  0.7955    3.379    0.9834    0.0488    0.0100
  8.  0.8115    3.417    1.0988    0.0510    0.0100
  8.  0.8195    3.436    0.9593    0.0511    0.0100
  8.  0.8275    3.455    0.9008    0.0512    0.0100
  8.  0.8360    3.474    0.8821    0.0514    0.0100
  8.  0.8445    3.493    0.7800    0.0515    0.0100
  8.  0.8530    3.512    0.7733    0.0520    0.0100
  8.  0.8615    3.531    0.7065    0.0524    0.0100
  8.  0.8700    3.550    0.8529    0.0531    0.0100
  8.  0.8785    3.569    1.0057    0.0854    0.0100
  8.  0.8875    3.588    1.4291    0.0862    0.0100
  8.  0.8960    3.607    1.3388    0.0872    0.0100
  8.  0.9050    3.626    1.8311    0.0885    0.0100
  8.  0.9140    3.644    2.5673    0.0901    0.0100
  8.  0.9230    3.663    4.6535    0.0925    0.0100
  8.  0.4590    2.635    0.8214    0.0545    0.0100
  8.  0.4650    2.662    0.8038    0.0549    0.0100
  8.  0.4710    2.689    0.7500    0.0551    0.0100
  8.  0.4775    2.716    0.7546    0.0554    0.0100
  8.  0.4840    2.743    0.7548    0.0555    0.0100
  8.  0.4900    2.769    0.7647    0.0530    0.0100
  8.  0.4965    2.796    0.7374    0.0504    0.0100
  8.  0.5030    2.822    0.7484    0.0505    0.0100
  8.  0.5095    2.849    0.7462    0.0504    0.0100
  8.  0.5160    2.875    0.7369    0.0505    0.0100
  8.  0.5225    2.902    0.7736    0.0505    0.0100
  8.  0.5290    2.929    0.7659    0.0504    0.0100
  8.  0.5360    2.956    0.7718    0.0507    0.0100
  8.  0.5425    2.982    0.7194    0.0538    0.0100
  8.  0.5490    3.010    0.7699    0.0539    0.0100
  8.  0.5560    3.036    0.8366    0.0540    0.0100
  8.  0.5630    3.064    0.7760    0.0540    0.0100
  8.  0.5700    3.090    0.8102    0.0542    0.0100
  8.  0.5770    3.116    0.7515    0.0544    0.0100
  8.  0.5840    3.144    0.7410    0.0543    0.0100
  8.  0.5910    3.171    0.7463    0.0548    0.0100
  8.  0.5980    3.197    0.7677    0.0550    0.0100
  8.  0.6050    3.224    0.6406    0.0549    0.0100
  8.  0.6120    3.251    0.6064    0.0552    0.0100
  8.  0.6190    3.278    0.6606    0.0557    0.0100
  8.  0.6265    3.304    0.6971    0.0561    0.0100
  8.  0.6340    3.330    0.6685    0.0564    0.0100
  8.  0.6410    3.357    0.7057    0.0567    0.0100
  8.  0.6490    3.385    0.7046    0.0568    0.0100
  8.  0.6560    3.411    0.7840    0.0574    0.0100
  8.  0.6710    3.465    0.7396    0.0491    0.0100
  8.  0.6790    3.491    0.7398    0.0491    0.0100
  8.  0.6865    3.518    0.7893    0.0493    0.0100
  8.  0.6945    3.545    0.7768    0.0492    0.0100
  8.  0.7020    3.571    0.7677    0.0494    0.0100
  8.  0.7100    3.599    0.7186    0.0494    0.0100
  8.  0.7180    3.625    0.7000    0.0494    0.0100
  8.  0.7260    3.651    0.5922    0.0495    0.0100
  8.  0.7340    3.679    0.5468    0.0499    0.0100
  8.  0.7420    3.706    0.5004    0.0516    0.0100
  8.  0.7505    3.732    0.5413    0.0515    0.0100
  8.  0.7590    3.759    0.5760    0.0519    0.0100
  8.  0.7670    3.786    0.7066    0.0521    0.0100
  8.  0.7755    3.812    0.6829    0.0523    0.0100
  8.  0.7840    3.839    0.7607    0.0527    0.0100
  8.  0.7925    3.866    0.8160    0.0532    0.0100
  8.  0.8010    3.892    0.7940    0.0535    0.0100
  8.  0.8095    3.919    0.8879    0.0541    0.0100
  8.  0.8180    3.946    0.8969    0.0544    0.0100
  8.  0.8270    3.973    0.9273    0.0554    0.0100
  8.  0.8360    3.999    1.0980    0.0558    0.0100
  8.  0.8445    4.026    1.0142    0.0568    0.0100
  8.  0.8535    4.053    0.9544    0.0573    0.0100
  8.  0.8630    4.080    0.9650    0.0580    0.0100
  8.  0.8720    4.106    0.8611    0.0597    0.0100
  8.  0.8810    4.133    0.8513    0.0603    0.0100
  8.  0.8900    4.160    1.0352    0.0900    0.0100
  8.  0.8995    4.187    1.1711    0.0911    0.0100
  8.  0.9090    4.213    1.3268    0.0929    0.0100
  8.  0.9185    4.240    1.7338    0.0951    0.0100
  8.  0.9280    4.267    2.3810    0.0965    0.0100
  8.  0.9380    4.294   29.5137    0.0982    0.0100
  9.  0.0700    8.800    0.9758    0.0146    0.0100
  9.  0.0700   10.300    0.9835    0.0227    0.0100
  9.  0.0700   17.000    0.9541    0.0183    0.0100
  9.  0.0700   19.000    0.9176    0.0182    0.0100
  9.  0.1000   10.300    0.9363    0.0102    0.0100
  9.  0.1000   11.800    0.9490    0.0173    0.0100
  9.  0.1000   13.300    0.9272    0.0185    0.0100
  9.  0.1000   19.000    0.9179    0.0141    0.0100
  9.  0.1000   21.500    0.9356    0.0111    0.0100
  9.  0.1000   24.500    0.9054    0.0117    0.0100
  9.  0.1000   32.500    0.9454    0.0196    0.0100
  9.  0.1000   37.500    0.9284    0.0221    0.0100
  9.  0.1400   11.800    0.8919    0.0123    0.0100
  9.  0.1400   13.300    0.9342    0.0136    0.0100
  9.  0.1400   15.000    0.9095    0.0133    0.0100
  9.  0.1400   17.000    0.9075    0.0229    0.0100
  9.  0.1400   19.000    0.9504    0.0262    0.0100
  9.  0.1400   21.500    0.9020    0.0130    0.0100
  9.  0.1400   24.500    0.9124    0.0136    0.0100
  9.  0.1400   28.000    0.8891    0.0130    0.0100
  9.  0.1400   32.500    0.8889    0.0131    0.0100
  9.  0.1400   37.500    0.8994    0.0238    0.0100
  9.  0.1400   43.000    0.8968    0.0236    0.0100
  9.  0.1400   49.500    0.9321    0.0256    0.0100
  9.  0.1400   57.000    0.8640    0.0289    0.0100
  9.  0.1800   11.800    0.8813    0.0150    0.0100
  9.  0.1800   13.300    0.8841    0.0158    0.0100
  9.  0.1800   15.000    0.8574    0.0151    0.0100
  9.  0.1800   17.000    0.8833    0.0169    0.0100
  9.  0.1800   19.000    0.9132    0.0295    0.0100
  9.  0.1800   21.500    0.8670    0.0136    0.0100
  9.  0.1800   24.500    0.8603    0.0143    0.0100
  9.  0.1800   28.000    0.8644    0.0153    0.0100
  9.  0.1800   32.500    0.8938    0.0112    0.0100
  9.  0.1800   37.500    0.8815    0.0109    0.0100
  9.  0.1800   43.000    0.8761    0.0107    0.0100
  9.  0.1800   49.500    0.9446    0.0291    0.0100
  9.  0.1800   57.000    0.8604    0.0186    0.0100
  9.  0.1800   65.500    0.8848    0.0203    0.0100
  9.  0.2250   11.800    0.8386    0.0156    0.0100
  9.  0.2250   13.300    0.8635    0.0165    0.0100
  9.  0.2250   15.000    0.8549    0.0155    0.0100
  9.  0.2250   17.000    0.8486    0.0169    0.0100
  9.  0.2250   19.000    0.8660    0.0187    0.0100
  9.  0.2250   21.500    0.8654    0.0177    0.0100
  9.  0.2250   24.500    0.8483    0.0175    0.0100
  9.  0.2250   28.000    0.8609    0.0115    0.0100
  9.  0.2250   32.500    0.8228    0.0125    0.0100
  9.  0.2250   37.500    0.8638    0.0109    0.0100
  9.  0.2250   43.000    0.8634    0.0105    0.0100
  9.  0.2250   49.500    0.8599    0.0106    0.0100
  9.  0.2250   57.000    0.8148    0.0116    0.0100
  9.  0.2250   65.500    0.8133    0.0196    0.0100
  9.  0.2250   75.000    0.8436    0.0218    0.0100
  9.  0.2250   86.000    0.8325    0.0232    0.0100
  9.  0.2750   13.300    0.8743    0.0206    0.0100
  9.  0.2750   15.000    0.8252    0.0183    0.0100
  9.  0.2750   17.000    0.8096    0.0192    0.0100
  9.  0.2750   19.000    0.8293    0.0210    0.0100
  9.  0.2750   21.500    0.8019    0.0189    0.0100
  9.  0.2750   24.500    0.8445    0.0162    0.0100
  9.  0.2750   28.000    0.8473    0.0121    0.0100
  9.  0.2750   32.500    0.8392    0.0116    0.0100
  9.  0.2750   37.500    0.8093    0.0106    0.0100
  9.  0.2750   43.000    0.8334    0.0112    0.0100
  9.  0.2750   49.500    0.8397    0.0123    0.0100
  9.  0.2750   57.000    0.8059    0.0117    0.0100
  9.  0.2750   65.500    0.8549    0.0143    0.0100
  9.  0.2750   75.000    0.7926    0.0150    0.0100
  9.  0.2750   86.000    0.8284    0.0257    0.0100
  9.  0.2750   99.000    0.8446    0.0323    0.0100
  9.  0.2750  115.500    0.7821    0.0344    0.0100
  9.  0.3500   13.300    0.7939    0.0194    0.0100
  9.  0.3500   15.000    0.8285    0.0177    0.0100
  9.  0.3500   17.000    0.7723    0.0176    0.0100
  9.  0.3500   19.000    0.7869    0.0190    0.0100
  9.  0.3500   21.500    0.8286    0.0172    0.0100
  9.  0.3500   24.500    0.8022    0.0126    0.0100
  9.  0.3500   28.000    0.8016    0.0139    0.0100
  9.  0.3500   32.500    0.8212    0.0104    0.0100
  9.  0.3500   37.500    0.7919    0.0097    0.0100
  9.  0.3500   43.000    0.8076    0.0093    0.0100
  9.  0.3500   49.500    0.7988    0.0101    0.0100
  9.  0.3500   57.000    0.7866    0.0098    0.0100
  9.  0.3500   65.500    0.8012    0.0112    0.0100
  9.  0.3500   75.000    0.7942    0.0133    0.0100
  9.  0.3500   86.000    0.7915    0.0136    0.0100
  9.  0.3500   99.000    0.7622    0.0147    0.0100
  9.  0.3500  115.500    0.7880    0.0279    0.0100
  9.  0.3500  137.500    0.7498    0.0298    0.0100
  9.  0.4500   13.300    0.7820    0.0285    0.0100
  9.  0.4500   15.000    0.7689    0.0253    0.0100
  9.  0.4500   17.000    0.8066    0.0273    0.0100
  9.  0.4500   19.000    0.7420    0.0276    0.0100
  9.  0.4500   21.500    0.8100    0.0255    0.0100
  9.  0.4500   24.500    0.7612    0.0173    0.0100
  9.  0.4500   28.000    0.7774    0.0195    0.0100
  9.  0.4500   32.500    0.7634    0.0143    0.0100
  9.  0.4500   37.500    0.7677    0.0156    0.0100
  9.  0.4500   43.000    0.7699    0.0127    0.0100
  9.  0.4500   49.500    0.7605    0.0127    0.0100
  9.  0.4500   57.000    0.7754    0.0127    0.0100
  9.  0.4500   65.500    0.7766    0.0145    0.0100
  9.  0.4500   75.000    0.7773    0.0173    0.0100
  9.  0.4500   86.000    0.7517    0.0185    0.0100
  9.  0.4500   99.000    0.7405    0.0193    0.0100
  9.  0.4500  115.500    0.7762    0.0203    0.0100
  9.  0.4500  137.500    0.7579    0.0418    0.0100
  9.  0.4500  175.000    0.7724    0.0394    0.0100
  9.  0.5500   15.000    0.6791    0.0334    0.0100
  9.  0.5500   17.000    0.7037    0.0352    0.0100
  9.  0.5500   19.000    0.7492    0.0387    0.0100
  9.  0.5500   21.500    0.7199    0.0339    0.0100
  9.  0.5500   24.500    0.6602    0.0263    0.0100
  9.  0.5500   28.000    0.7403    0.0234    0.0100
  9.  0.5500   32.500    0.7051    0.0195    0.0100
  9.  0.5500   37.500    0.6914    0.0214    0.0100
  9.  0.5500   43.000    0.7176    0.0171    0.0100
  9.  0.5500   49.500    0.7149    0.0173    0.0100
  9.  0.5500   57.000    0.7214    0.0173    0.0100
  9.  0.5500   65.500    0.7494    0.0190    0.0100
  9.  0.5500   75.000    0.7580    0.0224    0.0100
  9.  0.5500   86.000    0.6932    0.0245    0.0100
  9.  0.5500   99.000    0.7585    0.0286    0.0100
  9.  0.5500  115.500    0.7531    0.0291    0.0100
  9.  0.5500  137.500    0.6803    0.0306    0.0100
  9.  0.5500  175.000    0.6687    0.0555    0.0100
  9.  0.5500  230.000    0.6949    0.0741    0.0100
  9.  0.6500   17.000    0.6902    0.0416    0.0100
  9.  0.6500   19.000    0.6953    0.0446    0.0100
  9.  0.6500   21.500    0.6726    0.0416    0.0100
  9.  0.6500   24.500    0.7256    0.0336    0.0100
  9.  0.6500   28.000    0.6303    0.0334    0.0100
  9.  0.6500   32.500    0.6799    0.0252    0.0100
  9.  0.6500   37.500    0.7041    0.0298    0.0100
  9.  0.6500   43.000    0.6890    0.0229    0.0100
  9.  0.6500   49.500    0.7240    0.0237    0.0100
  9.  0.6500   57.000    0.7226    0.0241    0.0100
  9.  0.6500   65.500    0.7101    0.0264    0.0100
  9.  0.6500   75.000    0.7264    0.0292    0.0100
  9.  0.6500   86.000    0.6601    0.0349    0.0100
  9.  0.6500   99.000    0.7202    0.0387    0.0100
  9.  0.6500  115.500    0.7102    0.0433    0.0100
  9.  0.6500  137.500    0.6962    0.0483    0.0100
  9.  0.6500  175.000    0.6785    0.0851    0.0100
  9.  0.6500  230.000    0.5514    0.0968    0.0100
  9.  0.7500   32.500    0.6693    0.0453    0.0100
  9.  0.7500   37.500    0.8499    0.0629    0.0100
  9.  0.7500   43.000    0.7515    0.0352    0.0100
  9.  0.7500   49.500    0.8023    0.0400    0.0100
  9.  0.7500   57.000    0.7821    0.0404    0.0100
  9.  0.7500   65.500    0.7513    0.0455    0.0100
  9.  0.7500   75.000    0.7419    0.0496    0.0100
  9.  0.7500   86.000    0.7827    0.0596    0.0100
  9.  0.7500   99.000    0.9027    0.0710    0.0100
  9.  0.7500  115.500    0.8204    0.0813    0.0100
  9.  0.7500  137.500    0.7151    0.0778    0.0100
  9.  0.7500  175.000    0.6622    0.1428    0.0100
  9.  0.7500  230.000    0.8167    0.2136    0.0100

########
Experiment numbers for GLOBAL_DATA.out:
SLAC experiments: 1=E49a,2=E49b,3=E61,4=E87,5=E89a,6=E89b
7 = NMC. Arneodo, et al, Nucl. Phys. B487 (1997) 3
8 = JLab data
9 = BCDMS
