EXTERNAL/TSAI:  VERSION OF 8/8/96

Marathon                                                                
H3_kin5.inp                                                             
                                                                        
Hall A 2018: 25 cm Tritium target                                       
Nominal values - not exact                                              

----*----1----*----2----*----3----*----4----*----5----*----6----*----7--
                                                                        

TARGET (iZ,iA) = (  1,  3);   avgA =   3.000; amuM=  3.016; avgM=  2.809
 targ=TRITIUM; ttarg(rl)=0.00045; twall=0.00481; tbeam=0.00342; tspec=0.00732
         Nseg  =   4
 MODELS: P elastc(ikk)=14; deut elastic=13; inelastc=206; Pauli Supresion= 4
 NUCLEAR METHOD= 1;   NUCLEAR_MODEL= 1
 DIS MODEL=**

    E1    TH    Q2 COS_K         SMR     NUC          INT-SMR
    EP     X    W2 QE-PK  INELA  Q-ELA  ELAST   TOTAL  MODEL

  10.589 21.706  4.50    1.66    8.00    0.99    0.02    9.00  0.865
   3.000  0.316 10.62    1.82    5.57    1.06    0.02    6.65 5.774E+00

  10.589 22.031  4.70    1.53    7.07    0.88    0.01    7.95  0.861
   3.038  0.331 10.35    1.67    4.44    0.95    0.01    5.40 5.168E+00

  10.589 22.438  4.94    1.40    6.01    0.76    0.01    6.78  0.855
   3.079  0.350 10.04    1.52    3.16    0.82    0.01    4.00 4.493E+00

  10.589 22.969  5.20    1.30    5.06    0.68    0.01    5.75  0.847
   3.096  0.370  9.74    1.40    2.02    0.73    0.01    2.76 3.814E+00

  10.589 23.569  5.48    1.22    4.20    0.61    0.00    4.82  0.840
   3.099  0.390  9.46    1.31    0.99    0.66    0.00    1.65 3.194E+00

  10.589 24.103  5.74    1.14    3.37    0.55    0.00    3.92  0.831
   3.110  0.409  9.17    1.23   -0.02    0.59    0.00    0.58 2.696E+00

  10.589 24.436  5.97    1.06    2.53    0.49    0.00    3.02  0.824
   3.148  0.428  8.87    1.13   -1.04    0.53    0.00   -0.51 2.349E+00

  10.589 24.670  6.16    0.99    1.82    0.45    0.00    2.27  0.818
   3.188  0.444  8.61    1.06   -1.89    0.48    0.00   -1.41 2.096E+00

  0.000 0.000  0.000 .000  0.00  0.00  0.00  0.00  0.00  0.00 0.000
                           0.00  0.00  0.00  0.00  0.00  0.00 0.000E+00

