EXTERNAL/TSAI:  VERSION OF 8/8/96

Marathon                                                                
H3_kin3.inp                                                             
                                                                        
Hall A 2018: 25 cm Tritium target                                       
Nominal values - not exact                                              

----*----1----*----2----*----3----*----4----*----5----*----6----*----7--
                                                                        

TARGET (iZ,iA) = (  1,  3);   avgA =   3.000; amuM=  3.016; avgM=  2.809
 targ=TRITIUM; ttarg(rl)=0.00045; twall=0.00481; tbeam=0.00342; tspec=0.00732
         Nseg  =   4
 MODELS: P elastc(ikk)=14; deut elastic=13; inelastc=206; Pauli Supresion= 4
 NUCLEAR METHOD= 1;   NUCLEAR_MODEL= 1
 DIS MODEL=**

    E1    TH    Q2 COS_K         SMR     NUC          INT-SMR
    EP     X    W2 QE-PK  INELA  Q-ELA  ELAST   TOTAL  MODEL

  10.589 18.921  3.41    2.38   12.81    1.65    0.08   14.55  0.875
   2.983  0.239 11.74    2.66   11.40    1.79    0.09   13.27 1.211E+01

  10.589 19.261  3.59    2.16   11.65    1.46    0.06   13.17  0.876
   3.027  0.253 11.48    2.40    9.99    1.58    0.06   11.63 1.090E+01

  10.589 19.702  3.82    1.93   10.29    1.25    0.04   11.59  0.875
   3.077  0.271 11.16    2.13    8.35    1.35    0.04    9.74 9.503E+00

  10.589 20.298  4.07    1.75    9.08    1.09    0.03   10.20  0.872
   3.097  0.290 10.87    1.93    6.88    1.18    0.03    8.09 8.027E+00

  10.589 20.975  4.35    1.61    7.97    0.96    0.02    8.95  0.868
   3.100  0.310 10.58    1.76    5.53    1.04    0.02    6.59 6.667E+00

  10.589 21.576  4.62    1.48    6.93    0.85    0.01    7.79  0.862
   3.111  0.329 10.30    1.62    4.27    0.91    0.01    5.20 5.613E+00

  10.589 21.912  4.83    1.35    5.92    0.74    0.01    6.67  0.856
   3.158  0.346  9.99    1.47    3.05    0.80    0.01    3.85 4.960E+00

  10.589 22.225  5.03    1.25    5.05    0.66    0.01    5.72  0.851
   3.197  0.363  9.72    1.36    1.99    0.71    0.01    2.71 4.414E+00

  0.000 0.000  0.000 .000  0.00  0.00  0.00  0.00  0.00  0.00 0.000
                           0.00  0.00  0.00  0.00  0.00  0.00 0.000E+00

