EXTERNAL/TSAI:  VERSION OF 8/8/96

Marathon                                                                
H3_kin13.inp                                                            
                                                                        
Hall A 2018: 25 cm Tritium target                                       
Nominal values - not exact                                              

----*----1----*----2----*----3----*----4----*----5----*----6----*----7--
                                                                        

TARGET (iZ,iA) = (  1,  3);   avgA =   3.000; amuM=  3.016; avgM=  2.809
 targ=TRITIUM; ttarg(rl)=0.00045; twall=0.00481; tbeam=0.00342; tspec=0.00732
         Nseg  =   4
 MODELS: P elastc(ikk)=14; deut elastic=13; inelastc=206; Pauli Supresion= 4
 NUCLEAR METHOD= 1;   NUCLEAR_MODEL= 1
 DIS MODEL=**

    E1    TH    Q2 COS_K         SMR     NUC          INT-SMR
    EP     X    W2 QE-PK  INELA  Q-ELA  ELAST   TOTAL  MODEL

  10.589 30.116  8.53    0.81   -2.71    0.32    0.00   -2.38  0.782
   2.985  0.598  6.62    0.86   -7.23    0.35    0.00   -6.88 4.002E-01

  10.589 30.338  8.71    0.79   -3.15    0.32    0.00   -2.83  0.785
   3.003  0.612  6.41    0.83   -7.76    0.34    0.00   -7.42 3.518E-01

  10.589 30.633  8.95    0.76   -3.76    0.31    0.00   -3.44  0.793
   3.028  0.631  6.12    0.80   -8.49    0.33    0.00   -8.15 2.935E-01

  10.589 30.929  9.20    0.73   -4.36    0.31    0.00   -4.05  0.807
   3.054  0.650  5.83    0.77   -9.21    0.33    0.00   -8.88 2.420E-01

  10.589 31.225  9.44    0.71   -4.95    0.31    0.00   -4.64  0.826
   3.078  0.670  5.53    0.75   -9.92    0.34    0.00   -9.58 1.981E-01

  10.589 31.565  9.70    0.69   -5.52    0.33    0.00   -5.19  0.853
   3.095  0.690  5.24    0.73  -10.59    0.35    0.00  -10.24 1.603E-01

  10.589 31.978  9.97    0.68   -6.06    0.35    0.00   -5.71  0.887
   3.102  0.709  4.96    0.72  -11.22    0.37    0.00  -10.85 1.276E-01

  10.589 32.359 10.23    0.68   -6.60    0.38    0.00   -6.23  0.933
   3.112  0.729  4.68    0.72  -11.86    0.40    0.00  -11.46 1.012E-01

  10.589 32.605 10.47    0.67   -7.17    0.41    0.00   -6.76  0.994
   3.137  0.749  4.39    0.72  -12.54    0.44    0.00  -12.10 8.124E-02

  10.589 32.834 10.70    0.67   -7.77    0.47    0.00   -7.30  1.072
   3.164  0.768  4.11    0.72  -13.24    0.50    0.00  -12.74 6.492E-02

  10.589 33.026 10.92    0.68   -8.35    0.54    0.00   -7.81  1.161
   3.190  0.786  3.85    0.73  -13.92    0.57    0.00  -13.35 5.258E-02

  10.589 33.283 11.14    0.70   -8.96    0.64    0.00   -8.32  1.263
   3.207  0.804  3.59    0.76  -14.62    0.66    0.00  -13.96 4.206E-02

  0.000 0.000  0.000 .000  0.00  0.00  0.00  0.00  0.00  0.00 0.000
                           0.00  0.00  0.00  0.00  0.00  0.00 0.000E+00

