EXTERNAL/TSAI:  VERSION OF 8/8/96

Marathon                                                                
H3_kin4.inp                                                             
                                                                        
Hall A 2018: 25 cm Tritium target                                       
Nominal values - not exact                                              

----*----1----*----2----*----3----*----4----*----5----*----6----*----7--
                                                                        

TARGET (iZ,iA) = (  1,  3);   avgA =   3.000; amuM=  3.016; avgM=  2.809
 targ=TRITIUM; ttarg(rl)=0.00045; twall=0.00481; tbeam=0.00342; tspec=0.00732
         Nseg  =   4
 MODELS: P elastc(ikk)=14; deut elastic=13; inelastc=206; Pauli Supresion= 4
 NUCLEAR METHOD= 1;   NUCLEAR_MODEL= 1
 DIS MODEL=**

    E1    TH    Q2 COS_K         SMR     NUC          INT-SMR
    EP     X    W2 QE-PK  INELA  Q-ELA  ELAST   TOTAL  MODEL

  10.589 20.373  3.96    1.97   10.22    1.27    0.04   11.53  0.873
   2.990  0.278 11.18    2.17    8.26    1.37    0.04    9.67 8.264E+00

  10.589 20.694  4.14    1.80    9.22    1.12    0.03   10.37  0.871
   3.030  0.292 10.92    1.99    7.04    1.21    0.03    8.29 7.450E+00

  10.589 21.123  4.38    1.63    8.01    0.97    0.02    9.00  0.867
   3.076  0.311 10.60    1.78    5.58    1.05    0.02    6.64 6.482E+00

  10.589 21.680  4.64    1.49    6.95    0.85    0.01    7.81  0.862
   3.095  0.330 10.31    1.63    4.29    0.92    0.01    5.23 5.502E+00

  10.589 22.314  4.91    1.39    5.97    0.76    0.01    6.74  0.855
   3.099  0.350 10.02    1.51    3.12    0.82    0.01    3.94 4.595E+00

  10.589 22.878  5.18    1.29    5.05    0.67    0.01    5.74  0.848
   3.109  0.369  9.74    1.40    2.01    0.73    0.01    2.74 3.880E+00

  10.589 23.217  5.40    1.19    4.14    0.60    0.00    4.74  0.841
   3.151  0.387  9.43    1.28    0.90    0.64    0.00    1.55 3.402E+00

  10.589 23.466  5.59    1.11    3.36    0.54    0.00    3.90  0.834
   3.194  0.403  9.16    1.19   -0.04    0.58    0.00    0.54 3.049E+00

  0.000 0.000  0.000 .000  0.00  0.00  0.00  0.00  0.00  0.00 0.000
                           0.00  0.00  0.00  0.00  0.00  0.00 0.000E+00

