  0.100  0.0150   6.00000       65.8757237449
  0.110  0.0150   6.00000       58.0299231195
  0.120  0.0150   6.00000       50.1037503357
  0.130  0.0150   6.00000       42.1647863411
  0.140  0.0150   6.00000       34.3473395246
  0.150  0.0150   6.00000       26.8290124039
  0.160  0.0150   6.00000       19.8262739583
  0.170  0.0150   6.00000       13.5346446705
  0.180  0.0150   6.00000        8.1904107007
  0.190  0.0150   6.00000        4.0074904381
  0.200  0.0150   6.00000        1.2089053506
  0.210  0.0150   6.00000        0.0254115208
  0.220  0.0150   6.00000        0.6727672327
  0.230  0.0150   6.00000        3.3709602164
  0.240  0.0150   6.00000        8.3473882724
  0.250  0.0150   6.00000       15.7965422056
  0.260  0.0150   6.00000       25.9461733617
  0.270  0.0150   6.00000       39.0073681094
  0.280  0.0150   6.00000       55.1724597670
  0.290  0.0150   6.00000       74.6567246210
  0.300  0.0150   6.00000       97.6783563372
