  0.100  0.0150   6.00000      527.1352638135
  0.110  0.0150   6.00000      450.2365992214
  0.120  0.0150   6.00000      371.2037673126
  0.130  0.0150   6.00000      292.6833178728
  0.140  0.0150   6.00000      220.8827825115
  0.150  0.0150   6.00000      158.2103661609
  0.160  0.0150   6.00000      105.5054514934
  0.170  0.0150   6.00000       63.3401121095
  0.180  0.0150   6.00000       31.8504396392
  0.190  0.0150   6.00000       10.8446313427
  0.200  0.0150   6.00000        0.7242896620
  0.210  0.0150   6.00000        2.6542367956
  0.220  0.0150   6.00000       16.9405780974
  0.230  0.0150   6.00000       44.1308222721
  0.240  0.0150   6.00000       85.3941937726
  0.250  0.0150   6.00000      142.5296496000
  0.260  0.0150   6.00000      217.9040900661
  0.270  0.0150   6.00000      313.0566876326
  0.280  0.0150   6.00000      429.3067598556
  0.290  0.0150   6.00000      569.5131241391
  0.300  0.0150   6.00000      736.2862326970
