  0.100  0.0150   6.00000        0.9195451208
  0.110  0.0150   6.00000        0.8451470371
  0.120  0.0150   6.00000        0.7727900233
  0.130  0.0150   6.00000        0.6981868279
  0.140  0.0150   6.00000        0.6256919948
  0.150  0.0150   6.00000        0.5562018203
  0.160  0.0150   6.00000        0.4865857669
  0.170  0.0150   6.00000        0.4168551921
  0.180  0.0150   6.00000        0.3480005538
  0.190  0.0150   6.00000        0.2823154146
  0.200  0.0150   6.00000        0.2193058854
  0.210  0.0150   6.00000        0.1604004755
  0.220  0.0150   6.00000        0.1087577980
  0.230  0.0150   6.00000        0.0640367822
  0.240  0.0150   6.00000        0.0299090732
  0.250  0.0150   6.00000        0.0075164105
  0.260  0.0150   6.00000        0.0000153565
  0.270  0.0150   6.00000        0.0099683778
  0.280  0.0150   6.00000        0.0409121610
  0.290  0.0150   6.00000        0.0949660794
  0.300  0.0150   6.00000        0.1763714756
