  0.100  0.0150   6.00000        3.3159369247
  0.110  0.0150   6.00000        3.2693128165
  0.120  0.0150   6.00000        3.2187418175
  0.130  0.0150   6.00000        3.1645783078
  0.140  0.0150   6.00000        3.1072403348
  0.150  0.0150   6.00000        3.0472588516
  0.160  0.0150   6.00000        2.9852046705
  0.170  0.0150   6.00000        2.9215953487
  0.180  0.0150   6.00000        2.8570271640
  0.190  0.0150   6.00000        2.7918551384
  0.200  0.0150   6.00000        2.7263019878
  0.210  0.0150   6.00000        2.6607379260
  0.220  0.0150   6.00000        2.5956333927
  0.230  0.0150   6.00000        2.5319127290
  0.240  0.0150   6.00000        2.4710717413
  0.250  0.0150   6.00000        2.4109587009
  0.260  0.0150   6.00000        2.3513307043
  0.270  0.0150   6.00000        2.2934777690
  0.280  0.0150   6.00000        2.2392893033
  0.290  0.0150   6.00000        2.1858837863
  0.300  0.0150   6.00000        2.1342973923
