  0.100  0.0150   6.00000       37.3735447816
  0.110  0.0150   6.00000       32.5765470885
  0.120  0.0150   6.00000       28.3448630400
  0.130  0.0150   6.00000       24.7175203165
  0.140  0.0150   6.00000       21.6775245488
  0.150  0.0150   6.00000       19.1837587836
  0.160  0.0150   6.00000       17.1792833715
  0.170  0.0150   6.00000       15.6029371364
  0.180  0.0150   6.00000       14.3923143601
  0.190  0.0150   6.00000       13.4900289585
  0.200  0.0150   6.00000       12.8464867231
  0.210  0.0150   6.00000       12.4200324815
  0.220  0.0150   6.00000       12.1782064586
  0.230  0.0150   6.00000       12.0920578787
  0.240  0.0150   6.00000       12.1390329291
  0.250  0.0150   6.00000       12.2980462101
  0.260  0.0150   6.00000       12.5599661612
  0.270  0.0150   6.00000       12.9030450365
  0.280  0.0150   6.00000       13.3188072297
  0.290  0.0150   6.00000       13.7949498555
  0.300  0.0150   6.00000       14.3188484510
