  0.100  0.0150   6.00000      198.4339124698
  0.110  0.0150   6.00000      174.5398308396
  0.120  0.0150   6.00000      152.2541493112
  0.130  0.0150   6.00000      131.6189532837
  0.140  0.0150   6.00000      112.5108452781
  0.150  0.0150   6.00000       94.3601766803
  0.160  0.0150   6.00000       76.5289013812
  0.170  0.0150   6.00000       60.1296952630
  0.180  0.0150   6.00000       45.1992066564
  0.190  0.0150   6.00000       31.6983484988
  0.200  0.0150   6.00000       19.8828425141
  0.210  0.0150   6.00000       10.2779990646
  0.220  0.0150   6.00000        3.4851082131
  0.230  0.0150   6.00000        0.1867994897
  0.240  0.0150   6.00000        1.2215354150
  0.250  0.0150   6.00000        7.5474571857
  0.260  0.0150   6.00000       20.2472611142
  0.270  0.0150   6.00000       40.4976667507
  0.280  0.0150   6.00000       69.5543219136
  0.290  0.0150   6.00000      108.9327998038
  0.300  0.0150   6.00000      159.9564905692
