  0.100  0.0150   6.00000       22.7422192884
  0.110  0.0150   6.00000       19.6253683161
  0.120  0.0150   6.00000       16.7155259929
  0.130  0.0150   6.00000       14.0578869126
  0.140  0.0150   6.00000       11.6740942597
  0.150  0.0150   6.00000        9.5672683611
  0.160  0.0150   6.00000        7.7328557053
  0.170  0.0150   6.00000        6.1528401848
  0.180  0.0150   6.00000        4.8108867423
  0.190  0.0150   6.00000        3.6845053765
  0.200  0.0150   6.00000        2.7520717317
  0.210  0.0150   6.00000        1.9950832170
  0.220  0.0150   6.00000        1.3881445812
  0.230  0.0150   6.00000        0.9175755092
  0.240  0.0150   6.00000        0.5630965372
  0.250  0.0150   6.00000        0.3061525653
  0.260  0.0150   6.00000        0.1361943788
  0.270  0.0150   6.00000        0.0381885151
  0.280  0.0150   6.00000        0.0011444167
  0.290  0.0150   6.00000        0.0145666608
  0.300  0.0150   6.00000        0.0710413727
