  0.100  0.0150   6.00000        6.4621424845
  0.110  0.0150   6.00000        5.3749231386
  0.120  0.0150   6.00000        4.3840716174
  0.130  0.0150   6.00000        3.4981572272
  0.140  0.0150   6.00000        2.7183347111
  0.150  0.0150   6.00000        2.0410450403
  0.160  0.0150   6.00000        1.4635469438
  0.170  0.0150   6.00000        0.9822254842
  0.180  0.0150   6.00000        0.5987264922
  0.190  0.0150   6.00000        0.3140533329
  0.200  0.0150   6.00000        0.1252267564
  0.210  0.0150   6.00000        0.0244869878
  0.220  0.0150   6.00000        0.0009363777
  0.230  0.0150   6.00000        0.0428190010
  0.240  0.0150   6.00000        0.1366997407
  0.250  0.0150   6.00000        0.2712010877
  0.260  0.0150   6.00000        0.4341314832
  0.270  0.0150   6.00000        0.6142586612
  0.280  0.0150   6.00000        0.8035033804
  0.290  0.0150   6.00000        0.9938108730
  0.300  0.0150   6.00000        1.1721785125
