  0.100  0.0150   6.00000       64.4118517518
  0.110  0.0150   6.00000       31.5160510472
  0.120  0.0150   6.00000       14.3338549425
  0.130  0.0150   6.00000        5.7299234595
  0.140  0.0150   6.00000        1.7680332134
  0.150  0.0150   6.00000        0.2656853892
  0.160  0.0150   6.00000        0.0112577482
  0.170  0.0150   6.00000        0.3315827945
  0.180  0.0150   6.00000        0.8475085842
  0.190  0.0150   6.00000        1.3419029571
  0.200  0.0150   6.00000        1.6822104918
  0.210  0.0150   6.00000        1.8133404222
  0.220  0.0150   6.00000        1.7484748701
  0.230  0.0150   6.00000        1.5459316531
  0.240  0.0150   6.00000        1.2455024914
  0.250  0.0150   6.00000        0.8840597530
  0.260  0.0150   6.00000        0.5222502812
  0.270  0.0150   6.00000        0.2174722992
  0.280  0.0150   6.00000        0.0300134327
  0.290  0.0150   6.00000        0.0253332445
  0.300  0.0150   6.00000        0.2772476274
