                                           ************ internal ***************  +++++++ internal  + external ++++++++
    E        Ep      Th       s_born       s_rad        s_elas       s_dis        s_rad        s_elas       s_dis
   10.5900   3.1295  14.4611  0.38268E+02  0.45932E+02  0.16266E+00  0.44598E+02  0.45894E+02  0.16351E+00  0.44483E+02
   10.5900   3.1295  14.9380  0.33364E+02  0.39690E+02  0.11737E+00  0.38633E+02  0.39576E+02  0.11797E+00  0.38457E+02
   10.5900   3.1295  15.4005  0.29261E+02  0.34518E+02  0.85283E-01  0.33672E+02  0.34353E+02  0.85699E-01  0.33457E+02
   10.5900   3.1295  15.8498  0.25798E+02  0.30192E+02  0.62334E-01  0.29511E+02  0.29993E+02  0.62626E-01  0.29271E+02
   10.5900   3.1295  16.2871  0.22848E+02  0.26533E+02  0.45786E-01  0.25980E+02  0.26313E+02  0.45991E-01  0.25727E+02
   10.5900   3.1295  16.7132  0.20317E+02  0.23424E+02  0.33779E-01  0.22972E+02  0.23191E+02  0.33924E-01  0.22712E+02
   10.5900   3.1295  17.1290  0.18130E+02  0.20755E+02  0.25013E-01  0.20384E+02  0.20517E+02  0.25116E-01  0.20124E+02
   10.5900   3.1295  17.5352  0.16230E+02  0.18456E+02  0.18580E-01  0.18149E+02  0.18217E+02  0.18653E-01  0.17892E+02
   10.5900   3.1295  17.9325  0.14570E+02  0.16461E+02  0.13837E-01  0.16207E+02  0.16224E+02  0.13890E-01  0.15955E+02
   10.5900   3.1295  18.3215  0.13111E+02  0.14723E+02  0.10327E-01  0.14511E+02  0.14491E+02  0.10364E-01  0.14267E+02
   10.5900   3.1295  18.7026  0.11825E+02  0.13199E+02  0.77207E-02  0.13021E+02  0.12973E+02  0.77479E-02  0.12785E+02
   10.5900   3.1295  19.0764  0.10686E+02  0.11858E+02  0.57801E-02  0.11709E+02  0.11641E+02  0.57996E-02  0.11483E+02
   10.5900   3.1295  19.4433  0.96735E+01  0.10674E+02  0.43316E-02  0.10549E+02  0.10465E+02  0.43456E-02  0.10332E+02
   10.5900   3.1295  19.8037  0.87701E+01  0.96253E+01  0.32483E-02  0.95193E+01  0.94256E+01  0.32583E-02  0.93133E+01
   10.5900   3.1295  20.1578  0.79622E+01  0.86926E+01  0.24371E-02  0.86026E+01  0.85023E+01  0.24442E-02  0.84070E+01
   10.5900   3.1295  20.5061  0.72372E+01  0.78613E+01  0.18286E-02  0.77849E+01  0.76804E+01  0.18337E-02  0.75995E+01
   10.5900   3.1295  20.8489  0.65851E+01  0.71173E+01  0.13718E-02  0.70522E+01  0.69459E+01  0.13754E-02  0.68769E+01
   10.5900   3.1295  21.1863  0.59973E+01  0.64516E+01  0.10286E-02  0.63960E+01  0.62894E+01  0.10312E-02  0.62305E+01
   10.5900   3.1295  21.5187  0.54661E+01  0.58527E+01  0.77074E-03  0.58051E+01  0.56995E+01  0.77255E-03  0.56491E+01
   10.5900   3.1295  21.8462  0.49854E+01  0.53134E+01  0.57693E-03  0.52725E+01  0.51689E+01  0.57821E-03  0.51257E+01
   10.5900   3.1295  22.1692  0.45494E+01  0.48273E+01  0.43123E-03  0.47921E+01  0.46913E+01  0.43213E-03  0.46541E+01
   10.5900   3.1295  22.4877  0.41535E+01  0.43878E+01  0.32183E-03  0.43576E+01  0.42601E+01  0.32246E-03  0.42280E+01
   10.5900   3.1295  22.8020  0.37933E+01  0.39903E+01  0.23970E-03  0.39641E+01  0.38702E+01  0.24014E-03  0.38426E+01
   10.5900   3.1295  23.1123  0.34652E+01  0.36300E+01  0.17814E-03  0.36074E+01  0.35175E+01  0.17844E-03  0.34936E+01
   10.5900   3.1295  23.4187  0.31660E+01  0.33030E+01  0.13207E-03  0.32834E+01  0.31976E+01  0.13228E-03  0.31768E+01
   10.5900   3.1295  23.7213  0.28929E+01  0.30061E+01  0.97673E-04  0.29891E+01  0.29075E+01  0.97811E-04  0.28895E+01
   10.5900   3.1295  24.0204  0.26433E+01  0.27359E+01  0.72035E-04  0.27212E+01  0.26438E+01  0.72127E-04  0.26282E+01
   10.5900   3.1295  24.3160  0.24151E+01  0.24903E+01  0.52989E-04  0.24774E+01  0.24043E+01  0.53049E-04  0.23907E+01
   10.5900   3.1295  24.6082  0.22063E+01  0.22665E+01  0.38885E-04  0.22554E+01  0.21864E+01  0.38924E-04  0.21745E+01
   10.5900   3.1295  24.8973  0.20150E+01  0.20624E+01  0.28471E-04  0.20527E+01  0.19877E+01  0.28496E-04  0.19774E+01
   10.5900   3.1295  25.1832  0.18399E+01  0.18763E+01  0.20819E-04  0.18678E+01  0.18068E+01  0.20834E-04  0.17978E+01
   10.5900   3.1295  25.4661  0.16794E+01  0.17064E+01  0.15214E-04  0.16990E+01  0.16419E+01  0.15224E-04  0.16340E+01
   10.5900   3.1295  25.7461  0.15322E+01  0.15514E+01  0.11127E-04  0.15449E+01  0.14915E+01  0.11133E-04  0.14846E+01
   10.5900   3.1295  26.0233  0.13973E+01  0.14100E+01  0.81598E-05  0.14042E+01  0.13544E+01  0.81634E-05  0.13484E+01
   10.5900   3.1295  26.2978  0.12736E+01  0.12808E+01  0.60136E-05  0.12758E+01  0.12294E+01  0.60156E-05  0.12240E+01
   10.5900   3.1295  26.5697  0.11601E+01  0.11628E+01  0.44670E-05  0.11583E+01  0.11152E+01  0.44679E-05  0.11105E+01
   10.5900   3.1295  26.8390  0.10561E+01  0.10550E+01  0.33557E-05  0.10511E+01  0.10110E+01  0.33560E-05  0.10069E+01
   10.5900   3.1295  27.1058  0.96073E+00  0.95659E+00  0.25583E-05  0.95314E+00  0.91600E+00  0.25581E-05  0.91235E+00
   10.5900   3.1295  27.3702  0.87334E+00  0.86676E+00  0.19855E-05  0.86372E+00  0.82936E+00  0.19851E-05  0.82613E+00
   10.5900   3.1295  27.6323  0.79326E+00  0.78480E+00  0.15726E-05  0.78211E+00  0.75036E+00  0.15721E-05  0.74751E+00
   10.5900   3.1295  27.8921  0.71992E+00  0.70995E+00  0.12728E-05  0.70757E+00  0.67829E+00  0.12723E-05  0.67576E+00
   10.5900   3.1295  28.1497  0.65278E+00  0.64179E+00  0.10524E-05  0.63968E+00  0.61272E+00  0.10519E-05  0.61049E+00
   10.5900   3.1295  28.4051  0.59136E+00  0.57962E+00  0.88771E-06  0.57774E+00  0.55296E+00  0.88717E-06  0.55098E+00
   10.5900   3.1295  28.6585  0.53518E+00  0.52300E+00  0.76179E-06  0.52133E+00  0.49859E+00  0.76125E-06  0.49682E+00
   10.5900   3.1295  28.9098  0.48385E+00  0.47146E+00  0.66311E-06  0.46997E+00  0.44914E+00  0.66258E-06  0.44756E+00
   10.5900   3.1295  29.1592  0.43696E+00  0.42446E+00  0.58365E-06  0.42313E+00  0.40408E+00  0.58311E-06  0.40267E+00
   10.5900   3.1295  29.4066  0.39419E+00  0.38180E+00  0.51796E-06  0.38061E+00  0.36321E+00  0.51743E-06  0.36195E+00
   10.5900   3.1295  29.6521  0.35520E+00  0.34303E+00  0.46233E-06  0.34196E+00  0.32610E+00  0.46180E-06  0.32497E+00
   10.5900   3.1295  29.8959  0.31967E+00  0.30784E+00  0.41421E-06  0.30688E+00  0.29244E+00  0.41370E-06  0.29143E+00
   10.5900   3.1295  30.1378  0.28734E+00  0.27591E+00  0.37190E-06  0.27504E+00  0.26193E+00  0.37141E-06  0.26102E+00
   10.5900   3.1295  30.3779  0.25796E+00  0.24698E+00  0.33418E-06  0.24620E+00  0.23431E+00  0.33371E-06  0.23349E+00
   10.5900   3.1295  30.6164  0.23127E+00  0.22080E+00  0.30019E-06  0.22010E+00  0.20934E+00  0.29974E-06  0.20859E+00
   10.5900   3.1295  30.8532  0.20706E+00  0.19714E+00  0.26937E-06  0.19650E+00  0.18678E+00  0.26894E-06  0.18610E+00
   10.5900   3.1295  31.0884  0.18512E+00  0.17576E+00  0.24129E-06  0.17518E+00  0.16641E+00  0.24088E-06  0.16580E+00
   10.5900   3.1295  31.3219  0.16527E+00  0.15648E+00  0.21565E-06  0.15595E+00  0.14806E+00  0.21526E-06  0.14750E+00
   10.5900   3.1295  31.5540  0.14732E+00  0.13911E+00  0.19220E-06  0.13862E+00  0.13154E+00  0.19183E-06  0.13102E+00
   10.5900   3.1295  31.7845  0.13112E+00  0.12347E+00  0.17078E-06  0.12302E+00  0.11667E+00  0.17044E-06  0.11620E+00
   10.5900   3.1295  32.0135  0.11652E+00  0.10942E+00  0.15121E-06  0.10901E+00  0.10333E+00  0.15090E-06  0.10290E+00
   10.5900   3.1295  32.2411  0.10337E+00  0.96810E-01  0.13340E-06  0.96427E-01  0.91361E-01  0.13311E-06  0.90959E-01
   10.5900   3.1295  32.4672  0.91564E-01  0.85515E-01  0.11725E-06  0.85160E-01  0.80650E-01  0.11699E-06  0.80277E-01
   10.5900   3.1295  32.6919  0.80967E-01  0.75414E-01  0.10266E-06  0.75081E-01  0.71077E-01  0.10242E-06  0.70729E-01
   10.5900   3.1295  32.9153  0.71472E-01  0.66388E-01  0.89562E-07  0.66076E-01  0.62530E-01  0.89339E-07  0.62204E-01
   10.5900   3.1295  33.1374  0.62980E-01  0.58340E-01  0.77846E-07  0.58046E-01  0.54913E-01  0.77644E-07  0.54607E-01
   10.5900   3.1295  33.3581  0.55406E-01  0.51183E-01  0.67455E-07  0.50904E-01  0.48145E-01  0.67273E-07  0.47856E-01
   10.5900   3.1295  33.5776  0.48657E-01  0.44820E-01  0.58281E-07  0.44556E-01  0.42132E-01  0.58118E-07  0.41858E-01
   10.5900   3.1295  33.7957  0.42659E-01  0.39184E-01  0.50234E-07  0.38931E-01  0.36808E-01  0.50088E-07  0.36547E-01
   10.5900   3.1295  34.0127  0.37330E-01  0.34191E-01  0.43203E-07  0.33948E-01  0.32096E-01  0.43074E-07  0.31845E-01
   10.5900   3.1295  34.2284  0.32611E-01  0.29777E-01  0.37096E-07  0.29543E-01  0.27933E-01  0.36981E-07  0.27692E-01
   10.5900   3.1295  34.4430  0.28441E-01  0.25888E-01  0.31805E-07  0.25661E-01  0.24266E-01  0.31704E-07  0.24033E-01
   10.5900   3.1295  34.6564  0.24768E-01  0.22471E-01  0.27241E-07  0.22249E-01  0.21046E-01  0.27151E-07  0.20820E-01
