EXTERNAL/TSAI:  VERSION OF 8/8/96

Marathon                                                                
D2_kin0.inp                                                             
                                                                        
Hall A 2018: 25 cm Deuterium target                                     
Nominal values - not exact                                              

----*----1----*----2----*----3----*----4----*----5----*----6----*----7--
                                                                        

TARGET (iZ,iA) = (  1,  2);   avgA =   2.000; amuM=  2.013; avgM=  1.875
 targ=TRITIUM; ttarg(rl)=0.00114; twall=0.00445; tbeam=0.00298; tspec=0.00759
         Nseg  =   4
 MODELS: P elastc(ikk)=14; deut elastic=13; inelastc=206; Pauli Supresion= 4
 NUCLEAR METHOD= 1;   NUCLEAR_MODEL= 1
 DIS MODEL=211

    E1    TH    Q2 COS_K         SMR     NUC          INT-SMR
    EP     X    W2 QE-PK  INELA  Q-ELA  ELAST   TOTAL  MODEL

 Deut Elastic Model: ia,iamec,rsc,rscmec (1,2,3,4)=  3
 TJON DEUT ELASTIC FILESS TO BE OPEN=rscctj.tjon_input   rscqtj.tjon_input   rscmtj.tjon_input   
  10.589 15.694  2.42    4.17   18.48    3.51    0.13   22.12  0.960
   3.063  0.171 12.59    4.71   18.52    3.80    0.13   22.45 1.884E+01

  10.589 16.561  2.72    3.48   16.15    2.82    0.09   19.05  0.965
   3.098  0.194 12.22    3.91   15.65    3.04    0.09   18.78 1.490E+01

  10.589 17.648  3.09    2.91   13.84    2.25    0.06   16.14  0.969
   3.104  0.220 11.83    3.24   12.82    2.43    0.06   15.30 1.122E+01

  10.589 18.241  3.35    2.51   12.10    1.86    0.04   14.00  0.970
   3.152  0.240 11.48    2.78   10.70    2.01    0.04   12.75 9.498E+00

  0.000 0.000  0.000 .000  0.00  0.00  0.00  0.00  0.00  0.00 0.000
                           0.00  0.00  0.00  0.00  0.00  0.00 0.000E+00

