EXTERNAL/TSAI:  VERSION OF 8/8/96

Marathon                                                                
test1.inp                                                               
                                                                        
Hall A 2018: 25 cm Deuterium target                                     
Nominal values - not exact                                              

----*----1----*----2----*----3----*----4----*----5----*----6----*----7--
                                                                        

TARGET (iZ,iA) = (  1,  1);   avgA =   1.000; amuM=  1.007; avgM=  0.938
 targ=TRITIUM; ttarg(rl)=0.00113; twall=0.00481; tbeam=0.00342; tspec=0.00732
         Nseg  =   4
 MODELS: P elastc(ikk)=14; deut elastic=13; inelastc=206; Pauli Supresion= 4
 NUCLEAR METHOD= 1;   NUCLEAR_MODEL= 1
 DIS MODEL= 1

    E1    TH    Q2 COS_K         SMR     NUC          INT-SMR
    EP     X    W2 QE-PK  INELA  Q-ELA  ELAST   TOTAL  MODEL

  10.589 16.799  2.77    4.78   15.50    0.00    4.88   20.38  1.000
   3.066  0.196 12.23    5.41   15.26    0.00    5.51   20.76 8.024E+00

  10.589 17.871  3.15    3.85   13.51    0.00    3.92   17.43  1.000
   3.086  0.224 11.81    4.32   12.71    0.00    4.39   17.10 6.126E+00

  10.589 18.787  3.51    3.19   11.78    0.00    3.23   15.02  1.000
   3.109  0.250 11.41    3.55   10.52    0.00    3.60   14.12 4.861E+00

  0.000 0.000  0.000 .000  0.00  0.00  0.00  0.00  0.00  0.00 0.000
                           0.00  0.00  0.00  0.00  0.00  0.00 0.000E+00

