EXTERNAL/TSAI:  VERSION OF 8/8/96

Marathon                                                                
test1.inp                                                               
                                                                        
Hall A 2018: 25 cm Deuterium target                                     
Nominal values - not exact                                              

----*----1----*----2----*----3----*----4----*----5----*----6----*----7--
                                                                        

TARGET (iZ,iA) = (  1,  2);   avgA =   2.000; amuM=  2.013; avgM=  1.875
 targ=TRITIUM; ttarg(rl)=0.00114; twall=0.00481; tbeam=0.00342; tspec=0.00732
         Nseg  =   4
 MODELS: P elastc(ikk)=14; deut elastic=13; inelastc=206; Pauli Supresion= 4
 NUCLEAR METHOD= 1;   NUCLEAR_MODEL= 1
 DIS MODEL= 1

    E1    TH    Q2 COS_K         SMR     NUC          INT-SMR
    EP     X    W2 QE-PK  INELA  Q-ELA  ELAST   TOTAL  MODEL

 Deut Elastic Model: ia,iamec,rsc,rscmec (1,2,3,4)=  3
 TJON DEUT ELASTIC FILESS TO BE OPEN=rscctj.tjon_input   rscqtj.tjon_input   rscmtj.tjon_input   
  10.589 16.799  2.77    3.46   14.27    2.80    0.08   17.16  0.967
   3.066  0.196 12.23    3.93   13.59    3.06    0.08   16.73 1.416E+01

  10.589 17.871  3.15    2.88   12.38    2.21    0.05   14.64  0.967
   3.086  0.224 11.81    3.24   11.21    2.41    0.05   13.68 1.062E+01

  10.589 18.787  3.51    2.45   10.76    1.79    0.04   12.59  0.970
   3.109  0.250 11.41    2.74    9.16    1.95    0.04   11.15 8.293E+00

  0.000 0.000  0.000 .000  0.00  0.00  0.00  0.00  0.00  0.00 0.000
                           0.00  0.00  0.00  0.00  0.00  0.00 0.000E+00

