EXTERNAL/TSAI:  VERSION OF 8/8/96

Marathon                                                                
D2_kin3.inp                                                             
                                                                        
Hall A 2018: 25 cm Deuterium target                                     
Nominal values - not exact                                              

----*----1----*----2----*----3----*----4----*----5----*----6----*----7--
                                                                        

TARGET (iZ,iA) = (  1,  2);   avgA =   2.000; amuM=  2.013; avgM=  1.875
 targ=TRITIUM; ttarg(rl)=0.00114; twall=0.00481; tbeam=0.00342; tspec=0.00732
         Nseg  =   4
 MODELS: P elastc(ikk)=14; deut elastic=13; inelastc=206; Pauli Supresion= 4
 NUCLEAR METHOD= 1;   NUCLEAR_MODEL= 1
 DIS MODEL=**

    E1    TH    Q2 COS_K         SMR     NUC          INT-SMR
    EP     X    W2 QE-PK  INELA  Q-ELA  ELAST   TOTAL  MODEL

 Deut Elastic Model: ia,iamec,rsc,rscmec (1,2,3,4)=  3
 TJON DEUT ELASTIC FILESS TO BE OPEN=rscctj.tjon_input   rscqtj.tjon_input   rscmtj.tjon_input   
  10.589 18.924  3.42    2.80   11.98    2.11    0.05   14.13  0.969
   2.984  0.239 11.74    3.15   10.71    2.31    0.05   13.07 8.323E+00

  10.589 19.262  3.59    2.53   11.00    1.86    0.04   12.89  0.969
   3.027  0.253 11.48    2.84    9.50    2.03    0.04   11.56 7.518E+00

  10.589 19.701  3.82    2.24    9.82    1.58    0.03   11.43  0.969
   3.078  0.271 11.16    2.50    8.03    1.73    0.03    9.78 6.584E+00

  10.589 20.295  4.07    2.02    8.77    1.37    0.02   10.16  0.968
   3.098  0.290 10.87    2.24    6.72    1.50    0.02    8.23 5.587E+00

  10.589 20.972  4.35    1.84    7.77    1.20    0.02    8.99  0.966
   3.101  0.310 10.58    2.03    5.48    1.31    0.02    6.80 4.662E+00

  10.589 21.576  4.62    1.68    6.82    1.05    0.01    7.89  0.962
   3.111  0.329 10.30    1.84    4.31    1.15    0.01    5.47 3.941E+00

  10.589 21.916  4.83    1.52    5.89    0.92    0.01    6.82  0.959
   3.157  0.346 10.00    1.66    3.16    1.00    0.01    4.17 3.498E+00

  10.589 22.216  5.02    1.40    5.12    0.82    0.01    5.95  0.956
   3.195  0.362  9.73    1.53    2.20    0.89    0.01    3.10 3.141E+00

  0.000 0.000  0.000 .000  0.00  0.00  0.00  0.00  0.00  0.00 0.000
                           0.00  0.00  0.00  0.00  0.00  0.00 0.000E+00

