EXTERNAL/TSAI:  VERSION OF 8/8/96

Marathon                                                                
He3_kin5.inp                                                            
                                                                        
Hall A 2018: 25 cm He3 target                                           
Nominal values - not exact                                              

----*----1----*----2----*----3----*----4----*----5----*----6----*----7--
                                                                        

TARGET (iZ,iA) = (  2,  3);   avgA =   3.000; amuM=  3.016; avgM=  2.809
 targ=TRITIUM; ttarg(rl)=0.00075; twall=0.00481; tbeam=0.00342; tspec=0.00732
         Nseg  =   4
 MODELS: P elastc(ikk)=14; deut elastic=13; inelastc=206; Pauli Supresion= 4
 NUCLEAR METHOD= 1;   NUCLEAR_MODEL= 1
 DIS MODEL=**

    E1    TH    Q2 COS_K         SMR     NUC          INT-SMR
    EP     X    W2 QE-PK  INELA  Q-ELA  ELAST   TOTAL  MODEL

  10.589 21.700  4.50    2.10    8.99    1.19    0.02   10.19  0.845
   2.999  0.316 10.62    2.31    6.83    1.29    0.02    8.13 6.370E+00

  10.589 22.024  4.69    1.92    8.00    1.05    0.01    9.07  0.844
   3.038  0.331 10.36    2.10    5.64    1.14    0.01    6.79 5.733E+00

  10.589 22.441  4.94    1.72    6.88    0.91    0.01    7.80  0.843
   3.079  0.350 10.03    1.88    4.27    0.98    0.01    5.27 5.005E+00

  10.589 22.971  5.20    1.58    5.90    0.80    0.01    6.71  0.841
   3.096  0.370  9.74    1.71    3.08    0.87    0.01    3.96 4.283E+00

  10.589 23.568  5.48    1.46    4.99    0.72    0.00    5.71  0.838
   3.100  0.390  9.46    1.58    1.99    0.78    0.00    2.77 3.611E+00

  10.589 24.107  5.74    1.35    4.13    0.64    0.00    4.77  0.835
   3.109  0.409  9.17    1.46    0.95    0.70    0.00    1.65 3.070E+00

  10.589 24.433  5.97    1.24    3.24    0.57    0.00    3.82  0.832
   3.149  0.428  8.87    1.33   -0.13    0.62    0.00    0.49 2.696E+00

  10.589 24.670  6.16    1.15    2.50    0.52    0.00    3.02  0.829
   3.189  0.444  8.60    1.23   -1.03    0.56    0.00   -0.47 2.419E+00

  0.000 0.000  0.000 .000  0.00  0.00  0.00  0.00  0.00  0.00 0.000
                           0.00  0.00  0.00  0.00  0.00  0.00 0.000E+00

