EXTERNAL/TSAI:  VERSION OF 8/8/96

Marathon                                                                
D2_kin9.inp                                                             
                                                                        
Hall A 2018: 25 cm Deuterium target                                     
Nominal values - not exact                                              

----*----1----*----2----*----3----*----4----*----5----*----6----*----7--
                                                                        

TARGET (iZ,iA) = (  1,  2);   avgA =   2.000; amuM=  2.013; avgM=  1.875
 targ=TRITIUM; ttarg(rl)=0.00114; twall=0.00481; tbeam=0.00342; tspec=0.00732
         Nseg  =   4
 MODELS: P elastc(ikk)=14; deut elastic=13; inelastc=206; Pauli Supresion= 4
 NUCLEAR METHOD= 1;   NUCLEAR_MODEL= 1
 DIS MODEL=**

    E1    TH    Q2 COS_K         SMR     NUC          INT-SMR
    EP     X    W2 QE-PK  INELA  Q-ELA  ELAST   TOTAL  MODEL

 Deut Elastic Model: ia,iamec,rsc,rscmec (1,2,3,4)=  3
 TJON DEUT ELASTIC FILESS TO BE OPEN=rscctj.tjon_input   rscqtj.tjon_input   rscmtj.tjon_input   
  10.589 26.211  6.51    1.15    2.08    0.59    0.00    2.67  0.934
   2.990  0.457  8.63    1.24   -1.47    0.64    0.00   -0.83 1.156E+00

  10.589 26.472  6.70    1.09    1.47    0.54    0.00    2.01  0.931
   3.018  0.472  8.39    1.16   -2.22    0.59    0.00   -1.62 1.034E+00

  10.589 26.810  6.94    1.01    0.74    0.49    0.00    1.23  0.926
   3.049  0.491  8.09    1.08   -3.11    0.54    0.00   -2.58 8.943E-01

  10.589 27.156  7.19    0.94    0.00    0.45    0.00    0.45  0.923
   3.080  0.510  7.78    1.01   -4.01    0.49    0.00   -3.52 7.671E-01

  10.589 27.573  7.45    0.89   -0.65    0.42    0.00   -0.24  0.919
   3.096  0.530  7.49    0.95   -4.81    0.46    0.00   -4.36 6.495E-01

  10.589 28.073  7.72    0.85   -1.29    0.39    0.00   -0.90  0.916
   3.100  0.550  7.21    0.90   -5.58    0.43    0.00   -5.15 5.404E-01

  10.589 28.518  7.99    0.81   -1.93    0.37    0.00   -1.55  0.913
   3.110  0.569  6.92    0.86   -6.35    0.41    0.00   -5.95 4.509E-01

  10.589 28.804  8.23    0.76   -2.58    0.35    0.00   -2.23  0.911
   3.140  0.589  6.63    0.81   -7.15    0.38    0.00   -6.76 3.827E-01

  10.589 29.014  8.44    0.72   -3.21    0.34    0.00   -2.87  0.910
   3.177  0.607  6.34    0.77   -7.92    0.37    0.00   -7.55 3.282E-01

  10.589 29.263  8.65    0.69   -3.74    0.33    0.00   -3.41  0.911
   3.200  0.624  6.10    0.74   -8.57    0.36    0.00   -8.21 2.824E-01

  0.000 0.000  0.000 .000  0.00  0.00  0.00  0.00  0.00  0.00 0.000
                           0.00  0.00  0.00  0.00  0.00  0.00 0.000E+00

