EXTERNAL/TSAI:  VERSION OF 8/8/96

Marathon                                                                
He3_kin1.inp                                                            
                                                                        
Hall A 2018: 25 cm He3 target                                           
Nominal values - not exact                                              

----*----1----*----2----*----3----*----4----*----5----*----6----*----7--
                                                                        

TARGET (iZ,iA) = (  2,  3);   avgA =   3.000; amuM=  3.016; avgM=  2.809
 targ=TRITIUM; ttarg(rl)=0.00075; twall=0.00481; tbeam=0.00342; tspec=0.00732
         Nseg  =   4
 MODELS: P elastc(ikk)=14; deut elastic=13; inelastc=206; Pauli Supresion= 4
 NUCLEAR METHOD= 1;   NUCLEAR_MODEL= 1
 DIS MODEL=**

    E1    TH    Q2 COS_K         SMR     NUC          INT-SMR
    EP     X    W2 QE-PK  INELA  Q-ELA  ELAST   TOTAL  MODEL

  10.589 16.120  2.51    4.75   19.31    3.34    0.26   22.90  0.819
   3.013  0.176 12.59    5.40   19.47    3.64    0.26   23.36 2.645E+01

  10.589 16.554  2.70    4.13   17.67    2.84    0.19   20.69  0.827
   3.072  0.191 12.29    4.67   17.33    3.09    0.19   20.61 2.330E+01

  10.589 17.242  2.95    3.58   15.79    2.40    0.13   18.32  0.835
   3.097  0.210 11.99    4.03   15.14    2.61    0.13   17.88 1.935E+01

  10.589 18.036  3.23    3.15   14.19    2.05    0.09   16.32  0.840
   3.100  0.230 11.71    3.52   13.18    2.22    0.09   15.49 1.573E+01

  10.589 18.708  3.49    2.79   12.73    1.75    0.06   14.54  0.844
   3.115  0.248 11.42    3.10   11.38    1.91    0.06   13.35 1.315E+01

  10.589 19.042  3.67    2.48   11.46    1.52    0.04   13.02  0.847
   3.168  0.264 11.13    2.75    9.83    1.65    0.04   11.53 1.185E+01

  0.000 0.000  0.000 .000  0.00  0.00  0.00  0.00  0.00  0.00 0.000
                           0.00  0.00  0.00  0.00  0.00  0.00 0.000E+00

