EXTERNAL/TSAI:  VERSION OF 8/8/96

Marathon                                                                
D2_kin2.inp                                                             
                                                                        
Hall A 2018: 25 cm Deuterium target                                     
Nominal values - not exact                                              

----*----1----*----2----*----3----*----4----*----5----*----6----*----7--
                                                                        

TARGET (iZ,iA) = (  1,  2);   avgA =   2.000; amuM=  2.013; avgM=  1.875
 targ=TRITIUM; ttarg(rl)=0.00114; twall=0.00481; tbeam=0.00342; tspec=0.00732
         Nseg  =   4
 MODELS: P elastc(ikk)=14; deut elastic=13; inelastc=206; Pauli Supresion= 4
 NUCLEAR METHOD= 1;   NUCLEAR_MODEL= 1
 DIS MODEL=**

    E1    TH    Q2 COS_K         SMR     NUC          INT-SMR
    EP     X    W2 QE-PK  INELA  Q-ELA  ELAST   TOTAL  MODEL

 Deut Elastic Model: ia,iamec,rsc,rscmec (1,2,3,4)=  3
 TJON DEUT ELASTIC FILESS TO BE OPEN=rscctj.tjon_input   rscqtj.tjon_input   rscmtj.tjon_input   
  10.589 17.745  3.05    3.17   13.35    2.49    0.07   15.91  0.966
   3.022  0.214 12.04    3.59   12.45    2.73    0.07   15.24 1.113E+01

  10.589 18.185  3.25    2.79   12.11    2.12    0.05   14.28  0.968
   3.076  0.231 11.72    3.14   10.90    2.31    0.05   13.26 9.778E+00

  10.589 18.830  3.51    2.47   10.91    1.81    0.04   12.76  0.969
   3.098  0.250 11.43    2.77    9.39    1.98    0.04   11.41 8.208E+00

  10.589 19.559  3.79    2.22    9.80    1.57    0.03   11.40  0.969
   3.100  0.270 11.15    2.48    8.00    1.71    0.03    9.74 6.775E+00

  10.589 20.190  4.05    2.01    8.77    1.36    0.02   10.15  0.968
   3.113  0.289 10.86    2.23    6.71    1.49    0.02    8.22 5.707E+00

  10.589 20.521  4.25    1.81    7.77    1.18    0.02    8.97  0.966
   3.164  0.305 10.56    1.99    5.47    1.29    0.02    6.78 5.107E+00

  10.589 20.914  4.47    1.63    6.82    1.01    0.01    7.84  0.947
   3.204  0.323 10.27    1.80    4.29    1.12    0.01    5.43 4.498E+00

  0.000 0.000  0.000 .000  0.00  0.00  0.00  0.00  0.00  0.00 0.000
                           0.00  0.00  0.00  0.00  0.00  0.00 0.000E+00

