EXTERNAL/TSAI:  VERSION OF 8/8/96

Marathon                                                                
H3_kin2.inp                                                             
                                                                        
Hall A 2018: 25 cm Tritium target                                       
Nominal values - not exact                                              

----*----1----*----2----*----3----*----4----*----5----*----6----*----7--
                                                                        

TARGET (iZ,iA) = (  1,  3);   avgA =   3.000; amuM=  3.016; avgM=  2.809
 targ=TRITIUM; ttarg(rl)=0.00042; twall=0.00481; tbeam=0.00342; tspec=0.00732
         Nseg  =   4
 MODELS: P elastc(ikk)=14; deut elastic=13; inelastc=206; Pauli Supresion= 4
 NUCLEAR METHOD= 1;   NUCLEAR_MODEL= 1
 DIS MODEL=**

    E1    TH    Q2 COS_K         SMR     NUC          INT-SMR
    EP     X    W2 QE-PK  INELA  Q-ELA  ELAST   TOTAL  MODEL

  10.589 17.744  3.05    2.66   14.46    1.92    0.13   16.52  0.874
   3.023  0.215 12.03    2.98   13.43    2.08    0.13   15.64 1.626E+01

  10.589 18.183  3.25    2.35   12.97    1.65    0.09   14.71  0.877
   3.077  0.231 11.72    2.63   11.60    1.79    0.09   13.47 1.424E+01

  10.589 18.830  3.51    2.11   11.55    1.43    0.06   13.04  0.877
   3.097  0.250 11.43    2.34    9.87    1.54    0.07   11.48 1.190E+01

  10.589 19.556  3.79    1.91   10.27    1.24    0.04   11.56  0.876
   3.100  0.270 11.15    2.12    8.31    1.34    0.04    9.70 9.789E+00

  10.589 20.187  4.05    1.74    9.07    1.09    0.03   10.19  0.874
   3.114  0.289 10.86    1.92    6.86    1.17    0.03    8.06 8.210E+00

  10.589 20.516  4.25    1.58    7.98    0.95    0.02    8.95  0.870
   3.164  0.305 10.56    1.73    5.53    1.02    0.02    6.57 7.323E+00

  10.589 20.889  4.47    1.44    6.92    0.83    0.02    7.76  0.865
   3.208  0.322 10.27    1.57    4.24    0.89    0.02    5.15 6.447E+00

  0.000 0.000  0.000 .000  0.00  0.00  0.00  0.00  0.00  0.00 0.000
                           0.00  0.00  0.00  0.00  0.00  0.00 0.000E+00

