EXTERNAL/TSAI:  VERSION OF 8/8/96

Marathon                                                                
D2_kin13.inp                                                            
                                                                        
Hall A 2018: 25 cm Deuterium target                                     
Nominal values - not exact                                              

----*----1----*----2----*----3----*----4----*----5----*----6----*----7--
                                                                        

TARGET (iZ,iA) = (  1,  2);   avgA =   2.000; amuM=  2.013; avgM=  1.875
 targ=TRITIUM; ttarg(rl)=0.00114; twall=0.00481; tbeam=0.00342; tspec=0.00732
         Nseg  =   4
 MODELS: P elastc(ikk)=14; deut elastic=13; inelastc=206; Pauli Supresion= 4
 NUCLEAR METHOD= 1;   NUCLEAR_MODEL= 1
 DIS MODEL=**

    E1    TH    Q2 COS_K         SMR     NUC          INT-SMR
    EP     X    W2 QE-PK  INELA  Q-ELA  ELAST   TOTAL  MODEL

 Deut Elastic Model: ia,iamec,rsc,rscmec (1,2,3,4)=  3
 TJON DEUT ELASTIC FILESS TO BE OPEN=rscctj.tjon_input   rscqtj.tjon_input   rscmtj.tjon_input   
  10.589 30.120  8.53    0.82   -2.48    0.38    0.00   -2.10  0.911
   2.984  0.598  6.62    0.87   -6.98    0.41    0.00   -6.56 3.063E-01

  10.589 30.339  8.71    0.79   -2.94    0.37    0.00   -2.58  0.910
   3.004  0.612  6.40    0.83   -7.54    0.40    0.00   -7.14 2.700E-01

  10.589 30.631  8.95    0.75   -3.54    0.35    0.00   -3.19  0.909
   3.028  0.631  6.12    0.80   -8.27    0.38    0.00   -7.88 2.276E-01

  10.589 30.925  9.19    0.72   -4.17    0.34    0.00   -3.83  0.910
   3.054  0.650  5.83    0.76   -9.03    0.37    0.00   -8.65 1.892E-01

  10.589 31.209  9.44    0.69   -4.79    0.34    0.00   -4.45  0.913
   3.080  0.670  5.53    0.73   -9.78    0.37    0.00   -9.41 1.561E-01

  10.589 31.576  9.70    0.67   -5.37    0.34    0.00   -5.03  0.916
   3.093  0.690  5.25    0.71  -10.48    0.37    0.00  -10.11 1.268E-01

  10.589 31.983  9.97    0.66   -5.95    0.35    0.00   -5.61  0.923
   3.101  0.710  4.96    0.70  -11.18    0.38    0.00  -10.80 1.014E-01

  10.589 32.367 10.23    0.65   -6.52    0.36    0.00   -6.16  0.933
   3.110  0.729  4.68    0.69  -11.86    0.39    0.00  -11.47 8.097E-02

  10.589 32.600 10.47    0.64   -7.13    0.38    0.00   -6.76  0.946
   3.137  0.749  4.40    0.69  -12.60    0.41    0.00  -12.18 6.533E-02

  10.589 32.833 10.70    0.64   -7.76    0.40    0.00   -7.35  0.967
   3.164  0.768  4.11    0.69  -13.35    0.44    0.00  -12.91 5.206E-02

  10.589 33.032 10.92    0.65   -8.36    0.44    0.00   -7.91  0.995
   3.191  0.787  3.84    0.70  -14.07    0.49    0.00  -13.58 4.191E-02

  10.589 33.303 11.14    0.67   -8.93    0.49    0.00   -8.43  1.029
   3.203  0.804  3.60    0.73  -14.75    0.54    0.00  -14.21 3.369E-02

  0.000 0.000  0.000 .000  0.00  0.00  0.00  0.00  0.00  0.00 0.000
                           0.00  0.00  0.00  0.00  0.00  0.00 0.000E+00

