EXTERNAL/TSAI:  VERSION OF 8/8/96

Marathon                                                                
H3_kin1.inp                                                             
                                                                        
Hall A 2018: 25 cm Tritium target                                       
Nominal values - not exact                                              

----*----1----*----2----*----3----*----4----*----5----*----6----*----7--
                                                                        

TARGET (iZ,iA) = (  1,  3);   avgA =   3.000; amuM=  3.016; avgM=  2.809
 targ=TRITIUM; ttarg(rl)=0.00042; twall=0.00481; tbeam=0.00342; tspec=0.00732
         Nseg  =   4
 MODELS: P elastc(ikk)=14; deut elastic=13; inelastc=206; Pauli Supresion= 4
 NUCLEAR METHOD= 1;   NUCLEAR_MODEL= 1
 DIS MODEL=**

    E1    TH    Q2 COS_K         SMR     NUC          INT-SMR
    EP     X    W2 QE-PK  INELA  Q-ELA  ELAST   TOTAL  MODEL

  10.589 16.116  2.51    3.37   17.80    2.59    0.27   20.66  0.863
   3.014  0.176 12.59    3.82   17.52    2.81    0.27   20.60 2.516E+01

  10.589 16.553  2.70    2.97   16.14    2.22    0.20   18.56  0.869
   3.073  0.191 12.29    3.35   15.48    2.41    0.20   18.09 2.206E+01

  10.589 17.240  2.95    2.62   14.47    1.90    0.14   16.51  0.874
   3.098  0.210 11.99    2.94   13.43    2.06    0.14   15.63 1.821E+01

  10.589 18.028  3.22    2.34   12.95    1.64    0.09   14.69  0.877
   3.101  0.229 11.71    2.61   11.58    1.77    0.10   13.45 1.473E+01

  10.589 18.707  3.49    2.10   11.55    1.42    0.07   13.04  0.878
   3.115  0.249 11.42    2.33    9.87    1.53    0.07   11.47 1.222E+01

  10.589 19.039  3.67    1.89   10.34    1.24    0.05   11.62  0.877
   3.170  0.264 11.13    2.09    8.40    1.33    0.05    9.78 1.095E+01

  10.589 19.464  3.89    1.70    9.14    1.07    0.03   10.25  0.875
   3.213  0.281 10.83    1.88    6.94    1.16    0.03    8.13 9.581E+00

  0.000 0.000  0.000 .000  0.00  0.00  0.00  0.00  0.00  0.00 0.000
                           0.00  0.00  0.00  0.00  0.00  0.00 0.000E+00

