EXTERNAL/TSAI:  VERSION OF 8/8/96

Marathon                                                                
H3_kin0.inp                                                             
                                                                        
Hall A 2018: 25 cm Tritium target                                       
Nominal values - not exact                                              

----*----1----*----2----*----3----*----4----*----5----*----6----*----7--
                                                                        

TARGET (iZ,iA) = (  1,  3);   avgA =   3.000; amuM=  3.016; avgM=  2.809
 targ=TRITIUM; ttarg(rl)=0.00042; twall=0.00481; tbeam=0.00342; tspec=0.00732
         Nseg  =   4
 MODELS: P elastc(ikk)=14; deut elastic=13; inelastc=206; Pauli Supresion= 4
 NUCLEAR METHOD= 1;   NUCLEAR_MODEL= 1
 DIS MODEL=**

    E1    TH    Q2 COS_K         SMR     NUC          INT-SMR
    EP     X    W2 QE-PK  INELA  Q-ELA  ELAST   TOTAL  MODEL

  10.589 15.282  2.25    3.85   19.74    3.03    0.39   23.16  0.854
   3.001  0.158 12.87    4.40   19.90    3.29    0.39   23.59 3.168E+01

  10.589 15.715  2.42    3.38   17.97    2.61    0.29   20.87  0.862
   3.063  0.172 12.58    3.84   17.75    2.83    0.29   20.87 2.777E+01

  10.589 16.405  2.67    2.96   16.15    2.22    0.20   18.57  0.869
   3.095  0.190 12.28    3.34   15.51    2.41    0.20   18.11 2.284E+01

  10.589 17.232  2.94    2.62   14.49    1.91    0.14   16.53  0.874
   3.098  0.209 11.99    2.94   13.46    2.06    0.14   15.66 1.825E+01

  10.589 17.949  3.21    2.34   12.98    1.64    0.10   14.72  0.877
   3.111  0.228 11.71    2.61   11.61    1.78    0.10   13.49 1.500E+01

  10.589 18.307  3.39    2.10   11.69    1.43    0.07   13.18  0.878
   3.165  0.243 11.42    2.33   10.04    1.54    0.07   11.66 1.338E+01

  10.589 18.741  3.61    1.87   10.33    1.22    0.05   11.60  0.878
   3.216  0.261 11.11    2.06    8.39    1.32    0.05    9.76 1.168E+01

  0.000 0.000  0.000 .000  0.00  0.00  0.00  0.00  0.00  0.00 0.000
                           0.00  0.00  0.00  0.00  0.00  0.00 0.000E+00

