EXTERNAL/TSAI:  VERSION OF 8/8/96

Marathon                                                                
He3_kin13.inp                                                           
                                                                        
Hall A 2018: 25 cm He3 target                                           
Nominal values - not exact                                              

----*----1----*----2----*----3----*----4----*----5----*----6----*----7--
                                                                        

TARGET (iZ,iA) = (  2,  3);   avgA =   3.000; amuM=  3.016; avgM=  2.809
 targ=TRITIUM; ttarg(rl)=0.00075; twall=0.00481; tbeam=0.00342; tspec=0.00732
         Nseg  =   4
 MODELS: P elastc(ikk)=14; deut elastic=13; inelastc=206; Pauli Supresion= 4
 NUCLEAR METHOD= 1;   NUCLEAR_MODEL= 1
 DIS MODEL=**

    E1    TH    Q2 COS_K         SMR     NUC          INT-SMR
    EP     X    W2 QE-PK  INELA  Q-ELA  ELAST   TOTAL  MODEL

  10.589 30.116  8.53    0.86   -2.17    0.36    0.00   -1.81  0.828
   2.984  0.598  6.62    0.91   -6.58    0.39    0.00   -6.18 4.945E-01

  10.589 30.337  8.71    0.83   -2.64    0.35    0.00   -2.29  0.835
   3.004  0.612  6.40    0.87   -7.14    0.38    0.00   -6.76 4.366E-01

  10.589 30.638  8.95    0.79   -3.26    0.35    0.00   -2.91  0.848
   3.027  0.631  6.12    0.83   -7.88    0.37    0.00   -7.51 3.675E-01

  10.589 30.928  9.20    0.75   -3.88    0.34    0.00   -3.54  0.867
   3.054  0.650  5.83    0.79   -8.63    0.37    0.00   -8.26 3.064E-01

  10.589 31.221  9.44    0.72   -4.49    0.34    0.00   -4.15  0.892
   3.079  0.670  5.53    0.76   -9.36    0.37    0.00   -8.99 2.533E-01

  10.589 31.572  9.70    0.69   -5.07    0.36    0.00   -4.71  0.925
   3.094  0.690  5.24    0.73  -10.04    0.38    0.00   -9.66 2.068E-01

  10.589 31.971  9.97    0.68   -5.63    0.37    0.00   -5.25  0.967
   3.103  0.709  4.96    0.72  -10.70    0.40    0.00  -10.30 1.665E-01

  10.589 32.356 10.23    0.66   -6.19    0.40    0.00   -5.78  1.020
   3.112  0.729  4.68    0.71  -11.36    0.43    0.00  -10.93 1.335E-01

  10.589 32.604 10.47    0.65   -6.77    0.44    0.00   -6.33  1.091
   3.137  0.749  4.40    0.70  -12.06    0.47    0.00  -11.59 1.084E-01

  10.589 32.826 10.70    0.64   -7.38    0.50    0.00   -6.89  1.179
   3.164  0.768  4.11    0.69  -12.78    0.52    0.00  -12.25 8.774E-02

  10.589 33.047 10.93    0.65   -8.01    0.57    0.00   -7.44  1.284
   3.189  0.787  3.84    0.70  -13.51    0.60    0.00  -12.91 7.103E-02

  10.589 33.297 11.13    0.66   -8.57    0.65    0.00   -7.91  1.388
   3.202  0.803  3.61    0.71  -14.16    0.68    0.00  -13.48 5.843E-02

  0.000 0.000  0.000 .000  0.00  0.00  0.00  0.00  0.00  0.00 0.000
                           0.00  0.00  0.00  0.00  0.00  0.00 0.000E+00

