EXTERNAL/TSAI:  VERSION OF 8/8/96

Marathon                                                                
H1_kin0.inp                                                             
                                                                        
Hall A 2018: 25 cm Deuterium target                                     
Nominal values - not exact                                              

----*----1----*----2----*----3----*----4----*----5----*----6----*----7--
                                                                        

TARGET (iZ,iA) = (  1,  1);   avgA =   1.000; amuM=  1.007; avgM=  0.938
 targ=TRITIUM; ttarg(rl)=0.00113; twall=0.00481; tbeam=0.00342; tspec=0.00732
         Nseg  =   4
 MODELS: P elastc(ikk)=14; deut elastic=13; inelastc=206; Pauli Supresion= 4
 NUCLEAR METHOD= 1;   NUCLEAR_MODEL= 1
 DIS MODEL=**

    E1    TH    Q2 COS_K         SMR     NUC          INT-SMR
    EP     X    W2 QE-PK  INELA  Q-ELA  ELAST   TOTAL  MODEL

  10.589 15.281  2.25    6.83   18.73    0.00    7.03   25.76  1.000
   3.001  0.158 12.87    7.83   19.47    0.00    8.04   27.51 1.190E+01

  10.589 15.714  2.42    5.85   17.31    0.00    6.00   23.31  1.000
   3.063  0.172 12.58    6.67   17.64    0.00    6.82   24.47 1.056E+01

  10.589 16.407  2.67    4.96   15.80    0.00    5.07   20.87  1.000
   3.094  0.190 12.28    5.62   15.69    0.00    5.73   21.42 8.807E+00

  10.589 17.234  2.95    4.25   14.38    0.00    4.33   18.71  1.000
   3.097  0.209 11.99    4.80   13.86    0.00    4.88   18.74 7.150E+00

  10.589 17.950  3.21    3.68   13.05    0.00    3.74   16.80  1.000
   3.111  0.229 11.71    4.13   12.17    0.00    4.19   16.36 5.966E+00

  10.589 18.301  3.39    3.23   11.91    0.00    3.28   15.19  1.000
   3.165  0.243 11.42    3.61   10.73    0.00    3.65   14.38 5.397E+00

  10.589 18.768  3.61    2.81   10.70    0.00    2.85   13.55  1.000
   3.209  0.261 11.12    3.13    9.21    0.00    3.16   12.37 4.744E+00

  0.000 0.000  0.000 .000  0.00  0.00  0.00  0.00  0.00  0.00 0.000
                           0.00  0.00  0.00  0.00  0.00  0.00 0.000E+00

