EXTERNAL/TSAI:  VERSION OF 8/8/96

Marathon                                                                
He3_kin2.inp                                                            
                                                                        
Hall A 2018: 25 cm He3 target                                           
Nominal values - not exact                                              

----*----1----*----2----*----3----*----4----*----5----*----6----*----7--
                                                                        

TARGET (iZ,iA) = (  2,  3);   avgA =   3.000; amuM=  3.016; avgM=  2.809
 targ=TRITIUM; ttarg(rl)=0.00075; twall=0.00481; tbeam=0.00342; tspec=0.00732
         Nseg  =   4
 MODELS: P elastc(ikk)=14; deut elastic=13; inelastc=206; Pauli Supresion= 4
 NUCLEAR METHOD= 1;   NUCLEAR_MODEL= 1
 DIS MODEL=**

    E1    TH    Q2 COS_K         SMR     NUC          INT-SMR
    EP     X    W2 QE-PK  INELA  Q-ELA  ELAST   TOTAL  MODEL

  10.589 17.745  3.05    3.62   15.79    2.42    0.12   18.33  0.835
   3.023  0.215 12.03    4.07   15.11    2.63    0.12   17.87 1.731E+01

  10.589 18.185  3.25    3.17   14.21    2.06    0.09   16.36  0.840
   3.076  0.231 11.73    3.54   13.20    2.24    0.09   15.52 1.523E+01

  10.589 18.831  3.51    2.80   12.72    1.76    0.06   14.54  0.844
   3.097  0.250 11.43    3.11   11.37    1.91    0.06   13.35 1.282E+01

  10.589 19.560  3.79    2.50   11.36    1.52    0.04   12.92  0.846
   3.100  0.270 11.15    2.76    9.71    1.65    0.04   11.40 1.060E+01

  10.589 20.190  4.05    2.24   10.11    1.32    0.03   11.45  0.847
   3.112  0.289 10.86    2.47    8.19    1.43    0.03    9.65 8.952E+00

  10.589 20.517  4.25    2.01    8.95    1.14    0.02   10.11  0.848
   3.164  0.305 10.56    2.21    6.78    1.24    0.02    8.04 8.032E+00

  10.589 20.903  4.47    1.80    7.82    0.99    0.01    8.82  0.847
   3.208  0.323 10.26    1.97    5.40    1.07    0.01    6.48 7.089E+00

  0.000 0.000  0.000 .000  0.00  0.00  0.00  0.00  0.00  0.00 0.000
                           0.00  0.00  0.00  0.00  0.00  0.00 0.000E+00

