                                           ************ internal ***************  +++++++ internal  + external ++++++++
    E        Ep      Th       s_born       s_rad        s_elas       s_dis        s_rad        s_elas       s_dis
   10.5890   3.0631  15.6921  0.27343E+02  0.32342E+02  0.81089E-01  0.31529E+02  0.32194E+02  0.81509E-01  0.31333E+02
   10.5890   3.0752  16.6082  0.21198E+02  0.24638E+02  0.41727E-01  0.24119E+02  0.24431E+02  0.41923E-01  0.23882E+02
   10.5890   3.0978  16.5592  0.21363E+02  0.24788E+02  0.40826E-01  0.24276E+02  0.24573E+02  0.41013E-01  0.24031E+02
   10.5890   3.1021  17.6287  0.15953E+02  0.18172E+02  0.18704E-01  0.17865E+02  0.17942E+02  0.18780E-01  0.17616E+02
   10.5890   3.1041  17.6493  0.15855E+02  0.18051E+02  0.18322E-01  0.17747E+02  0.17820E+02  0.18397E-01  0.17498E+02
   10.5890   3.0539  17.9416  0.14885E+02  0.16962E+02  0.17029E-01  0.16672E+02  0.16746E+02  0.17102E-01  0.16439E+02
   10.5890   3.1522  18.2445  0.13285E+02  0.14904E+02  0.10238E-01  0.14693E+02  0.14666E+02  0.10274E-01  0.14442E+02
   10.5890   3.0981  18.6879  0.12007E+02  0.13456E+02  0.85946E-02  0.13267E+02  0.13237E+02  0.86266E-02  0.13036E+02
   10.5890   3.1189  18.6489  0.12043E+02  0.13473E+02  0.83096E-02  0.13287E+02  0.13249E+02  0.83396E-02  0.13052E+02
   10.5890   3.0495  19.4092  0.10084E+02  0.11234E+02  0.57777E-02  0.11086E+02  0.11036E+02  0.57994E-02  0.10879E+02
   10.5890   3.1043  19.7150  0.90808E+01  0.10010E+02  0.37982E-02  0.98941E+01  0.98112E+01  0.38106E-02  0.96882E+01
   10.5890   3.0966  20.1225  0.81603E+01  0.89485E+01  0.28160E-02  0.88509E+01  0.87604E+01  0.28249E-02  0.86570E+01
   10.5890   3.0478  20.8161  0.69264E+01  0.75586E+01  0.19156E-02  0.74802E+01  0.73918E+01  0.19217E-02  0.73087E+01
   10.5890   3.1400  20.4000  0.74117E+01  0.80582E+01  0.19218E-02  0.79796E+01  0.78736E+01  0.19271E-02  0.77903E+01
   10.5890   3.1037  21.1047  0.62193E+01  0.67181E+01  0.12196E-02  0.66571E+01  0.65550E+01  0.12229E-02  0.64903E+01
   10.5890   3.0943  21.5162  0.55805E+01  0.60007E+01  0.89074E-03  0.59493E+01  0.58487E+01  0.89304E-03  0.57942E+01
   10.5890   3.0472  22.0672  0.49285E+01  0.52853E+01  0.67191E-03  0.52411E+01  0.51486E+01  0.67370E-03  0.51017E+01
   10.5890   3.1375  21.8053  0.50171E+01  0.53487E+01  0.57846E-03  0.53078E+01  0.52030E+01  0.57972E-03  0.51596E+01
   10.5890   3.1022  22.4102  0.43233E+01  0.45877E+01  0.39052E-03  0.45543E+01  0.44582E+01  0.39137E-03  0.44228E+01
   10.5890   3.0938  22.7060  0.39971E+01  0.42284E+01  0.30932E-03  0.41988E+01  0.41061E+01  0.30998E-03  0.40747E+01
   10.5890   3.1325  23.0899  0.34786E+01  0.36464E+01  0.17937E-03  0.36237E+01  0.35333E+01  0.17967E-03  0.35093E+01
   10.5890   3.1037  23.5153  0.31389E+01  0.32819E+01  0.13674E-03  0.32620E+01  0.31783E+01  0.13697E-03  0.31573E+01
   10.5890   3.0465  24.5286  0.24401E+01  0.25330E+01  0.67418E-04  0.25187E+01  0.24492E+01  0.67529E-04  0.24341E+01
   10.5890   3.1306  24.2591  0.24538E+01  0.25335E+01  0.55886E-04  0.25203E+01  0.24463E+01  0.55950E-04  0.24324E+01
   10.5890   3.0943  25.2162  0.18872E+01  0.19325E+01  0.24845E-04  0.19234E+01  0.18625E+01  0.24870E-04  0.18528E+01
   10.5890   3.1036  26.0562  0.14242E+01  0.14420E+01  0.92780E-05  0.14360E+01  0.13860E+01  0.92835E-05  0.13796E+01
   10.5890   3.0380  26.6469  0.12690E+01  0.12842E+01  0.73893E-05  0.12787E+01  0.12344E+01  0.73952E-05  0.12286E+01
   10.5890   3.1420  26.6769  0.10982E+01  0.10991E+01  0.36828E-05  0.10950E+01  0.10534E+01  0.36830E-05  0.10491E+01
   10.5890   3.0877  27.2647  0.96255E+00  0.96183E+00  0.28019E-05  0.95824E+00  0.92166E+00  0.28024E-05  0.91786E+00
   10.5890   3.1039  28.0523  0.70562E+00  0.69730E+00  0.12691E-05  0.69493E+00  0.66638E+00  0.12687E-05  0.66386E+00
   10.5890   3.0310  28.6688  0.63241E+00  0.62523E+00  0.11272E-05  0.62304E+00  0.59770E+00  0.11271E-05  0.59538E+00
   10.5890   3.1394  28.7444  0.50710E+00  0.49527E+00  0.70133E-06  0.49370E+00  0.47190E+00  0.70076E-06  0.47024E+00
   10.5890   3.0851  29.3248  0.44465E+00  0.43387E+00  0.61805E-06  0.43248E+00  0.41337E+00  0.61763E-06  0.41189E+00
   10.5890   3.0229  30.5505  0.30481E+00  0.29519E+00  0.42177E-06  0.29423E+00  0.28080E+00  0.42144E-06  0.27978E+00
   10.5890   3.1086  30.2343  0.28820E+00  0.27754E+00  0.37822E-06  0.27667E+00  0.26357E+00  0.37776E-06  0.26265E+00
   10.5890   3.0716  31.1184  0.21143E+00  0.20237E+00  0.28451E-06  0.20170E+00  0.19192E+00  0.28414E-06  0.19122E+00
   10.5890   3.1583  30.8915  0.18838E+00  0.17909E+00  0.24210E-06  0.17850E+00  0.16951E+00  0.24166E-06  0.16889E+00
   10.5890   3.0167  32.3576  0.13648E+00  0.12959E+00  0.19018E-06  0.12912E+00  0.12268E+00  0.18991E-06  0.12219E+00
   10.5890   3.1043  31.8546  0.13585E+00  0.12848E+00  0.18002E-06  0.12802E+00  0.12147E+00  0.17968E-06  0.12099E+00
   10.5890   3.0630  32.9220  0.88830E-01  0.83373E-01  0.11845E-06  0.83028E-01  0.78693E-01  0.11821E-06  0.78330E-01
   10.5890   2.8212  34.9217  0.71604E-01  0.67604E-01  0.10927E-06  0.67310E-01  0.63958E-01  0.10915E-06  0.63649E-01
   10.5890   3.1412  32.6008  0.81670E-01  0.76255E-01  0.10319E-06  0.75920E-01  0.71862E-01  0.10294E-06  0.71511E-01
   10.5890   3.0985  33.5829  0.54332E-01  0.50388E-01  0.67502E-07  0.50116E-01  0.47414E-01  0.67328E-07  0.47131E-01
   10.5890   2.8637  35.5624  0.43565E-01  0.40622E-01  0.61308E-07  0.40399E-01  0.38310E-01  0.61208E-07  0.38078E-01
   10.5890   3.1279  34.2481  0.32313E-01  0.29603E-01  0.36885E-07  0.29369E-01  0.27769E-01  0.36771E-07  0.27529E-01
   10.5890   2.9003  36.2640  0.24846E-01  0.22856E-01  0.31734E-07  0.22672E-01  0.21481E-01  0.31662E-07  0.21292E-01
