 ***Ebeam    Eprime  Theta     x        Q2      Sig_Born     Sig_Born_In  Sig_Born_QE  Sig_Rad      Sig_Rad_EL   Sig_Rad_QE   Sig_Rad_DIS  C_cor
   10.5890   3.0631  15.6921   0.1712   2.4178  0.30008E+02  0.30007E+02  0.13951E-02  0.35974E+02  0.81525E-01  0.10583E+01  0.34834E+02  0.10002E+01
   10.5890   3.0752  16.6082   0.1927   2.7170  0.23513E+02  0.23512E+02  0.92270E-03  0.27524E+02  0.41931E-01  0.68298E+00  0.26799E+02  0.10002E+01
   10.5890   3.0978  16.5592   0.1936   2.7209  0.23705E+02  0.23704E+02  0.93162E-03  0.27690E+02  0.41019E-01  0.67402E+00  0.26975E+02  0.10002E+01
   10.5890   3.1021  17.6287   0.2196   3.0852  0.17917E+02  0.17916E+02  0.54129E-03  0.20413E+02  0.18783E-01  0.41024E+00  0.19984E+02  0.10003E+01
   10.5890   3.1041  17.6493   0.2203   3.0943  0.17812E+02  0.17811E+02  0.53422E-03  0.20279E+02  0.18399E-01  0.40503E+00  0.19856E+02  0.10003E+01
   10.5890   3.0539  17.9416   0.2224   3.1451  0.16738E+02  0.16738E+02  0.47981E-03  0.19074E+02  0.17104E-01  0.38652E+00  0.18671E+02  0.10003E+01
   10.5890   3.1522  18.2445   0.2405   3.3559  0.15055E+02  0.15055E+02  0.35741E-03  0.16809E+02  0.10275E-01  0.28374E+00  0.16515E+02  0.10003E+01
   10.5890   3.0981  18.6879   0.2461   3.4592  0.13639E+02  0.13638E+02  0.29237E-03  0.15202E+02  0.86277E-02  0.25499E+00  0.14938E+02  0.10003E+01
   10.5890   3.1189  18.6489   0.2474   3.4680  0.13687E+02  0.13687E+02  0.29026E-03  0.15222E+02  0.83405E-02  0.25001E+00  0.14963E+02  0.10003E+01
   10.5890   3.0495  19.4092   0.2594   3.6703  0.11516E+02  0.11516E+02  0.19627E-03  0.12733E+02  0.58001E-02  0.20141E+00  0.12526E+02  0.10003E+01
   10.5890   3.1043  19.7150   0.2744   3.8537  0.10431E+02  0.10431E+02  0.13751E-03  0.11374E+02  0.38110E-02  0.15796E+00  0.11212E+02  0.10004E+01
   10.5890   3.0966  20.1225   0.2847   4.0030  0.94094E+01  0.94093E+01  0.98136E-04  0.10190E+02  0.28251E-02  0.13325E+00  0.10053E+02  0.10004E+01
   10.5890   3.0478  20.8161   0.2977   4.2132  0.80239E+01  0.80238E+01  0.57340E-04  0.86333E+01  0.19219E-02  0.10746E+00  0.85239E+01  0.10004E+01
   10.5890   3.1400  20.4000   0.2984   4.1707  0.85880E+01  0.85880E+01  0.62183E-04  0.91961E+01  0.19272E-02  0.10772E+00  0.90864E+01  0.10004E+01
   10.5890   3.1037  21.1047   0.3139   4.4089  0.72446E+01  0.72446E+01  0.27417E-04  0.76919E+01  0.12229E-02  0.84017E-01  0.76067E+01  0.10004E+01
   10.5890   3.0943  21.5162   0.3247   4.5666  0.65237E+01  0.65237E+01  0.11123E-04  0.68849E+01  0.89309E-03  0.71045E-01  0.68130E+01  0.10005E+01
   10.5890   3.0472  22.0672   0.3340   4.7275  0.57787E+01  0.57787E+01  0.70850E-06  0.60773E+01  0.67374E-03  0.61291E-01  0.60153E+01  0.10005E+01
   10.5890   3.1375  21.8053   0.3400   4.7541  0.58936E+01  0.58936E+01 -0.26283E-05  0.61508E+01  0.57974E-03  0.56732E-01  0.60935E+01  0.10005E+01
   10.5890   3.1022  22.4102   0.3532   4.9617  0.50991E+01  0.50991E+01 -0.68410E-05  0.52899E+01  0.39139E-03  0.46433E-01  0.52431E+01  0.10005E+01
   10.5890   3.0938  22.7060   0.3610   5.0780  0.47255E+01  0.47255E+01 -0.84335E-05  0.48826E+01  0.30999E-03  0.41333E-01  0.48409E+01  0.10006E+01
   10.5890   3.1325  23.0899   0.3798   5.3145  0.41351E+01  0.41351E+01 -0.10977E-04  0.42222E+01  0.17968E-03  0.31742E-01  0.41903E+01  0.10006E+01
   10.5890   3.1037  23.5153   0.3886   5.4587  0.37406E+01  0.37406E+01 -0.10526E-04  0.38070E+01  0.13697E-03  0.27901E-01  0.37790E+01  0.10006E+01
   10.5890   3.0465  24.5286   0.4114   5.8226  0.29266E+01  0.29266E+01 -0.80921E-05  0.29514E+01  0.67529E-04  0.20152E-01  0.29312E+01  0.10007E+01
   10.5890   3.1306  24.2591   0.4183   5.8545  0.29487E+01  0.29487E+01 -0.82839E-05  0.29532E+01  0.55949E-04  0.18563E-01  0.29345E+01  0.10007E+01
   10.5890   3.0943  25.2162   0.4440   6.2447  0.22843E+01  0.22843E+01 -0.34812E-05  0.22636E+01  0.24869E-04  0.13045E-01  0.22505E+01  0.10008E+01
   10.5890   3.1036  26.0562   0.4756   6.6804  0.17394E+01  0.17394E+01  0.64810E-05  0.16985E+01  0.92830E-05  0.86421E-02  0.16899E+01  0.10009E+01
   10.5890   3.0380  26.6469   0.4823   6.8336  0.15528E+01  0.15528E+01  0.86548E-05  0.15158E+01  0.73949E-05  0.78356E-02  0.15080E+01  0.10010E+01
   10.5890   3.1420  26.6769   0.5069   7.0832  0.13536E+01  0.13536E+01  0.22201E-04  0.13023E+01  0.36827E-05  0.58674E-02  0.12965E+01  0.10011E+01
   10.5890   3.0877  27.2647   0.5161   7.2650  0.11897E+01  0.11897E+01  0.24848E-04  0.11425E+01  0.28022E-05  0.51655E-02  0.11374E+01  0.10011E+01
   10.5890   3.1039  28.0523   0.5498   7.7226  0.88119E+00  0.88115E+00  0.41099E-04  0.83414E+00  0.12685E-05  0.34433E-02  0.83069E+00  0.10013E+01
   10.5890   3.0310  28.6688   0.5548   7.8693  0.79100E+00  0.79096E+00  0.39324E-04  0.74931E+00  0.11270E-05  0.31816E-02  0.74612E+00  0.10013E+01
   10.5890   3.1394  28.7444   0.5861   8.1928  0.64043E+00  0.64037E+00  0.60098E-04  0.59694E+00  0.70069E-06  0.22885E-02  0.59465E+00  0.10015E+01
   10.5890   3.0851  29.3248   0.5946   8.3724  0.56302E+00  0.56296E+00  0.59457E-04  0.52420E+00  0.61757E-06  0.20414E-02  0.52216E+00  0.10015E+01
   10.5890   3.0229  30.5505   0.6259   8.8870  0.38959E+00  0.38952E+00  0.66567E-04  0.35920E+00  0.42140E-06  0.14145E-02  0.35779E+00  0.10018E+01
   10.5890   3.1086  30.2343   0.6379   8.9552  0.36962E+00  0.36954E+00  0.79595E-04  0.33821E+00  0.37772E-06  0.12907E-02  0.33692E+00  0.10018E+01
   10.5890   3.0716  31.1184   0.6636   9.3607  0.27302E+00  0.27293E+00  0.85690E-04  0.24782E+00  0.28411E-06  0.98055E-03  0.24683E+00  0.10020E+01
   10.5890   3.1583  30.8915   0.6805   9.4884  0.24425E+00  0.24414E+00  0.10347E-03  0.21969E+00  0.24162E-06  0.87505E-03  0.21881E+00  0.10021E+01
   10.5890   3.0167  32.3576   0.6981   9.9202  0.17764E+00  0.17755E+00  0.92106E-04  0.15956E+00  0.18988E-06  0.68860E-03  0.15887E+00  0.10023E+01
   10.5890   3.1043  31.8546   0.7050   9.9015  0.17706E+00  0.17695E+00  0.10625E-03  0.15817E+00  0.17966E-06  0.68331E-03  0.15748E+00  0.10023E+01
   10.5890   3.0630  32.9220   0.7376  10.4171  0.11639E+00  0.11628E+00  0.11365E-03  0.10294E+00  0.11819E-06  0.51262E-03  0.10243E+00  0.10026E+01
   10.5890   2.8212  34.9217   0.7381  10.7584  0.93825E-01  0.93742E-01  0.82708E-04  0.83682E-01  0.10913E-06  0.43631E-03  0.83246E-01  0.10028E+01
   10.5890   3.1412  32.6008   0.7499  10.4812  0.10717E+00  0.10704E+00  0.13180E-03  0.94120E-01  0.10292E-06  0.49816E-03  0.93621E-01  0.10027E+01
   10.5890   3.0985  33.5829   0.7792  10.9529  0.71457E-01  0.71319E-01  0.13836E-03  0.62212E-01  0.67315E-07  0.40197E-03  0.61810E-01  0.10030E+01
   10.5890   2.8637  35.5624   0.7803  11.3118  0.57299E-01  0.57197E-01  0.10191E-03  0.50275E-01  0.61198E-07  0.32933E-03  0.49945E-01  0.10032E+01
   10.5890   3.1279  34.2481   0.8204  11.4859  0.42505E-01  0.42338E-01  0.16709E-03  0.36421E-01  0.36763E-07  0.34207E-03  0.36079E-01  0.10034E+01
   10.5890   2.9003  36.2640   0.8246  11.8975  0.32675E-01  0.32550E-01  0.12581E-03  0.28171E-01  0.31656E-07  0.26952E-03  0.27901E-01  0.10037E+01
