EXTERNAL/TSAI:  VERSION OF 8/8/96

Marathon                                                                
Bin center                                                              
                                                                        
Hall A 2018: 25 cm Deuterium target                                     
Nominal values - not exact                                              

----*----1----*----2----*----3----*----4----*----5----*----6----*----7--
                                                                        

TARGET (iZ,iA) = (  1,  2);   avgA =   2.000; amuM=  2.013; avgM=  1.875
 targ=TRITIUM; ttarg(rl)=0.00114; twall=0.00445; tbeam=0.00298; tspec=0.00759
         Nseg  =   4
 MODELS: P elastc(ikk)=14; deut elastic=13; inelastc=206; Pauli Supresion= 4
 NUCLEAR METHOD= 1;   NUCLEAR_MODEL= 1
 DIS MODEL=111

    E1    TH    Q2 COS_K         SMR     NUC          INT-SMR
    EP     X    W2 QE-PK  INELA  Q-ELA  ELAST   TOTAL  MODEL

 Deut Elastic Model: ia,iamec,rsc,rscmec (1,2,3,4)=  3
 TJON DEUT ELASTIC FILESS TO BE OPEN=rscctj.tjon_input   rscqtj.tjon_input   rscmtj.tjon_input   
  10.589 16.291  2.66    3.50   14.51    2.83    0.09   17.43  0.959
   3.128  0.190 12.22    3.93   13.88    3.07    0.09   17.04 1.593E+01

  10.589 17.539  3.08    2.89   12.56    2.22    0.06   14.84  0.968
   3.128  0.220 11.80    3.22   11.42    2.40    0.06   13.88 1.142E+01

  10.589 18.706  3.50    2.43   10.78    1.77    0.04   12.59  0.971
   3.128  0.250 11.38    2.68    9.20    1.91    0.04   11.15 8.390E+00

  10.589 20.162  4.06    1.98    8.65    1.34    0.02   10.01  0.967
   3.128  0.290 10.82    2.17    6.56    1.44    0.02    8.03 5.710E+00

  10.589 21.191  4.48    1.73    7.18    1.10    0.01    8.29  0.964
   3.128  0.320 10.40    1.88    4.77    1.19    0.01    5.96 4.334E+00

  10.589 21.851  4.76    1.59    6.27    0.97    0.01    7.26  0.960
   3.128  0.340 10.12    1.72    3.66    1.05    0.01    4.72 3.621E+00

  0.000 0.000  0.000 .000  0.00  0.00  0.00  0.00  0.00  0.00 0.000
                           0.00  0.00  0.00  0.00  0.00  0.00 0.000E+00

