EXTERNAL/TSAI:  VERSION OF 8/8/96

Marathon                                                                
Bin center                                                              
                                                                        
Hall A 2018: 25 cm Deuterium target                                     
Nominal values - not exact                                              

----*----1----*----2----*----3----*----4----*----5----*----6----*----7--
                                                                        

TARGET (iZ,iA) = (  1,  1);   avgA =   1.000; amuM=  1.007; avgM=  0.938
 targ=TRITIUM; ttarg(rl)=0.00113; twall=0.00478; tbeam=0.00406; tspec=0.00759
         Nseg  =   4
 MODELS: P elastc(ikk)=14; deut elastic=13; inelastc=206; Pauli Supresion= 4
 NUCLEAR METHOD= 1;   NUCLEAR_MODEL= 1
 DIS MODEL=111

    E1    TH    Q2 COS_K         SMR     NUC          INT-SMR
    EP     X    W2 QE-PK  INELA  Q-ELA  ELAST   TOTAL  MODEL

  10.589 16.291  2.66    4.85   15.63    0.00    4.96   20.59  1.000
   3.128  0.190 12.22    5.61   15.75    0.00    5.71   21.47 9.022E+00

  10.589 17.539  3.08    3.87   13.54    0.00    3.94   17.48  1.000
   3.128  0.220 11.80    4.43   13.02    0.00    4.50   17.52 6.585E+00

  10.589 18.706  3.50    3.16   11.65    0.00    3.20   14.85  1.000
   3.128  0.250 11.38    3.58   10.57    0.00    3.63   14.20 4.924E+00

  10.589 20.162  4.06    2.48    9.38    0.00    2.50   11.88  1.000
   3.128  0.290 10.82    2.78    7.68    0.00    2.81   10.49 3.427E+00

  10.589 21.191  4.48    2.10    7.84    0.00    2.12    9.96  1.000
   3.128  0.320 10.40    2.34    5.73    0.00    2.36    8.10 2.643E+00

  10.589 21.851  4.76    1.90    6.88    0.00    1.92    8.80  1.000
   3.128  0.340 10.12    2.11    4.53    0.00    2.13    6.66 2.231E+00

  0.000 0.000  0.000 .000  0.00  0.00  0.00  0.00  0.00  0.00 0.000
                           0.00  0.00  0.00  0.00  0.00  0.00 0.000E+00

