EXTERNAL/TSAI:  VERSION OF 8/8/96

Marathon                                                                
Dp                                                                      
                                                                        
Hall A 2018: 25 cm Deuterium target                                     
Nominal values - not exact                                              

----*----1----*----2----*----3----*----4----*----5----*----6----*----7--
                                                                        

TARGET (iZ,iA) = (  1,  2);   avgA =   2.000; amuM=  2.013; avgM=  1.875
 targ=TRITIUM; ttarg(rl)=0.00114; twall=0.00445; tbeam=0.00298; tspec=0.00759
         Nseg  =   4
 MODELS: P elastc(ikk)=14; deut elastic=13; inelastc=206; Pauli Supresion= 4
 NUCLEAR METHOD= 1;   NUCLEAR_MODEL= 1
 DIS MODEL=111

    E1    TH    Q2 COS_K         SMR     NUC          INT-SMR
    EP     X    W2 QE-PK  INELA  Q-ELA  ELAST   TOTAL  MODEL

 Deut Elastic Model: ia,iamec,rsc,rscmec (1,2,3,4)=  3
 TJON DEUT ELASTIC FILESS TO BE OPEN=rscctj.tjon_input   rscqtj.tjon_input   rscmtj.tjon_input   
  10.589 15.694  2.42    4.15   16.12    3.49    0.13   19.73  0.960
   3.063  0.171 12.59    4.68   15.92    3.77    0.13   19.82 1.896E+01

  10.589 16.605  2.72    3.54   14.54    2.87    0.09   17.50  0.964
   3.077  0.193 12.26    3.97   13.90    3.10    0.09   17.09 1.481E+01

  10.589 16.561  2.72    3.48   14.41    2.81    0.09   17.31  0.965
   3.098  0.194 12.22    3.90   13.76    3.04    0.09   16.89 1.492E+01

  10.589 17.624  3.08    2.92   12.68    2.27    0.06   15.01  0.968
   3.103  0.220 11.84    3.26   11.57    2.45    0.06   14.08 1.124E+01

  10.589 17.648  3.09    2.92   12.64    2.26    0.06   14.95  0.969
   3.104  0.220 11.83    3.25   11.51    2.44    0.06   14.00 1.117E+01

  10.589 17.944  3.15    2.96   12.72    2.29    0.06   15.06  0.966
   3.053  0.222 11.88    3.30   11.59    2.48    0.06   14.13 1.048E+01

  10.589 18.241  3.35    2.53   11.24    1.88    0.04   13.16  0.970
   3.152  0.240 11.48    2.80    9.78    2.03    0.04   11.84 9.417E+00

  10.589 18.691  3.46    2.52   11.11    1.86    0.04   13.01  0.970
   3.098  0.246 11.48    2.79    9.61    2.01    0.04   11.65 8.510E+00

  10.589 18.643  3.47    2.48   10.96    1.82    0.04   12.82  0.970
   3.120  0.247 11.43    2.74    9.43    1.96    0.04   11.43 8.557E+00

  10.589 19.409  3.67    2.41   10.54    1.74    0.03   12.31  0.970
   3.050  0.259 11.36    2.67    8.89    1.88    0.03   10.80 7.178E+00

  10.589 19.720  3.86    2.16    9.53    1.51    0.03   11.06  0.968
   3.104  0.274 11.07    2.38    7.64    1.63    0.03    9.30 6.483E+00

  10.589 20.119  4.00    2.07    9.02    1.41    0.02   10.45  0.967
   3.097  0.285 10.94    2.27    7.02    1.52    0.02    8.56 5.853E+00

  10.589 20.820  4.21    2.00    8.55    1.34    0.02    9.91  0.967
   3.048  0.298 10.82    2.19    6.44    1.45    0.02    7.90 4.977E+00

  10.589 20.403  4.17    1.89    8.19    1.26    0.02    9.47  0.967
   3.139  0.298 10.69    2.07    6.00    1.36    0.02    7.38 5.331E+00

  10.589 21.101  4.41    1.80    7.54    1.16    0.01    8.72  0.965
   3.105  0.314 10.52    1.96    5.21    1.25    0.01    6.48 4.494E+00

  10.589 21.521  4.57    1.73    7.07    1.09    0.01    8.18  0.963
   3.094  0.325 10.38    1.88    4.64    1.18    0.01    5.83 4.037E+00

  10.589 21.801  4.75    1.58    6.25    0.97    0.01    7.22  0.960
   3.138  0.340 10.11    1.71    3.63    1.04    0.01    4.68 3.651E+00

  10.589 22.417  4.96    1.53    5.78    0.92    0.01    6.71  0.957
   3.101  0.353  9.97    1.66    3.06    0.99    0.01    4.06 3.150E+00

  10.589 23.103  5.32    1.36    4.58    0.77    0.01    5.36  0.952
   3.131  0.380  9.56    1.46    1.60    0.83    0.01    2.44 2.548E+00

  0.000 0.000  0.000 .000  0.00  0.00  0.00  0.00  0.00  0.00 0.000
                           0.00  0.00  0.00  0.00  0.00  0.00 0.000E+00

