EXTERNAL/TSAI:  VERSION OF 8/8/96

Marathon                                                                
Dp                                                                      
                                                                        
Hall A 2018: 25 cm Deuterium target                                     
Nominal values - not exact                                              

----*----1----*----2----*----3----*----4----*----5----*----6----*----7--
                                                                        

TARGET (iZ,iA) = (  1,  1);   avgA =   1.000; amuM=  1.007; avgM=  0.938
 targ=TRITIUM; ttarg(rl)=0.00113; twall=0.00478; tbeam=0.00406; tspec=0.00759
         Nseg  =   4
 MODELS: P elastc(ikk)=14; deut elastic=13; inelastc=206; Pauli Supresion= 4
 NUCLEAR METHOD= 1;   NUCLEAR_MODEL= 1
 DIS MODEL=111

    E1    TH    Q2 COS_K         SMR     NUC          INT-SMR
    EP     X    W2 QE-PK  INELA  Q-ELA  ELAST   TOTAL  MODEL

  10.589 15.694  2.42    5.87   17.35    0.00    6.03   23.38  1.000
   3.063  0.171 12.59    6.83   18.00    0.00    6.99   24.99 1.061E+01

  10.589 16.605  2.72    4.89   15.66    0.00    5.00   20.65  1.000
   3.077  0.193 12.26    5.65   15.76    0.00    5.75   21.52 8.401E+00

  10.589 16.561  2.72    4.80   15.50    0.00    4.90   20.40  1.000
   3.098  0.194 12.22    5.54   15.57    0.00    5.64   21.21 8.465E+00

  10.589 17.624  3.08    3.92   13.67    0.00    3.99   17.66  1.000
   3.103  0.220 11.84    4.49   13.18    0.00    4.56   17.74 6.480E+00

  10.589 17.648  3.09    3.92   13.62    0.00    3.99   17.60  1.000
   3.104  0.220 11.83    4.48   13.11    0.00    4.55   17.66 6.440E+00

  10.589 17.944  3.15    3.96   13.70    0.00    4.03   17.73  1.000
   3.053  0.222 11.88    4.54   13.20    0.00    4.61   17.80 6.053E+00

  10.589 18.241  3.35    3.32   12.15    0.00    3.37   15.51  1.000
   3.152  0.240 11.48    3.77   11.22    0.00    3.82   15.04 5.496E+00

  10.589 18.691  3.46    3.29   12.00    0.00    3.34   15.34  1.000
   3.098  0.246 11.48    3.74   11.02    0.00    3.79   14.81 4.984E+00

  10.589 18.643  3.47    3.23   11.84    0.00    3.28   15.12  1.000
   3.120  0.247 11.43    3.67   10.83    0.00    3.71   14.54 5.014E+00

  10.589 19.409  3.67    3.11   11.39    0.00    3.15   14.54  1.000
   3.050  0.259 11.36    3.52   10.23    0.00    3.57   13.79 4.236E+00

  10.589 19.720  3.86    2.75   10.32    0.00    2.78   13.11  1.000
   3.104  0.274 11.07    3.10    8.88    0.00    3.13   12.01 3.858E+00

  10.589 20.119  4.00    2.60    9.78    0.00    2.63   12.41  1.000
   3.097  0.285 10.94    2.92    8.19    0.00    2.95   11.14 3.503E+00

  10.589 20.820  4.21    2.49    9.26    0.00    2.51   11.77  1.000
   3.048  0.298 10.82    2.79    7.52    0.00    2.81   10.34 3.000E+00

  10.589 20.403  4.17    2.35    8.91    0.00    2.37   11.28  1.000
   3.139  0.298 10.69    2.63    7.08    0.00    2.66    9.74 3.214E+00

  10.589 21.101  4.41    2.20    8.24    0.00    2.22   10.47  1.000
   3.105  0.314 10.52    2.46    6.25    0.00    2.48    8.73 2.732E+00

  10.589 21.521  4.57    2.10    7.72    0.00    2.11    9.84  1.000
   3.094  0.325 10.38    2.33    5.59    0.00    2.35    7.94 2.469E+00

  10.589 21.801  4.75    1.89    6.86    0.00    1.91    8.77  1.000
   3.138  0.340 10.11    2.10    4.50    0.00    2.11    6.62 2.250E+00

  10.589 22.417  4.96    1.82    6.37    0.00    1.83    8.20  1.000
   3.101  0.353  9.97    2.01    3.88    0.00    2.02    5.90 1.954E+00

  10.589 23.103  5.32    1.58    5.10    0.00    1.59    6.69  1.000
   3.131  0.380  9.56    1.74    2.29    0.00    1.75    4.04 1.601E+00

  0.000 0.000  0.000 .000  0.00  0.00  0.00  0.00  0.00  0.00 0.000
                           0.00  0.00  0.00  0.00  0.00  0.00 0.000E+00

