EXTERNAL/TSAI:  VERSION OF 8/8/96

Marathon                                                                
Bin center                                                              
                                                                        
Hall A 2018: 25 cm Deuterium target                                     
Nominal values - not exact                                              

----*----1----*----2----*----3----*----4----*----5----*----6----*----7--
                                                                        

TARGET (iZ,iA) = (  1,  1);   avgA =   1.000; amuM=  1.007; avgM=  0.938
 targ=TRITIUM; ttarg(rl)=0.00113; twall=0.00478; tbeam=0.00406; tspec=0.00759
         Nseg  =   4
 MODELS: P elastc(ikk)=14; deut elastic=13; inelastc=206; Pauli Supresion= 4
 NUCLEAR METHOD= 1;   NUCLEAR_MODEL= 1
 DIS MODEL=111

    E1    TH    Q2 COS_K         SMR     NUC          INT-SMR
    EP     X    W2 QE-PK  INELA  Q-ELA  ELAST   TOTAL  MODEL

  10.589 16.291  2.66    4.85   15.63    0.00    4.96   20.59  1.000
   3.128  0.190 12.22    5.61   15.75    0.00    5.71   21.47 9.022E+00

  10.589 17.539  3.08    3.87   13.54    0.00    3.94   17.48  1.000
   3.128  0.220 11.80    4.43   13.02    0.00    4.50   17.52 6.585E+00

  10.589 18.706  3.50    3.16   11.65    0.00    3.20   14.85  1.000
   3.128  0.250 11.38    3.58   10.57    0.00    3.63   14.20 4.924E+00

  10.589 20.162  4.06    2.48    9.38    0.00    2.50   11.88  1.000
   3.128  0.290 10.82    2.78    7.68    0.00    2.81   10.49 3.427E+00

  10.589 21.523  4.62    2.00    7.36    0.00    2.02    9.37  1.000
   3.128  0.330 10.26    2.22    5.12    0.00    2.24    7.36 2.428E+00

  10.589 22.492  5.04    1.73    5.98    0.00    1.74    7.72  1.000
   3.128  0.360  9.84    1.91    3.39    0.00    1.92    5.31 1.887E+00

  10.589 23.271  5.39    1.55    4.89    0.00    1.56    6.45  1.000
   3.128  0.385  9.49    1.70    2.03    0.00    1.71    3.74 1.532E+00

  10.589 24.613  6.02    1.29    3.08    0.00    1.30    4.38  1.000
   3.128  0.430  8.86    1.41   -0.23    0.00    1.41    1.18 1.054E+00

  10.589 26.029  6.72    1.08    1.22    0.00    1.08    2.30  1.000
   3.128  0.480  8.16    1.17   -2.54    0.00    1.17   -1.37 6.905E-01

  10.589 26.845  7.14    0.98    0.17    0.00    0.98    1.16  1.000
   3.128  0.510  7.74    1.06   -3.82    0.00    1.06   -2.77 5.324E-01

  10.589 27.898  7.70    0.87   -1.17    0.00    0.87   -0.30  1.000
   3.128  0.550  7.18    0.93   -5.48    0.00    0.94   -4.54 3.722E-01

  10.589 28.916  8.26    0.78   -2.46    0.00    0.79   -1.68  1.000
   3.128  0.590  6.62    0.84   -7.06    0.00    0.84   -6.22 2.560E-01

  10.589 29.902  8.82    0.72   -3.73    0.00    0.72   -3.01  1.000
   3.128  0.630  6.06    0.77   -8.61    0.00    0.77   -7.84 1.724E-01

  10.589 30.860  9.38    0.67   -4.97    0.00    0.67   -4.30  1.000
   3.128  0.670  5.50    0.72  -10.13    0.00    0.72   -9.40 1.131E-01

  10.589 31.561  9.80    0.65   -5.87    0.00    0.65   -5.22  1.000
   3.128  0.700  5.08    0.70  -11.23    0.00    0.70  -10.53 8.075E-02

  10.589 32.474 10.36    0.64   -7.05    0.00    0.64   -6.41  1.000
   3.128  0.740  4.52    0.70  -12.66    0.00    0.70  -11.97 4.974E-02

  10.589 33.365 10.92    0.67   -8.14    0.00    0.67   -7.48  1.000
   3.128  0.780  3.96    0.73  -13.98    0.00    0.73  -13.25 2.932E-02

  10.589 34.236 11.48    0.76   -8.88    0.00    0.76   -8.13  1.000
   3.128  0.820  3.40    0.84  -14.86    0.00    0.84  -14.02 1.631E-02

  0.000 0.000  0.000 .000  0.00  0.00  0.00  0.00  0.00  0.00 0.000
                           0.00  0.00  0.00  0.00  0.00  0.00 0.000E+00

