EXTERNAL/TSAI:  VERSION OF 8/8/96

Marathon                                                                
Bin center                                                              
                                                                        
Hall A 2018: 25 cm Deuterium target                                     
Nominal values - not exact                                              

----*----1----*----2----*----3----*----4----*----5----*----6----*----7--
                                                                        

TARGET (iZ,iA) = (  1,  2);   avgA =   2.000; amuM=  2.013; avgM=  1.875
 targ=TRITIUM; ttarg(rl)=0.00114; twall=0.00445; tbeam=0.00298; tspec=0.00759
         Nseg  =   4
 MODELS: P elastc(ikk)=14; deut elastic=13; inelastc=206; Pauli Supresion= 4
 NUCLEAR METHOD= 1;   NUCLEAR_MODEL= 1
 DIS MODEL=111

    E1    TH    Q2 COS_K         SMR     NUC          INT-SMR
    EP     X    W2 QE-PK  INELA  Q-ELA  ELAST   TOTAL  MODEL

 Deut Elastic Model: ia,iamec,rsc,rscmec (1,2,3,4)=  3
 TJON DEUT ELASTIC FILESS TO BE OPEN=rscctj.tjon_input   rscqtj.tjon_input   rscmtj.tjon_input   
  10.589 16.291  2.66    3.50   14.51    2.83    0.09   17.43  0.959
   3.128  0.190 12.22    3.93   13.88    3.07    0.09   17.04 1.593E+01

  10.589 17.539  3.08    2.89   12.56    2.22    0.06   14.84  0.968
   3.128  0.220 11.80    3.22   11.42    2.40    0.06   13.88 1.142E+01

  10.589 18.706  3.50    2.43   10.78    1.77    0.04   12.59  0.971
   3.128  0.250 11.38    2.68    9.20    1.91    0.04   11.15 8.390E+00

  10.589 20.162  4.06    1.98    8.65    1.34    0.02   10.01  0.967
   3.128  0.290 10.82    2.17    6.56    1.44    0.02    8.03 5.710E+00

  10.589 21.523  4.62    1.65    6.72    1.04    0.01    7.77  0.963
   3.128  0.330 10.26    1.80    4.20    1.12    0.01    5.33 3.960E+00

  10.589 22.492  5.04    1.47    5.41    0.87    0.01    6.28  0.956
   3.128  0.360  9.84    1.58    2.61    0.93    0.01    3.55 3.031E+00

  10.589 23.271  5.39    1.34    4.37    0.75    0.01    5.13  0.951
   3.128  0.385  9.49    1.44    1.35    0.81    0.01    2.17 2.432E+00

  10.589 24.613  6.02    1.15    2.65    0.60    0.00    3.25  0.940
   3.128  0.430  8.86    1.23   -0.74    0.65    0.00   -0.09 1.638E+00

  10.589 26.029  6.72    0.99    0.89    0.49    0.00    1.38  0.928
   3.128  0.480  8.16    1.05   -2.86    0.52    0.00   -2.34 1.050E+00

  10.589 26.845  7.14    0.92   -0.12    0.44    0.00    0.32  0.922
   3.128  0.510  7.74    0.97   -4.07    0.47    0.00   -3.59 8.002E-01

  10.589 27.898  7.70    0.83   -1.38    0.39    0.00   -0.99  0.916
   3.128  0.550  7.18    0.88   -5.58    0.42    0.00   -5.16 5.511E-01

  10.589 28.916  8.26    0.77   -2.59    0.35    0.00   -2.24  0.911
   3.128  0.590  6.62    0.81   -7.03    0.38    0.00   -6.65 3.741E-01

  10.589 29.902  8.82    0.71   -3.76    0.34    0.00   -3.42  0.911
   3.128  0.630  6.06    0.75   -8.43    0.36    0.00   -8.07 2.493E-01

  10.589 30.860  9.38    0.67   -4.89    0.33    0.00   -4.56  0.913
   3.128  0.670  5.50    0.71   -9.78    0.36    0.00   -9.42 1.626E-01

  10.589 31.561  9.80    0.65   -5.74    0.34    0.00   -5.40  0.921
   3.128  0.700  5.08    0.69  -10.78    0.37    0.00  -10.42 1.160E-01

  10.589 32.474 10.36    0.64   -6.87    0.37    0.00   -6.50  0.940
   3.128  0.740  4.52    0.68  -12.12    0.40    0.00  -11.72 7.209E-02

  10.589 33.365 10.92    0.66   -8.03    0.43    0.00   -7.60  0.982
   3.128  0.780  3.96    0.70  -13.49    0.47    0.00  -13.02 4.333E-02

  10.589 34.236 11.48    0.71   -9.30    0.57    0.00   -8.73  1.069
   3.128  0.820  3.40    0.78  -14.98    0.62    0.00  -14.36 2.506E-02

  0.000 0.000  0.000 .000  0.00  0.00  0.00  0.00  0.00  0.00 0.000
                           0.00  0.00  0.00  0.00  0.00  0.00 0.000E+00

