EXTERNAL/TSAI:  VERSION OF 8/8/96

Marathon                                                                
Bin center                                                              
                                                                        
Hall A 2018: 25 cm Tritium target                                       
Nominal values - not exact                                              

----*----1----*----2----*----3----*----4----*----5----*----6----*----7--
                                                                        

TARGET (iZ,iA) = (  1,  3);   avgA =   3.000; amuM=  3.016; avgM=  2.809
 targ=TRITIUM; ttarg(rl)=0.00045; twall=0.00481; tbeam=0.00291; tspec=0.00759
         Nseg  =   4
 MODELS: P elastc(ikk)=14; deut elastic=13; inelastc=206; Pauli Supresion= 4
 NUCLEAR METHOD= 1;   NUCLEAR_MODEL= 1
 DIS MODEL=111

    E1    TH    Q2 COS_K         SMR     NUC          INT-SMR
    EP     X    W2 QE-PK  INELA  Q-ELA  ELAST   TOTAL  MODEL

  10.589 16.291  2.66    2.97   13.71    2.22    0.20   16.14  0.870
   3.128  0.190 12.22    3.30   12.61    2.36    0.20   15.17 2.284E+01

  10.589 17.539  3.08    2.49   11.83    1.78    0.11   13.72  0.876
   3.128  0.220 11.80    2.75   10.24    1.89    0.11   12.24 1.622E+01

  10.589 18.706  3.50    2.13   10.12    1.44    0.07   11.62  0.878
   3.128  0.250 11.38    2.33    8.12    1.52    0.07    9.71 1.182E+01

  10.589 20.162  4.06    1.77    8.05    1.10    0.03    9.18  0.873
   3.128  0.290 10.82    1.92    5.59    1.17    0.03    6.79 7.958E+00

  10.589 21.523  4.62    1.51    6.20    0.86    0.01    7.08  0.862
   3.128  0.330 10.26    1.62    3.35    0.91    0.01    4.27 5.464E+00

  10.589 22.492  5.04    1.36    4.92    0.72    0.01    5.65  0.851
   3.128  0.360  9.84    1.45    1.80    0.76    0.01    2.57 4.152E+00

  10.589 23.271  5.39    1.25    3.92    0.63    0.00    4.55  0.842
   3.128  0.385  9.49    1.33    0.59    0.67    0.00    1.27 3.311E+00

  10.589 24.613  6.02    1.09    2.23    0.51    0.00    2.73  0.823
   3.128  0.430  8.86    1.16   -1.44    0.54    0.00   -0.90 2.205E+00

  10.589 26.029  6.72    0.96    0.50    0.41    0.00    0.91  0.803
   3.128  0.480  8.16    1.01   -3.50    0.43    0.00   -3.06 1.397E+00

  10.589 26.845  7.14    0.90   -0.47    0.37    0.00   -0.10  0.794
   3.128  0.510  7.74    0.94   -4.65    0.39    0.00   -4.26 1.056E+00

  10.589 27.898  7.70    0.83   -1.71    0.33    0.00   -1.38  0.786
   3.128  0.550  7.18    0.87   -6.13    0.35    0.00   -5.78 7.196E-01

  10.589 28.916  8.26    0.77   -2.87    0.31    0.00   -2.56  0.786
   3.128  0.590  6.62    0.80   -7.50    0.33    0.00   -7.17 4.836E-01

  10.589 29.902  8.82    0.72   -4.00    0.30    0.00   -3.70  0.799
   3.128  0.630  6.06    0.75   -8.83    0.32    0.00   -8.51 3.195E-01

  10.589 30.860  9.38    0.69   -5.10    0.31    0.00   -4.79  0.831
   3.128  0.670  5.50    0.72  -10.12    0.33    0.00   -9.79 2.070E-01

  10.589 31.561  9.80    0.67   -5.90    0.33    0.00   -5.57  0.874
   3.128  0.700  5.08    0.70  -11.06    0.35    0.00  -10.71 1.473E-01

  10.589 32.474 10.36    0.66   -6.99    0.39    0.00   -6.60  0.965
   3.128  0.740  4.52    0.70  -12.33    0.41    0.00  -11.92 9.152E-02

  10.589 33.365 10.92    0.67   -8.12    0.50    0.00   -7.62  1.113
   3.128  0.780  3.96    0.71  -13.62    0.52    0.00  -13.10 5.538E-02

  10.589 34.236 11.48    0.72   -9.41    0.72    0.00   -8.69  1.335
   3.128  0.820  3.40    0.78  -15.08    0.74    0.00  -14.34 3.260E-02

  0.000 0.000  0.000 .000  0.00  0.00  0.00  0.00  0.00  0.00 0.000
                           0.00  0.00  0.00  0.00  0.00  0.00 0.000E+00

