EXTERNAL/TSAI:  VERSION OF 8/8/96

Marathon                                                                
Bin center                                                              
                                                                        
Hall A 2018: 25 cm He3 target                                           
Nominal values - not exact                                              

----*----1----*----2----*----3----*----4----*----5----*----6----*----7--
                                                                        

TARGET (iZ,iA) = (  2,  3);   avgA =   3.000; amuM=  3.016; avgM=  2.809
 targ=TRITIUM; ttarg(rl)=0.00075; twall=0.00519; tbeam=0.00285; tspec=0.00759
         Nseg  =   4
 MODELS: P elastc(ikk)=14; deut elastic=13; inelastc=206; Pauli Supresion= 4
 NUCLEAR METHOD= 1;   NUCLEAR_MODEL= 1
 DIS MODEL=111

    E1    TH    Q2 COS_K         SMR     NUC          INT-SMR
    EP     X    W2 QE-PK  INELA  Q-ELA  ELAST   TOTAL  MODEL

  10.589 16.291  2.66    3.94   14.81    2.70    0.18   17.70  0.828
   3.128  0.190 12.22    4.37   13.93    2.88    0.18   16.99 2.530E+01

  10.589 17.539  3.08    3.21   12.78    2.11    0.10   14.99  0.839
   3.128  0.220 11.80    3.54   11.35    2.24    0.10   13.70 1.822E+01

  10.589 18.706  3.50    2.67   10.94    1.68    0.06   12.67  0.845
   3.128  0.250 11.38    2.92    9.05    1.78    0.06   10.89 1.345E+01

  10.589 20.162  4.06    2.15    8.73    1.26    0.03   10.02  0.848
   3.128  0.290 10.82    2.33    6.32    1.34    0.03    7.69 9.194E+00

  10.589 21.523  4.62    1.78    6.78    0.97    0.01    7.77  0.846
   3.128  0.330 10.26    1.92    3.94    1.03    0.01    4.98 6.398E+00

  10.589 22.492  5.04    1.57    5.44    0.81    0.01    6.25  0.842
   3.128  0.360  9.84    1.68    2.30    0.86    0.01    3.17 4.906E+00

  10.589 23.271  5.39    1.43    4.40    0.70    0.00    5.11  0.839
   3.128  0.385  9.49    1.52    1.04    0.75    0.00    1.79 3.941E+00

  10.589 24.613  6.02    1.22    2.65    0.56    0.00    3.22  0.831
   3.128  0.430  8.86    1.29   -1.07    0.60    0.00   -0.47 2.659E+00

  10.589 26.029  6.72    1.05    0.88    0.45    0.00    1.33  0.823
   3.128  0.480  8.16    1.10   -3.20    0.48    0.00   -2.72 1.708E+00

  10.589 26.845  7.14    0.96   -0.12    0.41    0.00    0.29  0.821
   3.128  0.510  7.74    1.01   -4.40    0.43    0.00   -3.97 1.302E+00

  10.589 27.898  7.70    0.87   -1.41    0.36    0.00   -1.05  0.822
   3.128  0.550  7.18    0.91   -5.94    0.38    0.00   -5.56 8.986E-01

  10.589 28.916  8.26    0.80   -2.62    0.34    0.00   -2.28  0.832
   3.128  0.590  6.62    0.83   -7.38    0.36    0.00   -7.02 6.115E-01

  10.589 29.902  8.82    0.74   -3.80    0.33    0.00   -3.47  0.855
   3.128  0.630  6.06    0.77   -8.78    0.35    0.00   -8.44 4.088E-01

  10.589 30.860  9.38    0.69   -4.97    0.33    0.00   -4.63  0.898
   3.128  0.670  5.50    0.72  -10.16    0.35    0.00   -9.81 2.677E-01

  10.589 31.561  9.80    0.67   -5.82    0.36    0.00   -5.46  0.950
   3.128  0.700  5.08    0.70  -11.16    0.38    0.00  -10.78 1.917E-01

  10.589 32.474 10.36    0.65   -6.97    0.42    0.00   -6.55  1.058
   3.128  0.740  4.52    0.69  -12.50    0.44    0.00  -12.06 1.200E-01

  10.589 33.365 10.92    0.66   -8.16    0.54    0.00   -7.61  1.228
   3.128  0.780  3.96    0.70  -13.87    0.56    0.00  -13.31 7.284E-02

  10.589 34.236 11.48    0.71   -9.49    0.78    0.00   -8.71  1.479
   3.128  0.820  3.40    0.76  -15.39    0.80    0.00  -14.59 4.288E-02

  0.000 0.000  0.000 .000  0.00  0.00  0.00  0.00  0.00  0.00 0.000
                           0.00  0.00  0.00  0.00  0.00  0.00 0.000E+00

