EXTERNAL/TSAI:  VERSION OF 8/8/96

Marathon                                                                
H3_kin13.inp                                                            
                                                                        
Hall A 2018: 25 cm Tritium target                                       
Nominal values - not exact                                              

----*----1----*----2----*----3----*----4----*----5----*----6----*----7--
                                                                        

TARGET (iZ,iA) = (  1,  3);   avgA =   3.000; amuM=  3.016; avgM=  2.809
 targ=TRITIUM; ttarg(rl)=0.00045; twall=0.00481; tbeam=0.00341; tspec=0.00759
         Nseg  =   4
 MODELS: P elastc(ikk)=14; deut elastic=13; inelastc=206; Pauli Supresion= 4
 NUCLEAR METHOD= 1;   NUCLEAR_MODEL= 1
 DIS MODEL=111

    E1    TH    Q2 COS_K         SMR     NUC          INT-SMR
    EP     X    W2 QE-PK  INELA  Q-ELA  ELAST   TOTAL  MODEL

  10.589 30.116  8.53    0.82   -2.77    0.33    0.00   -2.44  0.782
   2.985  0.598  6.62    0.87   -7.34    0.35    0.00   -6.99 3.954E-01

  10.589 30.338  8.71    0.80   -3.20    0.32    0.00   -2.88  0.785
   3.003  0.612  6.41    0.84   -7.87    0.34    0.00   -7.52 3.483E-01

  10.589 30.633  8.95    0.76   -3.79    0.31    0.00   -3.48  0.793
   3.028  0.631  6.12    0.80   -8.57    0.34    0.00   -8.24 2.915E-01

  10.589 30.929  9.20    0.73   -4.39    0.31    0.00   -4.08  0.807
   3.054  0.650  5.83    0.77   -9.29    0.33    0.00   -8.96 2.413E-01

  10.589 31.225  9.44    0.71   -4.98    0.31    0.00   -4.67  0.826
   3.078  0.670  5.53    0.74  -10.00    0.34    0.00   -9.66 1.983E-01

  10.589 31.565  9.70    0.68   -5.56    0.32    0.00   -5.23  0.853
   3.095  0.690  5.24    0.72  -10.68    0.35    0.00  -10.33 1.612E-01

  10.589 31.978  9.97    0.67   -6.11    0.34    0.00   -5.76  0.887
   3.102  0.709  4.96    0.71  -11.33    0.37    0.00  -10.96 1.289E-01

  10.589 32.359 10.23    0.67   -6.66    0.37    0.00   -6.29  0.933
   3.112  0.729  4.68    0.71  -11.99    0.39    0.00  -11.59 1.026E-01

  10.589 32.605 10.47    0.66   -7.25    0.41    0.00   -6.85  0.994
   3.137  0.749  4.39    0.70  -12.68    0.43    0.00  -12.25 8.277E-02

  10.589 32.834 10.70    0.66   -7.86    0.46    0.00   -7.40  1.072
   3.164  0.768  4.11    0.70  -13.39    0.48    0.00  -12.91 6.638E-02

  10.589 33.026 10.92    0.66   -8.44    0.53    0.00   -7.91  1.161
   3.190  0.786  3.85    0.71  -14.08    0.55    0.00  -13.52 5.393E-02

  10.589 33.283 11.14    0.68   -9.04    0.62    0.00   -8.42  1.263
   3.207  0.804  3.59    0.74  -14.77    0.64    0.00  -14.12 4.328E-02

  0.000 0.000  0.000 .000  0.00  0.00  0.00  0.00  0.00  0.00 0.000
                           0.00  0.00  0.00  0.00  0.00  0.00 0.000E+00

