EXTERNAL/TSAI:  VERSION OF 8/8/96

Marathon                                                                
He3_kin2.inp                                                            
                                                                        
Hall A 2018: 25 cm He3 target                                           
Nominal values - not exact                                              

----*----1----*----2----*----3----*----4----*----5----*----6----*----7--
                                                                        

TARGET (iZ,iA) = (  2,  3);   avgA =   3.000; amuM=  3.016; avgM=  2.809
 targ=TRITIUM; ttarg(rl)=0.00075; twall=0.00519; tbeam=0.00285; tspec=0.00759
         Nseg  =   4
 MODELS: P elastc(ikk)=14; deut elastic=13; inelastc=206; Pauli Supresion= 4
 NUCLEAR METHOD= 1;   NUCLEAR_MODEL= 1
 DIS MODEL=111

    E1    TH    Q2 COS_K         SMR     NUC          INT-SMR
    EP     X    W2 QE-PK  INELA  Q-ELA  ELAST   TOTAL  MODEL

  10.589 17.745  3.05    3.53   13.57    2.36    0.12   16.05  0.835
   3.023  0.215 12.03    3.90   12.31    2.51    0.12   14.94 1.775E+01

  10.589 18.185  3.25    3.09   12.30    2.00    0.09   14.39  0.840
   3.076  0.231 11.73    3.40   10.74    2.13    0.09   12.96 1.563E+01

  10.589 18.831  3.51    2.72   11.08    1.71    0.06   12.85  0.844
   3.097  0.250 11.43    2.98    9.22    1.82    0.06   11.10 1.315E+01

  10.589 19.560  3.79    2.43    9.93    1.48    0.04   11.45  0.846
   3.100  0.270 11.15    2.65    7.80    1.57    0.04    9.41 1.088E+01

  10.589 20.190  4.05    2.19    8.85    1.28    0.03   10.16  0.847
   3.112  0.289 10.86    2.37    6.47    1.37    0.03    7.87 9.187E+00

  10.589 20.517  4.25    1.96    7.85    1.11    0.02    8.98  0.848
   3.164  0.305 10.56    2.12    5.24    1.18    0.02    6.44 8.240E+00

  10.589 20.903  4.47    1.76    6.86    0.96    0.01    7.84  0.847
   3.208  0.323 10.26    1.89    4.02    1.02    0.01    5.06 7.270E+00

  0.000 0.000  0.000 .000  0.00  0.00  0.00  0.00  0.00  0.00 0.000
                           0.00  0.00  0.00  0.00  0.00  0.00 0.000E+00

