EXTERNAL/TSAI:  VERSION OF 8/8/96

Marathon                                                                
H3_kin2.inp                                                             
                                                                        
Hall A 2018: 25 cm Tritium target                                       
Nominal values - not exact                                              

----*----1----*----2----*----3----*----4----*----5----*----6----*----7--
                                                                        

TARGET (iZ,iA) = (  1,  3);   avgA =   3.000; amuM=  3.016; avgM=  2.809
 targ=TRITIUM; ttarg(rl)=0.00045; twall=0.00481; tbeam=0.00341; tspec=0.00759
         Nseg  =   4
 MODELS: P elastc(ikk)=14; deut elastic=13; inelastc=206; Pauli Supresion= 4
 NUCLEAR METHOD= 1;   NUCLEAR_MODEL= 1
 DIS MODEL=111

    E1    TH    Q2 COS_K         SMR     NUC          INT-SMR
    EP     X    W2 QE-PK  INELA  Q-ELA  ELAST   TOTAL  MODEL

  10.589 17.744  3.05    2.73   12.57    1.98    0.14   14.68  0.874
   3.023  0.215 12.03    3.06   11.33    2.14    0.14   13.60 1.585E+01

  10.589 18.183  3.25    2.42   11.39    1.70    0.10   13.18  0.877
   3.077  0.231 11.72    2.70    9.85    1.83    0.10   11.78 1.386E+01

  10.589 18.830  3.51    2.17   10.24    1.47    0.07   11.78  0.877
   3.097  0.250 11.43    2.41    8.43    1.58    0.07   10.08 1.156E+01

  10.589 19.556  3.79    1.97    9.18    1.28    0.05   10.50  0.876
   3.100  0.270 11.15    2.18    7.10    1.38    0.05    8.53 9.499E+00

  10.589 20.187  4.05    1.80    8.16    1.12    0.03    9.31  0.874
   3.114  0.289 10.86    1.98    5.84    1.21    0.03    7.08 7.960E+00

  10.589 20.516  4.25    1.63    7.21    0.98    0.02    8.21  0.870
   3.164  0.305 10.56    1.79    4.67    1.05    0.02    5.75 7.098E+00

  10.589 20.889  4.47    1.48    6.29    0.85    0.02    7.16  0.865
   3.208  0.322 10.27    1.62    3.53    0.92    0.02    4.47 6.248E+00

  0.000 0.000  0.000 .000  0.00  0.00  0.00  0.00  0.00  0.00 0.000
                           0.00  0.00  0.00  0.00  0.00  0.00 0.000E+00

