EXTERNAL/TSAI:  VERSION OF 8/8/96

Marathon                                                                
He3_kin1.inp                                                            
                                                                        
Hall A 2018: 25 cm He3 target                                           
Nominal values - not exact                                              

----*----1----*----2----*----3----*----4----*----5----*----6----*----7--
                                                                        

TARGET (iZ,iA) = (  2,  3);   avgA =   3.000; amuM=  3.016; avgM=  2.809
 targ=TRITIUM; ttarg(rl)=0.00075; twall=0.00519; tbeam=0.00285; tspec=0.00759
         Nseg  =   4
 MODELS: P elastc(ikk)=14; deut elastic=13; inelastc=206; Pauli Supresion= 4
 NUCLEAR METHOD= 1;   NUCLEAR_MODEL= 1
 DIS MODEL=111

    E1    TH    Q2 COS_K         SMR     NUC          INT-SMR
    EP     X    W2 QE-PK  INELA  Q-ELA  ELAST   TOTAL  MODEL

  10.589 16.120  2.51    4.64   16.32    3.26    0.25   19.83  0.819
   3.013  0.176 12.59    5.18   15.80    3.47    0.25   19.53 2.706E+01

  10.589 16.554  2.70    4.03   14.99    2.77    0.18   17.95  0.827
   3.072  0.191 12.29    4.48   14.13    2.95    0.18   17.26 2.387E+01

  10.589 17.242  2.95    3.49   13.58    2.34    0.13   16.05  0.835
   3.097  0.210 11.99    3.86   12.36    2.49    0.13   14.97 1.984E+01

  10.589 18.036  3.23    3.07   12.29    1.99    0.09   14.37  0.840
   3.100  0.230 11.71    3.38   10.73    2.12    0.09   12.93 1.614E+01

  10.589 18.708  3.49    2.72   11.08    1.71    0.06   12.85  0.844
   3.115  0.248 11.42    2.97    9.23    1.82    0.06   11.10 1.350E+01

  10.589 19.042  3.67    2.42   10.01    1.48    0.04   11.53  0.847
   3.168  0.264 11.13    2.64    7.90    1.57    0.04    9.51 1.216E+01

  0.000 0.000  0.000 .000  0.00  0.00  0.00  0.00  0.00  0.00 0.000
                           0.00  0.00  0.00  0.00  0.00  0.00 0.000E+00

