EXTERNAL/TSAI:  VERSION OF 8/8/96

Marathon                                                                
H3_kin15.inp                                                            
                                                                        
Hall A 2018: 25 cm Tritium target                                       
Nominal values - not exact                                              

----*----1----*----2----*----3----*----4----*----5----*----6----*----7--
                                                                        

TARGET (iZ,iA) = (  1,  3);   avgA =   3.000; amuM=  3.016; avgM=  2.809
 targ=TRITIUM; ttarg(rl)=0.00045; twall=0.00481; tbeam=0.00341; tspec=0.00759
         Nseg  =   4
 MODELS: P elastc(ikk)=14; deut elastic=13; inelastc=206; Pauli Supresion= 4
 NUCLEAR METHOD= 1;   NUCLEAR_MODEL= 1
 DIS MODEL=111

    E1    TH    Q2 COS_K         SMR     NUC          INT-SMR
    EP     X    W2 QE-PK  INELA  Q-ELA  ELAST   TOTAL  MODEL

  10.589 32.030  9.63    0.73   -4.93    0.33    0.00   -4.60  0.823
   2.988  0.675  5.51    0.78   -9.90    0.35    0.00   -9.55 1.729E-01

  10.589 32.264  9.83    0.72   -5.40    0.33    0.00   -5.06  0.844
   3.007  0.691  5.27    0.76  -10.46    0.36    0.00  -10.10 1.470E-01

  10.589 32.544 10.08    0.70   -5.98    0.35    0.00   -5.63  0.878
   3.030  0.710  4.99    0.74  -11.15    0.37    0.00  -10.77 1.199E-01

  10.589 32.828 10.33    0.68   -6.56    0.38    0.00   -6.19  0.924
   3.053  0.730  4.70    0.72  -11.84    0.40    0.00  -11.45 9.665E-02

  10.589 33.108 10.57    0.68   -7.15    0.41    0.00   -6.74  0.984
   3.075  0.750  4.41    0.72  -12.54    0.44    0.00  -12.10 7.733E-02

  10.589 33.422 10.83    0.68   -7.75    0.47    0.00   -7.28  1.059
   3.092  0.770  4.12    0.72  -13.24    0.49    0.00  -12.75 6.124E-02

  10.589 33.813 11.10    0.69   -8.35    0.54    0.00   -7.81  1.150
   3.098  0.790  3.84    0.74  -13.93    0.57    0.00  -13.37 4.766E-02

  10.589 34.144 11.36    0.71   -9.00    0.64    0.00   -8.36  1.261
   3.111  0.809  3.56    0.76  -14.69    0.67    0.00  -14.02 3.713E-02

  10.589 34.367 11.59    0.74   -9.74    0.79    0.00   -8.95  1.396
   3.135  0.829  3.28    0.81  -15.53    0.81    0.00  -14.72 2.913E-02

  10.589 34.574 11.78    0.78  -10.37    0.94    0.00   -9.44  1.511
   3.150  0.844  3.06    0.86  -16.26    0.96    0.00  -15.30 2.392E-02

  0.000 0.000  0.000 .000  0.00  0.00  0.00  0.00  0.00  0.00 0.000
                           0.00  0.00  0.00  0.00  0.00  0.00 0.000E+00

