EXTERNAL/TSAI:  VERSION OF 8/8/96

Marathon                                                                
He3_kin4.inp                                                            
                                                                        
Hall A 2018: 25 cm He3 target                                           
Nominal values - not exact                                              

----*----1----*----2----*----3----*----4----*----5----*----6----*----7--
                                                                        

TARGET (iZ,iA) = (  2,  3);   avgA =   3.000; amuM=  3.016; avgM=  2.809
 targ=TRITIUM; ttarg(rl)=0.00075; twall=0.00519; tbeam=0.00285; tspec=0.00832
         Nseg  =   4
 MODELS: P elastc(ikk)=14; deut elastic=13; inelastc=206; Pauli Supresion= 4
 NUCLEAR METHOD= 1;   NUCLEAR_MODEL= 1
 DIS MODEL=111

    E1    TH    Q2 COS_K         SMR     NUC          INT-SMR
    EP     X    W2 QE-PK  INELA  Q-ELA  ELAST   TOTAL  MODEL

  10.589 20.374  3.96    2.49    9.89    1.50    0.04   11.43  0.845
   2.990  0.278 11.18    2.71    7.64    1.59    0.04    9.27 9.217E+00

  10.589 20.696  4.14    2.26    8.98    1.33    0.03   10.33  0.846
   3.031  0.292 10.92    2.45    6.52    1.41    0.03    7.95 8.345E+00

  10.589 21.128  4.38    2.01    7.87    1.14    0.02    9.02  0.846
   3.076  0.311 10.60    2.17    5.16    1.20    0.02    6.38 7.301E+00

  10.589 21.684  4.64    1.82    6.90    0.99    0.01    7.91  0.845
   3.095  0.330 10.31    1.96    3.97    1.05    0.01    5.03 6.240E+00

  10.589 22.313  4.91    1.67    5.99    0.88    0.01    6.88  0.843
   3.099  0.350 10.02    1.79    2.85    0.93    0.01    3.79 5.251E+00

  10.589 22.887  5.18    1.53    5.11    0.78    0.01    5.89  0.841
   3.108  0.369  9.74    1.64    1.77    0.83    0.01    2.60 4.455E+00

  10.589 23.220  5.40    1.40    4.25    0.69    0.00    4.94  0.839
   3.151  0.387  9.43    1.49    0.71    0.73    0.00    1.44 3.935E+00

  10.589 23.476  5.59    1.29    3.49    0.62    0.00    4.11  0.837
   3.192  0.403  9.17    1.37   -0.22    0.65    0.00    0.44 3.542E+00

  0.000 0.000  0.000 .000  0.00  0.00  0.00  0.00  0.00  0.00 0.000
                           0.00  0.00  0.00  0.00  0.00  0.00 0.000E+00

