EXTERNAL/TSAI:  VERSION OF 8/8/96

Marathon                                                                
H3_kin4.inp                                                             
                                                                        
Hall A 2018: 25 cm Tritium target                                       
Nominal values - not exact                                              

----*----1----*----2----*----3----*----4----*----5----*----6----*----7--
                                                                        

TARGET (iZ,iA) = (  1,  3);   avgA =   3.000; amuM=  3.016; avgM=  2.809
 targ=TRITIUM; ttarg(rl)=0.00045; twall=0.00481; tbeam=0.00341; tspec=0.00759
         Nseg  =   4
 MODELS: P elastc(ikk)=14; deut elastic=13; inelastc=206; Pauli Supresion= 4
 NUCLEAR METHOD= 1;   NUCLEAR_MODEL= 1
 DIS MODEL=111

    E1    TH    Q2 COS_K         SMR     NUC          INT-SMR
    EP     X    W2 QE-PK  INELA  Q-ELA  ELAST   TOTAL  MODEL

  10.589 20.373  3.96    2.03    9.15    1.30    0.04   10.50  0.873
   2.990  0.278 11.18    2.24    7.07    1.41    0.04    8.52 8.016E+00

  10.589 20.694  4.14    1.86    8.29    1.16    0.03    9.48  0.871
   3.030  0.292 10.92    2.05    6.01    1.25    0.03    7.29 7.223E+00

  10.589 21.123  4.38    1.68    7.24    1.00    0.02    8.26  0.867
   3.076  0.311 10.60    1.84    4.72    1.08    0.02    5.82 6.283E+00

  10.589 21.680  4.64    1.54    6.32    0.88    0.01    7.21  0.862
   3.095  0.330 10.31    1.68    3.58    0.95    0.01    4.54 5.333E+00

  10.589 22.314  4.91    1.43    5.45    0.78    0.01    6.24  0.855
   3.099  0.350 10.02    1.55    2.52    0.84    0.01    3.37 4.456E+00

  10.589 22.878  5.18    1.33    4.60    0.70    0.01    5.30  0.848
   3.109  0.369  9.74    1.44    1.49    0.75    0.01    2.24 3.766E+00

  10.589 23.217  5.40    1.22    3.77    0.61    0.00    4.38  0.841
   3.151  0.387  9.43    1.32    0.46    0.66    0.00    1.13 3.305E+00

  10.589 23.466  5.59    1.14    3.03    0.55    0.00    3.58  0.834
   3.194  0.403  9.16    1.22   -0.44    0.59    0.00    0.16 2.964E+00

  0.000 0.000  0.000 .000  0.00  0.00  0.00  0.00  0.00  0.00 0.000
                           0.00  0.00  0.00  0.00  0.00  0.00 0.000E+00

