EXTERNAL/TSAI:  VERSION OF 8/8/96

Marathon                                                                
H3_kin3.inp                                                             
                                                                        
Hall A 2018: 25 cm Tritium target                                       
Nominal values - not exact                                              

----*----1----*----2----*----3----*----4----*----5----*----6----*----7--
                                                                        

TARGET (iZ,iA) = (  1,  3);   avgA =   3.000; amuM=  3.016; avgM=  2.809
 targ=TRITIUM; ttarg(rl)=0.00045; twall=0.00481; tbeam=0.00341; tspec=0.00759
         Nseg  =   4
 MODELS: P elastc(ikk)=14; deut elastic=13; inelastc=206; Pauli Supresion= 4
 NUCLEAR METHOD= 1;   NUCLEAR_MODEL= 1
 DIS MODEL=111

    E1    TH    Q2 COS_K         SMR     NUC          INT-SMR
    EP     X    W2 QE-PK  INELA  Q-ELA  ELAST   TOTAL  MODEL

  10.589 18.921  3.41    2.45   11.28    1.70    0.09   13.06  0.875
   2.983  0.239 11.74    2.73    9.69    1.84    0.09   11.62 1.177E+01

  10.589 19.261  3.59    2.23   10.33    1.50    0.07   11.90  0.876
   3.027  0.253 11.48    2.47    8.53    1.62    0.07   10.22 1.058E+01

  10.589 19.702  3.82    1.99    9.20    1.29    0.05   10.54  0.875
   3.077  0.271 11.16    2.20    7.13    1.39    0.05    8.57 9.221E+00

  10.589 20.298  4.07    1.81    8.17    1.12    0.03    9.32  0.872
   3.097  0.290 10.87    1.99    5.86    1.21    0.03    7.10 7.783E+00

  10.589 20.975  4.35    1.66    7.21    0.99    0.02    8.22  0.868
   3.100  0.310 10.58    1.82    4.68    1.07    0.02    5.77 6.462E+00

  10.589 21.576  4.62    1.53    6.30    0.87    0.01    7.19  0.862
   3.111  0.329 10.30    1.67    3.57    0.94    0.01    4.52 5.440E+00

  10.589 21.912  4.83    1.40    5.40    0.76    0.01    6.17  0.856
   3.158  0.346  9.99    1.52    2.45    0.82    0.01    3.29 4.810E+00

  10.589 22.225  5.03    1.29    4.61    0.68    0.01    5.29  0.851
   3.197  0.363  9.72    1.40    1.48    0.73    0.01    2.22 4.283E+00

  0.000 0.000  0.000 .000  0.00  0.00  0.00  0.00  0.00  0.00 0.000
                           0.00  0.00  0.00  0.00  0.00  0.00 0.000E+00

