EXTERNAL/TSAI:  VERSION OF 8/8/96

Marathon                                                                
He3_kin5.inp                                                            
                                                                        
Hall A 2018: 25 cm He3 target                                           
Nominal values - not exact                                              

----*----1----*----2----*----3----*----4----*----5----*----6----*----7--
                                                                        

TARGET (iZ,iA) = (  2,  3);   avgA =   3.000; amuM=  3.016; avgM=  2.809
 targ=TRITIUM; ttarg(rl)=0.00075; twall=0.00519; tbeam=0.00285; tspec=0.00759
         Nseg  =   4
 MODELS: P elastc(ikk)=14; deut elastic=13; inelastc=206; Pauli Supresion= 4
 NUCLEAR METHOD= 1;   NUCLEAR_MODEL= 1
 DIS MODEL=111

    E1    TH    Q2 COS_K         SMR     NUC          INT-SMR
    EP     X    W2 QE-PK  INELA  Q-ELA  ELAST   TOTAL  MODEL

  10.589 21.700  4.50    2.05    7.87    1.16    0.02    9.04  0.845
   2.999  0.316 10.62    2.22    5.28    1.23    0.02    6.52 6.534E+00

  10.589 22.024  4.69    1.87    7.02    1.02    0.01    8.05  0.844
   3.038  0.331 10.36    2.02    4.23    1.09    0.01    5.33 5.879E+00

  10.589 22.441  4.94    1.68    6.02    0.89    0.01    6.91  0.843
   3.079  0.350 10.03    1.81    3.01    0.94    0.01    3.96 5.131E+00

  10.589 22.971  5.20    1.54    5.12    0.78    0.01    5.91  0.841
   3.096  0.370  9.74    1.65    1.92    0.83    0.01    2.76 4.388E+00

  10.589 23.568  5.48    1.43    4.30    0.70    0.00    5.00  0.838
   3.100  0.390  9.46    1.52    0.92    0.74    0.00    1.67 3.697E+00

  10.589 24.107  5.74    1.32    3.49    0.63    0.00    4.12  0.835
   3.109  0.409  9.17    1.41   -0.06    0.67    0.00    0.61 3.141E+00

  10.589 24.433  5.97    1.22    2.67    0.56    0.00    3.23  0.832
   3.149  0.428  8.87    1.29   -1.05    0.59    0.00   -0.46 2.756E+00

  10.589 24.670  6.16    1.13    1.98    0.51    0.00    2.49  0.829
   3.189  0.444  8.60    1.19   -1.90    0.54    0.00   -1.36 2.472E+00

  0.000 0.000  0.000 .000  0.00  0.00  0.00  0.00  0.00  0.00 0.000
                           0.00  0.00  0.00  0.00  0.00  0.00 0.000E+00

