EXTERNAL/TSAI:  VERSION OF 8/8/96

Marathon                                                                
D2_kin7.inp                                                             
                                                                        
Hall A 2018: 25 cm Deuterium target                                     
Nominal values - not exact                                              

----*----1----*----2----*----3----*----4----*----5----*----6----*----7--
                                                                        

TARGET (iZ,iA) = (  1,  2);   avgA =   2.000; amuM=  2.013; avgM=  1.875
 targ=TRITIUM; ttarg(rl)=0.00114; twall=0.00445; tbeam=0.00298; tspec=0.00759
         Nseg  =   4
 MODELS: P elastc(ikk)=14; deut elastic=13; inelastc=206; Pauli Supresion= 4
 NUCLEAR METHOD= 1;   NUCLEAR_MODEL= 1
 DIS MODEL=111

    E1    TH    Q2 COS_K         SMR     NUC          INT-SMR
    EP     X    W2 QE-PK  INELA  Q-ELA  ELAST   TOTAL  MODEL

 Deut Elastic Model: ia,iamec,rsc,rscmec (1,2,3,4)=  3
 TJON DEUT ELASTIC FILESS TO BE OPEN=rscctj.tjon_input   rscqtj.tjon_input   rscmtj.tjon_input   
  10.589 23.917  5.42    1.49    5.07    0.86    0.01    5.94  0.953
   2.979  0.379  9.74    1.61    2.22    0.93    0.01    3.15 2.265E+00

  10.589 24.191  5.59    1.40    4.41    0.79    0.01    5.21  0.951
   3.008  0.393  9.51    1.50    1.42    0.85    0.01    2.27 2.053E+00

  10.589 24.534  5.82    1.29    3.61    0.70    0.00    4.32  0.945
   3.043  0.411  9.22    1.38    0.44    0.75    0.00    1.20 1.807E+00

  10.589 24.903  6.06    1.18    2.77    0.62    0.00    3.40  0.942
   3.079  0.430  8.91    1.27   -0.57    0.67    0.00    0.09 1.571E+00

  10.589 25.376  6.32    1.11    2.03    0.56    0.00    2.59  0.936
   3.095  0.450  8.62    1.18   -1.48    0.61    0.00   -0.87 1.339E+00

  10.589 25.912  6.60    1.04    1.32    0.52    0.00    1.84  0.931
   3.099  0.470  8.34    1.11   -2.33    0.56    0.00   -1.77 1.127E+00

  10.589 26.402  6.87    0.98    0.63    0.48    0.00    1.11  0.926
   3.109  0.489  8.05    1.04   -3.16    0.51    0.00   -2.65 9.512E-01

  10.589 26.710  7.10    0.91   -0.09    0.44    0.00    0.35  0.922
   3.142  0.508  7.75    0.97   -4.04    0.47    0.00   -3.57 8.227E-01

  10.589 26.940  7.31    0.86   -0.75    0.40    0.00   -0.34  0.918
   3.181  0.526  7.47    0.91   -4.84    0.43    0.00   -4.40 7.217E-01

  10.589 27.196  7.53    0.81   -1.39    0.38    0.00   -1.02  0.916
   3.214  0.544  7.19    0.85   -5.62    0.40    0.00   -5.22 6.273E-01

  0.000 0.000  0.000 .000  0.00  0.00  0.00  0.00  0.00  0.00 0.000
                           0.00  0.00  0.00  0.00  0.00  0.00 0.000E+00

