EXTERNAL/TSAI:  VERSION OF 8/8/96

Marathon                                                                
H1_kin3.inp                                                             
                                                                        
Hall A 2018: 25 cm Deuterium target                                     
Nominal values - not exact                                              

----*----1----*----2----*----3----*----4----*----5----*----6----*----7--
                                                                        

TARGET (iZ,iA) = (  1,  1);   avgA =   1.000; amuM=  1.007; avgM=  0.938
 targ=TRITIUM; ttarg(rl)=0.00113; twall=0.00478; tbeam=0.00406; tspec=0.00832
         Nseg  =   4
 MODELS: P elastc(ikk)=14; deut elastic=13; inelastc=206; Pauli Supresion= 4
 NUCLEAR METHOD= 1;   NUCLEAR_MODEL= 1
 DIS MODEL=111

    E1    TH    Q2 COS_K         SMR     NUC          INT-SMR
    EP     X    W2 QE-PK  INELA  Q-ELA  ELAST   TOTAL  MODEL

  10.589 18.922  3.41    3.69   12.90    0.00    3.75   16.65  1.000
   2.983  0.239 11.74    4.21   12.07    0.00    4.27   16.33 4.857E+00

  10.589 19.260  3.59    3.29   11.87    0.00    3.33   15.20  1.000
   3.027  0.253 11.48    3.73   10.75    0.00    3.78   14.53 4.422E+00

  10.589 19.705  3.82    2.86   10.64    0.00    2.89   13.53  1.000
   3.077  0.271 11.16    3.23    9.18    0.00    3.26   12.44 3.907E+00

  10.589 20.308  4.08    2.53    9.51    0.00    2.56   12.06  1.000
   3.096  0.290 10.87    2.84    7.74    0.00    2.87   10.61 3.344E+00

  10.589 20.979  4.35    2.26    8.48    0.00    2.28   10.77  1.000
   3.099  0.310 10.58    2.53    6.45    0.00    2.55    9.00 2.824E+00

  10.589 21.584  4.62    2.03    7.46    0.00    2.05    9.51  1.000
   3.110  0.329 10.30    2.26    5.14    0.00    2.27    7.41 2.411E+00

  10.589 21.913  4.83    1.81    6.49    0.00    1.83    8.32  1.000
   3.157  0.346 10.00    2.01    3.91    0.00    2.02    5.93 2.164E+00

  10.589 22.190  5.02    1.65    5.69    0.00    1.66    7.35  1.000
   3.198  0.362  9.73    1.82    2.89    0.00    1.83    4.72 1.968E+00

  0.000 0.000  0.000 .000  0.00  0.00  0.00  0.00  0.00  0.00 0.000
                           0.00  0.00  0.00  0.00  0.00  0.00 0.000E+00

