EXTERNAL/TSAI:  VERSION OF 8/8/96

Marathon                                                                
H1_kin1.inp                                                             
                                                                        
Hall A 2018: 25 cm Deuterium target                                     
Nominal values - not exact                                              

----*----1----*----2----*----3----*----4----*----5----*----6----*----7--
                                                                        

TARGET (iZ,iA) = (  1,  1);   avgA =   1.000; amuM=  1.007; avgM=  0.938
 targ=TRITIUM; ttarg(rl)=0.00113; twall=0.00478; tbeam=0.00406; tspec=0.00759
         Nseg  =   4
 MODELS: P elastc(ikk)=14; deut elastic=13; inelastc=206; Pauli Supresion= 4
 NUCLEAR METHOD= 1;   NUCLEAR_MODEL= 1
 DIS MODEL=111

    E1    TH    Q2 COS_K         SMR     NUC          INT-SMR
    EP     X    W2 QE-PK  INELA  Q-ELA  ELAST   TOTAL  MODEL

  10.589 16.115  2.51    5.77   17.16    0.00    5.92   23.08  1.000
   3.015  0.177 12.58    6.71   17.71    0.00    6.85   24.57 9.600E+00

  10.589 16.552  2.70    4.96   15.78    0.00    5.07   20.85  1.000
   3.073  0.191 12.29    5.73   15.92    0.00    5.84   21.76 8.518E+00

  10.589 17.240  2.95    4.24   14.36    0.00    4.32   18.68  1.000
   3.098  0.210 11.99    4.87   14.07    0.00    4.96   19.03 7.137E+00

  10.589 18.032  3.23    3.68   13.03    0.00    3.74   16.77  1.000
   3.101  0.230 11.71    4.20   12.35    0.00    4.26   16.61 5.860E+00

  10.589 18.708  3.49    3.21   11.79    0.00    3.26   15.05  1.000
   3.115  0.248 11.42    3.65   10.76    0.00    3.69   14.45 4.941E+00

  10.589 19.040  3.67    2.83   10.69    0.00    2.86   13.55  1.000
   3.169  0.264 11.13    3.19    9.35    0.00    3.23   12.58 4.480E+00

  10.589 19.456  3.88    2.50    9.61    0.00    2.53   12.13  1.000
   3.211  0.280 10.84    2.81    7.97    0.00    2.84   10.81 3.983E+00

  0.000 0.000  0.000 .000  0.00  0.00  0.00  0.00  0.00  0.00 0.000
                           0.00  0.00  0.00  0.00  0.00  0.00 0.000E+00

