EXTERNAL/TSAI:  VERSION OF 8/8/96

Marathon                                                                
He3_kin15.inp                                                           
                                                                        
Hall A 2018: 25 cm He3 target                                           
Nominal values - not exact                                              

----*----1----*----2----*----3----*----4----*----5----*----6----*----7--
                                                                        

TARGET (iZ,iA) = (  2,  3);   avgA =   3.000; amuM=  3.016; avgM=  2.809
 targ=TRITIUM; ttarg(rl)=0.00075; twall=0.00519; tbeam=0.00285; tspec=0.00759
         Nseg  =   4
 MODELS: P elastc(ikk)=14; deut elastic=13; inelastc=206; Pauli Supresion= 4
 NUCLEAR METHOD= 1;   NUCLEAR_MODEL= 1
 DIS MODEL=111

    E1    TH    Q2 COS_K         SMR     NUC          INT-SMR
    EP     X    W2 QE-PK  INELA  Q-ELA  ELAST   TOTAL  MODEL

  10.589 32.030  9.63    0.74   -4.81    0.35    0.00   -4.45  0.889
   2.988  0.675  5.51    0.77   -9.92    0.37    0.00   -9.54 2.240E-01

  10.589 32.260  9.83    0.71   -5.30    0.36    0.00   -4.94  0.916
   3.008  0.691  5.27    0.75  -10.50    0.38    0.00  -10.12 1.912E-01

  10.589 32.551 10.08    0.69   -5.91    0.38    0.00   -5.53  0.957
   3.030  0.711  4.99    0.73  -11.23    0.40    0.00  -10.83 1.561E-01

  10.589 32.824 10.32    0.68   -6.53    0.40    0.00   -6.12  1.011
   3.054  0.730  4.70    0.71  -11.96    0.43    0.00  -11.53 1.266E-01

  10.589 33.099 10.57    0.66   -7.15    0.45    0.00   -6.70  1.081
   3.077  0.750  4.40    0.70  -12.69    0.47    0.00  -12.22 1.015E-01

  10.589 33.412 10.83    0.66   -7.77    0.50    0.00   -7.27  1.167
   3.093  0.770  4.12    0.70  -13.42    0.53    0.00  -12.89 8.051E-02

  10.589 33.777 11.09    0.67   -8.40    0.58    0.00   -7.81  1.270
   3.102  0.789  3.84    0.71  -14.14    0.61    0.00  -13.53 6.304E-02

  10.589 34.154 11.36    0.69   -9.07    0.70    0.00   -8.37  1.395
   3.109  0.809  3.56    0.74  -14.91    0.72    0.00  -14.19 4.882E-02

  10.589 34.390 11.60    0.72   -9.84    0.86    0.00   -8.98  1.549
   3.133  0.829  3.27    0.78  -15.79    0.88    0.00  -14.91 3.806E-02

  10.589 34.559 11.78    0.76  -10.49    1.02    0.00   -9.47  1.678
   3.151  0.844  3.06    0.83  -16.53    1.03    0.00  -15.49 3.151E-02

  0.000 0.000  0.000 .000  0.00  0.00  0.00  0.00  0.00  0.00 0.000
                           0.00  0.00  0.00  0.00  0.00  0.00 0.000E+00

