EXTERNAL/TSAI:  VERSION OF 8/8/96

Marathon                                                                
H1_kin2.inp                                                             
                                                                        
Hall A 2018: 25 cm Deuterium target                                     
Nominal values - not exact                                              

----*----1----*----2----*----3----*----4----*----5----*----6----*----7--
                                                                        

TARGET (iZ,iA) = (  1,  1);   avgA =   1.000; amuM=  1.007; avgM=  0.938
 targ=TRITIUM; ttarg(rl)=0.00113; twall=0.00478; tbeam=0.00406; tspec=0.00759
         Nseg  =   4
 MODELS: P elastc(ikk)=14; deut elastic=13; inelastc=206; Pauli Supresion= 4
 NUCLEAR METHOD= 1;   NUCLEAR_MODEL= 1
 DIS MODEL=111

    E1    TH    Q2 COS_K         SMR     NUC          INT-SMR
    EP     X    W2 QE-PK  INELA  Q-ELA  ELAST   TOTAL  MODEL

  10.589 17.743  3.05    4.28   14.36    0.00    4.36   18.72  1.000
   3.023  0.214 12.03    4.92   14.04    0.00    4.99   19.04 6.401E+00

  10.589 18.181  3.25    3.70   13.04    0.00    3.76   16.80  1.000
   3.077  0.231 11.72    4.22   12.36    0.00    4.28   16.64 5.680E+00

  10.589 18.829  3.51    3.22   11.78    0.00    3.26   15.05  1.000
   3.098  0.250 11.43    3.65   10.74    0.00    3.70   14.44 4.817E+00

  10.589 19.552  3.79    2.84   10.61    0.00    2.87   13.49  1.000
   3.101  0.269 11.15    3.20    9.25    0.00    3.24   12.49 4.026E+00

  10.589 20.188  4.05    2.52    9.50    0.00    2.54   12.04  1.000
   3.114  0.289 10.86    2.82    7.83    0.00    2.85   10.69 3.424E+00

  10.589 20.513  4.25    2.23    8.49    0.00    2.25   10.74  1.000
   3.165  0.305 10.56    2.49    6.56    0.00    2.52    9.08 3.094E+00

  10.589 20.927  4.47    2.00    7.52    0.00    2.02    9.55  1.000
   3.196  0.322 10.29    2.23    5.33    0.00    2.25    7.58 2.746E+00

  0.000 0.000  0.000 .000  0.00  0.00  0.00  0.00  0.00  0.00 0.000
                           0.00  0.00  0.00  0.00  0.00  0.00 0.000E+00

