EXTERNAL/TSAI:  VERSION OF 8/8/96

Marathon                                                                
D2_kin9.inp                                                             
                                                                        
Hall A 2018: 25 cm Deuterium target                                     
Nominal values - not exact                                              

----*----1----*----2----*----3----*----4----*----5----*----6----*----7--
                                                                        

TARGET (iZ,iA) = (  1,  2);   avgA =   2.000; amuM=  2.013; avgM=  1.875
 targ=TRITIUM; ttarg(rl)=0.00114; twall=0.00445; tbeam=0.00298; tspec=0.00832
         Nseg  =   4
 MODELS: P elastc(ikk)=14; deut elastic=13; inelastc=206; Pauli Supresion= 4
 NUCLEAR METHOD= 1;   NUCLEAR_MODEL= 1
 DIS MODEL=111

    E1    TH    Q2 COS_K         SMR     NUC          INT-SMR
    EP     X    W2 QE-PK  INELA  Q-ELA  ELAST   TOTAL  MODEL

 Deut Elastic Model: ia,iamec,rsc,rscmec (1,2,3,4)=  3
 TJON DEUT ELASTIC FILESS TO BE OPEN=rscctj.tjon_input   rscqtj.tjon_input   rscmtj.tjon_input   
  10.589 26.211  6.51    1.15    2.08    0.59    0.00    2.67  0.934
   2.990  0.457  8.63    1.23   -1.55    0.63    0.00   -0.92 1.156E+00

  10.589 26.472  6.70    1.09    1.47    0.54    0.00    2.01  0.931
   3.018  0.472  8.39    1.15   -2.29    0.58    0.00   -1.71 1.034E+00

  10.589 26.810  6.94    1.01    0.74    0.49    0.00    1.23  0.926
   3.049  0.491  8.09    1.07   -3.19    0.53    0.00   -2.66 8.943E-01

  10.589 27.156  7.19    0.94    0.00    0.45    0.00    0.45  0.923
   3.080  0.510  7.78    1.00   -4.08    0.48    0.00   -3.60 7.671E-01

  10.589 27.573  7.45    0.89   -0.65    0.42    0.00   -0.24  0.919
   3.096  0.530  7.49    0.94   -4.88    0.45    0.00   -4.43 6.495E-01

  10.589 28.073  7.72    0.85   -1.29    0.39    0.00   -0.90  0.916
   3.100  0.550  7.21    0.89   -5.65    0.42    0.00   -5.23 5.404E-01

  10.589 28.518  7.99    0.81   -1.93    0.37    0.00   -1.55  0.913
   3.110  0.569  6.92    0.85   -6.42    0.40    0.00   -6.02 4.509E-01

  10.589 28.804  8.23    0.76   -2.58    0.35    0.00   -2.23  0.911
   3.140  0.589  6.63    0.80   -7.21    0.38    0.00   -6.83 3.827E-01

  10.589 29.014  8.44    0.72   -3.21    0.34    0.00   -2.87  0.910
   3.177  0.607  6.34    0.76   -7.98    0.36    0.00   -7.62 3.282E-01

  10.589 29.263  8.65    0.69   -3.74    0.33    0.00   -3.41  0.911
   3.200  0.624  6.10    0.73   -8.62    0.35    0.00   -8.27 2.824E-01

  0.000 0.000  0.000 .000  0.00  0.00  0.00  0.00  0.00  0.00 0.000
                           0.00  0.00  0.00  0.00  0.00  0.00 0.000E+00

