EXTERNAL/TSAI:  VERSION OF 8/8/96

Marathon                                                                
H3_kin5.inp                                                             
                                                                        
Hall A 2018: 25 cm Tritium target                                       
Nominal values - not exact                                              

----*----1----*----2----*----3----*----4----*----5----*----6----*----7--
                                                                        

TARGET (iZ,iA) = (  1,  3);   avgA =   3.000; amuM=  3.016; avgM=  2.809
 targ=TRITIUM; ttarg(rl)=0.00045; twall=0.00481; tbeam=0.00341; tspec=0.00759
         Nseg  =   4
 MODELS: P elastc(ikk)=14; deut elastic=13; inelastc=206; Pauli Supresion= 4
 NUCLEAR METHOD= 1;   NUCLEAR_MODEL= 1
 DIS MODEL=111

    E1    TH    Q2 COS_K         SMR     NUC          INT-SMR
    EP     X    W2 QE-PK  INELA  Q-ELA  ELAST   TOTAL  MODEL

  10.589 21.706  4.50    1.72    7.24    1.02    0.02    8.27  0.865
   3.000  0.316 10.62    1.88    4.72    1.10    0.02    5.84 5.596E+00

  10.589 22.031  4.70    1.58    6.43    0.90    0.01    7.35  0.861
   3.038  0.331 10.35    1.73    3.73    0.97    0.01    4.71 5.010E+00

  10.589 22.438  4.94    1.44    5.48    0.79    0.01    6.27  0.855
   3.079  0.350 10.04    1.57    2.56    0.85    0.01    3.42 4.357E+00

  10.589 22.969  5.20    1.34    4.61    0.70    0.01    5.31  0.847
   3.096  0.370  9.74    1.45    1.50    0.75    0.01    2.26 3.702E+00

  10.589 23.569  5.48    1.25    3.83    0.63    0.00    4.46  0.840
   3.099  0.390  9.46    1.35    0.55    0.68    0.00    1.23 3.103E+00

  10.589 24.103  5.74    1.17    3.03    0.56    0.00    3.60  0.831
   3.110  0.409  9.17    1.26   -0.42    0.61    0.00    0.19 2.622E+00

  10.589 24.436  5.97    1.09    2.25    0.50    0.00    2.75  0.824
   3.148  0.428  8.87    1.16   -1.38    0.54    0.00   -0.83 2.287E+00

  10.589 24.670  6.16    1.02    1.58    0.46    0.00    2.04  0.818
   3.188  0.444  8.61    1.09   -2.20    0.49    0.00   -1.70 2.044E+00

  0.000 0.000  0.000 .000  0.00  0.00  0.00  0.00  0.00  0.00 0.000
                           0.00  0.00  0.00  0.00  0.00  0.00 0.000E+00

