EXTERNAL/TSAI:  VERSION OF 8/8/96

Marathon                                                                
He3_kin13.inp                                                           
                                                                        
Hall A 2018: 25 cm He3 target                                           
Nominal values - not exact                                              

----*----1----*----2----*----3----*----4----*----5----*----6----*----7--
                                                                        

TARGET (iZ,iA) = (  2,  3);   avgA =   3.000; amuM=  3.016; avgM=  2.809
 targ=TRITIUM; ttarg(rl)=0.00075; twall=0.00519; tbeam=0.00285; tspec=0.00759
         Nseg  =   4
 MODELS: P elastc(ikk)=14; deut elastic=13; inelastc=206; Pauli Supresion= 4
 NUCLEAR METHOD= 1;   NUCLEAR_MODEL= 1
 DIS MODEL=111

    E1    TH    Q2 COS_K         SMR     NUC          INT-SMR
    EP     X    W2 QE-PK  INELA  Q-ELA  ELAST   TOTAL  MODEL

  10.589 30.116  8.53    0.85   -2.52    0.36    0.00   -2.16  0.828
   2.984  0.598  6.62    0.89   -7.21    0.38    0.00   -6.83 5.018E-01

  10.589 30.337  8.71    0.82   -2.99    0.35    0.00   -2.64  0.835
   3.004  0.612  6.40    0.85   -7.78    0.37    0.00   -7.41 4.429E-01

  10.589 30.638  8.95    0.78   -3.60    0.34    0.00   -3.26  0.848
   3.027  0.631  6.12    0.81   -8.51    0.36    0.00   -8.15 3.727E-01

  10.589 30.928  9.20    0.74   -4.23    0.34    0.00   -3.89  0.867
   3.054  0.650  5.83    0.77   -9.26    0.36    0.00   -8.90 3.106E-01

  10.589 31.221  9.44    0.71   -4.85    0.34    0.00   -4.51  0.892
   3.079  0.670  5.53    0.74  -10.01    0.36    0.00   -9.65 2.566E-01

  10.589 31.572  9.70    0.68   -5.46    0.35    0.00   -5.11  0.925
   3.094  0.690  5.24    0.72  -10.72    0.37    0.00  -10.35 2.093E-01

  10.589 31.971  9.97    0.67   -6.04    0.37    0.00   -5.67  0.967
   3.103  0.709  4.96    0.70  -11.41    0.39    0.00  -11.02 1.682E-01

  10.589 32.356 10.23    0.66   -6.63    0.40    0.00   -6.23  1.020
   3.112  0.729  4.68    0.69  -12.10    0.42    0.00  -11.68 1.344E-01

  10.589 32.604 10.47    0.65   -7.24    0.44    0.00   -6.80  1.091
   3.137  0.749  4.40    0.69  -12.82    0.46    0.00  -12.36 1.087E-01

  10.589 32.826 10.70    0.65   -7.87    0.50    0.00   -7.37  1.179
   3.164  0.768  4.11    0.68  -13.56    0.52    0.00  -13.04 8.753E-02

  10.589 33.047 10.93    0.65   -8.49    0.57    0.00   -7.92  1.284
   3.189  0.787  3.84    0.69  -14.29    0.60    0.00  -13.69 7.040E-02

  10.589 33.297 11.13    0.67   -9.05    0.66    0.00   -8.39  1.388
   3.202  0.803  3.61    0.72  -14.93    0.68    0.00  -14.25 5.754E-02

  0.000 0.000  0.000 .000  0.00  0.00  0.00  0.00  0.00  0.00 0.000
                           0.00  0.00  0.00  0.00  0.00  0.00 0.000E+00

