EXTERNAL/TSAI:  VERSION OF 8/8/96

Marathon                                                                
He3_kin3.inp                                                            
                                                                        
Hall A 2018: 25 cm He3 target                                           
Nominal values - not exact                                              

----*----1----*----2----*----3----*----4----*----5----*----6----*----7--
                                                                        

TARGET (iZ,iA) = (  2,  3);   avgA =   3.000; amuM=  3.016; avgM=  2.809
 targ=TRITIUM; ttarg(rl)=0.00075; twall=0.00519; tbeam=0.00285; tspec=0.00832
         Nseg  =   4
 MODELS: P elastc(ikk)=14; deut elastic=13; inelastc=206; Pauli Supresion= 4
 NUCLEAR METHOD= 1;   NUCLEAR_MODEL= 1
 DIS MODEL=111

    E1    TH    Q2 COS_K         SMR     NUC          INT-SMR
    EP     X    W2 QE-PK  INELA  Q-ELA  ELAST   TOTAL  MODEL

  10.589 18.921  3.41    3.09   12.15    2.00    0.08   14.23  0.840
   2.984  0.239 11.74    3.40   10.44    2.12    0.08   12.64 1.333E+01

  10.589 19.260  3.59    2.78   11.16    1.75    0.06   12.97  0.843
   3.027  0.253 11.48    3.05    9.21    1.86    0.06   11.13 1.206E+01

  10.589 19.698  3.81    2.45    9.95    1.49    0.04   11.48  0.846
   3.078  0.271 11.16    2.67    7.73    1.58    0.04    9.34 1.058E+01

  10.589 20.299  4.07    2.19    8.85    1.29    0.03   10.17  0.847
   3.097  0.290 10.87    2.38    6.37    1.37    0.03    7.76 8.988E+00

  10.589 20.975  4.35    1.99    7.84    1.13    0.02    8.98  0.847
   3.100  0.310 10.58    2.15    5.11    1.19    0.02    6.33 7.514E+00

  10.589 21.576  4.62    1.81    6.88    0.99    0.01    7.88  0.845
   3.111  0.329 10.30    1.95    3.94    1.05    0.01    5.00 6.366E+00

  10.589 21.911  4.83    1.63    5.94    0.86    0.01    6.81  0.844
   3.158  0.346  9.99    1.75    2.79    0.91    0.01    3.71 5.662E+00

  10.589 22.202  5.02    1.50    5.16    0.77    0.01    5.93  0.843
   3.196  0.362  9.74    1.61    1.82    0.81    0.01    2.64 5.102E+00

  0.000 0.000  0.000 .000  0.00  0.00  0.00  0.00  0.00  0.00 0.000
                           0.00  0.00  0.00  0.00  0.00  0.00 0.000E+00

