EXTERNAL/TSAI:  VERSION OF 8/8/96

Marathon                                                                
D2_kin13.inp                                                            
                                                                        
Hall A 2018: 25 cm Deuterium target                                     
Nominal values - not exact                                              

----*----1----*----2----*----3----*----4----*----5----*----6----*----7--
                                                                        

TARGET (iZ,iA) = (  1,  2);   avgA =   2.000; amuM=  2.013; avgM=  1.875
 targ=TRITIUM; ttarg(rl)=0.00114; twall=0.00481; tbeam=0.00342; tspec=0.00732
         Nseg  =   4
 MODELS: P elastc(ikk)=14; deut elastic=13; inelastc=206; Pauli Supresion= 4
 NUCLEAR METHOD= 1;   NUCLEAR_MODEL= 1

    E1    TH    Q2 COS_K         SMR     NUC          INT-SMR
    EP     X    W2 QE-PK  INELA  Q-ELA  ELAST   TOTAL  MODEL

 Deut Elastic Model: ia,iamec,rsc,rscmec (1,2,3,4)=  3
 TJON DEUT ELASTIC FILESS TO BE OPEN=rscctj.tjon_input   rscqtj.tjon_input   rscmtj.tjon_input   
  10.589 30.119  8.53    0.83   -3.89    0.38    0.00   -3.51  0.911
   2.985  0.598  6.62    0.88   -8.56    0.42    0.00   -8.14 3.017E-01

  10.589 30.337  8.71    0.80   -4.37    0.37    0.00   -3.99  0.910
   3.004  0.612  6.40    0.85   -9.14    0.41    0.00   -8.73 2.657E-01

  10.589 30.628  8.95    0.76   -4.99    0.36    0.00   -4.63  0.909
   3.029  0.631  6.12    0.81   -9.90    0.39    0.00   -9.50 2.236E-01

  10.589 30.925  9.19    0.73   -5.66    0.35    0.00   -5.31  0.910
   3.054  0.650  5.83    0.77  -10.71    0.38    0.00  -10.32 1.856E-01

  10.589 31.209  9.44    0.70   -6.35    0.34    0.00   -6.00  0.913
   3.080  0.670  5.53    0.75  -11.55    0.38    0.00  -11.17 1.531E-01

  10.589 31.575  9.70    0.68   -7.04    0.35    0.00   -6.70  0.916
   3.094  0.690  5.25    0.72  -12.39    0.38    0.00  -12.01 1.242E-01

  10.589 31.980  9.97    0.67   -7.78    0.35    0.00   -7.43  0.923
   3.102  0.710  4.96    0.71  -13.28    0.39    0.00  -12.89 9.943E-02

  10.589 32.357 10.23    0.66   -8.59    0.37    0.00   -8.23  0.933
   3.112  0.729  4.68    0.70  -14.25    0.40    0.00  -13.85 7.947E-02

  10.589 32.594 10.47    0.65   -9.54    0.38    0.00   -9.16  0.946
   3.138  0.749  4.40    0.70  -15.40    0.42    0.00  -14.98 6.425E-02

  10.589 32.826 10.70    0.65  -10.72    0.41    0.00  -10.31  0.967
   3.165  0.768  4.11    0.70  -16.83    0.45    0.00  -16.38 5.138E-02

  10.589 33.019 10.92    0.65  -12.14    0.45    0.00  -11.69  0.995
   3.193  0.787  3.84    0.71  -18.56    0.49    0.00  -18.07 4.152E-02

  10.589 33.278 11.12    0.67  -13.65    0.49    0.00  -13.16  1.026
   3.201  0.802  3.63    0.73  -20.40    0.54    0.00  -19.86 3.431E-02

  0.000 0.000  0.000 .000  0.00  0.00  0.00  0.00  0.00  0.00 0.000
                           0.00  0.00  0.00  0.00  0.00  0.00 0.000E+00

