EXTERNAL/TSAI:  VERSION OF 8/8/96

Marathon                                                                
D2_kin15.inp                                                            
                                                                        
Hall A 2018: 25 cm Deuterium target                                     
Nominal values - not exact                                              

----*----1----*----2----*----3----*----4----*----5----*----6----*----7--
                                                                        

TARGET (iZ,iA) = (  1,  2);   avgA =   2.000; amuM=  2.013; avgM=  1.875
 targ=TRITIUM; ttarg(rl)=0.00114; twall=0.00481; tbeam=0.00342; tspec=0.00732
         Nseg  =   4
 MODELS: P elastc(ikk)=14; deut elastic=13; inelastc=206; Pauli Supresion= 4
 NUCLEAR METHOD= 1;   NUCLEAR_MODEL= 1

    E1    TH    Q2 COS_K         SMR     NUC          INT-SMR
    EP     X    W2 QE-PK  INELA  Q-ELA  ELAST   TOTAL  MODEL

 Deut Elastic Model: ia,iamec,rsc,rscmec (1,2,3,4)=  3
 TJON DEUT ELASTIC FILESS TO BE OPEN=rscctj.tjon_input   rscqtj.tjon_input   rscmtj.tjon_input   
  10.589 32.023  9.63    0.73   -6.32    0.36    0.00   -5.96  0.913
   2.989  0.675  5.51    0.78  -11.48    0.39    0.00  -11.08 1.334E-01

  10.589 32.264  9.83    0.71   -6.91    0.36    0.00   -6.55  0.916
   3.007  0.691  5.27    0.76  -12.18    0.39    0.00  -11.79 1.133E-01

  10.589 32.543 10.08    0.69   -7.66    0.36    0.00   -7.30  0.923
   3.031  0.711  4.99    0.74  -13.10    0.40    0.00  -12.70 9.250E-02

  10.589 32.822 10.33    0.68   -8.50    0.37    0.00   -8.13  0.934
   3.054  0.730  4.70    0.72  -14.12    0.41    0.00  -13.71 7.469E-02

  10.589 33.101 10.57    0.67   -9.46    0.39    0.00   -9.07  0.946
   3.076  0.750  4.41    0.72  -15.28    0.43    0.00  -14.85 5.983E-02

  10.589 33.418 10.83    0.67  -10.61    0.42    0.00  -10.19  0.965
   3.093  0.770  4.12    0.72  -16.67    0.46    0.00  -16.21 4.735E-02

  10.589 33.781 11.09    0.67  -12.08    0.46    0.00  -11.62  0.993
   3.102  0.789  3.84    0.73  -18.44    0.50    0.00  -17.94 3.701E-02

  10.589 34.132 11.35    0.70  -14.22    0.52    0.00  -13.69  1.038
   3.112  0.809  3.56    0.76  -21.04    0.57    0.00  -20.47 2.874E-02

  10.589 34.382 11.60    0.73  -18.11    0.61    0.00  -17.50  1.099
   3.134  0.829  3.27    0.80  -25.76    0.67    0.00  -25.09 2.239E-02

  10.589 34.577 11.82  415.64 -100.00  399.44    0.12  299.55  1.188
   3.161  0.848  3.00  462.61 -100.00  434.29    0.12  334.40 3.286E-05

  0.000 0.000  0.000 .000  0.00  0.00  0.00  0.00  0.00  0.00 0.000
                           0.00  0.00  0.00  0.00  0.00  0.00 0.000E+00

