EXTERNAL/TSAI:  VERSION OF 8/8/96

Marathon                                                                
D2_kin9.inp                                                             
                                                                        
Hall A 2018: 25 cm Deuterium target                                     
Nominal values - not exact                                              

----*----1----*----2----*----3----*----4----*----5----*----6----*----7--
                                                                        

TARGET (iZ,iA) = (  1,  2);   avgA =   2.000; amuM=  2.013; avgM=  1.875
 targ=TRITIUM; ttarg(rl)=0.00114; twall=0.00481; tbeam=0.00342; tspec=0.00732
         Nseg  =   4
 MODELS: P elastc(ikk)=14; deut elastic=13; inelastc=206; Pauli Supresion= 4
 NUCLEAR METHOD= 1;   NUCLEAR_MODEL= 1

    E1    TH    Q2 COS_K         SMR     NUC          INT-SMR
    EP     X    W2 QE-PK  INELA  Q-ELA  ELAST   TOTAL  MODEL

 Deut Elastic Model: ia,iamec,rsc,rscmec (1,2,3,4)=  3
 TJON DEUT ELASTIC FILESS TO BE OPEN=rscctj.tjon_input   rscqtj.tjon_input   rscmtj.tjon_input   
  10.589 26.201  6.51    1.16    0.40    0.59    0.00    1.00  0.934
   2.991  0.457  8.63    1.25   -3.33    0.64    0.00   -2.68 1.151E+00

  10.589 26.469  6.70    1.09   -0.13    0.54    0.00    0.42  0.931
   3.019  0.472  8.39    1.17   -3.99    0.59    0.00   -3.40 1.027E+00

  10.589 26.808  6.94    1.02   -0.79    0.50    0.00   -0.29  0.926
   3.050  0.491  8.09    1.09   -4.81    0.54    0.00   -4.27 8.872E-01

  10.589 27.148  7.19    0.95   -1.46    0.45    0.00   -1.00  0.924
   3.081  0.510  7.78    1.02   -5.63    0.50    0.00   -5.14 7.607E-01

  10.589 27.573  7.45    0.90   -2.08    0.42    0.00   -1.65  0.919
   3.096  0.530  7.49    0.96   -6.40    0.46    0.00   -5.94 6.428E-01

  10.589 28.068  7.72    0.86   -2.69    0.40    0.00   -2.29  0.916
   3.101  0.550  7.21    0.91   -7.14    0.43    0.00   -6.71 5.343E-01

  10.589 28.510  7.99    0.82   -3.30    0.38    0.00   -2.93  0.913
   3.111  0.569  6.92    0.87   -7.89    0.41    0.00   -7.48 4.454E-01

  10.589 28.805  8.23    0.77   -3.95    0.36    0.00   -3.59  0.911
   3.140  0.589  6.63    0.82   -8.69    0.39    0.00   -8.30 3.771E-01

  10.589 29.007  8.44    0.73   -4.59    0.34    0.00   -4.25  0.910
   3.178  0.607  6.34    0.78   -9.47    0.37    0.00   -9.10 3.233E-01

  10.589 29.255  8.65    0.70   -5.14    0.33    0.00   -4.81  0.911
   3.201  0.624  6.10    0.75  -10.14    0.36    0.00   -9.78 2.783E-01

  0.000 0.000  0.000 .000  0.00  0.00  0.00  0.00  0.00  0.00 0.000
                           0.00  0.00  0.00  0.00  0.00  0.00 0.000E+00

