EXTERNAL/TSAI:  VERSION OF 8/8/96

Marathon                                                                
D2_kin3.inp                                                             
                                                                        
Hall A 2018: 25 cm Deuterium target                                     
Nominal values - not exact                                              

----*----1----*----2----*----3----*----4----*----5----*----6----*----7--
                                                                        

TARGET (iZ,iA) = (  1,  2);   avgA =   2.000; amuM=  2.013; avgM=  1.875
 targ=TRITIUM; ttarg(rl)=0.00114; twall=0.00481; tbeam=0.00342; tspec=0.00732
         Nseg  =   4
 MODELS: P elastc(ikk)=14; deut elastic=13; inelastc=206; Pauli Supresion= 4
 NUCLEAR METHOD= 1;   NUCLEAR_MODEL= 1

    E1    TH    Q2 COS_K         SMR     NUC          INT-SMR
    EP     X    W2 QE-PK  INELA  Q-ELA  ELAST   TOTAL  MODEL

 Deut Elastic Model: ia,iamec,rsc,rscmec (1,2,3,4)=  3
 TJON DEUT ELASTIC FILESS TO BE OPEN=rscctj.tjon_input   rscqtj.tjon_input   rscmtj.tjon_input   
  10.589 18.924  3.42    2.79    7.97    2.11    0.05   10.13  0.969
   2.984  0.239 11.74    3.14    6.27    2.30    0.05    8.62 8.349E+00

  10.589 19.262  3.59    2.53    7.34    1.85    0.04    9.23  0.969
   3.027  0.253 11.48    2.83    5.44    2.02    0.04    7.50 7.540E+00

  10.589 19.701  3.82    2.23    6.54    1.58    0.03    8.14  0.969
   3.078  0.271 11.16    2.49    4.39    1.72    0.03    6.14 6.601E+00

  10.589 20.295  4.07    2.01    5.78    1.37    0.02    7.17  0.968
   3.098  0.290 10.87    2.23    3.40    1.49    0.02    4.92 5.599E+00

  10.589 20.972  4.35    1.83    5.05    1.20    0.02    6.27  0.966
   3.101  0.310 10.58    2.02    2.47    1.31    0.02    3.79 4.669E+00

  10.589 21.576  4.62    1.68    4.33    1.05    0.01    5.40  0.962
   3.111  0.329 10.30    1.84    1.55    1.15    0.01    2.71 3.945E+00

  10.589 21.916  4.83    1.52    3.62    0.92    0.01    4.55  0.959
   3.157  0.346 10.00    1.66    0.64    1.00    0.01    1.65 3.499E+00

  10.589 22.216  5.02    1.40    3.00    0.82    0.01    3.83  0.956
   3.195  0.362  9.73    1.53   -0.15    0.89    0.01    0.75 3.139E+00

  0.000 0.000  0.000 .000  0.00  0.00  0.00  0.00  0.00  0.00 0.000
                           0.00  0.00  0.00  0.00  0.00  0.00 0.000E+00

