EXTERNAL/TSAI:  VERSION OF 8/8/96

Marathon                                                                
D2_kin11.inp                                                            
                                                                        
Hall A 2018: 25 cm Deuterium target                                     
Nominal values - not exact                                              

----*----1----*----2----*----3----*----4----*----5----*----6----*----7--
                                                                        

TARGET (iZ,iA) = (  1,  2);   avgA =   2.000; amuM=  2.013; avgM=  1.875
 targ=TRITIUM; ttarg(rl)=0.00114; twall=0.00481; tbeam=0.00342; tspec=0.00732
         Nseg  =   4
 MODELS: P elastc(ikk)=14; deut elastic=13; inelastc=206; Pauli Supresion= 4
 NUCLEAR METHOD= 1;   NUCLEAR_MODEL= 1

    E1    TH    Q2 COS_K         SMR     NUC          INT-SMR
    EP     X    W2 QE-PK  INELA  Q-ELA  ELAST   TOTAL  MODEL

 Deut Elastic Model: ia,iamec,rsc,rscmec (1,2,3,4)=  3
 TJON DEUT ELASTIC FILESS TO BE OPEN=rscctj.tjon_input   rscqtj.tjon_input   rscmtj.tjon_input   
  10.589 28.330  7.61    0.94   -1.99    0.44    0.00   -1.54  0.918
   2.999  0.534  7.52    1.00   -6.26    0.48    0.00   -5.77 5.698E-01

  10.589 28.608  7.82    0.89   -2.56    0.42    0.00   -2.14  0.915
   3.025  0.551  7.26    0.95   -6.96    0.45    0.00   -6.50 4.956E-01

  10.589 28.929  8.07    0.84   -3.21    0.39    0.00   -2.81  0.913
   3.053  0.570  6.96    0.89   -7.75    0.42    0.00   -7.33 4.202E-01

  10.589 29.250  8.32    0.80   -3.86    0.37    0.00   -3.49  0.910
   3.079  0.590  6.66    0.85   -8.55    0.40    0.00   -8.15 3.537E-01

  10.589 29.631  8.57    0.76   -4.50    0.35    0.00   -4.14  0.910
   3.096  0.610  6.37    0.81   -9.33    0.39    0.00   -8.94 2.938E-01

  10.589 30.080  8.85    0.73   -5.11    0.35    0.00   -4.77  0.909
   3.102  0.630  6.09    0.78  -10.07    0.38    0.00   -9.69 2.406E-01

  10.589 30.490  9.11    0.71   -5.74    0.34    0.00   -5.40  0.910
   3.110  0.649  5.81    0.75  -10.83    0.37    0.00  -10.46 1.971E-01

  10.589 30.747  9.35    0.68   -6.44    0.34    0.00   -6.10  0.913
   3.140  0.669  5.51    0.72  -11.68    0.37    0.00  -11.31 1.632E-01

  10.589 31.010  9.58    0.66   -7.15    0.34    0.00   -6.81  0.917
   3.166  0.688  5.23    0.70  -12.54    0.37    0.00  -12.17 1.345E-01

  10.589 31.204  9.78    0.64   -7.80    0.34    0.00   -7.46  0.921
   3.192  0.704  4.98    0.69  -13.33    0.37    0.00  -12.96 1.139E-01

  10.589 31.585 10.01    0.64   -8.46    0.35    0.00   -8.11  0.928
   3.192  0.721  4.75    0.68  -14.12    0.38    0.00  -13.74 9.346E-02

  0.000 0.000  0.000 .000  0.00  0.00  0.00  0.00  0.00  0.00 0.000
                           0.00  0.00  0.00  0.00  0.00  0.00 0.000E+00

