EXTERNAL/TSAI:  VERSION OF 8/8/96

Marathon                                                                
D2_kin4.inp                                                             
                                                                        
Hall A 2018: 25 cm Deuterium target                                     
Nominal values - not exact                                              

----*----1----*----2----*----3----*----4----*----5----*----6----*----7--
                                                                        

TARGET (iZ,iA) = (  1,  2);   avgA =   2.000; amuM=  2.013; avgM=  1.875
 targ=TRITIUM; ttarg(rl)=0.00114; twall=0.00481; tbeam=0.00342; tspec=0.00732
         Nseg  =   4
 MODELS: P elastc(ikk)=14; deut elastic=13; inelastc=206; Pauli Supresion= 4
 NUCLEAR METHOD= 1;   NUCLEAR_MODEL= 1

    E1    TH    Q2 COS_K         SMR     NUC          INT-SMR
    EP     X    W2 QE-PK  INELA  Q-ELA  ELAST   TOTAL  MODEL

 Deut Elastic Model: ia,iamec,rsc,rscmec (1,2,3,4)=  3
 TJON DEUT ELASTIC FILESS TO BE OPEN=rscctj.tjon_input   rscqtj.tjon_input   rscmtj.tjon_input   
  10.589 20.375  3.96    2.27    6.49    1.59    0.03    8.11  0.969
   2.990  0.278 11.18    2.53    4.33    1.74    0.03    6.10 5.746E+00

  10.589 20.698  4.14    2.07    5.86    1.41    0.02    7.29  0.966
   3.030  0.292 10.92    2.30    3.51    1.54    0.02    5.07 5.191E+00

  10.589 21.127  4.38    1.85    5.08    1.21    0.02    6.30  0.966
   3.076  0.311 10.60    2.04    2.50    1.32    0.02    3.84 4.535E+00

  10.589 21.682  4.64    1.69    4.35    1.06    0.01    5.42  0.962
   3.094  0.330 10.31    1.85    1.57    1.16    0.01    2.74 3.868E+00

  10.589 22.316  4.91    1.55    3.65    0.94    0.01    4.60  0.958
   3.098  0.350 10.02    1.70    0.68    1.02    0.01    1.71 3.245E+00

  10.589 22.889  5.18    1.44    2.97    0.84    0.01    3.81  0.954
   3.107  0.369  9.74    1.56   -0.17    0.91    0.01    0.75 2.748E+00

  10.589 23.223  5.41    1.31    2.26    0.74    0.01    3.00  0.951
   3.151  0.387  9.43    1.42   -1.07    0.80    0.01   -0.26 2.420E+00

  10.589 23.473  5.59    1.22    1.66    0.66    0.00    2.33  0.946
   3.191  0.403  9.17    1.32   -1.83    0.72    0.00   -1.10 2.181E+00

  0.000 0.000  0.000 .000  0.00  0.00  0.00  0.00  0.00  0.00 0.000
                           0.00  0.00  0.00  0.00  0.00  0.00 0.000E+00

