EXTERNAL/TSAI:  VERSION OF 8/8/96

Marathon                                                                
H3_kin0.inp                                                             
                                                                        
Hall A 2018: 25 cm Tritium target                                       
Nominal values - not exact                                              

----*----1----*----2----*----3----*----4----*----5----*----6----*----7--
                                                                        

TARGET (iZ,iA) = (  1,  3);   avgA =   3.000; amuM=  3.016; avgM=  2.809
 targ=TRITIUM; ttarg(rl)=0.00045; twall=0.00481; tbeam=0.00000; tspec=0.00000
         Nseg  =   4
 MODELS: P elastc(ikk)=14; deut elastic=13; inelastc=206; Pauli Supresion= 4
 NUCLEAR METHOD= 1;   NUCLEAR_MODEL= 1
 DIS MODEL=111

    E1    TH    Q2 COS_K         SMR     NUC          INT-SMR
    EP     X    W2 QE-PK  INELA  Q-ELA  ELAST   TOTAL  MODEL

  10.589 15.282  2.25    3.93   16.54    3.09    0.40   20.03  0.854
   3.001  0.158 12.87    3.97   15.40    3.01    0.40   18.80 3.105E+01

  10.589 15.715  2.42    3.46   15.24    2.67    0.29   18.20  0.862
   3.063  0.172 12.58    3.49   13.90    2.59    0.29   16.78 2.718E+01

  10.589 16.405  2.67    3.03   13.89    2.27    0.21   16.37  0.869
   3.095  0.190 12.28    3.06   12.40    2.21    0.21   14.82 2.231E+01

  10.589 17.232  2.94    2.69   12.59    1.96    0.14   14.68  0.874
   3.098  0.209 11.99    2.71   10.98    1.90    0.14   13.02 1.779E+01

  10.589 17.949  3.21    2.40   11.40    1.69    0.10   13.18  0.877
   3.111  0.228 11.71    2.42    9.68    1.65    0.10   11.43 1.459E+01

  10.589 18.307  3.39    2.16   10.36    1.47    0.07   11.90  0.878
   3.165  0.243 11.42    2.17    8.55    1.43    0.07   10.06 1.301E+01

  10.589 18.741  3.61    1.92    9.21    1.26    0.05   10.52  0.878
   3.216  0.261 11.11    1.93    7.32    1.23    0.05    8.59 1.134E+01

  0.000 0.000  0.000 .000  0.00  0.00  0.00  0.00  0.00  0.00 0.000
                           0.00  0.00  0.00  0.00  0.00  0.00 0.000E+00

