EXTERNAL/TSAI:  VERSION OF 8/8/96

Marathon                                                                
He3_kin3.inp                                                            
                                                                        
Hall A 2018: 25 cm He3 target                                           
Nominal values - not exact                                              

----*----1----*----2----*----3----*----4----*----5----*----6----*----7--
                                                                        

TARGET (iZ,iA) = (  2,  3);   avgA =   3.000; amuM=  3.016; avgM=  2.809
 targ=TRITIUM; ttarg(rl)=0.00075; twall=0.00481; tbeam=0.00342; tspec=0.00732
         Nseg  =   4
 MODELS: P elastc(ikk)=14; deut elastic=13; inelastc=206; Pauli Supresion= 4
 NUCLEAR METHOD= 1;   NUCLEAR_MODEL= 1
 DIS MODEL=**

    E1    TH    Q2 COS_K         SMR     NUC          INT-SMR
    EP     X    W2 QE-PK  INELA  Q-ELA  ELAST   TOTAL  MODEL

  10.589 18.921  3.41    3.09   13.96    2.00    0.08   16.03  0.840
   2.984  0.239 11.74    3.46   12.87    2.17    0.08   15.12 1.333E+01

  10.589 19.260  3.59    2.78   12.74    1.75    0.06   14.55  0.843
   3.027  0.253 11.48    3.10   11.39    1.90    0.06   13.35 1.206E+01

  10.589 19.698  3.81    2.45   11.30    1.49    0.04   12.83  0.846
   3.078  0.271 11.16    2.71    9.64    1.62    0.04   11.30 1.059E+01

  10.589 20.299  4.07    2.19   10.02    1.29    0.03   11.33  0.847
   3.097  0.290 10.87    2.42    8.08    1.40    0.03    9.51 8.989E+00

  10.589 20.975  4.35    1.99    8.84    1.13    0.02    9.99  0.847
   3.100  0.310 10.58    2.18    6.65    1.22    0.02    7.89 7.515E+00

  10.589 21.576  4.62    1.81    7.75    0.99    0.01    8.75  0.845
   3.111  0.329 10.30    1.98    5.32    1.07    0.01    6.41 6.367E+00

  10.589 21.911  4.83    1.63    6.70    0.86    0.01    7.57  0.844
   3.158  0.346  9.99    1.78    4.04    0.93    0.01    4.99 5.663E+00

  10.589 22.202  5.02    1.50    5.84    0.77    0.01    6.61  0.843
   3.196  0.362  9.74    1.63    2.99    0.83    0.01    3.83 5.103E+00

  0.000 0.000  0.000 .000  0.00  0.00  0.00  0.00  0.00  0.00 0.000
                           0.00  0.00  0.00  0.00  0.00  0.00 0.000E+00

