EXTERNAL/TSAI:  VERSION OF 8/8/96

Marathon                                                                
H3_kin3.inp                                                             
                                                                        
Hall A 2018: 25 cm Tritium target                                       
Nominal values - not exact                                              

----*----1----*----2----*----3----*----4----*----5----*----6----*----7--
                                                                        

TARGET (iZ,iA) = (  1,  3);   avgA =   3.000; amuM=  3.016; avgM=  2.809
 targ=TRITIUM; ttarg(rl)=0.00042; twall=0.00481; tbeam=0.00342; tspec=0.00732
         Nseg  =   4
 MODELS: P elastc(ikk)=14; deut elastic=13; inelastc=206; Pauli Supresion= 4
 NUCLEAR METHOD= 1;   NUCLEAR_MODEL= 1
 DIS MODEL=**

    E1    TH    Q2 COS_K         SMR     NUC          INT-SMR
    EP     X    W2 QE-PK  INELA  Q-ELA  ELAST   TOTAL  MODEL

  10.589 18.921  3.41    2.45   12.88    1.70    0.09   14.67  0.875
   2.983  0.239 11.74    2.73   11.47    1.84    0.09   13.40 1.177E+01

  10.589 19.261  3.59    2.23   11.74    1.50    0.07   13.31  0.876
   3.027  0.253 11.48    2.47   10.09    1.62    0.07   11.78 1.058E+01

  10.589 19.702  3.82    1.99   10.41    1.29    0.05   11.74  0.875
   3.077  0.271 11.16    2.20    8.47    1.39    0.05    9.91 9.221E+00

  10.589 20.298  4.07    1.81    9.22    1.12    0.03   10.37  0.872
   3.097  0.290 10.87    1.99    7.03    1.22    0.03    8.28 7.784E+00

  10.589 20.975  4.35    1.66    8.12    0.99    0.02    9.13  0.868
   3.100  0.310 10.58    1.82    5.71    1.07    0.02    6.80 6.463E+00

  10.589 21.576  4.62    1.53    7.09    0.87    0.01    7.98  0.862
   3.111  0.329 10.30    1.67    4.46    0.94    0.01    5.42 5.441E+00

  10.589 21.912  4.83    1.40    6.09    0.76    0.01    6.86  0.856
   3.158  0.346  9.99    1.52    3.24    0.82    0.01    4.08 4.810E+00

  10.589 22.225  5.03    1.29    5.22    0.68    0.01    5.91  0.851
   3.197  0.363  9.72    1.40    2.19    0.73    0.01    2.93 4.283E+00

  0.000 0.000  0.000 .000  0.00  0.00  0.00  0.00  0.00  0.00 0.000
                           0.00  0.00  0.00  0.00  0.00  0.00 0.000E+00

