EXTERNAL/TSAI:  VERSION OF 8/8/96

Marathon                                                                
D2_kin15.inp                                                            
                                                                        
Hall A 2018: 25 cm Deuterium target                                     
Nominal values - not exact                                              

----*----1----*----2----*----3----*----4----*----5----*----6----*----7--
                                                                        

TARGET (iZ,iA) = (  1,  2);   avgA =   2.000; amuM=  2.013; avgM=  1.875
 targ=TRITIUM; ttarg(rl)=0.00114; twall=0.00481; tbeam=0.00342; tspec=0.00732
         Nseg  =   4
 MODELS: P elastc(ikk)=14; deut elastic=13; inelastc=206; Pauli Supresion= 4
 NUCLEAR METHOD= 1;   NUCLEAR_MODEL= 1
 DIS MODEL=**

    E1    TH    Q2 COS_K         SMR     NUC          INT-SMR
    EP     X    W2 QE-PK  INELA  Q-ELA  ELAST   TOTAL  MODEL

 Deut Elastic Model: ia,iamec,rsc,rscmec (1,2,3,4)=  3
 TJON DEUT ELASTIC FILESS TO BE OPEN=rscctj.tjon_input   rscqtj.tjon_input   rscmtj.tjon_input   
  10.589 32.025  9.63    0.72   -4.72    0.35    0.00   -4.37  0.913
   2.989  0.675  5.51    0.76   -9.67    0.39    0.00   -9.28 1.362E-01

  10.589 32.264  9.84    0.70   -5.23    0.35    0.00   -4.87  0.916
   3.008  0.691  5.27    0.74  -10.28    0.39    0.00   -9.89 1.156E-01

  10.589 32.544 10.08    0.68   -5.82    0.36    0.00   -5.46  0.922
   3.030  0.710  4.99    0.72  -10.99    0.39    0.00  -10.60 9.446E-02

  10.589 32.825 10.33    0.66   -6.43    0.37    0.00   -6.06  0.934
   3.054  0.730  4.70    0.71  -11.73    0.40    0.00  -11.33 7.616E-02

  10.589 33.104 10.57    0.66   -7.04    0.38    0.00   -6.66  0.946
   3.076  0.750  4.41    0.70  -12.47    0.42    0.00  -12.05 6.087E-02

  10.589 33.419 10.83    0.66   -7.65    0.41    0.00   -7.23  0.965
   3.092  0.770  4.12    0.71  -13.19    0.45    0.00  -12.74 4.803E-02

  10.589 33.780 11.09    0.67   -8.26    0.46    0.00   -7.80  0.993
   3.102  0.789  3.84    0.72  -13.92    0.50    0.00  -13.42 3.734E-02

  10.589 34.135 11.35    0.70   -8.91    0.52    0.00   -8.39  1.038
   3.112  0.809  3.56    0.76  -14.70    0.57    0.00  -14.12 2.874E-02

  10.589 34.382 11.60    0.74   -9.63    0.62    0.00   -9.01  1.099
   3.134  0.829  3.27    0.81  -15.54    0.68    0.00  -14.87 2.217E-02

  10.589 34.555 11.77    0.78  -10.22    0.73    0.00   -9.49  1.168
   3.151  0.844  3.06    0.87  -16.24    0.79    0.00  -15.45 1.817E-02

  0.000 0.000  0.000 .000  0.00  0.00  0.00  0.00  0.00  0.00 0.000
                           0.00  0.00  0.00  0.00  0.00  0.00 0.000E+00

