EXTERNAL/TSAI:  VERSION OF 8/8/96

Marathon                                                                
D2_kin4.inp                                                             
                                                                        
Hall A 2018: 25 cm Deuterium target                                     
Nominal values - not exact                                              

----*----1----*----2----*----3----*----4----*----5----*----6----*----7--
                                                                        

TARGET (iZ,iA) = (  1,  2);   avgA =   2.000; amuM=  2.013; avgM=  1.875
 targ=TRITIUM; ttarg(rl)=0.00114; twall=0.00481; tbeam=0.00342; tspec=0.00732
         Nseg  =   4
 MODELS: P elastc(ikk)=14; deut elastic=13; inelastc=206; Pauli Supresion= 4
 NUCLEAR METHOD= 1;   NUCLEAR_MODEL= 1
 DIS MODEL=**

    E1    TH    Q2 COS_K         SMR     NUC          INT-SMR
    EP     X    W2 QE-PK  INELA  Q-ELA  ELAST   TOTAL  MODEL

 Deut Elastic Model: ia,iamec,rsc,rscmec (1,2,3,4)=  3
 TJON DEUT ELASTIC FILESS TO BE OPEN=rscctj.tjon_input   rscqtj.tjon_input   rscmtj.tjon_input   
  10.589 20.375  3.96    2.28    9.78    1.60    0.03   11.40  0.969
   2.990  0.278 11.18    2.54    7.97    1.75    0.03    9.74 5.731E+00

  10.589 20.698  4.14    2.08    8.90    1.41    0.02   10.33  0.966
   3.030  0.292 10.92    2.30    6.88    1.54    0.02    8.44 5.180E+00

  10.589 21.127  4.38    1.85    7.81    1.21    0.02    9.03  0.966
   3.076  0.311 10.60    2.05    5.52    1.32    0.02    6.86 4.528E+00

  10.589 21.682  4.64    1.69    6.84    1.06    0.01    7.92  0.962
   3.094  0.330 10.31    1.86    4.34    1.16    0.01    5.51 3.865E+00

  10.589 22.316  4.91    1.55    5.94    0.94    0.01    6.89  0.958
   3.098  0.350 10.02    1.70    3.22    1.02    0.01    4.26 3.245E+00

  10.589 22.889  5.18    1.44    5.09    0.83    0.01    5.94  0.954
   3.107  0.369  9.74    1.56    2.18    0.91    0.01    3.10 2.751E+00

  10.589 23.223  5.41    1.31    4.21    0.73    0.01    4.95  0.951
   3.151  0.387  9.43    1.42    1.09    0.80    0.01    1.90 2.425E+00

  10.589 23.473  5.59    1.21    3.49    0.66    0.00    4.16  0.946
   3.191  0.403  9.17    1.31    0.21    0.72    0.00    0.93 2.188E+00

  0.000 0.000  0.000 .000  0.00  0.00  0.00  0.00  0.00  0.00 0.000
                           0.00  0.00  0.00  0.00  0.00  0.00 0.000E+00

