EXTERNAL/TSAI:  VERSION OF 8/8/96

Marathon                                                                
H3_kin15.inp                                                            
                                                                        
Hall A 2018: 25 cm Tritium target                                       
Nominal values - not exact                                              

----*----1----*----2----*----3----*----4----*----5----*----6----*----7--
                                                                        

TARGET (iZ,iA) = (  1,  3);   avgA =   3.000; amuM=  3.016; avgM=  2.809
 targ=TRITIUM; ttarg(rl)=0.00042; twall=0.00481; tbeam=0.00342; tspec=0.00732
         Nseg  =   4
 MODELS: P elastc(ikk)=14; deut elastic=13; inelastc=206; Pauli Supresion= 4
 NUCLEAR METHOD= 1;   NUCLEAR_MODEL= 1
 DIS MODEL=**

    E1    TH    Q2 COS_K         SMR     NUC          INT-SMR
    EP     X    W2 QE-PK  INELA  Q-ELA  ELAST   TOTAL  MODEL

  10.589 32.030  9.63    0.73   -4.70    0.33    0.00   -4.37  0.823
   2.988  0.675  5.51    0.77   -9.58    0.35    0.00   -9.23 1.733E-01

  10.589 32.264  9.83    0.71   -5.18    0.33    0.00   -4.84  0.844
   3.007  0.691  5.27    0.75  -10.14    0.36    0.00   -9.79 1.474E-01

  10.589 32.544 10.08    0.70   -5.75    0.35    0.00   -5.40  0.878
   3.030  0.710  4.99    0.74  -10.83    0.37    0.00  -10.46 1.203E-01

  10.589 32.828 10.33    0.68   -6.35    0.37    0.00   -5.97  0.924
   3.053  0.730  4.70    0.72  -11.53    0.40    0.00  -11.13 9.699E-02

  10.589 33.108 10.57    0.67   -6.95    0.41    0.00   -6.54  0.984
   3.075  0.750  4.41    0.72  -12.24    0.44    0.00  -11.80 7.762E-02

  10.589 33.422 10.83    0.67   -7.54    0.46    0.00   -7.08  1.059
   3.092  0.770  4.12    0.72  -12.94    0.49    0.00  -12.45 6.147E-02

  10.589 33.813 11.10    0.68   -8.15    0.54    0.00   -7.61  1.150
   3.098  0.790  3.84    0.74  -13.63    0.56    0.00  -13.07 4.780E-02

  10.589 34.144 11.36    0.71   -8.80    0.64    0.00   -8.16  1.261
   3.111  0.809  3.56    0.76  -14.39    0.67    0.00  -13.72 3.718E-02

  10.589 34.367 11.59    0.74   -9.54    0.79    0.00   -8.75  1.396
   3.135  0.829  3.28    0.81  -15.24    0.81    0.00  -14.42 2.909E-02

  10.589 34.574 11.78    0.78  -10.16    0.94    0.00   -9.22  1.511
   3.150  0.844  3.06    0.86  -15.94    0.96    0.00  -14.98 2.379E-02

  0.000 0.000  0.000 .000  0.00  0.00  0.00  0.00  0.00  0.00 0.000
                           0.00  0.00  0.00  0.00  0.00  0.00 0.000E+00

