EXTERNAL/TSAI:  VERSION OF 8/8/96

Marathon                                                                
H1_kin4.inp                                                             
                                                                        
Hall A 2018: 25 cm Deuterium target                                     
Nominal values - not exact                                              

----*----1----*----2----*----3----*----4----*----5----*----6----*----7--
                                                                        

TARGET (iZ,iA) = (  1,  1);   avgA =   1.000; amuM=  1.007; avgM=  0.938
 targ=TRITIUM; ttarg(rl)=0.00113; twall=0.00481; tbeam=0.00342; tspec=0.00732
         Nseg  =   4
 MODELS: P elastc(ikk)=14; deut elastic=13; inelastc=206; Pauli Supresion= 4
 NUCLEAR METHOD= 1;   NUCLEAR_MODEL= 1
 DIS MODEL=**

    E1    TH    Q2 COS_K         SMR     NUC          INT-SMR
    EP     X    W2 QE-PK  INELA  Q-ELA  ELAST   TOTAL  MODEL

  10.589 20.377  3.96    2.89   10.57    0.00    2.92   13.49  1.000
   2.989  0.278 11.18    3.21    9.02    0.00    3.24   12.26 3.417E+00

  10.589 20.698  4.14    2.60    9.63    0.00    2.62   12.25  1.000
   3.030  0.292 10.92    2.87    7.85    0.00    2.90   10.75 3.112E+00

  10.589 21.127  4.38    2.28    8.51    0.00    2.30   10.82  1.000
   3.076  0.311 10.60    2.51    6.47    0.00    2.53    9.01 2.748E+00

  10.589 21.687  4.64    2.04    7.48    0.00    2.06    9.54  1.000
   3.094  0.330 10.31    2.24    5.18    0.00    2.26    7.44 2.367E+00

  10.589 22.319  4.91    1.85    6.54    0.00    1.86    8.40  1.000
   3.098  0.350 10.02    2.02    4.02    0.00    2.03    6.05 2.008E+00

  10.589 22.887  5.18    1.68    5.64    0.00    1.69    7.33  1.000
   3.108  0.369  9.74    1.83    2.90    0.00    1.84    4.73 1.720E+00

  10.589 23.227  5.41    1.51    4.73    0.00    1.52    6.25  1.000
   3.150  0.387  9.43    1.64    1.77    0.00    1.65    3.42 1.529E+00

  10.589 23.477  5.59    1.39    3.99    0.00    1.40    5.38  1.000
   3.190  0.403  9.17    1.50    0.85    0.00    1.51    2.36 1.389E+00

  0.000 0.000  0.000 .000  0.00  0.00  0.00  0.00  0.00  0.00 0.000
                           0.00  0.00  0.00  0.00  0.00  0.00 0.000E+00

