EXTERNAL/TSAI:  VERSION OF 8/8/96

Marathon                                                                
He3_kin4.inp                                                            
                                                                        
Hall A 2018: 25 cm He3 target                                           
Nominal values - not exact                                              

----*----1----*----2----*----3----*----4----*----5----*----6----*----7--
                                                                        

TARGET (iZ,iA) = (  2,  3);   avgA =   3.000; amuM=  3.016; avgM=  2.809
 targ=TRITIUM; ttarg(rl)=0.00075; twall=0.00481; tbeam=0.00342; tspec=0.00732
         Nseg  =   4
 MODELS: P elastc(ikk)=14; deut elastic=13; inelastc=206; Pauli Supresion= 4
 NUCLEAR METHOD= 1;   NUCLEAR_MODEL= 1
 DIS MODEL=**

    E1    TH    Q2 COS_K         SMR     NUC          INT-SMR
    EP     X    W2 QE-PK  INELA  Q-ELA  ELAST   TOTAL  MODEL

  10.589 20.374  3.96    2.49   11.23    1.50    0.04   12.76  0.845
   2.990  0.278 11.18    2.75    9.55    1.63    0.04   11.21 9.218E+00

  10.589 20.696  4.14    2.26   10.16    1.33    0.03   11.51  0.846
   3.031  0.292 10.92    2.49    8.25    1.44    0.03    9.71 8.345E+00

  10.589 21.128  4.38    2.01    8.88    1.14    0.02   10.04  0.846
   3.076  0.311 10.60    2.20    6.70    1.23    0.02    7.95 7.302E+00

  10.589 21.684  4.64    1.82    7.78    0.99    0.01    8.78  0.845
   3.095  0.330 10.31    1.99    5.35    1.08    0.01    6.44 6.241E+00

  10.589 22.313  4.91    1.67    6.75    0.88    0.01    7.64  0.843
   3.099  0.350 10.02    1.82    4.12    0.95    0.01    5.08 5.252E+00

  10.589 22.887  5.18    1.53    5.79    0.78    0.01    6.57  0.841
   3.108  0.369  9.74    1.66    2.95    0.85    0.01    3.80 4.456E+00

  10.589 23.220  5.40    1.40    4.83    0.69    0.00    5.53  0.839
   3.151  0.387  9.43    1.51    1.79    0.74    0.00    2.54 3.936E+00

  10.589 23.476  5.59    1.29    4.03    0.62    0.00    4.65  0.837
   3.192  0.403  9.17    1.39    0.81    0.67    0.00    1.48 3.543E+00

  0.000 0.000  0.000 .000  0.00  0.00  0.00  0.00  0.00  0.00 0.000
                           0.00  0.00  0.00  0.00  0.00  0.00 0.000E+00

