EXTERNAL/TSAI:  VERSION OF 8/8/96

Marathon                                                                
D2_kin1.inp                                                             
                                                                        
Hall A 2018: 25 cm Deuterium target                                     
Nominal values - not exact                                              

----*----1----*----2----*----3----*----4----*----5----*----6----*----7--
                                                                        

TARGET (iZ,iA) = (  1,  2);   avgA =   2.000; amuM=  2.013; avgM=  1.875
 targ=TRITIUM; ttarg(rl)=0.00114; twall=0.00481; tbeam=0.00342; tspec=0.00732
         Nseg  =   4
 MODELS: P elastc(ikk)=14; deut elastic=13; inelastc=206; Pauli Supresion= 4
 NUCLEAR METHOD= 1;   NUCLEAR_MODEL= 1
 DIS MODEL=**

    E1    TH    Q2 COS_K         SMR     NUC          INT-SMR
    EP     X    W2 QE-PK  INELA  Q-ELA  ELAST   TOTAL  MODEL

 Deut Elastic Model: ia,iamec,rsc,rscmec (1,2,3,4)=  3
 TJON DEUT ELASTIC FILESS TO BE OPEN=rscctj.tjon_input   rscqtj.tjon_input   rscmtj.tjon_input   
  10.589 16.120  2.51    4.10   15.96    3.43    0.12   19.51  0.960
   3.013  0.176 12.59    4.70   15.80    3.76    0.12   19.69 1.708E+01

  10.589 16.557  2.70    3.59   14.67    2.92    0.09   17.68  0.964
   3.071  0.191 12.29    4.08   14.16    3.20    0.09   17.45 1.502E+01

  10.589 17.245  2.95    3.13   13.34    2.46    0.07   15.87  0.967
   3.097  0.210 11.99    3.55   12.46    2.70    0.07   15.23 1.244E+01

  10.589 18.035  3.23    2.77   12.10    2.11    0.05   14.25  0.970
   3.100  0.230 11.71    3.12   10.88    2.30    0.05   13.23 1.010E+01

  10.589 18.710  3.49    2.47   10.92    1.81    0.04   12.77  0.970
   3.114  0.248 11.42    2.76    9.40    1.98    0.04   11.42 8.423E+00

  10.589 19.045  3.67    2.21    9.87    1.57    0.03   11.47  0.970
   3.167  0.264 11.14    2.46    8.09    1.71    0.03    9.83 7.569E+00

  0.000 0.000  0.000 .000  0.00  0.00  0.00  0.00  0.00  0.00 0.000
                           0.00  0.00  0.00  0.00  0.00  0.00 0.000E+00

