EXTERNAL/TSAI:  VERSION OF 8/8/96

Marathon                                                                
H3_kin13.inp                                                            
                                                                        
Hall A 2018: 25 cm Tritium target                                       
Nominal values - not exact                                              

----*----1----*----2----*----3----*----4----*----5----*----6----*----7--
                                                                        

TARGET (iZ,iA) = (  1,  3);   avgA =   3.000; amuM=  3.016; avgM=  2.809
 targ=TRITIUM; ttarg(rl)=0.00042; twall=0.00481; tbeam=0.00342; tspec=0.00732
         Nseg  =   4
 MODELS: P elastc(ikk)=14; deut elastic=13; inelastc=206; Pauli Supresion= 4
 NUCLEAR METHOD= 1;   NUCLEAR_MODEL= 1
 DIS MODEL=**

    E1    TH    Q2 COS_K         SMR     NUC          INT-SMR
    EP     X    W2 QE-PK  INELA  Q-ELA  ELAST   TOTAL  MODEL

  10.589 30.116  8.53    0.82   -2.50    0.33    0.00   -2.17  0.782
   2.985  0.598  6.62    0.87   -6.98    0.35    0.00   -6.63 3.960E-01

  10.589 30.338  8.71    0.79   -2.94    0.32    0.00   -2.62  0.785
   3.003  0.612  6.41    0.84   -7.51    0.34    0.00   -7.16 3.489E-01

  10.589 30.633  8.95    0.76   -3.55    0.31    0.00   -3.23  0.793
   3.028  0.631  6.12    0.80   -8.23    0.34    0.00   -7.90 2.920E-01

  10.589 30.929  9.20    0.73   -4.16    0.31    0.00   -3.85  0.807
   3.054  0.650  5.83    0.77   -8.96    0.33    0.00   -8.63 2.418E-01

  10.589 31.225  9.44    0.70   -4.76    0.31    0.00   -4.44  0.826
   3.078  0.670  5.53    0.74   -9.68    0.34    0.00   -9.34 1.988E-01

  10.589 31.565  9.70    0.68   -5.33    0.32    0.00   -5.01  0.853
   3.095  0.690  5.24    0.72  -10.36    0.35    0.00  -10.01 1.617E-01

  10.589 31.978  9.97    0.67   -5.89    0.34    0.00   -5.55  0.887
   3.102  0.709  4.96    0.71  -11.01    0.36    0.00  -10.65 1.293E-01

  10.589 32.359 10.23    0.66   -6.45    0.37    0.00   -6.08  0.933
   3.112  0.729  4.68    0.70  -11.68    0.39    0.00  -11.28 1.030E-01

  10.589 32.605 10.47    0.66   -7.04    0.41    0.00   -6.64  0.994
   3.137  0.749  4.39    0.70  -12.38    0.43    0.00  -11.95 8.309E-02

  10.589 32.834 10.70    0.65   -7.65    0.46    0.00   -7.19  1.072
   3.164  0.768  4.11    0.70  -13.09    0.48    0.00  -12.61 6.664E-02

  10.589 33.026 10.92    0.66   -8.24    0.53    0.00   -7.71  1.161
   3.190  0.786  3.85    0.71  -13.78    0.55    0.00  -13.23 5.411E-02

  10.589 33.283 11.14    0.68   -8.83    0.62    0.00   -8.21  1.263
   3.207  0.804  3.59    0.74  -14.47    0.64    0.00  -13.83 4.336E-02

  0.000 0.000  0.000 .000  0.00  0.00  0.00  0.00  0.00  0.00 0.000
                           0.00  0.00  0.00  0.00  0.00  0.00 0.000E+00

