EXTERNAL/TSAI:  VERSION OF 8/8/96

Marathon                                                                
4He_50.inp                                                              
                                                                        
Hall A 2018: 25 cm He3 target                                           
Nominal values - not exact                                              

----*----1----*----2----*----3----*----4----*----5----*----6----*----7--
                                                                        

TARGET (iZ,iA) = (  2,  4);   avgA =   4.000; amuM=  4.003; avgM=  3.728
 targ=TRITIUM; ttarg(rl)=0.00075; twall=0.00481; tbeam=0.00342; tspec=0.00732
         Nseg  =   4
 MODELS: P elastc(ikk)=14; deut elastic=13; inelastc=206; Pauli Supresion= 4
 NUCLEAR METHOD= 1;   NUCLEAR_MODEL= 1
 DIS MODEL= 1

    E1    TH    Q2 COS_K         SMR     NUC          INT-SMR
    EP     X    W2 QE-PK  INELA  Q-ELA  ELAST   TOTAL  MODEL

   5.766 50.000  3.27   12.03   13.78   10.12    0.05   23.95  0.703
   0.793  0.350  6.95   14.22   13.13   11.24    0.05   24.41 2.906E+00

   5.766 50.000  3.53    9.81   11.47    8.13    0.02   19.63  0.722
   0.857  0.383  6.56   11.50   10.36    9.00    0.02   19.38 2.472E+00

   5.766 50.000  3.79    8.08    9.32    6.58    0.01   15.91  0.738
   0.920  0.417  6.19    9.40    7.77    7.27    0.01   15.05 2.091E+00

   5.766 50.000  4.04    6.75    7.34    5.39    0.00   12.74  0.753
   0.981  0.450  5.82    7.79    5.40    5.94    0.00   11.35 1.758E+00

   5.766 50.000  4.29    5.70    5.53    4.48    0.00   10.01  0.767
   1.040  0.483  5.46    6.53    3.22    4.93    0.00    8.15 1.468E+00

   5.766 50.000  4.53    4.88    3.84    3.78    0.00    7.62  0.781
   1.099  0.517  5.11    5.56    1.20    4.15    0.00    5.35 1.214E+00

   5.766 50.000  4.76    4.24    2.27    3.26    0.00    5.53  0.797
   1.155  0.550  4.77    4.80   -0.69    3.57    0.00    2.88 9.946E-01

   5.766 50.000  4.99    3.74    0.79    2.88    0.00    3.67  0.818
   1.210  0.583  4.44    4.22   -2.47    3.15    0.00    0.68 8.057E-01

   5.766 50.000  5.21    3.36   -0.58    2.62    0.00    2.04  0.842
   1.265  0.617  4.12    3.77   -4.16    2.86    0.00   -1.30 6.444E-01

   5.766 50.000  5.43    3.07   -1.99    2.48    0.00    0.49  0.879
   1.317  0.650  3.80    3.44   -5.79    2.69    0.00   -3.10 5.093E-01

   5.766 50.000  5.64    2.87   -3.35    2.47    0.00   -0.88  0.940
   1.369  0.683  3.49    3.21   -7.39    2.66    0.00   -4.73 3.974E-01

   5.766 50.000  5.85    2.75   -4.75    2.60    0.00   -2.14  1.032
   1.419  0.717  3.19    3.07   -9.02    2.78    0.00   -6.24 3.063E-01

   5.766 50.000  6.05    2.70   -6.28    2.91    0.00   -3.37  1.164
   1.468  0.750  2.90    3.03  -10.78    3.07    0.00   -7.71 2.342E-01

   5.766 50.000  6.25    2.73   -8.09    3.43    0.00   -4.65  1.339
   1.516  0.783  2.61    3.07  -12.82    3.57    0.00   -9.25 1.780E-01

   5.766 50.000  6.44    2.79  -10.89    4.13    0.00   -6.76  1.549
   1.563  0.817  2.33    3.16  -16.00    4.23    0.00  -11.77 1.384E-01

   5.766 50.000  6.63    3.40  -14.19    5.79    0.00   -8.40  1.755
   1.609  0.850  2.05    3.89  -19.72    5.85    0.00  -13.87 9.505E-02

   5.766 50.000  6.81    4.42  -18.40    8.20    0.00  -10.20  1.880
   1.654  0.883  1.78    5.14  -24.21    8.17    0.00  -16.04 6.566E-02

   5.766 50.000  7.00    7.82  -25.16   14.04    0.00  -11.11  1.807
   1.699  0.917  1.52    9.24  -31.04   13.81    0.00  -17.22 3.754E-02

   5.766 50.000  7.17   16.48  -39.85   23.06    0.00  -16.79  1.405
   1.742  0.950  1.26   19.91  -46.84   22.41    0.00  -24.42 2.199E-02

   5.766 50.000  7.35  173.83 -100.00  101.13    0.00    1.13  0.595
   1.784  0.983  1.01  218.46 -100.00   97.20    0.00   -2.80 4.634E-03

   5.766 50.000  7.52    0.00 -100.00   96.70    0.00   -3.30  1.000
   1.825  1.017  0.76    0.00 -100.00   92.02    0.00   -7.98 4.195E-03

   5.766 50.000  7.68    0.00 -100.00   93.54    0.00   -6.46  1.000
   1.865  1.050  0.52    0.00 -100.00   88.29    0.00  -11.71 3.451E-03

   5.766 50.000  7.85    0.00 -100.00   91.35    0.00   -8.65  1.000
   1.905  1.083  0.28    0.00 -100.00   85.67    0.00  -14.33 2.586E-03

   5.766 50.000  8.01    0.00 -100.00   89.45    0.00  -10.55  1.000
   1.944  1.117  0.04    0.00 -100.00   83.42    0.00  -16.58 1.809E-03

   5.766 50.000  8.17    0.00 -100.00   89.18    0.00  -10.82  1.000
   1.982  1.150 -0.18    0.00 -100.00   83.06    0.00  -16.94 1.115E-03

   5.766 50.000  8.32    0.00 -100.00   88.84    0.00  -11.16  1.000
   2.019  1.183 -0.41    0.00 -100.00   82.65    0.00  -17.35 6.988E-04

   5.766 50.000  8.47    0.00 -100.00   88.70    0.00  -11.30  1.000
   2.056  1.217 -0.63    0.00 -100.00   82.48    0.00  -17.52 4.353E-04

   5.766 50.000  8.62    0.00 -100.00   88.67    0.00  -11.33  1.000
   2.092  1.250 -0.84    0.00 -100.00   82.44    0.00  -17.56 2.739E-04

   5.766 50.000  8.76    0.00 -100.00   88.69    0.00  -11.31  1.000
   2.127  1.283 -1.05    0.00 -100.00   82.47    0.00  -17.53 1.744E-04

   5.766 50.000  8.90    0.00 -100.00   88.74    0.00  -11.26  1.000
   2.162  1.317 -1.26    0.00 -100.00   82.53    0.00  -17.47 1.127E-04

   5.766 50.000  9.04    0.00 -100.00   88.80    0.00  -11.20  1.000
   2.196  1.350 -1.46    0.00 -100.00   82.61    0.00  -17.39 7.405E-05

   5.766 50.000  9.18    0.00 -100.00   88.86    0.00  -11.14  1.000
   2.229  1.383 -1.66    0.00 -100.00   82.68    0.00  -17.32 4.950E-05

   5.766 50.000  9.32    0.00 -100.00   88.92    0.00  -11.08  1.000
   2.261  1.417 -1.86    0.00 -100.00   82.76    0.00  -17.24 3.357E-05

   5.766 50.000  9.45    0.00 -100.00   88.98    0.00  -11.02  1.000
   2.293  1.450 -2.05    0.00 -100.00   82.84    0.00  -17.16 2.313E-05

   5.766 50.000  9.70    0.00 -100.00   89.10    0.00  -10.90  1.000
   2.356  1.517 -2.43    0.00 -100.00   82.99    0.00  -17.01 1.142E-05

  0.000 0.000  0.000 .000  0.00  0.00  0.00  0.00  0.00  0.00 0.000
                           0.00  0.00  0.00  0.00  0.00  0.00 0.000E+00

