EXTERNAL/TSAI:  VERSION OF 8/8/96

Marathon                                                                
H3_kin1.inp                                                             
                                                                        
Hall A 2018: 25 cm Tritium target                                       
Nominal values - not exact                                              

----*----1----*----2----*----3----*----4----*----5----*----6----*----7--
                                                                        

TARGET (iZ,iA) = (  1,  3);   avgA =   3.000; amuM=  3.016; avgM=  2.809
 targ=TRITIUM; ttarg(rl)=0.00045; twall=0.00481; tbeam=0.00341; tspec=0.00759
         Nseg  =   4
 MODELS: P elastc(ikk)=14; deut elastic=13; inelastc=206; Pauli Supresion= 4
 NUCLEAR METHOD= 1;   NUCLEAR_MODEL= 1
 DIS MODEL=122

    E1    TH    Q2 COS_K         SMR     NUC          INT-SMR
    EP     X    W2 QE-PK  INELA  Q-ELA  ELAST   TOTAL  MODEL

  10.589 16.116  2.51    3.41   15.24    2.62    0.27   18.14  0.863
   3.014  0.176 12.59    3.87   14.69    2.84    0.28   17.80 2.484E+01

  10.589 16.553  2.70    3.01   13.99    2.26    0.20   16.45  0.869
   3.073  0.191 12.29    3.40   13.10    2.44    0.20   15.75 2.174E+01

  10.589 17.240  2.95    2.66   12.67    1.93    0.14   14.74  0.874
   3.098  0.210 11.99    2.99   11.44    2.09    0.14   13.68 1.791E+01

  10.589 18.028  3.22    2.38   11.45    1.67    0.10   13.22  0.877
   3.101  0.229 11.71    2.66    9.91    1.81    0.10   11.82 1.446E+01

  10.589 18.707  3.49    2.14   10.30    1.45    0.07   11.82  0.878
   3.115  0.249 11.42    2.38    8.48    1.56    0.07   10.11 1.198E+01

  10.589 19.039  3.67    1.93    9.28    1.26    0.05   10.58  0.877
   3.170  0.264 11.13    2.13    7.21    1.36    0.05    8.62 1.073E+01

  10.589 19.464  3.89    1.74    8.23    1.09    0.03    9.36  0.875
   3.213  0.281 10.83    1.92    5.92    1.18    0.03    7.13 9.383E+00

  0.000 0.000  0.000 .000  0.00  0.00  0.00  0.00  0.00  0.00 0.000
                           0.00  0.00  0.00  0.00  0.00  0.00 0.000E+00

