EXTERNAL/TSAI:  VERSION OF 8/8/96

Marathon                                                                
He3_kin15.inp                                                           
                                                                        
Hall A 2018: 25 cm He3 target                                           
Nominal values - not exact                                              

----*----1----*----2----*----3----*----4----*----5----*----6----*----7--
                                                                        

TARGET (iZ,iA) = (  2,  3);   avgA =   3.000; amuM=  3.016; avgM=  2.809
 targ=TRITIUM; ttarg(rl)=0.00075; twall=0.00519; tbeam=0.00285; tspec=0.00832
         Nseg  =   4
 MODELS: P elastc(ikk)=14; deut elastic=13; inelastc=206; Pauli Supresion= 4
 NUCLEAR METHOD= 1;   NUCLEAR_MODEL= 1
 DIS MODEL=122

    E1    TH    Q2 COS_K         SMR     NUC          INT-SMR
    EP     X    W2 QE-PK  INELA  Q-ELA  ELAST   TOTAL  MODEL

  10.589 32.030  9.63    0.74   -4.75    0.35    0.00   -4.40  0.889
   2.988  0.675  5.51    0.77  -10.05    0.37    0.00   -9.68 2.242E-01

  10.589 32.260  9.83    0.71   -5.24    0.36    0.00   -4.88  0.916
   3.008  0.691  5.27    0.75  -10.63    0.38    0.00  -10.25 1.914E-01

  10.589 32.551 10.08    0.69   -5.80    0.38    0.00   -5.42  0.957
   3.030  0.711  4.99    0.72  -11.30    0.40    0.00  -10.90 1.563E-01

  10.589 32.824 10.32    0.67   -6.40    0.40    0.00   -5.99  1.011
   3.054  0.730  4.70    0.71  -12.01    0.42    0.00  -11.59 1.269E-01

  10.589 33.099 10.57    0.66   -6.99    0.44    0.00   -6.55  1.081
   3.077  0.750  4.40    0.70  -12.71    0.46    0.00  -12.25 1.020E-01

  10.589 33.412 10.83    0.66   -7.59    0.50    0.00   -7.09  1.167
   3.093  0.770  4.12    0.70  -13.42    0.52    0.00  -12.90 8.122E-02

  10.589 33.777 11.09    0.66   -8.21    0.58    0.00   -7.63  1.270
   3.102  0.789  3.84    0.70  -14.14    0.60    0.00  -13.54 6.393E-02

  10.589 34.154 11.36    0.68   -8.89    0.68    0.00   -8.20  1.395
   3.109  0.809  3.56    0.73  -14.92    0.70    0.00  -14.21 4.984E-02

  10.589 34.390 11.60    0.70   -9.68    0.83    0.00   -8.85  1.549
   3.133  0.829  3.27    0.76  -15.84    0.85    0.00  -14.99 3.918E-02

  10.589 34.559 11.78    0.73  -10.36    0.98    0.00   -9.38  1.678
   3.151  0.844  3.06    0.80  -16.62    1.00    0.00  -15.62 3.263E-02

  0.000 0.000  0.000 .000  0.00  0.00  0.00  0.00  0.00  0.00 0.000
                           0.00  0.00  0.00  0.00  0.00  0.00 0.000E+00

