EXTERNAL/TSAI:  VERSION OF 8/8/96

Marathon                                                                
He3_kin5.inp                                                            
                                                                        
Hall A 2018: 25 cm He3 target                                           
Nominal values - not exact                                              

----*----1----*----2----*----3----*----4----*----5----*----6----*----7--
                                                                        

TARGET (iZ,iA) = (  2,  3);   avgA =   3.000; amuM=  3.016; avgM=  2.809
 targ=TRITIUM; ttarg(rl)=0.00075; twall=0.00519; tbeam=0.00285; tspec=0.00832
         Nseg  =   4
 MODELS: P elastc(ikk)=14; deut elastic=13; inelastc=206; Pauli Supresion= 4
 NUCLEAR METHOD= 1;   NUCLEAR_MODEL= 1
 DIS MODEL=122

    E1    TH    Q2 COS_K         SMR     NUC          INT-SMR
    EP     X    W2 QE-PK  INELA  Q-ELA  ELAST   TOTAL  MODEL

  10.589 21.700  4.50    2.06    7.83    1.16    0.02    9.01  0.845
   2.999  0.316 10.62    2.23    5.12    1.23    0.02    6.37 6.491E+00

  10.589 22.024  4.69    1.88    6.99    1.03    0.01    8.03  0.844
   3.038  0.331 10.36    2.03    4.08    1.09    0.01    5.19 5.841E+00

  10.589 22.441  4.94    1.69    5.99    0.89    0.01    6.89  0.843
   3.079  0.350 10.03    1.82    2.87    0.94    0.01    3.82 5.097E+00

  10.589 22.971  5.20    1.55    5.11    0.79    0.01    5.90  0.841
   3.096  0.370  9.74    1.66    1.78    0.83    0.01    2.62 4.360E+00

  10.589 23.568  5.48    1.44    4.30    0.70    0.00    5.01  0.838
   3.100  0.390  9.46    1.53    0.79    0.75    0.00    1.54 3.674E+00

  10.589 24.107  5.74    1.33    3.50    0.63    0.00    4.13  0.835
   3.109  0.409  9.17    1.42   -0.18    0.67    0.00    0.49 3.123E+00

  10.589 24.433  5.97    1.22    2.69    0.56    0.00    3.25  0.832
   3.149  0.428  8.87    1.30   -1.17    0.60    0.00   -0.57 2.741E+00

  10.589 24.670  6.16    1.13    2.00    0.51    0.00    2.51  0.829
   3.189  0.444  8.60    1.20   -2.01    0.54    0.00   -1.47 2.459E+00

  0.000 0.000  0.000 .000  0.00  0.00  0.00  0.00  0.00  0.00 0.000
                           0.00  0.00  0.00  0.00  0.00  0.00 0.000E+00

