EXTERNAL/TSAI:  VERSION OF 8/8/96

Marathon                                                                
H3_kin2.inp                                                             
                                                                        
Hall A 2018: 25 cm Tritium target                                       
Nominal values - not exact                                              

----*----1----*----2----*----3----*----4----*----5----*----6----*----7--
                                                                        

TARGET (iZ,iA) = (  1,  3);   avgA =   3.000; amuM=  3.016; avgM=  2.809
 targ=TRITIUM; ttarg(rl)=0.00045; twall=0.00481; tbeam=0.00341; tspec=0.00759
         Nseg  =   4
 MODELS: P elastc(ikk)=14; deut elastic=13; inelastc=206; Pauli Supresion= 4
 NUCLEAR METHOD= 1;   NUCLEAR_MODEL= 1
 DIS MODEL=122

    E1    TH    Q2 COS_K         SMR     NUC          INT-SMR
    EP     X    W2 QE-PK  INELA  Q-ELA  ELAST   TOTAL  MODEL

  10.589 17.744  3.05    2.70   12.67    1.96    0.13   14.76  0.874
   3.023  0.215 12.03    3.03   11.42    2.12    0.13   13.68 1.599E+01

  10.589 18.183  3.25    2.40   11.47    1.68    0.10   13.24  0.877
   3.077  0.231 11.72    2.68    9.93    1.82    0.10   11.84 1.398E+01

  10.589 18.830  3.51    2.15   10.30    1.45    0.07   11.82  0.877
   3.097  0.250 11.43    2.39    8.49    1.57    0.07   10.12 1.167E+01

  10.589 19.556  3.79    1.95    9.21    1.27    0.05   10.53  0.876
   3.100  0.270 11.15    2.16    7.13    1.37    0.05    8.55 9.590E+00

  10.589 20.187  4.05    1.78    8.18    1.11    0.03    9.32  0.874
   3.114  0.289 10.86    1.96    5.85    1.20    0.03    7.08 8.039E+00

  10.589 20.516  4.25    1.61    7.21    0.97    0.02    8.20  0.870
   3.164  0.305 10.56    1.77    4.66    1.04    0.02    5.73 7.169E+00

  10.589 20.889  4.47    1.47    6.27    0.84    0.02    7.13  0.865
   3.208  0.322 10.27    1.60    3.50    0.91    0.02    4.43 6.311E+00

  0.000 0.000  0.000 .000  0.00  0.00  0.00  0.00  0.00  0.00 0.000
                           0.00  0.00  0.00  0.00  0.00  0.00 0.000E+00

