EXTERNAL/TSAI:  VERSION OF 8/8/96

Marathon                                                                
He3_kin4.inp                                                            
                                                                        
Hall A 2018: 25 cm He3 target                                           
Nominal values - not exact                                              

----*----1----*----2----*----3----*----4----*----5----*----6----*----7--
                                                                        

TARGET (iZ,iA) = (  2,  3);   avgA =   3.000; amuM=  3.016; avgM=  2.809
 targ=TRITIUM; ttarg(rl)=0.00075; twall=0.00519; tbeam=0.00285; tspec=0.00759
         Nseg  =   4
 MODELS: P elastc(ikk)=14; deut elastic=13; inelastc=206; Pauli Supresion= 4
 NUCLEAR METHOD= 1;   NUCLEAR_MODEL= 1
 DIS MODEL=122

    E1    TH    Q2 COS_K         SMR     NUC          INT-SMR
    EP     X    W2 QE-PK  INELA  Q-ELA  ELAST   TOTAL  MODEL

  10.589 20.374  3.96    2.50    9.84    1.51    0.04   11.39  0.845
   2.990  0.278 11.18    2.73    7.69    1.61    0.04    9.33 9.151E+00

  10.589 20.696  4.14    2.27    8.93    1.33    0.03   10.29  0.846
   3.031  0.292 10.92    2.47    6.58    1.42    0.03    8.02 8.287E+00

  10.589 21.128  4.38    2.02    7.83    1.14    0.02    8.99  0.846
   3.076  0.311 10.60    2.19    5.23    1.21    0.02    6.46 7.253E+00

  10.589 21.684  4.64    1.83    6.87    1.00    0.01    7.88  0.845
   3.095  0.330 10.31    1.97    4.06    1.06    0.01    5.13 6.199E+00

  10.589 22.313  4.91    1.68    5.97    0.88    0.01    6.86  0.843
   3.099  0.350 10.02    1.80    2.96    0.94    0.01    3.91 5.217E+00

  10.589 22.887  5.18    1.54    5.10    0.78    0.01    5.89  0.841
   3.108  0.369  9.74    1.65    1.90    0.83    0.01    2.74 4.426E+00

  10.589 23.220  5.40    1.41    4.25    0.69    0.00    4.94  0.839
   3.151  0.387  9.43    1.50    0.86    0.73    0.00    1.60 3.911E+00

  10.589 23.476  5.59    1.30    3.50    0.62    0.00    4.12  0.837
   3.192  0.403  9.17    1.38   -0.06    0.66    0.00    0.60 3.520E+00

  0.000 0.000  0.000 .000  0.00  0.00  0.00  0.00  0.00  0.00 0.000
                           0.00  0.00  0.00  0.00  0.00  0.00 0.000E+00

