EXTERNAL/TSAI:  VERSION OF 8/8/96

Marathon                                                                
H3_kin13.inp                                                            
                                                                        
Hall A 2018: 25 cm Tritium target                                       
Nominal values - not exact                                              

----*----1----*----2----*----3----*----4----*----5----*----6----*----7--
                                                                        

TARGET (iZ,iA) = (  1,  3);   avgA =   3.000; amuM=  3.016; avgM=  2.809
 targ=TRITIUM; ttarg(rl)=0.00045; twall=0.00481; tbeam=0.00341; tspec=0.00759
         Nseg  =   4
 MODELS: P elastc(ikk)=14; deut elastic=13; inelastc=206; Pauli Supresion= 4
 NUCLEAR METHOD= 1;   NUCLEAR_MODEL= 1
 DIS MODEL=122

    E1    TH    Q2 COS_K         SMR     NUC          INT-SMR
    EP     X    W2 QE-PK  INELA  Q-ELA  ELAST   TOTAL  MODEL

  10.589 30.116  8.53    0.83   -2.89    0.33    0.00   -2.56  0.782
   2.985  0.598  6.62    0.88   -7.50    0.36    0.00   -7.14 3.909E-01

  10.589 30.338  8.71    0.81   -3.34    0.33    0.00   -3.01  0.785
   3.003  0.612  6.41    0.85   -8.03    0.35    0.00   -7.68 3.436E-01

  10.589 30.633  8.95    0.78   -3.92    0.32    0.00   -3.60  0.793
   3.028  0.631  6.12    0.82   -8.73    0.34    0.00   -8.39 2.865E-01

  10.589 30.929  9.20    0.75   -4.51    0.32    0.00   -4.19  0.807
   3.054  0.650  5.83    0.79   -9.44    0.34    0.00   -9.09 2.362E-01

  10.589 31.225  9.44    0.72   -5.08    0.32    0.00   -4.76  0.826
   3.078  0.670  5.53    0.76  -10.12    0.35    0.00   -9.78 1.934E-01

  10.589 31.565  9.70    0.70   -5.63    0.33    0.00   -5.30  0.853
   3.095  0.690  5.24    0.74  -10.78    0.36    0.00  -10.42 1.565E-01

  10.589 31.978  9.97    0.70   -6.16    0.35    0.00   -5.80  0.887
   3.102  0.709  4.96    0.74  -11.39    0.38    0.00  -11.01 1.247E-01

  10.589 32.359 10.23    0.69   -6.69    0.38    0.00   -6.30  0.933
   3.112  0.729  4.68    0.73  -12.01    0.41    0.00  -11.61 9.899E-02

  10.589 32.605 10.47    0.68   -7.25    0.42    0.00   -6.83  0.994
   3.137  0.749  4.39    0.73  -12.68    0.45    0.00  -12.23 7.965E-02

  10.589 32.834 10.70    0.68   -7.83    0.48    0.00   -7.35  1.072
   3.164  0.768  4.11    0.73  -13.36    0.50    0.00  -12.86 6.382E-02

  10.589 33.026 10.92    0.69   -8.40    0.55    0.00   -7.85  1.161
   3.190  0.786  3.85    0.74  -14.03    0.57    0.00  -13.46 5.187E-02

  10.589 33.283 11.14    0.71   -9.00    0.64    0.00   -8.36  1.263
   3.207  0.804  3.59    0.77  -14.72    0.67    0.00  -14.06 4.168E-02

  0.000 0.000  0.000 .000  0.00  0.00  0.00  0.00  0.00  0.00 0.000
                           0.00  0.00  0.00  0.00  0.00  0.00 0.000E+00

