EXTERNAL/TSAI:  VERSION OF 8/8/96

Marathon                                                                
H3_kin16.inp                                                            
                                                                        
Hall A 2018: 25 cm Tritium target                                       
Nominal values - not exact                                              

----*----1----*----2----*----3----*----4----*----5----*----6----*----7--
                                                                        

TARGET (iZ,iA) = (  1,  3);   avgA =   3.000; amuM=  3.016; avgM=  2.809
 targ=TRITIUM; ttarg(rl)=0.00045; twall=0.00481; tbeam=0.00341; tspec=0.00832
         Nseg  =   4
 MODELS: P elastc(ikk)=14; deut elastic=13; inelastc=206; Pauli Supresion= 4
 NUCLEAR METHOD= 1;   NUCLEAR_MODEL= 1
 DIS MODEL=122

    E1    TH    Q2 COS_K         SMR     NUC          INT-SMR
    EP     X    W2 QE-PK  INELA  Q-ELA  ELAST   TOTAL  MODEL

  10.589 34.568 10.46    0.81   -5.61    0.40    0.00   -5.22  0.853
   2.797  0.715  5.05    0.86  -10.85    0.42    0.00  -10.43 8.960E-02

  10.589 34.816 10.67    0.80   -6.08    0.41    0.00   -5.67  0.885
   2.814  0.731  4.80    0.84  -11.40    0.44    0.00  -10.96 7.471E-02

  10.589 35.127 10.93    0.78   -6.64    0.45    0.00   -6.19  0.935
   2.833  0.751  4.51    0.83  -12.06    0.47    0.00  -11.59 5.969E-02

  10.589 35.419 11.18    0.77   -7.22    0.50    0.00   -6.73  1.000
   2.853  0.770  4.22    0.83  -12.75    0.52    0.00  -12.23 4.736E-02

  10.589 35.683 11.43    0.77   -7.85    0.57    0.00   -7.28  1.086
   2.876  0.790  3.92    0.83  -13.48    0.59    0.00  -12.89 3.740E-02

  10.589 35.998 11.69    0.78   -8.52    0.66    0.00   -7.85  1.189
   2.892  0.810  3.63    0.85  -14.26    0.69    0.00  -13.57 2.926E-02

  10.589 36.351 11.96    0.81   -9.26    0.80    0.00   -8.45  1.313
   2.903  0.829  3.34    0.88  -15.11    0.83    0.00  -14.28 2.260E-02

  10.589 36.691 12.20    0.85   -9.97    0.96    0.00   -9.02  1.430
   2.907  0.846  3.10    0.93  -15.93    0.98    0.00  -14.95 1.802E-02

  0.000 0.000  0.000 .000  0.00  0.00  0.00  0.00  0.00  0.00 0.000
                           0.00  0.00  0.00  0.00  0.00  0.00 0.000E+00

