EXTERNAL/TSAI:  VERSION OF 8/8/96

Marathon                                                                
He3_kin0.inp                                                            
                                                                        
Hall A 2018: 25 cm He3 target                                           
Nominal values - not exact                                              

----*----1----*----2----*----3----*----4----*----5----*----6----*----7--
                                                                        

TARGET (iZ,iA) = (  2,  3);   avgA =   3.000; amuM=  3.016; avgM=  2.809
 targ=TRITIUM; ttarg(rl)=0.00075; twall=0.00519; tbeam=0.00285; tspec=0.00832
         Nseg  =   4
 MODELS: P elastc(ikk)=14; deut elastic=13; inelastc=206; Pauli Supresion= 4
 NUCLEAR METHOD= 1;   NUCLEAR_MODEL= 1
 DIS MODEL=122

    E1    TH    Q2 COS_K         SMR     NUC          INT-SMR
    EP     X    W2 QE-PK  INELA  Q-ELA  ELAST   TOTAL  MODEL

  10.589 15.283  2.25    5.46   17.73    3.92    0.37   22.02  0.808
   3.001  0.158 12.87    6.13   17.60    4.17    0.37   22.14 3.347E+01

  10.589 15.714  2.42    4.73   16.37    3.33    0.27   19.97  0.818
   3.063  0.172 12.58    5.28   15.87    3.54    0.27   19.68 2.952E+01

  10.589 16.403  2.67    4.06   14.93    2.79    0.19   17.91  0.827
   3.095  0.190 12.28    4.51   14.02    2.97    0.19   17.18 2.446E+01

  10.589 17.232  2.94    3.53   13.54    2.36    0.13   16.03  0.835
   3.098  0.209 11.99    3.90   12.25    2.51    0.13   14.89 1.969E+01

  10.589 17.949  3.21    3.10   12.25    2.01    0.09   14.36  0.840
   3.111  0.229 11.71    3.41   10.63    2.14    0.09   12.85 1.630E+01

  10.589 18.306  3.39    2.74   11.13    1.73    0.06   12.93  0.844
   3.165  0.243 11.42    3.00    9.23    1.84    0.06   11.13 1.464E+01

  10.589 18.738  3.61    2.41    9.94    1.47    0.04   11.45  0.848
   3.216  0.261 11.10    2.62    7.74    1.56    0.04    9.34 1.286E+01

  0.000 0.000  0.000 .000  0.00  0.00  0.00  0.00  0.00  0.00 0.000
                           0.00  0.00  0.00  0.00  0.00  0.00 0.000E+00

