EXTERNAL/TSAI:  VERSION OF 8/8/96

Marathon                                                                
H3_kin3.inp                                                             
                                                                        
Hall A 2018: 25 cm Tritium target                                       
Nominal values - not exact                                              

----*----1----*----2----*----3----*----4----*----5----*----6----*----7--
                                                                        

TARGET (iZ,iA) = (  1,  3);   avgA =   3.000; amuM=  3.016; avgM=  2.809
 targ=TRITIUM; ttarg(rl)=0.00045; twall=0.00481; tbeam=0.00341; tspec=0.00832
         Nseg  =   4
 MODELS: P elastc(ikk)=14; deut elastic=13; inelastc=206; Pauli Supresion= 4
 NUCLEAR METHOD= 1;   NUCLEAR_MODEL= 1
 DIS MODEL=122

    E1    TH    Q2 COS_K         SMR     NUC          INT-SMR
    EP     X    W2 QE-PK  INELA  Q-ELA  ELAST   TOTAL  MODEL

  10.589 18.921  3.41    2.42   11.35    1.69    0.09   13.12  0.875
   2.983  0.239 11.74    2.71    9.67    1.82    0.09   11.58 1.188E+01

  10.589 19.261  3.59    2.20   10.39    1.49    0.06   11.94  0.876
   3.027  0.253 11.48    2.45    8.49    1.60    0.07   10.16 1.068E+01

  10.589 19.702  3.82    1.97    9.24    1.28    0.05   10.56  0.875
   3.077  0.271 11.16    2.18    7.06    1.38    0.05    8.48 9.309E+00

  10.589 20.298  4.07    1.79    8.19    1.11    0.03    9.33  0.872
   3.097  0.290 10.87    1.97    5.75    1.20    0.03    6.99 7.860E+00

  10.589 20.975  4.35    1.64    7.21    0.98    0.02    8.21  0.868
   3.100  0.310 10.58    1.80    4.54    1.05    0.02    5.62 6.527E+00

  10.589 21.576  4.62    1.52    6.28    0.86    0.01    7.16  0.862
   3.111  0.329 10.30    1.65    3.40    0.93    0.01    4.35 5.495E+00

  10.589 21.912  4.83    1.38    5.36    0.76    0.01    6.13  0.856
   3.158  0.346  9.99    1.50    2.26    0.81    0.01    3.09 4.857E+00

  10.589 22.225  5.03    1.28    4.55    0.67    0.01    5.23  0.851
   3.197  0.363  9.72    1.38    1.27    0.72    0.01    2.00 4.324E+00

  0.000 0.000  0.000 .000  0.00  0.00  0.00  0.00  0.00  0.00 0.000
                           0.00  0.00  0.00  0.00  0.00  0.00 0.000E+00

