EXTERNAL/TSAI:  VERSION OF 8/8/96

Marathon                                                                
H3_kin15.inp                                                            
                                                                        
Hall A 2018: 25 cm Tritium target                                       
Nominal values - not exact                                              

----*----1----*----2----*----3----*----4----*----5----*----6----*----7--
                                                                        

TARGET (iZ,iA) = (  1,  3);   avgA =   3.000; amuM=  3.016; avgM=  2.809
 targ=TRITIUM; ttarg(rl)=0.00045; twall=0.00481; tbeam=0.00341; tspec=0.00832
         Nseg  =   4
 MODELS: P elastc(ikk)=14; deut elastic=13; inelastc=206; Pauli Supresion= 4
 NUCLEAR METHOD= 1;   NUCLEAR_MODEL= 1
 DIS MODEL=122

    E1    TH    Q2 COS_K         SMR     NUC          INT-SMR
    EP     X    W2 QE-PK  INELA  Q-ELA  ELAST   TOTAL  MODEL

  10.589 32.030  9.63    0.75   -5.02    0.34    0.00   -4.69  0.823
   2.988  0.675  5.51    0.80  -10.23    0.36    0.00   -9.87 1.684E-01

  10.589 32.264  9.83    0.74   -5.49    0.34    0.00   -5.14  0.844
   3.007  0.691  5.27    0.78  -10.78    0.37    0.00  -10.41 1.426E-01

  10.589 32.544 10.08    0.72   -6.02    0.36    0.00   -5.66  0.878
   3.030  0.710  4.99    0.76  -11.42    0.39    0.00  -11.04 1.160E-01

  10.589 32.828 10.33    0.71   -6.59    0.39    0.00   -6.20  0.924
   3.053  0.730  4.70    0.75  -12.09    0.41    0.00  -11.67 9.319E-02

  10.589 33.108 10.57    0.70   -7.14    0.43    0.00   -6.71  0.984
   3.075  0.750  4.41    0.75  -12.75    0.45    0.00  -12.30 7.440E-02

  10.589 33.422 10.83    0.70   -7.72    0.48    0.00   -7.24  1.059
   3.092  0.770  4.12    0.75  -13.43    0.51    0.00  -12.92 5.887E-02

  10.589 33.813 11.10    0.71   -8.31    0.56    0.00   -7.75  1.150
   3.098  0.790  3.84    0.77  -14.11    0.59    0.00  -13.52 4.584E-02

  10.589 34.144 11.36    0.73   -8.97    0.67    0.00   -8.30  1.261
   3.111  0.809  3.56    0.79  -14.88    0.69    0.00  -14.18 3.579E-02

  10.589 34.367 11.59    0.76   -9.73    0.82    0.00   -8.92  1.396
   3.135  0.829  3.28    0.83  -15.76    0.84    0.00  -14.92 2.816E-02

  10.589 34.574 11.78    0.80  -10.41    0.97    0.00   -9.44  1.511
   3.150  0.844  3.06    0.88  -16.53    0.99    0.00  -15.54 2.318E-02

  0.000 0.000  0.000 .000  0.00  0.00  0.00  0.00  0.00  0.00 0.000
                           0.00  0.00  0.00  0.00  0.00  0.00 0.000E+00

