EXTERNAL/TSAI:  VERSION OF 8/8/96

Marathon                                                                
He3_kin16.inp                                                           
                                                                        
Hall A 2018: 25 cm He3 target                                           
Nominal values - not exact                                              

----*----1----*----2----*----3----*----4----*----5----*----6----*----7--
                                                                        

TARGET (iZ,iA) = (  2,  3);   avgA =   3.000; amuM=  3.016; avgM=  2.809
 targ=TRITIUM; ttarg(rl)=0.00075; twall=0.00519; tbeam=0.00285; tspec=0.00759
         Nseg  =   4
 MODELS: P elastc(ikk)=14; deut elastic=13; inelastc=206; Pauli Supresion= 4
 NUCLEAR METHOD= 1;   NUCLEAR_MODEL= 1
 DIS MODEL=122

    E1    TH    Q2 COS_K         SMR     NUC          INT-SMR
    EP     X    W2 QE-PK  INELA  Q-ELA  ELAST   TOTAL  MODEL

  10.589 34.563 10.46    0.77   -5.41    0.41    0.00   -5.00  0.929
   2.798  0.715  5.04    0.81  -10.55    0.43    0.00  -10.11 1.210E-01

  10.589 34.812 10.67    0.75   -5.89    0.43    0.00   -5.46  0.967
   2.815  0.731  4.80    0.79  -11.11    0.45    0.00  -10.66 1.018E-01

  10.589 35.115 10.92    0.74   -6.48    0.46    0.00   -6.01  1.025
   2.834  0.750  4.51    0.78  -11.79    0.48    0.00  -11.31 8.211E-02

  10.589 35.421 11.18    0.72   -7.09    0.51    0.00   -6.58  1.100
   2.853  0.770  4.22    0.77  -12.51    0.53    0.00  -11.98 6.535E-02

  10.589 35.699 11.44    0.72   -7.74    0.58    0.00   -7.16  1.198
   2.874  0.790  3.92    0.76  -13.27    0.60    0.00  -12.67 5.181E-02

  10.589 35.995 11.69    0.72   -8.44    0.68    0.00   -7.76  1.316
   2.892  0.810  3.63    0.77  -14.07    0.70    0.00  -13.37 4.081E-02

  10.589 36.334 11.96    0.74   -9.20    0.82    0.00   -8.38  1.456
   2.905  0.829  3.34    0.80  -14.95    0.84    0.00  -14.11 3.173E-02

  10.589 36.697 12.20    0.78   -9.93    0.97    0.00   -8.96  1.588
   2.906  0.846  3.10    0.84  -15.78    0.99    0.00  -14.78 2.530E-02

  0.000 0.000  0.000 .000  0.00  0.00  0.00  0.00  0.00  0.00 0.000
                           0.00  0.00  0.00  0.00  0.00  0.00 0.000E+00

