EXTERNAL/TSAI:  VERSION OF 8/8/96

Marathon                                                                
H3_kin0.inp                                                             
                                                                        
Hall A 2018: 25 cm Tritium target                                       
Nominal values - not exact                                              

----*----1----*----2----*----3----*----4----*----5----*----6----*----7--
                                                                        

TARGET (iZ,iA) = (  1,  3);   avgA =   3.000; amuM=  3.016; avgM=  2.809
 targ=TRITIUM; ttarg(rl)=0.00045; twall=0.00481; tbeam=0.00341; tspec=0.00832
         Nseg  =   4
 MODELS: P elastc(ikk)=14; deut elastic=13; inelastc=206; Pauli Supresion= 4
 NUCLEAR METHOD= 1;   NUCLEAR_MODEL= 1
 DIS MODEL=122

    E1    TH    Q2 COS_K         SMR     NUC          INT-SMR
    EP     X    W2 QE-PK  INELA  Q-ELA  ELAST   TOTAL  MODEL

  10.589 15.282  2.25    3.90   16.69    3.07    0.39   20.15  0.854
   3.001  0.158 12.87    4.45   16.59    3.32    0.40   20.31 3.133E+01

  10.589 15.715  2.42    3.43   15.37    2.64    0.29   18.30  0.862
   3.063  0.172 12.58    3.89   14.81    2.86    0.29   17.96 2.743E+01

  10.589 16.405  2.67    3.00   13.99    2.25    0.20   16.45  0.869
   3.095  0.190 12.28    3.39   13.04    2.43    0.20   15.68 2.252E+01

  10.589 17.232  2.94    2.66   12.68    1.94    0.14   14.76  0.874
   3.098  0.209 11.99    2.99   11.38    2.09    0.14   13.61 1.795E+01

  10.589 17.949  3.21    2.38   11.47    1.67    0.10   13.25  0.877
   3.111  0.228 11.71    2.66    9.85    1.81    0.10   11.76 1.473E+01

  10.589 18.307  3.39    2.14   10.42    1.46    0.07   11.95  0.878
   3.165  0.243 11.42    2.38    8.54    1.57    0.07   10.18 1.313E+01

  10.589 18.741  3.61    1.90    9.26    1.25    0.05   10.56  0.878
   3.216  0.261 11.11    2.11    7.09    1.34    0.05    8.49 1.144E+01

  0.000 0.000  0.000 .000  0.00  0.00  0.00  0.00  0.00  0.00 0.000
                           0.00  0.00  0.00  0.00  0.00  0.00 0.000E+00

