EXTERNAL/TSAI:  VERSION OF 8/8/96

Marathon                                                                
H3_kin5.inp                                                             
                                                                        
Hall A 2018: 25 cm Tritium target                                       
Nominal values - not exact                                              

----*----1----*----2----*----3----*----4----*----5----*----6----*----7--
                                                                        

TARGET (iZ,iA) = (  1,  3);   avgA =   3.000; amuM=  3.016; avgM=  2.809
 targ=TRITIUM; ttarg(rl)=0.00045; twall=0.00481; tbeam=0.00341; tspec=0.00832
         Nseg  =   4
 MODELS: P elastc(ikk)=14; deut elastic=13; inelastc=206; Pauli Supresion= 4
 NUCLEAR METHOD= 1;   NUCLEAR_MODEL= 1
 DIS MODEL=122

    E1    TH    Q2 COS_K         SMR     NUC          INT-SMR
    EP     X    W2 QE-PK  INELA  Q-ELA  ELAST   TOTAL  MODEL

  10.589 21.706  4.50    1.70    7.23    1.01    0.02    8.25  0.865
   3.000  0.316 10.62    1.86    4.58    1.08    0.02    5.68 5.652E+00

  10.589 22.031  4.70    1.57    6.40    0.89    0.01    7.31  0.861
   3.038  0.331 10.35    1.71    3.56    0.96    0.01    4.53 5.060E+00

  10.589 22.438  4.94    1.43    5.43    0.78    0.01    6.22  0.855
   3.079  0.350 10.04    1.55    2.37    0.84    0.01    3.21 4.400E+00

  10.589 22.969  5.20    1.32    4.55    0.69    0.01    5.25  0.847
   3.096  0.370  9.74    1.43    1.28    0.74    0.01    2.03 3.736E+00

  10.589 23.569  5.48    1.24    3.76    0.62    0.00    4.38  0.840
   3.099  0.390  9.46    1.34    0.31    0.67    0.00    0.98 3.129E+00

  10.589 24.103  5.74    1.16    2.95    0.56    0.00    3.52  0.831
   3.110  0.409  9.17    1.25   -0.67    0.60    0.00   -0.06 2.642E+00

  10.589 24.436  5.97    1.08    2.16    0.50    0.00    2.67  0.824
   3.148  0.428  8.87    1.16   -1.64    0.54    0.00   -1.10 2.302E+00

  10.589 24.670  6.16    1.01    1.49    0.46    0.00    1.95  0.818
   3.188  0.444  8.61    1.08   -2.47    0.49    0.00   -1.98 2.054E+00

  0.000 0.000  0.000 .000  0.00  0.00  0.00  0.00  0.00  0.00 0.000
                           0.00  0.00  0.00  0.00  0.00  0.00 0.000E+00

