EXTERNAL/TSAI:  VERSION OF 8/8/96

Marathon                                                                
He3_kin4.inp                                                            
                                                                        
Hall A 2018: 25 cm He3 target                                           
Nominal values - not exact                                              

----*----1----*----2----*----3----*----4----*----5----*----6----*----7--
                                                                        

TARGET (iZ,iA) = (  2,  3);   avgA =   3.000; amuM=  3.016; avgM=  2.809
 targ=TRITIUM; ttarg(rl)=0.00075; twall=0.00481; tbeam=0.00342; tspec=0.00732
         Nseg  =   4
 MODELS: P elastc(ikk)=14; deut elastic=13; inelastc=206; Pauli Supresion= 4
 NUCLEAR METHOD= 1;   NUCLEAR_MODEL= 1
 DIS MODEL= 1

    E1    TH    Q2 COS_K         SMR     NUC          INT-SMR
    EP     X    W2 QE-PK  INELA  Q-ELA  ELAST   TOTAL  MODEL

  10.590 27.786  4.76    5.14   14.34    3.55    0.05   17.94  0.823
   1.947  0.293 12.34    5.80   13.40    3.89    0.05   17.35 3.275E+00

  10.590 24.422  4.76    2.89    9.92    1.74    0.02   11.68  0.837
   2.509  0.314 11.29    3.20    8.12    1.89    0.02   10.04 4.454E+00

  10.590 22.296  4.76    1.89    6.91    1.03    0.01    7.95  0.844
   3.003  0.334 10.36    2.07    4.45    1.12    0.01    5.58 5.569E+00

  10.590 20.816  4.76    1.36    4.71    0.70    0.01    5.42  0.847
   3.440  0.354  9.54    1.47    1.68    0.76    0.01    2.44 6.600E+00

  10.590 19.719  4.76    1.04    2.89    0.52    0.00    3.41  0.849
   3.829  0.375  8.81    1.12   -0.66    0.56    0.00   -0.09 7.531E+00

  0.000 0.000  0.000 .000  0.00  0.00  0.00  0.00  0.00  0.00 0.000
                           0.00  0.00  0.00  0.00  0.00  0.00 0.000E+00

