EXTERNAL/TSAI:  VERSION OF 8/8/96

Marathon                                                                
H1_kin4.inp                                                             
                                                                        
Hall A 2018: 25 cm Deuterium target                                     
Nominal values - not exact                                              

----*----1----*----2----*----3----*----4----*----5----*----6----*----7--
                                                                        

TARGET (iZ,iA) = (  1,  1);   avgA =   1.000; amuM=  1.007; avgM=  0.938
 targ=TRITIUM; ttarg(rl)=0.00113; twall=0.00481; tbeam=0.00342; tspec=0.00732
         Nseg  =   4
 MODELS: P elastc(ikk)=14; deut elastic=13; inelastc=206; Pauli Supresion= 4
 NUCLEAR METHOD= 1;   NUCLEAR_MODEL= 1
 DIS MODEL= 1

    E1    TH    Q2 COS_K         SMR     NUC          INT-SMR
    EP     X    W2 QE-PK  INELA  Q-ELA  ELAST   TOTAL  MODEL

  10.590 27.786  4.76    5.88   15.24    0.00    5.94   21.18  1.000
   1.947  0.293 12.34    6.66   14.58    0.00    6.73   21.30 1.231E+00

  10.590 24.422  4.76    3.26   10.69    0.00    3.30   13.99  1.000
   2.509  0.314 11.29    3.63    9.13    0.00    3.66   12.78 1.688E+00

  10.590 22.296  4.76    2.11    7.64    0.00    2.12    9.76  1.000
   3.003  0.334 10.36    2.31    5.38    0.00    2.33    7.70 2.128E+00

  10.590 20.816  4.76    1.49    5.34    0.00    1.50    6.84  1.000
   3.440  0.354  9.54    1.62    2.49    0.00    1.63    4.12 2.544E+00

  10.590 19.719  4.76    1.13    3.45    0.00    1.13    4.59  1.000
   3.829  0.375  8.81    1.22    0.06    0.00    1.23    1.29 2.927E+00

  0.000 0.000  0.000 .000  0.00  0.00  0.00  0.00  0.00  0.00 0.000
                           0.00  0.00  0.00  0.00  0.00  0.00 0.000E+00

