EXTERNAL/TSAI:  VERSION OF 8/8/96

Marathon                                                                
He3_kin0.inp                                                            
                                                                        
Hall A 2018: 25 cm He3 target                                           
Nominal values - not exact                                              

----*----1----*----2----*----3----*----4----*----5----*----6----*----7--
                                                                        

TARGET (iZ,iA) = (  2,  3);   avgA =   3.000; amuM=  3.016; avgM=  2.809
 targ=TRITIUM; ttarg(rl)=0.00075; twall=0.00481; tbeam=0.00342; tspec=0.00732
         Nseg  =   4
 MODELS: P elastc(ikk)=14; deut elastic=13; inelastc=206; Pauli Supresion= 4
 NUCLEAR METHOD= 1;   NUCLEAR_MODEL= 1
 DIS MODEL= 1

    E1    TH    Q2 COS_K         SMR     NUC          INT-SMR
    EP     X    W2 QE-PK  INELA  Q-ELA  ELAST   TOTAL  MODEL

  10.590 22.546  2.80   12.69   25.72   10.22    0.73   36.68  0.768
   1.733  0.169 14.70   14.86   27.15   11.27    0.74   39.16 9.821E+00

  10.590 18.189  2.80    5.36   17.12    3.82    0.25   21.19  0.815
   2.650  0.188 12.98    6.10   17.06    4.17    0.26   21.48 1.743E+01

  10.590 16.055  2.80    3.04   12.46    2.01    0.11   14.58  0.841
   3.395  0.208 11.58    3.41   11.42    2.19    0.11   13.72 2.543E+01

  10.590 14.760  2.80    2.02    9.30    1.29    0.05   10.64  0.857
   4.013  0.227 10.42    2.24    7.46    1.40    0.05    8.91 3.362E+01

  0.000 0.000  0.000 .000  0.00  0.00  0.00  0.00  0.00  0.00 0.000
                           0.00  0.00  0.00  0.00  0.00  0.00 0.000E+00

