EXTERNAL/TSAI:  VERSION OF 8/8/96

Marathon                                                                
He3_kin7.inp                                                            
                                                                        
Hall A 2018: 25 cm He3 target                                           
Nominal values - not exact                                              

----*----1----*----2----*----3----*----4----*----5----*----6----*----7--
                                                                        

TARGET (iZ,iA) = (  2,  3);   avgA =   3.000; amuM=  3.016; avgM=  2.809
 targ=TRITIUM; ttarg(rl)=0.00075; twall=0.00481; tbeam=0.00342; tspec=0.00732
         Nseg  =   4
 MODELS: P elastc(ikk)=14; deut elastic=13; inelastc=206; Pauli Supresion= 4
 NUCLEAR METHOD= 1;   NUCLEAR_MODEL= 1
 DIS MODEL= 1

    E1    TH    Q2 COS_K         SMR     NUC          INT-SMR
    EP     X    W2 QE-PK  INELA  Q-ELA  ELAST   TOTAL  MODEL

  10.590 31.730  6.44    3.04    7.94    1.76    0.01    9.70  0.824
   2.034  0.401 10.50    3.35    5.76    1.91    0.01    7.68 1.357E+00

  10.590 28.904  6.44    1.99    5.22    1.01    0.00    6.23  0.825
   2.440  0.421  9.74    2.17    2.45    1.10    0.00    3.56 1.630E+00

  10.590 26.898  6.44    1.43    3.13    0.67    0.00    3.79  0.825
   2.810  0.441  9.04    1.54   -0.13    0.72    0.00    0.59 1.864E+00

  10.590 25.389  6.44    1.09    1.42    0.48    0.00    1.91  0.826
   3.148  0.461  8.41    1.17   -2.27    0.52    0.00   -1.75 2.060E+00

  10.590 24.208  6.44    0.87   -0.07    0.38    0.00    0.30  0.829
   3.457  0.481  7.83    0.93   -4.17    0.41    0.00   -3.76 2.216E+00

  10.590 23.255  6.44    0.72   -1.33    0.31    0.00   -1.02  0.836
   3.742  0.501  7.29    0.77   -5.81    0.34    0.00   -5.46 2.332E+00

  0.000 0.000  0.000 .000  0.00  0.00  0.00  0.00  0.00  0.00 0.000
                           0.00  0.00  0.00  0.00  0.00  0.00 0.000E+00

