EXTERNAL/TSAI:  VERSION OF 8/8/96

Marathon                                                                
H3_kin3.inp                                                             
                                                                        
Hall A 2018: 25 cm Tritium target                                       
Nominal values - not exact                                              

----*----1----*----2----*----3----*----4----*----5----*----6----*----7--
                                                                        

TARGET (iZ,iA) = (  1,  3);   avgA =   3.000; amuM=  3.016; avgM=  2.809
 targ=TRITIUM; ttarg(rl)=0.00042; twall=0.00481; tbeam=0.00342; tspec=0.00732
         Nseg  =   4
 MODELS: P elastc(ikk)=14; deut elastic=13; inelastc=206; Pauli Supresion= 4
 NUCLEAR METHOD= 1;   NUCLEAR_MODEL= 1
 DIS MODEL= 1

    E1    TH    Q2 COS_K         SMR     NUC          INT-SMR
    EP     X    W2 QE-PK  INELA  Q-ELA  ELAST   TOTAL  MODEL

  10.590 26.428  4.19    5.10   16.47    4.00    0.13   20.61  0.852
   1.892  0.257 13.01    5.80   15.81    4.36    0.13   20.30 3.905E+00

  10.590 22.952  4.19    2.82   11.43    1.93    0.06   13.42  0.866
   2.498  0.276 11.88    3.14    9.84    2.09    0.06   11.99 5.495E+00

  10.590 20.833  4.19    1.83    8.20    1.13    0.03    9.36  0.872
   3.024  0.295 10.89    2.01    5.91    1.23    0.03    7.17 7.021E+00

  10.590 19.389  4.19    1.31    5.79    0.76    0.02    6.57  0.869
   3.487  0.314 10.02    1.43    2.93    0.82    0.02    3.76 8.459E+00

  10.590 18.333  4.19    1.01    3.92    0.56    0.01    4.48  0.866
   3.896  0.333  9.25    1.09    0.52    0.60    0.01    1.13 9.784E+00

  0.000 0.000  0.000 .000  0.00  0.00  0.00  0.00  0.00  0.00 0.000
                           0.00  0.00  0.00  0.00  0.00  0.00 0.000E+00

