EXTERNAL/TSAI:  VERSION OF 8/8/96

Marathon                                                                
He3_kin15.inp                                                           
                                                                        
Hall A 2018: 25 cm He3 target                                           
Nominal values - not exact                                              

----*----1----*----2----*----3----*----4----*----5----*----6----*----7--
                                                                        

TARGET (iZ,iA) = (  2,  3);   avgA =   3.000; amuM=  3.016; avgM=  2.809
 targ=TRITIUM; ttarg(rl)=0.00075; twall=0.00481; tbeam=0.00342; tspec=0.00732
         Nseg  =   4
 MODELS: P elastc(ikk)=14; deut elastic=13; inelastc=206; Pauli Supresion= 4
 NUCLEAR METHOD= 1;   NUCLEAR_MODEL= 1
 DIS MODEL= 1

    E1    TH    Q2 COS_K         SMR     NUC          INT-SMR
    EP     X    W2 QE-PK  INELA  Q-ELA  ELAST   TOTAL  MODEL

  10.590 40.602 10.94    1.28   -3.10    0.62    0.00   -2.48  0.823
   2.146  0.690  5.78    1.36   -7.39    0.67    0.00   -6.73 8.904E-02

  10.590 37.968 10.94    0.98   -4.71    0.50    0.00   -4.21  0.878
   2.441  0.715  5.23    1.04   -9.38    0.54    0.00   -8.84 8.672E-02

  10.590 35.924 10.94    0.81   -6.14    0.47    0.00   -5.68  0.971
   2.716  0.741  4.71    0.86  -11.15    0.50    0.00  -10.65 8.155E-02

  10.590 34.285 10.94    0.71   -7.37    0.51    0.00   -6.87  1.114
   2.973  0.765  4.23    0.76  -12.68    0.54    0.00  -12.15 7.455E-02

  10.590 32.937 10.94    0.67   -8.62    0.61    0.00   -8.01  1.314
   3.214  0.790  3.78    0.72  -14.23    0.64    0.00  -13.59 6.681E-02

  10.590 31.807 10.94    0.68   -9.66    0.80    0.00   -8.85  1.567
   3.440  0.815  3.36    0.74  -15.50    0.83    0.00  -14.67 5.834E-02

  0.000 0.000  0.000 .000  0.00  0.00  0.00  0.00  0.00  0.00 0.000
                           0.00  0.00  0.00  0.00  0.00  0.00 0.000E+00

