EXTERNAL/TSAI:  VERSION OF 8/8/96

Marathon                                                                
H3_kin2.inp                                                             
                                                                        
Hall A 2018: 25 cm Tritium target                                       
Nominal values - not exact                                              

----*----1----*----2----*----3----*----4----*----5----*----6----*----7--
                                                                        

TARGET (iZ,iA) = (  1,  3);   avgA =   3.000; amuM=  3.016; avgM=  2.809
 targ=TRITIUM; ttarg(rl)=0.00042; twall=0.00481; tbeam=0.00342; tspec=0.00732
         Nseg  =   4
 MODELS: P elastc(ikk)=14; deut elastic=13; inelastc=206; Pauli Supresion= 4
 NUCLEAR METHOD= 1;   NUCLEAR_MODEL= 1
 DIS MODEL= 1

    E1    TH    Q2 COS_K         SMR     NUC          INT-SMR
    EP     X    W2 QE-PK  INELA  Q-ELA  ELAST   TOTAL  MODEL

  10.590 24.666  3.62    6.09   19.12    5.00    0.26   24.38  0.843
   1.873  0.221 13.62    6.98   18.98    5.47    0.26   24.71 5.566E+00

  10.590 20.580  3.62    2.88   12.44    2.04    0.10   14.58  0.870
   2.678  0.244 12.11    3.23   11.09    2.22    0.10   13.40 8.816E+00

  10.590 18.390  3.62    1.74    8.57    1.12    0.04    9.73  0.879
   3.346  0.266 10.85    1.92    6.36    1.21    0.04    7.61 1.201E+01

  10.590 17.000  3.62    1.20    5.79    0.73    0.02    6.55  0.881
   3.911  0.289  9.80    1.31    2.86    0.79    0.02    3.67 1.505E+01

  0.000 0.000  0.000 .000  0.00  0.00  0.00  0.00  0.00  0.00 0.000
                           0.00  0.00  0.00  0.00  0.00  0.00 0.000E+00

