EXTERNAL/TSAI:  VERSION OF 8/8/96

Marathon                                                                
He3_kin1.inp                                                            
                                                                        
Hall A 2018: 25 cm He3 target                                           
Nominal values - not exact                                              

----*----1----*----2----*----3----*----4----*----5----*----6----*----7--
                                                                        

TARGET (iZ,iA) = (  2,  3);   avgA =   3.000; amuM=  3.016; avgM=  2.809
 targ=TRITIUM; ttarg(rl)=0.00075; twall=0.00481; tbeam=0.00342; tspec=0.00732
         Nseg  =   4
 MODELS: P elastc(ikk)=14; deut elastic=13; inelastc=206; Pauli Supresion= 4
 NUCLEAR METHOD= 1;   NUCLEAR_MODEL= 1
 DIS MODEL= 1

    E1    TH    Q2 COS_K         SMR     NUC          INT-SMR
    EP     X    W2 QE-PK  INELA  Q-ELA  ELAST   TOTAL  MODEL

  10.590 22.969  3.06   10.39   23.26    8.18    0.48   31.92  0.782
   1.824  0.186 14.27   12.08   24.18    9.00    0.49   33.67 8.676E+00

  10.590 18.862  3.06    4.59   15.55    3.18    0.17   18.91  0.824
   2.694  0.207 12.64    5.20   15.10    3.47    0.17   18.75 1.468E+01

  10.590 16.758  3.06    2.66   11.23    1.71    0.08   13.02  0.846
   3.406  0.227 11.30    2.96    9.85    1.85    0.08   11.78 2.089E+01

  10.590 15.455  3.06    1.78    8.20    1.10    0.04    9.34  0.859
   4.000  0.248 10.18    1.97    6.03    1.20    0.04    7.26 2.714E+01

  0.000 0.000  0.000 .000  0.00  0.00  0.00  0.00  0.00  0.00 0.000
                           0.00  0.00  0.00  0.00  0.00  0.00 0.000E+00

