EXTERNAL/TSAI:  VERSION OF 8/8/96

Marathon                                                                
D2_kin5.inp                                                             
                                                                        
Hall A 2018: 25 cm Deuterium target                                     
Nominal values - not exact                                              

----*----1----*----2----*----3----*----4----*----5----*----6----*----7--
                                                                        

TARGET (iZ,iA) = (  1,  2);   avgA =   2.000; amuM=  2.013; avgM=  1.875
 targ=TRITIUM; ttarg(rl)=0.00114; twall=0.00481; tbeam=0.00342; tspec=0.00732
         Nseg  =   4
 MODELS: P elastc(ikk)=14; deut elastic=13; inelastc=206; Pauli Supresion= 4
 NUCLEAR METHOD= 1;   NUCLEAR_MODEL= 1
 DIS MODEL= 1

    E1    TH    Q2 COS_K         SMR     NUC          INT-SMR
    EP     X    W2 QE-PK  INELA  Q-ELA  ELAST   TOTAL  MODEL

 Deut Elastic Model: ia,iamec,rsc,rscmec (1,2,3,4)=  3
 TJON DEUT ELASTIC FILESS TO BE OPEN=rscctj.tjon_input   rscqtj.tjon_input   rscmtj.tjon_input   
  10.590 29.131  5.31    3.90   11.94    2.99    0.03   14.95  0.962
   1.983  0.329 11.72    4.39   10.54    3.28    0.03   13.85 1.520E+00

  10.590 25.791  5.31    2.28    7.95    1.49    0.01    9.45  0.960
   2.518  0.351 10.72    2.51    5.73    1.62    0.01    7.37 1.995E+00

  10.590 23.634  5.31    1.52    5.23    0.89    0.01    6.13  0.954
   2.990  0.372  9.83    1.66    2.36    0.97    0.01    3.34 2.424E+00

  10.590 22.111  5.31    1.11    3.14    0.61    0.00    3.75  0.948
   3.411  0.394  9.04    1.20   -0.29    0.66    0.00    0.38 2.803E+00

  10.590 20.971  5.31    0.86    1.39    0.46    0.00    1.85  0.941
   3.787  0.416  8.34    0.93   -2.53    0.50    0.00   -2.03 3.125E+00

  0.000 0.000  0.000 .000  0.00  0.00  0.00  0.00  0.00  0.00 0.000
                           0.00  0.00  0.00  0.00  0.00  0.00 0.000E+00

