EXTERNAL/TSAI:  VERSION OF 8/8/96

Marathon                                                                
D2_kin2.inp                                                             
                                                                        
Hall A 2018: 25 cm Deuterium target                                     
Nominal values - not exact                                              

----*----1----*----2----*----3----*----4----*----5----*----6----*----7--
                                                                        

TARGET (iZ,iA) = (  1,  2);   avgA =   2.000; amuM=  2.013; avgM=  1.875
 targ=TRITIUM; ttarg(rl)=0.00114; twall=0.00481; tbeam=0.00342; tspec=0.00732
         Nseg  =   4
 MODELS: P elastc(ikk)=14; deut elastic=13; inelastc=206; Pauli Supresion= 4
 NUCLEAR METHOD= 1;   NUCLEAR_MODEL= 1
 DIS MODEL= 1

    E1    TH    Q2 COS_K         SMR     NUC          INT-SMR
    EP     X    W2 QE-PK  INELA  Q-ELA  ELAST   TOTAL  MODEL

 Deut Elastic Model: ia,iamec,rsc,rscmec (1,2,3,4)=  3
 TJON DEUT ELASTIC FILESS TO BE OPEN=rscctj.tjon_input   rscqtj.tjon_input   rscmtj.tjon_input   
  10.590 24.666  3.62    7.12   19.76    6.48    0.13   26.37  0.948
   1.873  0.221 13.62    8.26   19.99    7.16    0.14   27.29 3.906E+00

  10.590 20.580  3.62    3.31   12.96    2.56    0.05   15.57  0.966
   2.678  0.244 12.11    3.74   11.89    2.81    0.05   14.75 6.224E+00

  10.590 18.390  3.62    1.97    9.02    1.37    0.02   10.42  0.970
   3.346  0.266 10.85    2.19    7.03    1.50    0.02    8.56 8.524E+00

  10.590 17.000  3.62    1.34    6.24    0.89    0.01    7.14  0.969
   3.911  0.289  9.80    1.48    3.49    0.96    0.01    4.47 1.074E+01

  0.000 0.000  0.000 .000  0.00  0.00  0.00  0.00  0.00  0.00 0.000
                           0.00  0.00  0.00  0.00  0.00  0.00 0.000E+00

