EXTERNAL/TSAI:  VERSION OF 8/8/96

Marathon                                                                
H3_kin15.inp                                                            
                                                                        
Hall A 2018: 25 cm Tritium target                                       
Nominal values - not exact                                              

----*----1----*----2----*----3----*----4----*----5----*----6----*----7--
                                                                        

TARGET (iZ,iA) = (  1,  3);   avgA =   3.000; amuM=  3.016; avgM=  2.809
 targ=TRITIUM; ttarg(rl)=0.00042; twall=0.00481; tbeam=0.00342; tspec=0.00732
         Nseg  =   4
 MODELS: P elastc(ikk)=14; deut elastic=13; inelastc=206; Pauli Supresion= 4
 NUCLEAR METHOD= 1;   NUCLEAR_MODEL= 1
 DIS MODEL= 1

    E1    TH    Q2 COS_K         SMR     NUC          INT-SMR
    EP     X    W2 QE-PK  INELA  Q-ELA  ELAST   TOTAL  MODEL

  10.590 40.602 10.94    1.28   -2.93    0.58    0.00   -2.35  0.766
   2.146  0.690  5.78    1.37   -7.19    0.62    0.00   -6.57 6.838E-02

  10.590 37.968 10.94    0.98   -4.48    0.46    0.00   -4.02  0.809
   2.441  0.715  5.23    1.04   -9.08    0.49    0.00   -8.59 6.674E-02

  10.590 35.924 10.94    0.81   -5.84    0.43    0.00   -5.41  0.888
   2.716  0.741  4.71    0.86  -10.76    0.46    0.00  -10.31 6.318E-02

  10.590 34.285 10.94    0.70   -7.14    0.46    0.00   -6.68  1.013
   2.973  0.765  4.23    0.75  -12.37    0.48    0.00  -11.89 5.845E-02

  10.590 32.937 10.94    0.65   -8.38    0.54    0.00   -7.84  1.190
   3.214  0.790  3.78    0.71  -13.92    0.56    0.00  -13.35 5.280E-02

  10.590 31.807 10.94    0.65  -10.02    0.69    0.00   -9.33  1.415
   3.440  0.815  3.36    0.71  -15.92    0.72    0.00  -15.20 4.733E-02

  0.000 0.000  0.000 .000  0.00  0.00  0.00  0.00  0.00  0.00 0.000
                           0.00  0.00  0.00  0.00  0.00  0.00 0.000E+00

