EXTERNAL/TSAI:  VERSION OF 8/8/96

Marathon                                                                
H3_kin4.inp                                                             
                                                                        
Hall A 2018: 25 cm Tritium target                                       
Nominal values - not exact                                              

----*----1----*----2----*----3----*----4----*----5----*----6----*----7--
                                                                        

TARGET (iZ,iA) = (  1,  3);   avgA =   3.000; amuM=  3.016; avgM=  2.809
 targ=TRITIUM; ttarg(rl)=0.00042; twall=0.00481; tbeam=0.00342; tspec=0.00732
         Nseg  =   4
 MODELS: P elastc(ikk)=14; deut elastic=13; inelastc=206; Pauli Supresion= 4
 NUCLEAR METHOD= 1;   NUCLEAR_MODEL= 1
 DIS MODEL= 1

    E1    TH    Q2 COS_K         SMR     NUC          INT-SMR
    EP     X    W2 QE-PK  INELA  Q-ELA  ELAST   TOTAL  MODEL

  10.590 27.786  4.76    4.18   13.72    3.07    0.06   16.85  0.857
   1.947  0.293 12.34    4.70   12.53    3.34    0.06   15.93 2.861E+00

  10.590 24.422  4.76    2.40    9.34    1.52    0.03   10.89  0.862
   2.509  0.314 11.29    2.65    7.32    1.65    0.03    8.99 3.856E+00

  10.590 22.296  4.76    1.59    6.44    0.91    0.01    7.36  0.860
   3.003  0.334 10.36    1.74    3.77    0.98    0.01    4.76 4.780E+00

  10.590 20.816  4.76    1.16    4.23    0.62    0.01    4.85  0.855
   3.440  0.354  9.54    1.26    1.00    0.66    0.01    1.68 5.618E+00

  10.590 19.719  4.76    0.90    2.50    0.46    0.00    2.97  0.850
   3.829  0.375  8.81    0.97   -1.22    0.49    0.00   -0.72 6.359E+00

  0.000 0.000  0.000 .000  0.00  0.00  0.00  0.00  0.00  0.00 0.000
                           0.00  0.00  0.00  0.00  0.00  0.00 0.000E+00

