EXTERNAL/TSAI:  VERSION OF 8/8/96

Marathon                                                                
H3_kin0.inp                                                             
                                                                        
Hall A 2018: 25 cm Tritium target                                       
Nominal values - not exact                                              

----*----1----*----2----*----3----*----4----*----5----*----6----*----7--
                                                                        

TARGET (iZ,iA) = (  1,  3);   avgA =   3.000; amuM=  3.016; avgM=  2.809
 targ=TRITIUM; ttarg(rl)=0.00042; twall=0.00481; tbeam=0.00342; tspec=0.00732
         Nseg  =   4
 MODELS: P elastc(ikk)=14; deut elastic=13; inelastc=206; Pauli Supresion= 4
 NUCLEAR METHOD= 1;   NUCLEAR_MODEL= 1
 DIS MODEL= 1

    E1    TH    Q2 COS_K         SMR     NUC          INT-SMR
    EP     X    W2 QE-PK  INELA  Q-ELA  ELAST   TOTAL  MODEL

  10.590 22.546  2.80    9.03   24.66    7.95    0.79   33.41  0.817
   1.733  0.169 14.70   10.54   25.65    8.72    0.80   35.17 9.082E+00

  10.590 18.189  2.80    3.96   16.24    3.08    0.28   19.60  0.858
   2.650  0.188 12.98    4.50   15.79    3.34    0.28   19.41 1.597E+01

  10.590 16.055  2.80    2.31   11.70    1.66    0.12   13.48  0.879
   3.395  0.208 11.58    2.58   10.31    1.79    0.12   12.22 2.308E+01

  10.590 14.760  2.80    1.56    8.64    1.08    0.06    9.77  0.891
   4.013  0.227 10.42    1.73    6.47    1.16    0.06    7.69 3.025E+01

  0.000 0.000  0.000 .000  0.00  0.00  0.00  0.00  0.00  0.00 0.000
                           0.00  0.00  0.00  0.00  0.00  0.00 0.000E+00

