EXTERNAL/TSAI:  VERSION OF 8/8/96

Marathon                                                                
H1_kin0.inp                                                             
                                                                        
Hall A 2018: 25 cm Deuterium target                                     
Nominal values - not exact                                              

----*----1----*----2----*----3----*----4----*----5----*----6----*----7--
                                                                        

TARGET (iZ,iA) = (  1,  1);   avgA =   1.000; amuM=  1.007; avgM=  0.938
 targ=TRITIUM; ttarg(rl)=0.00113; twall=0.00481; tbeam=0.00342; tspec=0.00732
         Nseg  =   4
 MODELS: P elastc(ikk)=14; deut elastic=13; inelastc=206; Pauli Supresion= 4
 NUCLEAR METHOD= 1;   NUCLEAR_MODEL= 1
 DIS MODEL= 1

    E1    TH    Q2 COS_K         SMR     NUC          INT-SMR
    EP     X    W2 QE-PK  INELA  Q-ELA  ELAST   TOTAL  MODEL

  10.590 22.546  2.80   15.94   27.02    0.00   16.38   43.41  1.000
   1.733  0.169 14.70   18.75   28.90    0.00   19.22   48.11 3.498E+00

  10.590 18.189  2.80    6.58   18.17    0.00    6.73   24.90  1.000
   2.650  0.188 12.98    7.52   18.48    0.00    7.67   26.15 6.264E+00

  10.590 16.055  2.80    3.67   13.37    0.00    3.74   17.11  1.000
   3.395  0.208 11.58    4.12   12.67    0.00    4.19   16.87 9.218E+00

  10.590 14.760  2.80    2.39   10.12    0.00    2.43   12.55  1.000
   4.013  0.227 10.42    2.67    8.60    0.00    2.70   11.31 1.229E+01

  0.000 0.000  0.000 .000  0.00  0.00  0.00  0.00  0.00  0.00 0.000
                           0.00  0.00  0.00  0.00  0.00  0.00 0.000E+00

