EXTERNAL/TSAI:  VERSION OF 8/8/96

Marathon                                                                
H1_kin2.inp                                                             
                                                                        
Hall A 2018: 25 cm Deuterium target                                     
Nominal values - not exact                                              

----*----1----*----2----*----3----*----4----*----5----*----6----*----7--
                                                                        

TARGET (iZ,iA) = (  1,  1);   avgA =   1.000; amuM=  1.007; avgM=  0.938
 targ=TRITIUM; ttarg(rl)=0.00113; twall=0.00481; tbeam=0.00342; tspec=0.00732
         Nseg  =   4
 MODELS: P elastc(ikk)=14; deut elastic=13; inelastc=206; Pauli Supresion= 4
 NUCLEAR METHOD= 1;   NUCLEAR_MODEL= 1
 DIS MODEL= 1

    E1    TH    Q2 COS_K         SMR     NUC          INT-SMR
    EP     X    W2 QE-PK  INELA  Q-ELA  ELAST   TOTAL  MODEL

  10.590 24.666  3.62    9.67   21.06    0.00    9.84   30.89  1.000
   1.873  0.221 13.62   11.17   21.63    0.00   11.35   32.98 2.249E+00

  10.590 20.580  3.62    4.35   14.05    0.00    4.42   18.47  1.000
   2.678  0.244 12.11    4.90   13.31    0.00    4.96   18.27 3.634E+00

  10.590 18.390  3.62    2.52    9.97    0.00    2.55   12.53  1.000
   3.346  0.266 10.85    2.79    8.30    0.00    2.83   11.13 5.045E+00

  10.590 17.000  3.62    1.68    7.09    0.00    1.70    8.79  1.000
   3.911  0.289  9.80    1.85    4.65    0.00    1.86    6.51 6.444E+00

  0.000 0.000  0.000 .000  0.00  0.00  0.00  0.00  0.00  0.00 0.000
                           0.00  0.00  0.00  0.00  0.00  0.00 0.000E+00

