EXTERNAL/TSAI:  VERSION OF 8/8/96

Marathon                                                                
He3_kin3.inp                                                            
                                                                        
Hall A 2018: 25 cm He3 target                                           
Nominal values - not exact                                              

----*----1----*----2----*----3----*----4----*----5----*----6----*----7--
                                                                        

TARGET (iZ,iA) = (  2,  3);   avgA =   3.000; amuM=  3.016; avgM=  2.809
 targ=TRITIUM; ttarg(rl)=0.00075; twall=0.00481; tbeam=0.00342; tspec=0.00732
         Nseg  =   4
 MODELS: P elastc(ikk)=14; deut elastic=13; inelastc=206; Pauli Supresion= 4
 NUCLEAR METHOD= 1;   NUCLEAR_MODEL= 1
 DIS MODEL= 1

    E1    TH    Q2 COS_K         SMR     NUC          INT-SMR
    EP     X    W2 QE-PK  INELA  Q-ELA  ELAST   TOTAL  MODEL

  10.590 26.428  4.19    6.50   17.18    4.75    0.12   22.05  0.813
   1.892  0.257 13.01    7.41   16.82    5.21    0.12   22.15 4.399E+00

  10.590 22.952  4.19    3.51   12.08    2.25    0.05   14.38  0.834
   2.498  0.276 11.88    3.92   10.76    2.45    0.05   13.26 6.243E+00

  10.590 20.833  4.19    2.24    8.78    1.31    0.03   10.12  0.847
   3.024  0.295 10.89    2.47    6.74    1.42    0.03    8.19 8.044E+00

  10.590 19.389  4.19    1.58    6.31    0.87    0.01    7.20  0.852
   3.487  0.314 10.02    1.73    3.67    0.94    0.01    4.63 9.771E+00

  10.590 18.333  4.19    1.19    4.41    0.64    0.01    5.05  0.855
   3.896  0.333  9.25    1.30    1.22    0.69    0.01    1.92 1.139E+01

  0.000 0.000  0.000 .000  0.00  0.00  0.00  0.00  0.00  0.00 0.000
                           0.00  0.00  0.00  0.00  0.00  0.00 0.000E+00

