EXTERNAL/TSAI:  VERSION OF 8/8/96

Marathon                                                                
H1_kin3.inp                                                             
                                                                        
Hall A 2018: 25 cm Deuterium target                                     
Nominal values - not exact                                              

----*----1----*----2----*----3----*----4----*----5----*----6----*----7--
                                                                        

TARGET (iZ,iA) = (  1,  1);   avgA =   1.000; amuM=  1.007; avgM=  0.938
 targ=TRITIUM; ttarg(rl)=0.00113; twall=0.00481; tbeam=0.00342; tspec=0.00732
         Nseg  =   4
 MODELS: P elastc(ikk)=14; deut elastic=13; inelastc=206; Pauli Supresion= 4
 NUCLEAR METHOD= 1;   NUCLEAR_MODEL= 1
 DIS MODEL= 1

    E1    TH    Q2 COS_K         SMR     NUC          INT-SMR
    EP     X    W2 QE-PK  INELA  Q-ELA  ELAST   TOTAL  MODEL

  10.590 26.428  4.19    7.62   18.18    0.00    7.73   25.91  1.000
   1.892  0.257 13.01    8.73   18.13    0.00    8.83   26.97 1.628E+00

  10.590 22.952  4.19    4.06   12.94    0.00    4.11   17.04  1.000
   2.498  0.276 11.88    4.55   11.88    0.00    4.60   16.48 2.329E+00

  10.590 20.833  4.19    2.55    9.54    0.00    2.58   12.13  1.000
   3.024  0.295 10.89    2.82    7.74    0.00    2.85   10.59 3.024E+00

  10.590 19.389  4.19    1.78    7.04    0.00    1.80    8.84  1.000
   3.487  0.314 10.02    1.95    4.61    0.00    1.97    6.57 3.702E+00

  10.590 18.333  4.19    1.33    5.05    0.00    1.34    6.39  1.000
   3.896  0.333  9.25    1.45    2.06    0.00    1.46    3.51 4.351E+00

  0.000 0.000  0.000 .000  0.00  0.00  0.00  0.00  0.00  0.00 0.000
                           0.00  0.00  0.00  0.00  0.00  0.00 0.000E+00

