EXTERNAL/TSAI:  VERSION OF 8/8/96

Marathon                                                                
He3_kin5.inp                                                            
                                                                        
Hall A 2018: 25 cm He3 target                                           
Nominal values - not exact                                              

----*----1----*----2----*----3----*----4----*----5----*----6----*----7--
                                                                        

TARGET (iZ,iA) = (  2,  3);   avgA =   3.000; amuM=  3.016; avgM=  2.809
 targ=TRITIUM; ttarg(rl)=0.00075; twall=0.00481; tbeam=0.00342; tspec=0.00732
         Nseg  =   4
 MODELS: P elastc(ikk)=14; deut elastic=13; inelastc=206; Pauli Supresion= 4
 NUCLEAR METHOD= 1;   NUCLEAR_MODEL= 1
 DIS MODEL= 1

    E1    TH    Q2 COS_K         SMR     NUC          INT-SMR
    EP     X    W2 QE-PK  INELA  Q-ELA  ELAST   TOTAL  MODEL

  10.590 29.131  5.31    4.23   11.98    2.76    0.03   14.77  0.827
   1.983  0.329 11.72    4.73   10.58    3.01    0.03   13.62 2.448E+00

  10.590 25.791  5.31    2.45    7.99    1.38    0.01    9.37  0.836
   2.518  0.351 10.72    2.69    5.79    1.50    0.01    7.30 3.224E+00

  10.590 23.634  5.31    1.63    5.28    0.83    0.01    6.11  0.839
   2.990  0.372  9.83    1.76    2.45    0.90    0.01    3.35 3.931E+00

  10.590 22.111  5.31    1.18    3.18    0.57    0.00    3.75  0.841
   3.411  0.394  9.04    1.27   -0.20    0.62    0.00    0.42 4.557E+00

  10.590 20.971  5.31    0.91    1.44    0.43    0.00    1.87  0.843
   3.787  0.416  8.34    0.98   -2.43    0.46    0.00   -1.97 5.095E+00

  0.000 0.000  0.000 .000  0.00  0.00  0.00  0.00  0.00  0.00 0.000
                           0.00  0.00  0.00  0.00  0.00  0.00 0.000E+00

