EXTERNAL/TSAI:  VERSION OF 8/8/96

Marathon                                                                
D2_kin15.inp                                                            
                                                                        
Hall A 2018: 25 cm Deuterium target                                     
Nominal values - not exact                                              

----*----1----*----2----*----3----*----4----*----5----*----6----*----7--
                                                                        

TARGET (iZ,iA) = (  1,  2);   avgA =   2.000; amuM=  2.013; avgM=  1.875
 targ=TRITIUM; ttarg(rl)=0.00114; twall=0.00481; tbeam=0.00342; tspec=0.00732
         Nseg  =   4
 MODELS: P elastc(ikk)=14; deut elastic=13; inelastc=206; Pauli Supresion= 4
 NUCLEAR METHOD= 1;   NUCLEAR_MODEL= 1
 DIS MODEL= 1

    E1    TH    Q2 COS_K         SMR     NUC          INT-SMR
    EP     X    W2 QE-PK  INELA  Q-ELA  ELAST   TOTAL  MODEL

 Deut Elastic Model: ia,iamec,rsc,rscmec (1,2,3,4)=  3
 TJON DEUT ELASTIC FILESS TO BE OPEN=rscctj.tjon_input   rscqtj.tjon_input   rscmtj.tjon_input   
  10.590 40.602 10.94    1.26   -2.75    0.68    0.00   -2.07  0.922
   2.146  0.690  5.78    1.35   -7.06    0.74    0.00   -6.32 5.344E-02

  10.590 37.968 10.94    0.96   -4.35    0.52    0.00   -3.84  0.923
   2.441  0.715  5.23    1.03   -9.05    0.56    0.00   -8.49 5.211E-02

  10.590 35.924 10.94    0.79   -5.76    0.44    0.00   -5.31  0.933
   2.716  0.741  4.71    0.85  -10.80    0.48    0.00  -10.32 4.909E-02

  10.590 34.285 10.94    0.70   -7.02    0.43    0.00   -6.60  0.957
   2.973  0.765  4.23    0.75  -12.39    0.47    0.00  -11.92 4.500E-02

  10.590 32.937 10.94    0.65   -8.23    0.45    0.00   -7.78  1.002
   3.214  0.790  3.78    0.71  -13.92    0.50    0.00  -13.42 4.028E-02

  10.590 31.807 10.94    0.66   -9.45    0.54    0.00   -8.91  1.080
   3.440  0.815  3.36    0.73  -15.45    0.59    0.00  -14.86 3.533E-02

  0.000 0.000  0.000 .000  0.00  0.00  0.00  0.00  0.00  0.00 0.000
                           0.00  0.00  0.00  0.00  0.00  0.00 0.000E+00

