EXTERNAL/TSAI:  VERSION OF 8/8/96

Marathon                                                                
D2_kin13.inp                                                            
                                                                        
Hall A 2018: 25 cm Deuterium target                                     
Nominal values - not exact                                              

----*----1----*----2----*----3----*----4----*----5----*----6----*----7--
                                                                        

TARGET (iZ,iA) = (  1,  2);   avgA =   2.000; amuM=  2.013; avgM=  1.875
 targ=TRITIUM; ttarg(rl)=0.00114; twall=0.00481; tbeam=0.00342; tspec=0.00732
         Nseg  =   4
 MODELS: P elastc(ikk)=14; deut elastic=13; inelastc=206; Pauli Supresion= 4
 NUCLEAR METHOD= 1;   NUCLEAR_MODEL= 1
 DIS MODEL= 1

    E1    TH    Q2 COS_K         SMR     NUC          INT-SMR
    EP     X    W2 QE-PK  INELA  Q-ELA  ELAST   TOTAL  MODEL

 Deut Elastic Model: ia,iamec,rsc,rscmec (1,2,3,4)=  3
 TJON DEUT ELASTIC FILESS TO BE OPEN=rscctj.tjon_input   rscqtj.tjon_input   rscmtj.tjon_input   
  10.590 38.712  9.81    1.50   -0.39    0.79    0.00    0.40  0.919
   2.109  0.616  6.98    1.61   -4.24    0.87    0.00   -3.38 1.165E-01

  10.590 36.293  9.81    1.14   -2.00    0.57    0.00   -1.43  0.914
   2.388  0.637  6.46    1.22   -6.22    0.62    0.00   -5.60 1.200E-01

  10.590 34.396  9.81    0.91   -3.35    0.45    0.00   -2.90  0.911
   2.650  0.659  5.97    0.97   -7.92    0.49    0.00   -7.43 1.202E-01

  10.590 32.862  9.81    0.76   -4.55    0.38    0.00   -4.17  0.914
   2.895  0.680  5.51    0.81   -9.43    0.41    0.00   -9.01 1.175E-01

  10.590 31.594  9.81    0.67   -5.64    0.35    0.00   -5.29  0.921
   3.126  0.701  5.08    0.71  -10.80    0.38    0.00  -10.42 1.126E-01

  10.590 30.524  9.81    0.60   -6.64    0.33    0.00   -6.30  0.931
   3.343  0.721  4.67    0.64  -12.08    0.37    0.00  -11.72 1.061E-01

  10.590 29.608  9.81    0.57   -7.59    0.34    0.00   -7.25  0.952
   3.548  0.742  4.28    0.61  -13.30    0.38    0.00  -12.92 9.837E-02

  0.000 0.000  0.000 .000  0.00  0.00  0.00  0.00  0.00  0.00 0.000
                           0.00  0.00  0.00  0.00  0.00  0.00 0.000E+00

