EXTERNAL/TSAI:  VERSION OF 8/8/96

Marathon                                                                
H1_kin1.inp                                                             
                                                                        
Hall A 2018: 25 cm Deuterium target                                     
Nominal values - not exact                                              

----*----1----*----2----*----3----*----4----*----5----*----6----*----7--
                                                                        

TARGET (iZ,iA) = (  1,  1);   avgA =   1.000; amuM=  1.007; avgM=  0.938
 targ=TRITIUM; ttarg(rl)=0.00113; twall=0.00481; tbeam=0.00342; tspec=0.00732
         Nseg  =   4
 MODELS: P elastc(ikk)=14; deut elastic=13; inelastc=206; Pauli Supresion= 4
 NUCLEAR METHOD= 1;   NUCLEAR_MODEL= 1
 DIS MODEL= 1

    E1    TH    Q2 COS_K         SMR     NUC          INT-SMR
    EP     X    W2 QE-PK  INELA  Q-ELA  ELAST   TOTAL  MODEL

  10.590 22.969  3.06   12.85   24.48    0.00   13.16   37.63  1.000
   1.824  0.186 14.27   15.01   25.81    0.00   15.32   41.14 3.115E+00

  10.590 18.862  3.06    5.56   16.53    0.00    5.67   22.20  1.000
   2.694  0.207 12.64    6.31   16.42    0.00    6.43   22.85 5.318E+00

  10.590 16.758  3.06    3.16   12.07    0.00    3.22   15.29  1.000
   3.406  0.227 11.30    3.54   10.99    0.00    3.59   14.58 7.635E+00

  10.590 15.455  3.06    2.09    8.97    0.00    2.12   11.08  1.000
   4.000  0.248 10.18    2.31    7.08    0.00    2.34    9.43 1.000E+01

  0.000 0.000  0.000 .000  0.00  0.00  0.00  0.00  0.00  0.00 0.000
                           0.00  0.00  0.00  0.00  0.00  0.00 0.000E+00

