EXTERNAL/TSAI:  VERSION OF 8/8/96

Marathon                                                                
H3_kin1.inp                                                             
                                                                        
Hall A 2018: 25 cm Tritium target                                       
Nominal values - not exact                                              

----*----1----*----2----*----3----*----4----*----5----*----6----*----7--
                                                                        

TARGET (iZ,iA) = (  1,  3);   avgA =   3.000; amuM=  3.016; avgM=  2.809
 targ=TRITIUM; ttarg(rl)=0.00042; twall=0.00481; tbeam=0.00342; tspec=0.00732
         Nseg  =   4
 MODELS: P elastc(ikk)=14; deut elastic=13; inelastc=206; Pauli Supresion= 4
 NUCLEAR METHOD= 1;   NUCLEAR_MODEL= 1
 DIS MODEL= 1

    E1    TH    Q2 COS_K         SMR     NUC          INT-SMR
    EP     X    W2 QE-PK  INELA  Q-ELA  ELAST   TOTAL  MODEL

  10.590 22.969  3.06    7.57   22.29    6.49    0.53   29.30  0.829
   1.824  0.186 14.27    8.77   22.81    7.10    0.53   30.44 7.957E+00

  10.590 18.862  3.06    3.46   14.73    2.61    0.19   17.53  0.865
   2.694  0.207 12.64    3.91   13.92    2.83    0.19   16.94 1.333E+01

  10.590 16.758  3.06    2.05   10.49    1.43    0.08   12.00  0.882
   3.406  0.227 11.30    2.29    8.78    1.54    0.09   10.40 1.879E+01

  10.590 15.455  3.06    1.41    7.58    0.93    0.04    8.55  0.890
   4.000  0.248 10.18    1.55    5.11    1.00    0.04    6.16 2.419E+01

  0.000 0.000  0.000 .000  0.00  0.00  0.00  0.00  0.00  0.00 0.000
                           0.00  0.00  0.00  0.00  0.00  0.00 0.000E+00

