EXTERNAL/TSAI:  VERSION OF 8/8/96

Marathon                                                                
H3_kin5.inp                                                             
                                                                        
Hall A 2018: 25 cm Tritium target                                       
Nominal values - not exact                                              

----*----1----*----2----*----3----*----4----*----5----*----6----*----7--
                                                                        

TARGET (iZ,iA) = (  1,  3);   avgA =   3.000; amuM=  3.016; avgM=  2.809
 targ=TRITIUM; ttarg(rl)=0.00042; twall=0.00481; tbeam=0.00342; tspec=0.00732
         Nseg  =   4
 MODELS: P elastc(ikk)=14; deut elastic=13; inelastc=206; Pauli Supresion= 4
 NUCLEAR METHOD= 1;   NUCLEAR_MODEL= 1
 DIS MODEL= 1

    E1    TH    Q2 COS_K         SMR     NUC          INT-SMR
    EP     X    W2 QE-PK  INELA  Q-ELA  ELAST   TOTAL  MODEL

  10.590 29.131  5.31    3.54   11.42    2.43    0.03   13.88  0.855
   1.983  0.329 11.72    3.95    9.79    2.64    0.03   12.46 2.106E+00

  10.590 25.791  5.31    2.09    7.53    1.22    0.01    8.77  0.853
   2.518  0.351 10.72    2.29    5.14    1.32    0.01    6.47 2.747E+00

  10.590 23.634  5.31    1.41    4.83    0.74    0.01    5.57  0.846
   2.990  0.372  9.83    1.53    1.82    0.80    0.01    2.62 3.320E+00

  10.590 22.111  5.31    1.04    2.77    0.51    0.00    3.28  0.839
   3.411  0.394  9.04    1.11   -0.77    0.55    0.00   -0.22 3.816E+00

  10.590 20.971  5.31    0.81    1.06    0.38    0.00    1.45  0.833
   3.787  0.416  8.34    0.87   -2.95    0.41    0.00   -2.53 4.232E+00

  0.000 0.000  0.000 .000  0.00  0.00  0.00  0.00  0.00  0.00 0.000
                           0.00  0.00  0.00  0.00  0.00  0.00 0.000E+00

