EXTERNAL/TSAI:  VERSION OF 8/8/96

Marathon                                                                
He3_kin2.inp                                                            
                                                                        
Hall A 2018: 25 cm He3 target                                           
Nominal values - not exact                                              

----*----1----*----2----*----3----*----4----*----5----*----6----*----7--
                                                                        

TARGET (iZ,iA) = (  2,  3);   avgA =   3.000; amuM=  3.016; avgM=  2.809
 targ=TRITIUM; ttarg(rl)=0.00075; twall=0.00481; tbeam=0.00342; tspec=0.00732
         Nseg  =   4
 MODELS: P elastc(ikk)=14; deut elastic=13; inelastc=206; Pauli Supresion= 4
 NUCLEAR METHOD= 1;   NUCLEAR_MODEL= 1
 DIS MODEL= 1

    E1    TH    Q2 COS_K         SMR     NUC          INT-SMR
    EP     X    W2 QE-PK  INELA  Q-ELA  ELAST   TOTAL  MODEL

  10.590 24.666  3.62    8.03   19.96    6.11    0.24   26.30  0.800
   1.873  0.221 13.62    9.24   20.18    6.71    0.24   27.13 6.169E+00

  10.590 20.580  3.62    3.69   13.15    2.43    0.09   15.67  0.834
   2.678  0.244 12.11    4.14   12.11    2.65    0.09   14.84 9.873E+00

  10.590 18.390  3.62    2.17    9.17    1.31    0.04   10.52  0.850
   3.346  0.266 10.85    2.40    7.24    1.42    0.04    8.70 1.358E+01

  10.590 17.000  3.62    1.47    6.35    0.85    0.02    7.22  0.859
   3.911  0.289  9.80    1.61    3.67    0.92    0.02    4.61 1.719E+01

  0.000 0.000  0.000 .000  0.00  0.00  0.00  0.00  0.00  0.00 0.000
                           0.00  0.00  0.00  0.00  0.00  0.00 0.000E+00

