EXTERNAL/TSAI:  VERSION OF 8/8/96

Marathon                                                                
D2_kin3.inp                                                             
                                                                        
Hall A 2018: 25 cm Deuterium target                                     
Nominal values - not exact                                              

----*----1----*----2----*----3----*----4----*----5----*----6----*----7--
                                                                        

TARGET (iZ,iA) = (  1,  2);   avgA =   2.000; amuM=  2.013; avgM=  1.875
 targ=TRITIUM; ttarg(rl)=0.00114; twall=0.00481; tbeam=0.00342; tspec=0.00732
         Nseg  =   4
 MODELS: P elastc(ikk)=14; deut elastic=13; inelastc=206; Pauli Supresion= 4
 NUCLEAR METHOD= 1;   NUCLEAR_MODEL= 1
 DIS MODEL= 1

    E1    TH    Q2 COS_K         SMR     NUC          INT-SMR
    EP     X    W2 QE-PK  INELA  Q-ELA  ELAST   TOTAL  MODEL

 Deut Elastic Model: ia,iamec,rsc,rscmec (1,2,3,4)=  3
 TJON DEUT ELASTIC FILESS TO BE OPEN=rscctj.tjon_input   rscqtj.tjon_input   rscmtj.tjon_input   
  10.590 26.428  4.19    5.85   17.10    5.07    0.08   22.25  0.956
   1.892  0.257 13.01    6.71   16.75    5.60    0.08   22.43 2.766E+00

  10.590 22.952  4.19    3.19   11.94    2.40    0.04   14.37  0.967
   2.498  0.276 11.88    3.59   10.60    2.63    0.04   13.26 3.911E+00

  10.590 20.833  4.19    2.05    8.67    1.38    0.02   10.07  0.966
   3.024  0.295 10.89    2.27    6.59    1.51    0.02    8.12 5.023E+00

  10.590 19.389  4.19    1.46    6.23    0.92    0.01    7.16  0.964
   3.487  0.314 10.02    1.60    3.53    1.00    0.01    4.55 6.081E+00

  10.590 18.333  4.19    1.11    4.31    0.67    0.01    4.98  0.960
   3.896  0.333  9.25    1.21    1.05    0.73    0.01    1.79 7.069E+00

  0.000 0.000  0.000 .000  0.00  0.00  0.00  0.00  0.00  0.00 0.000
                           0.00  0.00  0.00  0.00  0.00  0.00 0.000E+00

