EXTERNAL/TSAI:  VERSION OF 8/8/96

Marathon                                                                
He3_kin0.inp                                                            
                                                                        
Hall A 2018: 25 cm He3 target                                           
Nominal values - not exact                                              

----*----1----*----2----*----3----*----4----*----5----*----6----*----7--
                                                                        

TARGET (iZ,iA) = (  2,  3);   avgA =   3.000; amuM=  3.016; avgM=  2.809
 targ=TRITIUM; ttarg(rl)=0.00075; twall=0.00481; tbeam=0.00342; tspec=0.00732
         Nseg  =   4
 MODELS: P elastc(ikk)=14; deut elastic=13; inelastc=206; Pauli Supresion= 4
 NUCLEAR METHOD= 1;   NUCLEAR_MODEL= 1
 DIS MODEL=**

    E1    TH    Q2 COS_K         SMR     NUC          INT-SMR
    EP     X    W2 QE-PK  INELA  Q-ELA  ELAST   TOTAL  MODEL

  10.589 15.283  2.25    4.95   16.15    3.55    0.33   20.03  0.808
   3.001  0.158 12.87    5.66   16.11    3.88    0.33   20.33 3.693E+01

  10.589 15.714  2.42    4.31   14.95    3.03    0.25   18.23  0.818
   3.063  0.172 12.58    4.90   14.57    3.31    0.25   18.13 3.241E+01

  10.589 16.403  2.67    3.72   13.66    2.56    0.17   16.39  0.827
   3.095  0.190 12.28    4.21   12.91    2.79    0.17   15.87 2.670E+01

  10.589 17.232  2.94    3.25   12.45    2.18    0.12   14.74  0.835
   3.098  0.209 11.99    3.66   11.35    2.37    0.12   13.84 2.137E+01

  10.589 17.949  3.21    2.87   11.30    1.87    0.08   13.25  0.840
   3.111  0.229 11.71    3.21    9.91    2.03    0.08   12.02 1.759E+01

  10.589 18.306  3.39    2.55   10.32    1.61    0.06   11.99  0.844
   3.165  0.243 11.42    2.84    8.66    1.75    0.06   10.48 1.572E+01

  10.589 18.738  3.61    2.25    9.21    1.38    0.04   10.63  0.848
   3.216  0.261 11.10    2.50    7.29    1.50    0.04    8.83 1.374E+01

  0.000 0.000  0.000 .000  0.00  0.00  0.00  0.00  0.00  0.00 0.000
                           0.00  0.00  0.00  0.00  0.00  0.00 0.000E+00

