EXTERNAL/TSAI:  VERSION OF 8/8/96

Marathon                                                                
D2_kin13.inp                                                            
                                                                        
Hall A 2018: 25 cm Deuterium target                                     
Nominal values - not exact                                              

----*----1----*----2----*----3----*----4----*----5----*----6----*----7--
                                                                        

TARGET (iZ,iA) = (  1,  2);   avgA =   2.000; amuM=  2.013; avgM=  1.875
 targ=TRITIUM; ttarg(rl)=0.00114; twall=0.00481; tbeam=0.00342; tspec=0.00732
         Nseg  =   4
 MODELS: P elastc(ikk)=14; deut elastic=13; inelastc=206; Pauli Supresion= 4
 NUCLEAR METHOD= 1;   NUCLEAR_MODEL= 1
 DIS MODEL=**

    E1    TH    Q2 COS_K         SMR     NUC          INT-SMR
    EP     X    W2 QE-PK  INELA  Q-ELA  ELAST   TOTAL  MODEL

 Deut Elastic Model: ia,iamec,rsc,rscmec (1,2,3,4)=  3
 TJON DEUT ELASTIC FILESS TO BE OPEN=rscctj.tjon_input   rscqtj.tjon_input   rscmtj.tjon_input   
  10.589 30.120  8.53    0.77   -2.64    0.36    0.00   -2.28  0.911
   2.984  0.598  6.62    0.82   -7.17    0.39    0.00   -6.78 3.226E-01

  10.589 30.339  8.71    0.75   -3.13    0.35    0.00   -2.78  0.910
   3.004  0.612  6.40    0.79   -7.77    0.38    0.00   -7.39 2.846E-01

  10.589 30.631  8.95    0.71   -3.77    0.33    0.00   -3.43  0.909
   3.028  0.631  6.12    0.75   -8.55    0.36    0.00   -8.18 2.401E-01

  10.589 30.925  9.19    0.68   -4.44    0.33    0.00   -4.12  0.910
   3.054  0.650  5.83    0.72   -9.37    0.36    0.00   -9.01 1.996E-01

  10.589 31.209  9.44    0.65   -5.13    0.32    0.00   -4.80  0.913
   3.080  0.670  5.53    0.69  -10.20    0.35    0.00   -9.85 1.646E-01

  10.589 31.576  9.70    0.63   -5.79    0.32    0.00   -5.47  0.916
   3.093  0.690  5.25    0.67  -11.00    0.35    0.00  -10.65 1.335E-01

  10.589 31.983  9.97    0.62   -6.46    0.33    0.00   -6.13  0.923
   3.101  0.710  4.96    0.67  -11.81    0.36    0.00  -11.45 1.064E-01

  10.589 32.367 10.23    0.62   -7.14    0.34    0.00   -6.79  0.933
   3.110  0.729  4.68    0.66  -12.63    0.38    0.00  -12.25 8.439E-02

  10.589 32.600 10.47    0.62   -7.86    0.36    0.00   -7.50  0.946
   3.137  0.749  4.40    0.66  -13.51    0.40    0.00  -13.11 6.744E-02

  10.589 32.833 10.70    0.63   -8.63    0.40    0.00   -8.23  0.967
   3.164  0.768  4.11    0.68  -14.44    0.44    0.00  -14.00 5.298E-02

  10.589 33.032 10.92    0.65   -9.37    0.44    0.00   -8.93  0.995
   3.191  0.787  3.84    0.70  -15.34    0.49    0.00  -14.85 4.186E-02

  10.589 33.303 11.14    0.69  -10.08    0.51    0.00   -9.57  1.029
   3.203  0.804  3.60    0.75  -16.18    0.56    0.00  -15.63 3.286E-02

  0.000 0.000  0.000 .000  0.00  0.00  0.00  0.00  0.00  0.00 0.000
                           0.00  0.00  0.00  0.00  0.00  0.00 0.000E+00

