EXTERNAL/TSAI:  VERSION OF 8/8/96

Marathon                                                                
H3_kin1.inp                                                             
                                                                        
Hall A 2018: 25 cm Tritium target                                       
Nominal values - not exact                                              

----*----1----*----2----*----3----*----4----*----5----*----6----*----7--
                                                                        

TARGET (iZ,iA) = (  1,  3);   avgA =   3.000; amuM=  3.016; avgM=  2.809
 targ=TRITIUM; ttarg(rl)=0.00042; twall=0.00481; tbeam=0.00342; tspec=0.00732
         Nseg  =   4
 MODELS: P elastc(ikk)=14; deut elastic=13; inelastc=206; Pauli Supresion= 4
 NUCLEAR METHOD= 1;   NUCLEAR_MODEL= 1
 DIS MODEL=**

    E1    TH    Q2 COS_K         SMR     NUC          INT-SMR
    EP     X    W2 QE-PK  INELA  Q-ELA  ELAST   TOTAL  MODEL

  10.589 16.116  2.51    3.46   17.15    2.66    0.28   20.09  0.863
   3.014  0.176 12.59    3.93   16.83    2.89    0.28   19.99 2.448E+01

  10.589 16.553  2.70    3.04   15.50    2.28    0.20   17.99  0.869
   3.073  0.191 12.29    3.44   14.81    2.47    0.20   17.49 2.151E+01

  10.589 17.240  2.95    2.68   13.84    1.95    0.14   15.93  0.874
   3.098  0.210 11.99    3.01   12.76    2.11    0.14   15.01 1.780E+01

  10.589 18.028  3.22    2.39   12.32    1.68    0.10   14.09  0.877
   3.101  0.229 11.71    2.67   10.90    1.81    0.10   12.81 1.443E+01

  10.589 18.707  3.49    2.14   10.93    1.45    0.07   12.45  0.878
   3.115  0.249 11.42    2.38    9.21    1.56    0.07   10.84 1.199E+01

  10.589 19.039  3.67    1.92    9.75    1.26    0.05   11.05  0.877
   3.170  0.264 11.13    2.13    7.75    1.36    0.05    9.16 1.076E+01

  10.589 19.464  3.89    1.73    8.57    1.09    0.03    9.69  0.875
   3.213  0.281 10.83    1.91    6.32    1.18    0.03    7.53 9.426E+00

  0.000 0.000  0.000 .000  0.00  0.00  0.00  0.00  0.00  0.00 0.000
                           0.00  0.00  0.00  0.00  0.00  0.00 0.000E+00

