EXTERNAL/TSAI:  VERSION OF 8/8/96

Marathon                                                                
H3_kin2.inp                                                             
                                                                        
Hall A 2018: 25 cm Tritium target                                       
Nominal values - not exact                                              

----*----1----*----2----*----3----*----4----*----5----*----6----*----7--
                                                                        

TARGET (iZ,iA) = (  1,  3);   avgA =   3.000; amuM=  3.016; avgM=  2.809
 targ=TRITIUM; ttarg(rl)=0.00042; twall=0.00481; tbeam=0.00342; tspec=0.00732
         Nseg  =   4
 MODELS: P elastc(ikk)=14; deut elastic=13; inelastc=206; Pauli Supresion= 4
 NUCLEAR METHOD= 1;   NUCLEAR_MODEL= 1
 DIS MODEL=**

    E1    TH    Q2 COS_K         SMR     NUC          INT-SMR
    EP     X    W2 QE-PK  INELA  Q-ELA  ELAST   TOTAL  MODEL

  10.589 17.744  3.05    2.53   12.03    1.83    0.13   13.99  0.874
   3.023  0.215 12.03    2.84   10.65    1.99    0.13   12.76 1.706E+01

  10.589 18.183  3.25    2.26   10.90    1.58    0.09   12.57  0.877
   3.077  0.231 11.72    2.52    9.25    1.71    0.09   11.05 1.484E+01

  10.589 18.830  3.51    2.04    9.82    1.38    0.06   11.25  0.877
   3.097  0.250 11.43    2.26    7.91    1.49    0.06    9.46 1.234E+01

  10.589 19.556  3.79    1.86    8.81    1.20    0.04   10.05  0.876
   3.100  0.270 11.15    2.05    6.66    1.30    0.04    8.01 1.009E+01

  10.589 20.187  4.05    1.70    7.85    1.06    0.03    8.94  0.874
   3.114  0.289 10.86    1.87    5.49    1.14    0.03    6.66 8.429E+00

  10.589 20.516  4.25    1.54    6.96    0.93    0.02    7.90  0.870
   3.164  0.305 10.56    1.69    4.39    1.00    0.02    5.41 7.490E+00

  10.589 20.889  4.47    1.41    6.07    0.81    0.01    6.90  0.865
   3.208  0.322 10.27    1.54    3.31    0.87    0.01    4.20 6.573E+00

  0.000 0.000  0.000 .000  0.00  0.00  0.00  0.00  0.00  0.00 0.000
                           0.00  0.00  0.00  0.00  0.00  0.00 0.000E+00

