EXTERNAL/TSAI:  VERSION OF 8/8/96

Marathon                                                                
H3_kin0.inp                                                             
                                                                        
Hall A 2018: 25 cm Tritium target                                       
Nominal values - not exact                                              

----*----1----*----2----*----3----*----4----*----5----*----6----*----7--
                                                                        

TARGET (iZ,iA) = (  1,  3);   avgA =   3.000; amuM=  3.016; avgM=  2.809
 targ=TRITIUM; ttarg(rl)=0.00042; twall=0.00481; tbeam=0.00342; tspec=0.00732
         Nseg  =   4
 MODELS: P elastc(ikk)=14; deut elastic=13; inelastc=206; Pauli Supresion= 4
 NUCLEAR METHOD= 1;   NUCLEAR_MODEL= 1
 DIS MODEL=**

    E1    TH    Q2 COS_K         SMR     NUC          INT-SMR
    EP     X    W2 QE-PK  INELA  Q-ELA  ELAST   TOTAL  MODEL

  10.589 15.282  2.25    3.60   15.84    2.83    0.36   19.03  0.854
   3.001  0.158 12.87    4.10   15.56    3.07    0.36   18.99 3.394E+01

  10.589 15.715  2.42    3.18   14.58    2.45    0.27   17.30  0.862
   3.063  0.172 12.58    3.61   13.87    2.66    0.27   16.80 2.956E+01

  10.589 16.405  2.67    2.80   13.26    2.10    0.19   15.55  0.869
   3.095  0.190 12.28    3.16   12.20    2.28    0.19   14.67 2.413E+01

  10.589 17.232  2.94    2.50   12.03    1.82    0.13   13.98  0.874
   3.098  0.209 11.99    2.81   10.66    1.97    0.13   12.76 1.915E+01

  10.589 17.949  3.21    2.24   10.90    1.58    0.09   12.57  0.877
   3.111  0.228 11.71    2.51    9.25    1.70    0.09   11.05 1.563E+01

  10.589 18.307  3.39    2.02    9.90    1.38    0.07   11.35  0.878
   3.165  0.243 11.42    2.25    8.01    1.49    0.07    9.57 1.388E+01

  10.589 18.741  3.61    1.81    8.83    1.19    0.05   10.07  0.878
   3.216  0.261 11.11    2.00    6.69    1.28    0.05    8.02 1.204E+01

  0.000 0.000  0.000 .000  0.00  0.00  0.00  0.00  0.00  0.00 0.000
                           0.00  0.00  0.00  0.00  0.00  0.00 0.000E+00

