EXTERNAL/TSAI:  VERSION OF 8/8/96

Marathon                                                                
He3_kin15.inp                                                           
                                                                        
Hall A 2018: 25 cm He3 target                                           
Nominal values - not exact                                              

----*----1----*----2----*----3----*----4----*----5----*----6----*----7--
                                                                        

TARGET (iZ,iA) = (  2,  3);   avgA =   3.000; amuM=  3.016; avgM=  2.809
 targ=TRITIUM; ttarg(rl)=0.00075; twall=0.00481; tbeam=0.00342; tspec=0.00732
         Nseg  =   4
 MODELS: P elastc(ikk)=14; deut elastic=13; inelastc=206; Pauli Supresion= 4
 NUCLEAR METHOD= 1;   NUCLEAR_MODEL= 1
 DIS MODEL=**

    E1    TH    Q2 COS_K         SMR     NUC          INT-SMR
    EP     X    W2 QE-PK  INELA  Q-ELA  ELAST   TOTAL  MODEL

  10.589 32.030  9.63    0.68   -4.83    0.33    0.00   -4.50  0.889
   2.988  0.675  5.51    0.72   -9.72    0.35    0.00   -9.36 2.419E-01

  10.589 32.260  9.83    0.66   -5.37    0.33    0.00   -5.04  0.916
   3.008  0.691  5.27    0.70  -10.37    0.36    0.00  -10.01 2.068E-01

  10.589 32.551 10.08    0.64   -6.03    0.35    0.00   -5.69  0.957
   3.030  0.711  4.99    0.68  -11.16    0.37    0.00  -10.78 1.691E-01

  10.589 32.824 10.32    0.62   -6.72    0.37    0.00   -6.34  1.011
   3.054  0.730  4.70    0.66  -11.97    0.40    0.00  -11.57 1.371E-01

  10.589 33.099 10.57    0.61   -7.42    0.41    0.00   -7.01  1.081
   3.077  0.750  4.40    0.66  -12.81    0.44    0.00  -12.37 1.098E-01

  10.589 33.412 10.83    0.62   -8.14    0.47    0.00   -7.67  1.167
   3.093  0.770  4.12    0.66  -13.65    0.49    0.00  -13.16 8.679E-02

  10.589 33.777 11.09    0.62   -8.86    0.55    0.00   -8.31  1.270
   3.102  0.789  3.84    0.67  -14.50    0.57    0.00  -13.92 6.748E-02

  10.589 34.154 11.36    0.65   -9.64    0.66    0.00   -8.98  1.395
   3.109  0.809  3.56    0.71  -15.41    0.69    0.00  -14.72 5.168E-02

  10.589 34.390 11.60    0.69  -10.53    0.82    0.00   -9.71  1.549
   3.133  0.829  3.27    0.76  -16.43    0.85    0.00  -15.58 3.961E-02

  10.589 34.559 11.78    0.74  -11.28    0.99    0.00  -10.28  1.678
   3.151  0.844  3.06    0.82  -17.29    1.02    0.00  -16.27 3.221E-02

  0.000 0.000  0.000 .000  0.00  0.00  0.00  0.00  0.00  0.00 0.000
                           0.00  0.00  0.00  0.00  0.00  0.00 0.000E+00

