EXTERNAL/TSAI:  VERSION OF 8/8/96

Marathon                                                                
D2_kin1.inp                                                             
                                                                        
Hall A 2018: 25 cm Deuterium target                                     
Nominal values - not exact                                              

----*----1----*----2----*----3----*----4----*----5----*----6----*----7--
                                                                        

TARGET (iZ,iA) = (  1,  2);   avgA =   2.000; amuM=  2.013; avgM=  1.875
 targ=TRITIUM; ttarg(rl)=0.00114; twall=0.00481; tbeam=0.00342; tspec=0.00732
         Nseg  =   4
 MODELS: P elastc(ikk)=14; deut elastic=13; inelastc=206; Pauli Supresion= 4
 NUCLEAR METHOD= 1;   NUCLEAR_MODEL= 1
 DIS MODEL=**

    E1    TH    Q2 COS_K         SMR     NUC          INT-SMR
    EP     X    W2 QE-PK  INELA  Q-ELA  ELAST   TOTAL  MODEL

 Deut Elastic Model: ia,iamec,rsc,rscmec (1,2,3,4)=  3
 TJON DEUT ELASTIC FILESS TO BE OPEN=rscctj.tjon_input   rscqtj.tjon_input   rscmtj.tjon_input   
  10.589 16.120  2.51    3.78   15.31    3.16    0.11   18.58  0.960
   3.013  0.176 12.59    4.32   14.92    3.46    0.11   18.49 1.857E+01

  10.589 16.557  2.70    3.32   14.06    2.70    0.08   16.84  0.964
   3.071  0.191 12.29    3.78   13.33    2.95    0.09   16.37 1.625E+01

  10.589 17.245  2.95    2.91   12.77    2.29    0.06   15.12  0.967
   3.097  0.210 11.99    3.30   11.71    2.51    0.06   14.28 1.339E+01

  10.589 18.035  3.23    2.59   11.57    1.97    0.05   13.59  0.970
   3.100  0.230 11.71    2.91   10.20    2.15    0.05   12.40 1.082E+01

  10.589 18.710  3.49    2.31   10.47    1.70    0.03   12.20  0.970
   3.114  0.248 11.42    2.59    8.82    1.85    0.03   10.71 8.984E+00

  10.589 19.045  3.67    2.08    9.48    1.47    0.03   10.98  0.970
   3.167  0.264 11.14    2.32    7.59    1.61    0.03    9.22 8.042E+00

  0.000 0.000  0.000 .000  0.00  0.00  0.00  0.00  0.00  0.00 0.000
                           0.00  0.00  0.00  0.00  0.00  0.00 0.000E+00

