EXTERNAL/TSAI:  VERSION OF 8/8/96

Marathon                                                                
H1_kin2.inp                                                             
                                                                        
Hall A 2018: 25 cm Deuterium target                                     
Nominal values - not exact                                              

----*----1----*----2----*----3----*----4----*----5----*----6----*----7--
                                                                        

TARGET (iZ,iA) = (  1,  1);   avgA =   1.000; amuM=  1.007; avgM=  0.938
 targ=TRITIUM; ttarg(rl)=0.00113; twall=0.00481; tbeam=0.00342; tspec=0.00732
         Nseg  =   4
 MODELS: P elastc(ikk)=14; deut elastic=13; inelastc=206; Pauli Supresion= 4
 NUCLEAR METHOD= 1;   NUCLEAR_MODEL= 1
 DIS MODEL=**

    E1    TH    Q2 COS_K         SMR     NUC          INT-SMR
    EP     X    W2 QE-PK  INELA  Q-ELA  ELAST   TOTAL  MODEL

  10.589 17.743  3.05    4.28   15.99    0.00    4.36   20.34  1.000
   3.023  0.214 12.03    4.82   15.60    0.00    4.90   20.50 6.407E+00

  10.589 18.181  3.25    3.68   14.31    0.00    3.74   18.05  1.000
   3.077  0.231 11.72    4.13   13.54    0.00    4.19   17.73 5.705E+00

  10.589 18.829  3.51    3.19   12.74    0.00    3.24   15.98  1.000
   3.098  0.250 11.43    3.56   11.59    0.00    3.61   15.20 4.856E+00

  10.589 19.552  3.79    2.81   11.31    0.00    2.84   14.15  1.000
   3.101  0.269 11.15    3.12    9.82    0.00    3.15   12.98 4.070E+00

  10.589 20.188  4.05    2.48    9.99    0.00    2.51   12.51  1.000
   3.114  0.289 10.86    2.75    8.20    0.00    2.77   10.98 3.468E+00

  10.589 20.513  4.25    2.20    8.82    0.00    2.22   11.04  1.000
   3.165  0.305 10.56    2.42    6.76    0.00    2.44    9.20 3.137E+00

  10.589 20.927  4.47    1.98    7.76    0.00    1.99    9.75  1.000
   3.196  0.322 10.29    2.17    5.45    0.00    2.18    7.63 2.786E+00

  0.000 0.000  0.000 .000  0.00  0.00  0.00  0.00  0.00  0.00 0.000
                           0.00  0.00  0.00  0.00  0.00  0.00 0.000E+00

