EXTERNAL/TSAI:  VERSION OF 8/8/96

Marathon                                                                
H1_kin1.inp                                                             
                                                                        
Hall A 2018: 25 cm Deuterium target                                     
Nominal values - not exact                                              

----*----1----*----2----*----3----*----4----*----5----*----6----*----7--
                                                                        

TARGET (iZ,iA) = (  1,  1);   avgA =   1.000; amuM=  1.007; avgM=  0.938
 targ=TRITIUM; ttarg(rl)=0.00113; twall=0.00481; tbeam=0.00342; tspec=0.00732
         Nseg  =   4
 MODELS: P elastc(ikk)=14; deut elastic=13; inelastc=206; Pauli Supresion= 4
 NUCLEAR METHOD= 1;   NUCLEAR_MODEL= 1
 DIS MODEL=**

    E1    TH    Q2 COS_K         SMR     NUC          INT-SMR
    EP     X    W2 QE-PK  INELA  Q-ELA  ELAST   TOTAL  MODEL

  10.589 16.115  2.51    5.82   19.69    0.00    5.97   25.66  1.000
   3.015  0.177 12.58    6.64   20.24    0.00    6.78   27.03 9.516E+00

  10.589 16.552  2.70    4.98   17.88    0.00    5.09   22.97  1.000
   3.073  0.191 12.29    5.65   17.99    0.00    5.76   23.75 8.477E+00

  10.589 17.240  2.95    4.25   16.02    0.00    4.33   20.34  1.000
   3.098  0.210 11.99    4.79   15.67    0.00    4.87   20.54 7.135E+00

  10.589 18.032  3.23    3.66   14.31    0.00    3.72   18.03  1.000
   3.101  0.230 11.71    4.11   13.53    0.00    4.17   17.70 5.884E+00

  10.589 18.708  3.49    3.19   12.75    0.00    3.23   15.99  1.000
   3.115  0.248 11.42    3.56   11.61    0.00    3.60   15.22 4.978E+00

  10.589 19.040  3.67    2.80   11.42    0.00    2.84   14.26  1.000
   3.169  0.264 11.13    3.11    9.97    0.00    3.15   13.11 4.524E+00

  10.589 19.456  3.88    2.47   10.14    0.00    2.50   12.64  1.000
   3.211  0.280 10.84    2.73    8.39    0.00    2.76   11.15 4.029E+00

  0.000 0.000  0.000 .000  0.00  0.00  0.00  0.00  0.00  0.00 0.000
                           0.00  0.00  0.00  0.00  0.00  0.00 0.000E+00

