EXTERNAL/TSAI:  VERSION OF 8/8/96

Marathon                                                                
He3_kin1.inp                                                            
                                                                        
Hall A 2018: 25 cm He3 target                                           
Nominal values - not exact                                              

----*----1----*----2----*----3----*----4----*----5----*----6----*----7--
                                                                        

TARGET (iZ,iA) = (  2,  3);   avgA =   3.000; amuM=  3.016; avgM=  2.809
 targ=TRITIUM; ttarg(rl)=0.00075; twall=0.00481; tbeam=0.00342; tspec=0.00732
         Nseg  =   4
 MODELS: P elastc(ikk)=14; deut elastic=13; inelastc=206; Pauli Supresion= 4
 NUCLEAR METHOD= 1;   NUCLEAR_MODEL= 1
 DIS MODEL=**

    E1    TH    Q2 COS_K         SMR     NUC          INT-SMR
    EP     X    W2 QE-PK  INELA  Q-ELA  ELAST   TOTAL  MODEL

  10.589 16.120  2.51    4.67   18.65    3.28    0.25   22.19  0.819
   3.013  0.176 12.59    5.30   18.80    3.57    0.25   22.63 2.691E+01

  10.589 16.554  2.70    4.04   16.86    2.78    0.18   19.82  0.827
   3.072  0.191 12.29    4.56   16.59    3.02    0.18   19.80 2.383E+01

  10.589 17.242  2.95    3.48   15.03    2.33    0.13   17.49  0.835
   3.097  0.210 11.99    3.92   14.33    2.54    0.13   17.00 1.989E+01

  10.589 18.036  3.23    3.05   13.37    1.98    0.09   15.44  0.840
   3.100  0.230 11.71    3.41   12.29    2.15    0.09   14.53 1.624E+01

  10.589 18.708  3.49    2.69   11.88    1.69    0.06   13.63  0.844
   3.115  0.248 11.42    2.99   10.45    1.84    0.06   12.35 1.364E+01

  10.589 19.042  3.67    2.39   10.60    1.46    0.04   12.11  0.847
   3.168  0.264 11.13    2.64    8.89    1.59    0.04   10.52 1.231E+01

  0.000 0.000  0.000 .000  0.00  0.00  0.00  0.00  0.00  0.00 0.000
                           0.00  0.00  0.00  0.00  0.00  0.00 0.000E+00

