EXTERNAL/TSAI:  VERSION OF 8/8/96

Marathon                                                                
He3_kin4.inp                                                            
                                                                        
Hall A 2018: 25 cm He3 target                                           
Nominal values - not exact                                              

----*----1----*----2----*----3----*----4----*----5----*----6----*----7--
                                                                        

TARGET (iZ,iA) = (  2,  3);   avgA =   3.000; amuM=  3.016; avgM=  2.809
 targ=TRITIUM; ttarg(rl)=0.00075; twall=0.00481; tbeam=0.00342; tspec=0.00732
         Nseg  =   4
 MODELS: P elastc(ikk)=14; deut elastic=13; inelastc=206; Pauli Supresion= 4
 NUCLEAR METHOD= 1;   NUCLEAR_MODEL= 1
 DIS MODEL=**

    E1    TH    Q2 COS_K         SMR     NUC          INT-SMR
    EP     X    W2 QE-PK  INELA  Q-ELA  ELAST   TOTAL  MODEL

  10.589 20.374  3.96    2.34    9.51    1.41    0.03   10.96  0.845
   2.990  0.278 11.18    2.59    7.61    1.53    0.03    9.18 9.800E+00

  10.589 20.696  4.14    2.13    8.65    1.25    0.03    9.93  0.846
   3.031  0.292 10.92    2.35    6.55    1.36    0.03    7.93 8.845E+00

  10.589 21.128  4.38    1.90    7.61    1.08    0.02    8.71  0.846
   3.076  0.311 10.60    2.08    5.27    1.17    0.02    6.45 7.712E+00

  10.589 21.684  4.64    1.73    6.69    0.94    0.01    7.65  0.845
   3.095  0.330 10.31    1.89    4.14    1.02    0.01    5.17 6.573E+00

  10.589 22.313  4.91    1.59    5.84    0.84    0.01    6.68  0.843
   3.099  0.350 10.02    1.73    3.09    0.91    0.01    4.00 5.519E+00

  10.589 22.887  5.18    1.46    5.00    0.74    0.01    5.75  0.841
   3.108  0.369  9.74    1.59    2.07    0.81    0.01    2.88 4.674E+00

  10.589 23.220  5.40    1.34    4.18    0.66    0.00    4.83  0.839
   3.151  0.387  9.43    1.44    1.06    0.71    0.00    1.77 4.121E+00

  10.589 23.476  5.59    1.23    3.45    0.59    0.00    4.05  0.837
   3.192  0.403  9.17    1.33    0.17    0.64    0.00    0.81 3.704E+00

  0.000 0.000  0.000 .000  0.00  0.00  0.00  0.00  0.00  0.00 0.000
                           0.00  0.00  0.00  0.00  0.00  0.00 0.000E+00

