EXTERNAL/TSAI:  VERSION OF 8/8/96

Marathon                                                                
D2_kin2.inp                                                             
                                                                        
Hall A 2018: 25 cm Deuterium target                                     
Nominal values - not exact                                              

----*----1----*----2----*----3----*----4----*----5----*----6----*----7--
                                                                        

TARGET (iZ,iA) = (  1,  2);   avgA =   2.000; amuM=  2.013; avgM=  1.875
 targ=TRITIUM; ttarg(rl)=0.00114; twall=0.00481; tbeam=0.00342; tspec=0.00732
         Nseg  =   4
 MODELS: P elastc(ikk)=14; deut elastic=13; inelastc=206; Pauli Supresion= 4
 NUCLEAR METHOD= 1;   NUCLEAR_MODEL= 1
 DIS MODEL=**

    E1    TH    Q2 COS_K         SMR     NUC          INT-SMR
    EP     X    W2 QE-PK  INELA  Q-ELA  ELAST   TOTAL  MODEL

 Deut Elastic Model: ia,iamec,rsc,rscmec (1,2,3,4)=  3
 TJON DEUT ELASTIC FILESS TO BE OPEN=rscctj.tjon_input   rscqtj.tjon_input   rscmtj.tjon_input   
  10.589 17.745  3.05    2.95   12.78    2.31    0.06   15.15  0.966
   3.022  0.214 12.04    3.34   11.70    2.53    0.06   14.30 1.199E+01

  10.589 18.185  3.25    2.60   11.59    1.97    0.05   13.61  0.968
   3.076  0.231 11.72    2.93   10.22    2.16    0.05   12.43 1.047E+01

  10.589 18.830  3.51    2.32   10.47    1.70    0.03   12.20  0.969
   3.098  0.250 11.43    2.60    8.81    1.86    0.03   10.70 8.755E+00

  10.589 19.559  3.79    2.09    9.42    1.48    0.03   10.93  0.969
   3.100  0.270 11.15    2.33    7.51    1.61    0.03    9.15 7.199E+00

  10.589 20.190  4.05    1.90    8.44    1.29    0.02    9.75  0.968
   3.113  0.289 10.86    2.10    6.29    1.41    0.02    7.72 6.043E+00

  10.589 20.521  4.25    1.71    7.51    1.12    0.02    8.64  0.966
   3.164  0.305 10.56    1.89    5.13    1.22    0.02    6.37 5.389E+00

  10.589 20.914  4.47    1.55    6.61    0.96    0.01    7.58  0.947
   3.204  0.323 10.27    1.71    4.02    1.07    0.01    5.10 4.732E+00

  0.000 0.000  0.000 .000  0.00  0.00  0.00  0.00  0.00  0.00 0.000
                           0.00  0.00  0.00  0.00  0.00  0.00 0.000E+00

