EXTERNAL/TSAI:  VERSION OF 8/8/96

Marathon                                                                
He3_kin2.inp                                                            
                                                                        
Hall A 2018: 25 cm He3 target                                           
Nominal values - not exact                                              

----*----1----*----2----*----3----*----4----*----5----*----6----*----7--
                                                                        

TARGET (iZ,iA) = (  2,  3);   avgA =   3.000; amuM=  3.016; avgM=  2.809
 targ=TRITIUM; ttarg(rl)=0.00075; twall=0.00481; tbeam=0.00342; tspec=0.00732
         Nseg  =   4
 MODELS: P elastc(ikk)=14; deut elastic=13; inelastc=206; Pauli Supresion= 4
 NUCLEAR METHOD= 1;   NUCLEAR_MODEL= 1
 DIS MODEL=**

    E1    TH    Q2 COS_K         SMR     NUC          INT-SMR
    EP     X    W2 QE-PK  INELA  Q-ELA  ELAST   TOTAL  MODEL

  10.589 17.745  3.05    3.52   14.99    2.35    0.12   17.46  0.835
   3.023  0.215 12.03    3.95   14.26    2.56    0.12   16.94 1.781E+01

  10.589 18.185  3.25    3.07   13.38    1.99    0.08   15.46  0.840
   3.076  0.231 11.73    3.43   12.30    2.17    0.09   14.55 1.574E+01

  10.589 18.831  3.51    2.70   11.86    1.70    0.06   13.62  0.844
   3.097  0.250 11.43    3.00   10.43    1.84    0.06   12.33 1.329E+01

  10.589 19.560  3.79    2.40   10.49    1.46    0.04   11.99  0.846
   3.100  0.270 11.15    2.66    8.74    1.59    0.04   10.37 1.103E+01

  10.589 20.190  4.05    2.15    9.24    1.26    0.03   10.53  0.847
   3.112  0.289 10.86    2.37    7.21    1.37    0.03    8.61 9.330E+00

  10.589 20.517  4.25    1.93    8.11    1.09    0.02    9.22  0.848
   3.164  0.305 10.56    2.11    5.83    1.19    0.02    7.03 8.379E+00

  10.589 20.903  4.47    1.73    7.00    0.95    0.01    7.96  0.847
   3.208  0.323 10.26    1.89    4.47    1.03    0.01    5.51 7.399E+00

  0.000 0.000  0.000 .000  0.00  0.00  0.00  0.00  0.00  0.00 0.000
                           0.00  0.00  0.00  0.00  0.00  0.00 0.000E+00

