EXTERNAL/TSAI:  VERSION OF 8/8/96

Marathon                                                                
He3_kin3.inp                                                            
                                                                        
Hall A 2018: 25 cm He3 target                                           
Nominal values - not exact                                              

----*----1----*----2----*----3----*----4----*----5----*----6----*----7--
                                                                        

TARGET (iZ,iA) = (  2,  3);   avgA =   3.000; amuM=  3.016; avgM=  2.809
 targ=TRITIUM; ttarg(rl)=0.00075; twall=0.00481; tbeam=0.00342; tspec=0.00732
         Nseg  =   4
 MODELS: P elastc(ikk)=14; deut elastic=13; inelastc=206; Pauli Supresion= 4
 NUCLEAR METHOD= 1;   NUCLEAR_MODEL= 1
 DIS MODEL=**

    E1    TH    Q2 COS_K         SMR     NUC          INT-SMR
    EP     X    W2 QE-PK  INELA  Q-ELA  ELAST   TOTAL  MODEL

  10.589 18.921  3.41    2.89   11.65    1.86    0.07   13.59  0.840
   2.984  0.239 11.74    3.23   10.26    2.03    0.07   12.36 1.428E+01

  10.589 19.260  3.59    2.61   10.71    1.64    0.05   12.40  0.843
   3.027  0.253 11.48    2.90    9.09    1.78    0.05   10.93 1.287E+01

  10.589 19.698  3.81    2.31    9.57    1.40    0.04   11.01  0.846
   3.078  0.271 11.16    2.55    7.68    1.52    0.04    9.24 1.125E+01

  10.589 20.299  4.07    2.07    8.53    1.22    0.03    9.77  0.847
   3.097  0.290 10.87    2.28    6.40    1.32    0.03    7.75 9.519E+00

  10.589 20.975  4.35    1.88    7.58    1.07    0.02    8.66  0.847
   3.100  0.310 10.58    2.07    5.23    1.16    0.02    6.40 7.934E+00

  10.589 21.576  4.62    1.72    6.67    0.94    0.01    7.62  0.845
   3.111  0.329 10.30    1.88    4.11    1.02    0.01    5.14 6.704E+00

  10.589 21.911  4.83    1.56    5.78    0.82    0.01    6.61  0.844
   3.158  0.346  9.99    1.69    3.02    0.89    0.01    3.91 5.947E+00

  10.589 22.202  5.02    1.43    5.04    0.73    0.01    5.77  0.843
   3.196  0.362  9.74    1.55    2.10    0.80    0.01    2.90 5.347E+00

  0.000 0.000  0.000 .000  0.00  0.00  0.00  0.00  0.00  0.00 0.000
                           0.00  0.00  0.00  0.00  0.00  0.00 0.000E+00

