EXTERNAL/TSAI:  VERSION OF 8/8/96

Marathon                                                                
H1_kin4.inp                                                             
                                                                        
Hall A 2018: 25 cm Deuterium target                                     
Nominal values - not exact                                              

----*----1----*----2----*----3----*----4----*----5----*----6----*----7--
                                                                        

TARGET (iZ,iA) = (  1,  1);   avgA =   1.000; amuM=  1.007; avgM=  0.938
 targ=TRITIUM; ttarg(rl)=0.00113; twall=0.00481; tbeam=0.00342; tspec=0.00732
         Nseg  =   4
 MODELS: P elastc(ikk)=14; deut elastic=13; inelastc=206; Pauli Supresion= 4
 NUCLEAR METHOD= 1;   NUCLEAR_MODEL= 1
 DIS MODEL=**

    E1    TH    Q2 COS_K         SMR     NUC          INT-SMR
    EP     X    W2 QE-PK  INELA  Q-ELA  ELAST   TOTAL  MODEL

  10.589 20.377  3.96    2.85   11.23    0.00    2.89   14.11  1.000
   2.989  0.278 11.18    3.17    9.72    0.00    3.20   12.92 3.460E+00

  10.589 20.698  4.14    2.56   10.13    0.00    2.59   12.71  1.000
   3.030  0.292 10.92    2.83    8.36    0.00    2.86   11.22 3.156E+00

  10.589 21.127  4.38    2.25    8.83    0.00    2.27   11.10  1.000
   3.076  0.311 10.60    2.47    6.77    0.00    2.49    9.27 2.789E+00

  10.589 21.687  4.64    2.01    7.70    0.00    2.03    9.73  1.000
   3.094  0.330 10.31    2.21    5.38    0.00    2.22    7.61 2.403E+00

  10.589 22.319  4.91    1.82    6.67    0.00    1.84    8.50  1.000
   3.098  0.350 10.02    1.99    4.12    0.00    2.00    6.12 2.039E+00

  10.589 22.887  5.18    1.66    5.69    0.00    1.67    7.36  1.000
   3.108  0.369  9.74    1.80    2.92    0.00    1.81    4.73 1.745E+00

  10.589 23.227  5.41    1.49    4.74    0.00    1.50    6.24  1.000
   3.150  0.387  9.43    1.62    1.76    0.00    1.63    3.38 1.550E+00

  10.589 23.477  5.59    1.37    3.97    0.00    1.38    5.35  1.000
   3.190  0.403  9.17    1.48    0.81    0.00    1.49    2.29 1.406E+00

  0.000 0.000  0.000 .000  0.00  0.00  0.00  0.00  0.00  0.00 0.000
                           0.00  0.00  0.00  0.00  0.00  0.00 0.000E+00

