EXTERNAL/TSAI:  VERSION OF 8/8/96

Marathon                                                                
D2_kin4.inp                                                             
                                                                        
Hall A 2018: 25 cm Deuterium target                                     
Nominal values - not exact                                              

----*----1----*----2----*----3----*----4----*----5----*----6----*----7--
                                                                        

TARGET (iZ,iA) = (  1,  2);   avgA =   2.000; amuM=  2.013; avgM=  1.875
 targ=TRITIUM; ttarg(rl)=0.00114; twall=0.00481; tbeam=0.00342; tspec=0.00732
         Nseg  =   4
 MODELS: P elastc(ikk)=14; deut elastic=13; inelastc=206; Pauli Supresion= 4
 NUCLEAR METHOD= 1;   NUCLEAR_MODEL= 1
 DIS MODEL=**

    E1    TH    Q2 COS_K         SMR     NUC          INT-SMR
    EP     X    W2 QE-PK  INELA  Q-ELA  ELAST   TOTAL  MODEL

 Deut Elastic Model: ia,iamec,rsc,rscmec (1,2,3,4)=  3
 TJON DEUT ELASTIC FILESS TO BE OPEN=rscctj.tjon_input   rscqtj.tjon_input   rscmtj.tjon_input   
  10.589 20.375  3.96    2.15    9.05    1.51    0.02   10.58  0.969
   2.990  0.278 11.18    2.39    7.09    1.65    0.02    8.76 6.083E+00

  10.589 20.698  4.14    1.96    8.24    1.33    0.02    9.59  0.966
   3.030  0.292 10.92    2.18    6.08    1.46    0.02    7.56 5.480E+00

  10.589 21.127  4.38    1.76    7.27    1.15    0.01    8.44  0.966
   3.076  0.311 10.60    1.94    4.88    1.25    0.01    6.15 4.773E+00

  10.589 21.682  4.64    1.61    6.37    1.01    0.01    7.39  0.962
   3.094  0.330 10.31    1.77    3.77    1.10    0.01    4.88 4.062E+00

  10.589 22.316  4.91    1.48    5.54    0.90    0.01    6.44  0.958
   3.098  0.350 10.02    1.62    2.74    0.98    0.01    3.73 3.402E+00

  10.589 22.889  5.18    1.37    4.75    0.80    0.01    5.55  0.954
   3.107  0.369  9.74    1.49    1.77    0.87    0.01    2.64 2.878E+00

  10.589 23.223  5.41    1.25    3.94    0.70    0.01    4.65  0.951
   3.151  0.387  9.43    1.36    0.77    0.77    0.01    1.54 2.532E+00

  10.589 23.473  5.59    1.16    3.24    0.63    0.00    3.88  0.946
   3.191  0.403  9.17    1.26   -0.09    0.69    0.00    0.60 2.280E+00

  0.000 0.000  0.000 .000  0.00  0.00  0.00  0.00  0.00  0.00 0.000
                           0.00  0.00  0.00  0.00  0.00  0.00 0.000E+00

