EXTERNAL/TSAI:  VERSION OF 8/8/96

Marathon                                                                
He3_kin13.inp                                                           
                                                                        
Hall A 2018: 25 cm He3 target                                           
Nominal values - not exact                                              

----*----1----*----2----*----3----*----4----*----5----*----6----*----7--
                                                                        

TARGET (iZ,iA) = (  2,  3);   avgA =   3.000; amuM=  3.016; avgM=  2.809
 targ=TRITIUM; ttarg(rl)=0.00075; twall=0.00481; tbeam=0.00342; tspec=0.00732
         Nseg  =   4
 MODELS: P elastc(ikk)=14; deut elastic=13; inelastc=206; Pauli Supresion= 4
 NUCLEAR METHOD= 1;   NUCLEAR_MODEL= 1
 DIS MODEL=**

    E1    TH    Q2 COS_K         SMR     NUC          INT-SMR
    EP     X    W2 QE-PK  INELA  Q-ELA  ELAST   TOTAL  MODEL

  10.589 30.116  8.53    0.81   -2.68    0.34    0.00   -2.34  0.828
   2.984  0.598  6.62    0.85   -7.16    0.37    0.00   -6.79 5.285E-01

  10.589 30.337  8.71    0.77   -3.19    0.33    0.00   -2.86  0.835
   3.004  0.612  6.40    0.82   -7.77    0.36    0.00   -7.41 4.668E-01

  10.589 30.638  8.95    0.74   -3.84    0.32    0.00   -3.52  0.848
   3.027  0.631  6.12    0.78   -8.56    0.35    0.00   -8.21 3.932E-01

  10.589 30.928  9.20    0.70   -4.52    0.32    0.00   -4.20  0.867
   3.054  0.650  5.83    0.74   -9.38    0.35    0.00   -9.03 3.277E-01

  10.589 31.221  9.44    0.67   -5.22    0.32    0.00   -4.89  0.892
   3.079  0.670  5.53    0.71  -10.22    0.35    0.00   -9.87 2.705E-01

  10.589 31.572  9.70    0.65   -5.89    0.33    0.00   -5.56  0.925
   3.094  0.690  5.24    0.69  -11.03    0.36    0.00  -10.67 2.202E-01

  10.589 31.971  9.97    0.64   -6.57    0.35    0.00   -6.22  0.967
   3.103  0.709  4.96    0.68  -11.84    0.38    0.00  -11.46 1.764E-01

  10.589 32.356 10.23    0.63   -7.28    0.38    0.00   -6.90  1.020
   3.112  0.729  4.68    0.67  -12.68    0.41    0.00  -12.27 1.401E-01

  10.589 32.604 10.47    0.63   -8.03    0.43    0.00   -7.60  1.091
   3.137  0.749  4.40    0.67  -13.57    0.45    0.00  -13.12 1.122E-01

  10.589 32.826 10.70    0.63   -8.81    0.49    0.00   -8.32  1.179
   3.164  0.768  4.11    0.68  -14.50    0.52    0.00  -13.98 8.910E-02

  10.589 33.047 10.93    0.65   -9.60    0.57    0.00   -9.02  1.284
   3.189  0.787  3.84    0.70  -15.44    0.60    0.00  -14.83 7.030E-02

  10.589 33.297 11.13    0.68  -10.33    0.68    0.00   -9.65  1.388
   3.202  0.803  3.61    0.74  -16.29    0.71    0.00  -15.58 5.619E-02

  0.000 0.000  0.000 .000  0.00  0.00  0.00  0.00  0.00  0.00 0.000
                           0.00  0.00  0.00  0.00  0.00  0.00 0.000E+00

