EXTERNAL/TSAI:  VERSION OF 8/8/96

Marathon                                                                
He3_kin5.inp                                                            
                                                                        
Hall A 2018: 25 cm He3 target                                           
Nominal values - not exact                                              

----*----1----*----2----*----3----*----4----*----5----*----6----*----7--
                                                                        

TARGET (iZ,iA) = (  2,  3);   avgA =   3.000; amuM=  3.016; avgM=  2.809
 targ=TRITIUM; ttarg(rl)=0.00075; twall=0.00481; tbeam=0.00342; tspec=0.00732
         Nseg  =   4
 MODELS: P elastc(ikk)=14; deut elastic=13; inelastc=206; Pauli Supresion= 4
 NUCLEAR METHOD= 1;   NUCLEAR_MODEL= 1
 DIS MODEL=**

    E1    TH    Q2 COS_K         SMR     NUC          INT-SMR
    EP     X    W2 QE-PK  INELA  Q-ELA  ELAST   TOTAL  MODEL

  10.589 21.700  4.50    1.94    7.62    1.09    0.02    8.73  0.845
   2.999  0.316 10.62    2.13    5.29    1.19    0.02    6.49 6.906E+00

  10.589 22.024  4.69    1.77    6.81    0.97    0.01    7.79  0.844
   3.038  0.331 10.36    1.94    4.29    1.05    0.01    5.35 6.198E+00

  10.589 22.441  4.94    1.60    5.86    0.84    0.01    6.71  0.843
   3.079  0.350 10.03    1.74    3.12    0.91    0.01    4.04 5.394E+00

  10.589 22.971  5.20    1.47    5.01    0.75    0.01    5.76  0.841
   3.096  0.370  9.74    1.59    2.09    0.81    0.01    2.90 4.605E+00

  10.589 23.568  5.48    1.36    4.23    0.67    0.00    4.90  0.838
   3.100  0.390  9.46    1.47    1.13    0.72    0.00    1.86 3.875E+00

  10.589 24.107  5.74    1.26    3.46    0.60    0.00    4.07  0.835
   3.109  0.409  9.17    1.36    0.20    0.65    0.00    0.85 3.289E+00

  10.589 24.433  5.97    1.16    2.68    0.54    0.00    3.22  0.832
   3.149  0.428  8.87    1.25   -0.76    0.58    0.00   -0.18 2.883E+00

  10.589 24.670  6.16    1.08    2.01    0.49    0.00    2.50  0.829
   3.189  0.444  8.60    1.15   -1.58    0.53    0.00   -1.05 2.584E+00

  0.000 0.000  0.000 .000  0.00  0.00  0.00  0.00  0.00  0.00 0.000
                           0.00  0.00  0.00  0.00  0.00  0.00 0.000E+00

