EXTERNAL/TSAI:  VERSION OF 8/8/96

Marathon                                                                
D2_kin7.inp                                                             
                                                                        
Hall A 2018: 25 cm Deuterium target                                     
Nominal values - not exact                                              

----*----1----*----2----*----3----*----4----*----5----*----6----*----7--
                                                                        

TARGET (iZ,iA) = (  1,  2);   avgA =   2.000; amuM=  2.013; avgM=  1.875
 targ=TRITIUM; ttarg(rl)=0.00114; twall=0.00481; tbeam=0.00342; tspec=0.00732
         Nseg  =   4
 MODELS: P elastc(ikk)=14; deut elastic=13; inelastc=206; Pauli Supresion= 4
 NUCLEAR METHOD= 1;   NUCLEAR_MODEL= 1
 DIS MODEL=**

    E1    TH    Q2 COS_K         SMR     NUC          INT-SMR
    EP     X    W2 QE-PK  INELA  Q-ELA  ELAST   TOTAL  MODEL

 Deut Elastic Model: ia,iamec,rsc,rscmec (1,2,3,4)=  3
 TJON DEUT ELASTIC FILESS TO BE OPEN=rscctj.tjon_input   rscqtj.tjon_input   rscmtj.tjon_input   
  10.589 23.917  5.42    1.42    4.99    0.82    0.01    5.81  0.953
   2.979  0.379  9.74    1.55    2.06    0.90    0.01    2.96 2.380E+00

  10.589 24.191  5.59    1.33    4.36    0.75    0.01    5.11  0.951
   3.008  0.393  9.51    1.44    1.29    0.82    0.01    2.11 2.155E+00

  10.589 24.534  5.82    1.23    3.59    0.67    0.00    4.26  0.945
   3.043  0.411  9.22    1.33    0.35    0.73    0.00    1.08 1.895E+00

  10.589 24.903  6.06    1.13    2.78    0.59    0.00    3.38  0.942
   3.079  0.430  8.91    1.22   -0.64    0.64    0.00    0.01 1.645E+00

  10.589 25.376  6.32    1.06    2.07    0.54    0.00    2.61  0.936
   3.095  0.450  8.62    1.13   -1.51    0.59    0.00   -0.92 1.403E+00

  10.589 25.912  6.60    0.99    1.39    0.49    0.00    1.88  0.931
   3.099  0.470  8.34    1.06   -2.34    0.54    0.00   -1.80 1.181E+00

  10.589 26.402  6.87    0.93    0.71    0.45    0.00    1.17  0.926
   3.109  0.489  8.05    1.00   -3.16    0.49    0.00   -2.67 9.978E-01

  10.589 26.710  7.10    0.87    0.01    0.41    0.00    0.43  0.922
   3.142  0.508  7.75    0.93   -4.02    0.45    0.00   -3.56 8.638E-01

  10.589 26.940  7.31    0.81   -0.65    0.38    0.00   -0.27  0.918
   3.181  0.526  7.47    0.87   -4.83    0.42    0.00   -4.41 7.587E-01

  10.589 27.196  7.53    0.77   -1.28    0.36    0.00   -0.92  0.916
   3.214  0.544  7.19    0.81   -5.60    0.39    0.00   -5.21 6.607E-01

  0.000 0.000  0.000 .000  0.00  0.00  0.00  0.00  0.00  0.00 0.000
                           0.00  0.00  0.00  0.00  0.00  0.00 0.000E+00

