EXTERNAL/TSAI:  VERSION OF 8/8/96

Marathon                                                                
D2_kin5.inp                                                             
                                                                        
Hall A 2018: 25 cm Deuterium target                                     
Nominal values - not exact                                              

----*----1----*----2----*----3----*----4----*----5----*----6----*----7--
                                                                        

TARGET (iZ,iA) = (  1,  2);   avgA =   2.000; amuM=  2.013; avgM=  1.875
 targ=TRITIUM; ttarg(rl)=0.00114; twall=0.00481; tbeam=0.00342; tspec=0.00732
         Nseg  =   4
 MODELS: P elastc(ikk)=14; deut elastic=13; inelastc=206; Pauli Supresion= 4
 NUCLEAR METHOD= 1;   NUCLEAR_MODEL= 1
 DIS MODEL=**

    E1    TH    Q2 COS_K         SMR     NUC          INT-SMR
    EP     X    W2 QE-PK  INELA  Q-ELA  ELAST   TOTAL  MODEL

 Deut Elastic Model: ia,iamec,rsc,rscmec (1,2,3,4)=  3
 TJON DEUT ELASTIC FILESS TO BE OPEN=rscctj.tjon_input   rscqtj.tjon_input   rscmtj.tjon_input   
  10.589 21.705  4.50    1.80    7.28    1.17    0.01    8.46  0.964
   2.999  0.316 10.62    1.98    4.89    1.28    0.01    6.18 4.266E+00

  10.589 22.026  4.70    1.65    6.48    1.04    0.01    7.53  0.962
   3.038  0.331 10.35    1.81    3.91    1.13    0.01    5.05 3.824E+00

  10.589 22.448  4.94    1.50    5.57    0.90    0.01    6.48  0.959
   3.078  0.350 10.04    1.64    2.78    0.99    0.01    3.77 3.322E+00

  10.589 22.975  5.20    1.38    4.75    0.80    0.01    5.56  0.955
   3.096  0.370  9.74    1.50    1.77    0.87    0.01    2.65 2.832E+00

  10.589 23.564  5.48    1.28    3.98    0.72    0.01    4.70  0.950
   3.100  0.390  9.46    1.39    0.83    0.78    0.01    1.62 2.385E+00

  10.589 24.106  5.74    1.19    3.24    0.65    0.00    3.89  0.945
   3.109  0.409  9.17    1.29   -0.08    0.70    0.00    0.63 2.021E+00

  10.589 24.429  5.97    1.10    2.46    0.58    0.00    3.04  0.941
   3.150  0.428  8.87    1.18   -1.04    0.63    0.00   -0.41 1.770E+00

  10.589 24.677  6.16    1.02    1.81    0.52    0.00    2.34  0.937
   3.187  0.444  8.61    1.10   -1.84    0.57    0.00   -1.26 1.583E+00

  0.000 0.000  0.000 .000  0.00  0.00  0.00  0.00  0.00  0.00 0.000
                           0.00  0.00  0.00  0.00  0.00  0.00 0.000E+00

