EXTERNAL/TSAI:  VERSION OF 8/8/96

Marathon                                                                
D2_kin0.inp                                                             
                                                                        
Hall A 2018: 25 cm Deuterium target                                     
Nominal values - not exact                                              

----*----1----*----2----*----3----*----4----*----5----*----6----*----7--
                                                                        

TARGET (iZ,iA) = (  1,  2);   avgA =   2.000; amuM=  2.013; avgM=  1.875
 targ=TRITIUM; ttarg(rl)=0.00114; twall=0.00481; tbeam=0.00342; tspec=0.00732
         Nseg  =   4
 MODELS: P elastc(ikk)=14; deut elastic=13; inelastc=206; Pauli Supresion= 4
 NUCLEAR METHOD= 1;   NUCLEAR_MODEL= 1
 DIS MODEL=**

    E1    TH    Q2 COS_K         SMR     NUC          INT-SMR
    EP     X    W2 QE-PK  INELA  Q-ELA  ELAST   TOTAL  MODEL

 Deut Elastic Model: ia,iamec,rsc,rscmec (1,2,3,4)=  3
 TJON DEUT ELASTIC FILESS TO BE OPEN=rscctj.tjon_input   rscqtj.tjon_input   rscmtj.tjon_input   
  10.589 15.285  2.25    4.34   15.80    3.73    0.15   19.69  0.954
   3.000  0.158 12.87    5.00   15.71    4.10    0.15   19.97 2.339E+01

  10.589 15.717  2.42    3.80   14.65    3.20    0.12   17.97  0.961
   3.062  0.172 12.58    4.36   14.23    3.51    0.12   17.85 2.047E+01

  10.589 16.404  2.67    3.31   13.40    2.70    0.09   16.19  0.964
   3.095  0.190 12.28    3.77   12.62    2.95    0.09   15.65 1.681E+01

  10.589 17.232  2.94    2.92   12.23    2.30    0.06   14.59  0.966
   3.098  0.209 11.99    3.30   11.10    2.51    0.06   13.68 1.341E+01

  10.589 17.949  3.21    2.59   11.13    1.97    0.05   13.14  0.969
   3.111  0.228 11.71    2.92    9.70    2.16    0.05   11.91 1.101E+01

  10.589 18.304  3.39    2.32   10.15    1.71    0.04   11.89  0.970
   3.164  0.243 11.42    2.60    8.47    1.87    0.04   10.37 9.825E+00

  10.589 18.776  3.61    2.07    9.12    1.47    0.03   10.62  0.970
   3.206  0.261 11.12    2.30    7.18    1.61    0.03    8.82 8.507E+00

  0.000 0.000  0.000 .000  0.00  0.00  0.00  0.00  0.00  0.00 0.000
                           0.00  0.00  0.00  0.00  0.00  0.00 0.000E+00

