EXTERNAL/TSAI:  VERSION OF 8/8/96

Marathon                                                                
H3_kin3.inp                                                             
                                                                        
Hall A 2018: 25 cm Tritium target                                       
Nominal values - not exact                                              

----*----1----*----2----*----3----*----4----*----5----*----6----*----7--
                                                                        

TARGET (iZ,iA) = (  1,  3);   avgA =   3.000; amuM=  3.016; avgM=  2.809
 targ=TRITIUM; ttarg(rl)=0.00042; twall=0.00481; tbeam=0.00342; tspec=0.00732
         Nseg  =   4
 MODELS: P elastc(ikk)=14; deut elastic=13; inelastc=206; Pauli Supresion= 4
 NUCLEAR METHOD= 1;   NUCLEAR_MODEL= 1
 DIS MODEL=**

    E1    TH    Q2 COS_K         SMR     NUC          INT-SMR
    EP     X    W2 QE-PK  INELA  Q-ELA  ELAST   TOTAL  MODEL

  10.589 18.921  3.41    2.28   10.80    1.59    0.08   12.47  0.875
   2.983  0.239 11.74    2.55    9.12    1.72    0.08   10.91 1.261E+01

  10.589 19.261  3.59    2.08    9.91    1.41    0.06   11.37  0.876
   3.027  0.253 11.48    2.32    8.01    1.52    0.06    9.60 1.130E+01

  10.589 19.702  3.82    1.87    8.83    1.21    0.04   10.09  0.875
   3.077  0.271 11.16    2.07    6.70    1.31    0.04    8.05 9.800E+00

  10.589 20.298  4.07    1.71    7.86    1.06    0.03    8.95  0.872
   3.097  0.290 10.87    1.88    5.50    1.15    0.03    6.68 8.243E+00

  10.589 20.975  4.35    1.57    6.96    0.94    0.02    7.92  0.868
   3.100  0.310 10.58    1.72    4.41    1.01    0.02    5.44 6.823E+00

  10.589 21.576  4.62    1.45    6.10    0.83    0.01    6.95  0.862
   3.111  0.329 10.30    1.58    3.35    0.89    0.01    4.26 5.729E+00

  10.589 21.912  4.83    1.33    5.24    0.73    0.01    5.98  0.856
   3.158  0.346  9.99    1.44    2.30    0.78    0.01    3.10 5.051E+00

  10.589 22.225  5.03    1.23    4.49    0.65    0.01    5.15  0.851
   3.197  0.363  9.72    1.33    1.38    0.70    0.01    2.08 4.488E+00

  0.000 0.000  0.000 .000  0.00  0.00  0.00  0.00  0.00  0.00 0.000
                           0.00  0.00  0.00  0.00  0.00  0.00 0.000E+00

