EXTERNAL/TSAI:  VERSION OF 8/8/96

Marathon                                                                
H3_kin15.inp                                                            
                                                                        
Hall A 2018: 25 cm Tritium target                                       
Nominal values - not exact                                              

----*----1----*----2----*----3----*----4----*----5----*----6----*----7--
                                                                        

TARGET (iZ,iA) = (  1,  3);   avgA =   3.000; amuM=  3.016; avgM=  2.809
 targ=TRITIUM; ttarg(rl)=0.00042; twall=0.00481; tbeam=0.00342; tspec=0.00732
         Nseg  =   4
 MODELS: P elastc(ikk)=14; deut elastic=13; inelastc=206; Pauli Supresion= 4
 NUCLEAR METHOD= 1;   NUCLEAR_MODEL= 1
 DIS MODEL=**

    E1    TH    Q2 COS_K         SMR     NUC          INT-SMR
    EP     X    W2 QE-PK  INELA  Q-ELA  ELAST   TOTAL  MODEL

  10.589 32.030  9.63    0.68   -4.95    0.30    0.00   -4.65  0.823
   2.988  0.675  5.51    0.72   -9.86    0.33    0.00   -9.54 1.867E-01

  10.589 32.264  9.83    0.66   -5.47    0.31    0.00   -5.16  0.844
   3.007  0.691  5.27    0.70  -10.48    0.33    0.00  -10.15 1.590E-01

  10.589 32.544 10.08    0.64   -6.10    0.32    0.00   -5.77  0.878
   3.030  0.710  4.99    0.68  -11.23    0.34    0.00  -10.88 1.299E-01

  10.589 32.828 10.33    0.63   -6.75    0.35    0.00   -6.41  0.924
   3.053  0.730  4.70    0.67  -12.01    0.37    0.00  -11.64 1.047E-01

  10.589 33.108 10.57    0.62   -7.42    0.38    0.00   -7.04  0.984
   3.075  0.750  4.41    0.66  -12.80    0.40    0.00  -12.40 8.366E-02

  10.589 33.422 10.83    0.63   -8.12    0.43    0.00   -7.68  1.059
   3.092  0.770  4.12    0.67  -13.61    0.46    0.00  -13.16 6.601E-02

  10.589 33.813 11.10    0.64   -8.81    0.51    0.00   -8.31  1.150
   3.098  0.790  3.84    0.69  -14.43    0.53    0.00  -13.90 5.101E-02

  10.589 34.144 11.36    0.67   -9.58    0.61    0.00   -8.97  1.261
   3.111  0.809  3.56    0.72  -15.32    0.63    0.00  -14.69 3.930E-02

  10.589 34.367 11.59    0.71  -10.43    0.76    0.00   -9.68  1.396
   3.135  0.829  3.28    0.77  -16.30    0.78    0.00  -15.52 3.032E-02

  10.589 34.574 11.78    0.76  -11.17    0.92    0.00  -10.25  1.511
   3.150  0.844  3.06    0.84  -17.14    0.94    0.00  -16.21 2.445E-02

  0.000 0.000  0.000 .000  0.00  0.00  0.00  0.00  0.00  0.00 0.000
                           0.00  0.00  0.00  0.00  0.00  0.00 0.000E+00

