EXTERNAL/TSAI:  VERSION OF 8/8/96

Marathon                                                                
H3_kin4.inp                                                             
                                                                        
Hall A 2018: 25 cm Tritium target                                       
Nominal values - not exact                                              

----*----1----*----2----*----3----*----4----*----5----*----6----*----7--
                                                                        

TARGET (iZ,iA) = (  1,  3);   avgA =   3.000; amuM=  3.016; avgM=  2.809
 targ=TRITIUM; ttarg(rl)=0.00042; twall=0.00481; tbeam=0.00342; tspec=0.00732
         Nseg  =   4
 MODELS: P elastc(ikk)=14; deut elastic=13; inelastc=206; Pauli Supresion= 4
 NUCLEAR METHOD= 1;   NUCLEAR_MODEL= 1
 DIS MODEL=**

    E1    TH    Q2 COS_K         SMR     NUC          INT-SMR
    EP     X    W2 QE-PK  INELA  Q-ELA  ELAST   TOTAL  MODEL

  10.589 20.373  3.96    1.91    8.79    1.23    0.04   10.06  0.873
   2.990  0.278 11.18    2.11    6.65    1.33    0.04    8.01 8.524E+00

  10.589 20.694  4.14    1.76    7.99    1.09    0.03    9.11  0.871
   3.030  0.292 10.92    1.93    5.66    1.18    0.03    6.87 7.657E+00

  10.589 21.123  4.38    1.59    7.00    0.95    0.02    7.96  0.867
   3.076  0.311 10.60    1.74    4.45    1.02    0.02    5.49 6.636E+00

  10.589 21.680  4.64    1.46    6.12    0.83    0.01    6.96  0.862
   3.095  0.330 10.31    1.59    3.37    0.90    0.01    4.29 5.617E+00

  10.589 22.314  4.91    1.36    5.30    0.74    0.01    6.05  0.855
   3.099  0.350 10.02    1.48    2.38    0.80    0.01    3.19 4.683E+00

  10.589 22.878  5.18    1.27    4.50    0.66    0.01    5.16  0.848
   3.109  0.369  9.74    1.37    1.40    0.71    0.01    2.13 3.951E+00

  10.589 23.217  5.40    1.17    3.70    0.59    0.00    4.29  0.841
   3.151  0.387  9.43    1.26    0.43    0.63    0.00    1.06 3.461E+00

  10.589 23.466  5.59    1.09    3.00    0.53    0.00    3.53  0.834
   3.194  0.403  9.16    1.17   -0.43    0.57    0.00    0.14 3.100E+00

  0.000 0.000  0.000 .000  0.00  0.00  0.00  0.00  0.00  0.00 0.000
                           0.00  0.00  0.00  0.00  0.00  0.00 0.000E+00

