EXTERNAL/TSAI:  VERSION OF 8/8/96

Marathon                                                                
H3_kin5.inp                                                             
                                                                        
Hall A 2018: 25 cm Tritium target                                       
Nominal values - not exact                                              

----*----1----*----2----*----3----*----4----*----5----*----6----*----7--
                                                                        

TARGET (iZ,iA) = (  1,  3);   avgA =   3.000; amuM=  3.016; avgM=  2.809
 targ=TRITIUM; ttarg(rl)=0.00042; twall=0.00481; tbeam=0.00342; tspec=0.00732
         Nseg  =   4
 MODELS: P elastc(ikk)=14; deut elastic=13; inelastc=206; Pauli Supresion= 4
 NUCLEAR METHOD= 1;   NUCLEAR_MODEL= 1
 DIS MODEL=**

    E1    TH    Q2 COS_K         SMR     NUC          INT-SMR
    EP     X    W2 QE-PK  INELA  Q-ELA  ELAST   TOTAL  MODEL

  10.589 21.706  4.50    1.69    7.43    1.00    0.02    8.44  0.865
   3.000  0.316 10.62    1.84    4.95    1.08    0.02    6.05 5.700E+00

  10.589 22.031  4.70    1.55    6.53    0.89    0.01    7.43  0.861
   3.038  0.331 10.35    1.69    3.86    0.96    0.01    4.83 5.107E+00

  10.589 22.438  4.94    1.41    5.51    0.77    0.01    6.29  0.855
   3.079  0.350 10.04    1.54    2.62    0.83    0.01    3.46 4.443E+00

  10.589 22.969  5.20    1.31    4.59    0.68    0.01    5.29  0.847
   3.096  0.370  9.74    1.42    1.51    0.74    0.01    2.26 3.775E+00

  10.589 23.569  5.48    1.23    3.77    0.62    0.00    4.38  0.840
   3.099  0.390  9.46    1.32    0.51    0.66    0.00    1.18 3.164E+00

  10.589 24.103  5.74    1.15    2.98    0.55    0.00    3.54  0.831
   3.110  0.409  9.17    1.24   -0.43    0.60    0.00    0.17 2.672E+00

  10.589 24.436  5.97    1.07    2.16    0.50    0.00    2.66  0.824
   3.148  0.428  8.87    1.14   -1.43    0.53    0.00   -0.89 2.329E+00

  10.589 24.670  6.16    1.00    1.48    0.45    0.00    1.93  0.818
   3.188  0.444  8.61    1.07   -2.25    0.48    0.00   -1.77 2.080E+00

  0.000 0.000  0.000 .000  0.00  0.00  0.00  0.00  0.00  0.00 0.000
                           0.00  0.00  0.00  0.00  0.00  0.00 0.000E+00

