EXTERNAL/TSAI:  VERSION OF 8/8/96

Marathon                                                                
D2_kin11.inp                                                            
                                                                        
Hall A 2018: 25 cm Deuterium target                                     
Nominal values - not exact                                              

----*----1----*----2----*----3----*----4----*----5----*----6----*----7--
                                                                        

TARGET (iZ,iA) = (  1,  2);   avgA =   2.000; amuM=  2.013; avgM=  1.875
 targ=TRITIUM; ttarg(rl)=0.00114; twall=0.00481; tbeam=0.00342; tspec=0.00732
         Nseg  =   4
 MODELS: P elastc(ikk)=14; deut elastic=13; inelastc=206; Pauli Supresion= 4
 NUCLEAR METHOD= 1;   NUCLEAR_MODEL= 1
 DIS MODEL=**

    E1    TH    Q2 COS_K         SMR     NUC          INT-SMR
    EP     X    W2 QE-PK  INELA  Q-ELA  ELAST   TOTAL  MODEL

 Deut Elastic Model: ia,iamec,rsc,rscmec (1,2,3,4)=  3
 TJON DEUT ELASTIC FILESS TO BE OPEN=rscctj.tjon_input   rscqtj.tjon_input   rscmtj.tjon_input   
  10.589 28.337  7.61    0.88   -0.43    0.42    0.00   -0.01  0.918
   2.998  0.534  7.52    0.94   -4.51    0.45    0.00   -4.06 6.070E-01

  10.589 28.619  7.82    0.84   -1.02    0.39    0.00   -0.63  0.915
   3.023  0.551  7.26    0.89   -5.24    0.42    0.00   -4.81 5.294E-01

  10.589 28.936  8.07    0.78   -1.70    0.36    0.00   -1.34  0.913
   3.051  0.570  6.96    0.83   -6.06    0.40    0.00   -5.67 4.510E-01

  10.589 29.254  8.32    0.74   -2.38    0.34    0.00   -2.04  0.910
   3.079  0.590  6.66    0.78   -6.89    0.37    0.00   -6.52 3.811E-01

  10.589 29.637  8.58    0.70   -3.01    0.33    0.00   -2.68  0.910
   3.095  0.610  6.37    0.75   -7.65    0.36    0.00   -7.29 3.182E-01

  10.589 30.082  8.85    0.68   -3.61    0.32    0.00   -3.29  0.909
   3.101  0.629  6.09    0.72   -8.38    0.35    0.00   -8.04 2.621E-01

  10.589 30.497  9.11    0.65   -4.23    0.31    0.00   -3.92  0.910
   3.110  0.649  5.80    0.69   -9.13    0.34    0.00   -8.79 2.153E-01

  10.589 30.754  9.35    0.62   -4.89    0.31    0.00   -4.59  0.913
   3.139  0.669  5.51    0.66   -9.94    0.33    0.00   -9.60 1.790E-01

  10.589 31.006  9.58    0.60   -5.54    0.30    0.00   -5.24  0.917
   3.167  0.688  5.23    0.64  -10.72    0.33    0.00  -10.39 1.484E-01

  10.589 31.213  9.78    0.58   -6.11    0.31    0.00   -5.80  0.921
   3.191  0.705  4.98    0.62  -11.42    0.34    0.00  -11.08 1.252E-01

  10.589 31.585 10.01    0.58   -6.64    0.32    0.00   -6.32  0.928
   3.192  0.721  4.75    0.62  -12.04    0.35    0.00  -11.70 1.032E-01

  0.000 0.000  0.000 .000  0.00  0.00  0.00  0.00  0.00  0.00 0.000
                           0.00  0.00  0.00  0.00  0.00  0.00 0.000E+00

