EXTERNAL/TSAI:  VERSION OF 8/8/96

Marathon                                                                
D2_kin3.inp                                                             
                                                                        
Hall A 2018: 25 cm Deuterium target                                     
Nominal values - not exact                                              

----*----1----*----2----*----3----*----4----*----5----*----6----*----7--
                                                                        

TARGET (iZ,iA) = (  1,  2);   avgA =   2.000; amuM=  2.013; avgM=  1.875
 targ=TRITIUM; ttarg(rl)=0.00114; twall=0.00481; tbeam=0.00342; tspec=0.00732
         Nseg  =   4
 MODELS: P elastc(ikk)=14; deut elastic=13; inelastc=206; Pauli Supresion= 4
 NUCLEAR METHOD= 1;   NUCLEAR_MODEL= 1
 DIS MODEL=**

    E1    TH    Q2 COS_K         SMR     NUC          INT-SMR
    EP     X    W2 QE-PK  INELA  Q-ELA  ELAST   TOTAL  MODEL

 Deut Elastic Model: ia,iamec,rsc,rscmec (1,2,3,4)=  3
 TJON DEUT ELASTIC FILESS TO BE OPEN=rscctj.tjon_input   rscqtj.tjon_input   rscmtj.tjon_input   
  10.589 18.924  3.42    2.62   11.48    1.97    0.04   13.49  0.969
   2.984  0.239 11.74    2.94   10.06    2.16    0.04   12.26 8.916E+00

  10.589 19.262  3.59    2.37   10.56    1.74    0.03   12.33  0.969
   3.027  0.253 11.48    2.66    8.92    1.90    0.03   10.86 8.024E+00

  10.589 19.701  3.82    2.11    9.45    1.49    0.03   10.96  0.969
   3.078  0.271 11.16    2.35    7.54    1.62    0.03    9.19 6.997E+00

  10.589 20.295  4.07    1.90    8.45    1.29    0.02    9.76  0.968
   3.098  0.290 10.87    2.11    6.30    1.41    0.02    7.73 5.917E+00

  10.589 20.972  4.35    1.74    7.51    1.14    0.01    8.66  0.966
   3.101  0.310 10.58    1.92    5.15    1.24    0.01    6.40 4.922E+00

  10.589 21.576  4.62    1.59    6.62    1.00    0.01    7.63  0.962
   3.111  0.329 10.30    1.75    4.04    1.09    0.01    5.15 4.151E+00

  10.589 21.916  4.83    1.45    5.74    0.88    0.01    6.63  0.959
   3.157  0.346 10.00    1.58    2.96    0.96    0.01    3.93 3.674E+00

  10.589 22.216  5.02    1.34    4.99    0.78    0.01    5.78  0.956
   3.195  0.362  9.73    1.46    2.03    0.85    0.01    2.90 3.293E+00

  0.000 0.000  0.000 .000  0.00  0.00  0.00  0.00  0.00  0.00 0.000
                           0.00  0.00  0.00  0.00  0.00  0.00 0.000E+00

