exp   x   Q2   W2   F2d/p    F2d/p_err   F2d/p_f1f217    f2d/p_ineft    F2d_f1f217    F2p_f1f217    F2d_ineft    F2p_ineft
2  0.742  6.115  3.00659  0.7906  0.0384232  0.677685  0.60248  0.05276  0.03892  0.02745  0.04557
2  0.127  1.36  10.229  1.0674  0.0815494  0.884675  0.91851  0.60307  0.34084  0.30375  0.3307
2  0.8  13.918  4.35985  1.0848  0.246467  0.804065  0.75864  0.01898  0.0118  0.00936  0.01233
5  0.535  5.652  5.79284  0.9032  0.104099  0.73699  0.74784  0.19489  0.13222  0.09996  0.13367
5  0.724  7.481  3.73223  0.5054  0.0682459  0.69119  0.72118  0.05266  0.0381  0.02764  0.03832
8  0.077  0.237  3.72128  0.7478  0.0389374  0.943945  0.96116  0.39397  0.20868  0.20233  0.21051
8  0.101  0.281  3.38153  0.6631  0.0354386  0.933385  0.97927  0.43152  0.23116  0.22366  0.22839
8  0.541  0.559  1.35463  1.139  0.0970302  0.98151  0.89125  0.30607  0.15592  0.11094  0.12448
8  0.554  0.562  1.3328  1.6477  0.141184  1.09695  1.00491  0.26068  0.11882  0.09835  0.09787
8  0.568  0.565  1.31007  2.1673  0.186783  1.24862  1.14263  0.2174  0.08706  0.08707  0.0762
8  0.582  0.568  1.2883  2.9124  0.253022  1.44158  1.29685  0.18096  0.06276  0.07754  0.05979
8  0.54  0.973  1.70921  1.0691  0.0553525  0.950405  0.88585  0.27819  0.14635  0.13554  0.15301
8  0.559  0.986  1.65822  1.0137  0.0524842  0.929215  0.84096  0.28885  0.15543  0.13826  0.16441
8  0.569  0.992  1.63176  0.9919  0.0513555  0.90351  0.81055  0.29555  0.16355  0.14085  0.17377
8  0.589  1.005  1.58164  0.902  0.046701  0.825005  0.73806  0.30663  0.18583  0.14699  0.19916
8  0.631  1.031  1.48327  0.7483  0.03889  0.658965  0.59184  0.29814  0.22622  0.13945  0.23563
8  0.643  1.038  1.45666  0.7418  0.0386978  0.65337  0.5928  0.28371  0.21711  0.12705  0.21432
8  0.667  1.051  1.40507  0.9541  0.0551203  0.73882  0.69279  0.24148  0.16342  0.09937  0.14343
8  0.679  1.058  1.38053  1.1725  0.102912  0.831165  0.78127  0.21694  0.1305  0.08769  0.11224
8  0.691  1.064  1.35615  1.5276  0.134839  0.9608  0.88892  0.19206  0.09995  0.07775  0.08747
8  0.705  1.071  1.3285  1.9687  0.174361  1.16425  1.03036  0.16462  0.0707  0.06809  0.06608
8  0.717  1.077  1.30545  2.6268  0.234995  1.40006  1.16323  0.14354  0.05126  0.06098  0.05242
8  0.731  1.084  1.27926  3.2068  0.287838  1.79358  1.33528  0.12255  0.03416  0.05355  0.04011
8  0.745  1.09  1.25344  4.7352  0.430202  2.43985  1.5427  0.1056  0.02164  0.04659  0.0302
8  0.759  1.097  1.22868  7.561  0.700461  3.63164  1.81685  0.09297  0.0128  0.03989  0.02196
8  0.773  1.103  1.20426  13.1616  1.23894  6.42497  2.27609  0.08426  0.00656  0.0331  0.01454
8  0.789  1.11  1.1772  35.1221  3.41791  19.5999  3.74625  0.07889  0.00201  0.02506  0.00669
8  0.734  1.515  1.42939  0.8037  0.0414538  0.646545  0.62888  0.15721  0.12157  0.07308  0.11621
8  0.744  1.522  1.40405  0.8982  0.0465923  0.712515  0.69901  0.14535  0.102  0.06514  0.09318
8  0.754  1.529  1.37921  1.0682  0.0898321  0.817535  0.79121  0.13281  0.08123  0.05809  0.07343
8  0.765  1.536  1.3522  1.3883  0.117165  0.98594  0.91045  0.11897  0.06033  0.0514  0.05646
8  0.776  1.543  1.32576  1.8083  0.153329  1.22394  1.04125  0.10587  0.04325  0.0456  0.0438
8  0.787  1.55  1.29986  2.1371  0.182057  1.56544  1.18246  0.09409  0.03005  0.0404  0.03417
8  0.798  1.557  1.27448  2.9675  0.254861  2.08462  1.33974  0.08404  0.02016  0.03556  0.02654
8  0.809  1.564  1.24961  3.9123  0.338725  2.95213  1.52953  0.07591  0.01286  0.03089  0.0202
8  0.821  1.571  1.22288  5.8798  0.515495  4.85773  1.82493  0.06935  0.00714  0.02582  0.01415
8  0.833  1.578  1.19671  10.3152  0.920755  10.0396  2.38733  0.06523  0.00325  0.02066  0.00865
8  0.845  1.585  1.17109  32.2571  2.94024  37.7932  4.42389  0.06351  0.00084  0.0153  0.00346
8  0.569  1.717  2.18093  0.6071  0.032088  0.68051  0.76747  0.24  0.17634  0.12679  0.1652
8  0.759  1.907  1.48587  0.7255  0.0397004  0.601035  0.57538  0.1188  0.09883  0.06197  0.1077
8  0.767  1.914  1.46179  0.7266  0.039975  0.594045  0.57998  0.11369  0.09569  0.05755  0.09923
8  0.776  1.921  1.43487  0.7545  0.0418067  0.61858  0.61801  0.1071  0.08657  0.05201  0.08416
8  0.785  1.928  1.40841  0.9263  0.0514172  0.6828  0.68837  0.09979  0.07308  0.04659  0.06769
8  0.794  1.935  1.38238  0.9684  0.0837473  0.792035  0.78282  0.09212  0.05815  0.04169  0.05326
8  0.803  1.942  1.35679  1.1024  0.0958832  0.954185  0.89246  0.08442  0.04424  0.03735  0.04185
8  0.812  1.949  1.3316  1.422  0.124105  1.18457  1.01126  0.07705  0.03252  0.03347  0.0331
8  0.821  1.956  1.30682  1.6299  0.142897  1.51371  1.13766  0.07029  0.02322  0.0299  0.02628
8  0.831  1.963  1.27957  2.1344  0.188824  2.07732  1.29292  0.06378  0.01535  0.02616  0.02023
8  0.84  1.97  1.25559  2.4067  0.214348  2.91328  1.45748  0.05896  0.01012  0.02289  0.01571
8  0.85  1.977  1.22924  3.524  0.31701  4.68957  1.70755  0.05491  0.00585  0.01927  0.01129
8  0.86  1.984  1.20333  5.7299  0.52399  9.07408  2.14537  0.05228  0.00288  0.0156  0.00727
8  0.87  1.991  1.17786  12.7731  1.18586  26.9357  3.38449  0.0511  0.00095  0.01182  0.00349
8  0.857  2.622  1.31786  1.4753  0.124214  1.40806  1.08891  0.04541  0.01612  0.01889  0.01735
8  0.873  2.654  1.26645  2.5159  0.215076  2.70563  1.37632  0.03939  0.00728  0.01447  0.01051
8  0.906  2.719  1.16246  261.943  27.8892  125.898  7.41972  0.03453  0.00014  0.00537  0.00072
8  0.638  2.304  2.18764  0.5734  0.0304195  0.637805  0.71975  0.16832  0.13195  0.08826  0.12262
8  0.6445  2.315  2.15729  0.5811  0.0309421  0.69423  0.7317  0.16177  0.11651  0.07992  0.10923
8  0.787  2.532  1.56564  0.8385  0.0440716  0.71644  0.66214  0.07722  0.0539  0.04046  0.06111
8  0.795  2.544  1.53635  0.7785  0.0410709  0.65647  0.61778  0.07435  0.05663  0.0391  0.0633
8  0.8035  2.554  1.50495  0.7641  0.0395612  0.60345  0.58091  0.07106  0.05888  0.03711  0.06389
8  0.8115  2.565  1.47617  0.7437  0.0366825  0.57812  0.57186  0.06757  0.05844  0.03454  0.0604
8  0.82  2.576  1.44582  0.7216  0.0357338  0.58869  0.60211  0.06355  0.05398  0.03134  0.05205
8  0.828  2.587  1.41775  0.7883  0.0391912  0.643065  0.66936  0.05954  0.04629  0.02827  0.04224
8  0.8715  2.641  1.26976  1.6055  0.134539  2.57198  1.35442  0.03998  0.00777  0.01487  0.01098
8  0.8805  2.652  1.24028  2.109  0.17736  4.20873  1.58038  0.03755  0.00446  0.01241  0.00785
8  0.8895  2.663  1.21117  2.8082  0.236997  8.20811  1.95796  0.03595  0.00219  0.00992  0.00506
8  0.8995  2.674  1.17912  5.1771  0.441546  28.8433  3.22485  0.0352  0.00061  0.00707  0.00219
8  0.6835  3.095  2.31352  0.767  0.0404642  0.603875  0.59677  0.11953  0.09897  0.0611  0.10238
8  0.6905  3.115  2.27658  0.6731  0.0355103  0.558585  0.57378  0.11515  0.10307  0.05866  0.10224
8  0.7115  3.171  2.16614  0.5581  0.029827  0.646585  0.71249  0.10092  0.07804  0.05102  0.07161
8  0.719  3.191  2.12746  0.5902  0.0316586  0.714965  0.74933  0.09561  0.06687  0.04674  0.06238
8  0.7795  3.341  1.82544  1.0424  0.0515178  0.853395  0.85138  0.06069  0.03556  0.02992  0.03514
8  0.7875  3.361  1.78729  1.0382  0.0514119  0.856805  0.8465  0.05742  0.03351  0.02844  0.0336
8  0.8115  3.417  1.67408  1.0988  0.0571059  0.846925  0.79262  0.04901  0.02894  0.02435  0.03072
8  0.8195  3.436  1.63716  0.9593  0.0499501  0.81716  0.75697  0.04653  0.02847  0.02307  0.03048
8  0.8275  3.455  1.60058  0.9008  0.0469924  0.76652  0.71092  0.04412  0.02878  0.02182  0.03069
8  0.836  3.474  1.56186  0.8821  0.04619  0.69521  0.65343  0.04164  0.02994  0.02049  0.03135
8  0.8445  3.493  1.52353  0.78  0.0409203  0.623275  0.60027  0.03912  0.03138  0.01907  0.03177
8  0.853  3.512  1.48559  0.7733  0.0409484  0.57732  0.57801  0.03656  0.03166  0.01749  0.03026
8  0.8615  3.531  1.44802  0.7065  0.0376887  0.584425  0.616  0.03398  0.02907  0.01578  0.02562
8  0.87  3.55  1.41081  0.8529  0.0460851  0.669175  0.72029  0.03141  0.02347  0.01406  0.01952
8  0.8875  3.588  1.33517  1.4291  0.124015  1.23175  1.04673  0.02658  0.01079  0.01073  0.01025
8  0.896  3.607  1.29902  1.3388  0.117509  1.86706  1.22732  0.02464  0.0066  0.00916  0.00746
8  0.905  3.626  1.26098  1.8311  0.163084  3.22249  1.45661  0.02302  0.00357  0.00749  0.00514
8  0.914  3.644  1.22323  2.5673  0.232734  6.74428  1.81802  0.02191  0.00162  0.00579  0.00318
8  0.923  3.663  1.18594  4.6535  0.432957  22.7947  2.82303  0.02134  0.00047  0.00404  0.00143
8  0.718  3.625  2.3041  0.7  0.0352814  0.576455  0.58333  0.09001  0.07807  0.0464  0.07954
8  0.742  3.706  2.16896  0.5004  0.0263011  0.625465  0.70977  0.07646  0.06112  0.03933  0.05541
8  0.7505  3.732  2.12104  0.5413  0.0283976  0.70663  0.75358  0.07162  0.05068  0.03521  0.04673
8  0.759  3.759  2.07392  0.576  0.0304443  0.767775  0.79053  0.06688  0.04356  0.03226  0.04081
8  0.836  3.999  1.66485  1.098  0.0622445  0.827325  0.79121  0.03551  0.02146  0.01725  0.0218
8  0.8445  4.026  1.62167  1.0142  0.0584925  0.78846  0.74528  0.03315  0.02102  0.01594  0.02139
8  0.8535  4.053  1.57604  0.9544  0.0555137  0.71812  0.68097  0.03081  0.02145  0.01458  0.02141
8  0.863  4.08  1.52805  0.965  0.0567958  0.63077  0.61207  0.02841  0.02252  0.01316  0.02151
8  0.872  4.106  1.48307  0.8611  0.0521239  0.57874  0.58947  0.02619  0.02263  0.01185  0.02011
8  0.881  4.133  1.43861  0.8513  0.0520345  0.6039  0.65636  0.02402  0.01989  0.01058  0.01612
8  0.89  4.16  1.39451  1.0352  0.0937413  0.75096  0.81133  0.02197  0.01463  0.00933  0.0115
8  0.909  4.213  1.30212  1.3268  0.123972  1.86313  1.25215  0.01837  0.00493  0.00662  0.00529
8  0.9185  4.24  1.25658  1.7338  0.165793  3.62983  1.53626  0.0171  0.00236  0.00521  0.00339
8  0.928  4.267  1.21142  2.381  0.230997  9.61858  2.06806  0.01627  0.00085  0.00374  0.00181
8  0.938  4.294  1.16418  29.5137  2.91323  117.855  6.71886  0.01591  7e-05  0.00211  0.00031
