EXTERNAL/TSAI:  VERSION OF 8/8/96

Marathon                                                                
He3_kin0.inp                                                            
                                                                        
Hall A 2018: 25 cm He3 target                                           
Nominal values - not exact                                              

----*----1----*----2----*----3----*----4----*----5----*----6----*----7--
                                                                        

TARGET (iZ,iA) = (  2,  3);   avgA =   3.000; amuM=  3.016; avgM=  2.809
 targ=TRITIUM; ttarg(rl)=0.00075; twall=0.00000; tbeam=0.00285; tspec=0.00000
         Nseg  =   4
 MODELS: P elastc(ikk)=14; deut elastic=13; inelastc=206; Pauli Supresion= 4
 NUCLEAR METHOD= 1;   NUCLEAR_MODEL= 1
 DIS MODEL=111

    E1    TH    Q2 COS_K         SMR     NUC          INT-SMR
    EP     X    W2 QE-PK  INELA  Q-ELA  ELAST   TOTAL  MODEL

  10.589 15.283  2.25    5.41   17.84    3.88    0.36   22.08  0.808
   3.001  0.158 12.87    6.06   19.62    4.37    0.36   24.35 3.383E+01

  10.589 15.714  2.42    4.68   16.46    3.30    0.27   20.02  0.818
   3.063  0.172 12.58    5.22   18.08    3.71    0.27   22.06 2.984E+01

  10.589 16.403  2.67    4.02   15.00    2.77    0.19   17.95  0.827
   3.095  0.190 12.28    4.47   16.46    3.11    0.19   19.76 2.472E+01

  10.589 17.232  2.94    3.50   13.59    2.34    0.13   16.06  0.835
   3.098  0.209 11.99    3.87   14.91    2.63    0.13   17.67 1.989E+01

  10.589 17.949  3.21    3.07   12.31    2.00    0.09   14.39  0.840
   3.111  0.229 11.71    3.38   13.50    2.24    0.09   15.83 1.645E+01

  10.589 18.306  3.39    2.72   11.18    1.72    0.06   12.96  0.844
   3.165  0.243 11.42    2.99   12.25    1.93    0.06   14.25 1.477E+01

  10.589 18.738  3.61    2.39    9.98    1.46    0.04   11.49  0.848
   3.216  0.261 11.10    2.61   10.93    1.64    0.04   12.62 1.296E+01

  0.000 0.000  0.000 .000  0.00  0.00  0.00  0.00  0.00  0.00 0.000
                           0.00  0.00  0.00  0.00  0.00  0.00 0.000E+00

