EXTERNAL/TSAI:  VERSION OF 8/8/96

Marathon                                                                
D2_kin16.inp                                                            
                                                                        
Hall A 2018: 25 cm Deuterium target                                     
Nominal values - not exact                                              

----*----1----*----2----*----3----*----4----*----5----*----6----*----7--
                                                                        

TARGET (iZ,iA) = (  1,  2);   avgA =   2.000; amuM=  2.013; avgM=  1.875
 targ=TRITIUM; ttarg(rl)=0.00114; twall=0.00000; tbeam=0.00298; tspec=0.00000
         Nseg  =   4
 MODELS: P elastc(ikk)=14; deut elastic=13; inelastc=206; Pauli Supresion= 4
 NUCLEAR METHOD= 1;   NUCLEAR_MODEL= 1
 DIS MODEL=111

    E1    TH    Q2 COS_K         SMR     NUC          INT-SMR
    EP     X    W2 QE-PK  INELA  Q-ELA  ELAST   TOTAL  MODEL

 Deut Elastic Model: ia,iamec,rsc,rscmec (1,2,3,4)=  3
 TJON DEUT ELASTIC FILESS TO BE OPEN=rscctj.tjon_input   rscqtj.tjon_input   rscmtj.tjon_input   
  10.589 34.561 10.46    0.76   -5.42    0.40    0.00   -5.02  0.922
   2.798  0.715  5.04    0.81   -5.70    0.45    0.00   -5.25 7.300E-02

  10.589 34.803 10.67    0.74   -5.92    0.41    0.00   -5.51  0.930
   2.815  0.731  4.80    0.80   -6.23    0.45    0.00   -5.78 6.128E-02

  10.589 35.126 10.92    0.73   -6.52    0.42    0.00   -6.09  0.941
   2.832  0.751  4.51    0.79   -6.87    0.47    0.00   -6.40 4.892E-02

  10.589 35.405 11.18    0.72   -7.14    0.45    0.00   -6.69  0.961
   2.854  0.770  4.22    0.78   -7.54    0.50    0.00   -7.05 3.878E-02

  10.589 35.682 11.43    0.73   -7.78    0.48    0.00   -7.30  0.985
   2.875  0.790  3.92    0.79   -8.23    0.54    0.00   -7.70 3.042E-02

  10.589 35.999 11.70    0.75   -8.45    0.55    0.00   -7.91  1.026
   2.892  0.810  3.63    0.81   -8.94    0.60    0.00   -8.34 2.346E-02

  10.589 36.347 11.96    0.78   -9.15    0.64    0.00   -8.51  1.081
   2.903  0.829  3.34    0.85   -9.69    0.70    0.00   -9.00 1.787E-02

  10.589 36.667 12.19    0.83   -9.79    0.75    0.00   -9.04  1.149
   2.909  0.846  3.10    0.90  -10.37    0.82    0.00   -9.55 1.404E-02

  0.000 0.000  0.000 .000  0.00  0.00  0.00  0.00  0.00  0.00 0.000
                           0.00  0.00  0.00  0.00  0.00  0.00 0.000E+00

