EXTERNAL/TSAI:  VERSION OF 8/8/96

Marathon                                                                
He3_kin16.inp                                                           
                                                                        
Hall A 2018: 25 cm He3 target                                           
Nominal values - not exact                                              

----*----1----*----2----*----3----*----4----*----5----*----6----*----7--
                                                                        

TARGET (iZ,iA) = (  2,  3);   avgA =   3.000; amuM=  3.016; avgM=  2.809
 targ=TRITIUM; ttarg(rl)=0.00075; twall=0.00000; tbeam=0.00285; tspec=0.00000
         Nseg  =   4
 MODELS: P elastc(ikk)=14; deut elastic=13; inelastc=206; Pauli Supresion= 4
 NUCLEAR METHOD= 1;   NUCLEAR_MODEL= 1
 DIS MODEL=111

    E1    TH    Q2 COS_K         SMR     NUC          INT-SMR
    EP     X    W2 QE-PK  INELA  Q-ELA  ELAST   TOTAL  MODEL

  10.589 34.563 10.46    0.78   -5.52    0.41    0.00   -5.11  0.929
   2.798  0.715  5.04    0.83   -5.76    0.45    0.00   -5.31 1.208E-01

  10.589 34.812 10.67    0.76   -6.03    0.43    0.00   -5.60  0.967
   2.815  0.731  4.80    0.81   -6.29    0.47    0.00   -5.82 1.015E-01

  10.589 35.115 10.92    0.74   -6.63    0.46    0.00   -6.17  1.025
   2.834  0.750  4.51    0.79   -6.94    0.50    0.00   -6.43 8.169E-02

  10.589 35.421 11.18    0.73   -7.27    0.52    0.00   -6.75  1.100
   2.853  0.770  4.22    0.78   -7.61    0.55    0.00   -7.06 6.477E-02

  10.589 35.699 11.44    0.73   -7.93    0.59    0.00   -7.34  1.198
   2.874  0.790  3.92    0.78   -8.31    0.63    0.00   -7.68 5.107E-02

  10.589 35.995 11.69    0.74   -8.62    0.69    0.00   -7.92  1.316
   2.892  0.810  3.63    0.80   -9.04    0.73    0.00   -8.30 3.996E-02

  10.589 36.334 11.96    0.76   -9.35    0.84    0.00   -8.51  1.456
   2.905  0.829  3.34    0.83   -9.81    0.88    0.00   -8.93 3.082E-02

  10.589 36.697 12.20    0.80  -10.05    1.01    0.00   -9.04  1.588
   2.906  0.846  3.10    0.87  -10.54    1.05    0.00   -9.49 2.440E-02

  0.000 0.000  0.000 .000  0.00  0.00  0.00  0.00  0.00  0.00 0.000
                           0.00  0.00  0.00  0.00  0.00  0.00 0.000E+00

