  0.193  0.0000   6.00000        3.4912819338
  0.193  0.0050   6.00000        3.3302036936
  0.193  0.0100   6.00000        3.1704327327
  0.193  0.0150   6.00000        3.0124390267
  0.193  0.0200   6.00000        2.8567851311
  0.193  0.0250   6.00000        2.7040013042
  0.193  0.0300   6.00000        2.5546802031
  0.193  0.0350   6.00000        2.4094343786
  0.193  0.0400   6.00000        2.2688522479
  0.193  0.0450   6.00000        2.1335918309
  0.193  0.0500   6.00000        2.0042674620
  0.193  0.0550   6.00000        1.8815300426
  0.193  0.0600   6.00000        1.7660211499
  0.193  0.0650   6.00000        1.6583538514
  0.193  0.0700   6.00000        1.5591540088
  0.193  0.0750   6.00000        1.4690307021
  0.193  0.0800   6.00000        1.3885567682
  0.193  0.0850   6.00000        1.3183216462
  0.193  0.0900   6.00000        1.2588927454
  0.193  0.0950   6.00000        1.2108638924
  0.193  0.1000   6.00000        1.1748534559
