  0.193  0.0000   6.00000        2.7690989082
  0.193  0.0050   6.00000        2.7700921303
  0.193  0.0100   6.00000        2.7711139333
  0.193  0.0150   6.00000        2.7721654623
  0.193  0.0200   6.00000        2.7732475854
  0.193  0.0250   6.00000        2.7743616763
  0.193  0.0300   6.00000        2.7755087232
  0.193  0.0350   6.00000        2.7766899105
  0.193  0.0400   6.00000        2.7779066219
  0.193  0.0450   6.00000        2.7791600191
  0.193  0.0500   6.00000        2.7804516118
  0.193  0.0550   6.00000        2.7817828243
  0.193  0.0600   6.00000        2.7831549272
  0.193  0.0650   6.00000        2.7845698100
  0.193  0.0700   6.00000        2.7860288759
  0.193  0.0750   6.00000        2.7875337466
  0.193  0.0800   6.00000        2.7890864566
  0.193  0.0850   6.00000        2.7906885644
  0.193  0.0900   6.00000        2.7923422289
  0.193  0.0950   6.00000        2.7940493975
  0.193  0.1000   6.00000        2.7958119380
