  0.193  0.0000   6.00000        2.9169743051
  0.193  0.0050   6.00000        3.0614871578
  0.193  0.0100   6.00000        3.2169931610
  0.193  0.0150   6.00000        3.3844734071
  0.193  0.0200   6.00000        3.5649991290
  0.193  0.0250   6.00000        3.7597537790
  0.193  0.0300   6.00000        3.9700224789
  0.193  0.0350   6.00000        4.1972163260
  0.193  0.0400   6.00000        4.4428804211
  0.193  0.0450   6.00000        4.7087023144
  0.193  0.0500   6.00000        4.9965254235
  0.193  0.0550   6.00000        5.3083587595
  0.193  0.0600   6.00000        5.6464004673
  0.193  0.0650   6.00000        6.0130372130
  0.193  0.0700   6.00000        6.4108615110
  0.193  0.0750   6.00000        6.8426800862
  0.193  0.0800   6.00000        7.3115373197
  0.193  0.0850   6.00000        7.8207132182
  0.193  0.0900   6.00000        8.3737271068
  0.193  0.0950   6.00000        8.9743717840
  0.193  0.1000   6.00000        9.6266743438
