  0.193  0.0000   6.00000        2.8617790738
  0.193  0.0050   6.00000        0.0495657187
  0.193  0.0100   6.00000        1.4426355238
  0.193  0.0150   6.00000        6.6113384057
  0.193  0.0200   6.00000       15.0652198896
  0.193  0.0250   6.00000       26.2868322950
  0.193  0.0300   6.00000       39.7586674076
  0.193  0.0350   6.00000       54.9846199146
  0.193  0.0400   6.00000       71.5032172422
  0.193  0.0450   6.00000       88.9003689431
  0.193  0.0500   6.00000      106.8130628043
  0.193  0.0550   6.00000      124.9306113383
  0.193  0.0600   6.00000      142.9944430990
  0.193  0.0650   6.00000      160.7922841626
  0.193  0.0700   6.00000      178.1573207185
  0.193  0.0750   6.00000      194.9613650651
  0.193  0.0800   6.00000      211.1103223547
  0.193  0.0850   6.00000      226.5387561289
  0.193  0.0900   6.00000      241.2036934851
  0.193  0.0950   6.00000      255.0838672615
  0.193  0.1000   6.00000      268.1731415138
