  0.193  0.0000   6.00000       14.4626918348
  0.193  0.0050   6.00000       14.0774671885
  0.193  0.0100   6.00000       13.6805648672
  0.193  0.0150   6.00000       13.2718575176
  0.193  0.0200   6.00000       12.8512570375
  0.193  0.0250   6.00000       12.4187146675
  0.193  0.0300   6.00000       11.9742621908
  0.193  0.0350   6.00000       11.5179835065
  0.193  0.0400   6.00000       11.0500508577
  0.193  0.0450   6.00000       10.5707295409
  0.193  0.0500   6.00000       10.0803877873
  0.193  0.0550   6.00000        9.5795252413
  0.193  0.0600   6.00000        9.0687687537
  0.193  0.0650   6.00000        8.5489138893
  0.193  0.0700   6.00000        8.0209399571
  0.193  0.0750   6.00000        7.4860189846
  0.193  0.0800   6.00000        6.9455559578
  0.193  0.0850   6.00000        6.4012152303
  0.193  0.0900   6.00000        5.8549499434
  0.193  0.0950   6.00000        5.3089978344
  0.193  0.1000   6.00000        4.7659793454
