  0.193  0.0000   6.00000       60.8503749509
  0.193  0.0050   6.00000       34.0659812471
  0.193  0.0100   6.00000       16.4508608870
  0.193  0.0150   6.00000        5.9556920431
  0.193  0.0200   6.00000        0.9480481721
  0.193  0.0250   6.00000        0.1288412201
  0.193  0.0300   6.00000        2.4666346123
  0.193  0.0350   6.00000        7.1444711495
  0.193  0.0400   6.00000       13.5171157427
  0.193  0.0450   6.00000       21.0772288275
  0.193  0.0500   6.00000       29.4272855258
  0.193  0.0550   6.00000       38.2580662925
  0.193  0.0600   6.00000       47.3304598902
  0.193  0.0650   6.00000       56.4614961650
  0.193  0.0700   6.00000       65.5128146415
  0.193  0.0750   6.00000       74.3813769608
  0.193  0.0800   6.00000       82.9923446528
  0.193  0.0850   6.00000       91.2928797506
  0.193  0.0900   6.00000       99.2473233980
  0.193  0.0950   6.00000      106.8337935694
  0.193  0.1000   6.00000      114.0406233472
