  0.193  0.0000   6.00000        0.3063581980
  0.193  0.0050   6.00000        0.2919507803
  0.193  0.0100   6.00000        0.2773651429
  0.193  0.0150   6.00000        0.2626222838
  0.193  0.0200   6.00000        0.2477485505
  0.193  0.0250   6.00000        0.2327721773
  0.193  0.0300   6.00000        0.2177253239
  0.193  0.0350   6.00000        0.2026445567
  0.193  0.0400   6.00000        0.1875716939
  0.193  0.0450   6.00000        0.1725526642
  0.193  0.0500   6.00000        0.1576385817
  0.193  0.0550   6.00000        0.1428864466
  0.193  0.0600   6.00000        0.1283583025
  0.193  0.0650   6.00000        0.1141241928
  0.193  0.0700   6.00000        0.1002592137
  0.193  0.0750   6.00000        0.0868454245
  0.193  0.0800   6.00000        0.0739724362
  0.193  0.0850   6.00000        0.0617364749
  0.193  0.0900   6.00000        0.0502429386
  0.193  0.0950   6.00000        0.0396031115
  0.193  0.1000   6.00000        0.0299368725
