  0.193  0.0000   6.00000        0.0000000000
  0.193  0.0050   6.00000        0.0000000000
  0.193  0.0100   6.00000        0.0000000000
  0.193  0.0150   6.00000        0.0000000000
  0.193  0.0200   6.00000        0.0000000000
  0.193  0.0250   6.00000        0.0000000000
  0.193  0.0300   6.00000        0.0000000000
  0.193  0.0350   6.00000        0.0000000000
  0.193  0.0400   6.00000        0.0000000000
  0.193  0.0450   6.00000        0.0000000000
  0.193  0.0500   6.00000        0.0000000000
  0.193  0.0550   6.00000        0.0000000000
  0.193  0.0600   6.00000        0.0000000000
  0.193  0.0650   6.00000        0.0000000000
  0.193  0.0700   6.00000        0.0000000000
  0.193  0.0750   6.00000        0.0000000000
  0.193  0.0800   6.00000        0.0000000000
  0.193  0.0850   6.00000        0.0000000000
  0.193  0.0900   6.00000        0.0000000000
  0.193  0.0950   6.00000        0.0000000000
  0.193  0.1000   6.00000        0.0000000000
