  0.193  0.0000   6.00000        0.3226516229
  0.193  0.0050   6.00000        0.2976463801
  0.193  0.0100   6.00000        0.2727337353
  0.193  0.0150   6.00000        0.2479924214
  0.193  0.0200   6.00000        0.2235131027
  0.193  0.0250   6.00000        0.1993974186
  0.193  0.0300   6.00000        0.1757618832
  0.193  0.0350   6.00000        0.1527384847
  0.193  0.0400   6.00000        0.1304771205
  0.193  0.0450   6.00000        0.1091465083
  0.193  0.0500   6.00000        0.0889378350
  0.193  0.0550   6.00000        0.0700668483
  0.193  0.0600   6.00000        0.0527763555
  0.193  0.0650   6.00000        0.0373405655
  0.193  0.0700   6.00000        0.0240678177
  0.193  0.0750   6.00000        0.0133052088
  0.193  0.0800   6.00000        0.0054430009
  0.193  0.0850   6.00000        0.0009197610
  0.193  0.0900   6.00000        0.0002280233
  0.193  0.0950   6.00000        0.0039206885
  0.193  0.1000   6.00000        0.0126182513
