  0.193  0.0000   6.00000        3.4347673082
  0.193  0.0050   6.00000        2.5478138812
  0.193  0.0100   6.00000        1.9039607025
  0.193  0.0150   6.00000        1.4641945074
  0.193  0.0200   6.00000        1.1935694978
  0.193  0.0250   6.00000        1.0665480096
  0.193  0.0300   6.00000        1.0728024517
  0.193  0.0350   6.00000        1.2229780919
  0.193  0.0400   6.00000        1.5535677864
  0.193  0.0450   6.00000        2.1300183316
  0.193  0.0500   6.00000        3.0470934651
  0.193  0.0550   6.00000        4.4260092160
  0.193  0.0600   6.00000        6.4076751977
  0.193  0.0650   6.00000        9.1429937562
  0.193  0.0700   6.00000       12.7801118345
  0.193  0.0750   6.00000       17.4510252259
  0.193  0.0800   6.00000       23.2589830070
  0.193  0.0850   6.00000       30.2670469963
  0.193  0.0900   6.00000       38.4922992620
  0.193  0.0950   6.00000       47.9020631690
  0.193  0.1000   6.00000       58.4172949860
