EXTERNAL/TSAI:  VERSION OF 8/8/96

Marathon                                                                
He3_kin3.inp                                                            
                                                                        
Hall A 2018: 25 cm He3 target                                           
Nominal values - not exact                                              

----*----1----*----2----*----3----*----4----*----5----*----6----*----7--
                                                                        

TARGET (iZ,iA) = (  2,  3);   avgA =   3.000; amuM=  3.016; avgM=  2.809
 targ=TRITIUM; ttarg(rl)=0.00075; twall=0.00481; tbeam=0.00342; tspec=0.00732
         Nseg  =   4
 MODELS: P elastc(ikk)=14; deut elastic=13; inelastc=206; Pauli Supresion= 4
 NUCLEAR METHOD= 1;   NUCLEAR_MODEL= 1
 DIS MODEL=**

    E1    TH    Q2 COS_K         SMR     NUC          INT-SMR
    EP     X    W2 QE-PK  INELA  Q-ELA  ELAST   TOTAL  MODEL

  10.589 18.921  3.41    3.12   12.10    2.01    0.08   14.19  0.840
   2.984  0.239 11.74    3.49   10.85    2.19    0.08   13.12 1.321E+01

  10.589 19.260  3.59    2.81   11.10    1.76    0.06   12.93  0.843
   3.027  0.253 11.48    3.12    9.62    1.92    0.06   11.59 1.196E+01

  10.589 19.698  3.81    2.47    9.90    1.50    0.04   11.44  0.846
   3.078  0.271 11.16    2.73    8.12    1.63    0.04    9.79 1.051E+01

  10.589 20.299  4.07    2.21    8.81    1.30    0.03   10.13  0.847
   3.097  0.290 10.87    2.44    6.77    1.41    0.03    8.20 8.925E+00

  10.589 20.975  4.35    2.00    7.79    1.13    0.02    8.94  0.847
   3.100  0.310 10.58    2.20    5.51    1.23    0.02    6.76 7.464E+00

  10.589 21.576  4.62    1.82    6.85    0.99    0.01    7.86  0.845
   3.111  0.329 10.30    1.99    4.35    1.08    0.01    5.44 6.324E+00

  10.589 21.911  4.83    1.64    5.92    0.87    0.01    6.80  0.844
   3.158  0.346  9.99    1.79    3.20    0.94    0.01    4.15 5.625E+00

  10.589 22.202  5.02    1.51    5.14    0.77    0.01    5.92  0.843
   3.196  0.362  9.74    1.64    2.25    0.84    0.01    3.09 5.068E+00

  0.000 0.000  0.000 .000  0.00  0.00  0.00  0.00  0.00  0.00 0.000
                           0.00  0.00  0.00  0.00  0.00  0.00 0.000E+00

