EXTERNAL/TSAI:  VERSION OF 8/8/96

Marathon                                                                
He3_kin1.inp                                                            
                                                                        
Hall A 2018: 25 cm He3 target                                           
Nominal values - not exact                                              

----*----1----*----2----*----3----*----4----*----5----*----6----*----7--
                                                                        

TARGET (iZ,iA) = (  2,  3);   avgA =   3.000; amuM=  3.016; avgM=  2.809
 targ=TRITIUM; ttarg(rl)=0.00075; twall=0.00481; tbeam=0.00342; tspec=0.00732
         Nseg  =   4
 MODELS: P elastc(ikk)=14; deut elastic=13; inelastc=206; Pauli Supresion= 4
 NUCLEAR METHOD= 1;   NUCLEAR_MODEL= 1
 DIS MODEL=**

    E1    TH    Q2 COS_K         SMR     NUC          INT-SMR
    EP     X    W2 QE-PK  INELA  Q-ELA  ELAST   TOTAL  MODEL

  10.589 16.120  2.51    4.69   16.24    3.30    0.25   19.79  0.819
   3.013  0.176 12.59    5.33   16.13    3.59    0.26   19.98 2.677E+01

  10.589 16.554  2.70    4.07   14.93    2.80    0.19   17.91  0.827
   3.072  0.191 12.29    4.60   14.46    3.05    0.19   17.70 2.362E+01

  10.589 17.242  2.95    3.53   13.53    2.36    0.13   16.02  0.835
   3.097  0.210 11.99    3.97   12.69    2.57    0.13   15.38 1.964E+01

  10.589 18.036  3.23    3.10   12.23    2.01    0.09   14.33  0.840
   3.100  0.230 11.71    3.46   11.05    2.19    0.09   13.32 1.599E+01

  10.589 18.708  3.49    2.74   11.03    1.72    0.06   12.81  0.844
   3.115  0.248 11.42    3.05    9.54    1.87    0.06   11.47 1.339E+01

  10.589 19.042  3.67    2.44    9.96    1.49    0.04   11.49  0.847
   3.168  0.264 11.13    2.70    8.20    1.62    0.04    9.86 1.207E+01

  0.000 0.000  0.000 .000  0.00  0.00  0.00  0.00  0.00  0.00 0.000
                           0.00  0.00  0.00  0.00  0.00  0.00 0.000E+00

