EXTERNAL/TSAI:  VERSION OF 8/8/96

Marathon                                                                
He3_kin5.inp                                                            
                                                                        
Hall A 2018: 25 cm He3 target                                           
Nominal values - not exact                                              

----*----1----*----2----*----3----*----4----*----5----*----6----*----7--
                                                                        

TARGET (iZ,iA) = (  2,  3);   avgA =   3.000; amuM=  3.016; avgM=  2.809
 targ=TRITIUM; ttarg(rl)=0.00075; twall=0.00481; tbeam=0.00342; tspec=0.00732
         Nseg  =   4
 MODELS: P elastc(ikk)=14; deut elastic=13; inelastc=206; Pauli Supresion= 4
 NUCLEAR METHOD= 1;   NUCLEAR_MODEL= 1
 DIS MODEL=**

    E1    TH    Q2 COS_K         SMR     NUC          INT-SMR
    EP     X    W2 QE-PK  INELA  Q-ELA  ELAST   TOTAL  MODEL

  10.589 21.700  4.50    2.06    7.83    1.16    0.02    9.01  0.845
   2.999  0.316 10.62    2.26    5.56    1.26    0.02    6.84 6.491E+00

  10.589 22.024  4.69    1.88    6.99    1.03    0.01    8.03  0.844
   3.038  0.331 10.36    2.06    4.52    1.12    0.01    5.65 5.841E+00

  10.589 22.441  4.94    1.69    5.99    0.89    0.01    6.89  0.843
   3.079  0.350 10.03    1.84    3.30    0.97    0.01    4.28 5.097E+00

  10.589 22.971  5.20    1.55    5.11    0.79    0.01    5.90  0.841
   3.096  0.370  9.74    1.68    2.22    0.85    0.01    3.08 4.360E+00

  10.589 23.568  5.48    1.44    4.30    0.70    0.00    5.01  0.838
   3.100  0.390  9.46    1.55    1.23    0.76    0.00    2.00 3.674E+00

  10.589 24.107  5.74    1.33    3.50    0.63    0.00    4.13  0.835
   3.109  0.409  9.17    1.43    0.25    0.69    0.00    0.94 3.123E+00

  10.589 24.433  5.97    1.22    2.69    0.56    0.00    3.25  0.832
   3.149  0.428  8.87    1.31   -0.74    0.61    0.00   -0.13 2.741E+00

  10.589 24.670  6.16    1.13    2.00    0.51    0.00    2.51  0.829
   3.189  0.444  8.60    1.21   -1.58    0.55    0.00   -1.03 2.459E+00

  0.000 0.000  0.000 .000  0.00  0.00  0.00  0.00  0.00  0.00 0.000
                           0.00  0.00  0.00  0.00  0.00  0.00 0.000E+00

