EXTERNAL/TSAI:  VERSION OF 8/8/96

Marathon                                                                
He3_kin2.inp                                                            
                                                                        
Hall A 2018: 25 cm He3 target                                           
Nominal values - not exact                                              

----*----1----*----2----*----3----*----4----*----5----*----6----*----7--
                                                                        

TARGET (iZ,iA) = (  2,  3);   avgA =   3.000; amuM=  3.016; avgM=  2.809
 targ=TRITIUM; ttarg(rl)=0.00075; twall=0.00481; tbeam=0.00342; tspec=0.00732
         Nseg  =   4
 MODELS: P elastc(ikk)=14; deut elastic=13; inelastc=206; Pauli Supresion= 4
 NUCLEAR METHOD= 1;   NUCLEAR_MODEL= 1
 DIS MODEL=**

    E1    TH    Q2 COS_K         SMR     NUC          INT-SMR
    EP     X    W2 QE-PK  INELA  Q-ELA  ELAST   TOTAL  MODEL

  10.589 17.745  3.05    3.56   13.51    2.38    0.12   16.01  0.835
   3.023  0.215 12.03    4.01   12.64    2.59    0.12   15.36 1.758E+01

  10.589 18.185  3.25    3.11   12.25    2.02    0.09   14.36  0.840
   3.076  0.231 11.73    3.48   11.06    2.20    0.09   13.35 1.549E+01

  10.589 18.831  3.51    2.75   11.02    1.73    0.06   12.81  0.844
   3.097  0.250 11.43    3.05    9.53    1.88    0.06   11.46 1.305E+01

  10.589 19.560  3.79    2.45    9.88    1.49    0.04   11.41  0.846
   3.100  0.270 11.15    2.71    8.09    1.62    0.04    9.75 1.080E+01

  10.589 20.190  4.05    2.20    8.80    1.29    0.03   10.12  0.847
   3.112  0.289 10.86    2.43    6.76    1.41    0.03    8.20 9.122E+00

  10.589 20.517  4.25    1.97    7.80    1.12    0.02    8.94  0.848
   3.164  0.305 10.56    2.16    5.52    1.22    0.02    6.76 8.184E+00

  10.589 20.903  4.47    1.77    6.82    0.97    0.01    7.81  0.847
   3.208  0.323 10.26    1.93    4.31    1.05    0.01    5.38 7.222E+00

  0.000 0.000  0.000 .000  0.00  0.00  0.00  0.00  0.00  0.00 0.000
                           0.00  0.00  0.00  0.00  0.00  0.00 0.000E+00

