EXTERNAL/TSAI:  VERSION OF 8/8/96

Marathon                                                                
He3_kin13.inp                                                           
                                                                        
Hall A 2018: 25 cm He3 target                                           
Nominal values - not exact                                              

----*----1----*----2----*----3----*----4----*----5----*----6----*----7--
                                                                        

TARGET (iZ,iA) = (  2,  3);   avgA =   3.000; amuM=  3.016; avgM=  2.809
 targ=TRITIUM; ttarg(rl)=0.00075; twall=0.00481; tbeam=0.00342; tspec=0.00732
         Nseg  =   4
 MODELS: P elastc(ikk)=14; deut elastic=13; inelastc=206; Pauli Supresion= 4
 NUCLEAR METHOD= 1;   NUCLEAR_MODEL= 1
 DIS MODEL=**

    E1    TH    Q2 COS_K         SMR     NUC          INT-SMR
    EP     X    W2 QE-PK  INELA  Q-ELA  ELAST   TOTAL  MODEL

  10.589 30.116  8.53    0.85   -2.50    0.36    0.00   -2.14  0.828
   2.984  0.598  6.62    0.90   -6.94    0.39    0.00   -6.55 5.026E-01

  10.589 30.337  8.71    0.81   -2.98    0.35    0.00   -2.63  0.835
   3.004  0.612  6.40    0.86   -7.52    0.38    0.00   -7.14 4.437E-01

  10.589 30.638  8.95    0.78   -3.58    0.34    0.00   -3.24  0.848
   3.027  0.631  6.12    0.82   -8.24    0.37    0.00   -7.87 3.734E-01

  10.589 30.928  9.20    0.74   -4.20    0.34    0.00   -3.86  0.867
   3.054  0.650  5.83    0.78   -8.98    0.36    0.00   -8.62 3.111E-01

  10.589 31.221  9.44    0.71   -4.81    0.34    0.00   -4.47  0.892
   3.079  0.670  5.53    0.75   -9.71    0.37    0.00   -9.34 2.569E-01

  10.589 31.572  9.70    0.68   -5.38    0.35    0.00   -5.03  0.925
   3.094  0.690  5.24    0.72  -10.40    0.38    0.00  -10.02 2.095E-01

  10.589 31.971  9.97    0.67   -5.94    0.37    0.00   -5.57  0.967
   3.103  0.709  4.96    0.71  -11.05    0.40    0.00  -10.66 1.685E-01

  10.589 32.356 10.23    0.66   -6.50    0.40    0.00   -6.10  1.020
   3.112  0.729  4.68    0.70  -11.71    0.43    0.00  -11.28 1.348E-01

  10.589 32.604 10.47    0.65   -7.08    0.44    0.00   -6.65  1.091
   3.137  0.749  4.40    0.69  -12.40    0.46    0.00  -11.94 1.093E-01

  10.589 32.826 10.70    0.64   -7.69    0.49    0.00   -7.20  1.179
   3.164  0.768  4.11    0.69  -13.12    0.52    0.00  -12.60 8.826E-02

  10.589 33.047 10.93    0.64   -8.30    0.57    0.00   -7.74  1.284
   3.189  0.787  3.84    0.69  -13.84    0.59    0.00  -13.24 7.133E-02

  10.589 33.297 11.13    0.65   -8.87    0.65    0.00   -8.22  1.388
   3.202  0.803  3.61    0.71  -14.49    0.68    0.00  -13.81 5.861E-02

  0.000 0.000  0.000 .000  0.00  0.00  0.00  0.00  0.00  0.00 0.000
                           0.00  0.00  0.00  0.00  0.00  0.00 0.000E+00

