EXTERNAL/TSAI:  VERSION OF 8/8/96

Marathon                                                                
H3_kin13.inp                                                            
                                                                        
Hall A 2018: 25 cm Tritium target                                       
Nominal values - not exact                                              

----*----1----*----2----*----3----*----4----*----5----*----6----*----7--
                                                                        

TARGET (iZ,iA) = (  1,  3);   avgA =   3.000; amuM=  3.016; avgM=  2.809
 targ=TRITIUM; ttarg(rl)=0.00042; twall=0.00481; tbeam=0.00342; tspec=0.00732
         Nseg  =   4
 MODELS: P elastc(ikk)=14; deut elastic=13; inelastc=206; Pauli Supresion= 4
 NUCLEAR METHOD= 1;   NUCLEAR_MODEL= 1
 DIS MODEL= 1

    E1    TH    Q2 COS_K         SMR     NUC          INT-SMR
    EP     X    W2 QE-PK  INELA  Q-ELA  ELAST   TOTAL  MODEL

  10.589 30.116  8.53    0.83   -2.79    0.31    0.00   -2.49  0.722
   2.985  0.598  6.62    0.88   -7.29    0.33    0.00   -6.96 3.911E-01

  10.589 30.338  8.71    0.80   -3.15    0.30    0.00   -2.85  0.729
   3.003  0.612  6.41    0.85   -7.73    0.32    0.00   -7.41 3.443E-01

  10.589 30.633  8.95    0.77   -3.68    0.30    0.00   -3.39  0.743
   3.028  0.631  6.12    0.81   -8.38    0.32    0.00   -8.06 2.879E-01

  10.589 30.929  9.20    0.74   -4.34    0.30    0.00   -4.04  0.761
   3.054  0.650  5.83    0.78   -9.14    0.32    0.00   -8.83 2.381E-01

  10.589 31.225  9.44    0.72   -4.89    0.30    0.00   -4.59  0.786
   3.078  0.670  5.53    0.75   -9.81    0.32    0.00   -9.48 1.957E-01

  10.589 31.565  9.70    0.69   -5.43    0.31    0.00   -5.12  0.816
   3.095  0.690  5.24    0.73  -10.44    0.34    0.00  -10.11 1.591E-01

  10.589 31.978  9.97    0.68   -5.93    0.33    0.00   -5.59  0.854
   3.102  0.709  4.96    0.72  -11.02    0.35    0.00  -10.67 1.274E-01

  10.589 32.359 10.23    0.67   -6.47    0.36    0.00   -6.11  0.903
   3.112  0.729  4.68    0.71  -11.65    0.38    0.00  -11.27 1.018E-01

  10.589 32.605 10.47    0.66   -7.05    0.40    0.00   -6.65  0.969
   3.137  0.749  4.39    0.70  -12.34    0.42    0.00  -11.92 8.260E-02

  10.589 32.834 10.70    0.65   -7.66    0.45    0.00   -7.21  1.052
   3.164  0.768  4.11    0.70  -13.06    0.47    0.00  -12.58 6.676E-02

  10.589 33.026 10.92    0.66   -8.24    0.51    0.00   -7.72  1.146
   3.190  0.786  3.85    0.71  -13.73    0.54    0.00  -13.20 5.461E-02

  10.589 33.283 11.14    0.67   -8.87    0.60    0.00   -8.27  1.254
   3.207  0.804  3.59    0.72  -14.47    0.62    0.00  -13.85 4.430E-02

  0.000 0.000  0.000 .000  0.00  0.00  0.00  0.00  0.00  0.00 0.000
                           0.00  0.00  0.00  0.00  0.00  0.00 0.000E+00

