EXTERNAL/TSAI:  VERSION OF 8/8/96

Marathon                                                                
H1_kin2.inp                                                             
                                                                        
Hall A 2018: 25 cm Deuterium target                                     
Nominal values - not exact                                              

----*----1----*----2----*----3----*----4----*----5----*----6----*----7--
                                                                        

TARGET (iZ,iA) = (  1,  1);   avgA =   1.000; amuM=  1.007; avgM=  0.938
 targ=TRITIUM; ttarg(rl)=0.00113; twall=0.00481; tbeam=0.00342; tspec=0.00732
         Nseg  =   4
 MODELS: P elastc(ikk)=14; deut elastic=13; inelastc=206; Pauli Supresion= 4
 NUCLEAR METHOD= 1;   NUCLEAR_MODEL= 1
 DIS MODEL= 1

    E1    TH    Q2 COS_K         SMR     NUC          INT-SMR
    EP     X    W2 QE-PK  INELA  Q-ELA  ELAST   TOTAL  MODEL

  10.589 17.743  3.05    4.28   14.41    0.00    4.35   18.77  1.000
   3.023  0.214 12.03    4.82   13.87    0.00    4.90   18.77 6.408E+00

  10.589 18.181  3.25    3.69   13.10    0.00    3.75   16.85  1.000
   3.077  0.231 11.72    4.14   12.22    0.00    4.20   16.42 5.688E+00

  10.589 18.829  3.51    3.21   11.84    0.00    3.26   15.10  1.000
   3.098  0.250 11.43    3.59   10.62    0.00    3.63   14.26 4.825E+00

  10.589 19.552  3.79    2.83   10.67    0.00    2.87   13.53  1.000
   3.101  0.269 11.15    3.15    9.15    0.00    3.18   12.33 4.034E+00

  10.589 20.188  4.05    2.51    9.55    0.00    2.54   12.09  1.000
   3.114  0.289 10.86    2.77    7.76    0.00    2.80   10.56 3.432E+00

  10.589 20.513  4.25    2.23    8.54    0.00    2.25   10.79  1.000
   3.165  0.305 10.56    2.45    6.51    0.00    2.47    8.98 3.103E+00

  10.589 20.927  4.47    2.00    7.57    0.00    2.02    9.59  1.000
   3.196  0.322 10.29    2.19    5.31    0.00    2.21    7.52 2.755E+00

  0.000 0.000  0.000 .000  0.00  0.00  0.00  0.00  0.00  0.00 0.000
                           0.00  0.00  0.00  0.00  0.00  0.00 0.000E+00

