EXTERNAL/TSAI:  VERSION OF 8/8/96

Marathon                                                                
He3_kin0.inp                                                            
                                                                        
Hall A 2018: 25 cm He3 target                                           
Nominal values - not exact                                              

----*----1----*----2----*----3----*----4----*----5----*----6----*----7--
                                                                        

TARGET (iZ,iA) = (  2,  3);   avgA =   3.000; amuM=  3.016; avgM=  2.809
 targ=TRITIUM; ttarg(rl)=0.00075; twall=0.00481; tbeam=0.00342; tspec=0.00732
         Nseg  =   4
 MODELS: P elastc(ikk)=14; deut elastic=13; inelastc=206; Pauli Supresion= 4
 NUCLEAR METHOD= 1;   NUCLEAR_MODEL= 1
 DIS MODEL= 1

    E1    TH    Q2 COS_K         SMR     NUC          INT-SMR
    EP     X    W2 QE-PK  INELA  Q-ELA  ELAST   TOTAL  MODEL

  10.589 15.283  2.25    5.45   17.69    4.12    0.37   22.18  0.853
   3.001  0.158 12.87    6.22   18.01    4.49    0.37   22.88 3.358E+01

  10.589 15.714  2.42    4.71   16.31    3.46    0.27   20.04  0.851
   3.063  0.172 12.58    5.36   16.26    3.76    0.27   20.29 2.962E+01

  10.589 16.403  2.67    4.05   14.82    2.85    0.19   17.86  0.847
   3.095  0.190 12.28    4.58   14.36    3.11    0.19   17.66 2.453E+01

  10.589 17.232  2.94    3.52   13.50    2.38    0.13   16.01  0.842
   3.098  0.209 11.99    3.96   12.66    2.59    0.13   15.38 1.974E+01

  10.589 17.949  3.21    3.09   12.23    2.00    0.09   14.31  0.836
   3.111  0.229 11.71    3.46   11.05    2.17    0.09   13.31 1.634E+01

  10.589 18.306  3.39    2.73   11.11    1.71    0.06   12.89  0.833
   3.165  0.243 11.42    3.04    9.66    1.85    0.06   11.58 1.467E+01

  10.589 18.738  3.61    2.40    9.92    1.44    0.04   11.40  0.828
   3.216  0.261 11.10    2.66    8.17    1.56    0.04    9.77 1.289E+01

  0.000 0.000  0.000 .000  0.00  0.00  0.00  0.00  0.00  0.00 0.000
                           0.00  0.00  0.00  0.00  0.00  0.00 0.000E+00

