EXTERNAL/TSAI:  VERSION OF 8/8/96

Marathon                                                                
He3_kin13.inp                                                           
                                                                        
Hall A 2018: 25 cm He3 target                                           
Nominal values - not exact                                              

----*----1----*----2----*----3----*----4----*----5----*----6----*----7--
                                                                        

TARGET (iZ,iA) = (  2,  3);   avgA =   3.000; amuM=  3.016; avgM=  2.809
 targ=TRITIUM; ttarg(rl)=0.00075; twall=0.00481; tbeam=0.00342; tspec=0.00732
         Nseg  =   4
 MODELS: P elastc(ikk)=14; deut elastic=13; inelastc=206; Pauli Supresion= 4
 NUCLEAR METHOD= 1;   NUCLEAR_MODEL= 1
 DIS MODEL= 1

    E1    TH    Q2 COS_K         SMR     NUC          INT-SMR
    EP     X    W2 QE-PK  INELA  Q-ELA  ELAST   TOTAL  MODEL

  10.589 30.116  8.53    0.85   -2.65    0.34    0.00   -2.30  0.794
   2.984  0.598  6.62    0.90   -7.11    0.37    0.00   -6.74 5.025E-01

  10.589 30.337  8.71    0.82   -3.12    0.34    0.00   -2.78  0.804
   3.004  0.612  6.40    0.86   -7.68    0.36    0.00   -7.32 4.430E-01

  10.589 30.638  8.95    0.78   -3.74    0.33    0.00   -3.40  0.821
   3.027  0.631  6.12    0.82   -8.43    0.36    0.00   -8.07 3.720E-01

  10.589 30.928  9.20    0.74   -4.35    0.33    0.00   -4.02  0.843
   3.054  0.650  5.83    0.79   -9.17    0.35    0.00   -8.82 3.092E-01

  10.589 31.221  9.44    0.71   -4.97    0.34    0.00   -4.64  0.874
   3.079  0.670  5.53    0.76   -9.92    0.36    0.00   -9.56 2.546E-01

  10.589 31.572  9.70    0.69   -5.56    0.35    0.00   -5.21  0.908
   3.094  0.690  5.24    0.73  -10.61    0.37    0.00  -10.24 2.069E-01

  10.589 31.971  9.97    0.68   -6.13    0.37    0.00   -5.75  0.952
   3.103  0.709  4.96    0.72  -11.28    0.39    0.00  -10.89 1.658E-01

  10.589 32.356 10.23    0.67   -6.69    0.40    0.00   -6.29  1.008
   3.112  0.729  4.68    0.71  -11.94    0.43    0.00  -11.52 1.320E-01

  10.589 32.604 10.47    0.66   -7.27    0.45    0.00   -6.82  1.081
   3.137  0.749  4.40    0.71  -12.63    0.47    0.00  -12.16 1.063E-01

  10.589 32.826 10.70    0.66   -7.85    0.51    0.00   -7.34  1.173
   3.164  0.768  4.11    0.71  -13.32    0.53    0.00  -12.78 8.534E-02

  10.589 33.047 10.93    0.67   -8.47    0.59    0.00   -7.88  1.281
   3.189  0.787  3.84    0.72  -14.04    0.61    0.00  -13.42 6.863E-02

  10.589 33.297 11.13    0.68   -9.01    0.68    0.00   -8.33  1.389
   3.202  0.803  3.61    0.74  -14.67    0.71    0.00  -13.96 5.604E-02

  0.000 0.000  0.000 .000  0.00  0.00  0.00  0.00  0.00  0.00 0.000
                           0.00  0.00  0.00  0.00  0.00  0.00 0.000E+00

