EXTERNAL/TSAI:  VERSION OF 8/8/96

Marathon                                                                
He3_kin3.inp                                                            
                                                                        
Hall A 2018: 25 cm He3 target                                           
Nominal values - not exact                                              

----*----1----*----2----*----3----*----4----*----5----*----6----*----7--
                                                                        

TARGET (iZ,iA) = (  2,  3);   avgA =   3.000; amuM=  3.016; avgM=  2.809
 targ=TRITIUM; ttarg(rl)=0.00075; twall=0.00481; tbeam=0.00342; tspec=0.00732
         Nseg  =   4
 MODELS: P elastc(ikk)=14; deut elastic=13; inelastc=206; Pauli Supresion= 4
 NUCLEAR METHOD= 1;   NUCLEAR_MODEL= 1
 DIS MODEL= 1

    E1    TH    Q2 COS_K         SMR     NUC          INT-SMR
    EP     X    W2 QE-PK  INELA  Q-ELA  ELAST   TOTAL  MODEL

  10.589 18.921  3.41    3.12   12.08    1.99    0.08   14.14  0.832
   2.984  0.239 11.74    3.48   10.83    2.16    0.08   13.07 1.324E+01

  10.589 19.260  3.59    2.80   11.09    1.73    0.06   12.87  0.828
   3.027  0.253 11.48    3.12    9.60    1.88    0.06   11.54 1.199E+01

  10.589 19.698  3.81    2.46    9.89    1.46    0.04   11.39  0.823
   3.078  0.271 11.16    2.73    8.12    1.58    0.04    9.74 1.053E+01

  10.589 20.299  4.07    2.20    8.79    1.25    0.03   10.07  0.816
   3.097  0.290 10.87    2.43    6.76    1.35    0.03    8.14 8.952E+00

  10.589 20.975  4.35    1.99    7.77    1.08    0.02    8.87  0.809
   3.100  0.310 10.58    2.19    5.50    1.17    0.02    6.69 7.491E+00

  10.589 21.576  4.62    1.81    6.78    0.94    0.01    7.73  0.802
   3.111  0.329 10.30    1.98    4.26    1.02    0.01    5.29 6.353E+00

  10.589 21.911  4.83    1.64    5.85    0.81    0.01    6.68  0.797
   3.158  0.346  9.99    1.78    3.14    0.88    0.01    4.03 5.655E+00

  10.589 22.202  5.02    1.50    5.10    0.72    0.01    5.83  0.793
   3.196  0.362  9.74    1.63    2.20    0.78    0.01    2.99 5.099E+00

  0.000 0.000  0.000 .000  0.00  0.00  0.00  0.00  0.00  0.00 0.000
                           0.00  0.00  0.00  0.00  0.00  0.00 0.000E+00

