EXTERNAL/TSAI:  VERSION OF 8/8/96

Marathon                                                                
H1_kin4.inp                                                             
                                                                        
Hall A 2018: 25 cm Deuterium target                                     
Nominal values - not exact                                              

----*----1----*----2----*----3----*----4----*----5----*----6----*----7--
                                                                        

TARGET (iZ,iA) = (  1,  1);   avgA =   1.000; amuM=  1.007; avgM=  0.938
 targ=TRITIUM; ttarg(rl)=0.00113; twall=0.00481; tbeam=0.00342; tspec=0.00732
         Nseg  =   4
 MODELS: P elastc(ikk)=14; deut elastic=13; inelastc=206; Pauli Supresion= 4
 NUCLEAR METHOD= 1;   NUCLEAR_MODEL= 1
 DIS MODEL= 1

    E1    TH    Q2 COS_K         SMR     NUC          INT-SMR
    EP     X    W2 QE-PK  INELA  Q-ELA  ELAST   TOTAL  MODEL

  10.589 20.377  3.96    2.88   10.63    0.00    2.92   13.54  1.000
   2.989  0.278 11.18    3.20    9.09    0.00    3.23   12.32 3.424E+00

  10.589 20.698  4.14    2.59    9.68    0.00    2.62   12.30  1.000
   3.030  0.292 10.92    2.86    7.91    0.00    2.89   10.81 3.120E+00

  10.589 21.127  4.38    2.27    8.56    0.00    2.30   10.86  1.000
   3.076  0.311 10.60    2.50    6.54    0.00    2.52    9.06 2.756E+00

  10.589 21.687  4.64    2.04    7.53    0.00    2.05    9.58  1.000
   3.094  0.330 10.31    2.23    5.24    0.00    2.25    7.49 2.374E+00

  10.589 22.319  4.91    1.84    6.58    0.00    1.86    8.44  1.000
   3.098  0.350 10.02    2.01    4.07    0.00    2.03    6.10 2.015E+00

  10.589 22.887  5.18    1.67    5.68    0.00    1.68    7.36  1.000
   3.108  0.369  9.74    1.82    2.95    0.00    1.83    4.78 1.727E+00

  10.589 23.227  5.41    1.51    4.77    0.00    1.52    6.28  1.000
   3.150  0.387  9.43    1.63    1.82    0.00    1.64    3.46 1.536E+00

  10.589 23.477  5.59    1.38    4.03    0.00    1.39    5.41  1.000
   3.190  0.403  9.17    1.49    0.90    0.00    1.50    2.40 1.396E+00

  0.000 0.000  0.000 .000  0.00  0.00  0.00  0.00  0.00  0.00 0.000
                           0.00  0.00  0.00  0.00  0.00  0.00 0.000E+00

