EXTERNAL/TSAI:  VERSION OF 8/8/96

Marathon                                                                
H1_kin1.inp                                                             
                                                                        
Hall A 2018: 25 cm Deuterium target                                     
Nominal values - not exact                                              

----*----1----*----2----*----3----*----4----*----5----*----6----*----7--
                                                                        

TARGET (iZ,iA) = (  1,  1);   avgA =   1.000; amuM=  1.007; avgM=  0.938
 targ=TRITIUM; ttarg(rl)=0.00113; twall=0.00481; tbeam=0.00342; tspec=0.00732
         Nseg  =   4
 MODELS: P elastc(ikk)=14; deut elastic=13; inelastc=206; Pauli Supresion= 4
 NUCLEAR METHOD= 1;   NUCLEAR_MODEL= 1
 DIS MODEL= 1

    E1    TH    Q2 COS_K         SMR     NUC          INT-SMR
    EP     X    W2 QE-PK  INELA  Q-ELA  ELAST   TOTAL  MODEL

  10.589 16.115  2.51    5.77   17.22    0.00    5.91   23.13  1.000
   3.015  0.177 12.58    6.58   17.48    0.00    6.72   24.20 9.608E+00

  10.589 16.552  2.70    4.95   15.84    0.00    5.06   20.90  1.000
   3.073  0.191 12.29    5.62   15.72    0.00    5.73   21.45 8.526E+00

  10.589 17.240  2.95    4.24   14.42    0.00    4.32   18.74  1.000
   3.098  0.210 11.99    4.78   13.90    0.00    4.86   18.77 7.145E+00

  10.589 18.032  3.23    3.67   13.09    0.00    3.73   16.82  1.000
   3.101  0.230 11.71    4.12   12.21    0.00    4.18   16.39 5.868E+00

  10.589 18.708  3.49    3.21   11.85    0.00    3.25   15.10  1.000
   3.115  0.248 11.42    3.58   10.64    0.00    3.63   14.26 4.949E+00

  10.589 19.040  3.67    2.82   10.74    0.00    2.86   13.60  1.000
   3.169  0.264 11.13    3.14    9.25    0.00    3.17   12.42 4.488E+00

  10.589 19.456  3.88    2.49    9.66    0.00    2.52   12.18  1.000
   3.211  0.280 10.84    2.76    7.90    0.00    2.79   10.68 3.991E+00

  0.000 0.000  0.000 .000  0.00  0.00  0.00  0.00  0.00  0.00 0.000
                           0.00  0.00  0.00  0.00  0.00  0.00 0.000E+00

