EXTERNAL/TSAI:  VERSION OF 8/8/96

Marathon                                                                
He3_kin4.inp                                                            
                                                                        
Hall A 2018: 25 cm He3 target                                           
Nominal values - not exact                                              

----*----1----*----2----*----3----*----4----*----5----*----6----*----7--
                                                                        

TARGET (iZ,iA) = (  2,  3);   avgA =   3.000; amuM=  3.016; avgM=  2.809
 targ=TRITIUM; ttarg(rl)=0.00075; twall=0.00481; tbeam=0.00342; tspec=0.00732
         Nseg  =   4
 MODELS: P elastc(ikk)=14; deut elastic=13; inelastc=206; Pauli Supresion= 4
 NUCLEAR METHOD= 1;   NUCLEAR_MODEL= 1
 DIS MODEL= 1

    E1    TH    Q2 COS_K         SMR     NUC          INT-SMR
    EP     X    W2 QE-PK  INELA  Q-ELA  ELAST   TOTAL  MODEL

  10.589 20.374  3.96    2.50    9.82    1.46    0.04   11.32  0.819
   2.990  0.278 11.18    2.76    8.03    1.59    0.04    9.65 9.174E+00

  10.589 20.696  4.14    2.27    8.91    1.28    0.03   10.22  0.814
   3.031  0.292 10.92    2.50    6.90    1.39    0.03    8.32 8.312E+00

  10.589 21.128  4.38    2.01    7.79    1.09    0.02    8.90  0.808
   3.076  0.311 10.60    2.21    5.53    1.18    0.02    6.73 7.280E+00

  10.589 21.684  4.64    1.82    6.80    0.94    0.01    7.75  0.801
   3.095  0.330 10.31    1.99    4.30    1.02    0.01    5.34 6.228E+00

  10.589 22.313  4.91    1.67    5.90    0.83    0.01    6.74  0.794
   3.099  0.350 10.02    1.82    3.20    0.90    0.01    4.11 5.245E+00

  10.589 22.887  5.18    1.54    5.05    0.73    0.01    5.79  0.789
   3.108  0.369  9.74    1.66    2.15    0.79    0.01    2.95 4.454E+00

  10.589 23.220  5.40    1.40    4.18    0.64    0.00    4.83  0.785
   3.151  0.387  9.43    1.51    1.08    0.70    0.00    1.78 3.937E+00

  10.589 23.476  5.59    1.29    3.41    0.58    0.00    3.99  0.782
   3.192  0.403  9.17    1.39    0.14    0.62    0.00    0.76 3.546E+00

  0.000 0.000  0.000 .000  0.00  0.00  0.00  0.00  0.00  0.00 0.000
                           0.00  0.00  0.00  0.00  0.00  0.00 0.000E+00

