EXTERNAL/TSAI:  VERSION OF 8/8/96

Marathon                                                                
H1_kin0.inp                                                             
                                                                        
Hall A 2018: 25 cm Deuterium target                                     
Nominal values - not exact                                              

----*----1----*----2----*----3----*----4----*----5----*----6----*----7--
                                                                        

TARGET (iZ,iA) = (  1,  1);   avgA =   1.000; amuM=  1.007; avgM=  0.938
 targ=TRITIUM; ttarg(rl)=0.00113; twall=0.00481; tbeam=0.00342; tspec=0.00732
         Nseg  =   4
 MODELS: P elastc(ikk)=14; deut elastic=13; inelastc=206; Pauli Supresion= 4
 NUCLEAR METHOD= 1;   NUCLEAR_MODEL= 1
 DIS MODEL= 1

    E1    TH    Q2 COS_K         SMR     NUC          INT-SMR
    EP     X    W2 QE-PK  INELA  Q-ELA  ELAST   TOTAL  MODEL

  10.589 15.281  2.25    6.83   18.78    0.00    7.02   25.81  1.000
   3.001  0.158 12.87    7.83   19.53    0.00    8.03   27.56 1.191E+01

  10.589 15.714  2.42    5.84   17.37    0.00    5.99   23.36  1.000
   3.063  0.172 12.58    6.67   17.71    0.00    6.82   24.53 1.056E+01

  10.589 16.407  2.67    4.95   15.86    0.00    5.06   20.92  1.000
   3.094  0.190 12.28    5.62   15.76    0.00    5.73   21.49 8.815E+00

  10.589 17.234  2.95    4.25   14.44    0.00    4.33   18.77  1.000
   3.097  0.209 11.99    4.79   13.93    0.00    4.87   18.80 7.158E+00

  10.589 17.950  3.21    3.68   13.11    0.00    3.74   16.85  1.000
   3.111  0.229 11.71    4.13   12.24    0.00    4.19   16.43 5.974E+00

  10.589 18.301  3.39    3.22   11.96    0.00    3.27   15.24  1.000
   3.165  0.243 11.42    3.60   10.80    0.00    3.65   14.45 5.405E+00

  10.589 18.768  3.61    2.81   10.76    0.00    2.85   13.60  1.000
   3.209  0.261 11.12    3.12    9.27    0.00    3.16   12.43 4.753E+00

  0.000 0.000  0.000 .000  0.00  0.00  0.00  0.00  0.00  0.00 0.000
                           0.00  0.00  0.00  0.00  0.00  0.00 0.000E+00

