EXTERNAL/TSAI:  VERSION OF 8/8/96

Marathon                                                                
He3_kin2.inp                                                            
                                                                        
Hall A 2018: 25 cm He3 target                                           
Nominal values - not exact                                              

----*----1----*----2----*----3----*----4----*----5----*----6----*----7--
                                                                        

TARGET (iZ,iA) = (  2,  3);   avgA =   3.000; amuM=  3.016; avgM=  2.809
 targ=TRITIUM; ttarg(rl)=0.00075; twall=0.00481; tbeam=0.00342; tspec=0.00732
         Nseg  =   4
 MODELS: P elastc(ikk)=14; deut elastic=13; inelastc=206; Pauli Supresion= 4
 NUCLEAR METHOD= 1;   NUCLEAR_MODEL= 1
 DIS MODEL= 1

    E1    TH    Q2 COS_K         SMR     NUC          INT-SMR
    EP     X    W2 QE-PK  INELA  Q-ELA  ELAST   TOTAL  MODEL

  10.589 17.745  3.05    3.56   13.48    2.39    0.12   15.99  0.840
   3.023  0.215 12.03    4.00   12.61    2.60    0.12   15.33 1.762E+01

  10.589 18.185  3.25    3.11   12.22    2.01    0.09   14.32  0.835
   3.076  0.231 11.73    3.48   11.04    2.18    0.09   13.30 1.552E+01

  10.589 18.831  3.51    2.74   10.98    1.70    0.06   12.74  0.830
   3.097  0.250 11.43    3.05    9.49    1.84    0.06   11.39 1.307E+01

  10.589 19.560  3.79    2.45    9.86    1.45    0.04   11.35  0.823
   3.100  0.270 11.15    2.71    8.08    1.57    0.04    9.69 1.082E+01

  10.589 20.190  4.05    2.19    8.79    1.24    0.03   10.06  0.817
   3.112  0.289 10.86    2.42    6.75    1.35    0.03    8.13 9.149E+00

  10.589 20.517  4.25    1.97    7.78    1.07    0.02    8.87  0.811
   3.164  0.305 10.56    2.16    5.51    1.16    0.02    6.69 8.213E+00

  10.589 20.903  4.47    1.76    6.76    0.92    0.01    7.69  0.806
   3.208  0.323 10.26    1.93    4.23    1.00    0.01    5.24 7.253E+00

  0.000 0.000  0.000 .000  0.00  0.00  0.00  0.00  0.00  0.00 0.000
                           0.00  0.00  0.00  0.00  0.00  0.00 0.000E+00

