EXTERNAL/TSAI:  VERSION OF 8/8/96

Marathon                                                                
H3_kin4.inp                                                             
                                                                        
Hall A 2018: 25 cm Tritium target                                       
Nominal values - not exact                                              

----*----1----*----2----*----3----*----4----*----5----*----6----*----7--
                                                                        

TARGET (iZ,iA) = (  1,  3);   avgA =   3.000; amuM=  3.016; avgM=  2.809
 targ=TRITIUM; ttarg(rl)=0.00042; twall=0.00481; tbeam=0.00342; tspec=0.00732
         Nseg  =   4
 MODELS: P elastc(ikk)=14; deut elastic=13; inelastc=206; Pauli Supresion= 4
 NUCLEAR METHOD= 1;   NUCLEAR_MODEL= 1
 DIS MODEL= 1

    E1    TH    Q2 COS_K         SMR     NUC          INT-SMR
    EP     X    W2 QE-PK  INELA  Q-ELA  ELAST   TOTAL  MODEL

  10.589 20.373  3.96    2.01    9.20    1.20    0.04   10.45  0.811
   2.990  0.278 11.18    2.22    7.14    1.30    0.04    8.48 8.070E+00

  10.589 20.694  4.14    1.85    8.34    1.06    0.03    9.43  0.804
   3.030  0.292 10.92    2.03    6.08    1.15    0.03    7.25 7.269E+00

  10.589 21.123  4.38    1.67    7.28    0.91    0.02    8.21  0.794
   3.076  0.311 10.60    1.83    4.78    0.98    0.02    5.79 6.319E+00

  10.589 21.680  4.64    1.53    6.32    0.80    0.01    7.13  0.784
   3.095  0.330 10.31    1.67    3.62    0.86    0.01    4.49 5.358E+00

  10.589 22.314  4.91    1.42    5.47    0.70    0.01    6.18  0.773
   3.099  0.350 10.02    1.55    2.57    0.76    0.01    3.34 4.471E+00

  10.589 22.878  5.18    1.33    4.60    0.62    0.01    5.23  0.763
   3.109  0.369  9.74    1.44    1.52    0.67    0.01    2.20 3.774E+00

  10.589 23.217  5.40    1.22    3.75    0.55    0.00    4.31  0.755
   3.151  0.387  9.43    1.32    0.49    0.59    0.00    1.09 3.307E+00

  10.589 23.466  5.59    1.14    3.02    0.50    0.00    3.51  0.749
   3.194  0.403  9.16    1.22   -0.41    0.53    0.00    0.12 2.963E+00

  0.000 0.000  0.000 .000  0.00  0.00  0.00  0.00  0.00  0.00 0.000
                           0.00  0.00  0.00  0.00  0.00  0.00 0.000E+00

