EXTERNAL/TSAI:  VERSION OF 8/8/96

Marathon                                                                
H1_kin3.inp                                                             
                                                                        
Hall A 2018: 25 cm Deuterium target                                     
Nominal values - not exact                                              

----*----1----*----2----*----3----*----4----*----5----*----6----*----7--
                                                                        

TARGET (iZ,iA) = (  1,  1);   avgA =   1.000; amuM=  1.007; avgM=  0.938
 targ=TRITIUM; ttarg(rl)=0.00113; twall=0.00481; tbeam=0.00342; tspec=0.00732
         Nseg  =   4
 MODELS: P elastc(ikk)=14; deut elastic=13; inelastc=206; Pauli Supresion= 4
 NUCLEAR METHOD= 1;   NUCLEAR_MODEL= 1
 DIS MODEL= 1

    E1    TH    Q2 COS_K         SMR     NUC          INT-SMR
    EP     X    W2 QE-PK  INELA  Q-ELA  ELAST   TOTAL  MODEL

  10.589 18.922  3.41    3.69   12.96    0.00    3.74   16.70  1.000
   2.983  0.239 11.74    4.13   12.01    0.00    4.19   16.20 4.865E+00

  10.589 19.260  3.59    3.28   11.93    0.00    3.33   15.25  1.000
   3.027  0.253 11.48    3.66   10.72    0.00    3.71   14.43 4.429E+00

  10.589 19.705  3.82    2.85   10.69    0.00    2.89   13.58  1.000
   3.077  0.271 11.16    3.17    9.18    0.00    3.20   12.38 3.915E+00

  10.589 20.308  4.08    2.52    9.56    0.00    2.55   12.11  1.000
   3.096  0.290 10.87    2.79    7.77    0.00    2.82   10.58 3.352E+00

  10.589 20.979  4.35    2.26    8.53    0.00    2.28   10.81  1.000
   3.099  0.310 10.58    2.48    6.50    0.00    2.50    9.00 2.832E+00

  10.589 21.584  4.62    2.02    7.51    0.00    2.04    9.55  1.000
   3.110  0.329 10.30    2.22    5.21    0.00    2.24    7.45 2.419E+00

  10.589 21.913  4.83    1.81    6.54    0.00    1.82    8.36  1.000
   3.157  0.346 10.00    1.97    4.01    0.00    1.99    5.99 2.171E+00

  10.589 22.190  5.02    1.64    5.73    0.00    1.66    7.38  1.000
   3.198  0.362  9.73    1.79    3.00    0.00    1.80    4.80 1.975E+00

  0.000 0.000  0.000 .000  0.00  0.00  0.00  0.00  0.00  0.00 0.000
                           0.00  0.00  0.00  0.00  0.00  0.00 0.000E+00

