EXTERNAL/TSAI:  VERSION OF 8/8/96

Marathon                                                                
H3_kin3.inp                                                             
                                                                        
Hall A 2018: 25 cm Tritium target                                       
Nominal values - not exact                                              

----*----1----*----2----*----3----*----4----*----5----*----6----*----7--
                                                                        

TARGET (iZ,iA) = (  1,  3);   avgA =   3.000; amuM=  3.016; avgM=  2.809
 targ=TRITIUM; ttarg(rl)=0.00042; twall=0.00481; tbeam=0.00342; tspec=0.00732
         Nseg  =   4
 MODELS: P elastc(ikk)=14; deut elastic=13; inelastc=206; Pauli Supresion= 4
 NUCLEAR METHOD= 1;   NUCLEAR_MODEL= 1
 DIS MODEL= 1

    E1    TH    Q2 COS_K         SMR     NUC          INT-SMR
    EP     X    W2 QE-PK  INELA  Q-ELA  ELAST   TOTAL  MODEL

  10.589 18.921  3.41    2.43   11.37    1.60    0.09   13.06  0.830
   2.983  0.239 11.74    2.71    9.82    1.73    0.09   11.64 1.185E+01

  10.589 19.261  3.59    2.21   10.40    1.40    0.07   11.87  0.824
   3.027  0.253 11.48    2.46    8.62    1.52    0.07   10.20 1.066E+01

  10.589 19.702  3.82    1.97    9.25    1.19    0.05   10.49  0.816
   3.077  0.271 11.16    2.18    7.21    1.29    0.05    8.54 9.284E+00

  10.589 20.298  4.07    1.79    8.20    1.03    0.03    9.26  0.806
   3.097  0.290 10.87    1.97    5.91    1.11    0.03    7.06 7.833E+00

  10.589 20.975  4.35    1.65    7.23    0.90    0.02    8.15  0.795
   3.100  0.310 10.58    1.81    4.73    0.97    0.02    5.72 6.499E+00

  10.589 21.576  4.62    1.52    6.31    0.79    0.01    7.12  0.785
   3.111  0.329 10.30    1.66    3.60    0.85    0.01    4.47 5.466E+00

  10.589 21.912  4.83    1.39    5.42    0.69    0.01    6.12  0.776
   3.158  0.346  9.99    1.51    2.50    0.74    0.01    3.26 4.828E+00

  10.589 22.225  5.03    1.29    4.59    0.61    0.01    5.21  0.768
   3.197  0.363  9.72    1.39    1.50    0.66    0.01    2.16 4.294E+00

  0.000 0.000  0.000 .000  0.00  0.00  0.00  0.00  0.00  0.00 0.000
                           0.00  0.00  0.00  0.00  0.00  0.00 0.000E+00

