EXTERNAL/TSAI:  VERSION OF 8/8/96

Marathon                                                                
H3_kin15.inp                                                            
                                                                        
Hall A 2018: 25 cm Tritium target                                       
Nominal values - not exact                                              

----*----1----*----2----*----3----*----4----*----5----*----6----*----7--
                                                                        

TARGET (iZ,iA) = (  1,  3);   avgA =   3.000; amuM=  3.016; avgM=  2.809
 targ=TRITIUM; ttarg(rl)=0.00042; twall=0.00481; tbeam=0.00342; tspec=0.00732
         Nseg  =   4
 MODELS: P elastc(ikk)=14; deut elastic=13; inelastc=206; Pauli Supresion= 4
 NUCLEAR METHOD= 1;   NUCLEAR_MODEL= 1
 DIS MODEL= 1

    E1    TH    Q2 COS_K         SMR     NUC          INT-SMR
    EP     X    W2 QE-PK  INELA  Q-ELA  ELAST   TOTAL  MODEL

  10.589 32.030  9.63    0.74   -4.83    0.31    0.00   -4.52  0.779
   2.988  0.675  5.51    0.79   -9.70    0.34    0.00   -9.36 1.706E-01

  10.589 32.264  9.83    0.73   -5.28    0.32    0.00   -4.96  0.804
   3.007  0.691  5.27    0.77  -10.23    0.34    0.00   -9.88 1.451E-01

  10.589 32.544 10.08    0.71   -5.81    0.34    0.00   -5.47  0.842
   3.030  0.710  4.99    0.75  -10.85    0.36    0.00  -10.49 1.185E-01

  10.589 32.828 10.33    0.69   -6.36    0.36    0.00   -6.00  0.892
   3.053  0.730  4.70    0.73  -11.51    0.39    0.00  -11.12 9.590E-02

  10.589 33.108 10.57    0.68   -6.93    0.40    0.00   -6.53  0.957
   3.075  0.750  4.41    0.72  -12.18    0.42    0.00  -11.76 7.719E-02

  10.589 33.422 10.83    0.67   -7.54    0.45    0.00   -7.09  1.036
   3.092  0.770  4.12    0.72  -12.89    0.47    0.00  -12.42 6.164E-02

  10.589 33.813 11.10    0.68   -8.14    0.53    0.00   -7.62  1.132
   3.098  0.790  3.84    0.73  -13.58    0.55    0.00  -13.03 4.835E-02

  10.589 34.144 11.36    0.69   -8.86    0.62    0.00   -8.24  1.251
   3.111  0.809  3.56    0.74  -14.41    0.64    0.00  -13.77 3.818E-02

  10.589 34.367 11.59    0.71  -10.02    0.75    0.00   -9.26  1.395
   3.135  0.829  3.28    0.77  -15.76    0.77    0.00  -14.99 3.041E-02

  10.589 34.574 11.78    0.80   -9.79    0.97    0.00   -8.82  1.519
   3.150  0.844  3.06    0.88  -15.36    0.98    0.00  -14.37 2.331E-02

  0.000 0.000  0.000 .000  0.00  0.00  0.00  0.00  0.00  0.00 0.000
                           0.00  0.00  0.00  0.00  0.00  0.00 0.000E+00

