EXTERNAL/TSAI:  VERSION OF 8/8/96

Marathon                                                                
H3_kin2.inp                                                             
                                                                        
Hall A 2018: 25 cm Tritium target                                       
Nominal values - not exact                                              

----*----1----*----2----*----3----*----4----*----5----*----6----*----7--
                                                                        

TARGET (iZ,iA) = (  1,  3);   avgA =   3.000; amuM=  3.016; avgM=  2.809
 targ=TRITIUM; ttarg(rl)=0.00042; twall=0.00481; tbeam=0.00342; tspec=0.00732
         Nseg  =   4
 MODELS: P elastc(ikk)=14; deut elastic=13; inelastc=206; Pauli Supresion= 4
 NUCLEAR METHOD= 1;   NUCLEAR_MODEL= 1
 DIS MODEL= 1

    E1    TH    Q2 COS_K         SMR     NUC          INT-SMR
    EP     X    W2 QE-PK  INELA  Q-ELA  ELAST   TOTAL  MODEL

  10.589 17.744  3.05    2.71   12.71    1.89    0.13   14.73  0.840
   3.023  0.215 12.03    3.04   11.50    2.04    0.13   13.67 1.595E+01

  10.589 18.183  3.25    2.40   11.49    1.60    0.10   13.19  0.834
   3.077  0.231 11.72    2.68    9.98    1.73    0.10   11.81 1.395E+01

  10.589 18.830  3.51    2.16   10.31    1.37    0.07   11.75  0.827
   3.097  0.250 11.43    2.40    8.52    1.48    0.07   10.07 1.164E+01

  10.589 19.556  3.79    1.96    9.23    1.19    0.05   10.46  0.817
   3.100  0.270 11.15    2.16    7.18    1.28    0.05    8.51 9.564E+00

  10.589 20.187  4.05    1.78    8.19    1.03    0.03    9.25  0.807
   3.114  0.289 10.86    1.96    5.90    1.11    0.03    7.04 8.012E+00

  10.589 20.516  4.25    1.62    7.23    0.89    0.02    8.14  0.798
   3.164  0.305 10.56    1.77    4.72    0.96    0.02    5.70 7.140E+00

  10.589 20.889  4.47    1.48    6.29    0.78    0.02    7.08  0.789
   3.208  0.322 10.27    1.61    3.57    0.84    0.02    4.42 6.280E+00

  0.000 0.000  0.000 .000  0.00  0.00  0.00  0.00  0.00  0.00 0.000
                           0.00  0.00  0.00  0.00  0.00  0.00 0.000E+00

