EXTERNAL/TSAI:  VERSION OF 8/8/96

Marathon                                                                
He3_kin5.inp                                                            
                                                                        
Hall A 2018: 25 cm He3 target                                           
Nominal values - not exact                                              

----*----1----*----2----*----3----*----4----*----5----*----6----*----7--
                                                                        

TARGET (iZ,iA) = (  2,  3);   avgA =   3.000; amuM=  3.016; avgM=  2.809
 targ=TRITIUM; ttarg(rl)=0.00075; twall=0.00481; tbeam=0.00342; tspec=0.00732
         Nseg  =   4
 MODELS: P elastc(ikk)=14; deut elastic=13; inelastc=206; Pauli Supresion= 4
 NUCLEAR METHOD= 1;   NUCLEAR_MODEL= 1
 DIS MODEL= 1

    E1    TH    Q2 COS_K         SMR     NUC          INT-SMR
    EP     X    W2 QE-PK  INELA  Q-ELA  ELAST   TOTAL  MODEL

  10.589 21.700  4.50    2.05    7.79    1.10    0.02    8.91  0.805
   2.999  0.316 10.62    2.25    5.53    1.20    0.02    6.74 6.517E+00

  10.589 22.024  4.69    1.87    6.91    0.97    0.01    7.89  0.800
   3.038  0.331 10.36    2.05    4.44    1.05    0.01    5.51 5.868E+00

  10.589 22.441  4.94    1.68    5.92    0.83    0.01    6.76  0.794
   3.079  0.350 10.03    1.83    3.23    0.90    0.01    4.14 5.125E+00

  10.589 22.971  5.20    1.54    5.06    0.73    0.01    5.80  0.788
   3.096  0.370  9.74    1.67    2.17    0.80    0.01    2.97 4.387E+00

  10.589 23.568  5.48    1.43    4.23    0.65    0.00    4.89  0.783
   3.100  0.390  9.46    1.54    1.15    0.71    0.00    1.87 3.699E+00

  10.589 24.107  5.74    1.32    3.41    0.59    0.00    4.00  0.779
   3.109  0.409  9.17    1.42    0.15    0.63    0.00    0.79 3.145E+00

  10.589 24.433  5.97    1.21    2.54    0.52    0.00    3.07  0.777
   3.149  0.428  8.87    1.30   -0.89    0.57    0.00   -0.33 2.762E+00

  10.589 24.670  6.16    1.13    1.91    0.47    0.00    2.39  0.777
   3.189  0.444  8.60    1.20   -1.69    0.51    0.00   -1.17 2.478E+00

  0.000 0.000  0.000 .000  0.00  0.00  0.00  0.00  0.00  0.00 0.000
                           0.00  0.00  0.00  0.00  0.00  0.00 0.000E+00

