EXTERNAL/TSAI:  VERSION OF 8/8/96

Marathon                                                                
H3_kin0.inp                                                             
                                                                        
Hall A 2018: 25 cm Tritium target                                       
Nominal values - not exact                                              

----*----1----*----2----*----3----*----4----*----5----*----6----*----7--
                                                                        

TARGET (iZ,iA) = (  1,  3);   avgA =   3.000; amuM=  3.016; avgM=  2.809
 targ=TRITIUM; ttarg(rl)=0.00042; twall=0.00481; tbeam=0.00342; tspec=0.00732
         Nseg  =   4
 MODELS: P elastc(ikk)=14; deut elastic=13; inelastc=206; Pauli Supresion= 4
 NUCLEAR METHOD= 1;   NUCLEAR_MODEL= 1
 DIS MODEL= 1

    E1    TH    Q2 COS_K         SMR     NUC          INT-SMR
    EP     X    W2 QE-PK  INELA  Q-ELA  ELAST   TOTAL  MODEL

  10.589 15.282  2.25    3.91   16.75    3.08    0.39   20.22  0.854
   3.001  0.158 12.87    4.46   16.63    3.34    0.40   20.36 3.122E+01

  10.589 15.715  2.42    3.44   15.43    2.62    0.29   18.35  0.853
   3.063  0.172 12.58    3.91   14.97    2.84    0.29   18.10 2.733E+01

  10.589 16.405  2.67    3.01   14.02    2.21    0.20   16.44  0.849
   3.095  0.190 12.28    3.40   13.18    2.39    0.21   15.77 2.245E+01

  10.589 17.232  2.94    2.67   12.72    1.87    0.14   14.74  0.843
   3.098  0.209 11.99    3.00   11.53    2.03    0.14   13.70 1.791E+01

  10.589 17.949  3.21    2.39   11.46    1.60    0.10   13.15  0.835
   3.111  0.228 11.71    2.67    9.96    1.72    0.10   11.78 1.469E+01

  10.589 18.307  3.39    2.14   10.45    1.38    0.07   11.90  0.830
   3.165  0.243 11.42    2.38    8.69    1.49    0.07   10.25 1.310E+01

  10.589 18.741  3.61    1.91    9.27    1.17    0.05   10.49  0.822
   3.216  0.261 11.11    2.11    7.23    1.26    0.05    8.55 1.142E+01

  0.000 0.000  0.000 .000  0.00  0.00  0.00  0.00  0.00  0.00 0.000
                           0.00  0.00  0.00  0.00  0.00  0.00 0.000E+00

