EXTERNAL/TSAI:  VERSION OF 8/8/96

Marathon                                                                
H3_kin5.inp                                                             
                                                                        
Hall A 2018: 25 cm Tritium target                                       
Nominal values - not exact                                              

----*----1----*----2----*----3----*----4----*----5----*----6----*----7--
                                                                        

TARGET (iZ,iA) = (  1,  3);   avgA =   3.000; amuM=  3.016; avgM=  2.809
 targ=TRITIUM; ttarg(rl)=0.00042; twall=0.00481; tbeam=0.00342; tspec=0.00732
         Nseg  =   4
 MODELS: P elastc(ikk)=14; deut elastic=13; inelastc=206; Pauli Supresion= 4
 NUCLEAR METHOD= 1;   NUCLEAR_MODEL= 1
 DIS MODEL= 1

    E1    TH    Q2 COS_K         SMR     NUC          INT-SMR
    EP     X    W2 QE-PK  INELA  Q-ELA  ELAST   TOTAL  MODEL

  10.589 21.706  4.50    1.71    7.27    0.92    0.02    8.21  0.791
   3.000  0.316 10.62    1.87    4.77    1.00    0.02    5.78 5.626E+00

  10.589 22.031  4.70    1.58    6.42    0.82    0.01    7.26  0.782
   3.038  0.331 10.35    1.72    3.75    0.88    0.01    4.64 5.033E+00

  10.589 22.438  4.94    1.44    5.50    0.71    0.01    6.21  0.773
   3.079  0.350 10.04    1.56    2.61    0.76    0.01    3.38 4.372E+00

  10.589 22.969  5.20    1.33    4.60    0.63    0.01    5.24  0.763
   3.096  0.370  9.74    1.44    1.53    0.68    0.01    2.21 3.709E+00

  10.589 23.569  5.48    1.25    3.82    0.56    0.00    4.38  0.753
   3.099  0.390  9.46    1.35    0.57    0.61    0.00    1.19 3.105E+00

  10.589 24.103  5.74    1.17    3.02    0.51    0.00    3.53  0.745
   3.110  0.409  9.17    1.26   -0.39    0.55    0.00    0.16 2.619E+00

  10.589 24.436  5.97    1.09    2.24    0.45    0.00    2.70  0.739
   3.148  0.428  8.87    1.17   -1.34    0.49    0.00   -0.85 2.282E+00

  10.589 24.670  6.16    1.02    1.57    0.41    0.00    1.98  0.735
   3.188  0.444  8.61    1.09   -2.16    0.44    0.00   -1.71 2.037E+00

  0.000 0.000  0.000 .000  0.00  0.00  0.00  0.00  0.00  0.00 0.000
                           0.00  0.00  0.00  0.00  0.00  0.00 0.000E+00

