EXTERNAL/TSAI:  VERSION OF 8/8/96

Marathon                                                                
He3_kin15.inp                                                           
                                                                        
Hall A 2018: 25 cm He3 target                                           
Nominal values - not exact                                              

----*----1----*----2----*----3----*----4----*----5----*----6----*----7--
                                                                        

TARGET (iZ,iA) = (  2,  3);   avgA =   3.000; amuM=  3.016; avgM=  2.809
 targ=TRITIUM; ttarg(rl)=0.00075; twall=0.00481; tbeam=0.00342; tspec=0.00732
         Nseg  =   4
 MODELS: P elastc(ikk)=14; deut elastic=13; inelastc=206; Pauli Supresion= 4
 NUCLEAR METHOD= 1;   NUCLEAR_MODEL= 1
 DIS MODEL= 1

    E1    TH    Q2 COS_K         SMR     NUC          INT-SMR
    EP     X    W2 QE-PK  INELA  Q-ELA  ELAST   TOTAL  MODEL

  10.589 32.030  9.63    0.74   -4.92    0.35    0.00   -4.58  0.866
   2.988  0.675  5.51    0.79   -9.82    0.37    0.00   -9.45 2.221E-01

  10.589 32.260  9.83    0.72   -5.41    0.36    0.00   -5.05  0.895
   3.008  0.691  5.27    0.77  -10.39    0.38    0.00  -10.01 1.890E-01

  10.589 32.551 10.08    0.70   -6.00    0.38    0.00   -5.62  0.939
   3.030  0.711  4.99    0.75  -11.10    0.40    0.00  -10.70 1.538E-01

  10.589 32.824 10.32    0.69   -6.59    0.41    0.00   -6.18  0.996
   3.054  0.730  4.70    0.73  -11.80    0.43    0.00  -11.37 1.242E-01

  10.589 33.099 10.57    0.68   -7.18    0.45    0.00   -6.73  1.069
   3.077  0.750  4.40    0.73  -12.50    0.48    0.00  -12.02 9.920E-02

  10.589 33.412 10.83    0.68   -7.76    0.51    0.00   -7.24  1.158
   3.093  0.770  4.12    0.73  -13.18    0.54    0.00  -12.64 7.848E-02

  10.589 33.777 11.09    0.68   -8.38    0.60    0.00   -7.78  1.264
   3.102  0.789  3.84    0.74  -13.89    0.62    0.00  -13.27 6.143E-02

  10.589 34.154 11.36    0.71   -9.01    0.72    0.00   -8.29  1.394
   3.109  0.809  3.56    0.77  -14.61    0.74    0.00  -13.87 4.747E-02

  10.589 34.390 11.60    0.74   -9.49    0.89    0.00   -8.61  1.556
   3.133  0.829  3.27    0.82  -15.16    0.91    0.00  -14.25 3.696E-02

  10.589 34.559 11.78    0.74  -10.85    0.99    0.00   -9.86  1.692
   3.151  0.844  3.06    0.81  -16.83    1.01    0.00  -15.82 3.251E-02

  0.000 0.000  0.000 .000  0.00  0.00  0.00  0.00  0.00  0.00 0.000
                           0.00  0.00  0.00  0.00  0.00  0.00 0.000E+00

