EXTERNAL/TSAI:  VERSION OF 8/8/96

Marathon                                                                
H3_kin15.inp                                                            
                                                                        
Hall A 2018: 25 cm Tritium target                                       
Nominal values - not exact                                              

----*----1----*----2----*----3----*----4----*----5----*----6----*----7--
                                                                        

TARGET (iZ,iA) = (  1,  3);   avgA =   3.000; amuM=  3.016; avgM=  2.809
 targ=TRITIUM; ttarg(rl)=0.00042; twall=0.00481; tbeam=0.00342; tspec=0.00732
         Nseg  =   4
 MODELS: P elastc(ikk)=14; deut elastic=13; inelastc=206; Pauli Supresion= 4
 NUCLEAR METHOD= 1;   NUCLEAR_MODEL= 1
 DIS MODEL=**

    E1    TH    Q2 COS_K         SMR     NUC          INT-SMR
    EP     X    W2 QE-PK  INELA  Q-ELA  ELAST   TOTAL  MODEL

  10.589 32.030  9.63    0.72   -5.32    0.32    0.00   -5.00  0.823
   2.988  0.675  5.51    0.76  -10.30    0.34    0.00   -9.95 1.761E-01

  10.589 32.264  9.83    0.70   -5.86    0.33    0.00   -5.53  0.844
   3.007  0.691  5.27    0.74  -10.95    0.35    0.00  -10.60 1.495E-01

  10.589 32.544 10.08    0.69   -6.53    0.35    0.00   -6.18  0.878
   3.030  0.710  4.99    0.73  -11.75    0.37    0.00  -11.38 1.215E-01

  10.589 32.828 10.33    0.68   -7.24    0.37    0.00   -6.87  0.924
   3.053  0.730  4.70    0.72  -12.59    0.40    0.00  -12.20 9.737E-02

  10.589 33.108 10.57    0.68   -7.97    0.41    0.00   -7.56  0.984
   3.075  0.750  4.41    0.72  -13.46    0.44    0.00  -13.03 7.716E-02

  10.589 33.422 10.83    0.69   -8.73    0.47    0.00   -8.26  1.059
   3.092  0.770  4.12    0.73  -14.36    0.50    0.00  -13.86 6.024E-02

  10.589 33.813 11.10    0.71   -9.52    0.56    0.00   -8.96  1.150
   3.098  0.790  3.84    0.77  -15.28    0.59    0.00  -14.69 4.592E-02

  10.589 34.144 11.36    0.75  -10.39    0.69    0.00   -9.70  1.261
   3.111  0.809  3.56    0.82  -16.30    0.72    0.00  -15.58 3.476E-02

  10.589 34.367 11.59    0.82  -11.38    0.88    0.00  -10.50  1.396
   3.135  0.829  3.28    0.90  -17.44    0.90    0.00  -16.54 2.621E-02

  10.589 34.574 11.78    0.90  -12.23    1.09    0.00  -11.15  1.511
   3.150  0.844  3.06    0.99  -18.42    1.11    0.00  -17.31 2.065E-02

  0.000 0.000  0.000 .000  0.00  0.00  0.00  0.00  0.00  0.00 0.000
                           0.00  0.00  0.00  0.00  0.00  0.00 0.000E+00

