EXTERNAL/TSAI:  VERSION OF 8/8/96

Marathon                                                                
He3_kin3.inp                                                            
                                                                        
Hall A 2018: 25 cm He3 target                                           
Nominal values - not exact                                              

----*----1----*----2----*----3----*----4----*----5----*----6----*----7--
                                                                        

TARGET (iZ,iA) = (  2,  3);   avgA =   3.000; amuM=  3.016; avgM=  2.809
 targ=TRITIUM; ttarg(rl)=0.00075; twall=0.00481; tbeam=0.00342; tspec=0.00732
         Nseg  =   4
 MODELS: P elastc(ikk)=14; deut elastic=13; inelastc=206; Pauli Supresion= 4
 NUCLEAR METHOD= 1;   NUCLEAR_MODEL= 1
 DIS MODEL=**

    E1    TH    Q2 COS_K         SMR     NUC          INT-SMR
    EP     X    W2 QE-PK  INELA  Q-ELA  ELAST   TOTAL  MODEL

  10.589 18.921  3.41    3.14   11.87    2.02    0.08   13.97  0.840
   2.984  0.239 11.74    3.50   10.59    2.20    0.08   12.87 1.315E+01

  10.589 19.260  3.59    2.82   10.88    1.77    0.06   12.71  0.843
   3.027  0.253 11.48    3.14    9.36    1.93    0.06   11.34 1.191E+01

  10.589 19.698  3.81    2.48    9.69    1.51    0.04   11.24  0.846
   3.078  0.271 11.16    2.75    7.88    1.64    0.04    9.56 1.046E+01

  10.589 20.299  4.07    2.22    8.61    1.30    0.03    9.94  0.847
   3.097  0.290 10.87    2.45    6.55    1.42    0.03    7.99 8.884E+00

  10.589 20.975  4.35    2.01    7.61    1.14    0.02    8.77  0.847
   3.100  0.310 10.58    2.21    5.31    1.23    0.02    6.57 7.432E+00

  10.589 21.576  4.62    1.83    6.67    1.00    0.01    7.68  0.845
   3.111  0.329 10.30    2.00    4.15    1.08    0.01    5.25 6.300E+00

  10.589 21.911  4.83    1.65    5.76    0.87    0.01    6.64  0.844
   3.158  0.346  9.99    1.80    3.03    0.94    0.01    3.98 5.605E+00

  10.589 22.202  5.02    1.52    5.00    0.78    0.01    5.78  0.843
   3.196  0.362  9.74    1.64    2.08    0.84    0.01    2.93 5.051E+00

  0.000 0.000  0.000 .000  0.00  0.00  0.00  0.00  0.00  0.00 0.000
                           0.00  0.00  0.00  0.00  0.00  0.00 0.000E+00

