EXTERNAL/TSAI:  VERSION OF 8/8/96

Marathon                                                                
H3_kin13.inp                                                            
                                                                        
Hall A 2018: 25 cm Tritium target                                       
Nominal values - not exact                                              

----*----1----*----2----*----3----*----4----*----5----*----6----*----7--
                                                                        

TARGET (iZ,iA) = (  1,  3);   avgA =   3.000; amuM=  3.016; avgM=  2.809
 targ=TRITIUM; ttarg(rl)=0.00042; twall=0.00481; tbeam=0.00342; tspec=0.00732
         Nseg  =   4
 MODELS: P elastc(ikk)=14; deut elastic=13; inelastc=206; Pauli Supresion= 4
 NUCLEAR METHOD= 1;   NUCLEAR_MODEL= 1
 DIS MODEL=**

    E1    TH    Q2 COS_K         SMR     NUC          INT-SMR
    EP     X    W2 QE-PK  INELA  Q-ELA  ELAST   TOTAL  MODEL

  10.589 30.116  8.53    0.81   -2.91    0.32    0.00   -2.59  0.782
   2.985  0.598  6.62    0.86   -7.44    0.35    0.00   -7.10 4.009E-01

  10.589 30.338  8.71    0.78   -3.39    0.32    0.00   -3.07  0.785
   3.003  0.612  6.41    0.83   -8.01    0.34    0.00   -7.67 3.536E-01

  10.589 30.633  8.95    0.75   -4.02    0.31    0.00   -3.71  0.793
   3.028  0.631  6.12    0.79   -8.78    0.33    0.00   -8.45 2.964E-01

  10.589 30.929  9.20    0.72   -4.68    0.31    0.00   -4.37  0.807
   3.054  0.650  5.83    0.76   -9.56    0.33    0.00   -9.24 2.456E-01

  10.589 31.225  9.44    0.69   -5.34    0.31    0.00   -5.03  0.826
   3.078  0.670  5.53    0.73  -10.36    0.33    0.00  -10.03 2.018E-01

  10.589 31.565  9.70    0.67   -6.00    0.32    0.00   -5.68  0.853
   3.095  0.690  5.24    0.71  -11.15    0.34    0.00  -10.81 1.638E-01

  10.589 31.978  9.97    0.67   -6.65    0.34    0.00   -6.31  0.887
   3.102  0.709  4.96    0.71  -11.92    0.36    0.00  -11.56 1.306E-01

  10.589 32.359 10.23    0.66   -7.33    0.37    0.00   -6.97  0.933
   3.112  0.729  4.68    0.70  -12.73    0.39    0.00  -12.34 1.034E-01

  10.589 32.605 10.47    0.66   -8.06    0.41    0.00   -7.65  0.994
   3.137  0.749  4.39    0.70  -13.59    0.43    0.00  -13.16 8.260E-02

  10.589 32.834 10.70    0.67   -8.82    0.47    0.00   -8.36  1.072
   3.164  0.768  4.11    0.71  -14.50    0.49    0.00  -14.01 6.533E-02

  10.589 33.026 10.92    0.69   -9.57    0.55    0.00   -9.02  1.161
   3.190  0.786  3.85    0.74  -15.38    0.57    0.00  -14.81 5.213E-02

  10.589 33.283 11.14    0.72  -10.36    0.66    0.00   -9.70  1.263
   3.207  0.804  3.59    0.78  -16.30    0.68    0.00  -15.62 4.081E-02

  0.000 0.000  0.000 .000  0.00  0.00  0.00  0.00  0.00  0.00 0.000
                           0.00  0.00  0.00  0.00  0.00  0.00 0.000E+00

