EXTERNAL/TSAI:  VERSION OF 8/8/96

Marathon                                                                
He3_kin0.inp                                                            
                                                                        
Hall A 2018: 25 cm He3 target                                           
Nominal values - not exact                                              

----*----1----*----2----*----3----*----4----*----5----*----6----*----7--
                                                                        

TARGET (iZ,iA) = (  2,  3);   avgA =   3.000; amuM=  3.016; avgM=  2.809
 targ=TRITIUM; ttarg(rl)=0.00075; twall=0.00481; tbeam=0.00342; tspec=0.00732
         Nseg  =   4
 MODELS: P elastc(ikk)=14; deut elastic=13; inelastc=206; Pauli Supresion= 4
 NUCLEAR METHOD= 1;   NUCLEAR_MODEL= 1
 DIS MODEL=**

    E1    TH    Q2 COS_K         SMR     NUC          INT-SMR
    EP     X    W2 QE-PK  INELA  Q-ELA  ELAST   TOTAL  MODEL

  10.589 15.283  2.25    5.50   17.83    3.94    0.37   22.14  0.808
   3.001  0.158 12.87    6.28   18.18    4.30    0.37   22.85 3.327E+01

  10.589 15.714  2.42    4.75   16.36    3.35    0.27   19.98  0.818
   3.063  0.172 12.58    5.40   16.31    3.65    0.27   20.23 2.938E+01

  10.589 16.403  2.67    4.08   14.80    2.81    0.19   17.79  0.827
   3.095  0.190 12.28    4.61   14.32    3.06    0.19   17.57 2.435E+01

  10.589 17.232  2.94    3.55   13.36    2.38    0.13   15.87  0.835
   3.098  0.209 11.99    3.99   12.50    2.58    0.13   15.21 1.960E+01

  10.589 17.949  3.21    3.11   12.05    2.02    0.09   14.16  0.840
   3.111  0.229 11.71    3.48   10.84    2.20    0.09   13.13 1.623E+01

  10.589 18.306  3.39    2.75   10.95    1.74    0.06   12.76  0.844
   3.165  0.243 11.42    3.07    9.46    1.89    0.06   11.42 1.457E+01

  10.589 18.738  3.61    2.42    9.74    1.48    0.04   11.26  0.848
   3.216  0.261 11.10    2.68    7.95    1.61    0.04    9.60 1.280E+01

  0.000 0.000  0.000 .000  0.00  0.00  0.00  0.00  0.00  0.00 0.000
                           0.00  0.00  0.00  0.00  0.00  0.00 0.000E+00

