EXTERNAL/TSAI:  VERSION OF 8/8/96

Marathon                                                                
He3_kin13.inp                                                           
                                                                        
Hall A 2018: 25 cm He3 target                                           
Nominal values - not exact                                              

----*----1----*----2----*----3----*----4----*----5----*----6----*----7--
                                                                        

TARGET (iZ,iA) = (  2,  3);   avgA =   3.000; amuM=  3.016; avgM=  2.809
 targ=TRITIUM; ttarg(rl)=0.00075; twall=0.00481; tbeam=0.00342; tspec=0.00732
         Nseg  =   4
 MODELS: P elastc(ikk)=14; deut elastic=13; inelastc=206; Pauli Supresion= 4
 NUCLEAR METHOD= 1;   NUCLEAR_MODEL= 1
 DIS MODEL=**

    E1    TH    Q2 COS_K         SMR     NUC          INT-SMR
    EP     X    W2 QE-PK  INELA  Q-ELA  ELAST   TOTAL  MODEL

  10.589 30.116  8.53    0.84   -2.67    0.35    0.00   -2.32  0.828
   2.984  0.598  6.62    0.89   -7.14    0.38    0.00   -6.76 5.087E-01

  10.589 30.337  8.71    0.80   -3.18    0.34    0.00   -2.83  0.835
   3.004  0.612  6.40    0.85   -7.75    0.37    0.00   -7.38 4.496E-01

  10.589 30.638  8.95    0.76   -3.84    0.33    0.00   -3.50  0.848
   3.027  0.631  6.12    0.81   -8.55    0.36    0.00   -8.19 3.790E-01

  10.589 30.928  9.20    0.73   -4.52    0.33    0.00   -4.19  0.867
   3.054  0.650  5.83    0.77   -9.37    0.36    0.00   -9.02 3.161E-01

  10.589 31.221  9.44    0.70   -5.22    0.33    0.00   -4.89  0.892
   3.079  0.670  5.53    0.74  -10.22    0.36    0.00   -9.86 2.611E-01

  10.589 31.572  9.70    0.67   -5.90    0.35    0.00   -5.56  0.925
   3.094  0.690  5.24    0.71  -11.04    0.37    0.00  -10.66 2.127E-01

  10.589 31.971  9.97    0.66   -6.58    0.37    0.00   -6.22  0.967
   3.103  0.709  4.96    0.70  -11.85    0.39    0.00  -11.46 1.704E-01

  10.589 32.356 10.23    0.65   -7.29    0.40    0.00   -6.90  1.020
   3.112  0.729  4.68    0.70  -12.69    0.42    0.00  -12.27 1.354E-01

  10.589 32.604 10.47    0.65   -8.04    0.44    0.00   -7.60  1.091
   3.137  0.749  4.40    0.69  -13.59    0.47    0.00  -13.12 1.085E-01

  10.589 32.826 10.70    0.66   -8.83    0.50    0.00   -8.32  1.179
   3.164  0.768  4.11    0.70  -14.52    0.53    0.00  -13.99 8.617E-02

  10.589 33.047 10.93    0.67   -9.62    0.59    0.00   -9.03  1.284
   3.189  0.787  3.84    0.73  -15.46    0.62    0.00  -14.84 6.800E-02

  10.589 33.297 11.13    0.71  -10.35    0.70    0.00   -9.65  1.388
   3.202  0.803  3.61    0.77  -16.31    0.73    0.00  -15.58 5.436E-02

  0.000 0.000  0.000 .000  0.00  0.00  0.00  0.00  0.00  0.00 0.000
                           0.00  0.00  0.00  0.00  0.00  0.00 0.000E+00

