EXTERNAL/TSAI:  VERSION OF 8/8/96

Marathon                                                                
He3_kin5.inp                                                            
                                                                        
Hall A 2018: 25 cm He3 target                                           
Nominal values - not exact                                              

----*----1----*----2----*----3----*----4----*----5----*----6----*----7--
                                                                        

TARGET (iZ,iA) = (  2,  3);   avgA =   3.000; amuM=  3.016; avgM=  2.809
 targ=TRITIUM; ttarg(rl)=0.00075; twall=0.00481; tbeam=0.00342; tspec=0.00732
         Nseg  =   4
 MODELS: P elastc(ikk)=14; deut elastic=13; inelastc=206; Pauli Supresion= 4
 NUCLEAR METHOD= 1;   NUCLEAR_MODEL= 1
 DIS MODEL=**

    E1    TH    Q2 COS_K         SMR     NUC          INT-SMR
    EP     X    W2 QE-PK  INELA  Q-ELA  ELAST   TOTAL  MODEL

  10.589 21.700  4.50    2.07    7.64    1.17    0.02    8.82  0.845
   2.999  0.316 10.62    2.27    5.35    1.27    0.02    6.64 6.467E+00

  10.589 22.024  4.69    1.89    6.80    1.03    0.01    7.84  0.844
   3.038  0.331 10.36    2.06    4.32    1.12    0.01    5.45 5.821E+00

  10.589 22.441  4.94    1.70    5.87    0.89    0.01    6.77  0.843
   3.079  0.350 10.03    1.85    3.16    0.97    0.01    4.14 5.082E+00

  10.589 22.971  5.20    1.56    4.96    0.79    0.01    5.75  0.841
   3.096  0.370  9.74    1.69    2.05    0.86    0.01    2.92 4.349E+00

  10.589 23.568  5.48    1.44    4.16    0.71    0.00    4.87  0.838
   3.100  0.390  9.46    1.55    1.07    0.77    0.00    1.84 3.667E+00

  10.589 24.107  5.74    1.33    3.39    0.63    0.00    4.02  0.835
   3.109  0.409  9.17    1.44    0.13    0.69    0.00    0.82 3.119E+00

  10.589 24.433  5.97    1.22    2.57    0.56    0.00    3.14  0.832
   3.149  0.428  8.87    1.31   -0.87    0.61    0.00   -0.25 2.739E+00

  10.589 24.670  6.16    1.13    1.89    0.51    0.00    2.40  0.829
   3.189  0.444  8.60    1.21   -1.70    0.55    0.00   -1.15 2.458E+00

  0.000 0.000  0.000 .000  0.00  0.00  0.00  0.00  0.00  0.00 0.000
                           0.00  0.00  0.00  0.00  0.00  0.00 0.000E+00

