EXTERNAL/TSAI:  VERSION OF 8/8/96

Marathon                                                                
He3_kin1.inp                                                            
                                                                        
Hall A 2018: 25 cm He3 target                                           
Nominal values - not exact                                              

----*----1----*----2----*----3----*----4----*----5----*----6----*----7--
                                                                        

TARGET (iZ,iA) = (  2,  3);   avgA =   3.000; amuM=  3.016; avgM=  2.809
 targ=TRITIUM; ttarg(rl)=0.00075; twall=0.00481; tbeam=0.00342; tspec=0.00732
         Nseg  =   4
 MODELS: P elastc(ikk)=14; deut elastic=13; inelastc=206; Pauli Supresion= 4
 NUCLEAR METHOD= 1;   NUCLEAR_MODEL= 1
 DIS MODEL=**

    E1    TH    Q2 COS_K         SMR     NUC          INT-SMR
    EP     X    W2 QE-PK  INELA  Q-ELA  ELAST   TOTAL  MODEL

  10.589 16.120  2.51    4.72   16.20    3.31    0.26   19.77  0.819
   3.013  0.176 12.59    5.36   16.08    3.61    0.26   19.94 2.663E+01

  10.589 16.554  2.70    4.09   14.79    2.81    0.19   17.79  0.827
   3.072  0.191 12.29    4.62   14.30    3.06    0.19   17.55 2.351E+01

  10.589 17.242  2.95    3.54   13.35    2.37    0.13   15.85  0.835
   3.097  0.210 11.99    3.98   12.48    2.58    0.13   15.19 1.955E+01

  10.589 18.036  3.23    3.11   12.03    2.02    0.09   14.14  0.840
   3.100  0.230 11.71    3.48   10.81    2.20    0.09   13.10 1.592E+01

  10.589 18.708  3.49    2.75   10.81    1.73    0.06   12.61  0.844
   3.115  0.248 11.42    3.06    9.29    1.88    0.06   11.23 1.333E+01

  10.589 19.042  3.67    2.45    9.75    1.50    0.04   11.29  0.847
   3.168  0.264 11.13    2.71    7.97    1.63    0.04    9.64 1.201E+01

  0.000 0.000  0.000 .000  0.00  0.00  0.00  0.00  0.00  0.00 0.000
                           0.00  0.00  0.00  0.00  0.00  0.00 0.000E+00

