EXTERNAL/TSAI:  VERSION OF 8/8/96

Marathon                                                                
He3_kin4.inp                                                            
                                                                        
Hall A 2018: 25 cm He3 target                                           
Nominal values - not exact                                              

----*----1----*----2----*----3----*----4----*----5----*----6----*----7--
                                                                        

TARGET (iZ,iA) = (  2,  3);   avgA =   3.000; amuM=  3.016; avgM=  2.809
 targ=TRITIUM; ttarg(rl)=0.00075; twall=0.00481; tbeam=0.00342; tspec=0.00732
         Nseg  =   4
 MODELS: P elastc(ikk)=14; deut elastic=13; inelastc=206; Pauli Supresion= 4
 NUCLEAR METHOD= 1;   NUCLEAR_MODEL= 1
 DIS MODEL=**

    E1    TH    Q2 COS_K         SMR     NUC          INT-SMR
    EP     X    W2 QE-PK  INELA  Q-ELA  ELAST   TOTAL  MODEL

  10.589 20.374  3.96    2.51    9.61    1.52    0.04   11.17  0.845
   2.990  0.278 11.18    2.78    7.79    1.65    0.04    9.47 9.111E+00

  10.589 20.696  4.14    2.28    8.72    1.34    0.03   10.09  0.846
   3.031  0.292 10.92    2.52    6.69    1.46    0.03    8.17 8.251E+00

  10.589 21.128  4.38    2.03    7.64    1.15    0.02    8.81  0.846
   3.076  0.311 10.60    2.23    5.35    1.25    0.02    6.62 7.222E+00

  10.589 21.684  4.64    1.84    6.69    1.00    0.01    7.71  0.845
   3.095  0.330 10.31    2.01    4.18    1.09    0.01    5.28 6.176E+00

  10.589 22.313  4.91    1.69    5.85    0.89    0.01    6.75  0.843
   3.099  0.350 10.02    1.83    3.14    0.96    0.01    4.11 5.200E+00

  10.589 22.887  5.18    1.55    4.95    0.79    0.01    5.74  0.841
   3.108  0.369  9.74    1.68    2.04    0.85    0.01    2.90 4.415E+00

  10.589 23.220  5.40    1.41    4.11    0.69    0.00    4.80  0.839
   3.151  0.387  9.43    1.52    1.00    0.75    0.00    1.76 3.902E+00

  10.589 23.476  5.59    1.30    3.39    0.62    0.00    4.01  0.837
   3.192  0.403  9.17    1.40    0.12    0.67    0.00    0.79 3.513E+00

  0.000 0.000  0.000 .000  0.00  0.00  0.00  0.00  0.00  0.00 0.000
                           0.00  0.00  0.00  0.00  0.00  0.00 0.000E+00

