EXTERNAL/TSAI:  VERSION OF 8/8/96

Marathon                                                                
He3_kin2.inp                                                            
                                                                        
Hall A 2018: 25 cm He3 target                                           
Nominal values - not exact                                              

----*----1----*----2----*----3----*----4----*----5----*----6----*----7--
                                                                        

TARGET (iZ,iA) = (  2,  3);   avgA =   3.000; amuM=  3.016; avgM=  2.809
 targ=TRITIUM; ttarg(rl)=0.00075; twall=0.00481; tbeam=0.00342; tspec=0.00732
         Nseg  =   4
 MODELS: P elastc(ikk)=14; deut elastic=13; inelastc=206; Pauli Supresion= 4
 NUCLEAR METHOD= 1;   NUCLEAR_MODEL= 1
 DIS MODEL=**

    E1    TH    Q2 COS_K         SMR     NUC          INT-SMR
    EP     X    W2 QE-PK  INELA  Q-ELA  ELAST   TOTAL  MODEL

  10.589 17.745  3.05    3.58   13.32    2.39    0.12   15.84  0.835
   3.023  0.215 12.03    4.02   12.42    2.60    0.12   15.15 1.750E+01

  10.589 18.185  3.25    3.13   12.04    2.03    0.09   14.16  0.840
   3.076  0.231 11.73    3.50   10.82    2.21    0.09   13.12 1.542E+01

  10.589 18.831  3.51    2.76   10.81    1.74    0.06   12.60  0.844
   3.097  0.250 11.43    3.07    9.28    1.89    0.06   11.22 1.298E+01

  10.589 19.560  3.79    2.46    9.66    1.50    0.04   11.20  0.846
   3.100  0.270 11.15    2.73    7.85    1.63    0.04    9.52 1.075E+01

  10.589 20.190  4.05    2.21    8.61    1.30    0.03    9.93  0.847
   3.112  0.289 10.86    2.44    6.54    1.41    0.03    7.98 9.080E+00

  10.589 20.517  4.25    1.98    7.63    1.13    0.02    8.77  0.848
   3.164  0.305 10.56    2.17    5.33    1.22    0.02    6.57 8.146E+00

  10.589 20.903  4.47    1.78    6.65    0.98    0.01    7.64  0.847
   3.208  0.323 10.26    1.94    4.12    1.06    0.01    5.19 7.189E+00

  0.000 0.000  0.000 .000  0.00  0.00  0.00  0.00  0.00  0.00 0.000
                           0.00  0.00  0.00  0.00  0.00  0.00 0.000E+00

