EXTERNAL/TSAI:  VERSION OF 8/8/96

Marathon                                                                
H3_kin1.inp                                                             
                                                                        
Hall A 2018: 25 cm Tritium target                                       
Nominal values - not exact                                              

----*----1----*----2----*----3----*----4----*----5----*----6----*----7--
                                                                        

TARGET (iZ,iA) = (  1,  3);   avgA =   3.000; amuM=  3.016; avgM=  2.809
 targ=TRITIUM; ttarg(rl)=0.00042; twall=0.00481; tbeam=0.00342; tspec=0.00732
         Nseg  =   4
 MODELS: P elastc(ikk)=14; deut elastic=13; inelastc=206; Pauli Supresion= 4
 NUCLEAR METHOD= 1;   NUCLEAR_MODEL= 1
 DIS MODEL=**

    E1    TH    Q2 COS_K         SMR     NUC          INT-SMR
    EP     X    W2 QE-PK  INELA  Q-ELA  ELAST   TOTAL  MODEL

  10.589 16.116  2.51    3.50   15.04    2.69    0.28   18.01  0.863
   3.014  0.176 12.59    3.97   14.49    2.92    0.28   17.69 2.422E+01

  10.589 16.553  2.70    3.09   13.72    2.31    0.21   16.23  0.869
   3.073  0.191 12.29    3.48   12.84    2.50    0.21   15.55 2.122E+01

  10.589 17.240  2.95    2.72   12.38    1.98    0.14   14.50  0.874
   3.098  0.210 11.99    3.06   11.16    2.14    0.14   13.45 1.750E+01

  10.589 18.028  3.22    2.44   11.15    1.71    0.10   12.96  0.877
   3.101  0.229 11.71    2.72    9.62    1.85    0.10   11.57 1.414E+01

  10.589 18.707  3.49    2.19   10.00    1.48    0.07   11.55  0.878
   3.115  0.249 11.42    2.43    8.20    1.60    0.07    9.86 1.172E+01

  10.589 19.039  3.67    1.97    9.00    1.29    0.05   10.34  0.877
   3.170  0.264 11.13    2.18    6.96    1.39    0.05    8.40 1.050E+01

  10.589 19.464  3.89    1.78    8.00    1.12    0.04    9.15  0.875
   3.213  0.281 10.83    1.96    5.71    1.21    0.04    6.95 9.179E+00

  0.000 0.000  0.000 .000  0.00  0.00  0.00  0.00  0.00  0.00 0.000
                           0.00  0.00  0.00  0.00  0.00  0.00 0.000E+00

