EXTERNAL/TSAI:  VERSION OF 8/8/96

Marathon                                                                
He3_kin15.inp                                                           
                                                                        
Hall A 2018: 25 cm He3 target                                           
Nominal values - not exact                                              

----*----1----*----2----*----3----*----4----*----5----*----6----*----7--
                                                                        

TARGET (iZ,iA) = (  2,  3);   avgA =   3.000; amuM=  3.016; avgM=  2.809
 targ=TRITIUM; ttarg(rl)=0.00075; twall=0.00481; tbeam=0.00342; tspec=0.00732
         Nseg  =   4
 MODELS: P elastc(ikk)=14; deut elastic=13; inelastc=206; Pauli Supresion= 4
 NUCLEAR METHOD= 1;   NUCLEAR_MODEL= 1
 DIS MODEL=**

    E1    TH    Q2 COS_K         SMR     NUC          INT-SMR
    EP     X    W2 QE-PK  INELA  Q-ELA  ELAST   TOTAL  MODEL

  10.589 32.030  9.63    0.72   -5.20    0.35    0.00   -4.85  0.889
   2.988  0.675  5.51    0.77  -10.16    0.37    0.00   -9.78 2.281E-01

  10.589 32.260  9.83    0.70   -5.77    0.36    0.00   -5.41  0.916
   3.008  0.691  5.27    0.74  -10.84    0.38    0.00  -10.46 1.944E-01

  10.589 32.551 10.08    0.68   -6.47    0.37    0.00   -6.09  0.957
   3.030  0.711  4.99    0.73  -11.68    0.40    0.00  -11.28 1.582E-01

  10.589 32.824 10.32    0.67   -7.20    0.40    0.00   -6.80  1.011
   3.054  0.730  4.70    0.71  -12.56    0.43    0.00  -12.13 1.275E-01

  10.589 33.099 10.57    0.67   -7.97    0.45    0.00   -7.52  1.081
   3.077  0.750  4.40    0.71  -13.47    0.47    0.00  -13.00 1.012E-01

  10.589 33.412 10.83    0.67   -8.75    0.51    0.00   -8.24  1.167
   3.093  0.770  4.12    0.72  -14.40    0.54    0.00  -13.86 7.920E-02

  10.589 33.777 11.09    0.69   -9.56    0.61    0.00   -8.95  1.270
   3.102  0.789  3.84    0.75  -15.35    0.64    0.00  -14.71 6.075E-02

  10.589 34.154 11.36    0.74  -10.45    0.74    0.00   -9.70  1.395
   3.109  0.809  3.56    0.80  -16.38    0.78    0.00  -15.60 4.570E-02

  10.589 34.390 11.60    0.80  -11.47    0.95    0.00  -10.52  1.549
   3.133  0.829  3.27    0.88  -17.57    0.98    0.00  -16.58 3.422E-02

  10.589 34.559 11.78    0.88  -12.33    1.18    0.00  -11.16  1.678
   3.151  0.844  3.06    0.97  -18.55    1.21    0.00  -17.35 2.722E-02

  0.000 0.000  0.000 .000  0.00  0.00  0.00  0.00  0.00  0.00 0.000
                           0.00  0.00  0.00  0.00  0.00  0.00 0.000E+00

