EXTERNAL/TSAI:  VERSION OF 8/8/96

Marathon                                                                
H3_kin3.inp                                                             
                                                                        
Hall A 2018: 25 cm Tritium target                                       
Nominal values - not exact                                              

----*----1----*----2----*----3----*----4----*----5----*----6----*----7--
                                                                        

TARGET (iZ,iA) = (  1,  3);   avgA =   3.000; amuM=  3.016; avgM=  2.809
 targ=TRITIUM; ttarg(rl)=0.00042; twall=0.00481; tbeam=0.00342; tspec=0.00732
         Nseg  =   4
 MODELS: P elastc(ikk)=14; deut elastic=13; inelastc=206; Pauli Supresion= 4
 NUCLEAR METHOD= 1;   NUCLEAR_MODEL= 1
 DIS MODEL=**

    E1    TH    Q2 COS_K         SMR     NUC          INT-SMR
    EP     X    W2 QE-PK  INELA  Q-ELA  ELAST   TOTAL  MODEL

  10.589 18.921  3.41    2.48   11.03    1.72    0.09   12.84  0.875
   2.983  0.239 11.74    2.77    9.46    1.86    0.09   11.41 1.162E+01

  10.589 19.261  3.59    2.25   10.08    1.52    0.07   11.67  0.876
   3.027  0.253 11.48    2.50    8.29    1.64    0.07   10.00 1.045E+01

  10.589 19.702  3.82    2.01    8.96    1.31    0.05   10.31  0.875
   3.077  0.271 11.16    2.22    6.91    1.41    0.05    8.36 9.110E+00

  10.589 20.298  4.07    1.83    7.95    1.14    0.03    9.11  0.872
   3.097  0.290 10.87    2.01    5.65    1.23    0.03    6.92 7.693E+00

  10.589 20.975  4.35    1.68    7.00    1.00    0.02    8.03  0.868
   3.100  0.310 10.58    1.84    4.50    1.08    0.02    5.60 6.391E+00

  10.589 21.576  4.62    1.55    6.11    0.88    0.01    7.01  0.862
   3.111  0.329 10.30    1.69    3.40    0.95    0.01    4.37 5.383E+00

  10.589 21.912  4.83    1.41    5.23    0.77    0.01    6.01  0.856
   3.158  0.346  9.99    1.53    2.32    0.83    0.01    3.16 4.760E+00

  10.589 22.225  5.03    1.30    4.46    0.69    0.01    5.15  0.851
   3.197  0.363  9.72    1.41    1.37    0.74    0.01    2.12 4.240E+00

  0.000 0.000  0.000 .000  0.00  0.00  0.00  0.00  0.00  0.00 0.000
                           0.00  0.00  0.00  0.00  0.00  0.00 0.000E+00

