EXTERNAL/TSAI:  VERSION OF 8/8/96

Marathon                                                                
D2_kin1.inp                                                             
                                                                        
Hall A 2018: 25 cm Deuterium target                                     
Nominal values - not exact                                              

----*----1----*----2----*----3----*----4----*----5----*----6----*----7--
                                                                        

TARGET (iZ,iA) = (  1,  2);   avgA =   2.000; amuM=  2.013; avgM=  1.875
 targ=TRITIUM; ttarg(rl)=0.00114; twall=0.00481; tbeam=0.00342; tspec=0.00732
         Nseg  =   4
 MODELS: P elastc(ikk)=14; deut elastic=13; inelastc=206; Pauli Supresion= 4
 NUCLEAR METHOD= 1;   NUCLEAR_MODEL= 1

    E1    TH    Q2 COS_K         SMR     NUC          INT-SMR
    EP     X    W2 QE-PK  INELA  Q-ELA  ELAST   TOTAL  MODEL

 Deut Elastic Model: ia,iamec,rsc,rscmec (1,2,3,4)=  3
 TJON DEUT ELASTIC FILESS TO BE OPEN=rscctj.tjon_input   rscqtj.tjon_input   rscmtj.tjon_input   
  10.589 16.120  2.51    4.09   15.86    3.42    0.12   19.39  0.960
   3.013  0.176 12.59    4.67   15.65    3.74    0.12   19.51 1.716E+01

  10.589 16.557  2.70    3.57   14.57    2.90    0.09   17.57  0.964
   3.071  0.191 12.29    4.06   14.01    3.18    0.09   17.28 1.508E+01

  10.589 17.245  2.95    3.12   13.25    2.46    0.07   15.77  0.967
   3.097  0.210 11.99    3.53   12.31    2.68    0.07   15.06 1.249E+01

  10.589 18.035  3.23    2.76   12.00    2.10    0.05   14.15  0.970
   3.100  0.230 11.71    3.10   10.72    2.29    0.05   13.07 1.013E+01

  10.589 18.710  3.49    2.46   10.82    1.80    0.04   12.66  0.970
   3.114  0.248 11.42    2.75    9.24    1.97    0.04   11.25 8.449E+00

  10.589 19.045  3.67    2.20    9.77    1.56    0.03   11.36  0.970
   3.167  0.264 11.14    2.45    7.93    1.70    0.03    9.66 7.590E+00

  0.000 0.000  0.000 .000  0.00  0.00  0.00  0.00  0.00  0.00 0.000
                           0.00  0.00  0.00  0.00  0.00  0.00 0.000E+00

