EXTERNAL/TSAI:  VERSION OF 8/8/96

Marathon                                                                
D2_kin4.inp                                                             
                                                                        
Hall A 2018: 25 cm Deuterium target                                     
Nominal values - not exact                                              

----*----1----*----2----*----3----*----4----*----5----*----6----*----7--
                                                                        

TARGET (iZ,iA) = (  1,  2);   avgA =   2.000; amuM=  2.013; avgM=  1.875
 targ=TRITIUM; ttarg(rl)=0.00114; twall=0.00481; tbeam=0.00342; tspec=0.00732
         Nseg  =   4
 MODELS: P elastc(ikk)=14; deut elastic=13; inelastc=206; Pauli Supresion= 4
 NUCLEAR METHOD= 1;   NUCLEAR_MODEL= 1

    E1    TH    Q2 COS_K         SMR     NUC          INT-SMR
    EP     X    W2 QE-PK  INELA  Q-ELA  ELAST   TOTAL  MODEL

 Deut Elastic Model: ia,iamec,rsc,rscmec (1,2,3,4)=  3
 TJON DEUT ELASTIC FILESS TO BE OPEN=rscctj.tjon_input   rscqtj.tjon_input   rscmtj.tjon_input   
  10.589 20.375  3.96    2.27    9.70    1.59    0.03   11.32  0.969
   2.990  0.278 11.18    2.53    7.81    1.74    0.03    9.58 5.746E+00

  10.589 20.698  4.14    2.07    8.80    1.41    0.02   10.23  0.966
   3.030  0.292 10.92    2.29    6.70    1.54    0.02    8.26 5.191E+00

  10.589 21.127  4.38    1.85    7.70    1.21    0.02    8.93  0.966
   3.076  0.311 10.60    2.04    5.35    1.32    0.02    6.68 4.535E+00

  10.589 21.682  4.64    1.69    6.74    1.06    0.01    7.82  0.962
   3.094  0.330 10.31    1.85    4.16    1.15    0.01    5.32 3.868E+00

  10.589 22.316  4.91    1.55    5.84    0.94    0.01    6.79  0.958
   3.098  0.350 10.02    1.70    3.05    1.02    0.01    4.08 3.245E+00

  10.589 22.889  5.18    1.44    5.00    0.84    0.01    5.84  0.954
   3.107  0.369  9.74    1.56    2.00    0.91    0.01    2.92 2.748E+00

  10.589 23.223  5.41    1.31    4.12    0.74    0.01    4.86  0.951
   3.151  0.387  9.43    1.42    0.92    0.80    0.01    1.72 2.420E+00

  10.589 23.473  5.59    1.22    3.41    0.66    0.00    4.08  0.946
   3.191  0.403  9.17    1.32    0.04    0.72    0.00    0.76 2.181E+00

  0.000 0.000  0.000 .000  0.00  0.00  0.00  0.00  0.00  0.00 0.000
                           0.00  0.00  0.00  0.00  0.00  0.00 0.000E+00

