  0.193  0.0160   3.00000        0.2430742290
  0.193  0.0160   3.30000        0.2430741378
  0.193  0.0160   3.60000        0.2430740356
  0.193  0.0160   3.90000        0.2430739211
  0.193  0.0160   4.20000        0.2430737929
  0.193  0.0160   4.50000        0.2430736492
  0.193  0.0160   4.80000        0.2430734882
  0.193  0.0160   5.10000        0.2430733079
  0.193  0.0160   5.40000        0.2430731058
  0.193  0.0160   5.70000        0.2430728794
  0.193  0.0160   6.00000        0.2430726258
  0.193  0.0160   6.30000        0.2430723417
  0.193  0.0160   6.60000        0.2430720234
  0.193  0.0160   6.90000        0.2430716668
  0.193  0.0160   7.20000        0.2430712673
  0.193  0.0160   7.50000        0.2430708198
  0.193  0.0160   7.80000        0.2430703183
  0.193  0.0160   8.10000        0.2430697566
  0.193  0.0160   8.40000        0.2430691272
  0.193  0.0160   8.70000        0.2430684221
  0.193  0.0160   9.00000        0.2430676322
