  0.193  0.0160   3.00000    48283.4583810072
  0.193  0.0160   3.30000    14636.6140263074
  0.193  0.0160   3.60000     4374.6933262693
  0.193  0.0160   3.90000     1273.5622361513
  0.193  0.0160   4.20000      352.4931629128
  0.193  0.0160   4.50000       88.0398976432
  0.193  0.0160   4.80000       17.3672386144
  0.193  0.0160   5.10000        1.6155843396
  0.193  0.0160   5.40000        0.1138146059
  0.193  0.0160   5.70000        1.5142937165
  0.193  0.0160   6.00000        2.9811057169
  0.193  0.0160   6.30000        4.0081746128
  0.193  0.0160   6.60000        4.6440698248
  0.193  0.0160   6.90000        5.0174102076
  0.193  0.0160   7.20000        5.2309697356
  0.193  0.0160   7.50000        5.3514873128
  0.193  0.0160   7.80000        5.4190070177
  0.193  0.0160   8.10000        5.4566854150
  0.193  0.0160   8.40000        5.4776656171
  0.193  0.0160   8.70000        5.4893339770
  0.193  0.0160   9.00000        5.4958190657
