  0.193  0.0160   3.00000       13.1932035072
  0.193  0.0160   3.30000       13.1927862015
  0.193  0.0160   3.60000       13.1923616705
  0.193  0.0160   3.90000       13.1919297891
  0.193  0.0160   4.20000       13.1914904312
  0.193  0.0160   4.50000       13.1910434659
  0.193  0.0160   4.80000       13.1905887625
  0.193  0.0160   5.10000       13.1901261871
  0.193  0.0160   5.40000       13.1896556044
  0.193  0.0160   5.70000       13.1891768750
  0.193  0.0160   6.00000       13.1886898574
  0.193  0.0160   6.30000       13.1881944090
  0.193  0.0160   6.60000       13.1876903840
  0.193  0.0160   6.90000       13.1871776349
  0.193  0.0160   7.20000       13.1866560093
  0.193  0.0160   7.50000       13.1861253553
  0.193  0.0160   7.80000       13.1855855152
  0.193  0.0160   8.10000       13.1850363309
  0.193  0.0160   8.40000       13.1844776428
  0.193  0.0160   8.70000       13.1839092812
  0.193  0.0160   9.00000       13.1833310860
