  0.193  0.0160   3.00000       69.8764005782
  0.193  0.0160   3.30000       13.7676591071
  0.193  0.0160   3.60000        0.9650383077
  0.193  0.0160   3.90000        0.3827118144
  0.193  0.0160   4.20000        2.4279424941
  0.193  0.0160   4.50000        4.4502530792
  0.193  0.0160   4.80000        5.9201631043
  0.193  0.0160   5.10000        6.8802850074
  0.193  0.0160   5.40000        7.4773127860
  0.193  0.0160   5.70000        7.8392443382
  0.193  0.0160   6.00000        8.0556276562
  0.193  0.0160   6.30000        8.1839841937
  0.193  0.0160   6.60000        8.2597828155
  0.193  0.0160   6.90000        8.3044279879
  0.193  0.0160   7.20000        8.3306841588
  0.193  0.0160   7.50000        8.3461119105
  0.193  0.0160   7.80000        8.3551723743
  0.193  0.0160   8.10000        8.3604918100
  0.193  0.0160   8.40000        8.3636143097
  0.193  0.0160   8.70000        8.3654470368
  0.193  0.0160   9.00000        8.3665226620
