  0.193  0.0160   3.00000     7359.9378111415
  0.193  0.0160   3.30000     3776.9458235066
  0.193  0.0160   3.60000     1903.4081930380
  0.193  0.0160   3.90000      934.2200012294
  0.193  0.0160   4.20000      440.7401110435
  0.193  0.0160   4.50000      195.4695182960
  0.193  0.0160   4.80000       78.1956534668
  0.193  0.0160   5.10000       25.7870701311
  0.193  0.0160   5.40000        5.3810318591
  0.193  0.0160   5.70000        0.0891908118
  0.193  0.0160   6.00000        1.3975249239
  0.193  0.0160   6.30000        5.1399926930
  0.193  0.0160   6.60000        9.3765610409
  0.193  0.0160   6.90000       13.2829610954
  0.193  0.0160   7.20000       16.5758666201
  0.193  0.0160   7.50000       19.2197738608
  0.193  0.0160   7.80000       21.2810794091
  0.193  0.0160   8.10000       22.8580216568
  0.193  0.0160   8.40000       24.0492071408
  0.193  0.0160   8.70000       24.9411912528
  0.193  0.0160   9.00000       25.6050477872
