  0.193  0.0160   3.00000       11.2094759958
  0.193  0.0160   3.30000        9.7555180136
  0.193  0.0160   3.60000        8.5963082895
  0.193  0.0160   3.90000        7.6664177729
  0.193  0.0160   4.20000        6.9160788617
  0.193  0.0160   4.50000        6.3072235345
  0.193  0.0160   4.80000        5.8105705534
  0.193  0.0160   5.10000        5.4034575907
  0.193  0.0160   5.40000        5.0682367084
  0.193  0.0160   5.70000        4.7910758250
  0.193  0.0160   6.00000        4.5610650724
  0.193  0.0160   6.30000        4.3695450255
  0.193  0.0160   6.60000        4.2095984586
  0.193  0.0160   6.90000        4.0756667542
  0.193  0.0160   7.20000        3.9632563199
  0.193  0.0160   7.50000        3.8687156873
  0.193  0.0160   7.80000        3.7890611973
  0.193  0.0160   8.10000        3.7218440992
  0.193  0.0160   8.40000        3.6650455205
  0.193  0.0160   8.70000        3.6169936867
  0.193  0.0160   9.00000        3.5763008072
