  0.193  0.0160   3.00000        2.7723793841
  0.193  0.0160   3.30000        2.7723793841
  0.193  0.0160   3.60000        2.7723793841
  0.193  0.0160   3.90000        2.7723793841
  0.193  0.0160   4.20000        2.7723793841
  0.193  0.0160   4.50000        2.7723793841
  0.193  0.0160   4.80000        2.7723793841
  0.193  0.0160   5.10000        2.7723793841
  0.193  0.0160   5.40000        2.7723793841
  0.193  0.0160   5.70000        2.7723793841
  0.193  0.0160   6.00000        2.7723793841
  0.193  0.0160   6.30000        2.7723793841
  0.193  0.0160   6.60000        2.7723793841
  0.193  0.0160   6.90000        2.7723793841
  0.193  0.0160   7.20000        2.7723793841
  0.193  0.0160   7.50000        2.7723793841
  0.193  0.0160   7.80000        2.7723793841
  0.193  0.0160   8.10000        2.7723793841
  0.193  0.0160   8.40000        2.7723793841
  0.193  0.0160   8.70000        2.7723793841
  0.193  0.0160   9.00000        2.7723793841
