  0.193  0.0160   3.00000        0.2423353618
  0.193  0.0160   3.30000        0.2480681763
  0.193  0.0160   3.60000        0.2519549963
  0.193  0.0160   3.90000        0.2545816999
  0.193  0.0160   4.20000        0.2563530017
  0.193  0.0160   4.50000        0.2575457638
  0.193  0.0160   4.80000        0.2583481795
  0.193  0.0160   5.10000        0.2588876499
  0.193  0.0160   5.40000        0.2592501845
  0.193  0.0160   5.70000        0.2594937454
  0.193  0.0160   6.00000        0.2596573452
  0.193  0.0160   6.30000        0.2597672207
  0.193  0.0160   6.60000        0.2598410081
  0.193  0.0160   6.90000        0.2598905573
  0.193  0.0160   7.20000        0.2599238291
  0.193  0.0160   7.50000        0.2599461701
  0.193  0.0160   7.80000        0.2599611712
  0.193  0.0160   8.10000        0.2599712438
  0.193  0.0160   8.40000        0.2599780069
  0.193  0.0160   8.70000        0.2599825480
  0.193  0.0160   9.00000        0.2599855970
