  0.193  0.0160   3.00000        3.3467028202
  0.193  0.0160   3.30000        3.3520972327
  0.193  0.0160   3.60000        3.3578413610
  0.193  0.0160   3.90000        3.3639582021
  0.193  0.0160   4.20000        3.3704722863
  0.193  0.0160   4.50000        3.3774098434
  0.193  0.0160   4.80000        3.3847988548
  0.193  0.0160   5.10000        3.3926692223
  0.193  0.0160   5.40000        3.4010528826
  0.193  0.0160   5.70000        3.4099839954
  0.193  0.0160   6.00000        3.4194990825
  0.193  0.0160   6.30000        3.4296371685
  0.193  0.0160   6.60000        3.4404400122
  0.193  0.0160   6.90000        3.4519522772
  0.193  0.0160   7.20000        3.4642218269
  0.193  0.0160   7.50000        3.4772998322
  0.193  0.0160   7.80000        3.4912411867
  0.193  0.0160   8.10000        3.5061046465
  0.193  0.0160   8.40000        3.5219531655
  0.193  0.0160   8.70000        3.5388544677
  0.193  0.0160   9.00000        3.5568808308
