EXTERNAL/TSAI:  VERSION OF 8/8/96

Marathon                                                                
H3_kin1.inp                                                             
                                                                        
Hall A 2018: 25 cm Tritium target                                       
Nominal values - not exact                                              

----*----1----*----2----*----3----*----4----*----5----*----6----*----7--
                                                                        

TARGET (iZ,iA) = (  1,  3);   avgA =   3.000; amuM=  3.016; avgM=  2.809
 targ=TRITIUM; ttarg(rl)=0.00045; twall=0.00481; tbeam=0.00291; tspec=0.00759
         Nseg  =   4
 MODELS: P elastc(ikk)=14; deut elastic=13; inelastc=206; Pauli Supresion= 4
 NUCLEAR METHOD= 1;   NUCLEAR_MODEL= 1
 DIS MODEL=111

    E1    TH    Q2 COS_K         SMR     NUC          INT-SMR
    EP     X    W2 QE-PK  INELA  Q-ELA  ELAST   TOTAL  MODEL

  10.589 16.614  2.72    3.01   13.76    2.25    0.20   16.21  0.870
   3.074  0.193 12.27    3.34   12.64    2.39    0.20   15.23 2.118E+01

  10.589 17.634  3.09    2.53   11.96    1.81    0.12   13.89  0.876
   3.101  0.220 11.85    2.79   10.40    1.93    0.12   12.44 1.594E+01

  10.589 18.655  3.47    2.17   10.30    1.47    0.07   11.84  0.878
   3.118  0.247 11.43    2.38    8.35    1.56    0.07    9.98 1.203E+01

  0.000 0.000  0.000 .000  0.00  0.00  0.00  0.00  0.00  0.00 0.000
                           0.00  0.00  0.00  0.00  0.00  0.00 0.000E+00

