EXTERNAL/TSAI:  VERSION OF 8/8/96

Marathon                                                                
He3_kin0.inp                                                            
                                                                        
Hall A 2018: 25 cm He3 target                                           
Nominal values - not exact                                              

----*----1----*----2----*----3----*----4----*----5----*----6----*----7--
                                                                        

TARGET (iZ,iA) = (  2,  3);   avgA =   3.000; amuM=  3.016; avgM=  2.809
 targ=TRITIUM; ttarg(rl)=0.00075; twall=0.00519; tbeam=0.00285; tspec=0.00759
         Nseg  =   4
 MODELS: P elastc(ikk)=14; deut elastic=13; inelastc=206; Pauli Supresion= 4
 NUCLEAR METHOD= 1;   NUCLEAR_MODEL= 1
 DIS MODEL=111

    E1    TH    Q2 COS_K         SMR     NUC          INT-SMR
    EP     X    W2 QE-PK  INELA  Q-ELA  ELAST   TOTAL  MODEL

  10.589 15.700  2.42    4.70   16.51    3.31    0.27   20.09  0.817
   3.061  0.171 12.59    5.25   16.07    3.53    0.27   19.87 2.996E+01

  10.589 16.568  2.72    3.91   14.70    2.67    0.17   17.55  0.829
   3.096  0.194 12.22    4.34   13.78    2.85    0.17   16.80 2.367E+01

  10.589 17.658  3.10    3.25   12.86    2.14    0.10   15.11  0.838
   3.102  0.220 11.83    3.58   11.45    2.28    0.10   13.83 1.778E+01

  10.589 18.254  3.36    2.79   11.43    1.78    0.07   13.28  0.844
   3.150  0.240 11.48    3.06    9.67    1.89    0.07   11.63 1.503E+01

  0.000 0.000  0.000 .000  0.00  0.00  0.00  0.00  0.00  0.00 0.000
                           0.00  0.00  0.00  0.00  0.00  0.00 0.000E+00

