EXTERNAL/TSAI:  VERSION OF 8/8/96

Marathon                                                                
He3_kin7.inp                                                            
                                                                        
Hall A 2018: 25 cm He3 target                                           
Nominal values - not exact                                              

----*----1----*----2----*----3----*----4----*----5----*----6----*----7--
                                                                        

TARGET (iZ,iA) = (  2,  3);   avgA =   3.000; amuM=  3.016; avgM=  2.809
 targ=TRITIUM; ttarg(rl)=0.00075; twall=0.00519; tbeam=0.00285; tspec=0.00759
         Nseg  =   4
 MODELS: P elastc(ikk)=14; deut elastic=13; inelastc=206; Pauli Supresion= 4
 NUCLEAR METHOD= 1;   NUCLEAR_MODEL= 1
 DIS MODEL=111

    E1    TH    Q2 COS_K         SMR     NUC          INT-SMR
    EP     X    W2 QE-PK  INELA  Q-ELA  ELAST   TOTAL  MODEL

  10.589 24.536  5.82    1.37    3.60    0.65    0.00    4.25  0.833
   3.045  0.411  9.21    1.45    0.09    0.69    0.00    0.79 2.927E+00

  10.589 25.227  6.25    1.19    2.24    0.54    0.00    2.78  0.828
   3.092  0.444  8.70    1.26   -1.55    0.57    0.00   -0.98 2.283E+00

  10.589 26.063  6.68    1.08    1.10    0.47    0.00    1.57  0.824
   3.102  0.476  8.25    1.14   -2.93    0.50    0.00   -2.43 1.740E+00

  10.589 26.696  7.09    0.97   -0.05    0.41    0.00    0.36  0.822
   3.139  0.507  7.77    1.02   -4.32    0.43    0.00   -3.89 1.351E+00

  0.000 0.000  0.000 .000  0.00  0.00  0.00  0.00  0.00  0.00 0.000
                           0.00  0.00  0.00  0.00  0.00  0.00 0.000E+00

