EXTERNAL/TSAI:  VERSION OF 8/8/96

Marathon                                                                
He3_kin4.inp                                                            
                                                                        
Hall A 2018: 25 cm He3 target                                           
Nominal values - not exact                                              

----*----1----*----2----*----3----*----4----*----5----*----6----*----7--
                                                                        

TARGET (iZ,iA) = (  2,  3);   avgA =   3.000; amuM=  3.016; avgM=  2.809
 targ=TRITIUM; ttarg(rl)=0.00075; twall=0.00519; tbeam=0.00285; tspec=0.00759
         Nseg  =   4
 MODELS: P elastc(ikk)=14; deut elastic=13; inelastc=206; Pauli Supresion= 4
 NUCLEAR METHOD= 1;   NUCLEAR_MODEL= 1
 DIS MODEL=111

    E1    TH    Q2 COS_K         SMR     NUC          INT-SMR
    EP     X    W2 QE-PK  INELA  Q-ELA  ELAST   TOTAL  MODEL

  10.589 20.830  4.22    2.17    8.62    1.26    0.02    9.91  0.846
   3.046  0.298 10.82    2.36    6.19    1.34    0.02    7.55 8.006E+00

  10.589 21.533  4.57    1.86    7.16    1.03    0.01    8.20  0.846
   3.091  0.325 10.38    2.01    4.39    1.09    0.01    5.50 6.507E+00

  10.589 22.424  4.96    1.64    5.83    0.86    0.01    6.70  0.843
   3.099  0.353  9.97    1.76    2.78    0.91    0.01    3.70 5.092E+00

  10.589 23.113  5.32    1.45    4.60    0.72    0.00    5.33  0.840
   3.129  0.380  9.56    1.55    1.28    0.77    0.00    2.05 4.121E+00

  0.000 0.000  0.000 .000  0.00  0.00  0.00  0.00  0.00  0.00 0.000
                           0.00  0.00  0.00  0.00  0.00  0.00 0.000E+00

