EXTERNAL/TSAI:  VERSION OF 8/8/96

Marathon                                                                
D2_kin4.inp                                                             
                                                                        
Hall A 2018: 25 cm Deuterium target                                     
Nominal values - not exact                                              

----*----1----*----2----*----3----*----4----*----5----*----6----*----7--
                                                                        

TARGET (iZ,iA) = (  1,  2);   avgA =   2.000; amuM=  2.013; avgM=  1.875
 targ=TRITIUM; ttarg(rl)=0.00114; twall=0.00445; tbeam=0.00298; tspec=0.00759
         Nseg  =   4
 MODELS: P elastc(ikk)=14; deut elastic=13; inelastc=206; Pauli Supresion= 4
 NUCLEAR METHOD= 1;   NUCLEAR_MODEL= 1
 DIS MODEL=111

    E1    TH    Q2 COS_K         SMR     NUC          INT-SMR
    EP     X    W2 QE-PK  INELA  Q-ELA  ELAST   TOTAL  MODEL

 Deut Elastic Model: ia,iamec,rsc,rscmec (1,2,3,4)=  3
 TJON DEUT ELASTIC FILESS TO BE OPEN=rscctj.tjon_input   rscqtj.tjon_input   rscmtj.tjon_input   
  10.589 20.826  4.22    2.00    8.55    1.34    0.02    9.91  0.967
   3.046  0.298 10.82    2.19    6.44    1.45    0.02    7.91 4.972E+00

  10.589 21.527  4.57    1.73    7.08    1.09    0.01    8.19  0.963
   3.093  0.325 10.38    1.88    4.64    1.18    0.01    5.84 4.034E+00

  10.589 22.423  4.96    1.53    5.78    0.92    0.01    6.71  0.957
   3.100  0.353  9.97    1.66    3.07    0.99    0.01    4.06 3.147E+00

  10.589 23.109  5.32    1.36    4.58    0.77    0.01    5.36  0.951
   3.130  0.380  9.56    1.47    1.60    0.83    0.01    2.44 2.546E+00

  0.000 0.000  0.000 .000  0.00  0.00  0.00  0.00  0.00  0.00 0.000
                           0.00  0.00  0.00  0.00  0.00  0.00 0.000E+00

