EXTERNAL/TSAI:  VERSION OF 8/8/96

Marathon                                                                
H3_kin3.inp                                                             
                                                                        
Hall A 2018: 25 cm Tritium target                                       
Nominal values - not exact                                              

----*----1----*----2----*----3----*----4----*----5----*----6----*----7--
                                                                        

TARGET (iZ,iA) = (  1,  3);   avgA =   3.000; amuM=  3.016; avgM=  2.809
 targ=TRITIUM; ttarg(rl)=0.00045; twall=0.00481; tbeam=0.00291; tspec=0.00759
         Nseg  =   4
 MODELS: P elastc(ikk)=14; deut elastic=13; inelastc=206; Pauli Supresion= 4
 NUCLEAR METHOD= 1;   NUCLEAR_MODEL= 1
 DIS MODEL=111

    E1    TH    Q2 COS_K         SMR     NUC          INT-SMR
    EP     X    W2 QE-PK  INELA  Q-ELA  ELAST   TOTAL  MODEL

  10.589 19.416  3.67    2.13    9.90    1.42    0.06   11.37  0.876
   3.048  0.259 11.36    2.33    7.85    1.51    0.06    9.41 1.008E+01

  10.589 20.129  4.00    1.85    8.42    1.16    0.03    9.62  0.873
   3.095  0.285 10.94    2.01    6.05    1.23    0.03    7.32 8.155E+00

  10.589 21.111  4.41    1.63    6.99    0.96    0.02    7.97  0.867
   3.102  0.314 10.52    1.76    4.31    1.02    0.02    5.35 6.215E+00

  10.589 21.812  4.76    1.45    5.74    0.80    0.01    6.56  0.858
   3.136  0.340 10.11    1.56    2.79    0.85    0.01    3.65 5.014E+00

  0.000 0.000  0.000 .000  0.00  0.00  0.00  0.00  0.00  0.00 0.000
                           0.00  0.00  0.00  0.00  0.00  0.00 0.000E+00

