EXTERNAL/TSAI:  VERSION OF 8/8/96

Marathon                                                                
He3_kin13.inp                                                           
                                                                        
Hall A 2018: 25 cm He3 target                                           
Nominal values - not exact                                              

----*----1----*----2----*----3----*----4----*----5----*----6----*----7--
                                                                        

TARGET (iZ,iA) = (  2,  3);   avgA =   3.000; amuM=  3.016; avgM=  2.809
 targ=TRITIUM; ttarg(rl)=0.00075; twall=0.00519; tbeam=0.00285; tspec=0.00759
         Nseg  =   4
 MODELS: P elastc(ikk)=14; deut elastic=13; inelastc=206; Pauli Supresion= 4
 NUCLEAR METHOD= 1;   NUCLEAR_MODEL= 1
 DIS MODEL=111

    E1    TH    Q2 COS_K         SMR     NUC          INT-SMR
    EP     X    W2 QE-PK  INELA  Q-ELA  ELAST   TOTAL  MODEL

  10.589 30.573  8.89    0.79   -3.46    0.34    0.00   -3.12  0.845
   3.021  0.626  6.19    0.82   -8.33    0.36    0.00   -7.97 3.881E-01

  10.589 31.138  9.36    0.72   -4.65    0.34    0.00   -4.32  0.883
   3.069  0.664  5.63    0.75   -9.77    0.36    0.00   -9.41 2.729E-01

  10.589 31.880  9.91    0.67   -5.91    0.37    0.00   -5.55  0.957
   3.101  0.705  5.02    0.71  -11.26    0.39    0.00  -10.87 1.767E-01

  10.589 32.613 10.49    0.65   -7.29    0.44    0.00   -6.85  1.097
   3.140  0.750  4.37    0.68  -12.88    0.46    0.00  -12.41 1.071E-01

  0.000 0.000  0.000 .000  0.00  0.00  0.00  0.00  0.00  0.00 0.000
                           0.00  0.00  0.00  0.00  0.00  0.00 0.000E+00

