EXTERNAL/TSAI:  VERSION OF 8/8/96

Marathon                                                                
H3_kin2.inp                                                             
                                                                        
Hall A 2018: 25 cm Tritium target                                       
Nominal values - not exact                                              

----*----1----*----2----*----3----*----4----*----5----*----6----*----7--
                                                                        

TARGET (iZ,iA) = (  1,  3);   avgA =   3.000; amuM=  3.016; avgM=  2.809
 targ=TRITIUM; ttarg(rl)=0.00045; twall=0.00481; tbeam=0.00291; tspec=0.00759
         Nseg  =   4
 MODELS: P elastc(ikk)=14; deut elastic=13; inelastc=206; Pauli Supresion= 4
 NUCLEAR METHOD= 1;   NUCLEAR_MODEL= 1
 DIS MODEL=111

    E1    TH    Q2 COS_K         SMR     NUC          INT-SMR
    EP     X    W2 QE-PK  INELA  Q-ELA  ELAST   TOTAL  MODEL

  10.589 17.948  3.15    2.56   11.98    1.83    0.11   13.92  0.875
   3.053  0.222 11.88    2.82   10.41    1.95    0.11   12.48 1.487E+01

  10.589 18.694  3.46    2.21   10.46    1.50    0.07   12.04  0.877
   3.097  0.246 11.48    2.42    8.54    1.60    0.07   10.21 1.200E+01

  10.589 19.721  3.85    1.93    8.92    1.24    0.04   10.20  0.875
   3.103  0.274 11.07    2.10    6.65    1.31    0.04    8.01 9.074E+00

  10.589 20.407  4.17    1.70    7.62    1.03    0.03    8.68  0.871
   3.139  0.298 10.69    1.84    5.07    1.10    0.03    6.19 7.407E+00

  0.000 0.000  0.000 .000  0.00  0.00  0.00  0.00  0.00  0.00 0.000
                           0.00  0.00  0.00  0.00  0.00  0.00 0.000E+00

