EXTERNAL/TSAI:  VERSION OF 8/8/96

Marathon                                                                
H3_kin4.inp                                                             
                                                                        
Hall A 2018: 25 cm Tritium target                                       
Nominal values - not exact                                              

----*----1----*----2----*----3----*----4----*----5----*----6----*----7--
                                                                        

TARGET (iZ,iA) = (  1,  3);   avgA =   3.000; amuM=  3.016; avgM=  2.809
 targ=TRITIUM; ttarg(rl)=0.00045; twall=0.00481; tbeam=0.00291; tspec=0.00759
         Nseg  =   4
 MODELS: P elastc(ikk)=14; deut elastic=13; inelastc=206; Pauli Supresion= 4
 NUCLEAR METHOD= 1;   NUCLEAR_MODEL= 1
 DIS MODEL=111

    E1    TH    Q2 COS_K         SMR     NUC          INT-SMR
    EP     X    W2 QE-PK  INELA  Q-ELA  ELAST   TOTAL  MODEL

  10.589 20.823  4.21    1.80    7.95    1.10    0.03    9.08  0.870
   3.046  0.298 10.82    1.95    5.48    1.17    0.03    6.68 6.922E+00

  10.589 21.523  4.57    1.57    6.56    0.91    0.02    7.48  0.863
   3.093  0.325 10.38    1.69    3.78    0.96    0.02    4.76 5.577E+00

  10.589 22.417  4.96    1.41    5.29    0.76    0.01    6.06  0.854
   3.101  0.353  9.97    1.51    2.25    0.81    0.01    3.06 4.321E+00

  10.589 23.097  5.32    1.27    4.11    0.65    0.01    4.76  0.844
   3.131  0.380  9.56    1.35    0.82    0.69    0.01    1.51 3.477E+00

  0.000 0.000  0.000 .000  0.00  0.00  0.00  0.00  0.00  0.00 0.000
                           0.00  0.00  0.00  0.00  0.00  0.00 0.000E+00

