EXTERNAL/TSAI:  VERSION OF 8/8/96

Marathon                                                                
H1_kin3.inp                                                             
                                                                        
Hall A 2018: 25 cm Deuterium target                                     
Nominal values - not exact                                              

----*----1----*----2----*----3----*----4----*----5----*----6----*----7--
                                                                        

TARGET (iZ,iA) = (  1,  1);   avgA =   1.000; amuM=  1.007; avgM=  0.938
 targ=TRITIUM; ttarg(rl)=0.00113; twall=0.00478; tbeam=0.00406; tspec=0.00759
         Nseg  =   4
 MODELS: P elastc(ikk)=14; deut elastic=13; inelastc=206; Pauli Supresion= 4
 NUCLEAR METHOD= 1;   NUCLEAR_MODEL= 1
 DIS MODEL=111

    E1    TH    Q2 COS_K         SMR     NUC          INT-SMR
    EP     X    W2 QE-PK  INELA  Q-ELA  ELAST   TOTAL  MODEL

  10.589 19.425  3.67    3.12   11.40    0.00    3.16   14.56  1.000
   3.047  0.260 11.36    3.53   10.24    0.00    3.57   13.81 4.224E+00

  10.589 20.142  4.01    2.61    9.79    0.00    2.63   12.42  1.000
   3.093  0.285 10.94    2.93    8.20    0.00    2.96   11.16 3.488E+00

  10.589 21.124  4.41    2.21    8.26    0.00    2.23   10.49  1.000
   3.100  0.314 10.52    2.46    6.27    0.00    2.49    8.76 2.722E+00

  10.589 21.814  4.75    1.90    6.87    0.00    1.91    8.79  1.000
   3.135  0.340 10.12    2.10    4.52    0.00    2.12    6.64 2.246E+00

  0.000 0.000  0.000 .000  0.00  0.00  0.00  0.00  0.00  0.00 0.000
                           0.00  0.00  0.00  0.00  0.00  0.00 0.000E+00

