EXTERNAL/TSAI:  VERSION OF 8/8/96

Marathon                                                                
D2_kin13.inp                                                            
                                                                        
Hall A 2018: 25 cm Deuterium target                                     
Nominal values - not exact                                              

----*----1----*----2----*----3----*----4----*----5----*----6----*----7--
                                                                        

TARGET (iZ,iA) = (  1,  2);   avgA =   2.000; amuM=  2.013; avgM=  1.875
 targ=TRITIUM; ttarg(rl)=0.00114; twall=0.00445; tbeam=0.00298; tspec=0.00759
         Nseg  =   4
 MODELS: P elastc(ikk)=14; deut elastic=13; inelastc=206; Pauli Supresion= 4
 NUCLEAR METHOD= 1;   NUCLEAR_MODEL= 1
 DIS MODEL=111

    E1    TH    Q2 COS_K         SMR     NUC          INT-SMR
    EP     X    W2 QE-PK  INELA  Q-ELA  ELAST   TOTAL  MODEL

 Deut Elastic Model: ia,iamec,rsc,rscmec (1,2,3,4)=  3
 TJON DEUT ELASTIC FILESS TO BE OPEN=rscctj.tjon_input   rscqtj.tjon_input   rscmtj.tjon_input   
  10.589 30.557  8.89    0.76   -3.40    0.35    0.00   -3.04  0.907
   3.023  0.626  6.19    0.80   -7.96    0.38    0.00   -7.58 2.375E-01

  10.589 31.119  9.36    0.70   -4.59    0.34    0.00   -4.25  0.911
   3.072  0.664  5.63    0.73   -9.40    0.37    0.00   -9.03 1.662E-01

  10.589 31.871  9.91    0.66   -5.83    0.34    0.00   -5.48  0.921
   3.102  0.705  5.02    0.69  -10.87    0.37    0.00  -10.50 1.070E-01

  10.589 32.604 10.48    0.64   -7.18    0.38    0.00   -6.80  0.947
   3.141  0.750  4.38    0.68  -12.49    0.41    0.00  -12.08 6.442E-02

  0.000 0.000  0.000 .000  0.00  0.00  0.00  0.00  0.00  0.00 0.000
                           0.00  0.00  0.00  0.00  0.00  0.00 0.000E+00

