EXTERNAL/TSAI:  VERSION OF 8/8/96

Marathon                                                                
H1_kin2.inp                                                             
                                                                        
Hall A 2018: 25 cm Deuterium target                                     
Nominal values - not exact                                              

----*----1----*----2----*----3----*----4----*----5----*----6----*----7--
                                                                        

TARGET (iZ,iA) = (  1,  1);   avgA =   1.000; amuM=  1.007; avgM=  0.938
 targ=TRITIUM; ttarg(rl)=0.00113; twall=0.00478; tbeam=0.00406; tspec=0.00759
         Nseg  =   4
 MODELS: P elastc(ikk)=14; deut elastic=13; inelastc=206; Pauli Supresion= 4
 NUCLEAR METHOD= 1;   NUCLEAR_MODEL= 1
 DIS MODEL=111

    E1    TH    Q2 COS_K         SMR     NUC          INT-SMR
    EP     X    W2 QE-PK  INELA  Q-ELA  ELAST   TOTAL  MODEL

  10.589 17.952  3.15    3.96   13.69    0.00    4.03   17.72  1.000
   3.052  0.222 11.88    4.53   13.19    0.00    4.60   17.80 6.044E+00

  10.589 18.700  3.46    3.30   12.00    0.00    3.34   15.35  1.000
   3.096  0.246 11.48    3.75   11.02    0.00    3.79   14.82 4.974E+00

  10.589 19.723  3.86    2.75   10.33    0.00    2.79   13.12  1.000
   3.103  0.274 11.07    3.10    8.89    0.00    3.14   12.03 3.857E+00

  10.589 20.407  4.17    2.35    8.90    0.00    2.37   11.27  1.000
   3.139  0.298 10.69    2.63    7.07    0.00    2.65    9.73 3.210E+00

  0.000 0.000  0.000 .000  0.00  0.00  0.00  0.00  0.00  0.00 0.000
                           0.00  0.00  0.00  0.00  0.00  0.00 0.000E+00

