EXTERNAL/TSAI:  VERSION OF 8/8/96

Marathon                                                                
He3_kin5.inp                                                            
                                                                        
Hall A 2018: 25 cm He3 target                                           
Nominal values - not exact                                              

----*----1----*----2----*----3----*----4----*----5----*----6----*----7--
                                                                        

TARGET (iZ,iA) = (  2,  3);   avgA =   3.000; amuM=  3.016; avgM=  2.809
 targ=TRITIUM; ttarg(rl)=0.00075; twall=0.00519; tbeam=0.00285; tspec=0.00759
         Nseg  =   4
 MODELS: P elastc(ikk)=14; deut elastic=13; inelastc=206; Pauli Supresion= 4
 NUCLEAR METHOD= 1;   NUCLEAR_MODEL= 1
 DIS MODEL=111

    E1    TH    Q2 COS_K         SMR     NUC          INT-SMR
    EP     X    W2 QE-PK  INELA  Q-ELA  ELAST   TOTAL  MODEL

  10.589 22.083  4.73    1.84    6.88    1.00    0.01    7.89  0.844
   3.044  0.334 10.31    1.98    4.06    1.06    0.01    5.13 5.768E+00

  10.589 22.717  5.08    1.60    5.51    0.83    0.01    6.34  0.842
   3.092  0.361  9.87    1.71    2.39    0.88    0.01    3.27 4.720E+00

  10.589 23.536  5.46    1.43    4.34    0.70    0.00    5.04  0.838
   3.100  0.389  9.47    1.53    0.97    0.75    0.00    1.72 3.731E+00

  10.589 24.279  5.86    1.27    3.09    0.59    0.00    3.69  0.833
   3.127  0.418  9.03    1.35   -0.54    0.63    0.00    0.10 2.944E+00

  0.000 0.000  0.000 .000  0.00  0.00  0.00  0.00  0.00  0.00 0.000
                           0.00  0.00  0.00  0.00  0.00  0.00 0.000E+00

