EXTERNAL/TSAI:  VERSION OF 8/8/96

Marathon                                                                
He3_kin9.inp                                                            
                                                                        
Hall A 2018: 25 cm He3 target                                           
Nominal values - not exact                                              

----*----1----*----2----*----3----*----4----*----5----*----6----*----7--
                                                                        

TARGET (iZ,iA) = (  2,  3);   avgA =   3.000; amuM=  3.016; avgM=  2.809
 targ=TRITIUM; ttarg(rl)=0.00075; twall=0.00519; tbeam=0.00285; tspec=0.00759
         Nseg  =   4
 MODELS: P elastc(ikk)=14; deut elastic=13; inelastc=206; Pauli Supresion= 4
 NUCLEAR METHOD= 1;   NUCLEAR_MODEL= 1
 DIS MODEL=111

    E1    TH    Q2 COS_K         SMR     NUC          INT-SMR
    EP     X    W2 QE-PK  INELA  Q-ELA  ELAST   TOTAL  MODEL

  10.589 26.675  6.84    1.10    1.04    0.48    0.00    1.52  0.822
   3.034  0.482  8.22    1.16   -2.98    0.50    0.00   -2.47 1.547E+00

  10.589 27.286  7.27    0.97   -0.22    0.41    0.00    0.19  0.820
   3.085  0.516  7.69    1.02   -4.51    0.43    0.00   -4.07 1.187E+00

  10.589 28.072  7.73    0.88   -1.34    0.37    0.00   -0.98  0.822
   3.102  0.550  7.20    0.93   -5.85    0.39    0.00   -5.46 8.793E-01

  10.589 28.766  8.20    0.80   -2.53    0.34    0.00   -2.19  0.831
   3.136  0.586  6.67    0.84   -7.28    0.36    0.00   -6.92 6.394E-01

  0.000 0.000  0.000 .000  0.00  0.00  0.00  0.00  0.00  0.00 0.000
                           0.00  0.00  0.00  0.00  0.00  0.00 0.000E+00

