EXTERNAL/TSAI:  VERSION OF 8/8/96

Marathon                                                                
He3_kin2.inp                                                            
                                                                        
Hall A 2018: 25 cm He3 target                                           
Nominal values - not exact                                              

----*----1----*----2----*----3----*----4----*----5----*----6----*----7--
                                                                        

TARGET (iZ,iA) = (  2,  3);   avgA =   3.000; amuM=  3.016; avgM=  2.809
 targ=TRITIUM; ttarg(rl)=0.00075; twall=0.00519; tbeam=0.00285; tspec=0.00759
         Nseg  =   4
 MODELS: P elastc(ikk)=14; deut elastic=13; inelastc=206; Pauli Supresion= 4
 NUCLEAR METHOD= 1;   NUCLEAR_MODEL= 1
 DIS MODEL=111

    E1    TH    Q2 COS_K         SMR     NUC          INT-SMR
    EP     X    W2 QE-PK  INELA  Q-ELA  ELAST   TOTAL  MODEL

  10.589 17.955  3.15    3.29   12.94    2.17    0.10   15.22  0.838
   3.051  0.222 11.88    3.63   11.53    2.31    0.10   13.95 1.670E+01

  10.589 18.701  3.46    2.78   11.31    1.76    0.06   13.13  0.844
   3.096  0.246 11.48    3.05    9.50    1.87    0.06   11.44 1.361E+01

  10.589 19.731  3.86    2.37    9.65    1.43    0.04   11.11  0.846
   3.102  0.275 11.07    2.58    7.46    1.51    0.04    9.01 1.040E+01

  10.589 20.414  4.17    2.05    8.28    1.18    0.02    9.49  0.848
   3.137  0.298 10.69    2.23    5.77    1.26    0.02    7.05 8.572E+00

  0.000 0.000  0.000 .000  0.00  0.00  0.00  0.00  0.00  0.00 0.000
                           0.00  0.00  0.00  0.00  0.00  0.00 0.000E+00

