EXTERNAL/TSAI:  VERSION OF 8/8/96

Marathon                                                                
H1_kin0.inp                                                             
                                                                        
Hall A 2018: 25 cm Deuterium target                                     
Nominal values - not exact                                              

----*----1----*----2----*----3----*----4----*----5----*----6----*----7--
                                                                        

TARGET (iZ,iA) = (  1,  1);   avgA =   1.000; amuM=  1.007; avgM=  0.938
 targ=TRITIUM; ttarg(rl)=0.00113; twall=0.00478; tbeam=0.00406; tspec=0.00759
         Nseg  =   4
 MODELS: P elastc(ikk)=14; deut elastic=13; inelastc=206; Pauli Supresion= 4
 NUCLEAR METHOD= 1;   NUCLEAR_MODEL= 1
 DIS MODEL=111

    E1    TH    Q2 COS_K         SMR     NUC          INT-SMR
    EP     X    W2 QE-PK  INELA  Q-ELA  ELAST   TOTAL  MODEL

  10.589 15.702  2.42    5.88   17.36    0.00    6.03   23.39  1.000
   3.061  0.171 12.59    6.84   18.01    0.00    7.00   25.01 1.059E+01

  10.589 16.572  2.72    4.81   15.51    0.00    4.91   20.42  1.000
   3.095  0.194 12.22    5.55   15.58    0.00    5.65   21.24 8.446E+00

  10.589 17.661  3.10    3.92   13.63    0.00    3.99   17.62  1.000
   3.101  0.220 11.84    4.49   13.12    0.00    4.56   17.68 6.423E+00

  10.589 18.251  3.36    3.32   12.15    0.00    3.37   15.52  1.000
   3.150  0.240 11.48    3.78   11.22    0.00    3.83   15.05 5.485E+00

  0.000 0.000  0.000 .000  0.00  0.00  0.00  0.00  0.00  0.00 0.000
                           0.00  0.00  0.00  0.00  0.00  0.00 0.000E+00

