EXTERNAL/TSAI:  VERSION OF 8/8/96

Marathon                                                                
He3_kin3.inp                                                            
                                                                        
Hall A 2018: 25 cm He3 target                                           
Nominal values - not exact                                              

----*----1----*----2----*----3----*----4----*----5----*----6----*----7--
                                                                        

TARGET (iZ,iA) = (  2,  3);   avgA =   3.000; amuM=  3.016; avgM=  2.809
 targ=TRITIUM; ttarg(rl)=0.00075; twall=0.00519; tbeam=0.00285; tspec=0.00759
         Nseg  =   4
 MODELS: P elastc(ikk)=14; deut elastic=13; inelastc=206; Pauli Supresion= 4
 NUCLEAR METHOD= 1;   NUCLEAR_MODEL= 1
 DIS MODEL=111

    E1    TH    Q2 COS_K         SMR     NUC          INT-SMR
    EP     X    W2 QE-PK  INELA  Q-ELA  ELAST   TOTAL  MODEL

  10.589 19.418  3.67    2.65   10.69    1.65    0.05   12.39  0.844
   3.048  0.259 11.36    2.90    8.74    1.75    0.05   10.54 1.150E+01

  10.589 20.138  4.01    2.25    9.13    1.33    0.03   10.49  0.847
   3.094  0.285 10.94    2.45    6.81    1.42    0.03    8.26 9.385E+00

  10.589 21.120  4.41    1.95    7.61    1.09    0.02    8.72  0.847
   3.101  0.314 10.52    2.10    4.95    1.16    0.02    6.13 7.227E+00

  10.589 21.813  4.75    1.70    6.30    0.91    0.01    7.22  0.845
   3.135  0.340 10.11    1.83    3.35    0.96    0.01    4.33 5.891E+00

  0.000 0.000  0.000 .000  0.00  0.00  0.00  0.00  0.00  0.00 0.000
                           0.00  0.00  0.00  0.00  0.00  0.00 0.000E+00

