EXTERNAL/TSAI:  VERSION OF 8/8/96

Marathon                                                                
H1_kin4.inp                                                             
                                                                        
Hall A 2018: 25 cm Deuterium target                                     
Nominal values - not exact                                              

----*----1----*----2----*----3----*----4----*----5----*----6----*----7--
                                                                        

TARGET (iZ,iA) = (  1,  1);   avgA =   1.000; amuM=  1.007; avgM=  0.938
 targ=TRITIUM; ttarg(rl)=0.00113; twall=0.00478; tbeam=0.00406; tspec=0.00759
         Nseg  =   4
 MODELS: P elastc(ikk)=14; deut elastic=13; inelastc=206; Pauli Supresion= 4
 NUCLEAR METHOD= 1;   NUCLEAR_MODEL= 1
 DIS MODEL=111

    E1    TH    Q2 COS_K         SMR     NUC          INT-SMR
    EP     X    W2 QE-PK  INELA  Q-ELA  ELAST   TOTAL  MODEL

  10.589 20.831  4.22    2.49    9.27    0.00    2.52   11.79  1.000
   3.045  0.298 10.82    2.79    7.54    0.00    2.82   10.36 2.995E+00

  10.589 21.539  4.57    2.10    7.74    0.00    2.12    9.85  1.000
   3.090  0.325 10.38    2.34    5.60    0.00    2.36    7.96 2.461E+00

  10.589 22.430  4.96    1.82    6.38    0.00    1.83    8.21  1.000
   3.098  0.353  9.97    2.01    3.89    0.00    2.02    5.92 1.950E+00

  10.589 23.115  5.32    1.58    5.10    0.00    1.59    6.69  1.000
   3.129  0.380  9.56    1.74    2.29    0.00    1.75    4.04 1.598E+00

  0.000 0.000  0.000 .000  0.00  0.00  0.00  0.00  0.00  0.00 0.000
                           0.00  0.00  0.00  0.00  0.00  0.00 0.000E+00

