EXTERNAL/TSAI:  VERSION OF 8/8/96

Marathon                                                                
D2_kin0.inp                                                             
                                                                        
Hall A 2018: 25 cm Deuterium target                                     
Nominal values - not exact                                              

----*----1----*----2----*----3----*----4----*----5----*----6----*----7--
                                                                        

TARGET (iZ,iA) = (  1,  2);   avgA =   2.000; amuM=  2.013; avgM=  1.875
 targ=TRITIUM; ttarg(rl)=0.00114; twall=0.00445; tbeam=0.00298; tspec=0.00759
         Nseg  =   4
 MODELS: P elastc(ikk)=14; deut elastic=13; inelastc=206; Pauli Supresion= 4
 NUCLEAR METHOD= 1;   NUCLEAR_MODEL= 1
 DIS MODEL=111

    E1    TH    Q2 COS_K         SMR     NUC          INT-SMR
    EP     X    W2 QE-PK  INELA  Q-ELA  ELAST   TOTAL  MODEL

 Deut Elastic Model: ia,iamec,rsc,rscmec (1,2,3,4)=  3
 TJON DEUT ELASTIC FILESS TO BE OPEN=rscctj.tjon_input   rscqtj.tjon_input   rscmtj.tjon_input   
  10.589 15.698  2.42    4.15   16.13    3.49    0.13   19.74  0.960
   3.062  0.171 12.59    4.69   15.93    3.78    0.13   19.83 1.894E+01

  10.589 16.565  2.72    3.48   14.42    2.81    0.09   17.32  0.965
   3.097  0.194 12.22    3.91   13.76    3.04    0.09   16.89 1.490E+01

  10.589 17.653  3.09    2.92   12.64    2.26    0.06   14.96  0.968
   3.103  0.220 11.83    3.26   11.52    2.44    0.06   14.01 1.116E+01

  10.589 18.246  3.35    2.53   11.24    1.88    0.04   13.16  0.970
   3.151  0.240 11.48    2.80    9.78    2.03    0.04   11.85 9.409E+00

  0.000 0.000  0.000 .000  0.00  0.00  0.00  0.00  0.00  0.00 0.000
                           0.00  0.00  0.00  0.00  0.00  0.00 0.000E+00

