EXTERNAL/TSAI:  VERSION OF 8/8/96

Marathon                                                                
He3_kin11.inp                                                           
                                                                        
Hall A 2018: 25 cm He3 target                                           
Nominal values - not exact                                              

----*----1----*----2----*----3----*----4----*----5----*----6----*----7--
                                                                        

TARGET (iZ,iA) = (  2,  3);   avgA =   3.000; amuM=  3.016; avgM=  2.809
 targ=TRITIUM; ttarg(rl)=0.00075; twall=0.00519; tbeam=0.00285; tspec=0.00759
         Nseg  =   4
 MODELS: P elastc(ikk)=14; deut elastic=13; inelastc=206; Pauli Supresion= 4
 NUCLEAR METHOD= 1;   NUCLEAR_MODEL= 1
 DIS MODEL=111

    E1    TH    Q2 COS_K         SMR     NUC          INT-SMR
    EP     X    W2 QE-PK  INELA  Q-ELA  ELAST   TOTAL  MODEL

  10.589 28.689  7.87    0.91   -1.32    0.38    0.00   -0.94  0.820
   3.029  0.555  7.19    0.96   -5.80    0.40    0.00   -5.40 7.894E-01

  10.589 29.351  8.38    0.81   -2.64    0.34    0.00   -2.30  0.832
   3.082  0.595  6.59    0.85   -7.40    0.36    0.00   -7.03 5.615E-01

  10.589 30.252  8.96    0.73   -4.00    0.33    0.00   -3.68  0.860
   3.107  0.638  5.96    0.77   -9.01    0.35    0.00   -8.66 3.689E-01

  10.589 30.917  9.50    0.67   -5.34    0.34    0.00   -5.00  0.918
   3.156  0.681  5.33    0.71  -10.60    0.36    0.00  -10.25 2.434E-01

  0.000 0.000  0.000 .000  0.00  0.00  0.00  0.00  0.00  0.00 0.000
                           0.00  0.00  0.00  0.00  0.00  0.00 0.000E+00

