EXTERNAL/TSAI:  VERSION OF 8/8/96

Marathon                                                                
H3_kin0.inp                                                             
                                                                        
Hall A 2018: 25 cm Tritium target                                       
Nominal values - not exact                                              

----*----1----*----2----*----3----*----4----*----5----*----6----*----7--
                                                                        

TARGET (iZ,iA) = (  1,  3);   avgA =   3.000; amuM=  3.016; avgM=  2.809
 targ=TRITIUM; ttarg(rl)=0.00045; twall=0.00481; tbeam=0.00291; tspec=0.00759
         Nseg  =   4
 MODELS: P elastc(ikk)=14; deut elastic=13; inelastc=206; Pauli Supresion= 4
 NUCLEAR METHOD= 1;   NUCLEAR_MODEL= 1
 DIS MODEL=111

    E1    TH    Q2 COS_K         SMR     NUC          INT-SMR
    EP     X    W2 QE-PK  INELA  Q-ELA  ELAST   TOTAL  MODEL

  10.589 15.697  2.42    3.47   15.29    2.68    0.30   18.26  0.862
   3.062  0.171 12.59    3.88   14.57    2.85    0.30   17.72 2.732E+01

  10.589 16.565  2.72    2.96   13.61    2.21    0.19   16.01  0.870
   3.096  0.194 12.22    3.28   12.47    2.35    0.19   15.01 2.134E+01

  10.589 17.655  3.09    2.52   11.91    1.80    0.12   13.83  0.876
   3.103  0.220 11.83    2.78   10.34    1.91    0.12   12.37 1.584E+01

  10.589 18.250  3.36    2.21   10.57    1.51    0.08   12.16  0.878
   3.151  0.240 11.48    2.42    8.68    1.61    0.08   10.37 1.327E+01

  0.000 0.000  0.000 .000  0.00  0.00  0.00  0.00  0.00  0.00 0.000
                           0.00  0.00  0.00  0.00  0.00  0.00 0.000E+00

