EXTERNAL/TSAI:  VERSION OF 8/8/96

Marathon                                                                
D2_kin11.inp                                                            
                                                                        
Hall A 2018: 25 cm Deuterium target                                     
Nominal values - not exact                                              

----*----1----*----2----*----3----*----4----*----5----*----6----*----7--
                                                                        

TARGET (iZ,iA) = (  1,  2);   avgA =   2.000; amuM=  2.013; avgM=  1.875
 targ=TRITIUM; ttarg(rl)=0.00114; twall=0.00445; tbeam=0.00298; tspec=0.00759
         Nseg  =   4
 MODELS: P elastc(ikk)=14; deut elastic=13; inelastc=206; Pauli Supresion= 4
 NUCLEAR METHOD= 1;   NUCLEAR_MODEL= 1
 DIS MODEL=111

    E1    TH    Q2 COS_K         SMR     NUC          INT-SMR
    EP     X    W2 QE-PK  INELA  Q-ELA  ELAST   TOTAL  MODEL

 Deut Elastic Model: ia,iamec,rsc,rscmec (1,2,3,4)=  3
 TJON DEUT ELASTIC FILESS TO BE OPEN=rscctj.tjon_input   rscqtj.tjon_input   rscmtj.tjon_input   
  10.589 28.678  7.87    0.87   -1.28    0.41    0.00   -0.87  0.916
   3.030  0.555  7.20    0.92   -5.43    0.44    0.00   -4.99 4.851E-01

  10.589 29.346  8.38    0.78   -2.62    0.36    0.00   -2.26  0.911
   3.083  0.595  6.59    0.82   -7.06    0.39    0.00   -6.67 3.435E-01

  10.589 30.237  8.96    0.71   -3.94    0.34    0.00   -3.61  0.910
   3.108  0.638  5.96    0.75   -8.64    0.36    0.00   -8.28 2.254E-01

  10.589 30.909  9.50    0.65   -5.27    0.33    0.00   -4.94  0.915
   3.158  0.681  5.33    0.69  -10.24    0.35    0.00   -9.88 1.475E-01

  0.000 0.000  0.000 .000  0.00  0.00  0.00  0.00  0.00  0.00 0.000
                           0.00  0.00  0.00  0.00  0.00  0.00 0.000E+00

