EXTERNAL/TSAI:  VERSION OF 8/8/96

Marathon                                                                
He3_kin2.inp                                                            
                                                                        
Hall A 2018: 25 cm He3 target                                           
Nominal values - not exact                                              

----*----1----*----2----*----3----*----4----*----5----*----6----*----7--
                                                                        

TARGET (iZ,iA) = (  2,  3);   avgA =   3.000; amuM=  3.016; avgM=  2.809
 targ=TRITIUM; ttarg(rl)=0.00075; twall=0.00519; tbeam=0.00285; tspec=0.00832
         Nseg  =   4
 MODELS: P elastc(ikk)=14; deut elastic=13; inelastc=206; Pauli Supresion= 4
 NUCLEAR METHOD= 1;   NUCLEAR_MODEL= 1
 DIS MODEL=121

    E1    TH    Q2 COS_K         SMR     NUC          INT-SMR
    EP     X    W2 QE-PK  INELA  Q-ELA  ELAST   TOTAL  MODEL

  10.589 17.745  3.05    3.62   13.60    2.42    0.12   16.14  0.835
   3.023  0.215 12.03    4.00   12.27    2.57    0.12   14.96 1.731E+01

  10.589 18.185  3.25    3.17   12.35    2.06    0.09   14.49  0.840
   3.076  0.231 11.73    3.48   10.71    2.18    0.09   12.98 1.523E+01

  10.589 18.831  3.51    2.80   11.13    1.76    0.06   12.95  0.844
   3.097  0.250 11.43    3.06    9.19    1.87    0.06   11.12 1.281E+01

  10.589 19.560  3.79    2.50    9.99    1.52    0.04   11.55  0.846
   3.100  0.270 11.15    2.72    7.77    1.61    0.04    9.42 1.060E+01

  10.589 20.190  4.05    2.24    8.92    1.32    0.03   10.26  0.847
   3.112  0.289 10.86    2.44    6.45    1.40    0.03    7.88 8.952E+00

  10.589 20.517  4.25    2.01    7.92    1.14    0.02    9.08  0.848
   3.164  0.305 10.56    2.17    5.21    1.21    0.02    6.44 8.031E+00

  10.589 20.903  4.47    1.80    6.93    0.99    0.01    7.93  0.847
   3.208  0.323 10.26    1.94    3.99    1.05    0.01    5.05 7.088E+00

  0.000 0.000  0.000 .000  0.00  0.00  0.00  0.00  0.00  0.00 0.000
                           0.00  0.00  0.00  0.00  0.00  0.00 0.000E+00

