EXTERNAL/TSAI:  VERSION OF 8/8/96

Marathon                                                                
He3_kin13.inp                                                           
                                                                        
Hall A 2018: 25 cm He3 target                                           
Nominal values - not exact                                              

----*----1----*----2----*----3----*----4----*----5----*----6----*----7--
                                                                        

TARGET (iZ,iA) = (  2,  3);   avgA =   3.000; amuM=  3.016; avgM=  2.809
 targ=TRITIUM; ttarg(rl)=0.00075; twall=0.00519; tbeam=0.00285; tspec=0.00759
         Nseg  =   4
 MODELS: P elastc(ikk)=14; deut elastic=13; inelastc=206; Pauli Supresion= 4
 NUCLEAR METHOD= 1;   NUCLEAR_MODEL= 1
 DIS MODEL=121

    E1    TH    Q2 COS_K         SMR     NUC          INT-SMR
    EP     X    W2 QE-PK  INELA  Q-ELA  ELAST   TOTAL  MODEL

  10.589 30.116  8.53    0.86   -2.46    0.36    0.00   -2.09  0.828
   2.984  0.598  6.62    0.90   -7.14    0.39    0.00   -6.75 4.938E-01

  10.589 30.337  8.71    0.83   -2.93    0.35    0.00   -2.57  0.835
   3.004  0.612  6.40    0.87   -7.70    0.38    0.00   -7.32 4.359E-01

  10.589 30.638  8.95    0.79   -3.52    0.35    0.00   -3.18  0.848
   3.027  0.631  6.12    0.82   -8.41    0.37    0.00   -8.05 3.669E-01

  10.589 30.928  9.20    0.75   -4.13    0.34    0.00   -3.79  0.867
   3.054  0.650  5.83    0.79   -9.14    0.36    0.00   -8.78 3.058E-01

  10.589 31.221  9.44    0.72   -4.73    0.35    0.00   -4.39  0.892
   3.079  0.670  5.53    0.75   -9.86    0.37    0.00   -9.49 2.526E-01

  10.589 31.572  9.70    0.69   -5.31    0.36    0.00   -4.95  0.925
   3.094  0.690  5.24    0.73  -10.54    0.38    0.00  -10.16 2.062E-01

  10.589 31.971  9.97    0.68   -5.86    0.38    0.00   -5.48  0.967
   3.103  0.709  4.96    0.71  -11.18    0.40    0.00  -10.79 1.660E-01

  10.589 32.356 10.23    0.67   -6.41    0.40    0.00   -6.00  1.020
   3.112  0.729  4.68    0.70  -11.83    0.42    0.00  -11.41 1.330E-01

  10.589 32.604 10.47    0.65   -6.99    0.44    0.00   -6.55  1.091
   3.137  0.749  4.40    0.69  -12.52    0.46    0.00  -12.05 1.080E-01

  10.589 32.826 10.70    0.65   -7.59    0.50    0.00   -7.10  1.179
   3.164  0.768  4.11    0.69  -13.22    0.52    0.00  -12.70 8.740E-02

  10.589 33.047 10.93    0.65   -8.21    0.57    0.00   -7.64  1.284
   3.189  0.787  3.84    0.69  -13.94    0.59    0.00  -13.35 7.080E-02

  10.589 33.297 11.13    0.66   -8.77    0.65    0.00   -8.11  1.388
   3.202  0.803  3.61    0.71  -14.59    0.68    0.00  -13.91 5.831E-02

  0.000 0.000  0.000 .000  0.00  0.00  0.00  0.00  0.00  0.00 0.000
                           0.00  0.00  0.00  0.00  0.00  0.00 0.000E+00

