EXTERNAL/TSAI:  VERSION OF 8/8/96

Marathon                                                                
H3_kin16.inp                                                            
                                                                        
Hall A 2018: 25 cm Tritium target                                       
Nominal values - not exact                                              

----*----1----*----2----*----3----*----4----*----5----*----6----*----7--
                                                                        

TARGET (iZ,iA) = (  1,  3);   avgA =   3.000; amuM=  3.016; avgM=  2.809
 targ=TRITIUM; ttarg(rl)=0.00045; twall=0.00481; tbeam=0.00341; tspec=0.00832
         Nseg  =   4
 MODELS: P elastc(ikk)=14; deut elastic=13; inelastc=206; Pauli Supresion= 4
 NUCLEAR METHOD= 1;   NUCLEAR_MODEL= 1
 DIS MODEL=121

    E1    TH    Q2 COS_K         SMR     NUC          INT-SMR
    EP     X    W2 QE-PK  INELA  Q-ELA  ELAST   TOTAL  MODEL

  10.589 34.568 10.46    0.79   -5.73    0.39    0.00   -5.34  0.853
   2.797  0.715  5.05    0.84  -10.98    0.41    0.00  -10.57 9.137E-02

  10.589 34.816 10.67    0.78   -6.20    0.41    0.00   -5.79  0.885
   2.814  0.731  4.80    0.83  -11.55    0.43    0.00  -11.11 7.607E-02

  10.589 35.127 10.93    0.77   -6.76    0.44    0.00   -6.32  0.935
   2.833  0.751  4.51    0.82  -12.21    0.47    0.00  -11.75 6.065E-02

  10.589 35.419 11.18    0.76   -7.35    0.49    0.00   -6.86  1.000
   2.853  0.770  4.22    0.82  -12.91    0.52    0.00  -12.39 4.799E-02

  10.589 35.683 11.43    0.77   -7.99    0.56    0.00   -7.43  1.086
   2.876  0.790  3.92    0.82  -13.65    0.59    0.00  -13.06 3.778E-02

  10.589 35.998 11.69    0.78   -8.66    0.66    0.00   -7.99  1.189
   2.892  0.810  3.63    0.84  -14.43    0.69    0.00  -13.74 2.944E-02

  10.589 36.351 11.96    0.81   -9.40    0.80    0.00   -8.60  1.313
   2.903  0.829  3.34    0.88  -15.28    0.83    0.00  -14.46 2.263E-02

  10.589 36.691 12.20    0.85  -10.11    0.96    0.00   -9.15  1.430
   2.907  0.846  3.10    0.93  -16.10    0.98    0.00  -15.12 1.798E-02

  0.000 0.000  0.000 .000  0.00  0.00  0.00  0.00  0.00  0.00 0.000
                           0.00  0.00  0.00  0.00  0.00  0.00 0.000E+00

