EXTERNAL/TSAI:  VERSION OF 8/8/96

Marathon                                                                
H3_kin3.inp                                                             
                                                                        
Hall A 2018: 25 cm Tritium target                                       
Nominal values - not exact                                              

----*----1----*----2----*----3----*----4----*----5----*----6----*----7--
                                                                        

TARGET (iZ,iA) = (  1,  3);   avgA =   3.000; amuM=  3.016; avgM=  2.809
 targ=TRITIUM; ttarg(rl)=0.00045; twall=0.00481; tbeam=0.00341; tspec=0.00759
         Nseg  =   4
 MODELS: P elastc(ikk)=14; deut elastic=13; inelastc=206; Pauli Supresion= 4
 NUCLEAR METHOD= 1;   NUCLEAR_MODEL= 1
 DIS MODEL=121

    E1    TH    Q2 COS_K         SMR     NUC          INT-SMR
    EP     X    W2 QE-PK  INELA  Q-ELA  ELAST   TOTAL  MODEL

  10.589 18.921  3.41    2.38   11.25    1.65    0.08   12.99  0.875
   2.983  0.239 11.74    2.65    9.67    1.79    0.09   11.54 1.211E+01

  10.589 19.261  3.59    2.16   10.28    1.46    0.06   11.80  0.876
   3.027  0.253 11.48    2.40    8.47    1.58    0.06   10.11 1.090E+01

  10.589 19.702  3.82    1.93    9.13    1.25    0.04   10.42  0.875
   3.077  0.271 11.16    2.13    7.04    1.35    0.04    8.44 9.502E+00

  10.589 20.298  4.07    1.75    8.07    1.09    0.03    9.19  0.872
   3.097  0.290 10.87    1.93    5.74    1.18    0.03    6.95 8.027E+00

  10.589 20.975  4.35    1.61    7.09    0.96    0.02    8.07  0.868
   3.100  0.310 10.58    1.76    4.54    1.03    0.02    5.59 6.667E+00

  10.589 21.576  4.62    1.48    6.17    0.85    0.01    7.03  0.862
   3.111  0.329 10.30    1.62    3.41    0.91    0.01    4.33 5.612E+00

  10.589 21.912  4.83    1.35    5.26    0.74    0.01    6.01  0.856
   3.158  0.346  9.99    1.47    2.28    0.80    0.01    3.09 4.959E+00

  10.589 22.225  5.03    1.25    4.46    0.66    0.01    5.13  0.851
   3.197  0.363  9.72    1.36    1.30    0.71    0.01    2.02 4.413E+00

  0.000 0.000  0.000 .000  0.00  0.00  0.00  0.00  0.00  0.00 0.000
                           0.00  0.00  0.00  0.00  0.00  0.00 0.000E+00

