EXTERNAL/TSAI:  VERSION OF 8/8/96

Marathon                                                                
H3_kin5.inp                                                             
                                                                        
Hall A 2018: 25 cm Tritium target                                       
Nominal values - not exact                                              

----*----1----*----2----*----3----*----4----*----5----*----6----*----7--
                                                                        

TARGET (iZ,iA) = (  1,  3);   avgA =   3.000; amuM=  3.016; avgM=  2.809
 targ=TRITIUM; ttarg(rl)=0.00045; twall=0.00481; tbeam=0.00341; tspec=0.00832
         Nseg  =   4
 MODELS: P elastc(ikk)=14; deut elastic=13; inelastc=206; Pauli Supresion= 4
 NUCLEAR METHOD= 1;   NUCLEAR_MODEL= 1
 DIS MODEL=121

    E1    TH    Q2 COS_K         SMR     NUC          INT-SMR
    EP     X    W2 QE-PK  INELA  Q-ELA  ELAST   TOTAL  MODEL

  10.589 21.706  4.50    1.66    7.11    0.99    0.02    8.12  0.865
   3.000  0.316 10.62    1.82    4.45    1.06    0.02    5.53 5.773E+00

  10.589 22.031  4.70    1.53    6.30    0.88    0.01    7.18  0.861
   3.038  0.331 10.35    1.67    3.44    0.94    0.01    4.39 5.168E+00

  10.589 22.438  4.94    1.40    5.34    0.76    0.01    6.11  0.855
   3.079  0.350 10.04    1.52    2.26    0.82    0.01    3.09 4.493E+00

  10.589 22.969  5.20    1.30    4.46    0.68    0.01    5.15  0.847
   3.096  0.370  9.74    1.40    1.19    0.73    0.01    1.92 3.814E+00

  10.589 23.569  5.48    1.22    3.68    0.61    0.00    4.29  0.840
   3.099  0.390  9.46    1.31    0.23    0.66    0.00    0.89 3.193E+00

  10.589 24.103  5.74    1.14    2.89    0.55    0.00    3.44  0.831
   3.110  0.409  9.17    1.23   -0.74    0.59    0.00   -0.15 2.695E+00

  10.589 24.436  5.97    1.06    2.10    0.49    0.00    2.60  0.824
   3.148  0.428  8.87    1.13   -1.70    0.53    0.00   -1.18 2.348E+00

  10.589 24.670  6.16    0.99    1.43    0.45    0.00    1.88  0.818
   3.188  0.444  8.61    1.06   -2.53    0.48    0.00   -2.05 2.096E+00

  0.000 0.000  0.000 .000  0.00  0.00  0.00  0.00  0.00  0.00 0.000
                           0.00  0.00  0.00  0.00  0.00  0.00 0.000E+00

