EXTERNAL/TSAI:  VERSION OF 8/8/96

Marathon                                                                
He3_kin5.inp                                                            
                                                                        
Hall A 2018: 25 cm He3 target                                           
Nominal values - not exact                                              

----*----1----*----2----*----3----*----4----*----5----*----6----*----7--
                                                                        

TARGET (iZ,iA) = (  2,  3);   avgA =   3.000; amuM=  3.016; avgM=  2.809
 targ=TRITIUM; ttarg(rl)=0.00075; twall=0.00519; tbeam=0.00285; tspec=0.00832
         Nseg  =   4
 MODELS: P elastc(ikk)=14; deut elastic=13; inelastc=206; Pauli Supresion= 4
 NUCLEAR METHOD= 1;   NUCLEAR_MODEL= 1
 DIS MODEL=121

    E1    TH    Q2 COS_K         SMR     NUC          INT-SMR
    EP     X    W2 QE-PK  INELA  Q-ELA  ELAST   TOTAL  MODEL

  10.589 21.700  4.50    2.10    7.94    1.19    0.02    9.15  0.845
   2.999  0.316 10.62    2.27    5.25    1.26    0.02    6.52 6.369E+00

  10.589 22.024  4.69    1.92    7.10    1.05    0.01    8.16  0.844
   3.038  0.331 10.36    2.07    4.21    1.11    0.01    5.33 5.733E+00

  10.589 22.441  4.94    1.72    6.09    0.91    0.01    7.01  0.843
   3.079  0.350 10.03    1.85    2.98    0.96    0.01    3.95 5.005E+00

  10.589 22.971  5.20    1.58    5.19    0.80    0.01    6.00  0.841
   3.096  0.370  9.74    1.69    1.89    0.85    0.01    2.74 4.283E+00

  10.589 23.568  5.48    1.46    4.38    0.72    0.00    5.10  0.838
   3.100  0.390  9.46    1.56    0.88    0.76    0.00    1.64 3.610E+00

  10.589 24.107  5.74    1.36    3.57    0.64    0.00    4.21  0.835
   3.109  0.409  9.17    1.44   -0.10    0.68    0.00    0.58 3.070E+00

  10.589 24.433  5.97    1.24    2.75    0.57    0.00    3.32  0.832
   3.149  0.428  8.87    1.32   -1.10    0.61    0.00   -0.50 2.695E+00

  10.589 24.670  6.16    1.15    2.06    0.52    0.00    2.58  0.829
   3.189  0.444  8.60    1.22   -1.95    0.55    0.00   -1.40 2.418E+00

  0.000 0.000  0.000 .000  0.00  0.00  0.00  0.00  0.00  0.00 0.000
                           0.00  0.00  0.00  0.00  0.00  0.00 0.000E+00

