EXTERNAL/TSAI:  VERSION OF 8/8/96

Marathon                                                                
H3_kin0.inp                                                             
                                                                        
Hall A 2018: 25 cm Tritium target                                       
Nominal values - not exact                                              

----*----1----*----2----*----3----*----4----*----5----*----6----*----7--
                                                                        

TARGET (iZ,iA) = (  1,  3);   avgA =   3.000; amuM=  3.016; avgM=  2.809
 targ=TRITIUM; ttarg(rl)=0.00045; twall=0.00481; tbeam=0.00341; tspec=0.00832
         Nseg  =   4
 MODELS: P elastc(ikk)=14; deut elastic=13; inelastc=206; Pauli Supresion= 4
 NUCLEAR METHOD= 1;   NUCLEAR_MODEL= 1
 DIS MODEL=121

    E1    TH    Q2 COS_K         SMR     NUC          INT-SMR
    EP     X    W2 QE-PK  INELA  Q-ELA  ELAST   TOTAL  MODEL

  10.589 15.282  2.25    3.85   16.71    3.03    0.39   20.13  0.854
   3.001  0.158 12.87    4.40   16.49    3.28    0.39   20.17 3.168E+01

  10.589 15.715  2.42    3.38   15.34    2.61    0.29   18.23  0.862
   3.063  0.172 12.58    3.84   14.80    2.82    0.29   17.91 2.777E+01

  10.589 16.405  2.67    2.96   13.95    2.22    0.20   16.37  0.869
   3.095  0.190 12.28    3.34   13.01    2.40    0.20   15.62 2.284E+01

  10.589 17.232  2.94    2.62   12.61    1.91    0.14   14.65  0.874
   3.098  0.209 11.99    2.94   11.32    2.06    0.14   13.51 1.825E+01

  10.589 17.949  3.21    2.34   11.39    1.64    0.10   13.13  0.877
   3.111  0.228 11.71    2.61    9.77    1.77    0.10   11.64 1.499E+01

  10.589 18.307  3.39    2.10   10.33    1.43    0.07   11.82  0.878
   3.165  0.243 11.42    2.33    8.44    1.54    0.07   10.05 1.338E+01

  10.589 18.741  3.61    1.87    9.16    1.22    0.05   10.43  0.878
   3.216  0.261 11.11    2.06    6.98    1.32    0.05    8.34 1.168E+01

  0.000 0.000  0.000 .000  0.00  0.00  0.00  0.00  0.00  0.00 0.000
                           0.00  0.00  0.00  0.00  0.00  0.00 0.000E+00

