EXTERNAL/TSAI:  VERSION OF 8/8/96

Marathon                                                                
He3_kin0.inp                                                            
                                                                        
Hall A 2018: 25 cm He3 target                                           
Nominal values - not exact                                              

----*----1----*----2----*----3----*----4----*----5----*----6----*----7--
                                                                        

TARGET (iZ,iA) = (  2,  3);   avgA =   3.000; amuM=  3.016; avgM=  2.809
 targ=TRITIUM; ttarg(rl)=0.00075; twall=0.00519; tbeam=0.00285; tspec=0.00759
         Nseg  =   4
 MODELS: P elastc(ikk)=14; deut elastic=13; inelastc=206; Pauli Supresion= 4
 NUCLEAR METHOD= 1;   NUCLEAR_MODEL= 1
 DIS MODEL=121

    E1    TH    Q2 COS_K         SMR     NUC          INT-SMR
    EP     X    W2 QE-PK  INELA  Q-ELA  ELAST   TOTAL  MODEL

  10.589 15.283  2.25    5.52   17.77    3.96    0.37   22.10  0.808
   3.001  0.158 12.87    6.19   17.66    4.22    0.37   22.26 3.312E+01

  10.589 15.714  2.42    4.78   16.41    3.37    0.27   20.06  0.818
   3.063  0.172 12.58    5.34   15.95    3.59    0.28   19.81 2.918E+01

  10.589 16.403  2.67    4.12   14.97    2.83    0.19   17.99  0.827
   3.095  0.190 12.28    4.57   14.11    3.01    0.19   17.32 2.414E+01

  10.589 17.232  2.94    3.59   13.61    2.40    0.13   16.14  0.835
   3.098  0.209 11.99    3.96   12.39    2.55    0.13   15.08 1.939E+01

  10.589 17.949  3.21    3.15   12.35    2.05    0.09   14.49  0.840
   3.111  0.229 11.71    3.46   10.81    2.18    0.09   13.07 1.603E+01

  10.589 18.306  3.39    2.79   11.23    1.76    0.07   13.06  0.844
   3.165  0.243 11.42    3.06    9.43    1.87    0.07   11.37 1.439E+01

  10.589 18.738  3.61    2.45   10.04    1.50    0.05   11.59  0.848
   3.216  0.261 11.10    2.67    7.95    1.59    0.05    9.59 1.263E+01

  0.000 0.000  0.000 .000  0.00  0.00  0.00  0.00  0.00  0.00 0.000
                           0.00  0.00  0.00  0.00  0.00  0.00 0.000E+00

