EXTERNAL/TSAI:  VERSION OF 8/8/96

Marathon                                                                
H3_kin2.inp                                                             
                                                                        
Hall A 2018: 25 cm Tritium target                                       
Nominal values - not exact                                              

----*----1----*----2----*----3----*----4----*----5----*----6----*----7--
                                                                        

TARGET (iZ,iA) = (  1,  3);   avgA =   3.000; amuM=  3.016; avgM=  2.809
 targ=TRITIUM; ttarg(rl)=0.00045; twall=0.00481; tbeam=0.00341; tspec=0.00832
         Nseg  =   4
 MODELS: P elastc(ikk)=14; deut elastic=13; inelastc=206; Pauli Supresion= 4
 NUCLEAR METHOD= 1;   NUCLEAR_MODEL= 1
 DIS MODEL=121

    E1    TH    Q2 COS_K         SMR     NUC          INT-SMR
    EP     X    W2 QE-PK  INELA  Q-ELA  ELAST   TOTAL  MODEL

  10.589 17.744  3.05    2.66   12.59    1.92    0.13   14.65  0.874
   3.023  0.215 12.03    2.98   11.27    2.08    0.13   13.48 1.626E+01

  10.589 18.183  3.25    2.35   11.38    1.65    0.09   13.12  0.877
   3.077  0.231 11.72    2.63    9.75    1.78    0.09   11.62 1.424E+01

  10.589 18.830  3.51    2.11   10.20    1.43    0.06   11.69  0.877
   3.097  0.250 11.43    2.34    8.28    1.54    0.07    9.88 1.190E+01

  10.589 19.556  3.79    1.91    9.10    1.24    0.04   10.39  0.876
   3.100  0.270 11.15    2.12    6.90    1.34    0.04    8.29 9.788E+00

  10.589 20.187  4.05    1.74    8.06    1.09    0.03    9.18  0.874
   3.114  0.289 10.86    1.92    5.61    1.17    0.03    6.82 8.209E+00

  10.589 20.516  4.25    1.58    7.10    0.95    0.02    8.07  0.870
   3.164  0.305 10.56    1.73    4.42    1.02    0.02    5.46 7.322E+00

  10.589 20.889  4.47    1.44    6.16    0.83    0.02    7.01  0.865
   3.208  0.322 10.27    1.57    3.26    0.89    0.02    4.16 6.446E+00

  0.000 0.000  0.000 .000  0.00  0.00  0.00  0.00  0.00  0.00 0.000
                           0.00  0.00  0.00  0.00  0.00  0.00 0.000E+00

