EXTERNAL/TSAI:  VERSION OF 8/8/96

Marathon                                                                
He3_kin4.inp                                                            
                                                                        
Hall A 2018: 25 cm He3 target                                           
Nominal values - not exact                                              

----*----1----*----2----*----3----*----4----*----5----*----6----*----7--
                                                                        

TARGET (iZ,iA) = (  2,  3);   avgA =   3.000; amuM=  3.016; avgM=  2.809
 targ=TRITIUM; ttarg(rl)=0.00075; twall=0.00519; tbeam=0.00285; tspec=0.00832
         Nseg  =   4
 MODELS: P elastc(ikk)=14; deut elastic=13; inelastc=206; Pauli Supresion= 4
 NUCLEAR METHOD= 1;   NUCLEAR_MODEL= 1
 DIS MODEL=121

    E1    TH    Q2 COS_K         SMR     NUC          INT-SMR
    EP     X    W2 QE-PK  INELA  Q-ELA  ELAST   TOTAL  MODEL

  10.589 20.374  3.96    2.55    9.96    1.54    0.04   11.54  0.845
   2.990  0.278 11.18    2.78    7.72    1.64    0.04    9.39 8.980E+00

  10.589 20.696  4.14    2.32    9.05    1.36    0.03   10.43  0.846
   3.031  0.292 10.92    2.51    6.60    1.44    0.03    8.07 8.131E+00

  10.589 21.128  4.38    2.06    7.94    1.17    0.02    9.13  0.846
   3.076  0.311 10.60    2.23    5.24    1.23    0.02    6.50 7.117E+00

  10.589 21.684  4.64    1.87    6.98    1.02    0.01    8.01  0.845
   3.095  0.330 10.31    2.01    4.06    1.08    0.01    5.15 6.084E+00

  10.589 22.313  4.91    1.71    6.07    0.90    0.01    6.98  0.843
   3.099  0.350 10.02    1.84    2.95    0.95    0.01    3.91 5.122E+00

  10.589 22.887  5.18    1.57    5.18    0.80    0.01    5.99  0.841
   3.108  0.369  9.74    1.68    1.87    0.85    0.01    2.72 4.348E+00

  10.589 23.220  5.40    1.43    4.33    0.70    0.00    5.03  0.839
   3.151  0.387  9.43    1.53    0.81    0.74    0.00    1.56 3.843E+00

  10.589 23.476  5.59    1.32    3.57    0.63    0.00    4.20  0.837
   3.192  0.403  9.17    1.40   -0.12    0.67    0.00    0.55 3.460E+00

  0.000 0.000  0.000 .000  0.00  0.00  0.00  0.00  0.00  0.00 0.000
                           0.00  0.00  0.00  0.00  0.00  0.00 0.000E+00

