EXTERNAL/TSAI:  VERSION OF 8/8/96

Marathon                                                                
He3_kin16.inp                                                           
                                                                        
Hall A 2018: 25 cm He3 target                                           
Nominal values - not exact                                              

----*----1----*----2----*----3----*----4----*----5----*----6----*----7--
                                                                        

TARGET (iZ,iA) = (  2,  3);   avgA =   3.000; amuM=  3.016; avgM=  2.809
 targ=TRITIUM; ttarg(rl)=0.00075; twall=0.00519; tbeam=0.00285; tspec=0.00832
         Nseg  =   4
 MODELS: P elastc(ikk)=14; deut elastic=13; inelastc=206; Pauli Supresion= 4
 NUCLEAR METHOD= 1;   NUCLEAR_MODEL= 1
 DIS MODEL=121

    E1    TH    Q2 COS_K         SMR     NUC          INT-SMR
    EP     X    W2 QE-PK  INELA  Q-ELA  ELAST   TOTAL  MODEL

  10.589 34.563 10.46    0.79   -5.33    0.42    0.00   -4.91  0.929
   2.798  0.715  5.04    0.82  -10.65    0.44    0.00  -10.21 1.193E-01

  10.589 34.812 10.67    0.76   -5.80    0.44    0.00   -5.37  0.967
   2.815  0.731  4.80    0.80  -11.22    0.46    0.00  -10.76 1.004E-01

  10.589 35.115 10.92    0.75   -6.38    0.47    0.00   -5.91  1.025
   2.834  0.750  4.51    0.78  -11.90    0.49    0.00  -11.41 8.115E-02

  10.589 35.421 11.18    0.73   -6.99    0.52    0.00   -6.48  1.100
   2.853  0.770  4.22    0.77  -12.62    0.54    0.00  -12.08 6.472E-02

  10.589 35.699 11.44    0.72   -7.64    0.59    0.00   -7.06  1.198
   2.874  0.790  3.92    0.77  -13.37    0.61    0.00  -12.77 5.144E-02

  10.589 35.995 11.69    0.73   -8.33    0.68    0.00   -7.65  1.316
   2.892  0.810  3.63    0.78  -14.18    0.70    0.00  -13.48 4.063E-02

  10.589 36.334 11.96    0.74   -9.10    0.82    0.00   -8.28  1.456
   2.905  0.829  3.34    0.80  -15.06    0.84    0.00  -14.22 3.169E-02

  10.589 36.697 12.20    0.77   -9.83    0.97    0.00   -8.86  1.588
   2.906  0.846  3.10    0.84  -15.89    0.99    0.00  -14.90 2.535E-02

  0.000 0.000  0.000 .000  0.00  0.00  0.00  0.00  0.00  0.00 0.000
                           0.00  0.00  0.00  0.00  0.00  0.00 0.000E+00

