EXTERNAL/TSAI:  VERSION OF 8/8/96

Marathon                                                                
He3_kin3.inp                                                            
                                                                        
Hall A 2018: 25 cm He3 target                                           
Nominal values - not exact                                              

----*----1----*----2----*----3----*----4----*----5----*----6----*----7--
                                                                        

TARGET (iZ,iA) = (  2,  3);   avgA =   3.000; amuM=  3.016; avgM=  2.809
 targ=TRITIUM; ttarg(rl)=0.00075; twall=0.00519; tbeam=0.00285; tspec=0.00832
         Nseg  =   4
 MODELS: P elastc(ikk)=14; deut elastic=13; inelastc=206; Pauli Supresion= 4
 NUCLEAR METHOD= 1;   NUCLEAR_MODEL= 1
 DIS MODEL=121

    E1    TH    Q2 COS_K         SMR     NUC          INT-SMR
    EP     X    W2 QE-PK  INELA  Q-ELA  ELAST   TOTAL  MODEL

  10.589 18.921  3.41    3.18   12.20    2.05    0.08   14.33  0.840
   2.984  0.239 11.74    3.49   10.50    2.17    0.08   12.76 1.299E+01

  10.589 19.260  3.59    2.86   11.22    1.80    0.06   13.07  0.843
   3.027  0.253 11.48    3.13    9.29    1.91    0.06   11.25 1.175E+01

  10.589 19.698  3.81    2.52   10.02    1.53    0.04   11.59  0.846
   3.078  0.271 11.16    2.74    7.80    1.62    0.04    9.47 1.031E+01

  10.589 20.299  4.07    2.25    8.92    1.32    0.03   10.27  0.847
   3.097  0.290 10.87    2.45    6.45    1.40    0.03    7.89 8.758E+00

  10.589 20.975  4.35    2.04    7.91    1.15    0.02    9.08  0.847
   3.100  0.310 10.58    2.21    5.20    1.22    0.02    6.45 7.324E+00

  10.589 21.576  4.62    1.86    6.96    1.01    0.01    7.98  0.845
   3.111  0.329 10.30    2.00    4.03    1.07    0.01    5.12 6.207E+00

  10.589 21.911  4.83    1.68    6.02    0.88    0.01    6.91  0.844
   3.158  0.346  9.99    1.80    2.88    0.93    0.01    3.82 5.523E+00

  10.589 22.202  5.02    1.54    5.23    0.79    0.01    6.03  0.843
   3.196  0.362  9.74    1.65    1.92    0.83    0.01    2.76 4.978E+00

  0.000 0.000  0.000 .000  0.00  0.00  0.00  0.00  0.00  0.00 0.000
                           0.00  0.00  0.00  0.00  0.00  0.00 0.000E+00

