EXTERNAL/TSAI:  VERSION OF 8/8/96

Marathon                                                                
H1_kin3.inp                                                             
                                                                        
Hall A 2018: 25 cm Deuterium target                                     
Nominal values - not exact                                              

----*----1----*----2----*----3----*----4----*----5----*----6----*----7--
                                                                        

TARGET (iZ,iA) = (  1,  1);   avgA =   1.000; amuM=  1.007; avgM=  0.938
 targ=TRITIUM; ttarg(rl)=0.00113; twall=0.00481; tbeam=0.00342; tspec=0.00732
         Nseg  =   4
 MODELS: P elastc(ikk)=14; deut elastic=13; inelastc=206; Pauli Supresion= 4
 NUCLEAR METHOD= 1;   NUCLEAR_MODEL= 1
 DIS MODEL= 2

    E1    TH    Q2 COS_K         SMR     NUC          INT-SMR
    EP     X    W2 QE-PK  INELA  Q-ELA  ELAST   TOTAL  MODEL

  10.589 18.922  3.41    3.43   11.65    0.00    3.48   15.13  1.000
   2.983  0.239 11.74    3.84   10.44    0.00    3.89   14.34 5.237E+00

  10.589 19.260  3.59    3.06   10.68    0.00    3.10   13.78  1.000
   3.027  0.253 11.48    3.41    9.23    0.00    3.46   12.68 4.754E+00

  10.589 19.705  3.82    2.67    9.51    0.00    2.70   12.21  1.000
   3.077  0.271 11.16    2.96    7.77    0.00    3.00   10.76 4.188E+00

  10.589 20.308  4.08    2.36    8.45    0.00    2.39   10.84  1.000
   3.096  0.290 10.87    2.61    6.45    0.00    2.64    9.09 3.577E+00

  10.589 20.979  4.35    2.12    7.43    0.00    2.14    9.57  1.000
   3.099  0.310 10.58    2.33    5.17    0.00    2.35    7.52 3.016E+00

  10.589 21.584  4.62    1.90    6.44    0.00    1.92    8.36  1.000
   3.110  0.329 10.30    2.09    3.94    0.00    2.10    6.05 2.572E+00

  10.589 21.913  4.83    1.70    5.46    0.00    1.72    7.17  1.000
   3.157  0.346 10.00    1.86    2.72    0.00    1.87    4.59 2.304E+00

  10.589 22.190  5.02    1.56    4.82    0.00    1.57    6.40  1.000
   3.198  0.362  9.73    1.70    1.92    0.00    1.71    3.63 2.080E+00

  0.000 0.000  0.000 .000  0.00  0.00  0.00  0.00  0.00  0.00 0.000
                           0.00  0.00  0.00  0.00  0.00  0.00 0.000E+00

