EXTERNAL/TSAI:  VERSION OF 8/8/96

Marathon                                                                
H1_kin1.inp                                                             
                                                                        
Hall A 2018: 25 cm Deuterium target                                     
Nominal values - not exact                                              

----*----1----*----2----*----3----*----4----*----5----*----6----*----7--
                                                                        

TARGET (iZ,iA) = (  1,  1);   avgA =   1.000; amuM=  1.007; avgM=  0.938
 targ=TRITIUM; ttarg(rl)=0.00113; twall=0.00481; tbeam=0.00342; tspec=0.00732
         Nseg  =   4
 MODELS: P elastc(ikk)=14; deut elastic=13; inelastc=206; Pauli Supresion= 4
 NUCLEAR METHOD= 1;   NUCLEAR_MODEL= 1
 DIS MODEL= 2

    E1    TH    Q2 COS_K         SMR     NUC          INT-SMR
    EP     X    W2 QE-PK  INELA  Q-ELA  ELAST   TOTAL  MODEL

  10.589 16.115  2.51    5.29   15.62    0.00    5.42   21.04  1.000
   3.015  0.177 12.58    6.03   15.50    0.00    6.16   21.66 1.048E+01

  10.589 16.552  2.70    4.56   14.35    0.00    4.66   19.02  1.000
   3.073  0.191 12.29    5.17   13.89    0.00    5.28   19.17 9.254E+00

  10.589 17.240  2.95    3.93   13.03    0.00    4.00   17.03  1.000
   3.098  0.210 11.99    4.43   12.21    0.00    4.50   16.71 7.718E+00

  10.589 18.032  3.23    3.41   11.79    0.00    3.47   15.26  1.000
   3.101  0.230 11.71    3.83   10.63    0.00    3.89   14.52 6.313E+00

  10.589 18.708  3.49    2.99   10.61    0.00    3.04   13.65  1.000
   3.115  0.248 11.42    3.34    9.15    0.00    3.38   12.53 5.306E+00

  10.589 19.040  3.67    2.64    9.57    0.00    2.67   12.24  1.000
   3.169  0.264 11.13    2.93    7.84    0.00    2.97   10.81 4.797E+00

  10.589 19.456  3.88    2.34    8.55    0.00    2.37   10.91  1.000
   3.211  0.280 10.84    2.59    6.57    0.00    2.61    9.19 4.254E+00

  0.000 0.000  0.000 .000  0.00  0.00  0.00  0.00  0.00  0.00 0.000
                           0.00  0.00  0.00  0.00  0.00  0.00 0.000E+00

