EXTERNAL/TSAI:  VERSION OF 8/8/96

Marathon                                                                
H1_kin2.inp                                                             
                                                                        
Hall A 2018: 25 cm Deuterium target                                     
Nominal values - not exact                                              

----*----1----*----2----*----3----*----4----*----5----*----6----*----7--
                                                                        

TARGET (iZ,iA) = (  1,  1);   avgA =   1.000; amuM=  1.007; avgM=  0.938
 targ=TRITIUM; ttarg(rl)=0.00113; twall=0.00481; tbeam=0.00342; tspec=0.00732
         Nseg  =   4
 MODELS: P elastc(ikk)=14; deut elastic=13; inelastc=206; Pauli Supresion= 4
 NUCLEAR METHOD= 1;   NUCLEAR_MODEL= 1
 DIS MODEL= 2

    E1    TH    Q2 COS_K         SMR     NUC          INT-SMR
    EP     X    W2 QE-PK  INELA  Q-ELA  ELAST   TOTAL  MODEL

  10.589 17.743  3.05    3.96   13.02    0.00    4.03   17.05  1.000
   3.023  0.214 12.03    4.46   12.17    0.00    4.54   16.71 6.925E+00

  10.589 18.181  3.25    3.43   11.80    0.00    3.49   15.29  1.000
   3.077  0.231 11.72    3.85   10.64    0.00    3.90   14.54 6.121E+00

  10.589 18.829  3.51    3.00   10.60    0.00    3.04   13.64  1.000
   3.098  0.250 11.43    3.34    9.13    0.00    3.39   12.52 5.174E+00

  10.589 19.552  3.79    2.65    9.49    0.00    2.68   12.17  1.000
   3.101  0.269 11.15    2.94    7.74    0.00    2.98   10.72 4.314E+00

  10.589 20.188  4.05    2.35    8.44    0.00    2.38   10.82  1.000
   3.114  0.289 10.86    2.60    6.44    0.00    2.63    9.06 3.661E+00

  10.589 20.513  4.25    2.09    7.44    0.00    2.11    9.55  1.000
   3.165  0.305 10.56    2.30    5.17    0.00    2.32    7.50 3.302E+00

  10.589 20.927  4.47    1.88    6.50    0.00    1.90    8.40  1.000
   3.196  0.322 10.29    2.06    4.01    0.00    2.08    6.09 2.926E+00

  0.000 0.000  0.000 .000  0.00  0.00  0.00  0.00  0.00  0.00 0.000
                           0.00  0.00  0.00  0.00  0.00  0.00 0.000E+00

