EXTERNAL/TSAI:  VERSION OF 8/8/96

Marathon                                                                
H1_kin0.inp                                                             
                                                                        
Hall A 2018: 25 cm Deuterium target                                     
Nominal values - not exact                                              

----*----1----*----2----*----3----*----4----*----5----*----6----*----7--
                                                                        

TARGET (iZ,iA) = (  1,  1);   avgA =   1.000; amuM=  1.007; avgM=  0.938
 targ=TRITIUM; ttarg(rl)=0.00113; twall=0.00481; tbeam=0.00342; tspec=0.00732
         Nseg  =   4
 MODELS: P elastc(ikk)=14; deut elastic=13; inelastc=206; Pauli Supresion= 4
 NUCLEAR METHOD= 1;   NUCLEAR_MODEL= 1
 DIS MODEL= 2

    E1    TH    Q2 COS_K         SMR     NUC          INT-SMR
    EP     X    W2 QE-PK  INELA  Q-ELA  ELAST   TOTAL  MODEL

  10.589 15.281  2.25    6.22   17.05    0.00    6.40   23.44  1.000
   3.001  0.158 12.87    7.13   17.36    0.00    7.31   24.67 1.308E+01

  10.589 15.714  2.42    5.35   15.76    0.00    5.49   21.25  1.000
   3.063  0.172 12.58    6.11   15.71    0.00    6.25   21.96 1.153E+01

  10.589 16.407  2.67    4.56   14.37    0.00    4.66   19.04  1.000
   3.094  0.190 12.28    5.18   13.92    0.00    5.28   19.20 9.567E+00

  10.589 17.234  2.95    3.93   13.05    0.00    4.01   17.06  1.000
   3.097  0.209 11.99    4.44   12.23    0.00    4.51   16.74 7.732E+00

  10.589 17.950  3.21    3.42   11.81    0.00    3.47   15.29  1.000
   3.111  0.229 11.71    3.83   10.66    0.00    3.89   14.55 6.427E+00

  10.589 18.301  3.39    3.01   10.73    0.00    3.05   13.78  1.000
   3.165  0.243 11.42    3.36    9.30    0.00    3.40   12.70 5.795E+00

  10.589 18.768  3.61    2.63    9.58    0.00    2.66   12.25  1.000
   3.209  0.261 11.12    2.92    7.86    0.00    2.96   10.82 5.078E+00

  0.000 0.000  0.000 .000  0.00  0.00  0.00  0.00  0.00  0.00 0.000
                           0.00  0.00  0.00  0.00  0.00  0.00 0.000E+00

