EXTERNAL/TSAI:  VERSION OF 8/8/96

Marathon                                                                
H1_kin4.inp                                                             
                                                                        
Hall A 2018: 25 cm Deuterium target                                     
Nominal values - not exact                                              

----*----1----*----2----*----3----*----4----*----5----*----6----*----7--
                                                                        

TARGET (iZ,iA) = (  1,  1);   avgA =   1.000; amuM=  1.007; avgM=  0.938
 targ=TRITIUM; ttarg(rl)=0.00113; twall=0.00481; tbeam=0.00342; tspec=0.00732
         Nseg  =   4
 MODELS: P elastc(ikk)=14; deut elastic=13; inelastc=206; Pauli Supresion= 4
 NUCLEAR METHOD= 1;   NUCLEAR_MODEL= 1
 DIS MODEL= 2

    E1    TH    Q2 COS_K         SMR     NUC          INT-SMR
    EP     X    W2 QE-PK  INELA  Q-ELA  ELAST   TOTAL  MODEL

  10.589 20.377  3.96    2.69    9.44    0.00    2.72   12.16  1.000
   2.989  0.278 11.18    2.99    7.68    0.00    3.02   10.70 3.666E+00

  10.589 20.698  4.14    2.42    8.56    0.00    2.45   11.01  1.000
   3.030  0.292 10.92    2.68    6.59    0.00    2.71    9.29 3.333E+00

  10.589 21.127  4.38    2.13    7.46    0.00    2.16    9.61  1.000
   3.076  0.311 10.60    2.35    5.21    0.00    2.37    7.58 2.936E+00

  10.589 21.687  4.64    1.92    6.46    0.00    1.93    8.40  1.000
   3.094  0.330 10.31    2.10    3.97    0.00    2.11    6.09 2.525E+00

  10.589 22.319  4.91    1.74    5.51    0.00    1.75    7.26  1.000
   3.098  0.350 10.02    1.89    2.79    0.00    1.91    4.69 2.141E+00

  10.589 22.887  5.18    1.59    4.77    0.00    1.60    6.36  1.000
   3.108  0.369  9.74    1.72    1.86    0.00    1.74    3.60 1.821E+00

  10.589 23.227  5.41    1.44    3.99    0.00    1.45    5.43  1.000
   3.150  0.387  9.43    1.56    0.90    0.00    1.57    2.47 1.609E+00

  10.589 23.477  5.59    1.33    3.38    0.00    1.33    4.72  1.000
   3.190  0.403  9.17    1.43    0.13    0.00    1.44    1.57 1.455E+00

  0.000 0.000  0.000 .000  0.00  0.00  0.00  0.00  0.00  0.00 0.000
                           0.00  0.00  0.00  0.00  0.00  0.00 0.000E+00

