EXTERNAL/TSAI:  VERSION OF 8/8/96

Marathon                                                                
D2_kin0.inp                                                             
                                                                        
Hall A 2018: 25 cm Deuterium target                                     
Nominal values - not exact                                              

----*----1----*----2----*----3----*----4----*----5----*----6----*----7--
                                                                        

TARGET (iZ,iA) = (  1,  2);   avgA =   2.000; amuM=  2.013; avgM=  1.875
 targ=TRITIUM; ttarg(rl)=0.00114; twall=0.00481; tbeam=0.00342; tspec=0.00732
         Nseg  =   4
 MODELS: P elastc(ikk)=14; deut elastic=13; inelastc=206; Pauli Supresion= 4
 NUCLEAR METHOD= 1;   NUCLEAR_MODEL= 1
 DIS MODEL= 1

    E1    TH    Q2 COS_K         SMR     NUC          INT-SMR
    EP     X    W2 QE-PK  INELA  Q-ELA  ELAST   TOTAL  MODEL

 Deut Elastic Model: ia,iamec,rsc,rscmec (1,2,3,4)=  3
 TJON DEUT ELASTIC FILESS TO BE OPEN=rscctj.tjon_input   rscqtj.tjon_input   rscmtj.tjon_input   
  10.590 22.546  2.80   10.96   25.42   10.86    0.36   36.64  0.935
   1.733  0.169 14.70   12.92   26.81   12.03    0.37   39.21 6.286E+00

  10.590 18.189  2.80    4.70   16.82    4.00    0.12   20.94  0.959
   2.650  0.188 12.98    5.39   16.68    4.38    0.13   21.19 1.111E+01

  10.590 16.055  2.80    2.70   12.22    2.09    0.06   14.37  0.969
   3.395  0.208 11.58    3.04   11.09    2.28    0.06   13.42 1.615E+01

  10.590 14.760  2.80    1.80    9.10    1.33    0.03   10.46  0.976
   4.013  0.227 10.42    2.01    7.14    1.45    0.03    8.63 2.126E+01

  0.000 0.000  0.000 .000  0.00  0.00  0.00  0.00  0.00  0.00 0.000
                           0.00  0.00  0.00  0.00  0.00  0.00 0.000E+00

