EXTERNAL/TSAI:  VERSION OF 8/8/96

Marathon                                                                
D2_kin9.inp                                                             
                                                                        
Hall A 2018: 25 cm Deuterium target                                     
Nominal values - not exact                                              

----*----1----*----2----*----3----*----4----*----5----*----6----*----7--
                                                                        

TARGET (iZ,iA) = (  1,  2);   avgA =   2.000; amuM=  2.013; avgM=  1.875
 targ=TRITIUM; ttarg(rl)=0.00114; twall=0.00481; tbeam=0.00342; tspec=0.00732
         Nseg  =   4
 MODELS: P elastc(ikk)=14; deut elastic=13; inelastc=206; Pauli Supresion= 4
 NUCLEAR METHOD= 1;   NUCLEAR_MODEL= 1
 DIS MODEL= 1

    E1    TH    Q2 COS_K         SMR     NUC          INT-SMR
    EP     X    W2 QE-PK  INELA  Q-ELA  ELAST   TOTAL  MODEL

 Deut Elastic Model: ia,iamec,rsc,rscmec (1,2,3,4)=  3
 TJON DEUT ELASTIC FILESS TO BE OPEN=rscctj.tjon_input   rscqtj.tjon_input   rscmtj.tjon_input   
  10.590 34.155  7.56    2.22    4.80    1.33    0.00    6.14  0.942
   2.069  0.473  9.31    2.42    1.86    1.46    0.00    3.32 4.519E-01

  10.590 31.381  7.56    1.53    2.44    0.81    0.00    3.25  0.932
   2.440  0.494  8.62    1.64   -1.02    0.88    0.00   -0.14 5.153E-01

  10.590 29.354  7.56    1.13    0.61    0.55    0.00    1.17  0.924
   2.780  0.516  7.98    1.21   -3.30    0.60    0.00   -2.70 5.632E-01

  10.590 27.800  7.56    0.89   -0.93    0.41    0.00   -0.52  0.917
   3.092  0.537  7.39    0.94   -5.25    0.45    0.00   -4.80 5.965E-01

  10.590 26.564  7.56    0.72   -2.27    0.34    0.00   -1.94  0.915
   3.381  0.559  6.85    0.77   -6.97    0.37    0.00   -6.61 6.160E-01

  10.590 25.556  7.56    0.62   -3.48    0.29    0.00   -3.19  0.912
   3.648  0.580  6.35    0.65   -8.54    0.32    0.00   -8.22 6.226E-01

  0.000 0.000  0.000 .000  0.00  0.00  0.00  0.00  0.00  0.00 0.000
                           0.00  0.00  0.00  0.00  0.00  0.00 0.000E+00

