EXTERNAL/TSAI:  VERSION OF 8/8/96

Marathon                                                                
D2_kin11.inp                                                            
                                                                        
Hall A 2018: 25 cm Deuterium target                                     
Nominal values - not exact                                              

----*----1----*----2----*----3----*----4----*----5----*----6----*----7--
                                                                        

TARGET (iZ,iA) = (  1,  2);   avgA =   2.000; amuM=  2.013; avgM=  1.875
 targ=TRITIUM; ttarg(rl)=0.00114; twall=0.00481; tbeam=0.00342; tspec=0.00732
         Nseg  =   4
 MODELS: P elastc(ikk)=14; deut elastic=13; inelastc=206; Pauli Supresion= 4
 NUCLEAR METHOD= 1;   NUCLEAR_MODEL= 1
 DIS MODEL= 1

    E1    TH    Q2 COS_K         SMR     NUC          INT-SMR
    EP     X    W2 QE-PK  INELA  Q-ELA  ELAST   TOTAL  MODEL

 Deut Elastic Model: ia,iamec,rsc,rscmec (1,2,3,4)=  3
 TJON DEUT ELASTIC FILESS TO BE OPEN=rscctj.tjon_input   rscqtj.tjon_input   rscmtj.tjon_input   
  10.590 36.664  8.69    1.84    2.16    1.02    0.00    3.18  0.929
   2.073  0.544  8.18    1.98   -1.33    1.11    0.00   -0.22 2.341E-01

  10.590 34.491  8.69    1.40    0.57    0.71    0.00    1.28  0.921
   2.333  0.561  7.69    1.50   -3.28    0.78    0.00   -2.50 2.505E-01

  10.590 32.765  8.69    1.12   -0.77    0.54    0.00   -0.22  0.916
   2.578  0.578  7.23    1.19   -4.94    0.59    0.00   -4.35 2.618E-01

  10.590 31.355  8.69    0.93   -1.95    0.44    0.00   -1.52  0.913
   2.809  0.595  6.80    0.98   -6.42    0.47    0.00   -5.95 2.685E-01

  10.590 30.178  8.69    0.79   -3.00    0.37    0.00   -2.63  0.910
   3.026  0.612  6.39    0.83   -7.75    0.40    0.00   -7.35 2.709E-01

  10.590 29.179  8.69    0.69   -3.95    0.33    0.00   -3.62  0.910
   3.232  0.629  6.00    0.73   -8.98    0.35    0.00   -8.62 2.694E-01

  10.590 28.319  8.69    0.61   -4.85    0.30    0.00   -4.55  0.911
   3.427  0.646  5.63    0.65  -10.12    0.33    0.00   -9.80 2.646E-01

  10.590 27.570  8.69    0.56   -5.68    0.29    0.00   -5.39  0.916
   3.612  0.663  5.29    0.60  -11.20    0.31    0.00  -10.88 2.569E-01

  0.000 0.000  0.000 .000  0.00  0.00  0.00  0.00  0.00  0.00 0.000
                           0.00  0.00  0.00  0.00  0.00  0.00 0.000E+00

