EXTERNAL/TSAI:  VERSION OF 8/8/96

Marathon                                                                
H1_kin3.inp                                                             
                                                                        
Hall A 2018: 25 cm Deuterium target                                     
Nominal values - not exact                                              

----*----1----*----2----*----3----*----4----*----5----*----6----*----7--
                                                                        

TARGET (iZ,iA) = (  1,  1);   avgA =   1.000; amuM=  1.007; avgM=  0.938
 targ=TRITIUM; ttarg(rl)=0.00113; twall=0.00481; tbeam=0.00342; tspec=0.00732
         Nseg  =   4
 MODELS: P elastc(ikk)=14; deut elastic=13; inelastc=206; Pauli Supresion= 4
 NUCLEAR METHOD= 1;   NUCLEAR_MODEL= 1
 DIS MODEL=**

    E1    TH    Q2 COS_K         SMR     NUC          INT-SMR
    EP     X    W2 QE-PK  INELA  Q-ELA  ELAST   TOTAL  MODEL

  10.589 18.922  3.41    3.69   12.90    0.00    3.75   16.65  1.000
   2.983  0.239 11.74    4.14   11.94    0.00    4.20   16.14 4.857E+00

  10.589 19.260  3.59    3.29   11.87    0.00    3.33   15.20  1.000
   3.027  0.253 11.48    3.67   10.65    0.00    3.72   14.37 4.422E+00

  10.589 19.705  3.82    2.86   10.64    0.00    2.89   13.53  1.000
   3.077  0.271 11.16    3.18    9.11    0.00    3.21   12.32 3.907E+00

  10.589 20.308  4.08    2.53    9.51    0.00    2.56   12.06  1.000
   3.096  0.290 10.87    2.79    7.70    0.00    2.82   10.53 3.344E+00

  10.589 20.979  4.35    2.26    8.48    0.00    2.28   10.77  1.000
   3.099  0.310 10.58    2.49    6.44    0.00    2.51    8.95 2.824E+00

  10.589 21.584  4.62    2.03    7.46    0.00    2.05    9.51  1.000
   3.110  0.329 10.30    2.23    5.16    0.00    2.24    7.40 2.411E+00

  10.589 21.913  4.83    1.81    6.49    0.00    1.83    8.32  1.000
   3.157  0.346 10.00    1.98    3.95    0.00    1.99    5.95 2.164E+00

  10.589 22.190  5.02    1.65    5.69    0.00    1.66    7.35  1.000
   3.198  0.362  9.73    1.79    2.95    0.00    1.81    4.75 1.968E+00

  0.000 0.000  0.000 .000  0.00  0.00  0.00  0.00  0.00  0.00 0.000
                           0.00  0.00  0.00  0.00  0.00  0.00 0.000E+00

