EXTERNAL/TSAI:  VERSION OF 8/8/96

Marathon                                                                
H1_kin2.inp                                                             
                                                                        
Hall A 2018: 25 cm Deuterium target                                     
Nominal values - not exact                                              

----*----1----*----2----*----3----*----4----*----5----*----6----*----7--
                                                                        

TARGET (iZ,iA) = (  1,  1);   avgA =   1.000; amuM=  1.007; avgM=  0.938
 targ=TRITIUM; ttarg(rl)=0.00113; twall=0.00481; tbeam=0.00342; tspec=0.00732
         Nseg  =   4
 MODELS: P elastc(ikk)=14; deut elastic=13; inelastc=206; Pauli Supresion= 4
 NUCLEAR METHOD= 1;   NUCLEAR_MODEL= 1
 DIS MODEL=**

    E1    TH    Q2 COS_K         SMR     NUC          INT-SMR
    EP     X    W2 QE-PK  INELA  Q-ELA  ELAST   TOTAL  MODEL

  10.589 17.743  3.05    4.28   14.36    0.00    4.36   18.72  1.000
   3.023  0.214 12.03    4.83   13.80    0.00    4.91   18.71 6.401E+00

  10.589 18.181  3.25    3.70   13.04    0.00    3.76   16.80  1.000
   3.077  0.231 11.72    4.14   12.15    0.00    4.21   16.35 5.680E+00

  10.589 18.829  3.51    3.22   11.78    0.00    3.26   15.05  1.000
   3.098  0.250 11.43    3.59   10.55    0.00    3.64   14.19 4.817E+00

  10.589 19.552  3.79    2.84   10.61    0.00    2.87   13.49  1.000
   3.101  0.269 11.15    3.15    9.08    0.00    3.19   12.27 4.026E+00

  10.589 20.188  4.05    2.52    9.50    0.00    2.54   12.04  1.000
   3.114  0.289 10.86    2.78    7.69    0.00    2.81   10.50 3.424E+00

  10.589 20.513  4.25    2.23    8.49    0.00    2.25   10.74  1.000
   3.165  0.305 10.56    2.46    6.44    0.00    2.48    8.92 3.094E+00

  10.589 20.927  4.47    2.00    7.52    0.00    2.02    9.55  1.000
   3.196  0.322 10.29    2.20    5.23    0.00    2.22    7.44 2.746E+00

  0.000 0.000  0.000 .000  0.00  0.00  0.00  0.00  0.00  0.00 0.000
                           0.00  0.00  0.00  0.00  0.00  0.00 0.000E+00

