EXTERNAL/TSAI:  VERSION OF 8/8/96

Marathon                                                                
D2_kin11.inp                                                            
                                                                        
Hall A 2018: 25 cm Deuterium target                                     
Nominal values - not exact                                              

----*----1----*----2----*----3----*----4----*----5----*----6----*----7--
                                                                        

TARGET (iZ,iA) = (  1,  2);   avgA =   2.000; amuM=  2.013; avgM=  1.875
 targ=TRITIUM; ttarg(rl)=0.00114; twall=0.00481; tbeam=0.00342; tspec=0.00732
         Nseg  =   4
 MODELS: P elastc(ikk)=14; deut elastic=13; inelastc=206; Pauli Supresion= 4
 NUCLEAR METHOD= 1;   NUCLEAR_MODEL= 1
 DIS MODEL=**

    E1    TH    Q2 COS_K         SMR     NUC          INT-SMR
    EP     X    W2 QE-PK  INELA  Q-ELA  ELAST   TOTAL  MODEL

 Deut Elastic Model: ia,iamec,rsc,rscmec (1,2,3,4)=  3
 TJON DEUT ELASTIC FILESS TO BE OPEN=rscctj.tjon_input   rscqtj.tjon_input   rscmtj.tjon_input   
  10.589 28.337  7.61    0.93   -0.54    0.44    0.00   -0.10  0.918
   2.998  0.534  7.52    0.99   -4.65    0.48    0.00   -4.17 5.751E-01

  10.589 28.619  7.82    0.88   -1.14    0.41    0.00   -0.73  0.915
   3.023  0.551  7.26    0.94   -5.37    0.45    0.00   -4.93 5.008E-01

  10.589 28.936  8.07    0.83   -1.81    0.39    0.00   -1.43  0.913
   3.051  0.570  6.96    0.88   -6.20    0.42    0.00   -5.77 4.255E-01

  10.589 29.254  8.32    0.79   -2.48    0.36    0.00   -2.11  0.910
   3.079  0.590  6.66    0.83   -7.00    0.40    0.00   -6.61 3.586E-01

  10.589 29.637  8.58    0.75   -3.10    0.35    0.00   -2.75  0.910
   3.095  0.610  6.37    0.80   -7.75    0.38    0.00   -7.37 2.984E-01

  10.589 30.082  8.85    0.72   -3.68    0.34    0.00   -3.34  0.909
   3.101  0.629  6.09    0.77   -8.46    0.37    0.00   -8.09 2.449E-01

  10.589 30.497  9.11    0.70   -4.27    0.33    0.00   -3.93  0.910
   3.110  0.649  5.80    0.74   -9.16    0.36    0.00   -8.80 2.006E-01

  10.589 30.754  9.35    0.67   -4.88    0.33    0.00   -4.55  0.913
   3.139  0.669  5.51    0.71   -9.92    0.36    0.00   -9.56 1.662E-01

  10.589 31.006  9.58    0.65   -5.48    0.33    0.00   -5.15  0.917
   3.167  0.688  5.23    0.69  -10.64    0.36    0.00  -10.28 1.375E-01

  10.589 31.213  9.78    0.63   -6.01    0.33    0.00   -5.68  0.921
   3.191  0.705  4.98    0.67  -11.29    0.36    0.00  -10.92 1.158E-01

  10.589 31.585 10.01    0.63   -6.48    0.34    0.00   -6.14  0.928
   3.192  0.721  4.75    0.67  -11.84    0.37    0.00  -11.47 9.540E-02

  0.000 0.000  0.000 .000  0.00  0.00  0.00  0.00  0.00  0.00 0.000
                           0.00  0.00  0.00  0.00  0.00  0.00 0.000E+00

