EXTERNAL/TSAI:  VERSION OF 8/8/96

Marathon                                                                
H1_kin3.inp                                                             
                                                                        
Hall A 2018: 25 cm Deuterium target                                     
Nominal values - not exact                                              

----*----1----*----2----*----3----*----4----*----5----*----6----*----7--
                                                                        

TARGET (iZ,iA) = (  1,  1);   avgA =   1.000; amuM=  1.007; avgM=  0.938
 targ=TRITIUM; ttarg(rl)=0.00113; twall=0.00481; tbeam=0.00342; tspec=0.00732
         Nseg  =   4
 MODELS: P elastc(ikk)=14; deut elastic=13; inelastc=206; Pauli Supresion= 4
 NUCLEAR METHOD= 1;   NUCLEAR_MODEL= 1
 DIS MODEL=**

    E1    TH    Q2 COS_K         SMR     NUC          INT-SMR
    EP     X    W2 QE-PK  INELA  Q-ELA  ELAST   TOTAL  MODEL

  10.589 18.922  3.41    3.69   15.52    0.00    3.75   19.27  1.000
   2.983  0.239 11.74    4.14   14.83    0.00    4.19   19.02 4.859E+00

  10.589 19.260  3.59    3.29   14.20    0.00    3.33   17.53  1.000
   3.027  0.253 11.48    3.67   13.22    0.00    3.71   16.93 4.424E+00

  10.589 19.705  3.82    2.86   12.65    0.00    2.89   15.55  1.000
   3.077  0.271 11.16    3.17   11.33    0.00    3.21   14.54 3.909E+00

  10.589 20.308  4.08    2.53   11.28    0.00    2.55   13.83  1.000
   3.096  0.290 10.87    2.79    9.65    0.00    2.82   12.47 3.347E+00

  10.589 20.979  4.35    2.26   10.02    0.00    2.28   12.30  1.000
   3.099  0.310 10.58    2.49    8.11    0.00    2.51   10.62 2.826E+00

  10.589 21.584  4.62    2.03    8.84    0.00    2.05   10.89  1.000
   3.110  0.329 10.30    2.22    6.67    0.00    2.24    8.91 2.413E+00

  10.589 21.913  4.83    1.81    7.71    0.00    1.83    9.54  1.000
   3.157  0.346 10.00    1.98    5.30    0.00    1.99    7.29 2.166E+00

  10.589 22.190  5.02    1.65    6.79    0.00    1.66    8.45  1.000
   3.198  0.362  9.73    1.79    4.16    0.00    1.80    5.96 1.970E+00

  0.000 0.000  0.000 .000  0.00  0.00  0.00  0.00  0.00  0.00 0.000
                           0.00  0.00  0.00  0.00  0.00  0.00 0.000E+00

