EXTERNAL/TSAI:  VERSION OF 8/8/96

Marathon                                                                
He3_kin15.inp                                                           
                                                                        
Hall A 2018: 25 cm He3 target                                           
Nominal values - not exact                                              

----*----1----*----2----*----3----*----4----*----5----*----6----*----7--
                                                                        

TARGET (iZ,iA) = (  2,  3);   avgA =   3.000; amuM=  3.016; avgM=  2.809
 targ=TRITIUM; ttarg(rl)=0.00075; twall=0.00481; tbeam=0.00342; tspec=0.00732
         Nseg  =   4
 MODELS: P elastc(ikk)=14; deut elastic=13; inelastc=206; Pauli Supresion= 4
 NUCLEAR METHOD= 1;   NUCLEAR_MODEL= 1
 DIS MODEL=**

    E1    TH    Q2 COS_K         SMR     NUC          INT-SMR
    EP     X    W2 QE-PK  INELA  Q-ELA  ELAST   TOTAL  MODEL

  10.589 32.030  9.63    0.74   -4.57    0.35    0.00   -4.22  0.889
   2.988  0.675  5.51    0.78   -9.43    0.38    0.00   -9.05 2.245E-01

  10.589 32.260  9.83    0.71   -5.08    0.36    0.00   -4.72  0.916
   3.008  0.691  5.27    0.76  -10.03    0.39    0.00   -9.64 1.917E-01

  10.589 32.551 10.08    0.69   -5.69    0.38    0.00   -5.32  0.957
   3.030  0.711  4.99    0.73  -10.76    0.40    0.00  -10.36 1.566E-01

  10.589 32.824 10.32    0.67   -6.31    0.40    0.00   -5.91  1.011
   3.054  0.730  4.70    0.72  -11.50    0.43    0.00  -11.07 1.270E-01

  10.589 33.099 10.57    0.66   -6.95    0.44    0.00   -6.50  1.081
   3.077  0.750  4.40    0.71  -12.25    0.47    0.00  -11.78 1.018E-01

  10.589 33.412 10.83    0.66   -7.57    0.50    0.00   -7.07  1.167
   3.093  0.770  4.12    0.71  -12.98    0.53    0.00  -12.45 8.081E-02

  10.589 33.777 11.09    0.67   -8.20    0.58    0.00   -7.62  1.270
   3.102  0.789  3.84    0.72  -13.71    0.61    0.00  -13.10 6.323E-02

  10.589 34.154 11.36    0.69   -8.88    0.70    0.00   -8.18  1.395
   3.109  0.809  3.56    0.75  -14.49    0.73    0.00  -13.77 4.889E-02

  10.589 34.390 11.60    0.72   -9.65    0.86    0.00   -8.79  1.549
   3.133  0.829  3.27    0.79  -15.38    0.89    0.00  -14.49 3.801E-02

  10.589 34.559 11.78    0.76  -10.28    1.02    0.00   -9.26  1.678
   3.151  0.844  3.06    0.84  -16.10    1.05    0.00  -15.06 3.134E-02

  0.000 0.000  0.000 .000  0.00  0.00  0.00  0.00  0.00  0.00 0.000
                           0.00  0.00  0.00  0.00  0.00  0.00 0.000E+00

