EXTERNAL/TSAI:  VERSION OF 8/8/96

Marathon                                                                
He3_kin2.inp                                                            
                                                                        
Hall A 2018: 25 cm He3 target                                           
Nominal values - not exact                                              

----*----1----*----2----*----3----*----4----*----5----*----6----*----7--
                                                                        

TARGET (iZ,iA) = (  2,  3);   avgA =   3.000; amuM=  3.016; avgM=  2.809
 targ=TRITIUM; ttarg(rl)=0.00075; twall=0.00481; tbeam=0.00342; tspec=0.00732
         Nseg  =   4
 MODELS: P elastc(ikk)=14; deut elastic=13; inelastc=206; Pauli Supresion= 4
 NUCLEAR METHOD= 1;   NUCLEAR_MODEL= 1
 DIS MODEL=**

    E1    TH    Q2 COS_K         SMR     NUC          INT-SMR
    EP     X    W2 QE-PK  INELA  Q-ELA  ELAST   TOTAL  MODEL

  10.589 17.745  3.05    3.53   15.73    2.36    0.12   18.21  0.835
   3.023  0.215 12.03    3.97   15.05    2.57    0.12   17.74 1.775E+01

  10.589 18.185  3.25    3.09   14.14    2.00    0.09   16.23  0.840
   3.076  0.231 11.73    3.45   13.12    2.18    0.09   15.38 1.563E+01

  10.589 18.831  3.51    2.72   12.64    1.71    0.06   14.41  0.844
   3.097  0.250 11.43    3.03   11.28    1.86    0.06   13.20 1.315E+01

  10.589 19.560  3.79    2.43   11.27    1.48    0.04   12.79  0.846
   3.100  0.270 11.15    2.69    9.61    1.61    0.04   11.25 1.088E+01

  10.589 20.190  4.05    2.19   10.01    1.28    0.03   11.33  0.847
   3.112  0.289 10.86    2.41    8.08    1.40    0.03    9.50 9.188E+00

  10.589 20.517  4.25    1.96    8.86    1.11    0.02    9.99  0.848
   3.164  0.305 10.56    2.15    6.67    1.21    0.02    7.89 8.241E+00

  10.589 20.903  4.47    1.76    7.72    0.96    0.01    8.70  0.847
   3.208  0.323 10.26    1.92    5.28    1.05    0.01    6.34 7.271E+00

  0.000 0.000  0.000 .000  0.00  0.00  0.00  0.00  0.00  0.00 0.000
                           0.00  0.00  0.00  0.00  0.00  0.00 0.000E+00

