EXTERNAL/TSAI:  VERSION OF 8/8/96

Marathon                                                                
D2_kin5.inp                                                             
                                                                        
Hall A 2018: 25 cm Deuterium target                                     
Nominal values - not exact                                              

----*----1----*----2----*----3----*----4----*----5----*----6----*----7--
                                                                        

TARGET (iZ,iA) = (  1,  2);   avgA =   2.000; amuM=  2.013; avgM=  1.875
 targ=TRITIUM; ttarg(rl)=0.00114; twall=0.00481; tbeam=0.00342; tspec=0.00732
         Nseg  =   4
 MODELS: P elastc(ikk)=14; deut elastic=13; inelastc=206; Pauli Supresion= 4
 NUCLEAR METHOD= 1;   NUCLEAR_MODEL= 1
 DIS MODEL=**

    E1    TH    Q2 COS_K         SMR     NUC          INT-SMR
    EP     X    W2 QE-PK  INELA  Q-ELA  ELAST   TOTAL  MODEL

 Deut Elastic Model: ia,iamec,rsc,rscmec (1,2,3,4)=  3
 TJON DEUT ELASTIC FILESS TO BE OPEN=rscctj.tjon_input   rscqtj.tjon_input   rscmtj.tjon_input   
  10.589 21.705  4.50    1.89    8.79    1.23    0.02   10.03  0.964
   2.999  0.316 10.62    2.09    6.60    1.34    0.02    7.96 4.045E+00

  10.589 22.026  4.70    1.73    7.82    1.09    0.01    8.92  0.962
   3.038  0.331 10.35    1.90    5.42    1.19    0.01    6.62 3.636E+00

  10.589 22.448  4.94    1.57    6.72    0.95    0.01    7.68  0.959
   3.078  0.350 10.04    1.71    4.08    1.03    0.01    5.13 3.168E+00

  10.589 22.975  5.20    1.44    5.75    0.84    0.01    6.59  0.955
   3.096  0.370  9.74    1.57    2.90    0.91    0.01    3.82 2.707E+00

  10.589 23.564  5.48    1.34    4.85    0.75    0.01    5.61  0.950
   3.100  0.390  9.46    1.45    1.81    0.82    0.01    2.63 2.283E+00

  10.589 24.106  5.74    1.24    4.00    0.67    0.00    4.68  0.945
   3.109  0.409  9.17    1.35    0.77    0.74    0.00    1.51 1.938E+00

  10.589 24.429  5.97    1.15    3.13    0.60    0.00    3.73  0.941
   3.150  0.428  8.87    1.23   -0.29    0.65    0.00    0.37 1.700E+00

  10.589 24.677  6.16    1.07    2.40    0.55    0.00    2.95  0.937
   3.187  0.444  8.61    1.15   -1.18    0.59    0.00   -0.58 1.522E+00

  0.000 0.000  0.000 .000  0.00  0.00  0.00  0.00  0.00  0.00 0.000
                           0.00  0.00  0.00  0.00  0.00  0.00 0.000E+00

