EXTERNAL/TSAI:  VERSION OF 8/8/96

Marathon                                                                
D2_kin9.inp                                                             
                                                                        
Hall A 2018: 25 cm Deuterium target                                     
Nominal values - not exact                                              

----*----1----*----2----*----3----*----4----*----5----*----6----*----7--
                                                                        

TARGET (iZ,iA) = (  1,  2);   avgA =   2.000; amuM=  2.013; avgM=  1.875
 targ=TRITIUM; ttarg(rl)=0.00114; twall=0.00481; tbeam=0.00342; tspec=0.00732
         Nseg  =   4
 MODELS: P elastc(ikk)=14; deut elastic=13; inelastc=206; Pauli Supresion= 4
 NUCLEAR METHOD= 1;   NUCLEAR_MODEL= 1
 DIS MODEL=**

    E1    TH    Q2 COS_K         SMR     NUC          INT-SMR
    EP     X    W2 QE-PK  INELA  Q-ELA  ELAST   TOTAL  MODEL

 Deut Elastic Model: ia,iamec,rsc,rscmec (1,2,3,4)=  3
 TJON DEUT ELASTIC FILESS TO BE OPEN=rscctj.tjon_input   rscqtj.tjon_input   rscmtj.tjon_input   
  10.589 26.211  6.51    1.15    2.51    0.59    0.00    3.09  0.934
   2.990  0.457  8.63    1.24   -1.00    0.64    0.00   -0.36 1.157E+00

  10.589 26.472  6.70    1.09    1.86    0.54    0.00    2.41  0.931
   3.018  0.472  8.39    1.16   -1.79    0.59    0.00   -1.20 1.035E+00

  10.589 26.810  6.94    1.01    1.09    0.49    0.00    1.58  0.926
   3.049  0.491  8.09    1.08   -2.73    0.54    0.00   -2.19 8.948E-01

  10.589 27.156  7.19    0.94    0.33    0.45    0.00    0.78  0.923
   3.080  0.510  7.78    1.01   -3.66    0.49    0.00   -3.17 7.676E-01

  10.589 27.573  7.45    0.89   -0.37    0.42    0.00    0.05  0.919
   3.096  0.530  7.49    0.95   -4.50    0.45    0.00   -4.04 6.500E-01

  10.589 28.073  7.72    0.85   -1.02    0.39    0.00   -0.62  0.916
   3.100  0.550  7.21    0.90   -5.28    0.43    0.00   -4.85 5.409E-01

  10.589 28.518  7.99    0.81   -1.67    0.37    0.00   -1.29  0.913
   3.110  0.569  6.92    0.86   -6.07    0.41    0.00   -5.66 4.514E-01

  10.589 28.804  8.23    0.76   -2.34    0.35    0.00   -1.98  0.911
   3.140  0.589  6.63    0.81   -6.88    0.38    0.00   -6.50 3.832E-01

  10.589 29.014  8.44    0.72   -2.98    0.34    0.00   -2.65  0.910
   3.177  0.607  6.34    0.76   -7.67    0.37    0.00   -7.30 3.287E-01

  10.589 29.263  8.65    0.69   -3.52    0.33    0.00   -3.20  0.911
   3.200  0.624  6.10    0.73   -8.33    0.36    0.00   -7.97 2.830E-01

  0.000 0.000  0.000 .000  0.00  0.00  0.00  0.00  0.00  0.00 0.000
                           0.00  0.00  0.00  0.00  0.00  0.00 0.000E+00

