EXTERNAL/TSAI:  VERSION OF 8/8/96

Marathon                                                                
H3_kin5.inp                                                             
                                                                        
Hall A 2018: 25 cm Tritium target                                       
Nominal values - not exact                                              

----*----1----*----2----*----3----*----4----*----5----*----6----*----7--
                                                                        

TARGET (iZ,iA) = (  1,  3);   avgA =   3.000; amuM=  3.016; avgM=  2.809
 targ=TRITIUM; ttarg(rl)=0.00042; twall=0.00481; tbeam=0.00342; tspec=0.00732
         Nseg  =   4
 MODELS: P elastc(ikk)=14; deut elastic=13; inelastc=206; Pauli Supresion= 4
 NUCLEAR METHOD= 1;   NUCLEAR_MODEL= 1
 DIS MODEL=**

    E1    TH    Q2 COS_K         SMR     NUC          INT-SMR
    EP     X    W2 QE-PK  INELA  Q-ELA  ELAST   TOTAL  MODEL

  10.589 21.706  4.50    1.72    8.16    1.02    0.02    9.19  0.865
   3.000  0.316 10.62    1.88    5.76    1.10    0.02    6.88 5.596E+00

  10.589 22.031  4.70    1.58    7.23    0.90    0.01    8.15  0.861
   3.038  0.331 10.35    1.73    4.64    0.97    0.01    5.63 5.010E+00

  10.589 22.438  4.94    1.44    6.18    0.79    0.01    6.98  0.855
   3.079  0.350 10.04    1.57    3.37    0.85    0.01    4.22 4.358E+00

  10.589 22.969  5.20    1.34    5.23    0.70    0.01    5.94  0.847
   3.096  0.370  9.74    1.45    2.23    0.75    0.01    2.99 3.703E+00

  10.589 23.569  5.48    1.25    4.37    0.63    0.00    5.01  0.840
   3.099  0.390  9.46    1.35    1.19    0.68    0.00    1.87 3.104E+00

  10.589 24.103  5.74    1.17    3.54    0.56    0.00    4.10  0.831
   3.110  0.409  9.17    1.26    0.18    0.61    0.00    0.79 2.623E+00

  10.589 24.436  5.97    1.09    2.69    0.50    0.00    3.20  0.824
   3.148  0.428  8.87    1.16   -0.84    0.54    0.00   -0.30 2.288E+00

  10.589 24.670  6.16    1.02    1.98    0.46    0.00    2.44  0.818
   3.188  0.444  8.61    1.09   -1.70    0.49    0.00   -1.21 2.045E+00

  0.000 0.000  0.000 .000  0.00  0.00  0.00  0.00  0.00  0.00 0.000
                           0.00  0.00  0.00  0.00  0.00  0.00 0.000E+00

