EXTERNAL/TSAI:  VERSION OF 8/8/96

Marathon                                                                
H3_kin2.inp                                                             
                                                                        
Hall A 2018: 25 cm Tritium target                                       
Nominal values - not exact                                              

----*----1----*----2----*----3----*----4----*----5----*----6----*----7--
                                                                        

TARGET (iZ,iA) = (  1,  3);   avgA =   3.000; amuM=  3.016; avgM=  2.809
 targ=TRITIUM; ttarg(rl)=0.00042; twall=0.00481; tbeam=0.00342; tspec=0.00732
         Nseg  =   4
 MODELS: P elastc(ikk)=14; deut elastic=13; inelastc=206; Pauli Supresion= 4
 NUCLEAR METHOD= 1;   NUCLEAR_MODEL= 1
 DIS MODEL=**

    E1    TH    Q2 COS_K         SMR     NUC          INT-SMR
    EP     X    W2 QE-PK  INELA  Q-ELA  ELAST   TOTAL  MODEL

  10.589 17.744  3.05    2.73   14.49    1.97    0.14   16.60  0.874
   3.023  0.215 12.03    3.06   13.43    2.14    0.14   15.70 1.585E+01

  10.589 18.183  3.25    2.42   13.02    1.70    0.10   14.82  0.877
   3.077  0.231 11.72    2.70   11.65    1.83    0.10   13.58 1.386E+01

  10.589 18.830  3.51    2.17   11.64    1.47    0.07   13.17  0.877
   3.097  0.250 11.43    2.41    9.97    1.59    0.07   11.62 1.157E+01

  10.589 19.556  3.79    1.97   10.38    1.28    0.05   11.71  0.876
   3.100  0.270 11.15    2.18    8.44    1.38    0.05    9.87 9.499E+00

  10.589 20.187  4.05    1.80    9.20    1.12    0.03   10.35  0.874
   3.114  0.289 10.86    1.98    7.01    1.21    0.03    8.26 7.961E+00

  10.589 20.516  4.25    1.63    8.12    0.98    0.02    9.12  0.870
   3.164  0.305 10.56    1.79    5.70    1.05    0.02    6.78 7.098E+00

  10.589 20.889  4.47    1.48    7.07    0.85    0.02    7.94  0.865
   3.208  0.322 10.27    1.62    4.43    0.92    0.02    5.36 6.249E+00

  0.000 0.000  0.000 .000  0.00  0.00  0.00  0.00  0.00  0.00 0.000
                           0.00  0.00  0.00  0.00  0.00  0.00 0.000E+00

