EXTERNAL/TSAI:  VERSION OF 8/8/96

Marathon                                                                
D2_kin4.inp                                                             
                                                                        
Hall A 2018: 25 cm Deuterium target                                     
Nominal values - not exact                                              

----*----1----*----2----*----3----*----4----*----5----*----6----*----7--
                                                                        

TARGET (iZ,iA) = (  1,  2);   avgA =   2.000; amuM=  2.013; avgM=  1.875
 targ=TRITIUM; ttarg(rl)=0.00114; twall=0.00481; tbeam=0.00342; tspec=0.00732
         Nseg  =   4
 MODELS: P elastc(ikk)=14; deut elastic=13; inelastc=206; Pauli Supresion= 4
 NUCLEAR METHOD= 1;   NUCLEAR_MODEL= 1
 DIS MODEL=**

    E1    TH    Q2 COS_K         SMR     NUC          INT-SMR
    EP     X    W2 QE-PK  INELA  Q-ELA  ELAST   TOTAL  MODEL

 Deut Elastic Model: ia,iamec,rsc,rscmec (1,2,3,4)=  3
 TJON DEUT ELASTIC FILESS TO BE OPEN=rscctj.tjon_input   rscqtj.tjon_input   rscmtj.tjon_input   
  10.589 20.375  3.96    2.28   11.08    1.60    0.03   12.70  0.969
   2.990  0.278 11.18    2.54    9.39    1.75    0.03   11.16 5.732E+00

  10.589 20.698  4.14    2.08   10.03    1.41    0.02   11.46  0.966
   3.030  0.292 10.92    2.30    8.11    1.54    0.02    9.68 5.180E+00

  10.589 21.127  4.38    1.85    8.79    1.21    0.02   10.01  0.966
   3.076  0.311 10.60    2.05    6.60    1.32    0.02    7.93 4.528E+00

  10.589 21.682  4.64    1.69    7.70    1.06    0.01    8.77  0.962
   3.094  0.330 10.31    1.86    5.27    1.16    0.01    6.44 3.865E+00

  10.589 22.316  4.91    1.55    6.69    0.94    0.01    7.64  0.958
   3.098  0.350 10.02    1.70    4.04    1.02    0.01    5.08 3.245E+00

  10.589 22.889  5.18    1.43    5.75    0.83    0.01    6.59  0.954
   3.107  0.369  9.74    1.56    2.89    0.91    0.01    3.81 2.751E+00

  10.589 23.223  5.41    1.31    4.78    0.73    0.01    5.52  0.951
   3.151  0.387  9.43    1.42    1.72    0.80    0.01    2.52 2.426E+00

  10.589 23.473  5.59    1.21    4.01    0.66    0.00    4.67  0.946
   3.191  0.403  9.17    1.31    0.77    0.72    0.00    1.49 2.188E+00

  0.000 0.000  0.000 .000  0.00  0.00  0.00  0.00  0.00  0.00 0.000
                           0.00  0.00  0.00  0.00  0.00  0.00 0.000E+00

