EXTERNAL/TSAI:  VERSION OF 8/8/96

Marathon                                                                
D2_kin1.inp                                                             
                                                                        
Hall A 2018: 25 cm Deuterium target                                     
Nominal values - not exact                                              

----*----1----*----2----*----3----*----4----*----5----*----6----*----7--
                                                                        

TARGET (iZ,iA) = (  1,  2);   avgA =   2.000; amuM=  2.013; avgM=  1.875
 targ=TRITIUM; ttarg(rl)=0.00114; twall=0.00481; tbeam=0.00342; tspec=0.00732
         Nseg  =   4
 MODELS: P elastc(ikk)=14; deut elastic=13; inelastc=206; Pauli Supresion= 4
 NUCLEAR METHOD= 1;   NUCLEAR_MODEL= 1
 DIS MODEL=**

    E1    TH    Q2 COS_K         SMR     NUC          INT-SMR
    EP     X    W2 QE-PK  INELA  Q-ELA  ELAST   TOTAL  MODEL

 Deut Elastic Model: ia,iamec,rsc,rscmec (1,2,3,4)=  3
 TJON DEUT ELASTIC FILESS TO BE OPEN=rscctj.tjon_input   rscqtj.tjon_input   rscmtj.tjon_input   
  10.589 16.120  2.51    4.10   18.89    3.43    0.12   22.44  0.960
   3.013  0.176 12.59    4.70   19.02    3.76    0.12   22.91 1.708E+01

  10.589 16.557  2.70    3.59   17.17    2.92    0.09   20.18  0.964
   3.071  0.191 12.29    4.08   16.90    3.20    0.09   20.19 1.502E+01

  10.589 17.245  2.95    3.13   15.44    2.46    0.07   17.97  0.967
   3.097  0.210 11.99    3.55   14.76    2.70    0.07   17.53 1.244E+01

  10.589 18.035  3.23    2.77   13.87    2.11    0.05   16.03  0.970
   3.100  0.230 11.71    3.12   12.83    2.30    0.05   15.18 1.010E+01

  10.589 18.710  3.49    2.47   12.44    1.81    0.04   14.29  0.970
   3.114  0.248 11.42    2.76   11.07    1.98    0.04   13.08 8.423E+00

  10.589 19.045  3.67    2.21   11.20    1.57    0.03   12.79  0.970
   3.167  0.264 11.14    2.46    9.54    1.71    0.03   11.28 7.570E+00

  0.000 0.000  0.000 .000  0.00  0.00  0.00  0.00  0.00  0.00 0.000
                           0.00  0.00  0.00  0.00  0.00  0.00 0.000E+00

