EXTERNAL/TSAI:  VERSION OF 8/8/96

Marathon                                                                
D2_kin15.inp                                                            
                                                                        
Hall A 2018: 25 cm Deuterium target                                     
Nominal values - not exact                                              

----*----1----*----2----*----3----*----4----*----5----*----6----*----7--
                                                                        

TARGET (iZ,iA) = (  1,  2);   avgA =   2.000; amuM=  2.013; avgM=  1.875
 targ=TRITIUM; ttarg(rl)=0.00114; twall=0.00481; tbeam=0.00342; tspec=0.00732
         Nseg  =   4
 MODELS: P elastc(ikk)=14; deut elastic=13; inelastc=206; Pauli Supresion= 4
 NUCLEAR METHOD= 1;   NUCLEAR_MODEL= 1
 DIS MODEL=**

    E1    TH    Q2 COS_K         SMR     NUC          INT-SMR
    EP     X    W2 QE-PK  INELA  Q-ELA  ELAST   TOTAL  MODEL

 Deut Elastic Model: ia,iamec,rsc,rscmec (1,2,3,4)=  3
 TJON DEUT ELASTIC FILESS TO BE OPEN=rscctj.tjon_input   rscqtj.tjon_input   rscmtj.tjon_input   
  10.589 32.025  9.63    0.71   -4.51    0.35    0.00   -4.16  0.913
   2.989  0.675  5.51    0.76   -9.44    0.39    0.00   -9.05 1.365E-01

  10.589 32.264  9.84    0.69   -5.03    0.35    0.00   -4.68  0.916
   3.008  0.691  5.27    0.74  -10.06    0.38    0.00   -9.68 1.159E-01

  10.589 32.544 10.08    0.67   -5.63    0.36    0.00   -5.27  0.922
   3.030  0.710  4.99    0.72  -10.79    0.39    0.00  -10.40 9.476E-02

  10.589 32.825 10.33    0.66   -6.25    0.37    0.00   -5.88  0.934
   3.054  0.730  4.70    0.71  -11.53    0.40    0.00  -11.13 7.643E-02

  10.589 33.104 10.57    0.65   -6.87    0.38    0.00   -6.49  0.946
   3.076  0.750  4.41    0.70  -12.28    0.42    0.00  -11.86 6.110E-02

  10.589 33.419 10.83    0.66   -7.48    0.41    0.00   -7.07  0.965
   3.092  0.770  4.12    0.71  -13.02    0.45    0.00  -12.57 4.821E-02

  10.589 33.780 11.09    0.66   -8.11    0.45    0.00   -7.65  0.993
   3.102  0.789  3.84    0.72  -13.76    0.50    0.00  -13.26 3.745E-02

  10.589 34.135 11.35    0.70   -8.75    0.52    0.00   -8.23  1.038
   3.112  0.809  3.56    0.76  -14.53    0.57    0.00  -13.96 2.878E-02

  10.589 34.382 11.60    0.74   -9.47    0.62    0.00   -8.85  1.099
   3.134  0.829  3.27    0.81  -15.39    0.68    0.00  -14.71 2.214E-02

  10.589 34.555 11.77    0.79  -10.06    0.73    0.00   -9.32  1.168
   3.151  0.844  3.06    0.87  -16.08    0.80    0.00  -15.28 1.808E-02

  0.000 0.000  0.000 .000  0.00  0.00  0.00  0.00  0.00  0.00 0.000
                           0.00  0.00  0.00  0.00  0.00  0.00 0.000E+00

