EXTERNAL/TSAI:  VERSION OF 8/8/96

Marathon                                                                
He3_kin0.inp                                                            
                                                                        
Hall A 2018: 25 cm He3 target                                           
Nominal values - not exact                                              

----*----1----*----2----*----3----*----4----*----5----*----6----*----7--
                                                                        

TARGET (iZ,iA) = (  2,  3);   avgA =   3.000; amuM=  3.016; avgM=  2.809
 targ=TRITIUM; ttarg(rl)=0.00075; twall=0.00481; tbeam=0.00342; tspec=0.00732
         Nseg  =   4
 MODELS: P elastc(ikk)=14; deut elastic=13; inelastc=206; Pauli Supresion= 4
 NUCLEAR METHOD= 1;   NUCLEAR_MODEL= 1
 DIS MODEL=**

    E1    TH    Q2 COS_K         SMR     NUC          INT-SMR
    EP     X    W2 QE-PK  INELA  Q-ELA  ELAST   TOTAL  MODEL

  10.589 15.283  2.25    5.41   21.38    3.88    0.36   25.63  0.808
   3.001  0.158 12.87    6.18   22.06    4.23    0.37   26.66 3.383E+01

  10.589 15.714  2.42    4.68   19.50    3.30    0.27   23.06  0.818
   3.063  0.172 12.58    5.32   19.74    3.59    0.27   23.60 2.984E+01

  10.589 16.403  2.67    4.02   17.65    2.77    0.19   20.61  0.827
   3.095  0.190 12.28    4.54   17.34    3.01    0.19   20.53 2.472E+01

  10.589 17.232  2.94    3.50   15.76    2.34    0.13   18.23  0.835
   3.098  0.209 11.99    3.93   15.11    2.55    0.13   17.79 1.989E+01

  10.589 17.949  3.21    3.07   14.15    2.00    0.09   16.23  0.840
   3.111  0.229 11.71    3.43   13.13    2.17    0.09   15.39 1.645E+01

  10.589 18.306  3.39    2.72   12.78    1.72    0.06   14.56  0.844
   3.165  0.243 11.42    3.02   11.46    1.87    0.06   13.39 1.477E+01

  10.589 18.738  3.61    2.39   11.34    1.46    0.04   12.85  0.848
   3.216  0.261 11.10    2.64    9.70    1.59    0.04   11.33 1.296E+01

  0.000 0.000  0.000 .000  0.00  0.00  0.00  0.00  0.00  0.00 0.000
                           0.00  0.00  0.00  0.00  0.00  0.00 0.000E+00

