EXTERNAL/TSAI:  VERSION OF 8/8/96

Marathon                                                                
H1_kin1.inp                                                             
                                                                        
Hall A 2018: 25 cm Deuterium target                                     
Nominal values - not exact                                              

----*----1----*----2----*----3----*----4----*----5----*----6----*----7--
                                                                        

TARGET (iZ,iA) = (  1,  1);   avgA =   1.000; amuM=  1.007; avgM=  0.938
 targ=TRITIUM; ttarg(rl)=0.00113; twall=0.00481; tbeam=0.00342; tspec=0.00732
         Nseg  =   4
 MODELS: P elastc(ikk)=14; deut elastic=13; inelastc=206; Pauli Supresion= 4
 NUCLEAR METHOD= 1;   NUCLEAR_MODEL= 1
 DIS MODEL=**

    E1    TH    Q2 COS_K         SMR     NUC          INT-SMR
    EP     X    W2 QE-PK  INELA  Q-ELA  ELAST   TOTAL  MODEL

  10.589 16.115  2.51    5.77   21.23    0.00    5.91   27.14  1.000
   3.015  0.177 12.58    6.58   21.91    0.00    6.72   28.64 9.602E+00

  10.589 16.552  2.70    4.96   19.33    0.00    5.06   24.39  1.000
   3.073  0.191 12.29    5.62   19.57    0.00    5.73   25.30 8.521E+00

  10.589 17.240  2.95    4.24   17.42    0.00    4.32   21.74  1.000
   3.098  0.210 11.99    4.78   17.21    0.00    4.87   22.08 7.140E+00

  10.589 18.032  3.23    3.68   15.68    0.00    3.74   19.42  1.000
   3.101  0.230 11.71    4.12   15.06    0.00    4.18   19.24 5.862E+00

  10.589 18.708  3.49    3.21   14.10    0.00    3.26   17.35  1.000
   3.115  0.248 11.42    3.58   13.11    0.00    3.63   16.74 4.943E+00

  10.589 19.040  3.67    2.83   12.71    0.00    2.86   15.58  1.000
   3.169  0.264 11.13    3.14   11.42    0.00    3.18   14.59 4.482E+00

  10.589 19.456  3.88    2.50   11.39    0.00    2.53   13.92  1.000
   3.211  0.280 10.84    2.76    9.80    0.00    2.79   12.59 3.985E+00

  0.000 0.000  0.000 .000  0.00  0.00  0.00  0.00  0.00  0.00 0.000
                           0.00  0.00  0.00  0.00  0.00  0.00 0.000E+00

