EXTERNAL/TSAI:  VERSION OF 8/8/96

Marathon                                                                
H1_kin2.inp                                                             
                                                                        
Hall A 2018: 25 cm Deuterium target                                     
Nominal values - not exact                                              

----*----1----*----2----*----3----*----4----*----5----*----6----*----7--
                                                                        

TARGET (iZ,iA) = (  1,  1);   avgA =   1.000; amuM=  1.007; avgM=  0.938
 targ=TRITIUM; ttarg(rl)=0.00113; twall=0.00481; tbeam=0.00342; tspec=0.00732
         Nseg  =   4
 MODELS: P elastc(ikk)=14; deut elastic=13; inelastc=206; Pauli Supresion= 4
 NUCLEAR METHOD= 1;   NUCLEAR_MODEL= 1
 DIS MODEL=**

    E1    TH    Q2 COS_K         SMR     NUC          INT-SMR
    EP     X    W2 QE-PK  INELA  Q-ELA  ELAST   TOTAL  MODEL

  10.589 17.743  3.05    4.28   17.42    0.00    4.36   21.77  1.000
   3.023  0.214 12.03    4.83   17.18    0.00    4.90   22.08 6.403E+00

  10.589 18.181  3.25    3.69   15.70    0.00    3.75   19.45  1.000
   3.077  0.231 11.72    4.14   15.07    0.00    4.20   19.28 5.682E+00

  10.589 18.829  3.51    3.22   14.09    0.00    3.26   17.35  1.000
   3.098  0.250 11.43    3.59   13.09    0.00    3.64   16.73 4.820E+00

  10.589 19.552  3.79    2.84   12.62    0.00    2.87   15.50  1.000
   3.101  0.269 11.15    3.15   11.30    0.00    3.19   14.48 4.028E+00

  10.589 20.188  4.05    2.51   11.26    0.00    2.54   13.81  1.000
   3.114  0.289 10.86    2.78    9.63    0.00    2.81   12.44 3.426E+00

  10.589 20.513  4.25    2.23   10.03    0.00    2.25   12.28  1.000
   3.165  0.305 10.56    2.45    8.12    0.00    2.48   10.60 3.097E+00

  10.589 20.927  4.47    2.00    8.91    0.00    2.02   10.93  1.000
   3.196  0.322 10.29    2.20    6.76    0.00    2.21    8.97 2.749E+00

  0.000 0.000  0.000 .000  0.00  0.00  0.00  0.00  0.00  0.00 0.000
                           0.00  0.00  0.00  0.00  0.00  0.00 0.000E+00

