EXTERNAL/TSAI:  VERSION OF 8/8/96

Marathon                                                                
He3_kin1.inp                                                            
                                                                        
Hall A 2018: 25 cm He3 target                                           
Nominal values - not exact                                              

----*----1----*----2----*----3----*----4----*----5----*----6----*----7--
                                                                        

TARGET (iZ,iA) = (  2,  3);   avgA =   3.000; amuM=  3.016; avgM=  2.809
 targ=TRITIUM; ttarg(rl)=0.00075; twall=0.00481; tbeam=0.00342; tspec=0.00732
         Nseg  =   4
 MODELS: P elastc(ikk)=14; deut elastic=13; inelastc=206; Pauli Supresion= 4
 NUCLEAR METHOD= 1;   NUCLEAR_MODEL= 1
 DIS MODEL=**

    E1    TH    Q2 COS_K         SMR     NUC          INT-SMR
    EP     X    W2 QE-PK  INELA  Q-ELA  ELAST   TOTAL  MODEL

  10.589 16.120  2.51    4.64   19.32    3.26    0.25   22.83  0.819
   3.013  0.176 12.59    5.27   19.49    3.55    0.25   23.30 2.706E+01

  10.589 16.554  2.70    4.03   17.65    2.77    0.18   20.60  0.827
   3.072  0.191 12.29    4.56   17.32    3.02    0.18   20.52 2.387E+01

  10.589 17.242  2.95    3.49   15.75    2.34    0.13   18.21  0.835
   3.097  0.210 11.99    3.93   15.09    2.54    0.13   17.76 1.984E+01

  10.589 18.036  3.23    3.07   14.12    1.99    0.09   16.20  0.840
   3.100  0.230 11.71    3.43   13.10    2.17    0.09   15.35 1.614E+01

  10.589 18.708  3.49    2.72   12.65    1.71    0.06   14.42  0.844
   3.115  0.248 11.42    3.02   11.29    1.86    0.06   13.21 1.350E+01

  10.589 19.042  3.67    2.42   11.37    1.48    0.04   12.89  0.847
   3.168  0.264 11.13    2.68    9.73    1.60    0.04   11.38 1.216E+01

  0.000 0.000  0.000 .000  0.00  0.00  0.00  0.00  0.00  0.00 0.000
                           0.00  0.00  0.00  0.00  0.00  0.00 0.000E+00

