EXTERNAL/TSAI:  VERSION OF 8/8/96

Marathon                                                                
D2_kin7.inp                                                             
                                                                        
Hall A 2018: 25 cm Deuterium target                                     
Nominal values - not exact                                              

----*----1----*----2----*----3----*----4----*----5----*----6----*----7--
                                                                        

TARGET (iZ,iA) = (  1,  2);   avgA =   2.000; amuM=  2.013; avgM=  1.875
 targ=TRITIUM; ttarg(rl)=0.00114; twall=0.00481; tbeam=0.00342; tspec=0.00732
         Nseg  =   4
 MODELS: P elastc(ikk)=14; deut elastic=13; inelastc=206; Pauli Supresion= 4
 NUCLEAR METHOD= 1;   NUCLEAR_MODEL= 1
 DIS MODEL=**

    E1    TH    Q2 COS_K         SMR     NUC          INT-SMR
    EP     X    W2 QE-PK  INELA  Q-ELA  ELAST   TOTAL  MODEL

 Deut Elastic Model: ia,iamec,rsc,rscmec (1,2,3,4)=  3
 TJON DEUT ELASTIC FILESS TO BE OPEN=rscctj.tjon_input   rscqtj.tjon_input   rscmtj.tjon_input   
  10.589 23.917  5.42    1.49    5.72    0.86    0.01    6.59  0.953
   2.979  0.379  9.74    1.62    2.89    0.94    0.01    3.83 2.265E+00

  10.589 24.191  5.59    1.40    5.01    0.79    0.01    5.80  0.951
   3.008  0.393  9.51    1.52    2.02    0.86    0.01    2.88 2.053E+00

  10.589 24.534  5.82    1.29    4.13    0.70    0.00    4.84  0.945
   3.043  0.411  9.22    1.39    0.95    0.76    0.00    1.72 1.808E+00

  10.589 24.903  6.06    1.18    3.25    0.62    0.00    3.87  0.942
   3.079  0.430  8.91    1.28   -0.13    0.67    0.00    0.55 1.571E+00

  10.589 25.376  6.32    1.11    2.45    0.56    0.00    3.02  0.936
   3.095  0.450  8.62    1.19   -1.10    0.61    0.00   -0.48 1.340E+00

  10.589 25.912  6.60    1.04    1.70    0.52    0.00    2.22  0.931
   3.099  0.470  8.34    1.11   -2.00    0.56    0.00   -1.44 1.127E+00

  10.589 26.402  6.87    0.98    0.97    0.48    0.00    1.45  0.926
   3.109  0.489  8.05    1.05   -2.88    0.52    0.00   -2.36 9.518E-01

  10.589 26.710  7.10    0.91    0.23    0.43    0.00    0.67  0.922
   3.142  0.508  7.75    0.97   -3.79    0.47    0.00   -3.32 8.232E-01

  10.589 26.940  7.31    0.86   -0.46    0.40    0.00   -0.05  0.918
   3.181  0.526  7.47    0.91   -4.63    0.44    0.00   -4.19 7.223E-01

  10.589 27.196  7.53    0.81   -1.12    0.37    0.00   -0.74  0.916
   3.214  0.544  7.19    0.86   -5.44    0.41    0.00   -5.03 6.279E-01

  0.000 0.000  0.000 .000  0.00  0.00  0.00  0.00  0.00  0.00 0.000
                           0.00  0.00  0.00  0.00  0.00  0.00 0.000E+00

