EXTERNAL/TSAI:  VERSION OF 8/8/96

Marathon                                                                
D2_kin0.inp                                                             
                                                                        
Hall A 2018: 25 cm Deuterium target                                     
Nominal values - not exact                                              

----*----1----*----2----*----3----*----4----*----5----*----6----*----7--
                                                                        

TARGET (iZ,iA) = (  1,  2);   avgA =   2.000; amuM=  2.013; avgM=  1.875
 targ=TRITIUM; ttarg(rl)=0.00114; twall=0.00481; tbeam=0.00342; tspec=0.00732
         Nseg  =   4
 MODELS: P elastc(ikk)=14; deut elastic=13; inelastc=206; Pauli Supresion= 4
 NUCLEAR METHOD= 1;   NUCLEAR_MODEL= 1
 DIS MODEL=**

    E1    TH    Q2 COS_K         SMR     NUC          INT-SMR
    EP     X    W2 QE-PK  INELA  Q-ELA  ELAST   TOTAL  MODEL

 Deut Elastic Model: ia,iamec,rsc,rscmec (1,2,3,4)=  3
 TJON DEUT ELASTIC FILESS TO BE OPEN=rscctj.tjon_input   rscqtj.tjon_input   rscmtj.tjon_input   
  10.589 15.285  2.25    4.74   20.87    4.08    0.17   25.12  0.954
   3.000  0.158 12.87    5.46   21.50    4.47    0.17   26.15 2.142E+01

  10.589 15.717  2.42    4.13   19.06    3.47    0.13   22.66  0.961
   3.062  0.172 12.58    4.73   19.27    3.81    0.13   23.20 1.884E+01

  10.589 16.404  2.67    3.58   17.18    2.91    0.09   20.18  0.964
   3.095  0.190 12.28    4.07   16.92    3.19    0.09   20.21 1.556E+01

  10.589 17.232  2.94    3.13   15.45    2.47    0.07   17.99  0.966
   3.098  0.209 11.99    3.55   14.78    2.70    0.07   17.55 1.248E+01

  10.589 17.949  3.21    2.77   13.90    2.11    0.05   16.06  0.969
   3.111  0.228 11.71    3.12   12.86    2.31    0.05   15.22 1.030E+01

  10.589 18.304  3.39    2.47   12.57    1.82    0.04   14.43  0.970
   3.164  0.243 11.42    2.77   11.23    1.99    0.04   13.26 9.227E+00

  10.589 18.776  3.61    2.19   11.22    1.56    0.03   12.80  0.970
   3.206  0.261 11.12    2.44    9.57    1.70    0.03   11.30 8.024E+00

  0.000 0.000  0.000 .000  0.00  0.00  0.00  0.00  0.00  0.00 0.000
                           0.00  0.00  0.00  0.00  0.00  0.00 0.000E+00

