EXTERNAL/TSAI:  VERSION OF 8/8/96

Marathon                                                                
H3_kin1.inp                                                             
                                                                        
Hall A 2018: 25 cm Tritium target                                       
Nominal values - not exact                                              

----*----1----*----2----*----3----*----4----*----5----*----6----*----7--
                                                                        

TARGET (iZ,iA) = (  1,  3);   avgA =   3.000; amuM=  3.016; avgM=  2.809
 targ=TRITIUM; ttarg(rl)=0.00042; twall=0.00481; tbeam=0.00342; tspec=0.00732
         Nseg  =   4
 MODELS: P elastc(ikk)=14; deut elastic=13; inelastc=206; Pauli Supresion= 4
 NUCLEAR METHOD= 1;   NUCLEAR_MODEL= 1
 DIS MODEL=**

    E1    TH    Q2 COS_K         SMR     NUC          INT-SMR
    EP     X    W2 QE-PK  INELA  Q-ELA  ELAST   TOTAL  MODEL

  10.589 16.116  2.51    3.45   17.75    2.65    0.28   20.68  0.863
   3.014  0.176 12.59    3.91   17.44    2.87    0.28   20.59 2.461E+01

  10.589 16.553  2.70    3.04   16.12    2.28    0.20   18.60  0.869
   3.073  0.191 12.29    3.43   15.45    2.47    0.20   18.12 2.154E+01

  10.589 17.240  2.95    2.69   14.48    1.95    0.14   16.58  0.874
   3.098  0.210 11.99    3.02   13.44    2.11    0.14   15.69 1.775E+01

  10.589 18.028  3.22    2.40   13.00    1.69    0.10   14.79  0.877
   3.101  0.229 11.71    2.68   11.63    1.82    0.10   13.55 1.433E+01

  10.589 18.707  3.49    2.16   11.63    1.46    0.07   13.16  0.878
   3.115  0.249 11.42    2.40    9.96    1.58    0.07   11.61 1.187E+01

  10.589 19.039  3.67    1.95   10.44    1.27    0.05   11.76  0.877
   3.170  0.264 11.13    2.15    8.52    1.37    0.05    9.94 1.063E+01

  10.589 19.464  3.89    1.76    9.26    1.11    0.03   10.40  0.875
   3.213  0.281 10.83    1.93    7.08    1.19    0.03    8.31 9.293E+00

  0.000 0.000  0.000 .000  0.00  0.00  0.00  0.00  0.00  0.00 0.000
                           0.00  0.00  0.00  0.00  0.00  0.00 0.000E+00

