EXTERNAL/TSAI:  VERSION OF 8/8/96

Marathon                                                                
D2_kin3.inp                                                             
                                                                        
Hall A 2018: 25 cm Deuterium target                                     
Nominal values - not exact                                              

----*----1----*----2----*----3----*----4----*----5----*----6----*----7--
                                                                        

TARGET (iZ,iA) = (  1,  2);   avgA =   2.000; amuM=  2.013; avgM=  1.875
 targ=TRITIUM; ttarg(rl)=0.00114; twall=0.00481; tbeam=0.00342; tspec=0.00732
         Nseg  =   4
 MODELS: P elastc(ikk)=14; deut elastic=13; inelastc=206; Pauli Supresion= 4
 NUCLEAR METHOD= 1;   NUCLEAR_MODEL= 1
 DIS MODEL=**

    E1    TH    Q2 COS_K         SMR     NUC          INT-SMR
    EP     X    W2 QE-PK  INELA  Q-ELA  ELAST   TOTAL  MODEL

 Deut Elastic Model: ia,iamec,rsc,rscmec (1,2,3,4)=  3
 TJON DEUT ELASTIC FILESS TO BE OPEN=rscctj.tjon_input   rscqtj.tjon_input   rscmtj.tjon_input   
  10.589 18.924  3.42    2.80   13.72    2.11    0.05   15.88  0.969
   2.984  0.239 11.74    3.15   12.62    2.31    0.05   14.98 8.323E+00

  10.589 19.262  3.59    2.53   12.54    1.86    0.04   14.43  0.969
   3.027  0.253 11.48    2.84   11.18    2.03    0.04   13.24 7.518E+00

  10.589 19.701  3.82    2.24   11.13    1.58    0.03   12.74  0.969
   3.078  0.271 11.16    2.50    9.46    1.73    0.03   11.21 6.584E+00

  10.589 20.295  4.07    2.02    9.89    1.37    0.02   11.28  0.968
   3.098  0.290 10.87    2.23    7.94    1.49    0.02    9.46 5.588E+00

  10.589 20.972  4.35    1.84    8.74    1.20    0.02    9.96  0.966
   3.101  0.310 10.58    2.03    6.54    1.31    0.02    7.87 4.662E+00

  10.589 21.576  4.62    1.68    7.67    1.05    0.01    8.73  0.962
   3.111  0.329 10.30    1.84    5.23    1.15    0.01    6.39 3.942E+00

  10.589 21.916  4.83    1.52    6.64    0.92    0.01    7.57  0.959
   3.157  0.346 10.00    1.66    3.97    1.00    0.01    4.99 3.499E+00

  10.589 22.216  5.02    1.40    5.77    0.82    0.01    6.60  0.956
   3.195  0.362  9.73    1.53    2.91    0.89    0.01    3.81 3.142E+00

  0.000 0.000  0.000 .000  0.00  0.00  0.00  0.00  0.00  0.00 0.000
                           0.00  0.00  0.00  0.00  0.00  0.00 0.000E+00

