EXTERNAL/TSAI:  VERSION OF 8/8/96

Marathon                                                                
H1_kin4.inp                                                             
                                                                        
Hall A 2018: 25 cm Deuterium target                                     
Nominal values - not exact                                              

----*----1----*----2----*----3----*----4----*----5----*----6----*----7--
                                                                        

TARGET (iZ,iA) = (  1,  1);   avgA =   1.000; amuM=  1.007; avgM=  0.938
 targ=TRITIUM; ttarg(rl)=0.00113; twall=0.00481; tbeam=0.00342; tspec=0.00732
         Nseg  =   4
 MODELS: P elastc(ikk)=14; deut elastic=13; inelastc=206; Pauli Supresion= 4
 NUCLEAR METHOD= 1;   NUCLEAR_MODEL= 1
 DIS MODEL=**

    E1    TH    Q2 COS_K         SMR     NUC          INT-SMR
    EP     X    W2 QE-PK  INELA  Q-ELA  ELAST   TOTAL  MODEL

  10.589 20.377  3.96    2.89   12.58    0.00    2.92   15.50  1.000
   2.989  0.278 11.18    3.20   11.23    0.00    3.24   14.47 3.419E+00

  10.589 20.698  4.14    2.59   11.42    0.00    2.62   14.05  1.000
   3.030  0.292 10.92    2.87    9.82    0.00    2.90   12.72 3.115E+00

  10.589 21.127  4.38    2.28   10.06    0.00    2.30   12.36  1.000
   3.076  0.311 10.60    2.51    8.16    0.00    2.53   10.69 2.750E+00

  10.589 21.687  4.64    2.04    8.87    0.00    2.06   10.93  1.000
   3.094  0.330 10.31    2.24    6.70    0.00    2.25    8.96 2.369E+00

  10.589 22.319  4.91    1.85    7.77    0.00    1.86    9.63  1.000
   3.098  0.350 10.02    2.02    5.37    0.00    2.03    7.40 2.010E+00

  10.589 22.887  5.18    1.68    6.73    0.00    1.69    8.42  1.000
   3.108  0.369  9.74    1.82    4.10    0.00    1.84    5.93 1.722E+00

  10.589 23.227  5.41    1.51    5.70    0.00    1.52    7.22  1.000
   3.150  0.387  9.43    1.64    2.85    0.00    1.65    4.49 1.531E+00

  10.589 23.477  5.59    1.39    4.87    0.00    1.39    6.26  1.000
   3.190  0.403  9.17    1.50    1.83    0.00    1.50    3.33 1.392E+00

  0.000 0.000  0.000 .000  0.00  0.00  0.00  0.00  0.00  0.00 0.000
                           0.00  0.00  0.00  0.00  0.00  0.00 0.000E+00

