EXTERNAL/TSAI:  VERSION OF 8/8/96

Marathon                                                                
He3_kin13.inp                                                           
                                                                        
Hall A 2018: 25 cm He3 target                                           
Nominal values - not exact                                              

----*----1----*----2----*----3----*----4----*----5----*----6----*----7--
                                                                        

TARGET (iZ,iA) = (  2,  3);   avgA =   3.000; amuM=  3.016; avgM=  2.809
 targ=TRITIUM; ttarg(rl)=0.00075; twall=0.00481; tbeam=0.00342; tspec=0.00732
         Nseg  =   4
 MODELS: P elastc(ikk)=14; deut elastic=13; inelastc=206; Pauli Supresion= 4
 NUCLEAR METHOD= 1;   NUCLEAR_MODEL= 1
 DIS MODEL=**

    E1    TH    Q2 COS_K         SMR     NUC          INT-SMR
    EP     X    W2 QE-PK  INELA  Q-ELA  ELAST   TOTAL  MODEL

  10.589 30.116  8.53    0.83   -2.76    0.35    0.00   -2.42  0.828
   2.984  0.598  6.62    0.87   -7.23    0.38    0.00   -6.85 5.150E-01

  10.589 30.337  8.71    0.79   -3.23    0.34    0.00   -2.89  0.835
   3.004  0.612  6.40    0.84   -7.79    0.37    0.00   -7.42 4.548E-01

  10.589 30.638  8.95    0.76   -3.83    0.33    0.00   -3.50  0.848
   3.027  0.631  6.12    0.80   -8.52    0.36    0.00   -8.16 3.832E-01

  10.589 30.928  9.20    0.72   -4.46    0.33    0.00   -4.14  0.867
   3.054  0.650  5.83    0.76   -9.28    0.35    0.00   -8.92 3.198E-01

  10.589 31.221  9.44    0.69   -5.11    0.33    0.00   -4.78  0.892
   3.079  0.670  5.53    0.73  -10.06    0.36    0.00   -9.70 2.648E-01

  10.589 31.572  9.70    0.66   -5.75    0.34    0.00   -5.41  0.925
   3.094  0.690  5.24    0.70  -10.82    0.36    0.00  -10.45 2.166E-01

  10.589 31.971  9.97    0.65   -6.39    0.36    0.00   -6.04  0.967
   3.103  0.709  4.96    0.68  -11.59    0.38    0.00  -11.20 1.748E-01

  10.589 32.356 10.23    0.63   -7.08    0.38    0.00   -6.69  1.020
   3.112  0.729  4.68    0.67  -12.40    0.41    0.00  -11.99 1.402E-01

  10.589 32.604 10.47    0.62   -7.82    0.42    0.00   -7.40  1.091
   3.137  0.749  4.40    0.66  -13.29    0.45    0.00  -12.84 1.136E-01

  10.589 32.826 10.70    0.62   -8.63    0.47    0.00   -8.15  1.179
   3.164  0.768  4.11    0.66  -14.25    0.50    0.00  -13.75 9.148E-02

  10.589 33.047 10.93    0.63   -9.46    0.55    0.00   -8.91  1.284
   3.189  0.787  3.84    0.68  -15.23    0.58    0.00  -14.66 7.332E-02

  10.589 33.297 11.13    0.64  -10.23    0.64    0.00   -9.59  1.388
   3.202  0.803  3.61    0.70  -16.15    0.67    0.00  -15.48 5.948E-02

  0.000 0.000  0.000 .000  0.00  0.00  0.00  0.00  0.00  0.00 0.000
                           0.00  0.00  0.00  0.00  0.00  0.00 0.000E+00

