EXTERNAL/TSAI:  VERSION OF 8/8/96

Marathon                                                                
He3_kin2.inp                                                            
                                                                        
Hall A 2018: 25 cm He3 target                                           
Nominal values - not exact                                              

----*----1----*----2----*----3----*----4----*----5----*----6----*----7--
                                                                        

TARGET (iZ,iA) = (  2,  3);   avgA =   3.000; amuM=  3.016; avgM=  2.809
 targ=TRITIUM; ttarg(rl)=0.00075; twall=0.00481; tbeam=0.00342; tspec=0.00732
         Nseg  =   4
 MODELS: P elastc(ikk)=14; deut elastic=13; inelastc=206; Pauli Supresion= 4
 NUCLEAR METHOD= 1;   NUCLEAR_MODEL= 1
 DIS MODEL=**

    E1    TH    Q2 COS_K         SMR     NUC          INT-SMR
    EP     X    W2 QE-PK  INELA  Q-ELA  ELAST   TOTAL  MODEL

  10.589 17.745  3.05    3.55   14.20    2.37    0.12   16.69  0.835
   3.023  0.215 12.03    3.99   13.39    2.58    0.12   16.09 1.767E+01

  10.589 18.185  3.25    3.09   12.72    2.01    0.09   14.82  0.840
   3.076  0.231 11.73    3.46   11.57    2.18    0.09   13.84 1.560E+01

  10.589 18.831  3.51    2.72   11.31    1.71    0.06   13.09  0.844
   3.097  0.250 11.43    3.03    9.83    1.86    0.06   11.75 1.315E+01

  10.589 19.560  3.79    2.43   10.02    1.48    0.04   11.54  0.846
   3.100  0.270 11.15    2.69    8.25    1.60    0.04    9.89 1.091E+01

  10.589 20.190  4.05    2.18    8.85    1.28    0.03   10.15  0.847
   3.112  0.289 10.86    2.40    6.80    1.39    0.03    8.22 9.228E+00

  10.589 20.517  4.25    1.95    7.78    1.11    0.02    8.90  0.848
   3.164  0.305 10.56    2.14    5.48    1.20    0.02    6.70 8.289E+00

  10.589 20.903  4.47    1.75    6.72    0.96    0.01    7.69  0.847
   3.208  0.323 10.26    1.91    4.18    1.04    0.01    5.24 7.323E+00

  0.000 0.000  0.000 .000  0.00  0.00  0.00  0.00  0.00  0.00 0.000
                           0.00  0.00  0.00  0.00  0.00  0.00 0.000E+00

