EXTERNAL/TSAI:  VERSION OF 8/8/96

Marathon                                                                
H3_kin15.inp                                                            
                                                                        
Hall A 2018: 25 cm Tritium target                                       
Nominal values - not exact                                              

----*----1----*----2----*----3----*----4----*----5----*----6----*----7--
                                                                        

TARGET (iZ,iA) = (  1,  3);   avgA =   3.000; amuM=  3.016; avgM=  2.809
 targ=TRITIUM; ttarg(rl)=0.00042; twall=0.00481; tbeam=0.00342; tspec=0.00732
         Nseg  =   4
 MODELS: P elastc(ikk)=14; deut elastic=13; inelastc=206; Pauli Supresion= 4
 NUCLEAR METHOD= 1;   NUCLEAR_MODEL= 1
 DIS MODEL=**

    E1    TH    Q2 COS_K         SMR     NUC          INT-SMR
    EP     X    W2 QE-PK  INELA  Q-ELA  ELAST   TOTAL  MODEL

  10.589 32.030  9.63    0.71   -5.20    0.32    0.00   -4.88  0.823
   2.988  0.675  5.51    0.75  -10.13    0.34    0.00   -9.79 1.789E-01

  10.589 32.264  9.83    0.69   -5.71    0.32    0.00   -5.38  0.844
   3.007  0.691  5.27    0.73  -10.73    0.35    0.00  -10.39 1.524E-01

  10.589 32.544 10.08    0.67   -6.34    0.34    0.00   -6.00  0.878
   3.030  0.710  4.99    0.71  -11.49    0.36    0.00  -11.13 1.247E-01

  10.589 32.828 10.33    0.65   -7.02    0.36    0.00   -6.66  0.924
   3.053  0.730  4.70    0.69  -12.30    0.38    0.00  -11.92 1.009E-01

  10.589 33.108 10.57    0.65   -7.75    0.39    0.00   -7.36  0.984
   3.075  0.750  4.41    0.69  -13.17    0.42    0.00  -12.75 8.089E-02

  10.589 33.422 10.83    0.65   -8.53    0.45    0.00   -8.08  1.059
   3.092  0.770  4.12    0.69  -14.09    0.47    0.00  -13.62 6.407E-02

  10.589 33.813 11.10    0.66   -9.36    0.52    0.00   -8.84  1.150
   3.098  0.790  3.84    0.71  -15.06    0.54    0.00  -14.52 4.968E-02

  10.589 34.144 11.36    0.68  -10.29    0.62    0.00   -9.67  1.261
   3.111  0.809  3.56    0.74  -16.15    0.65    0.00  -15.51 3.830E-02

  10.589 34.367 11.59    0.73  -11.36    0.78    0.00  -10.58  1.396
   3.135  0.829  3.28    0.80  -17.41    0.80    0.00  -16.60 2.941E-02

  10.589 34.574 11.78    0.79  -12.30    0.95    0.00  -11.35  1.511
   3.150  0.844  3.06    0.87  -18.49    0.98    0.00  -17.52 2.349E-02

  0.000 0.000  0.000 .000  0.00  0.00  0.00  0.00  0.00  0.00 0.000
                           0.00  0.00  0.00  0.00  0.00  0.00 0.000E+00

