EXTERNAL/TSAI:  VERSION OF 8/8/96

Marathon                                                                
H3_kin0.inp                                                             
                                                                        
Hall A 2018: 25 cm Tritium target                                       
Nominal values - not exact                                              

----*----1----*----2----*----3----*----4----*----5----*----6----*----7--
                                                                        

TARGET (iZ,iA) = (  1,  3);   avgA =   3.000; amuM=  3.016; avgM=  2.809
 targ=TRITIUM; ttarg(rl)=0.00042; twall=0.00481; tbeam=0.00342; tspec=0.00732
         Nseg  =   4
 MODELS: P elastc(ikk)=14; deut elastic=13; inelastc=206; Pauli Supresion= 4
 NUCLEAR METHOD= 1;   NUCLEAR_MODEL= 1
 DIS MODEL=**

    E1    TH    Q2 COS_K         SMR     NUC          INT-SMR
    EP     X    W2 QE-PK  INELA  Q-ELA  ELAST   TOTAL  MODEL

  10.589 15.282  2.25    3.98   18.06    3.13    0.40   21.60  0.854
   3.001  0.158 12.87    4.54   18.09    3.40    0.40   21.89 3.066E+01

  10.589 15.715  2.42    3.49   16.43    2.69    0.30   19.42  0.862
   3.063  0.172 12.58    3.97   16.07    2.92    0.30   19.29 2.690E+01

  10.589 16.405  2.67    3.05   14.74    2.29    0.21   17.23  0.869
   3.095  0.190 12.28    3.45   13.97    2.48    0.21   16.66 2.214E+01

  10.589 17.232  2.94    2.70   13.18    1.97    0.14   15.29  0.874
   3.098  0.209 11.99    3.03   12.04    2.13    0.14   14.31 1.770E+01

  10.589 17.949  3.21    2.41   11.78    1.69    0.10   13.57  0.877
   3.111  0.228 11.71    2.69   10.31    1.83    0.10   12.24 1.456E+01

  10.589 18.307  3.39    2.16   10.59    1.47    0.07   12.13  0.878
   3.165  0.243 11.42    2.40    8.85    1.59    0.07   10.51 1.300E+01

  10.589 18.741  3.61    1.92    9.39    1.26    0.05   10.70  0.878
   3.216  0.261 11.11    2.12    7.37    1.36    0.05    8.78 1.135E+01

  0.000 0.000  0.000 .000  0.00  0.00  0.00  0.00  0.00  0.00 0.000
                           0.00  0.00  0.00  0.00  0.00  0.00 0.000E+00

