EXTERNAL/TSAI:  VERSION OF 8/8/96

Marathon                                                                
He3_kin1.inp                                                            
                                                                        
Hall A 2018: 25 cm He3 target                                           
Nominal values - not exact                                              

----*----1----*----2----*----3----*----4----*----5----*----6----*----7--
                                                                        

TARGET (iZ,iA) = (  2,  3);   avgA =   3.000; amuM=  3.016; avgM=  2.809
 targ=TRITIUM; ttarg(rl)=0.00075; twall=0.00481; tbeam=0.00342; tspec=0.00732
         Nseg  =   4
 MODELS: P elastc(ikk)=14; deut elastic=13; inelastc=206; Pauli Supresion= 4
 NUCLEAR METHOD= 1;   NUCLEAR_MODEL= 1
 DIS MODEL=**

    E1    TH    Q2 COS_K         SMR     NUC          INT-SMR
    EP     X    W2 QE-PK  INELA  Q-ELA  ELAST   TOTAL  MODEL

  10.589 16.120  2.51    4.69   17.60    3.29    0.25   21.15  0.819
   3.013  0.176 12.59    5.33   17.62    3.59    0.26   21.47 2.679E+01

  10.589 16.554  2.70    4.06   15.93    2.79    0.18   18.91  0.827
   3.072  0.191 12.29    4.59   15.56    3.04    0.19   18.79 2.369E+01

  10.589 17.242  2.95    3.51   14.25    2.35    0.13   16.72  0.835
   3.097  0.210 11.99    3.95   13.46    2.56    0.13   16.15 1.974E+01

  10.589 18.036  3.23    3.08   12.71    2.00    0.09   14.80  0.840
   3.100  0.230 11.71    3.44   11.56    2.17    0.09   13.82 1.610E+01

  10.589 18.708  3.49    2.72   11.32    1.71    0.06   13.09  0.844
   3.115  0.248 11.42    3.02    9.85    1.86    0.06   11.77 1.350E+01

  10.589 19.042  3.67    2.41   10.20    1.48    0.04   11.72  0.847
   3.168  0.264 11.13    2.67    8.45    1.60    0.04   10.09 1.218E+01

  0.000 0.000  0.000 .000  0.00  0.00  0.00  0.00  0.00  0.00 0.000
                           0.00  0.00  0.00  0.00  0.00  0.00 0.000E+00

