EXTERNAL/TSAI:  VERSION OF 8/8/96

Marathon                                                                
H3_kin4.inp                                                             
                                                                        
Hall A 2018: 25 cm Tritium target                                       
Nominal values - not exact                                              

----*----1----*----2----*----3----*----4----*----5----*----6----*----7--
                                                                        

TARGET (iZ,iA) = (  1,  3);   avgA =   3.000; amuM=  3.016; avgM=  2.809
 targ=TRITIUM; ttarg(rl)=0.00042; twall=0.00481; tbeam=0.00342; tspec=0.00732
         Nseg  =   4
 MODELS: P elastc(ikk)=14; deut elastic=13; inelastc=206; Pauli Supresion= 4
 NUCLEAR METHOD= 1;   NUCLEAR_MODEL= 1
 DIS MODEL=**

    E1    TH    Q2 COS_K         SMR     NUC          INT-SMR
    EP     X    W2 QE-PK  INELA  Q-ELA  ELAST   TOTAL  MODEL

  10.589 20.373  3.96    2.02    9.20    1.30    0.04   10.54  0.873
   2.990  0.278 11.18    2.23    7.16    1.40    0.04    8.60 8.047E+00

  10.589 20.694  4.14    1.85    8.27    1.15    0.03    9.46  0.871
   3.030  0.292 10.92    2.04    6.03    1.24    0.03    7.30 7.261E+00

  10.589 21.123  4.38    1.67    7.16    0.99    0.02    8.17  0.867
   3.076  0.311 10.60    1.82    4.66    1.07    0.02    5.76 6.326E+00

  10.589 21.680  4.64    1.53    6.17    0.87    0.01    7.05  0.862
   3.095  0.330 10.31    1.66    3.46    0.94    0.01    4.41 5.378E+00

  10.589 22.314  4.91    1.42    5.26    0.77    0.01    6.04  0.855
   3.099  0.350 10.02    1.54    2.35    0.83    0.01    3.19 4.501E+00

  10.589 22.878  5.18    1.31    4.38    0.69    0.01    5.07  0.848
   3.109  0.369  9.74    1.42    1.29    0.74    0.01    2.04 3.810E+00

  10.589 23.217  5.40    1.21    3.52    0.61    0.00    4.13  0.841
   3.151  0.387  9.43    1.30    0.24    0.65    0.00    0.89 3.347E+00

  10.589 23.466  5.59    1.12    2.78    0.54    0.00    3.33  0.834
   3.194  0.403  9.16    1.21   -0.66    0.59    0.00   -0.07 3.004E+00

  0.000 0.000  0.000 .000  0.00  0.00  0.00  0.00  0.00  0.00 0.000
                           0.00  0.00  0.00  0.00  0.00  0.00 0.000E+00

