EXTERNAL/TSAI:  VERSION OF 8/8/96

Marathon                                                                
He3_kin0.inp                                                            
                                                                        
Hall A 2018: 25 cm He3 target                                           
Nominal values - not exact                                              

----*----1----*----2----*----3----*----4----*----5----*----6----*----7--
                                                                        

TARGET (iZ,iA) = (  2,  3);   avgA =   3.000; amuM=  3.016; avgM=  2.809
 targ=TRITIUM; ttarg(rl)=0.00075; twall=0.00481; tbeam=0.00342; tspec=0.00732
         Nseg  =   4
 MODELS: P elastc(ikk)=14; deut elastic=13; inelastc=206; Pauli Supresion= 4
 NUCLEAR METHOD= 1;   NUCLEAR_MODEL= 1
 DIS MODEL=**

    E1    TH    Q2 COS_K         SMR     NUC          INT-SMR
    EP     X    W2 QE-PK  INELA  Q-ELA  ELAST   TOTAL  MODEL

  10.589 15.283  2.25    5.48   19.56    3.93    0.37   23.86  0.808
   3.001  0.158 12.87    6.26   20.09    4.29    0.37   24.75 3.340E+01

  10.589 15.714  2.42    4.73   17.79    3.33    0.27   21.39  0.818
   3.063  0.172 12.58    5.37   17.89    3.63    0.27   21.79 2.954E+01

  10.589 16.403  2.67    4.05   15.95    2.79    0.19   18.92  0.827
   3.095  0.190 12.28    4.58   15.59    3.03    0.19   18.81 2.453E+01

  10.589 17.232  2.94    3.52   14.26    2.35    0.13   16.74  0.835
   3.098  0.209 11.99    3.95   13.48    2.56    0.13   16.17 1.979E+01

  10.589 17.949  3.21    3.08   12.74    2.00    0.09   14.83  0.840
   3.111  0.229 11.71    3.44   11.60    2.18    0.09   13.86 1.641E+01

  10.589 18.306  3.39    2.72   11.46    1.72    0.06   13.24  0.844
   3.165  0.243 11.42    3.03   10.02    1.87    0.06   11.95 1.475E+01

  10.589 18.738  3.61    2.38   10.19    1.46    0.04   11.69  0.848
   3.216  0.261 11.10    2.64    8.43    1.59    0.04   10.06 1.298E+01

  0.000 0.000  0.000 .000  0.00  0.00  0.00  0.00  0.00  0.00 0.000
                           0.00  0.00  0.00  0.00  0.00  0.00 0.000E+00

