EXTERNAL/TSAI:  VERSION OF 8/8/96

Marathon                                                                
H3_kin1.inp                                                             
                                                                        
Hall A 2018: 25 cm Tritium target                                       
Nominal values - not exact                                              

----*----1----*----2----*----3----*----4----*----5----*----6----*----7--
                                                                        

TARGET (iZ,iA) = (  1,  3);   avgA =   3.000; amuM=  3.016; avgM=  2.809
 targ=TRITIUM; ttarg(rl)=0.00042; twall=0.00481; tbeam=0.00342; tspec=0.00732
         Nseg  =   4
 MODELS: P elastc(ikk)=14; deut elastic=13; inelastc=206; Pauli Supresion= 4
 NUCLEAR METHOD= 1;   NUCLEAR_MODEL= 1
 DIS MODEL=**

    E1    TH    Q2 COS_K         SMR     NUC          INT-SMR
    EP     X    W2 QE-PK  INELA  Q-ELA  ELAST   TOTAL  MODEL

  10.589 16.116  2.51    3.48   16.26    2.67    0.28   19.22  0.863
   3.014  0.176 12.59    3.95   15.84    2.90    0.28   19.02 2.436E+01

  10.589 16.553  2.70    3.06   14.72    2.30    0.20   17.22  0.869
   3.073  0.191 12.29    3.46   13.94    2.49    0.21   16.63 2.138E+01

  10.589 17.240  2.95    2.70   13.17    1.96    0.14   15.27  0.874
   3.098  0.210 11.99    3.03   12.02    2.12    0.14   14.29 1.766E+01

  10.589 18.028  3.22    2.41   11.75    1.69    0.10   13.54  0.877
   3.101  0.229 11.71    2.69   10.28    1.83    0.10   12.21 1.430E+01

  10.589 18.707  3.49    2.16   10.46    1.46    0.07   11.99  0.878
   3.115  0.249 11.42    2.40    8.69    1.58    0.07   10.34 1.187E+01

  10.589 19.039  3.67    1.94    9.40    1.27    0.05   10.72  0.877
   3.170  0.264 11.13    2.15    7.38    1.37    0.05    8.80 1.065E+01

  10.589 19.464  3.89    1.75    8.23    1.10    0.03    9.36  0.875
   3.213  0.281 10.83    1.93    5.96    1.19    0.03    7.18 9.323E+00

  0.000 0.000  0.000 .000  0.00  0.00  0.00  0.00  0.00  0.00 0.000
                           0.00  0.00  0.00  0.00  0.00  0.00 0.000E+00

