EXTERNAL/TSAI:  VERSION OF 8/8/96

Marathon                                                                
H3_kin13.inp                                                            
                                                                        
Hall A 2018: 25 cm Tritium target                                       
Nominal values - not exact                                              

----*----1----*----2----*----3----*----4----*----5----*----6----*----7--
                                                                        

TARGET (iZ,iA) = (  1,  3);   avgA =   3.000; amuM=  3.016; avgM=  2.809
 targ=TRITIUM; ttarg(rl)=0.00042; twall=0.00481; tbeam=0.00342; tspec=0.00732
         Nseg  =   4
 MODELS: P elastc(ikk)=14; deut elastic=13; inelastc=206; Pauli Supresion= 4
 NUCLEAR METHOD= 1;   NUCLEAR_MODEL= 1
 DIS MODEL=**

    E1    TH    Q2 COS_K         SMR     NUC          INT-SMR
    EP     X    W2 QE-PK  INELA  Q-ELA  ELAST   TOTAL  MODEL

  10.589 30.116  8.53    0.80   -3.00    0.32    0.00   -2.68  0.782
   2.985  0.598  6.62    0.84   -7.53    0.34    0.00   -7.19 4.058E-01

  10.589 30.338  8.71    0.77   -3.44    0.31    0.00   -3.13  0.785
   3.003  0.612  6.41    0.82   -8.05    0.34    0.00   -7.71 3.577E-01

  10.589 30.633  8.95    0.74   -4.02    0.31    0.00   -3.71  0.793
   3.028  0.631  6.12    0.78   -8.75    0.33    0.00   -8.42 2.997E-01

  10.589 30.929  9.20    0.71   -4.62    0.30    0.00   -4.32  0.807
   3.054  0.650  5.83    0.75   -9.47    0.32    0.00   -9.15 2.485E-01

  10.589 31.225  9.44    0.68   -5.24    0.30    0.00   -4.93  0.826
   3.078  0.670  5.53    0.72  -10.21    0.33    0.00   -9.88 2.047E-01

  10.589 31.565  9.70    0.66   -5.84    0.31    0.00   -5.53  0.853
   3.095  0.690  5.24    0.70  -10.93    0.34    0.00  -10.60 1.669E-01

  10.589 31.978  9.97    0.65   -6.46    0.33    0.00   -6.13  0.887
   3.102  0.709  4.96    0.69  -11.66    0.35    0.00  -11.31 1.339E-01

  10.589 32.359 10.23    0.64   -7.12    0.35    0.00   -6.76  0.933
   3.112  0.729  4.68    0.68  -12.44    0.38    0.00  -12.06 1.070E-01

  10.589 32.605 10.47    0.63   -7.84    0.39    0.00   -7.45  0.994
   3.137  0.749  4.39    0.67  -13.30    0.41    0.00  -12.89 8.649E-02

  10.589 32.834 10.70    0.63   -8.63    0.44    0.00   -8.19  1.072
   3.164  0.768  4.11    0.67  -14.23    0.46    0.00  -13.77 6.938E-02

  10.589 33.026 10.92    0.64   -9.41    0.51    0.00   -8.90  1.161
   3.190  0.786  3.85    0.69  -15.16    0.53    0.00  -14.63 5.618E-02

  10.589 33.283 11.14    0.66  -10.25    0.60    0.00   -9.65  1.263
   3.207  0.804  3.59    0.71  -16.15    0.62    0.00  -15.52 4.470E-02

  0.000 0.000  0.000 .000  0.00  0.00  0.00  0.00  0.00  0.00 0.000
                           0.00  0.00  0.00  0.00  0.00  0.00 0.000E+00

