EXTERNAL/TSAI:  VERSION OF 8/8/96

Marathon                                                                
H3_kin2.inp                                                             
                                                                        
Hall A 2018: 25 cm Tritium target                                       
Nominal values - not exact                                              

----*----1----*----2----*----3----*----4----*----5----*----6----*----7--
                                                                        

TARGET (iZ,iA) = (  1,  3);   avgA =   3.000; amuM=  3.016; avgM=  2.809
 targ=TRITIUM; ttarg(rl)=0.00042; twall=0.00481; tbeam=0.00342; tspec=0.00732
         Nseg  =   4
 MODELS: P elastc(ikk)=14; deut elastic=13; inelastc=206; Pauli Supresion= 4
 NUCLEAR METHOD= 1;   NUCLEAR_MODEL= 1
 DIS MODEL=**

    E1    TH    Q2 COS_K         SMR     NUC          INT-SMR
    EP     X    W2 QE-PK  INELA  Q-ELA  ELAST   TOTAL  MODEL

  10.589 17.744  3.05    2.74   13.14    1.98    0.14   15.26  0.874
   3.023  0.215 12.03    3.07   11.98    2.15    0.14   14.26 1.577E+01

  10.589 18.183  3.25    2.42   11.76    1.70    0.10   13.56  0.877
   3.077  0.231 11.72    2.71   10.29    1.84    0.10   12.23 1.383E+01

  10.589 18.830  3.51    2.17   10.46    1.47    0.07   11.99  0.877
   3.097  0.250 11.43    2.41    8.69    1.59    0.07   10.34 1.157E+01

  10.589 19.556  3.79    1.97    9.26    1.28    0.05   10.58  0.876
   3.100  0.270 11.15    2.17    7.23    1.38    0.05    8.65 9.522E+00

  10.589 20.187  4.05    1.79    8.15    1.11    0.03    9.29  0.874
   3.114  0.289 10.86    1.97    5.87    1.20    0.03    7.11 7.996E+00

  10.589 20.516  4.25    1.62    7.14    0.97    0.02    8.13  0.870
   3.164  0.305 10.56    1.78    4.63    1.05    0.02    5.70 7.139E+00

  10.589 20.889  4.47    1.47    6.16    0.85    0.02    7.02  0.865
   3.208  0.322 10.27    1.61    3.43    0.91    0.02    4.36 6.293E+00

  0.000 0.000  0.000 .000  0.00  0.00  0.00  0.00  0.00  0.00 0.000
                           0.00  0.00  0.00  0.00  0.00  0.00 0.000E+00

