EXTERNAL/TSAI:  VERSION OF 8/8/96

Marathon                                                                
He3_kin3.inp                                                            
                                                                        
Hall A 2018: 25 cm He3 target                                           
Nominal values - not exact                                              

----*----1----*----2----*----3----*----4----*----5----*----6----*----7--
                                                                        

TARGET (iZ,iA) = (  2,  3);   avgA =   3.000; amuM=  3.016; avgM=  2.809
 targ=TRITIUM; ttarg(rl)=0.00075; twall=0.00481; tbeam=0.00342; tspec=0.00732
         Nseg  =   4
 MODELS: P elastc(ikk)=14; deut elastic=13; inelastc=206; Pauli Supresion= 4
 NUCLEAR METHOD= 1;   NUCLEAR_MODEL= 1
 DIS MODEL=**

    E1    TH    Q2 COS_K         SMR     NUC          INT-SMR
    EP     X    W2 QE-PK  INELA  Q-ELA  ELAST   TOTAL  MODEL

  10.589 18.921  3.41    3.10   12.51    2.00    0.08   14.58  0.840
   2.984  0.239 11.74    3.46   11.30    2.17    0.08   13.55 1.331E+01

  10.589 19.260  3.59    2.78   11.38    1.75    0.06   13.19  0.843
   3.027  0.253 11.48    3.10    9.91    1.90    0.06   11.87 1.206E+01

  10.589 19.698  3.81    2.44   10.11    1.49    0.04   11.64  0.846
   3.078  0.271 11.16    2.71    8.34    1.61    0.04    9.99 1.061E+01

  10.589 20.299  4.07    2.18    8.85    1.28    0.03   10.16  0.847
   3.097  0.290 10.87    2.41    6.80    1.39    0.03    8.22 9.030E+00

  10.589 20.975  4.35    1.98    7.75    1.12    0.02    8.89  0.847
   3.100  0.310 10.58    2.17    5.46    1.21    0.02    6.69 7.564E+00

  10.589 21.576  4.62    1.79    6.73    0.98    0.01    7.72  0.845
   3.111  0.329 10.30    1.96    4.21    1.06    0.01    5.28 6.420E+00

  10.589 21.911  4.83    1.62    5.75    0.85    0.01    6.61  0.844
   3.158  0.346  9.99    1.76    3.00    0.92    0.01    3.94 5.717E+00

  10.589 22.202  5.02    1.49    4.94    0.76    0.01    5.71  0.843
   3.196  0.362  9.74    1.61    2.01    0.82    0.01    2.84 5.155E+00

  0.000 0.000  0.000 .000  0.00  0.00  0.00  0.00  0.00  0.00 0.000
                           0.00  0.00  0.00  0.00  0.00  0.00 0.000E+00

