EXTERNAL/TSAI:  VERSION OF 8/8/96

Marathon                                                                
H3_kin3.inp                                                             
                                                                        
Hall A 2018: 25 cm Tritium target                                       
Nominal values - not exact                                              

----*----1----*----2----*----3----*----4----*----5----*----6----*----7--
                                                                        

TARGET (iZ,iA) = (  1,  3);   avgA =   3.000; amuM=  3.016; avgM=  2.809
 targ=TRITIUM; ttarg(rl)=0.00042; twall=0.00481; tbeam=0.00342; tspec=0.00732
         Nseg  =   4
 MODELS: P elastc(ikk)=14; deut elastic=13; inelastc=206; Pauli Supresion= 4
 NUCLEAR METHOD= 1;   NUCLEAR_MODEL= 1
 DIS MODEL=**

    E1    TH    Q2 COS_K         SMR     NUC          INT-SMR
    EP     X    W2 QE-PK  INELA  Q-ELA  ELAST   TOTAL  MODEL

  10.589 18.921  3.41    2.45   11.60    1.70    0.09   13.39  0.875
   2.983  0.239 11.74    2.73   10.08    1.84    0.09   12.01 1.176E+01

  10.589 19.261  3.59    2.22   10.53    1.50    0.07   12.10  0.876
   3.027  0.253 11.48    2.47    8.78    1.62    0.07   10.47 1.059E+01

  10.589 19.702  3.82    1.98    9.34    1.29    0.05   10.67  0.875
   3.077  0.271 11.16    2.19    7.31    1.39    0.05    8.74 9.245E+00

  10.589 20.298  4.07    1.80    8.16    1.12    0.03    9.31  0.872
   3.097  0.290 10.87    1.98    5.88    1.21    0.03    7.12 7.819E+00

  10.589 20.975  4.35    1.65    7.13    0.98    0.02    8.13  0.868
   3.100  0.310 10.58    1.81    4.62    1.06    0.02    5.71 6.505E+00

  10.589 21.576  4.62    1.52    6.16    0.87    0.01    7.04  0.862
   3.111  0.329 10.30    1.65    3.44    0.93    0.01    4.39 5.486E+00

  10.589 21.912  4.83    1.38    5.22    0.76    0.01    5.98  0.856
   3.158  0.346  9.99    1.50    2.29    0.82    0.01    3.12 4.856E+00

  10.589 22.225  5.03    1.28    4.40    0.67    0.01    5.08  0.851
   3.197  0.363  9.72    1.38    1.29    0.73    0.01    2.02 4.328E+00

  0.000 0.000  0.000 .000  0.00  0.00  0.00  0.00  0.00  0.00 0.000
                           0.00  0.00  0.00  0.00  0.00  0.00 0.000E+00

