EXTERNAL/TSAI:  VERSION OF 8/8/96

Marathon                                                                
He3_kin5.inp                                                            
                                                                        
Hall A 2018: 25 cm He3 target                                           
Nominal values - not exact                                              

----*----1----*----2----*----3----*----4----*----5----*----6----*----7--
                                                                        

TARGET (iZ,iA) = (  2,  3);   avgA =   3.000; amuM=  3.016; avgM=  2.809
 targ=TRITIUM; ttarg(rl)=0.00075; twall=0.00481; tbeam=0.00342; tspec=0.00732
         Nseg  =   4
 MODELS: P elastc(ikk)=14; deut elastic=13; inelastc=206; Pauli Supresion= 4
 NUCLEAR METHOD= 1;   NUCLEAR_MODEL= 1
 DIS MODEL=**

    E1    TH    Q2 COS_K         SMR     NUC          INT-SMR
    EP     X    W2 QE-PK  INELA  Q-ELA  ELAST   TOTAL  MODEL

  10.589 21.700  4.50    2.03    7.77    1.15    0.02    8.93  0.845
   2.999  0.316 10.62    2.23    5.48    1.24    0.02    6.75 6.586E+00

  10.589 22.024  4.69    1.85    6.85    1.01    0.01    7.88  0.844
   3.038  0.331 10.36    2.02    4.37    1.10    0.01    5.48 5.933E+00

  10.589 22.441  4.94    1.66    5.81    0.88    0.01    6.69  0.843
   3.079  0.350 10.03    1.81    3.09    0.95    0.01    4.05 5.185E+00

  10.589 22.971  5.20    1.52    4.88    0.77    0.01    5.66  0.841
   3.096  0.370  9.74    1.65    1.96    0.84    0.01    2.81 4.440E+00

  10.589 23.568  5.48    1.41    4.03    0.69    0.00    4.72  0.838
   3.100  0.390  9.46    1.52    0.92    0.75    0.00    1.67 3.746E+00

  10.589 24.107  5.74    1.31    3.22    0.62    0.00    3.84  0.835
   3.109  0.409  9.17    1.40   -0.07    0.67    0.00    0.61 3.187E+00

  10.589 24.433  5.97    1.20    2.39    0.55    0.00    2.95  0.832
   3.149  0.428  8.87    1.28   -1.08    0.60    0.00   -0.48 2.798E+00

  10.589 24.670  6.16    1.11    1.70    0.50    0.00    2.20  0.829
   3.189  0.444  8.60    1.19   -1.93    0.54    0.00   -1.39 2.510E+00

  0.000 0.000  0.000 .000  0.00  0.00  0.00  0.00  0.00  0.00 0.000
                           0.00  0.00  0.00  0.00  0.00  0.00 0.000E+00

