EXTERNAL/TSAI:  VERSION OF 8/8/96

Marathon                                                                
He3_kin15.inp                                                           
                                                                        
Hall A 2018: 25 cm He3 target                                           
Nominal values - not exact                                              

----*----1----*----2----*----3----*----4----*----5----*----6----*----7--
                                                                        

TARGET (iZ,iA) = (  2,  3);   avgA =   3.000; amuM=  3.016; avgM=  2.809
 targ=TRITIUM; ttarg(rl)=0.00075; twall=0.00481; tbeam=0.00342; tspec=0.00732
         Nseg  =   4
 MODELS: P elastc(ikk)=14; deut elastic=13; inelastc=206; Pauli Supresion= 4
 NUCLEAR METHOD= 1;   NUCLEAR_MODEL= 1
 DIS MODEL=**

    E1    TH    Q2 COS_K         SMR     NUC          INT-SMR
    EP     X    W2 QE-PK  INELA  Q-ELA  ELAST   TOTAL  MODEL

  10.589 32.030  9.63    0.71   -5.08    0.34    0.00   -4.74  0.889
   2.988  0.675  5.51    0.75   -9.98    0.37    0.00   -9.62 2.318E-01

  10.589 32.260  9.83    0.69   -5.61    0.35    0.00   -5.26  0.916
   3.008  0.691  5.27    0.73  -10.62    0.37    0.00  -10.25 1.983E-01

  10.589 32.551 10.08    0.67   -6.27    0.36    0.00   -5.91  0.957
   3.030  0.711  4.99    0.71  -11.42    0.39    0.00  -11.03 1.624E-01

  10.589 32.824 10.32    0.65   -6.99    0.39    0.00   -6.60  1.011
   3.054  0.730  4.70    0.69  -12.27    0.41    0.00  -11.85 1.321E-01

  10.589 33.099 10.57    0.64   -7.75    0.43    0.00   -7.32  1.081
   3.077  0.750  4.40    0.68  -13.18    0.45    0.00  -12.72 1.061E-01

  10.589 33.412 10.83    0.63   -8.54    0.48    0.00   -8.06  1.167
   3.093  0.770  4.12    0.68  -14.12    0.51    0.00  -13.61 8.424E-02

  10.589 33.777 11.09    0.64   -9.39    0.56    0.00   -8.83  1.270
   3.102  0.789  3.84    0.69  -15.12    0.59    0.00  -14.53 6.571E-02

  10.589 34.154 11.36    0.67  -10.34    0.68    0.00   -9.67  1.395
   3.109  0.809  3.56    0.73  -16.23    0.70    0.00  -15.53 5.035E-02

  10.589 34.390 11.60    0.72  -11.45    0.85    0.00  -10.61  1.549
   3.133  0.829  3.27    0.79  -17.53    0.88    0.00  -16.66 3.842E-02

  10.589 34.559 11.78    0.77  -12.39    1.04    0.00  -11.36  1.678
   3.151  0.844  3.06    0.85  -18.62    1.06    0.00  -17.56 3.095E-02

  0.000 0.000  0.000 .000  0.00  0.00  0.00  0.00  0.00  0.00 0.000
                           0.00  0.00  0.00  0.00  0.00  0.00 0.000E+00

