EXTERNAL/TSAI:  VERSION OF 8/8/96

Marathon                                                                
He3_kin4.inp                                                            
                                                                        
Hall A 2018: 25 cm He3 target                                           
Nominal values - not exact                                              

----*----1----*----2----*----3----*----4----*----5----*----6----*----7--
                                                                        

TARGET (iZ,iA) = (  2,  3);   avgA =   3.000; amuM=  3.016; avgM=  2.809
 targ=TRITIUM; ttarg(rl)=0.00075; twall=0.00481; tbeam=0.00342; tspec=0.00732
         Nseg  =   4
 MODELS: P elastc(ikk)=14; deut elastic=13; inelastc=206; Pauli Supresion= 4
 NUCLEAR METHOD= 1;   NUCLEAR_MODEL= 1
 DIS MODEL=**

    E1    TH    Q2 COS_K         SMR     NUC          INT-SMR
    EP     X    W2 QE-PK  INELA  Q-ELA  ELAST   TOTAL  MODEL

  10.589 20.374  3.96    2.48    9.95    1.50    0.04   11.48  0.845
   2.990  0.278 11.18    2.74    8.15    1.63    0.04    9.81 9.252E+00

  10.589 20.696  4.14    2.24    8.96    1.32    0.03   10.31  0.846
   3.031  0.292 10.92    2.47    6.94    1.43    0.03    8.40 8.388E+00

  10.589 21.128  4.38    1.99    7.78    1.13    0.02    8.93  0.846
   3.076  0.311 10.60    2.19    5.50    1.22    0.02    6.74 7.352E+00

  10.589 21.684  4.64    1.80    6.75    0.98    0.01    7.74  0.845
   3.095  0.330 10.31    1.97    4.23    1.07    0.01    5.31 6.294E+00

  10.589 22.313  4.91    1.65    5.79    0.87    0.01    6.67  0.843
   3.099  0.350 10.02    1.80    3.06    0.94    0.01    4.01 5.305E+00

  10.589 22.887  5.18    1.52    4.87    0.77    0.01    5.65  0.841
   3.108  0.369  9.74    1.64    1.95    0.84    0.01    2.79 4.507E+00

  10.589 23.220  5.40    1.38    3.98    0.68    0.00    4.67  0.839
   3.151  0.387  9.43    1.49    0.85    0.74    0.00    1.59 3.985E+00

  10.589 23.476  5.59    1.27    3.23    0.61    0.00    3.84  0.837
   3.192  0.403  9.17    1.37   -0.08    0.66    0.00    0.59 3.589E+00

  0.000 0.000  0.000 .000  0.00  0.00  0.00  0.00  0.00  0.00 0.000
                           0.00  0.00  0.00  0.00  0.00  0.00 0.000E+00

