EXTERNAL/TSAI:  VERSION OF 8/8/96

Marathon                                                                
D2_kin0.inp                                                             
                                                                        
Hall A 2018: 25 cm Deuterium target                                     
Nominal values - not exact                                              

----*----1----*----2----*----3----*----4----*----5----*----6----*----7--
                                                                        

TARGET (iZ,iA) = (  1,  2);   avgA =   2.000; amuM=  2.013; avgM=  1.875
 targ=TRITIUM; ttarg(rl)=0.00114; twall=0.00000; tbeam=0.00000; tspec=0.00832
         Nseg  =   4
 MODELS: P elastc(ikk)=14; deut elastic=13; inelastc=206; Pauli Supresion= 4
 NUCLEAR METHOD= 1;   NUCLEAR_MODEL= 1
 DIS MODEL=111

    E1    TH    Q2 COS_K         SMR     NUC          INT-SMR
    EP     X    W2 QE-PK  INELA  Q-ELA  ELAST   TOTAL  MODEL

 Deut Elastic Model: ia,iamec,rsc,rscmec (1,2,3,4)=  3
 TJON DEUT ELASTIC FILESS TO BE OPEN=rscctj.tjon_input   rscqtj.tjon_input   rscmtj.tjon_input   
  10.589 15.285  2.25    4.74   17.45    4.08    0.17   21.69  0.954
   3.000  0.158 12.87    4.85   17.16    4.09    0.17   21.42 2.142E+01

  10.589 15.717  2.42    4.13   16.09    3.47    0.13   19.69  0.961
   3.062  0.172 12.58    4.22   15.69    3.49    0.13   19.30 1.884E+01

  10.589 16.404  2.67    3.58   14.68    2.91    0.09   17.68  0.964
   3.095  0.190 12.28    3.65   14.15    2.92    0.09   17.16 1.556E+01

  10.589 17.232  2.94    3.14   13.35    2.47    0.07   15.89  0.966
   3.098  0.209 11.99    3.19   12.70    2.47    0.07   15.24 1.248E+01

  10.589 17.949  3.21    2.77   12.12    2.11    0.05   14.28  0.969
   3.111  0.228 11.71    2.82   11.35    2.11    0.05   13.51 1.030E+01

  10.589 18.304  3.39    2.47   11.02    1.82    0.04   12.88  0.970
   3.164  0.243 11.42    2.51   10.16    1.82    0.04   12.02 9.226E+00

  10.589 18.776  3.61    2.19    9.89    1.56    0.03   11.47  0.970
   3.206  0.261 11.12    2.23    8.93    1.56    0.03   10.52 8.024E+00

  0.000 0.000  0.000 .000  0.00  0.00  0.00  0.00  0.00  0.00 0.000
                           0.00  0.00  0.00  0.00  0.00  0.00 0.000E+00

