  0.100  0.0150   6.00000       23.1985525698
  0.110  0.0150   6.00000       19.0218253646
  0.120  0.0150   6.00000       15.4109447009
  0.130  0.0150   6.00000       12.3263852332
  0.140  0.0150   6.00000        9.7221413228
  0.150  0.0150   6.00000        7.5455070194
  0.160  0.0150   6.00000        5.7476121762
  0.170  0.0150   6.00000        4.2756444705
  0.180  0.0150   6.00000        3.0909383796
  0.190  0.0150   6.00000        2.1546227328
  0.200  0.0150   6.00000        1.4257515761
  0.210  0.0150   6.00000        0.8796691038
  0.220  0.0150   6.00000        0.4841103018
  0.230  0.0150   6.00000        0.2207109531
  0.240  0.0150   6.00000        0.0664450114
  0.250  0.0150   6.00000        0.0034782965
  0.260  0.0150   6.00000        0.0162070108
  0.270  0.0150   6.00000        0.0912133810
  0.280  0.0150   6.00000        0.2146912531
  0.290  0.0150   6.00000        0.3812909367
  0.300  0.0150   6.00000        0.5812342203
