  0.233  0.0150   0.00000  5410447.3732494349
  0.233  0.0150   1.00000   157274.2140612206
  0.233  0.0150   2.00000     4913.0236893214
  0.233  0.0150   3.00000      220.4679381645
  0.233  0.0150   4.00000       30.2516291842
  0.233  0.0150   5.00000       15.3535723182
  0.233  0.0150   6.00000       13.3276725611
  0.233  0.0150   7.00000       12.9990418455
  0.233  0.0150   8.00000       12.9438398080
  0.233  0.0150   9.00000       12.9345106489
  0.233  0.0150  10.00000       12.9329323875
  0.233  0.0150  11.00000       12.9326109474
  0.233  0.0150  12.00000       12.9326109474
  0.233  0.0150  13.00000       12.9326109474
  0.233  0.0150  14.00000       12.9326109474
  0.233  0.0150  15.00000       12.9326109474
  0.233  0.0150  16.00000       12.9326109474
  0.233  0.0150  17.00000       12.9326109474
  0.233  0.0150  18.00000       12.9326109474
  0.233  0.0150  19.00000       12.9326109474
  0.233  0.0150  20.00000       12.9326109474
