  0.100  0.0150   6.00000      527.2254708384
  0.110  0.0150   6.00000      451.8875192558
  0.120  0.0150   6.00000      377.9044297383
  0.130  0.0150   6.00000      306.4802352683
  0.140  0.0150   6.00000      239.1232815755
  0.150  0.0150   6.00000      179.8958644435
  0.160  0.0150   6.00000      129.5892893375
  0.170  0.0150   6.00000       87.8977130989
  0.180  0.0150   6.00000       54.5771040828
  0.190  0.0150   6.00000       29.2568276483
  0.200  0.0150   6.00000       11.5795073613
  0.210  0.0150   6.00000        1.7015294854
  0.220  0.0150   6.00000        0.7009296456
  0.230  0.0150   6.00000        8.9708842538
  0.240  0.0150   6.00000       27.0850261267
  0.250  0.0150   6.00000       56.1501573940
  0.260  0.0150   6.00000       97.9006155856
  0.270  0.0150   6.00000      154.5621465301
  0.280  0.0150   6.00000      227.4825138873
  0.290  0.0150   6.00000      318.0773619421
  0.300  0.0150   6.00000      429.1792071257
