  0.100  0.0150   6.00000        0.0000000000
  0.110  0.0150   6.00000        0.0000000000
  0.120  0.0150   6.00000        0.0000000000
  0.130  0.0150   6.00000        0.0000000000
  0.140  0.0150   6.00000        0.0000000000
  0.150  0.0150   6.00000        0.0000000000
  0.160  0.0150   6.00000        0.0000000000
  0.170  0.0150   6.00000        0.0000000000
  0.180  0.0150   6.00000        0.0000000000
  0.190  0.0150   6.00000        0.0000000000
  0.200  0.0150   6.00000        0.0000000000
  0.210  0.0150   6.00000        0.0000000000
  0.220  0.0150   6.00000        0.0000000000
  0.230  0.0150   6.00000        0.0000000000
  0.240  0.0150   6.00000        0.0000000000
  0.250  0.0150   6.00000        0.0000000000
  0.260  0.0150   6.00000        0.0000000000
  0.270  0.0150   6.00000        0.0000000000
  0.280  0.0150   6.00000        0.0000000000
  0.290  0.0150   6.00000        0.0000000000
  0.300  0.0150   6.00000        0.0000000000
