  0.100  0.0150   6.00000      156.9806249633
  0.110  0.0150   6.00000      143.4217792178
  0.120  0.0150   6.00000      129.8414441851
  0.130  0.0150   6.00000      116.2044280164
  0.140  0.0150   6.00000      102.5887641629
  0.150  0.0150   6.00000       89.1087342895
  0.160  0.0150   6.00000       75.8958455425
  0.170  0.0150   6.00000       63.1290036749
  0.180  0.0150   6.00000       51.0126908885
  0.190  0.0150   6.00000       39.6886218706
  0.200  0.0150   6.00000       29.4093624498
  0.210  0.0150   6.00000       20.3247919380
  0.220  0.0150   6.00000       12.6733066256
  0.230  0.0150   6.00000        6.6411551240
  0.240  0.0150   6.00000        2.4343645526
  0.250  0.0150   6.00000        0.2621713435
  0.260  0.0150   6.00000        0.3224271728
  0.270  0.0150   6.00000        2.8204163142
  0.280  0.0150   6.00000        7.9549868278
  0.290  0.0150   6.00000       15.9215575647
  0.300  0.0150   6.00000       26.9151003883
