  0.100  0.0150   6.00000        0.3353450807
  0.110  0.0150   6.00000        0.3220573237
  0.120  0.0150   6.00000        0.3079344783
  0.130  0.0150   6.00000        0.2931264215
  0.140  0.0150   6.00000        0.2778020481
  0.150  0.0150   6.00000        0.2621431213
  0.160  0.0150   6.00000        0.2463306055
  0.170  0.0150   6.00000        0.2305221541
  0.180  0.0150   6.00000        0.2148307874
  0.190  0.0150   6.00000        0.1993439420
  0.200  0.0150   6.00000        0.1841464808
  0.210  0.0150   6.00000        0.1694108389
  0.220  0.0150   6.00000        0.1554530319
  0.230  0.0150   6.00000        0.1425836161
  0.240  0.0150   6.00000        0.1301569980
  0.250  0.0150   6.00000        0.1182201881
  0.260  0.0150   6.00000        0.1071287784
  0.270  0.0150   6.00000        0.0971185115
  0.280  0.0150   6.00000        0.0876386649
  0.290  0.0150   6.00000        0.0788214661
  0.300  0.0150   6.00000        0.0707908618
