  0.100  0.0150   6.00000      209.9355420152
  0.110  0.0150   6.00000      199.5913824602
  0.120  0.0150   6.00000      183.4168317395
  0.130  0.0150   6.00000      160.5853634938
  0.140  0.0150   6.00000      131.2231684189
  0.150  0.0150   6.00000       96.8228182678
  0.160  0.0150   6.00000       60.5807099709
  0.170  0.0150   6.00000       27.6085858146
  0.180  0.0150   6.00000        4.9882667834
  0.190  0.0150   6.00000        1.6566466217
  0.200  0.0150   6.00000       28.1284979152
  0.210  0.0150   6.00000       96.0829109932
  0.220  0.0150   6.00000      217.8478772772
  0.230  0.0150   6.00000      405.8291259507
  0.240  0.0150   6.00000      671.9272681272
  0.250  0.0150   6.00000     1026.9779194074
  0.260  0.0150   6.00000     1480.2647794613
  0.270  0.0150   6.00000     2039.1247230339
  0.280  0.0150   6.00000     2708.6412440209
  0.290  0.0150   6.00000     3495.0204359412
  0.300  0.0150   6.00000     4406.6764104312
