  0.100  0.0150   6.00000       12.6267028978
  0.110  0.0150   6.00000       12.1680054296
  0.120  0.0150   6.00000       11.7570910514
  0.130  0.0150   6.00000       11.3773065727
  0.140  0.0150   6.00000       11.0046991382
  0.150  0.0150   6.00000       10.6221530198
  0.160  0.0150   6.00000       10.2222029035
  0.170  0.0150   6.00000        9.8030411429
  0.180  0.0150   6.00000        9.3639204204
  0.190  0.0150   6.00000        8.9159391329
  0.200  0.0150   6.00000        8.4460024827
  0.210  0.0150   6.00000        7.9681899088
  0.220  0.0150   6.00000        7.4707366216
  0.230  0.0150   6.00000        6.9707942672
  0.240  0.0150   6.00000        6.4581397222
  0.250  0.0150   6.00000        5.9372441212
  0.260  0.0150   6.00000        5.4192294433
  0.270  0.0150   6.00000        4.8986937583
  0.280  0.0150   6.00000        4.3792515448
  0.290  0.0150   6.00000        3.8715542758
  0.300  0.0150   6.00000        3.3770178081
