  0.100  0.0150   6.00000       49.8153402323
  0.110  0.0150   6.00000       19.3703680070
  0.120  0.0150   6.00000        5.5455334404
  0.130  0.0150   6.00000        0.6007296126
  0.140  0.0150   6.00000        0.1964194306
  0.150  0.0150   6.00000        1.9080042527
  0.160  0.0150   6.00000        4.4104378486
  0.170  0.0150   6.00000        7.0009254507
  0.180  0.0150   6.00000        9.3109515925
  0.190  0.0150   6.00000       11.1710601626
  0.200  0.0150   6.00000       12.4910783955
  0.210  0.0150   6.00000       13.2012896870
  0.220  0.0150   6.00000       13.3159098151
  0.230  0.0150   6.00000       12.9311176160
  0.240  0.0150   6.00000       12.1918065113
  0.250  0.0150   6.00000       11.1665176980
  0.260  0.0150   6.00000        9.9118358792
  0.270  0.0150   6.00000        8.5054692526
  0.280  0.0150   6.00000        7.0105727838
  0.290  0.0150   6.00000        5.4871084321
  0.300  0.0150   6.00000        4.0145429262
