  0.100  0.0150   6.00000       11.7139739491
  0.110  0.0150   6.00000       10.1952906137
  0.120  0.0150   6.00000        8.6835780611
  0.130  0.0150   6.00000        7.2170614219
  0.140  0.0150   6.00000        5.8317550009
  0.150  0.0150   6.00000        4.5554682365
  0.160  0.0150   6.00000        3.4167335648
  0.170  0.0150   6.00000        2.4396493837
  0.180  0.0150   6.00000        1.6390480772
  0.190  0.0150   6.00000        1.0170183439
  0.200  0.0150   6.00000        0.5625608591
  0.210  0.0150   6.00000        0.2574731952
  0.220  0.0150   6.00000        0.0797028663
  0.230  0.0150   6.00000        0.0057025446
  0.240  0.0150   6.00000        0.0126719660
  0.250  0.0150   6.00000        0.0791656276
  0.260  0.0150   6.00000        0.1856602427
  0.270  0.0150   6.00000        0.3178008978
  0.280  0.0150   6.00000        0.4588509157
  0.290  0.0150   6.00000        0.6031427382
  0.300  0.0150   6.00000        0.7353419376
