  0.100  0.0150   6.00000       17.1047676030
  0.110  0.0150   6.00000       14.6445929231
  0.120  0.0150   6.00000       12.7925296508
  0.130  0.0150   6.00000       11.4604437538
  0.140  0.0150   6.00000       10.5529657274
  0.150  0.0150   6.00000        9.9834315078
  0.160  0.0150   6.00000        9.6859685970
  0.170  0.0150   6.00000        9.6103470058
  0.180  0.0150   6.00000        9.7194172131
  0.190  0.0150   6.00000        9.9832907994
  0.200  0.0150   6.00000       10.3801324589
  0.210  0.0150   6.00000       10.8909432232
  0.220  0.0150   6.00000       11.4987450772
  0.230  0.0150   6.00000       12.1927988687
  0.240  0.0150   6.00000       12.9614707372
  0.250  0.0150   6.00000       13.7894943189
  0.260  0.0150   6.00000       14.6806953101
  0.270  0.0150   6.00000       15.6111078197
  0.280  0.0150   6.00000       16.5790086064
  0.290  0.0150   6.00000       17.5756239640
  0.300  0.0150   6.00000       18.5989935281
