EXTERNAL/TSAI:  VERSION OF 8/8/96

Marathon                                                                
D2_kin15.inp                                                            
                                                                        
Hall A 2018: 25 cm Deuterium target                                     
Nominal values - not exact                                              

----*----1----*----2----*----3----*----4----*----5----*----6----*----7--
                                                                        

TARGET (iZ,iA) = (  1,  2);   avgA =   2.000; amuM=  2.013; avgM=  1.875
 targ=TRITIUM; ttarg(rl)=0.00114; twall=0.00481; tbeam=0.00342; tspec=0.00732
         Nseg  =   4
 MODELS: P elastc(ikk)=14; deut elastic=13; inelastc=206; Pauli Supresion= 4
 NUCLEAR METHOD= 1;   NUCLEAR_MODEL= 1

    E1    TH    Q2 COS_K         SMR     NUC          INT-SMR
    EP     X    W2 QE-PK  INELA  Q-ELA  ELAST   TOTAL  MODEL

 Deut Elastic Model: ia,iamec,rsc,rscmec (1,2,3,4)=  3
 TJON DEUT ELASTIC FILESS TO BE OPEN=rscctj.tjon_input   rscqtj.tjon_input   rscmtj.tjon_input   
  10.589 32.023  9.63    0.73   -4.66    0.36    0.00   -4.30  0.913
   2.989  0.675  5.51    0.78   -9.59    0.39    0.00   -9.20 1.334E-01

  10.589 32.264  9.83    0.71   -5.12    0.36    0.00   -4.76  0.916
   3.007  0.691  5.27    0.76  -10.15    0.39    0.00   -9.76 1.133E-01

  10.589 32.543 10.08    0.69   -5.69    0.36    0.00   -5.32  0.923
   3.031  0.711  4.99    0.74  -10.83    0.40    0.00  -10.43 9.250E-02

  10.589 32.822 10.33    0.68   -6.26    0.37    0.00   -5.88  0.934
   3.054  0.730  4.70    0.72  -11.52    0.41    0.00  -11.11 7.469E-02

  10.589 33.101 10.57    0.67   -6.83    0.39    0.00   -6.44  0.946
   3.076  0.750  4.41    0.72  -12.20    0.43    0.00  -11.77 5.983E-02

  10.589 33.418 10.83    0.67   -7.40    0.42    0.00   -6.98  0.965
   3.093  0.770  4.12    0.72  -12.88    0.46    0.00  -12.42 4.735E-02

  10.589 33.781 11.09    0.67   -7.97    0.46    0.00   -7.51  0.993
   3.102  0.789  3.84    0.73  -13.57    0.50    0.00  -13.06 3.701E-02

  10.589 34.132 11.35    0.70   -8.59    0.52    0.00   -8.06  1.038
   3.112  0.809  3.56    0.76  -14.30    0.57    0.00  -13.72 2.874E-02

  10.589 34.382 11.60    0.73   -9.29    0.61    0.00   -8.68  1.099
   3.134  0.829  3.27    0.80  -15.13    0.67    0.00  -14.46 2.239E-02

  10.589 34.577 11.82    0.78  -10.09    0.75    0.00   -9.34  1.188
   3.161  0.848  3.00    0.87  -16.08    0.82    0.00  -15.26 1.749E-02

  0.000 0.000  0.000 .000  0.00  0.00  0.00  0.00  0.00  0.00 0.000
                           0.00  0.00  0.00  0.00  0.00  0.00 0.000E+00

