EXTERNAL/TSAI:  VERSION OF 8/8/96

Marathon                                                                
He3_kin3.inp                                                            
                                                                        
Hall A 2018: 25 cm He3 target                                           
Nominal values - not exact                                              

----*----1----*----2----*----3----*----4----*----5----*----6----*----7--
                                                                        

TARGET (iZ,iA) = (  2,  3);   avgA =   3.000; amuM=  3.016; avgM=  2.809
 targ=TRITIUM; ttarg(rl)=0.00075; twall=0.00481; tbeam=0.00342; tspec=0.00732
         Nseg  =   4
 MODELS: P elastc(ikk)=14; deut elastic=13; inelastc=206; Pauli Supresion= 4
 NUCLEAR METHOD= 1;   NUCLEAR_MODEL= 1

    E1    TH    Q2 COS_K         SMR     NUC          INT-SMR
    EP     X    W2 QE-PK  INELA  Q-ELA  ELAST   TOTAL  MODEL

  10.589 18.921  3.41    3.12   12.08    2.01    0.08   14.16  0.840
   2.984  0.239 11.74    3.48   10.83    2.19    0.08   13.10 1.324E+01

  10.589 19.260  3.59    2.80   11.09    1.76    0.06   12.91  0.843
   3.027  0.253 11.48    3.12    9.60    1.91    0.06   11.58 1.199E+01

  10.589 19.698  3.81    2.46    9.89    1.50    0.04   11.43  0.846
   3.078  0.271 11.16    2.73    8.12    1.63    0.04    9.79 1.053E+01

  10.589 20.299  4.07    2.20    8.80    1.29    0.03   10.12  0.847
   3.097  0.290 10.87    2.43    6.76    1.41    0.03    8.19 8.952E+00

  10.589 20.975  4.35    1.99    7.78    1.13    0.02    8.92  0.847
   3.100  0.310 10.58    2.19    5.50    1.22    0.02    6.75 7.491E+00

  10.589 21.576  4.62    1.81    6.78    0.99    0.01    7.78  0.845
   3.111  0.329 10.30    1.98    4.26    1.07    0.01    5.35 6.353E+00

  10.589 21.911  4.83    1.64    5.86    0.86    0.01    6.73  0.844
   3.158  0.346  9.99    1.78    3.14    0.94    0.01    4.08 5.655E+00

  10.589 22.202  5.02    1.50    5.10    0.77    0.01    5.88  0.843
   3.196  0.362  9.74    1.63    2.20    0.83    0.01    3.04 5.098E+00

  0.000 0.000  0.000 .000  0.00  0.00  0.00  0.00  0.00  0.00 0.000
                           0.00  0.00  0.00  0.00  0.00  0.00 0.000E+00

