EXTERNAL/TSAI:  VERSION OF 8/8/96

Marathon                                                                
He3_kin4.inp                                                            
                                                                        
Hall A 2018: 25 cm He3 target                                           
Nominal values - not exact                                              

----*----1----*----2----*----3----*----4----*----5----*----6----*----7--
                                                                        

TARGET (iZ,iA) = (  2,  3);   avgA =   3.000; amuM=  3.016; avgM=  2.809
 targ=TRITIUM; ttarg(rl)=0.00075; twall=0.00481; tbeam=0.00342; tspec=0.00732
         Nseg  =   4
 MODELS: P elastc(ikk)=14; deut elastic=13; inelastc=206; Pauli Supresion= 4
 NUCLEAR METHOD= 1;   NUCLEAR_MODEL= 1

    E1    TH    Q2 COS_K         SMR     NUC          INT-SMR
    EP     X    W2 QE-PK  INELA  Q-ELA  ELAST   TOTAL  MODEL

  10.589 20.374  3.96    2.50    9.82    1.51    0.04   11.37  0.845
   2.990  0.278 11.18    2.76    8.03    1.64    0.04    9.71 9.174E+00

  10.589 20.696  4.14    2.27    8.91    1.33    0.03   10.27  0.846
   3.031  0.292 10.92    2.50    6.90    1.45    0.03    8.38 8.312E+00

  10.589 21.128  4.38    2.01    7.80    1.14    0.02    8.96  0.846
   3.076  0.311 10.60    2.21    5.53    1.24    0.02    6.79 7.280E+00

  10.589 21.684  4.64    1.82    6.80    1.00    0.01    7.81  0.845
   3.095  0.330 10.31    1.99    4.31    1.08    0.01    5.40 6.227E+00

  10.589 22.313  4.91    1.67    5.90    0.88    0.01    6.79  0.843
   3.099  0.350 10.02    1.82    3.21    0.95    0.01    4.17 5.245E+00

  10.589 22.887  5.18    1.54    5.05    0.78    0.01    5.84  0.841
   3.108  0.369  9.74    1.66    2.16    0.85    0.01    3.01 4.454E+00

  10.589 23.220  5.40    1.40    4.19    0.69    0.00    4.88  0.839
   3.151  0.387  9.43    1.51    1.08    0.74    0.00    1.83 3.937E+00

  10.589 23.476  5.59    1.29    3.42    0.62    0.00    4.04  0.837
   3.192  0.403  9.17    1.39    0.14    0.67    0.00    0.81 3.545E+00

  0.000 0.000  0.000 .000  0.00  0.00  0.00  0.00  0.00  0.00 0.000
                           0.00  0.00  0.00  0.00  0.00  0.00 0.000E+00

