EXTERNAL/TSAI:  VERSION OF 8/8/96

Marathon                                                                
He3_kin13.inp                                                           
                                                                        
Hall A 2018: 25 cm He3 target                                           
Nominal values - not exact                                              

----*----1----*----2----*----3----*----4----*----5----*----6----*----7--
                                                                        

TARGET (iZ,iA) = (  2,  3);   avgA =   3.000; amuM=  3.016; avgM=  2.809
 targ=TRITIUM; ttarg(rl)=0.00075; twall=0.00481; tbeam=0.00342; tspec=0.00732
         Nseg  =   4
 MODELS: P elastc(ikk)=14; deut elastic=13; inelastc=206; Pauli Supresion= 4
 NUCLEAR METHOD= 1;   NUCLEAR_MODEL= 1

    E1    TH    Q2 COS_K         SMR     NUC          INT-SMR
    EP     X    W2 QE-PK  INELA  Q-ELA  ELAST   TOTAL  MODEL

  10.589 30.110  8.53    0.85   -2.63    0.36    0.00   -2.28  0.828
   2.985  0.598  6.62    0.90   -7.10    0.39    0.00   -6.71 5.032E-01

  10.589 30.329  8.71    0.82   -3.11    0.35    0.00   -2.76  0.835
   3.004  0.612  6.41    0.86   -7.67    0.38    0.00   -7.29 4.437E-01

  10.589 30.632  8.95    0.78   -3.73    0.34    0.00   -3.39  0.848
   3.029  0.631  6.12    0.82   -8.42    0.37    0.00   -8.05 3.720E-01

  10.589 30.924  9.19    0.74   -4.34    0.34    0.00   -4.00  0.867
   3.054  0.650  5.83    0.79   -9.16    0.37    0.00   -8.80 3.092E-01

  10.589 31.219  9.44    0.71   -4.96    0.34    0.00   -4.62  0.892
   3.079  0.670  5.53    0.76   -9.90    0.37    0.00   -9.53 2.547E-01

  10.589 31.567  9.70    0.69   -5.55    0.35    0.00   -5.19  0.925
   3.095  0.690  5.24    0.73  -10.62    0.38    0.00  -10.24 2.070E-01

  10.589 31.971  9.97    0.68   -6.11    0.38    0.00   -5.73  0.967
   3.103  0.709  4.96    0.72  -11.27    0.40    0.00  -10.86 1.658E-01

  10.589 32.350 10.23    0.67   -6.68    0.41    0.00   -6.27  1.021
   3.113  0.729  4.68    0.71  -11.93    0.43    0.00  -11.50 1.320E-01

  10.589 32.600 10.47    0.66   -7.25    0.45    0.00   -6.80  1.091
   3.138  0.749  4.39    0.71  -12.61    0.48    0.00  -12.14 1.063E-01

  10.589 32.834 10.70    0.66   -7.83    0.51    0.00   -7.32  1.180
   3.164  0.768  4.11    0.71  -13.30    0.54    0.00  -12.76 8.517E-02

  10.589 33.048 10.93    0.67   -8.46    0.59    0.00   -7.87  1.286
   3.190  0.787  3.84    0.72  -14.03    0.62    0.00  -13.41 6.840E-02

  10.589 33.286 11.14    0.69   -9.03    0.69    0.00   -8.34  1.398
   3.207  0.804  3.59    0.75  -14.69    0.72    0.00  -13.97 5.533E-02

  0.000 0.000  0.000 .000  0.00  0.00  0.00  0.00  0.00  0.00 0.000
                           0.00  0.00  0.00  0.00  0.00  0.00 0.000E+00

