EXTERNAL/TSAI:  VERSION OF 8/8/96

Marathon                                                                
H3_kin13.inp                                                            
                                                                        
Hall A 2018: 25 cm Tritium target                                       
Nominal values - not exact                                              

----*----1----*----2----*----3----*----4----*----5----*----6----*----7--
                                                                        

TARGET (iZ,iA) = (  1,  3);   avgA =   3.000; amuM=  3.016; avgM=  2.809
 targ=TRITIUM; ttarg(rl)=0.00042; twall=0.00481; tbeam=0.00342; tspec=0.00732
         Nseg  =   4
 MODELS: P elastc(ikk)=14; deut elastic=13; inelastc=206; Pauli Supresion= 4
 NUCLEAR METHOD= 1;   NUCLEAR_MODEL= 1

    E1    TH    Q2 COS_K         SMR     NUC          INT-SMR
    EP     X    W2 QE-PK  INELA  Q-ELA  ELAST   TOTAL  MODEL

  10.589 30.110  8.53    0.83   -2.78    0.33    0.00   -2.45  0.782
   2.986  0.598  6.62    0.88   -7.28    0.36    0.00   -6.93 3.914E-01

  10.589 30.332  8.71    0.80   -3.14    0.32    0.00   -2.82  0.785
   3.004  0.612  6.41    0.85   -7.73    0.35    0.00   -7.38 3.446E-01

  10.589 30.630  8.95    0.77   -3.68    0.32    0.00   -3.36  0.793
   3.029  0.631  6.12    0.81   -8.37    0.34    0.00   -8.03 2.878E-01

  10.589 30.924  9.19    0.74   -4.33    0.32    0.00   -4.01  0.807
   3.054  0.650  5.83    0.78   -9.13    0.34    0.00   -8.80 2.383E-01

  10.589 31.221  9.44    0.72   -4.88    0.32    0.00   -4.56  0.827
   3.079  0.670  5.53    0.75   -9.80    0.34    0.00   -9.45 1.957E-01

  10.589 31.563  9.70    0.69   -5.42    0.33    0.00   -5.09  0.853
   3.096  0.690  5.24    0.73  -10.43    0.35    0.00  -10.08 1.591E-01

  10.589 31.980  9.97    0.68   -5.91    0.35    0.00   -5.57  0.887
   3.102  0.710  4.96    0.72  -11.01    0.37    0.00  -10.64 1.273E-01

  10.589 32.358 10.23    0.67   -6.45    0.37    0.00   -6.08  0.933
   3.112  0.729  4.68    0.71  -11.64    0.40    0.00  -11.24 1.018E-01

  10.589 32.605 10.47    0.66   -7.03    0.41    0.00   -6.62  0.994
   3.137  0.749  4.39    0.70  -12.32    0.43    0.00  -11.89 8.254E-02

  10.589 32.830 10.71    0.65   -7.65    0.46    0.00   -7.19  1.073
   3.165  0.768  4.11    0.70  -13.05    0.48    0.00  -12.57 6.665E-02

  10.589 33.029 10.92    0.66   -8.23    0.52    0.00   -7.70  1.162
   3.190  0.786  3.85    0.71  -13.72    0.55    0.00  -13.17 5.449E-02

  10.589 33.275 11.14    0.67   -8.88    0.61    0.00   -8.27  1.268
   3.210  0.805  3.58    0.72  -14.49    0.63    0.00  -13.85 4.406E-02

  0.000 0.000  0.000 .000  0.00  0.00  0.00  0.00  0.00  0.00 0.000
                           0.00  0.00  0.00  0.00  0.00  0.00 0.000E+00

