EXTERNAL/TSAI:  VERSION OF 8/8/96

Marathon                                                                
D2_kin9.inp                                                             
                                                                        
Hall A 2018: 25 cm Deuterium target                                     
Nominal values - not exact                                              

----*----1----*----2----*----3----*----4----*----5----*----6----*----7--
                                                                        

TARGET (iZ,iA) = (  1,  2);   avgA =   2.000; amuM=  2.013; avgM=  1.875
 targ=TRITIUM; ttarg(rl)=0.00114; twall=0.00481; tbeam=0.00342; tspec=0.00732
         Nseg  =   4
 MODELS: P elastc(ikk)=14; deut elastic=13; inelastc=206; Pauli Supresion= 4
 NUCLEAR METHOD= 1;   NUCLEAR_MODEL= 1

    E1    TH    Q2 COS_K         SMR     NUC          INT-SMR
    EP     X    W2 QE-PK  INELA  Q-ELA  ELAST   TOTAL  MODEL

 Deut Elastic Model: ia,iamec,rsc,rscmec (1,2,3,4)=  3
 TJON DEUT ELASTIC FILESS TO BE OPEN=rscctj.tjon_input   rscqtj.tjon_input   rscmtj.tjon_input   
  10.589 26.201  6.51    1.16    2.01    0.59    0.00    2.61  0.934
   2.991  0.457  8.63    1.25   -1.55    0.64    0.00   -0.91 1.151E+00

  10.589 26.469  6.70    1.09    1.41    0.54    0.00    1.96  0.931
   3.019  0.472  8.39    1.17   -2.30    0.59    0.00   -1.70 1.027E+00

  10.589 26.808  6.94    1.02    0.68    0.50    0.00    1.18  0.926
   3.050  0.491  8.09    1.09   -3.19    0.54    0.00   -2.64 8.872E-01

  10.589 27.148  7.19    0.95   -0.05    0.45    0.00    0.41  0.924
   3.081  0.510  7.78    1.02   -4.08    0.50    0.00   -3.58 7.607E-01

  10.589 27.573  7.45    0.90   -0.70    0.42    0.00   -0.27  0.919
   3.096  0.530  7.49    0.96   -4.87    0.46    0.00   -4.41 6.428E-01

  10.589 28.068  7.72    0.86   -1.33    0.40    0.00   -0.93  0.916
   3.101  0.550  7.21    0.91   -5.63    0.43    0.00   -5.20 5.343E-01

  10.589 28.510  7.99    0.82   -1.96    0.38    0.00   -1.58  0.913
   3.111  0.569  6.92    0.87   -6.39    0.41    0.00   -5.98 4.454E-01

  10.589 28.805  8.23    0.77   -2.60    0.36    0.00   -2.24  0.911
   3.140  0.589  6.63    0.82   -7.17    0.39    0.00   -6.78 3.771E-01

  10.589 29.007  8.44    0.73   -3.22    0.34    0.00   -2.88  0.910
   3.178  0.607  6.34    0.78   -7.93    0.37    0.00   -7.56 3.233E-01

  10.589 29.255  8.65    0.70   -3.73    0.33    0.00   -3.40  0.911
   3.201  0.624  6.10    0.75   -8.55    0.36    0.00   -8.19 2.783E-01

  0.000 0.000  0.000 .000  0.00  0.00  0.00  0.00  0.00  0.00 0.000
                           0.00  0.00  0.00  0.00  0.00  0.00 0.000E+00

