EXTERNAL/TSAI:  VERSION OF 8/8/96

Marathon                                                                
D2_kin7.inp                                                             
                                                                        
Hall A 2018: 25 cm Deuterium target                                     
Nominal values - not exact                                              

----*----1----*----2----*----3----*----4----*----5----*----6----*----7--
                                                                        

TARGET (iZ,iA) = (  1,  2);   avgA =   2.000; amuM=  2.013; avgM=  1.875
 targ=TRITIUM; ttarg(rl)=0.00114; twall=0.00481; tbeam=0.00342; tspec=0.00732
         Nseg  =   4
 MODELS: P elastc(ikk)=14; deut elastic=13; inelastc=206; Pauli Supresion= 4
 NUCLEAR METHOD= 1;   NUCLEAR_MODEL= 1

    E1    TH    Q2 COS_K         SMR     NUC          INT-SMR
    EP     X    W2 QE-PK  INELA  Q-ELA  ELAST   TOTAL  MODEL

 Deut Elastic Model: ia,iamec,rsc,rscmec (1,2,3,4)=  3
 TJON DEUT ELASTIC FILESS TO BE OPEN=rscctj.tjon_input   rscqtj.tjon_input   rscmtj.tjon_input   
  10.589 23.917  5.42    1.49    4.97    0.86    0.01    5.84  0.953
   2.981  0.380  9.74    1.63    2.04    0.94    0.01    2.99 2.259E+00

  10.589 24.188  5.59    1.40    4.33    0.79    0.01    5.12  0.950
   3.008  0.393  9.51    1.52    1.26    0.86    0.01    2.12 2.049E+00

  10.589 24.536  5.82    1.29    3.53    0.70    0.00    4.24  0.945
   3.043  0.411  9.22    1.40    0.28    0.77    0.00    1.05 1.801E+00

  10.589 24.901  6.06    1.19    2.70    0.62    0.00    3.33  0.938
   3.080  0.430  8.91    1.28   -0.74    0.68    0.00   -0.05 1.564E+00

  10.589 25.373  6.32    1.11    1.96    0.57    0.00    2.53  0.936
   3.095  0.450  8.62    1.19   -1.64    0.62    0.00   -1.02 1.332E+00

  10.589 25.907  6.60    1.05    1.26    0.52    0.00    1.78  0.931
   3.100  0.469  8.34    1.12   -2.50    0.57    0.00   -1.93 1.120E+00

  10.589 26.395  6.87    0.99    0.57    0.48    0.00    1.05  0.926
   3.110  0.489  8.05    1.06   -3.33    0.52    0.00   -2.81 9.443E-01

  10.589 26.707  7.10    0.92   -0.14    0.44    0.00    0.30  0.922
   3.143  0.508  7.75    0.98   -4.21    0.48    0.00   -3.73 8.155E-01

  10.589 26.938  7.31    0.87   -0.79    0.41    0.00   -0.38  0.918
   3.181  0.526  7.47    0.92   -5.01    0.44    0.00   -4.56 7.146E-01

  10.589 27.215  7.53    0.81   -1.45    0.38    0.00   -1.07  0.916
   3.214  0.544  7.19    0.87   -5.81    0.41    0.00   -5.40 6.161E-01

  0.000 0.000  0.000 .000  0.00  0.00  0.00  0.00  0.00  0.00 0.000
                           0.00  0.00  0.00  0.00  0.00  0.00 0.000E+00

