EXTERNAL/TSAI:  VERSION OF 8/8/96

Marathon                                                                
He3_kin5.inp                                                            
                                                                        
Hall A 2018: 25 cm He3 target                                           
Nominal values - not exact                                              

----*----1----*----2----*----3----*----4----*----5----*----6----*----7--
                                                                        

TARGET (iZ,iA) = (  2,  3);   avgA =   3.000; amuM=  3.016; avgM=  2.809
 targ=TRITIUM; ttarg(rl)=0.00075; twall=0.00481; tbeam=0.00342; tspec=0.00732
         Nseg  =   4
 MODELS: P elastc(ikk)=14; deut elastic=13; inelastc=206; Pauli Supresion= 4
 NUCLEAR METHOD= 1;   NUCLEAR_MODEL= 1

    E1    TH    Q2 COS_K         SMR     NUC          INT-SMR
    EP     X    W2 QE-PK  INELA  Q-ELA  ELAST   TOTAL  MODEL

  10.589 21.700  4.50    2.05    7.80    1.16    0.02    8.97  0.845
   2.999  0.316 10.62    2.25    5.53    1.26    0.02    6.81 6.516E+00

  10.589 22.024  4.69    1.87    6.91    1.02    0.01    7.95  0.844
   3.038  0.331 10.36    2.05    4.45    1.11    0.01    5.57 5.868E+00

  10.589 22.441  4.94    1.68    5.93    0.89    0.01    6.82  0.843
   3.079  0.350 10.03    1.83    3.23    0.96    0.01    4.20 5.125E+00

  10.589 22.971  5.20    1.54    5.07    0.78    0.01    5.85  0.841
   3.096  0.370  9.74    1.67    2.17    0.85    0.01    3.03 4.387E+00

  10.589 23.568  5.48    1.43    4.24    0.70    0.00    4.94  0.838
   3.100  0.390  9.46    1.54    1.16    0.76    0.00    1.92 3.699E+00

  10.589 24.107  5.74    1.32    3.42    0.63    0.00    4.05  0.835
   3.109  0.409  9.17    1.42    0.16    0.68    0.00    0.84 3.145E+00

  10.589 24.433  5.97    1.21    2.55    0.56    0.00    3.11  0.832
   3.149  0.428  8.87    1.30   -0.89    0.61    0.00   -0.28 2.762E+00

  10.589 24.670  6.16    1.13    1.92    0.51    0.00    2.43  0.829
   3.189  0.444  8.60    1.20   -1.68    0.55    0.00   -1.13 2.478E+00

  0.000 0.000  0.000 .000  0.00  0.00  0.00  0.00  0.00  0.00 0.000
                           0.00  0.00  0.00  0.00  0.00  0.00 0.000E+00

