EXTERNAL/TSAI:  VERSION OF 8/8/96

Marathon                                                                
He3_kin2.inp                                                            
                                                                        
Hall A 2018: 25 cm He3 target                                           
Nominal values - not exact                                              

----*----1----*----2----*----3----*----4----*----5----*----6----*----7--
                                                                        

TARGET (iZ,iA) = (  2,  3);   avgA =   3.000; amuM=  3.016; avgM=  2.809
 targ=TRITIUM; ttarg(rl)=0.00075; twall=0.00481; tbeam=0.00342; tspec=0.00732
         Nseg  =   4
 MODELS: P elastc(ikk)=14; deut elastic=13; inelastc=206; Pauli Supresion= 4
 NUCLEAR METHOD= 1;   NUCLEAR_MODEL= 1

    E1    TH    Q2 COS_K         SMR     NUC          INT-SMR
    EP     X    W2 QE-PK  INELA  Q-ELA  ELAST   TOTAL  MODEL

  10.589 17.745  3.05    3.56   13.48    2.38    0.12   15.97  0.835
   3.023  0.215 12.03    4.00   12.61    2.59    0.12   15.31 1.762E+01

  10.589 18.185  3.25    3.11   12.22    2.02    0.09   14.33  0.840
   3.076  0.231 11.73    3.48   11.04    2.20    0.09   13.32 1.552E+01

  10.589 18.831  3.51    2.74   10.98    1.72    0.06   12.77  0.844
   3.097  0.250 11.43    3.05    9.49    1.87    0.06   11.42 1.307E+01

  10.589 19.560  3.79    2.45    9.86    1.49    0.04   11.39  0.846
   3.100  0.270 11.15    2.71    8.08    1.61    0.04    9.74 1.082E+01

  10.589 20.190  4.05    2.19    8.79    1.29    0.03   10.11  0.847
   3.112  0.289 10.86    2.42    6.76    1.40    0.03    8.19 9.149E+00

  10.589 20.517  4.25    1.97    7.79    1.12    0.02    8.92  0.848
   3.164  0.305 10.56    2.16    5.51    1.21    0.02    6.74 8.213E+00

  10.589 20.903  4.47    1.76    6.76    0.97    0.01    7.74  0.847
   3.208  0.323 10.26    1.93    4.23    1.05    0.01    5.29 7.253E+00

  0.000 0.000  0.000 .000  0.00  0.00  0.00  0.00  0.00  0.00 0.000
                           0.00  0.00  0.00  0.00  0.00  0.00 0.000E+00

