EXTERNAL/TSAI:  VERSION OF 8/8/96

Marathon                                                                
He3_kin15.inp                                                           
                                                                        
Hall A 2018: 25 cm He3 target                                           
Nominal values - not exact                                              

----*----1----*----2----*----3----*----4----*----5----*----6----*----7--
                                                                        

TARGET (iZ,iA) = (  2,  3);   avgA =   3.000; amuM=  3.016; avgM=  2.809
 targ=TRITIUM; ttarg(rl)=0.00075; twall=0.00481; tbeam=0.00342; tspec=0.00732
         Nseg  =   4
 MODELS: P elastc(ikk)=14; deut elastic=13; inelastc=206; Pauli Supresion= 4
 NUCLEAR METHOD= 1;   NUCLEAR_MODEL= 1

    E1    TH    Q2 COS_K         SMR     NUC          INT-SMR
    EP     X    W2 QE-PK  INELA  Q-ELA  ELAST   TOTAL  MODEL

  10.589 32.027  9.63    0.74   -4.91    0.36    0.00   -4.55  0.889
   2.989  0.675  5.51    0.79   -9.81    0.38    0.00   -9.42 2.222E-01

  10.589 32.259  9.83    0.72   -5.39    0.37    0.00   -5.03  0.916
   3.008  0.691  5.27    0.77  -10.38    0.39    0.00   -9.99 1.890E-01

  10.589 32.549 10.08    0.70   -5.99    0.38    0.00   -5.60  0.957
   3.030  0.711  4.98    0.75  -11.09    0.41    0.00  -10.68 1.537E-01

  10.589 32.823 10.32    0.69   -6.57    0.41    0.00   -6.16  1.011
   3.053  0.730  4.70    0.73  -11.79    0.44    0.00  -11.35 1.243E-01

  10.589 33.097 10.57    0.68   -7.16    0.46    0.00   -6.71  1.081
   3.077  0.750  4.40    0.73  -12.48    0.48    0.00  -12.00 9.924E-02

  10.589 33.405 10.83    0.68   -7.74    0.52    0.00   -7.22  1.167
   3.094  0.770  4.12    0.73  -13.16    0.55    0.00  -12.61 7.852E-02

  10.589 33.779 11.09    0.69   -8.36    0.60    0.00   -7.76  1.270
   3.102  0.789  3.84    0.74  -13.87    0.63    0.00  -13.25 6.139E-02

  10.589 34.152 11.36    0.71   -8.98    0.72    0.00   -8.27  1.395
   3.109  0.809  3.56    0.77  -14.59    0.75    0.00  -13.84 4.750E-02

  10.589 34.386 11.60    0.74   -9.46    0.88    0.00   -8.58  1.549
   3.134  0.829  3.27    0.82  -15.14    0.91    0.00  -14.23 3.701E-02

  10.589 34.595 11.83    0.73  -11.78    1.02    0.00  -10.77  1.721
   3.159  0.848  2.99    0.81  -17.91    1.04    0.00  -16.87 3.151E-02

  0.000 0.000  0.000 .000  0.00  0.00  0.00  0.00  0.00  0.00 0.000
                           0.00  0.00  0.00  0.00  0.00  0.00 0.000E+00

