EXTERNAL/TSAI:  VERSION OF 8/8/96

Marathon                                                                
He3_kin1.inp                                                            
                                                                        
Hall A 2018: 25 cm He3 target                                           
Nominal values - not exact                                              

----*----1----*----2----*----3----*----4----*----5----*----6----*----7--
                                                                        

TARGET (iZ,iA) = (  2,  3);   avgA =   3.000; amuM=  3.016; avgM=  2.809
 targ=TRITIUM; ttarg(rl)=0.00075; twall=0.00481; tbeam=0.00342; tspec=0.00732
         Nseg  =   4
 MODELS: P elastc(ikk)=14; deut elastic=13; inelastc=206; Pauli Supresion= 4
 NUCLEAR METHOD= 1;   NUCLEAR_MODEL= 1

    E1    TH    Q2 COS_K         SMR     NUC          INT-SMR
    EP     X    W2 QE-PK  INELA  Q-ELA  ELAST   TOTAL  MODEL

  10.589 16.120  2.51    4.68   16.19    3.29    0.25   19.73  0.819
   3.013  0.176 12.59    5.31   16.07    3.58    0.26   19.90 2.685E+01

  10.589 16.554  2.70    4.06   14.82    2.79    0.18   17.79  0.827
   3.072  0.191 12.29    4.59   14.35    3.04    0.19   17.58 2.368E+01

  10.589 17.242  2.95    3.52   13.49    2.36    0.13   15.97  0.835
   3.097  0.210 11.99    3.96   12.65    2.56    0.13   15.34 1.969E+01

  10.589 18.036  3.23    3.09   12.21    2.01    0.09   14.30  0.840
   3.100  0.230 11.71    3.46   11.03    2.18    0.09   13.30 1.602E+01

  10.589 18.708  3.49    2.73   10.99    1.72    0.06   12.77  0.844
   3.115  0.248 11.42    3.04    9.50    1.87    0.06   11.43 1.342E+01

  10.589 19.042  3.67    2.43    9.96    1.49    0.04   11.49  0.847
   3.168  0.264 11.13    2.69    8.21    1.61    0.04    9.87 1.209E+01

  0.000 0.000  0.000 .000  0.00  0.00  0.00  0.00  0.00  0.00 0.000
                           0.00  0.00  0.00  0.00  0.00  0.00 0.000E+00

