EXTERNAL/TSAI:  VERSION OF 8/8/96

Marathon                                                                
H3_kin15.inp                                                            
                                                                        
Hall A 2018: 25 cm Tritium target                                       
Nominal values - not exact                                              

----*----1----*----2----*----3----*----4----*----5----*----6----*----7--
                                                                        

TARGET (iZ,iA) = (  1,  3);   avgA =   3.000; amuM=  3.016; avgM=  2.809
 targ=TRITIUM; ttarg(rl)=0.00042; twall=0.00481; tbeam=0.00342; tspec=0.00732
         Nseg  =   4
 MODELS: P elastc(ikk)=14; deut elastic=13; inelastc=206; Pauli Supresion= 4
 NUCLEAR METHOD= 1;   NUCLEAR_MODEL= 1

    E1    TH    Q2 COS_K         SMR     NUC          INT-SMR
    EP     X    W2 QE-PK  INELA  Q-ELA  ELAST   TOTAL  MODEL

  10.589 32.029  9.63    0.74   -4.82    0.33    0.00   -4.49  0.823
   2.989  0.675  5.51    0.79   -9.68    0.36    0.00   -9.33 1.706E-01

  10.589 32.262  9.83    0.73   -5.27    0.34    0.00   -4.93  0.844
   3.007  0.691  5.27    0.77  -10.21    0.36    0.00   -9.85 1.451E-01

  10.589 32.543 10.08    0.71   -5.79    0.35    0.00   -5.44  0.878
   3.030  0.710  4.99    0.75  -10.84    0.38    0.00  -10.46 1.185E-01

  10.589 32.830 10.33    0.69   -6.35    0.38    0.00   -5.97  0.924
   3.053  0.730  4.70    0.73  -11.49    0.40    0.00  -11.09 9.586E-02

  10.589 33.104 10.57    0.68   -6.92    0.41    0.00   -6.51  0.984
   3.076  0.750  4.41    0.72  -12.17    0.44    0.00  -11.73 7.722E-02

  10.589 33.419 10.83    0.67   -7.53    0.46    0.00   -7.06  1.059
   3.092  0.770  4.12    0.72  -12.87    0.49    0.00  -12.39 6.165E-02

  10.589 33.816 11.10    0.68   -8.12    0.53    0.00   -7.59  1.150
   3.098  0.790  3.84    0.73  -13.56    0.56    0.00  -13.00 4.831E-02

  10.589 34.149 11.36    0.69   -8.84    0.63    0.00   -8.21  1.261
   3.110  0.809  3.56    0.74  -14.39    0.65    0.00  -13.74 3.815E-02

  10.589 34.364 11.59    0.71   -9.99    0.76    0.00   -9.24  1.396
   3.136  0.829  3.28    0.77  -15.73    0.78    0.00  -14.96 3.041E-02

  10.589 34.614 11.84    0.84   -8.83    1.06    0.00   -7.77  1.552
   3.158  0.849  2.99    0.93  -14.25    1.08    0.00  -13.16 2.109E-02

  0.000 0.000  0.000 .000  0.00  0.00  0.00  0.00  0.00  0.00 0.000
                           0.00  0.00  0.00  0.00  0.00  0.00 0.000E+00

