EXTERNAL/TSAI:  VERSION OF 8/8/96

Marathon                                                                
H3_kin1.inp                                                             
                                                                        
Hall A 2018: 25 cm Tritium target                                       
Nominal values - not exact                                              

----*----1----*----2----*----3----*----4----*----5----*----6----*----7--
                                                                        

TARGET (iZ,iA) = (  1,  3);   avgA =   3.000; amuM=  3.016; avgM=  2.809
 targ=TRITIUM; ttarg(rl)=0.00042; twall=0.00481; tbeam=0.00342; tspec=0.00732
         Nseg  =   4
 MODELS: P elastc(ikk)=14; deut elastic=13; inelastc=206; Pauli Supresion= 4
 NUCLEAR METHOD= 1;   NUCLEAR_MODEL= 1

    E1    TH    Q2 COS_K         SMR     NUC          INT-SMR
    EP     X    W2 QE-PK  INELA  Q-ELA  ELAST   TOTAL  MODEL

  10.589 16.116  2.51    3.43   15.30    2.63    0.28   18.21  0.863
   3.014  0.176 12.59    3.89   14.78    2.85    0.28   17.91 2.476E+01

  10.589 16.553  2.70    3.02   14.02    2.26    0.20   16.48  0.869
   3.073  0.191 12.29    3.41   13.16    2.45    0.20   15.81 2.168E+01

  10.589 17.240  2.95    2.67   12.71    1.94    0.14   14.79  0.874
   3.098  0.210 11.99    3.00   11.52    2.10    0.14   13.76 1.787E+01

  10.589 18.028  3.22    2.39   11.48    1.68    0.10   13.25  0.877
   3.101  0.229 11.71    2.67    9.97    1.81    0.10   11.88 1.443E+01

  10.589 18.707  3.49    2.15   10.31    1.45    0.07   11.83  0.878
   3.115  0.249 11.42    2.38    8.52    1.57    0.07   10.15 1.196E+01

  10.589 19.039  3.67    1.93    9.29    1.26    0.05   10.60  0.877
   3.170  0.264 11.13    2.14    7.25    1.37    0.05    8.67 1.070E+01

  10.589 19.464  3.89    1.75    8.25    1.10    0.03    9.38  0.875
   3.213  0.281 10.83    1.92    5.97    1.18    0.03    7.19 9.354E+00

  0.000 0.000  0.000 .000  0.00  0.00  0.00  0.00  0.00  0.00 0.000
                           0.00  0.00  0.00  0.00  0.00  0.00 0.000E+00

