EXTERNAL/TSAI:  VERSION OF 8/8/96

Marathon                                                                
H3_kin5.inp                                                             
                                                                        
Hall A 2018: 25 cm Tritium target                                       
Nominal values - not exact                                              

----*----1----*----2----*----3----*----4----*----5----*----6----*----7--
                                                                        

TARGET (iZ,iA) = (  1,  3);   avgA =   3.000; amuM=  3.016; avgM=  2.809
 targ=TRITIUM; ttarg(rl)=0.00045; twall=0.00481; tbeam=0.00291; tspec=0.00759
         Nseg  =   4
 MODELS: P elastc(ikk)=14; deut elastic=13; inelastc=206; Pauli Supresion= 4
 NUCLEAR METHOD= 1;   NUCLEAR_MODEL= 1
 DIS MODEL=111

    E1    TH    Q2 COS_K         SMR     NUC          INT-SMR
    EP     X    W2 QE-PK  INELA  Q-ELA  ELAST   TOTAL  MODEL

  10.589 22.067  4.73    1.56    6.28    0.88    0.01    7.18  0.860
   3.047  0.334 10.31    1.68    3.46    0.94    0.01    4.41 4.931E+00

  10.589 22.706  5.08    1.38    4.98    0.73    0.01    5.72  0.851
   3.094  0.361  9.87    1.48    1.88    0.78    0.01    2.66 4.000E+00

  10.589 23.515  5.46    1.25    3.85    0.63    0.00    4.49  0.840
   3.104  0.389  9.47    1.34    0.52    0.67    0.00    1.19 3.141E+00

  10.589 24.259  5.85    1.13    2.63    0.53    0.00    3.17  0.828
   3.131  0.418  9.02    1.20   -0.95    0.56    0.00   -0.38 2.456E+00

  0.000 0.000  0.000 .000  0.00  0.00  0.00  0.00  0.00  0.00 0.000
                           0.00  0.00  0.00  0.00  0.00  0.00 0.000E+00

