EXTERNAL/TSAI:  VERSION OF 8/8/96

Marathon                                                                
H1_kin4.inp                                                             
                                                                        
Hall A 2018: 25 cm Deuterium target                                     
Nominal values - not exact                                              

----*----1----*----2----*----3----*----4----*----5----*----6----*----7--
                                                                        

TARGET (iZ,iA) = (  1,  1);   avgA =   1.000; amuM=  1.007; avgM=  0.938
 targ=TRITIUM; ttarg(rl)=0.00113; twall=0.00478; tbeam=0.00406; tspec=0.00759
         Nseg  =   4
 MODELS: P elastc(ikk)=14; deut elastic=13; inelastc=206; Pauli Supresion= 4
 NUCLEAR METHOD= 1;   NUCLEAR_MODEL= 1
 DIS MODEL=111

    E1    TH    Q2 COS_K         SMR     NUC          INT-SMR
    EP     X    W2 QE-PK  INELA  Q-ELA  ELAST   TOTAL  MODEL

  10.589 20.818  4.21    2.49    9.26    0.00    2.51   11.77  1.000
   3.048  0.298 10.82    2.79    7.53    0.00    2.81   10.34 3.001E+00

  10.589 21.525  4.57    2.10    7.72    0.00    2.11    9.84  1.000
   3.093  0.325 10.38    2.33    5.59    0.00    2.35    7.94 2.467E+00

  10.589 22.416  4.96    1.82    6.37    0.00    1.83    8.20  1.000
   3.101  0.353  9.97    2.01    3.88    0.00    2.02    5.90 1.954E+00

  10.589 23.100  5.32    1.58    5.09    0.00    1.59    6.68  1.000
   3.132  0.380  9.56    1.74    2.28    0.00    1.75    4.03 1.601E+00

  0.000 0.000  0.000 .000  0.00  0.00  0.00  0.00  0.00  0.00 0.000
                           0.00  0.00  0.00  0.00  0.00  0.00 0.000E+00

