EXTERNAL/TSAI:  VERSION OF 8/8/96

Marathon                                                                
H3_kin7.inp                                                             
                                                                        
Hall A 2018: 25 cm Tritium target                                       
Nominal values - not exact                                              

----*----1----*----2----*----3----*----4----*----5----*----6----*----7--
                                                                        

TARGET (iZ,iA) = (  1,  3);   avgA =   3.000; amuM=  3.016; avgM=  2.809
 targ=TRITIUM; ttarg(rl)=0.00045; twall=0.00481; tbeam=0.00291; tspec=0.00759
         Nseg  =   4
 MODELS: P elastc(ikk)=14; deut elastic=13; inelastc=206; Pauli Supresion= 4
 NUCLEAR METHOD= 1;   NUCLEAR_MODEL= 1
 DIS MODEL=111

    E1    TH    Q2 COS_K         SMR     NUC          INT-SMR
    EP     X    W2 QE-PK  INELA  Q-ELA  ELAST   TOTAL  MODEL

  10.589 24.529  5.82    1.21    3.14    0.58    0.00    3.73  0.830
   3.046  0.411  9.21    1.29   -0.32    0.62    0.00    0.30 2.442E+00

  10.589 25.216  6.24    1.07    1.82    0.49    0.00    2.31  0.817
   3.094  0.444  8.70    1.14   -1.91    0.51    0.00   -1.40 1.889E+00

  10.589 26.056  6.68    0.99    0.73    0.42    0.00    1.15  0.804
   3.104  0.476  8.25    1.04   -3.23    0.45    0.00   -2.78 1.426E+00

  10.589 26.677  7.08    0.90   -0.40    0.37    0.00   -0.03  0.795
   3.142  0.507  7.77    0.94   -4.58    0.39    0.00   -4.19 1.099E+00

  0.000 0.000  0.000 .000  0.00  0.00  0.00  0.00  0.00  0.00 0.000
                           0.00  0.00  0.00  0.00  0.00  0.00 0.000E+00

