EXTERNAL/TSAI:  VERSION OF 8/8/96

Marathon                                                                
H3_kin9.inp                                                             
                                                                        
Hall A 2018: 25 cm Tritium target                                       
Nominal values - not exact                                              

----*----1----*----2----*----3----*----4----*----5----*----6----*----7--
                                                                        

TARGET (iZ,iA) = (  1,  3);   avgA =   3.000; amuM=  3.016; avgM=  2.809
 targ=TRITIUM; ttarg(rl)=0.00045; twall=0.00481; tbeam=0.00291; tspec=0.00759
         Nseg  =   4
 MODELS: P elastc(ikk)=14; deut elastic=13; inelastc=206; Pauli Supresion= 4
 NUCLEAR METHOD= 1;   NUCLEAR_MODEL= 1
 DIS MODEL=111

    E1    TH    Q2 COS_K         SMR     NUC          INT-SMR
    EP     X    W2 QE-PK  INELA  Q-ELA  ELAST   TOTAL  MODEL

  10.589 26.647  6.83    1.01    0.66    0.43    0.00    1.09  0.802
   3.038  0.482  8.22    1.06   -3.28    0.46    0.00   -2.82 1.270E+00

  10.589 27.265  7.26    0.91   -0.56    0.37    0.00   -0.19  0.792
   3.088  0.516  7.69    0.95   -4.76    0.39    0.00   -4.36 9.637E-01

  10.589 28.052  7.72    0.84   -1.65    0.34    0.00   -1.31  0.785
   3.104  0.550  7.20    0.88   -6.04    0.36    0.00   -5.69 7.066E-01

  10.589 28.744  8.19    0.77   -2.79    0.31    0.00   -2.48  0.786
   3.139  0.586  6.67    0.80   -7.41    0.33    0.00   -7.08 5.079E-01

  0.000 0.000  0.000 .000  0.00  0.00  0.00  0.00  0.00  0.00 0.000
                           0.00  0.00  0.00  0.00  0.00  0.00 0.000E+00

