EXTERNAL/TSAI:  VERSION OF 8/8/96

Marathon                                                                
He3_kin15.inp                                                           
                                                                        
Hall A 2018: 25 cm He3 target                                           
Nominal values - not exact                                              

----*----1----*----2----*----3----*----4----*----5----*----6----*----7--
                                                                        

TARGET (iZ,iA) = (  2,  3);   avgA =   3.000; amuM=  3.016; avgM=  2.809
 targ=TRITIUM; ttarg(rl)=0.00075; twall=0.00519; tbeam=0.00285; tspec=0.00759
         Nseg  =   4
 MODELS: P elastc(ikk)=14; deut elastic=13; inelastc=206; Pauli Supresion= 4
 NUCLEAR METHOD= 1;   NUCLEAR_MODEL= 1
 DIS MODEL=111

    E1    TH    Q2 COS_K         SMR     NUC          INT-SMR
    EP     X    W2 QE-PK  INELA  Q-ELA  ELAST   TOTAL  MODEL

  10.589 32.359  9.92    0.71   -5.53    0.37    0.00   -5.17  0.929
   3.017  0.698  5.17    0.74  -10.78    0.39    0.00  -10.39 1.778E-01

  10.589 32.916 10.42    0.67   -6.76    0.42    0.00   -6.34  1.035
   3.064  0.738  4.59    0.71  -12.23    0.44    0.00  -11.79 1.168E-01

  10.589 33.566 10.95    0.67   -8.07    0.54    0.00   -7.53  1.215
   3.101  0.779  3.98    0.71  -13.76    0.56    0.00  -13.20 7.185E-02

  10.589 34.261 11.49    0.71   -9.51    0.78    0.00   -8.72  1.482
   3.127  0.821  3.39    0.76  -15.41    0.80    0.00  -14.61 4.249E-02

  0.000 0.000  0.000 .000  0.00  0.00  0.00  0.00  0.00  0.00 0.000
                           0.00  0.00  0.00  0.00  0.00  0.00 0.000E+00

