EXTERNAL/TSAI:  VERSION OF 8/8/96

Marathon                                                                
He3_kin2.inp                                                            
                                                                        
Hall A 2018: 25 cm He3 target                                           
Nominal values - not exact                                              

----*----1----*----2----*----3----*----4----*----5----*----6----*----7--
                                                                        

TARGET (iZ,iA) = (  2,  3);   avgA =   3.000; amuM=  3.016; avgM=  2.809
 targ=TRITIUM; ttarg(rl)=0.00075; twall=0.00519; tbeam=0.00285; tspec=0.00759
         Nseg  =   4
 MODELS: P elastc(ikk)=14; deut elastic=13; inelastc=206; Pauli Supresion= 4
 NUCLEAR METHOD= 1;   NUCLEAR_MODEL= 1
 DIS MODEL=111

    E1    TH    Q2 COS_K         SMR     NUC          INT-SMR
    EP     X    W2 QE-PK  INELA  Q-ELA  ELAST   TOTAL  MODEL

  10.589 17.944  3.15    3.28   12.93    2.17    0.10   15.20  0.838
   3.053  0.222 11.88    3.62   11.52    2.31    0.10   13.93 1.673E+01

  10.589 18.690  3.46    2.78   11.30    1.76    0.06   13.12  0.844
   3.098  0.246 11.48    3.04    9.49    1.87    0.06   11.42 1.363E+01

  10.589 19.720  3.86    2.36    9.64    1.42    0.04   11.10  0.846
   3.104  0.275 11.07    2.57    7.44    1.51    0.04    8.99 1.042E+01

  10.589 20.402  4.17    2.05    8.28    1.18    0.02    9.48  0.848
   3.139  0.298 10.69    2.22    5.76    1.25    0.02    7.04 8.589E+00

  0.000 0.000  0.000 .000  0.00  0.00  0.00  0.00  0.00  0.00 0.000
                           0.00  0.00  0.00  0.00  0.00  0.00 0.000E+00

