EXTERNAL/TSAI:  VERSION OF 8/8/96

Marathon                                                                
D2_kin2.inp                                                             
                                                                        
Hall A 2018: 25 cm Deuterium target                                     
Nominal values - not exact                                              

----*----1----*----2----*----3----*----4----*----5----*----6----*----7--
                                                                        

TARGET (iZ,iA) = (  1,  2);   avgA =   2.000; amuM=  2.013; avgM=  1.875
 targ=TRITIUM; ttarg(rl)=0.00114; twall=0.00445; tbeam=0.00298; tspec=0.00759
         Nseg  =   4
 MODELS: P elastc(ikk)=14; deut elastic=13; inelastc=206; Pauli Supresion= 4
 NUCLEAR METHOD= 1;   NUCLEAR_MODEL= 1
 DIS MODEL=111

    E1    TH    Q2 COS_K         SMR     NUC          INT-SMR
    EP     X    W2 QE-PK  INELA  Q-ELA  ELAST   TOTAL  MODEL

 Deut Elastic Model: ia,iamec,rsc,rscmec (1,2,3,4)=  3
 TJON DEUT ELASTIC FILESS TO BE OPEN=rscctj.tjon_input   rscqtj.tjon_input   rscmtj.tjon_input   
  10.589 17.944  3.15    2.96   12.72    2.29    0.06   15.06  0.966
   3.053  0.222 11.88    3.30   11.59    2.48    0.06   14.13 1.048E+01

  10.589 18.691  3.46    2.52   11.11    1.86    0.04   13.01  0.970
   3.098  0.246 11.48    2.79    9.61    2.01    0.04   11.65 8.510E+00

  10.589 19.720  3.86    2.16    9.53    1.51    0.03   11.06  0.968
   3.104  0.274 11.07    2.38    7.64    1.63    0.03    9.30 6.483E+00

  10.589 20.403  4.17    1.89    8.19    1.26    0.02    9.47  0.967
   3.139  0.298 10.69    2.07    6.00    1.36    0.02    7.38 5.331E+00

  0.000 0.000  0.000 .000  0.00  0.00  0.00  0.00  0.00  0.00 0.000
                           0.00  0.00  0.00  0.00  0.00  0.00 0.000E+00

