EXTERNAL/TSAI:  VERSION OF 8/8/96

Marathon                                                                
H1_kin2.inp                                                             
                                                                        
Hall A 2018: 25 cm Deuterium target                                     
Nominal values - not exact                                              

----*----1----*----2----*----3----*----4----*----5----*----6----*----7--
                                                                        

TARGET (iZ,iA) = (  1,  1);   avgA =   1.000; amuM=  1.007; avgM=  0.938
 targ=TRITIUM; ttarg(rl)=0.00113; twall=0.00478; tbeam=0.00406; tspec=0.00759
         Nseg  =   4
 MODELS: P elastc(ikk)=14; deut elastic=13; inelastc=206; Pauli Supresion= 4
 NUCLEAR METHOD= 1;   NUCLEAR_MODEL= 1
 DIS MODEL=111

    E1    TH    Q2 COS_K         SMR     NUC          INT-SMR
    EP     X    W2 QE-PK  INELA  Q-ELA  ELAST   TOTAL  MODEL

  10.589 17.941  3.15    3.97   13.68    0.00    4.04   17.72  1.000
   3.055  0.222 11.87    4.54   13.18    0.00    4.61   17.79 6.057E+00

  10.589 18.689  3.46    3.29   11.99    0.00    3.34   15.33  1.000
   3.099  0.246 11.48    3.74   11.01    0.00    3.79   14.80 4.985E+00

  10.589 19.711  3.85    2.75   10.32    0.00    2.78   13.10  1.000
   3.105  0.274 11.07    3.10    8.88    0.00    3.13   12.01 3.865E+00

  10.589 20.395  4.17    2.35    8.89    0.00    2.37   11.26  1.000
   3.141  0.298 10.69    2.63    7.06    0.00    2.65    9.71 3.217E+00

  0.000 0.000  0.000 .000  0.00  0.00  0.00  0.00  0.00  0.00 0.000
                           0.00  0.00  0.00  0.00  0.00  0.00 0.000E+00

