EXTERNAL/TSAI:  VERSION OF 8/8/96

Marathon                                                                
H3_kin15.inp                                                            
                                                                        
Hall A 2018: 25 cm Tritium target                                       
Nominal values - not exact                                              

----*----1----*----2----*----3----*----4----*----5----*----6----*----7--
                                                                        

TARGET (iZ,iA) = (  1,  3);   avgA =   3.000; amuM=  3.016; avgM=  2.809
 targ=TRITIUM; ttarg(rl)=0.00045; twall=0.00481; tbeam=0.00291; tspec=0.00759
         Nseg  =   4
 MODELS: P elastc(ikk)=14; deut elastic=13; inelastc=206; Pauli Supresion= 4
 NUCLEAR METHOD= 1;   NUCLEAR_MODEL= 1
 DIS MODEL=111

    E1    TH    Q2 COS_K         SMR     NUC          INT-SMR
    EP     X    W2 QE-PK  INELA  Q-ELA  ELAST   TOTAL  MODEL

  10.589 32.358  9.92    0.71   -5.62    0.34    0.00   -5.28  0.855
   3.017  0.698  5.17    0.74  -10.68    0.36    0.00  -10.32 1.368E-01

  10.589 32.922 10.42    0.68   -6.78    0.39    0.00   -6.39  0.945
   3.063  0.738  4.59    0.71  -12.05    0.41    0.00  -11.65 8.907E-02

  10.589 33.583 10.95    0.68   -8.04    0.50    0.00   -7.54  1.101
   3.099  0.779  3.98    0.72  -13.51    0.52    0.00  -12.99 5.450E-02

  10.589 34.248 11.49    0.72   -9.42    0.72    0.00   -8.70  1.337
   3.128  0.820  3.40    0.78  -15.09    0.74    0.00  -14.35 3.242E-02

  0.000 0.000  0.000 .000  0.00  0.00  0.00  0.00  0.00  0.00 0.000
                           0.00  0.00  0.00  0.00  0.00  0.00 0.000E+00

