EXTERNAL/TSAI:  VERSION OF 8/8/96

Marathon                                                                
H3_kin1.inp                                                             
                                                                        
Hall A 2018: 25 cm Tritium target                                       
Nominal values - not exact                                              

----*----1----*----2----*----3----*----4----*----5----*----6----*----7--
                                                                        

TARGET (iZ,iA) = (  1,  3);   avgA =   3.000; amuM=  3.016; avgM=  2.809
 targ=TRITIUM; ttarg(rl)=0.00045; twall=0.00481; tbeam=0.00291; tspec=0.00759
         Nseg  =   4
 MODELS: P elastc(ikk)=14; deut elastic=13; inelastc=206; Pauli Supresion= 4
 NUCLEAR METHOD= 1;   NUCLEAR_MODEL= 1
 DIS MODEL=111

    E1    TH    Q2 COS_K         SMR     NUC          INT-SMR
    EP     X    W2 QE-PK  INELA  Q-ELA  ELAST   TOTAL  MODEL

  10.589 16.608  2.72    3.01   13.75    2.25    0.20   16.20  0.870
   3.075  0.193 12.26    3.34   12.63    2.39    0.20   15.22 2.120E+01

  10.589 17.629  3.09    2.52   11.95    1.81    0.12   13.88  0.876
   3.102  0.220 11.84    2.79   10.39    1.92    0.12   12.43 1.596E+01

  10.589 18.649  3.47    2.17   10.29    1.47    0.07   11.83  0.878
   3.119  0.247 11.43    2.38    8.34    1.56    0.07    9.97 1.205E+01

  0.000 0.000  0.000 .000  0.00  0.00  0.00  0.00  0.00  0.00 0.000
                           0.00  0.00  0.00  0.00  0.00  0.00 0.000E+00

