EXTERNAL/TSAI:  VERSION OF 8/8/96

Marathon                                                                
He3_kin9.inp                                                            
                                                                        
Hall A 2018: 25 cm He3 target                                           
Nominal values - not exact                                              

----*----1----*----2----*----3----*----4----*----5----*----6----*----7--
                                                                        

TARGET (iZ,iA) = (  2,  3);   avgA =   3.000; amuM=  3.016; avgM=  2.809
 targ=TRITIUM; ttarg(rl)=0.00075; twall=0.00519; tbeam=0.00285; tspec=0.00759
         Nseg  =   4
 MODELS: P elastc(ikk)=14; deut elastic=13; inelastc=206; Pauli Supresion= 4
 NUCLEAR METHOD= 1;   NUCLEAR_MODEL= 1
 DIS MODEL=111

    E1    TH    Q2 COS_K         SMR     NUC          INT-SMR
    EP     X    W2 QE-PK  INELA  Q-ELA  ELAST   TOTAL  MODEL

  10.589 26.659  6.84    1.10    1.03    0.48    0.00    1.51  0.822
   3.037  0.482  8.21    1.16   -2.99    0.50    0.00   -2.48 1.550E+00

  10.589 27.270  7.27    0.97   -0.23    0.41    0.00    0.18  0.820
   3.088  0.516  7.69    1.02   -4.51    0.43    0.00   -4.08 1.189E+00

  10.589 28.055  7.72    0.88   -1.35    0.37    0.00   -0.98  0.822
   3.104  0.550  7.20    0.93   -5.86    0.39    0.00   -5.47 8.812E-01

  10.589 28.749  8.19    0.80   -2.54    0.34    0.00   -2.20  0.831
   3.139  0.586  6.67    0.84   -7.28    0.36    0.00   -6.93 6.407E-01

  0.000 0.000  0.000 .000  0.00  0.00  0.00  0.00  0.00  0.00 0.000
                           0.00  0.00  0.00  0.00  0.00  0.00 0.000E+00

