EXTERNAL/TSAI:  VERSION OF 8/8/96

Marathon                                                                
He3_kin3.inp                                                            
                                                                        
Hall A 2018: 25 cm He3 target                                           
Nominal values - not exact                                              

----*----1----*----2----*----3----*----4----*----5----*----6----*----7--
                                                                        

TARGET (iZ,iA) = (  2,  3);   avgA =   3.000; amuM=  3.016; avgM=  2.809
 targ=TRITIUM; ttarg(rl)=0.00075; twall=0.00519; tbeam=0.00285; tspec=0.00759
         Nseg  =   4
 MODELS: P elastc(ikk)=14; deut elastic=13; inelastc=206; Pauli Supresion= 4
 NUCLEAR METHOD= 1;   NUCLEAR_MODEL= 1
 DIS MODEL=111

    E1    TH    Q2 COS_K         SMR     NUC          INT-SMR
    EP     X    W2 QE-PK  INELA  Q-ELA  ELAST   TOTAL  MODEL

  10.589 19.407  3.67    2.65   10.68    1.64    0.05   12.38  0.844
   3.050  0.259 11.36    2.89    8.73    1.75    0.05   10.52 1.152E+01

  10.589 20.126  4.00    2.25    9.12    1.33    0.03   10.48  0.847
   3.096  0.285 10.94    2.45    6.80    1.41    0.03    8.24 9.404E+00

  10.589 21.108  4.41    1.94    7.60    1.09    0.02    8.71  0.847
   3.104  0.314 10.52    2.10    4.94    1.16    0.02    6.12 7.242E+00

  10.589 21.801  4.75    1.70    6.29    0.91    0.01    7.21  0.845
   3.138  0.340 10.11    1.83    3.34    0.96    0.01    4.31 5.902E+00

  0.000 0.000  0.000 .000  0.00  0.00  0.00  0.00  0.00  0.00 0.000
                           0.00  0.00  0.00  0.00  0.00  0.00 0.000E+00

