EXTERNAL/TSAI:  VERSION OF 8/8/96

Marathon                                                                
H1_kin1.inp                                                             
                                                                        
Hall A 2018: 25 cm Deuterium target                                     
Nominal values - not exact                                              

----*----1----*----2----*----3----*----4----*----5----*----6----*----7--
                                                                        

TARGET (iZ,iA) = (  1,  1);   avgA =   1.000; amuM=  1.007; avgM=  0.938
 targ=TRITIUM; ttarg(rl)=0.00113; twall=0.00478; tbeam=0.00406; tspec=0.00759
         Nseg  =   4
 MODELS: P elastc(ikk)=14; deut elastic=13; inelastc=206; Pauli Supresion= 4
 NUCLEAR METHOD= 1;   NUCLEAR_MODEL= 1
 DIS MODEL=111

    E1    TH    Q2 COS_K         SMR     NUC          INT-SMR
    EP     X    W2 QE-PK  INELA  Q-ELA  ELAST   TOTAL  MODEL

  10.589 16.607  2.72    4.89   15.66    0.00    5.00   20.66  1.000
   3.076  0.193 12.26    5.65   15.77    0.00    5.76   21.52 8.399E+00

  10.589 17.632  3.09    3.93   13.67    0.00    4.00   17.67  1.000
   3.102  0.220 11.84    4.50   13.18    0.00    4.57   17.75 6.471E+00

  10.589 18.650  3.47    3.23   11.85    0.00    3.28   15.12  1.000
   3.118  0.247 11.43    3.67   10.83    0.00    3.72   14.54 5.007E+00

  0.000 0.000  0.000 .000  0.00  0.00  0.00  0.00  0.00  0.00 0.000
                           0.00  0.00  0.00  0.00  0.00  0.00 0.000E+00

