EXTERNAL/TSAI:  VERSION OF 8/8/96

Marathon                                                                
D2_kin7.inp                                                             
                                                                        
Hall A 2018: 25 cm Deuterium target                                     
Nominal values - not exact                                              

----*----1----*----2----*----3----*----4----*----5----*----6----*----7--
                                                                        

TARGET (iZ,iA) = (  1,  2);   avgA =   2.000; amuM=  2.013; avgM=  1.875
 targ=TRITIUM; ttarg(rl)=0.00114; twall=0.00445; tbeam=0.00298; tspec=0.00759
         Nseg  =   4
 MODELS: P elastc(ikk)=14; deut elastic=13; inelastc=206; Pauli Supresion= 4
 NUCLEAR METHOD= 1;   NUCLEAR_MODEL= 1
 DIS MODEL=111

    E1    TH    Q2 COS_K         SMR     NUC          INT-SMR
    EP     X    W2 QE-PK  INELA  Q-ELA  ELAST   TOTAL  MODEL

 Deut Elastic Model: ia,iamec,rsc,rscmec (1,2,3,4)=  3
 TJON DEUT ELASTIC FILESS TO BE OPEN=rscctj.tjon_input   rscqtj.tjon_input   rscmtj.tjon_input   
  10.589 24.527  5.82    1.28    3.58    0.70    0.00    4.28  0.945
   3.047  0.411  9.21    1.37    0.40    0.75    0.00    1.16 1.805E+00

  10.589 25.218  6.25    1.13    2.24    0.58    0.00    2.82  0.937
   3.094  0.444  8.70    1.20   -1.22    0.62    0.00   -0.60 1.408E+00

  10.589 26.045  6.68    1.02    1.10    0.50    0.00    1.61  0.930
   3.105  0.475  8.25    1.08   -2.60    0.54    0.00   -2.05 1.073E+00

  10.589 26.675  7.08    0.92   -0.04    0.44    0.00    0.40  0.924
   3.142  0.507  7.77    0.97   -3.98    0.47    0.00   -3.51 8.334E-01

  0.000 0.000  0.000 .000  0.00  0.00  0.00  0.00  0.00  0.00 0.000
                           0.00  0.00  0.00  0.00  0.00  0.00 0.000E+00

