EXTERNAL/TSAI:  VERSION OF 8/8/96

Marathon                                                                
He3_kin11.inp                                                           
                                                                        
Hall A 2018: 25 cm He3 target                                           
Nominal values - not exact                                              

----*----1----*----2----*----3----*----4----*----5----*----6----*----7--
                                                                        

TARGET (iZ,iA) = (  2,  3);   avgA =   3.000; amuM=  3.016; avgM=  2.809
 targ=TRITIUM; ttarg(rl)=0.00075; twall=0.00519; tbeam=0.00285; tspec=0.00759
         Nseg  =   4
 MODELS: P elastc(ikk)=14; deut elastic=13; inelastc=206; Pauli Supresion= 4
 NUCLEAR METHOD= 1;   NUCLEAR_MODEL= 1
 DIS MODEL=111

    E1    TH    Q2 COS_K         SMR     NUC          INT-SMR
    EP     X    W2 QE-PK  INELA  Q-ELA  ELAST   TOTAL  MODEL

  10.589 28.671  7.87    0.91   -1.33    0.38    0.00   -0.95  0.820
   3.031  0.555  7.19    0.95   -5.81    0.40    0.00   -5.41 7.911E-01

  10.589 29.334  8.38    0.81   -2.65    0.34    0.00   -2.31  0.832
   3.084  0.595  6.59    0.84   -7.40    0.36    0.00   -7.04 5.626E-01

  10.589 30.234  8.96    0.73   -4.01    0.33    0.00   -3.68  0.860
   3.109  0.638  5.96    0.77   -9.02    0.35    0.00   -8.67 3.697E-01

  10.589 30.899  9.49    0.67   -5.34    0.34    0.00   -5.00  0.918
   3.158  0.681  5.33    0.70  -10.61    0.36    0.00  -10.25 2.439E-01

  0.000 0.000  0.000 .000  0.00  0.00  0.00  0.00  0.00  0.00 0.000
                           0.00  0.00  0.00  0.00  0.00  0.00 0.000E+00

