EXTERNAL/TSAI:  VERSION OF 8/8/96

Marathon                                                                
He3_kin0.inp                                                            
                                                                        
Hall A 2018: 25 cm He3 target                                           
Nominal values - not exact                                              

----*----1----*----2----*----3----*----4----*----5----*----6----*----7--
                                                                        

TARGET (iZ,iA) = (  2,  3);   avgA =   3.000; amuM=  3.016; avgM=  2.809
 targ=TRITIUM; ttarg(rl)=0.00075; twall=0.00519; tbeam=0.00285; tspec=0.00759
         Nseg  =   4
 MODELS: P elastc(ikk)=14; deut elastic=13; inelastc=206; Pauli Supresion= 4
 NUCLEAR METHOD= 1;   NUCLEAR_MODEL= 1
 DIS MODEL=111

    E1    TH    Q2 COS_K         SMR     NUC          INT-SMR
    EP     X    W2 QE-PK  INELA  Q-ELA  ELAST   TOTAL  MODEL

  10.589 15.691  2.42    4.70   16.49    3.31    0.27   20.07  0.817
   3.063  0.171 12.58    5.24   16.05    3.52    0.27   19.85 3.002E+01

  10.589 16.559  2.72    3.90   14.69    2.67    0.17   17.54  0.829
   3.098  0.194 12.22    4.33   13.76    2.84    0.17   16.78 2.371E+01

  10.589 17.648  3.09    3.24   12.86    2.14    0.10   15.10  0.838
   3.105  0.220 11.83    3.58   11.44    2.27    0.10   13.82 1.782E+01

  10.589 18.243  3.36    2.79   11.43    1.77    0.07   13.27  0.844
   3.153  0.240 11.48    3.05    9.66    1.88    0.07   11.61 1.506E+01

  0.000 0.000  0.000 .000  0.00  0.00  0.00  0.00  0.00  0.00 0.000
                           0.00  0.00  0.00  0.00  0.00  0.00 0.000E+00

