EXTERNAL/TSAI:  VERSION OF 8/8/96

Marathon                                                                
H1_kin0.inp                                                             
                                                                        
Hall A 2018: 25 cm Deuterium target                                     
Nominal values - not exact                                              

----*----1----*----2----*----3----*----4----*----5----*----6----*----7--
                                                                        

TARGET (iZ,iA) = (  1,  1);   avgA =   1.000; amuM=  1.007; avgM=  0.938
 targ=TRITIUM; ttarg(rl)=0.00113; twall=0.00478; tbeam=0.00406; tspec=0.00759
         Nseg  =   4
 MODELS: P elastc(ikk)=14; deut elastic=13; inelastc=206; Pauli Supresion= 4
 NUCLEAR METHOD= 1;   NUCLEAR_MODEL= 1
 DIS MODEL=111

    E1    TH    Q2 COS_K         SMR     NUC          INT-SMR
    EP     X    W2 QE-PK  INELA  Q-ELA  ELAST   TOTAL  MODEL

  10.589 15.692  2.42    5.87   17.35    0.00    6.02   23.37  1.000
   3.063  0.171 12.58    6.83   18.00    0.00    6.99   24.98 1.062E+01

  10.589 16.561  2.72    4.80   15.50    0.00    4.90   20.40  1.000
   3.098  0.194 12.22    5.54   15.57    0.00    5.64   21.21 8.464E+00

  10.589 17.650  3.09    3.92   13.62    0.00    3.99   17.60  1.000
   3.104  0.220 11.83    4.48   13.11    0.00    4.55   17.66 6.437E+00

  10.589 18.240  3.36    3.32   12.14    0.00    3.37   15.50  1.000
   3.153  0.240 11.48    3.77   11.21    0.00    3.82   15.03 5.497E+00

  0.000 0.000  0.000 .000  0.00  0.00  0.00  0.00  0.00  0.00 0.000
                           0.00  0.00  0.00  0.00  0.00  0.00 0.000E+00

