EXTERNAL/TSAI:  VERSION OF 8/8/96

Marathon                                                                
D2_kin9.inp                                                             
                                                                        
Hall A 2018: 25 cm Deuterium target                                     
Nominal values - not exact                                              

----*----1----*----2----*----3----*----4----*----5----*----6----*----7--
                                                                        

TARGET (iZ,iA) = (  1,  2);   avgA =   2.000; amuM=  2.013; avgM=  1.875
 targ=TRITIUM; ttarg(rl)=0.00114; twall=0.00445; tbeam=0.00298; tspec=0.00759
         Nseg  =   4
 MODELS: P elastc(ikk)=14; deut elastic=13; inelastc=206; Pauli Supresion= 4
 NUCLEAR METHOD= 1;   NUCLEAR_MODEL= 1
 DIS MODEL=111

    E1    TH    Q2 COS_K         SMR     NUC          INT-SMR
    EP     X    W2 QE-PK  INELA  Q-ELA  ELAST   TOTAL  MODEL

 Deut Elastic Model: ia,iamec,rsc,rscmec (1,2,3,4)=  3
 TJON DEUT ELASTIC FILESS TO BE OPEN=rscctj.tjon_input   rscqtj.tjon_input   rscmtj.tjon_input   
  10.589 26.651  6.83    1.04    1.05    0.51    0.00    1.56  0.929
   3.038  0.482  8.22    1.11   -2.64    0.55    0.00   -2.09 9.552E-01

  10.589 27.265  7.27    0.92   -0.20    0.44    0.00    0.24  0.921
   3.088  0.516  7.69    0.98   -4.16    0.47    0.00   -3.69 7.312E-01

  10.589 28.061  7.73    0.84   -1.32    0.39    0.00   -0.92  0.915
   3.104  0.550  7.20    0.89   -5.50    0.42    0.00   -5.08 5.396E-01

  10.589 28.747  8.19    0.77   -2.50    0.35    0.00   -2.14  0.911
   3.139  0.586  6.67    0.81   -6.92    0.38    0.00   -6.54 3.925E-01

  0.000 0.000  0.000 .000  0.00  0.00  0.00  0.00  0.00  0.00 0.000
                           0.00  0.00  0.00  0.00  0.00  0.00 0.000E+00

