EXTERNAL/TSAI:  VERSION OF 8/8/96

Marathon                                                                
D2_kin16.inp                                                            
                                                                        
Hall A 2018: 25 cm Deuterium target                                     
Nominal values - not exact                                              

----*----1----*----2----*----3----*----4----*----5----*----6----*----7--
                                                                        

TARGET (iZ,iA) = (  1,  2);   avgA =   2.000; amuM=  2.013; avgM=  1.875
 targ=TRITIUM; ttarg(rl)=0.00114; twall=0.00445; tbeam=0.00298; tspec=0.00759
         Nseg  =   4
 MODELS: P elastc(ikk)=14; deut elastic=13; inelastc=206; Pauli Supresion= 4
 NUCLEAR METHOD= 1;   NUCLEAR_MODEL= 1
 DIS MODEL=111

    E1    TH    Q2 COS_K         SMR     NUC          INT-SMR
    EP     X    W2 QE-PK  INELA  Q-ELA  ELAST   TOTAL  MODEL

 Deut Elastic Model: ia,iamec,rsc,rscmec (1,2,3,4)=  3
 TJON DEUT ELASTIC FILESS TO BE OPEN=rscctj.tjon_input   rscqtj.tjon_input   rscmtj.tjon_input   
  10.589 34.922 10.76    0.74   -6.14    0.41    0.00   -5.72  0.934
   2.822  0.738  4.70    0.78  -11.15    0.44    0.00  -10.71 5.648E-02

  10.589 35.554 11.31    0.72   -7.46    0.46    0.00   -7.00  0.971
   2.864  0.780  4.07    0.77  -12.73    0.50    0.00  -12.23 3.428E-02

  10.589 36.267 11.91    0.77   -8.99    0.61    0.00   -8.38  1.068
   2.902  0.825  3.40    0.84  -14.54    0.66    0.00  -13.87 1.894E-02

  0.000 0.000  0.000 .000  0.00  0.00  0.00  0.00  0.00  0.00 0.000
                           0.00  0.00  0.00  0.00  0.00  0.00 0.000E+00

