EXTERNAL/TSAI:  VERSION OF 8/8/96

Marathon                                                                
He3_kin4.inp                                                            
                                                                        
Hall A 2018: 25 cm He3 target                                           
Nominal values - not exact                                              

----*----1----*----2----*----3----*----4----*----5----*----6----*----7--
                                                                        

TARGET (iZ,iA) = (  2,  3);   avgA =   3.000; amuM=  3.016; avgM=  2.809
 targ=TRITIUM; ttarg(rl)=0.00075; twall=0.00519; tbeam=0.00285; tspec=0.00759
         Nseg  =   4
 MODELS: P elastc(ikk)=14; deut elastic=13; inelastc=206; Pauli Supresion= 4
 NUCLEAR METHOD= 1;   NUCLEAR_MODEL= 1
 DIS MODEL=111

    E1    TH    Q2 COS_K         SMR     NUC          INT-SMR
    EP     X    W2 QE-PK  INELA  Q-ELA  ELAST   TOTAL  MODEL

  10.589 20.817  4.21    2.17    8.61    1.26    0.02    9.89  0.846
   3.048  0.298 10.82    2.35    6.18    1.34    0.02    7.54 8.023E+00

  10.589 21.521  4.57    1.86    7.15    1.03    0.01    8.19  0.846
   3.094  0.325 10.38    2.01    4.38    1.09    0.01    5.49 6.521E+00

  10.589 22.411  4.96    1.64    5.82    0.86    0.01    6.69  0.843
   3.102  0.353  9.97    1.76    2.77    0.91    0.01    3.69 5.102E+00

  10.589 23.099  5.32    1.45    4.59    0.72    0.00    5.32  0.840
   3.131  0.380  9.56    1.55    1.27    0.77    0.00    2.04 4.130E+00

  0.000 0.000  0.000 .000  0.00  0.00  0.00  0.00  0.00  0.00 0.000
                           0.00  0.00  0.00  0.00  0.00  0.00 0.000E+00

