EXTERNAL/TSAI:  VERSION OF 8/8/96

Marathon                                                                
D2_kin15.inp                                                            
                                                                        
Hall A 2018: 25 cm Deuterium target                                     
Nominal values - not exact                                              

----*----1----*----2----*----3----*----4----*----5----*----6----*----7--
                                                                        

TARGET (iZ,iA) = (  1,  2);   avgA =   2.000; amuM=  2.013; avgM=  1.875
 targ=TRITIUM; ttarg(rl)=0.00114; twall=0.00445; tbeam=0.00298; tspec=0.00759
         Nseg  =   4
 MODELS: P elastc(ikk)=14; deut elastic=13; inelastc=206; Pauli Supresion= 4
 NUCLEAR METHOD= 1;   NUCLEAR_MODEL= 1
 DIS MODEL=111

    E1    TH    Q2 COS_K         SMR     NUC          INT-SMR
    EP     X    W2 QE-PK  INELA  Q-ELA  ELAST   TOTAL  MODEL

 Deut Elastic Model: ia,iamec,rsc,rscmec (1,2,3,4)=  3
 TJON DEUT ELASTIC FILESS TO BE OPEN=rscctj.tjon_input   rscqtj.tjon_input   rscmtj.tjon_input   
  10.589 32.356  9.92    0.69   -5.45    0.35    0.00   -5.09  0.918
   3.017  0.698  5.17    0.73  -10.39    0.38    0.00  -10.01 1.078E-01

  10.589 32.924 10.42    0.66   -6.66    0.37    0.00   -6.29  0.937
   3.063  0.738  4.58    0.70  -11.85    0.40    0.00  -11.45 7.008E-02

  10.589 33.571 10.95    0.66   -7.95    0.43    0.00   -7.52  0.978
   3.100  0.779  3.98    0.71  -13.39    0.47    0.00  -12.92 4.265E-02

  10.589 34.257 11.49    0.72   -9.33    0.58    0.00   -8.75  1.073
   3.128  0.821  3.39    0.78  -15.01    0.62    0.00  -14.39 2.472E-02

  0.000 0.000  0.000 .000  0.00  0.00  0.00  0.00  0.00  0.00 0.000
                           0.00  0.00  0.00  0.00  0.00  0.00 0.000E+00

