EXTERNAL/TSAI:  VERSION OF 8/8/96

Marathon                                                                
H3_kin11.inp                                                            
                                                                        
Hall A 2018: 25 cm Tritium target                                       
Nominal values - not exact                                              

----*----1----*----2----*----3----*----4----*----5----*----6----*----7--
                                                                        

TARGET (iZ,iA) = (  1,  3);   avgA =   3.000; amuM=  3.016; avgM=  2.809
 targ=TRITIUM; ttarg(rl)=0.00045; twall=0.00481; tbeam=0.00291; tspec=0.00759
         Nseg  =   4
 MODELS: P elastc(ikk)=14; deut elastic=13; inelastc=206; Pauli Supresion= 4
 NUCLEAR METHOD= 1;   NUCLEAR_MODEL= 1
 DIS MODEL=111

    E1    TH    Q2 COS_K         SMR     NUC          INT-SMR
    EP     X    W2 QE-PK  INELA  Q-ELA  ELAST   TOTAL  MODEL

  10.589 28.669  7.87    0.87   -1.62    0.35    0.00   -1.27  0.783
   3.031  0.555  7.19    0.91   -5.99    0.37    0.00   -5.62 6.333E-01

  10.589 29.325  8.37    0.78   -2.89    0.31    0.00   -2.58  0.785
   3.085  0.595  6.59    0.82   -7.51    0.33    0.00   -7.18 4.454E-01

  10.589 30.234  8.96    0.72   -4.18    0.30    0.00   -3.88  0.803
   3.109  0.638  5.96    0.75   -9.04    0.32    0.00   -8.72 2.887E-01

  10.589 30.892  9.49    0.67   -5.45    0.31    0.00   -5.13  0.847
   3.158  0.680  5.34    0.70  -10.54    0.33    0.00  -10.21 1.888E-01

  0.000 0.000  0.000 .000  0.00  0.00  0.00  0.00  0.00  0.00 0.000
                           0.00  0.00  0.00  0.00  0.00  0.00 0.000E+00

