EXTERNAL/TSAI:  VERSION OF 8/8/96

Marathon                                                                
D2_kin5.inp                                                             
                                                                        
Hall A 2018: 25 cm Deuterium target                                     
Nominal values - not exact                                              

----*----1----*----2----*----3----*----4----*----5----*----6----*----7--
                                                                        

TARGET (iZ,iA) = (  1,  2);   avgA =   2.000; amuM=  2.013; avgM=  1.875
 targ=TRITIUM; ttarg(rl)=0.00114; twall=0.00445; tbeam=0.00298; tspec=0.00759
         Nseg  =   4
 MODELS: P elastc(ikk)=14; deut elastic=13; inelastc=206; Pauli Supresion= 4
 NUCLEAR METHOD= 1;   NUCLEAR_MODEL= 1
 DIS MODEL=111

    E1    TH    Q2 COS_K         SMR     NUC          INT-SMR
    EP     X    W2 QE-PK  INELA  Q-ELA  ELAST   TOTAL  MODEL

 Deut Elastic Model: ia,iamec,rsc,rscmec (1,2,3,4)=  3
 TJON DEUT ELASTIC FILESS TO BE OPEN=rscctj.tjon_input   rscqtj.tjon_input   rscmtj.tjon_input   
  10.589 22.068  4.73    1.71    6.81    1.07    0.01    7.89  0.962
   3.047  0.334 10.31    1.85    4.32    1.15    0.01    5.48 3.578E+00

  10.589 22.711  5.08    1.49    5.47    0.88    0.01    6.37  0.956
   3.092  0.361  9.87    1.61    2.69    0.95    0.01    3.65 2.919E+00

  10.589 23.524  5.46    1.34    4.29    0.75    0.01    5.05  0.950
   3.103  0.389  9.47    1.44    1.26    0.81    0.01    2.08 2.305E+00

  10.589 24.262  5.86    1.19    3.08    0.64    0.00    3.72  0.943
   3.130  0.418  9.02    1.28   -0.21    0.68    0.00    0.47 1.818E+00

  0.000 0.000  0.000 .000  0.00  0.00  0.00  0.00  0.00  0.00 0.000
                           0.00  0.00  0.00  0.00  0.00  0.00 0.000E+00

