EXTERNAL/TSAI:  VERSION OF 8/8/96

Marathon                                                                
He3_kin1.inp                                                            
                                                                        
Hall A 2018: 25 cm He3 target                                           
Nominal values - not exact                                              

----*----1----*----2----*----3----*----4----*----5----*----6----*----7--
                                                                        

TARGET (iZ,iA) = (  2,  3);   avgA =   3.000; amuM=  3.016; avgM=  2.809
 targ=TRITIUM; ttarg(rl)=0.00075; twall=0.00481; tbeam=0.00342; tspec=0.00732
         Nseg  =   4
 MODELS: P elastc(ikk)=14; deut elastic=13; inelastc=206; Pauli Supresion= 4
 NUCLEAR METHOD= 1;   NUCLEAR_MODEL= 1
 DIS MODEL=**

    E1    TH    Q2 COS_K         SMR     NUC          INT-SMR
    EP     X    W2 QE-PK  INELA  Q-ELA  ELAST   TOTAL  MODEL

  10.589 16.120  2.51    4.69   19.20    3.30    0.25   22.75  0.819
   3.013  0.176 12.59    5.33   19.36    3.59    0.26   23.21 2.677E+01

  10.589 16.554  2.70    4.07   17.44    2.80    0.19   20.42  0.827
   3.072  0.191 12.29    4.60   17.21    3.05    0.19   20.44 2.362E+01

  10.589 17.242  2.95    3.53   15.66    2.36    0.13   18.15  0.835
   3.097  0.210 11.99    3.97   15.01    2.57    0.13   17.71 1.964E+01

  10.589 18.036  3.23    3.10   14.05    2.01    0.09   16.15  0.840
   3.100  0.230 11.71    3.46   13.03    2.19    0.09   15.30 1.599E+01

  10.589 18.708  3.49    2.74   12.58    1.72    0.06   14.36  0.844
   3.115  0.248 11.42    3.05   11.22    1.87    0.06   13.15 1.339E+01

  10.589 19.042  3.67    2.44   11.31    1.49    0.04   12.84  0.847
   3.168  0.264 11.13    2.70    9.67    1.62    0.04   11.33 1.207E+01

  0.000 0.000  0.000 .000  0.00  0.00  0.00  0.00  0.00  0.00 0.000
                           0.00  0.00  0.00  0.00  0.00  0.00 0.000E+00

