EXTERNAL/TSAI:  VERSION OF 8/8/96

Marathon                                                                
He3_kin2.inp                                                            
                                                                        
Hall A 2018: 25 cm He3 target                                           
Nominal values - not exact                                              

----*----1----*----2----*----3----*----4----*----5----*----6----*----7--
                                                                        

TARGET (iZ,iA) = (  2,  3);   avgA =   3.000; amuM=  3.016; avgM=  2.809
 targ=TRITIUM; ttarg(rl)=0.00075; twall=0.00481; tbeam=0.00342; tspec=0.00732
         Nseg  =   4
 MODELS: P elastc(ikk)=14; deut elastic=13; inelastc=206; Pauli Supresion= 4
 NUCLEAR METHOD= 1;   NUCLEAR_MODEL= 1
 DIS MODEL=**

    E1    TH    Q2 COS_K         SMR     NUC          INT-SMR
    EP     X    W2 QE-PK  INELA  Q-ELA  ELAST   TOTAL  MODEL

  10.589 17.745  3.05    3.56   15.65    2.38    0.12   18.15  0.835
   3.023  0.215 12.03    4.01   14.97    2.59    0.12   17.68 1.758E+01

  10.589 18.185  3.25    3.11   14.07    2.02    0.09   16.18  0.840
   3.076  0.231 11.73    3.48   13.04    2.20    0.09   15.33 1.549E+01

  10.589 18.831  3.51    2.75   12.57    1.73    0.06   14.35  0.844
   3.097  0.250 11.43    3.05   11.21    1.88    0.06   13.14 1.305E+01

  10.589 19.560  3.79    2.45   11.20    1.49    0.04   12.73  0.846
   3.100  0.270 11.15    2.71    9.54    1.62    0.04   11.20 1.080E+01

  10.589 20.190  4.05    2.20    9.96    1.29    0.03   11.28  0.847
   3.112  0.289 10.86    2.43    8.02    1.41    0.03    9.45 9.123E+00

  10.589 20.517  4.25    1.97    8.81    1.12    0.02    9.95  0.848
   3.164  0.305 10.56    2.16    6.62    1.22    0.02    7.85 8.185E+00

  10.589 20.903  4.47    1.77    7.69    0.97    0.01    8.67  0.847
   3.208  0.323 10.26    1.93    5.25    1.05    0.01    6.31 7.223E+00

  0.000 0.000  0.000 .000  0.00  0.00  0.00  0.00  0.00  0.00 0.000
                           0.00  0.00  0.00  0.00  0.00  0.00 0.000E+00

