EXTERNAL/TSAI:  VERSION OF 8/8/96

Marathon                                                                
H3_kin4.inp                                                             
                                                                        
Hall A 2018: 25 cm Tritium target                                       
Nominal values - not exact                                              

----*----1----*----2----*----3----*----4----*----5----*----6----*----7--
                                                                        

TARGET (iZ,iA) = (  1,  3);   avgA =   3.000; amuM=  3.016; avgM=  2.809
 targ=TRITIUM; ttarg(rl)=0.00042; twall=0.00481; tbeam=0.00342; tspec=0.00732
         Nseg  =   4
 MODELS: P elastc(ikk)=14; deut elastic=13; inelastc=206; Pauli Supresion= 4
 NUCLEAR METHOD= 1;   NUCLEAR_MODEL= 1
 DIS MODEL=**

    E1    TH    Q2 COS_K         SMR     NUC          INT-SMR
    EP     X    W2 QE-PK  INELA  Q-ELA  ELAST   TOTAL  MODEL

  10.589 20.373  3.96    2.01   10.38    1.29    0.04   11.71  0.873
   2.990  0.278 11.18    2.22    8.43    1.40    0.04    9.87 8.094E+00

  10.589 20.694  4.14    1.84    9.37    1.15    0.03   10.55  0.871
   3.030  0.292 10.92    2.03    7.21    1.24    0.03    8.48 7.295E+00

  10.589 21.123  4.38    1.66    8.15    0.99    0.02    9.16  0.867
   3.076  0.311 10.60    1.82    5.73    1.07    0.02    6.82 6.346E+00

  10.589 21.680  4.64    1.52    7.08    0.87    0.01    7.96  0.862
   3.095  0.330 10.31    1.66    4.44    0.94    0.01    5.39 5.387E+00

  10.589 22.314  4.91    1.42    6.09    0.77    0.01    6.87  0.855
   3.099  0.350 10.02    1.54    3.25    0.83    0.01    4.09 4.500E+00

  10.589 22.878  5.18    1.32    5.16    0.69    0.01    5.85  0.848
   3.109  0.369  9.74    1.42    2.12    0.74    0.01    2.87 3.802E+00

  10.589 23.217  5.40    1.21    4.23    0.61    0.00    4.84  0.841
   3.151  0.387  9.43    1.31    1.00    0.66    0.00    1.66 3.334E+00

  10.589 23.466  5.59    1.13    3.45    0.55    0.00    4.00  0.834
   3.194  0.403  9.16    1.21    0.05    0.59    0.00    0.64 2.989E+00

  0.000 0.000  0.000 .000  0.00  0.00  0.00  0.00  0.00  0.00 0.000
                           0.00  0.00  0.00  0.00  0.00  0.00 0.000E+00

