EXTERNAL/TSAI:  VERSION OF 8/8/96

Marathon                                                                
H3_kin2.inp                                                             
                                                                        
Hall A 2018: 25 cm Tritium target                                       
Nominal values - not exact                                              

----*----1----*----2----*----3----*----4----*----5----*----6----*----7--
                                                                        

TARGET (iZ,iA) = (  1,  3);   avgA =   3.000; amuM=  3.016; avgM=  2.809
 targ=TRITIUM; ttarg(rl)=0.00042; twall=0.00481; tbeam=0.00342; tspec=0.00732
         Nseg  =   4
 MODELS: P elastc(ikk)=14; deut elastic=13; inelastc=206; Pauli Supresion= 4
 NUCLEAR METHOD= 1;   NUCLEAR_MODEL= 1
 DIS MODEL=**

    E1    TH    Q2 COS_K         SMR     NUC          INT-SMR
    EP     X    W2 QE-PK  INELA  Q-ELA  ELAST   TOTAL  MODEL

  10.589 17.744  3.05    2.70   14.59    1.96    0.13   16.69  0.874
   3.023  0.215 12.03    3.03   13.54    2.12    0.13   15.79 1.599E+01

  10.589 18.183  3.25    2.40   13.11    1.68    0.10   14.88  0.877
   3.077  0.231 11.72    2.68   11.74    1.82    0.10   13.65 1.398E+01

  10.589 18.830  3.51    2.15   11.70    1.45    0.07   13.22  0.877
   3.097  0.250 11.43    2.39   10.03    1.57    0.07   11.67 1.167E+01

  10.589 19.556  3.79    1.95   10.42    1.27    0.05   11.73  0.876
   3.100  0.270 11.15    2.16    8.48    1.37    0.05    9.89 9.590E+00

  10.589 20.187  4.05    1.78    9.22    1.11    0.03   10.36  0.874
   3.114  0.289 10.86    1.96    7.02    1.20    0.03    8.25 8.039E+00

  10.589 20.516  4.25    1.61    8.12    0.97    0.02    9.11  0.870
   3.164  0.305 10.56    1.77    5.69    1.04    0.02    6.75 7.170E+00

  10.589 20.889  4.47    1.47    7.05    0.84    0.02    7.91  0.865
   3.208  0.322 10.27    1.60    4.39    0.91    0.02    5.31 6.312E+00

  0.000 0.000  0.000 .000  0.00  0.00  0.00  0.00  0.00  0.00 0.000
                           0.00  0.00  0.00  0.00  0.00  0.00 0.000E+00

