EXTERNAL/TSAI:  VERSION OF 8/8/96

Marathon                                                                
He3_kin3.inp                                                            
                                                                        
Hall A 2018: 25 cm He3 target                                           
Nominal values - not exact                                              

----*----1----*----2----*----3----*----4----*----5----*----6----*----7--
                                                                        

TARGET (iZ,iA) = (  2,  3);   avgA =   3.000; amuM=  3.016; avgM=  2.809
 targ=TRITIUM; ttarg(rl)=0.00075; twall=0.00481; tbeam=0.00342; tspec=0.00732
         Nseg  =   4
 MODELS: P elastc(ikk)=14; deut elastic=13; inelastc=206; Pauli Supresion= 4
 NUCLEAR METHOD= 1;   NUCLEAR_MODEL= 1
 DIS MODEL=**

    E1    TH    Q2 COS_K         SMR     NUC          INT-SMR
    EP     X    W2 QE-PK  INELA  Q-ELA  ELAST   TOTAL  MODEL

  10.589 18.921  3.41    3.12   13.88    2.01    0.08   15.97  0.840
   2.984  0.239 11.74    3.49   12.79    2.19    0.08   15.06 1.321E+01

  10.589 19.260  3.59    2.81   12.67    1.76    0.06   14.49  0.843
   3.027  0.253 11.48    3.12   11.32    1.92    0.06   13.29 1.196E+01

  10.589 19.698  3.81    2.47   11.24    1.50    0.04   12.78  0.846
   3.078  0.271 11.16    2.73    9.57    1.63    0.04   11.24 1.051E+01

  10.589 20.299  4.07    2.21    9.96    1.30    0.03   11.29  0.847
   3.097  0.290 10.87    2.44    8.02    1.41    0.03    9.46 8.926E+00

  10.589 20.975  4.35    2.00    8.80    1.13    0.02    9.95  0.847
   3.100  0.310 10.58    2.20    6.61    1.23    0.02    7.85 7.464E+00

  10.589 21.576  4.62    1.82    7.72    0.99    0.01    8.72  0.845
   3.111  0.329 10.30    1.99    5.29    1.08    0.01    6.38 6.325E+00

  10.589 21.911  4.83    1.64    6.68    0.87    0.01    7.55  0.844
   3.158  0.346  9.99    1.79    4.03    0.94    0.01    4.97 5.626E+00

  10.589 22.202  5.02    1.51    5.82    0.77    0.01    6.60  0.843
   3.196  0.362  9.74    1.64    2.98    0.84    0.01    3.83 5.069E+00

  0.000 0.000  0.000 .000  0.00  0.00  0.00  0.00  0.00  0.00 0.000
                           0.00  0.00  0.00  0.00  0.00  0.00 0.000E+00

