EXTERNAL/TSAI:  VERSION OF 8/8/96

Marathon                                                                
H3_kin0.inp                                                             
                                                                        
Hall A 2018: 25 cm Tritium target                                       
Nominal values - not exact                                              

----*----1----*----2----*----3----*----4----*----5----*----6----*----7--
                                                                        

TARGET (iZ,iA) = (  1,  3);   avgA =   3.000; amuM=  3.016; avgM=  2.809
 targ=TRITIUM; ttarg(rl)=0.00042; twall=0.00481; tbeam=0.00342; tspec=0.00732
         Nseg  =   4
 MODELS: P elastc(ikk)=14; deut elastic=13; inelastc=206; Pauli Supresion= 4
 NUCLEAR METHOD= 1;   NUCLEAR_MODEL= 1
 DIS MODEL=**

    E1    TH    Q2 COS_K         SMR     NUC          INT-SMR
    EP     X    W2 QE-PK  INELA  Q-ELA  ELAST   TOTAL  MODEL

  10.589 15.282  2.25    3.90   19.83    3.07    0.39   23.29  0.854
   3.001  0.158 12.87    4.45   19.98    3.33    0.40   23.70 3.133E+01

  10.589 15.715  2.42    3.43   18.07    2.64    0.29   21.00  0.862
   3.063  0.172 12.58    3.89   17.83    2.86    0.29   20.98 2.743E+01

  10.589 16.405  2.67    3.00   16.25    2.25    0.20   18.71  0.869
   3.095  0.190 12.28    3.39   15.60    2.44    0.20   18.24 2.252E+01

  10.589 17.232  2.94    2.66   14.61    1.94    0.14   16.68  0.874
   3.098  0.209 11.99    2.99   13.57    2.10    0.14   15.81 1.795E+01

  10.589 17.949  3.21    2.38   13.11    1.67    0.10   14.88  0.877
   3.111  0.228 11.71    2.66   11.75    1.81    0.10   13.66 1.473E+01

  10.589 18.307  3.39    2.14   11.82    1.46    0.07   13.35  0.878
   3.165  0.243 11.42    2.38   10.19    1.57    0.07   11.83 1.313E+01

  10.589 18.741  3.61    1.90   10.47    1.25    0.05   11.77  0.878
   3.216  0.261 11.11    2.11    8.54    1.35    0.05    9.94 1.145E+01

  0.000 0.000  0.000 .000  0.00  0.00  0.00  0.00  0.00  0.00 0.000
                           0.00  0.00  0.00  0.00  0.00  0.00 0.000E+00

