EXTERNAL/TSAI:  VERSION OF 8/8/96

Marathon                                                                
H3_kin13.inp                                                            
                                                                        
Hall A 2018: 25 cm Tritium target                                       
Nominal values - not exact                                              

----*----1----*----2----*----3----*----4----*----5----*----6----*----7--
                                                                        

TARGET (iZ,iA) = (  1,  3);   avgA =   3.000; amuM=  3.016; avgM=  2.809
 targ=TRITIUM; ttarg(rl)=0.00042; twall=0.00481; tbeam=0.00342; tspec=0.00732
         Nseg  =   4
 MODELS: P elastc(ikk)=14; deut elastic=13; inelastc=206; Pauli Supresion= 4
 NUCLEAR METHOD= 1;   NUCLEAR_MODEL= 1
 DIS MODEL=**

    E1    TH    Q2 COS_K         SMR     NUC          INT-SMR
    EP     X    W2 QE-PK  INELA  Q-ELA  ELAST   TOTAL  MODEL

  10.589 30.116  8.53    0.83   -2.64    0.33    0.00   -2.31  0.782
   2.985  0.598  6.62    0.88   -7.16    0.36    0.00   -6.80 3.915E-01

  10.589 30.338  8.71    0.80   -3.08    0.32    0.00   -2.76  0.785
   3.003  0.612  6.41    0.85   -7.68    0.35    0.00   -7.33 3.441E-01

  10.589 30.633  8.95    0.77   -3.68    0.32    0.00   -3.36  0.793
   3.028  0.631  6.12    0.82   -8.40    0.34    0.00   -8.05 2.870E-01

  10.589 30.929  9.20    0.75   -4.27    0.32    0.00   -3.96  0.807
   3.054  0.650  5.83    0.79   -9.11    0.34    0.00   -8.77 2.367E-01

  10.589 31.225  9.44    0.72   -4.86    0.32    0.00   -4.54  0.826
   3.078  0.670  5.53    0.76   -9.81    0.35    0.00   -9.46 1.938E-01

  10.589 31.565  9.70    0.70   -5.41    0.33    0.00   -5.08  0.853
   3.095  0.690  5.24    0.74  -10.46    0.36    0.00  -10.10 1.570E-01

  10.589 31.978  9.97    0.70   -5.94    0.35    0.00   -5.59  0.887
   3.102  0.709  4.96    0.74  -11.08    0.38    0.00  -10.70 1.251E-01

  10.589 32.359 10.23    0.69   -6.48    0.38    0.00   -6.10  0.933
   3.112  0.729  4.68    0.73  -11.71    0.41    0.00  -11.30 9.935E-02

  10.589 32.605 10.47    0.68   -7.04    0.42    0.00   -6.62  0.994
   3.137  0.749  4.39    0.73  -12.38    0.45    0.00  -11.93 7.996E-02

  10.589 32.834 10.70    0.68   -7.64    0.48    0.00   -7.16  1.072
   3.164  0.768  4.11    0.73  -13.07    0.50    0.00  -12.57 6.407E-02

  10.589 33.026 10.92    0.69   -8.21    0.55    0.00   -7.67  1.161
   3.190  0.786  3.85    0.74  -13.75    0.57    0.00  -13.17 5.204E-02

  10.589 33.283 11.14    0.71   -8.81    0.64    0.00   -8.17  1.263
   3.207  0.804  3.59    0.76  -14.44    0.67    0.00  -13.77 4.177E-02

  0.000 0.000  0.000 .000  0.00  0.00  0.00  0.00  0.00  0.00 0.000
                           0.00  0.00  0.00  0.00  0.00  0.00 0.000E+00

