EXTERNAL/TSAI:  VERSION OF 8/8/96

Marathon                                                                
He3_kin15.inp                                                           
                                                                        
Hall A 2018: 25 cm He3 target                                           
Nominal values - not exact                                              

----*----1----*----2----*----3----*----4----*----5----*----6----*----7--
                                                                        

TARGET (iZ,iA) = (  2,  3);   avgA =   3.000; amuM=  3.016; avgM=  2.809
 targ=TRITIUM; ttarg(rl)=0.00075; twall=0.00481; tbeam=0.00342; tspec=0.00732
         Nseg  =   4
 MODELS: P elastc(ikk)=14; deut elastic=13; inelastc=206; Pauli Supresion= 4
 NUCLEAR METHOD= 1;   NUCLEAR_MODEL= 1
 DIS MODEL=**

    E1    TH    Q2 COS_K         SMR     NUC          INT-SMR
    EP     X    W2 QE-PK  INELA  Q-ELA  ELAST   TOTAL  MODEL

  10.589 32.030  9.63    0.73   -4.51    0.35    0.00   -4.16  0.889
   2.988  0.675  5.51    0.78   -9.35    0.38    0.00   -8.97 2.248E-01

  10.589 32.260  9.83    0.71   -5.00    0.36    0.00   -4.64  0.916
   3.008  0.691  5.27    0.75   -9.93    0.39    0.00   -9.54 1.919E-01

  10.589 32.551 10.08    0.69   -5.58    0.38    0.00   -5.21  0.957
   3.030  0.711  4.99    0.73  -10.63    0.40    0.00  -10.22 1.568E-01

  10.589 32.824 10.32    0.67   -6.18    0.40    0.00   -5.77  1.011
   3.054  0.730  4.70    0.71  -11.33    0.43    0.00  -10.90 1.273E-01

  10.589 33.099 10.57    0.66   -6.79    0.44    0.00   -6.34  1.081
   3.077  0.750  4.40    0.70  -12.05    0.47    0.00  -11.58 1.023E-01

  10.589 33.412 10.83    0.65   -7.39    0.50    0.00   -6.90  1.167
   3.093  0.770  4.12    0.70  -12.76    0.53    0.00  -12.24 8.152E-02

  10.589 33.777 11.09    0.66   -8.01    0.57    0.00   -7.44  1.270
   3.102  0.789  3.84    0.71  -13.49    0.60    0.00  -12.88 6.412E-02

  10.589 34.154 11.36    0.68   -8.70    0.68    0.00   -8.02  1.395
   3.109  0.809  3.56    0.73  -14.28    0.71    0.00  -13.57 4.991E-02

  10.589 34.390 11.60    0.70   -9.50    0.83    0.00   -8.67  1.549
   3.133  0.829  3.27    0.77  -15.20    0.86    0.00  -14.34 3.912E-02

  10.589 34.559 11.78    0.74  -10.17    0.99    0.00   -9.18  1.678
   3.151  0.844  3.06    0.81  -15.98    1.01    0.00  -14.97 3.247E-02

  0.000 0.000  0.000 .000  0.00  0.00  0.00  0.00  0.00  0.00 0.000
                           0.00  0.00  0.00  0.00  0.00  0.00 0.000E+00

