EXTERNAL/TSAI:  VERSION OF 8/8/96

Marathon                                                                
He3_kin13.inp                                                           
                                                                        
Hall A 2018: 25 cm He3 target                                           
Nominal values - not exact                                              

----*----1----*----2----*----3----*----4----*----5----*----6----*----7--
                                                                        

TARGET (iZ,iA) = (  2,  3);   avgA =   3.000; amuM=  3.016; avgM=  2.809
 targ=TRITIUM; ttarg(rl)=0.00075; twall=0.00481; tbeam=0.00342; tspec=0.00732
         Nseg  =   4
 MODELS: P elastc(ikk)=14; deut elastic=13; inelastc=206; Pauli Supresion= 4
 NUCLEAR METHOD= 1;   NUCLEAR_MODEL= 1
 DIS MODEL=**

    E1    TH    Q2 COS_K         SMR     NUC          INT-SMR
    EP     X    W2 QE-PK  INELA  Q-ELA  ELAST   TOTAL  MODEL

  10.589 30.116  8.53    0.85   -2.23    0.36    0.00   -1.88  0.828
   2.984  0.598  6.62    0.90   -6.65    0.39    0.00   -6.26 5.033E-01

  10.589 30.337  8.71    0.81   -2.71    0.35    0.00   -2.36  0.835
   3.004  0.612  6.40    0.86   -7.21    0.38    0.00   -6.84 4.443E-01

  10.589 30.638  8.95    0.77   -3.33    0.34    0.00   -2.99  0.848
   3.027  0.631  6.12    0.82   -7.96    0.37    0.00   -7.60 3.740E-01

  10.589 30.928  9.20    0.74   -3.96    0.34    0.00   -3.62  0.867
   3.054  0.650  5.83    0.78   -8.72    0.36    0.00   -8.35 3.117E-01

  10.589 31.221  9.44    0.71   -4.57    0.34    0.00   -4.23  0.892
   3.079  0.670  5.53    0.75   -9.46    0.37    0.00   -9.09 2.575E-01

  10.589 31.572  9.70    0.68   -5.15    0.35    0.00   -4.80  0.925
   3.094  0.690  5.24    0.72  -10.14    0.38    0.00   -9.77 2.101E-01

  10.589 31.971  9.97    0.67   -5.72    0.37    0.00   -5.35  0.967
   3.103  0.709  4.96    0.71  -10.81    0.40    0.00  -10.42 1.690E-01

  10.589 32.356 10.23    0.65   -6.28    0.40    0.00   -5.88  1.020
   3.112  0.729  4.68    0.70  -11.48    0.42    0.00  -11.05 1.353E-01

  10.589 32.604 10.47    0.64   -6.87    0.44    0.00   -6.44  1.091
   3.137  0.749  4.40    0.69  -12.18    0.46    0.00  -11.72 1.097E-01

  10.589 32.826 10.70    0.64   -7.49    0.49    0.00   -7.00  1.179
   3.164  0.768  4.11    0.68  -12.90    0.52    0.00  -12.38 8.860E-02

  10.589 33.047 10.93    0.64   -8.11    0.56    0.00   -7.55  1.284
   3.189  0.787  3.84    0.69  -13.64    0.59    0.00  -13.04 7.156E-02

  10.589 33.297 11.13    0.65   -8.67    0.65    0.00   -8.02  1.388
   3.202  0.803  3.61    0.71  -14.29    0.68    0.00  -13.61 5.874E-02

  0.000 0.000  0.000 .000  0.00  0.00  0.00  0.00  0.00  0.00 0.000
                           0.00  0.00  0.00  0.00  0.00  0.00 0.000E+00

