EXTERNAL/TSAI:  VERSION OF 8/8/96

Marathon                                                                
He3_kin16.inp                                                           
                                                                        
Hall A 2018: 25 cm He3 target                                           
Nominal values - not exact                                              

----*----1----*----2----*----3----*----4----*----5----*----6----*----7--
                                                                        

TARGET (iZ,iA) = (  2,  3);   avgA =   3.000; amuM=  3.016; avgM=  2.809
 targ=TRITIUM; ttarg(rl)=0.00075; twall=0.00519; tbeam=0.00285; tspec=0.00759
         Nseg  =   4
 MODELS: P elastc(ikk)=14; deut elastic=13; inelastc=206; Pauli Supresion= 4
 NUCLEAR METHOD= 1;   NUCLEAR_MODEL= 1
 DIS MODEL=123

    E1    TH    Q2 COS_K         SMR     NUC          INT-SMR
    EP     X    W2 QE-PK  INELA  Q-ELA  ELAST   TOTAL  MODEL

  10.589 34.563 10.46    0.79   -5.62    0.42    0.00   -5.20  0.929
   2.798  0.715  5.04    0.83  -10.79    0.44    0.00  -10.35 1.186E-01

  10.589 34.812 10.67    0.77   -6.10    0.44    0.00   -5.66  0.967
   2.815  0.731  4.80    0.81  -11.36    0.46    0.00  -10.90 9.941E-02

  10.589 35.115 10.92    0.76   -6.68    0.48    0.00   -6.21  1.025
   2.834  0.750  4.51    0.80  -12.05    0.50    0.00  -11.55 7.982E-02

  10.589 35.421 11.18    0.75   -7.30    0.53    0.00   -6.77  1.100
   2.853  0.770  4.22    0.79  -12.77    0.55    0.00  -12.22 6.319E-02

  10.589 35.699 11.44    0.75   -7.96    0.60    0.00   -7.35  1.198
   2.874  0.790  3.92    0.79  -13.53    0.63    0.00  -12.90 4.980E-02

  10.589 35.995 11.69    0.76   -8.65    0.71    0.00   -7.94  1.316
   2.892  0.810  3.63    0.81  -14.33    0.73    0.00  -13.60 3.898E-02

  10.589 36.334 11.96    0.78   -9.42    0.86    0.00   -8.56  1.456
   2.905  0.829  3.34    0.84  -15.21    0.88    0.00  -14.33 3.010E-02

  10.589 36.697 12.20    0.82  -10.15    1.03    0.00   -9.12  1.588
   2.906  0.846  3.10    0.89  -16.03    1.05    0.00  -14.98 2.385E-02

  0.000 0.000  0.000 .000  0.00  0.00  0.00  0.00  0.00  0.00 0.000
                           0.00  0.00  0.00  0.00  0.00  0.00 0.000E+00

