EXTERNAL/TSAI:  VERSION OF 8/8/96

Marathon                                                                
He3_kin2.inp                                                            
                                                                        
Hall A 2018: 25 cm He3 target                                           
Nominal values - not exact                                              

----*----1----*----2----*----3----*----4----*----5----*----6----*----7--
                                                                        

TARGET (iZ,iA) = (  2,  3);   avgA =   3.000; amuM=  3.016; avgM=  2.809
 targ=TRITIUM; ttarg(rl)=0.00075; twall=0.00519; tbeam=0.00285; tspec=0.00832
         Nseg  =   4
 MODELS: P elastc(ikk)=14; deut elastic=13; inelastc=206; Pauli Supresion= 4
 NUCLEAR METHOD= 1;   NUCLEAR_MODEL= 1
 DIS MODEL=123

    E1    TH    Q2 COS_K         SMR     NUC          INT-SMR
    EP     X    W2 QE-PK  INELA  Q-ELA  ELAST   TOTAL  MODEL

  10.589 17.745  3.05    3.57   13.44    2.38    0.12   15.94  0.835
   3.023  0.215 12.03    3.94   12.11    2.53    0.12   14.76 1.756E+01

  10.589 18.185  3.25    3.12   12.20    2.03    0.09   14.31  0.840
   3.076  0.231 11.73    3.43   10.56    2.15    0.09   12.80 1.547E+01

  10.589 18.831  3.51    2.75   10.99    1.73    0.06   12.78  0.844
   3.097  0.250 11.43    3.01    9.05    1.84    0.06   10.95 1.302E+01

  10.589 19.560  3.79    2.45    9.86    1.49    0.04   11.39  0.846
   3.100  0.270 11.15    2.68    7.64    1.58    0.04    9.26 1.078E+01

  10.589 20.190  4.05    2.20    8.79    1.29    0.03   10.12  0.847
   3.112  0.289 10.86    2.39    6.32    1.37    0.03    7.72 9.112E+00

  10.589 20.517  4.25    1.97    7.80    1.12    0.02    8.94  0.848
   3.164  0.305 10.56    2.13    5.09    1.19    0.02    6.29 8.179E+00

  10.589 20.903  4.47    1.77    6.81    0.97    0.01    7.80  0.847
   3.208  0.323 10.26    1.91    3.87    1.03    0.01    4.91 7.223E+00

  0.000 0.000  0.000 .000  0.00  0.00  0.00  0.00  0.00  0.00 0.000
                           0.00  0.00  0.00  0.00  0.00  0.00 0.000E+00

