EXTERNAL/TSAI:  VERSION OF 8/8/96

Marathon                                                                
He3_kin4.inp                                                            
                                                                        
Hall A 2018: 25 cm He3 target                                           
Nominal values - not exact                                              

----*----1----*----2----*----3----*----4----*----5----*----6----*----7--
                                                                        

TARGET (iZ,iA) = (  2,  3);   avgA =   3.000; amuM=  3.016; avgM=  2.809
 targ=TRITIUM; ttarg(rl)=0.00075; twall=0.00519; tbeam=0.00285; tspec=0.00832
         Nseg  =   4
 MODELS: P elastc(ikk)=14; deut elastic=13; inelastc=206; Pauli Supresion= 4
 NUCLEAR METHOD= 1;   NUCLEAR_MODEL= 1
 DIS MODEL=123

    E1    TH    Q2 COS_K         SMR     NUC          INT-SMR
    EP     X    W2 QE-PK  INELA  Q-ELA  ELAST   TOTAL  MODEL

  10.589 20.374  3.96    2.51    9.82    1.51    0.04   11.37  0.845
   2.990  0.278 11.18    2.73    7.58    1.61    0.04    9.22 9.138E+00

  10.589 20.696  4.14    2.27    8.92    1.34    0.03   10.28  0.846
   3.031  0.292 10.92    2.47    6.47    1.42    0.03    7.91 8.279E+00

  10.589 21.128  4.38    2.02    7.82    1.14    0.02    8.98  0.846
   3.076  0.311 10.60    2.19    5.11    1.21    0.02    6.34 7.250E+00

  10.589 21.684  4.64    1.83    6.85    1.00    0.01    7.87  0.845
   3.095  0.330 10.31    1.97    3.93    1.06    0.01    5.00 6.202E+00

  10.589 22.313  4.91    1.68    5.95    0.88    0.01    6.84  0.843
   3.099  0.350 10.02    1.80    2.82    0.93    0.01    3.76 5.224E+00

  10.589 22.887  5.18    1.54    5.06    0.78    0.01    5.85  0.841
   3.108  0.369  9.74    1.65    1.73    0.83    0.01    2.57 4.437E+00

  10.589 23.220  5.40    1.40    4.20    0.69    0.00    4.90  0.839
   3.151  0.387  9.43    1.49    0.67    0.73    0.00    1.41 3.923E+00

  10.589 23.476  5.59    1.29    3.44    0.62    0.00    4.06  0.837
   3.192  0.403  9.17    1.37   -0.26    0.65    0.00    0.40 3.533E+00

  0.000 0.000  0.000 .000  0.00  0.00  0.00  0.00  0.00  0.00 0.000
                           0.00  0.00  0.00  0.00  0.00  0.00 0.000E+00

