EXTERNAL/TSAI:  VERSION OF 8/8/96

Marathon                                                                
He3_kin3.inp                                                            
                                                                        
Hall A 2018: 25 cm He3 target                                           
Nominal values - not exact                                              

----*----1----*----2----*----3----*----4----*----5----*----6----*----7--
                                                                        

TARGET (iZ,iA) = (  2,  3);   avgA =   3.000; amuM=  3.016; avgM=  2.809
 targ=TRITIUM; ttarg(rl)=0.00075; twall=0.00519; tbeam=0.00285; tspec=0.00759
         Nseg  =   4
 MODELS: P elastc(ikk)=14; deut elastic=13; inelastc=206; Pauli Supresion= 4
 NUCLEAR METHOD= 1;   NUCLEAR_MODEL= 1
 DIS MODEL=123

    E1    TH    Q2 COS_K         SMR     NUC          INT-SMR
    EP     X    W2 QE-PK  INELA  Q-ELA  ELAST   TOTAL  MODEL

  10.589 18.921  3.41    3.13   12.05    2.02    0.08   14.15  0.840
   2.984  0.239 11.74    3.44   10.44    2.14    0.08   12.66 1.319E+01

  10.589 19.260  3.59    2.81   11.07    1.77    0.06   12.90  0.843
   3.027  0.253 11.48    3.08    9.24    1.88    0.06   11.17 1.194E+01

  10.589 19.698  3.81    2.47    9.89    1.50    0.04   11.43  0.846
   3.078  0.271 11.16    2.70    7.77    1.60    0.04    9.41 1.049E+01

  10.589 20.299  4.07    2.21    8.80    1.30    0.03   10.12  0.847
   3.097  0.290 10.87    2.40    6.43    1.38    0.03    7.84 8.915E+00

  10.589 20.975  4.35    2.00    7.79    1.13    0.02    8.94  0.847
   3.100  0.310 10.58    2.17    5.19    1.20    0.02    6.41 7.461E+00

  10.589 21.576  4.62    1.82    6.84    0.99    0.01    7.84  0.845
   3.111  0.329 10.30    1.96    4.02    1.05    0.01    5.09 6.327E+00

  10.589 21.911  4.83    1.64    5.90    0.87    0.01    6.77  0.844
   3.158  0.346  9.99    1.76    2.88    0.92    0.01    3.80 5.633E+00

  10.589 22.202  5.02    1.51    5.12    0.77    0.01    5.90  0.843
   3.196  0.362  9.74    1.61    1.92    0.82    0.01    2.74 5.078E+00

  0.000 0.000  0.000 .000  0.00  0.00  0.00  0.00  0.00  0.00 0.000
                           0.00  0.00  0.00  0.00  0.00  0.00 0.000E+00

