EXTERNAL/TSAI:  VERSION OF 8/8/96

Marathon                                                                
H3_kin16.inp                                                            
                                                                        
Hall A 2018: 25 cm Tritium target                                       
Nominal values - not exact                                              

----*----1----*----2----*----3----*----4----*----5----*----6----*----7--
                                                                        

TARGET (iZ,iA) = (  1,  3);   avgA =   3.000; amuM=  3.016; avgM=  2.809
 targ=TRITIUM; ttarg(rl)=0.00045; twall=0.00481; tbeam=0.00341; tspec=0.00759
         Nseg  =   4
 MODELS: P elastc(ikk)=14; deut elastic=13; inelastc=206; Pauli Supresion= 4
 NUCLEAR METHOD= 1;   NUCLEAR_MODEL= 1
 DIS MODEL=123

    E1    TH    Q2 COS_K         SMR     NUC          INT-SMR
    EP     X    W2 QE-PK  INELA  Q-ELA  ELAST   TOTAL  MODEL

  10.589 34.568 10.46    0.79   -5.35    0.39    0.00   -4.96  0.853
   2.797  0.715  5.05    0.84  -10.31    0.41    0.00   -9.90 9.200E-02

  10.589 34.816 10.67    0.77   -5.81    0.40    0.00   -5.41  0.885
   2.814  0.731  4.80    0.82  -10.86    0.43    0.00  -10.43 7.708E-02

  10.589 35.127 10.93    0.75   -6.36    0.43    0.00   -5.93  0.935
   2.833  0.751  4.51    0.80  -11.51    0.46    0.00  -11.05 6.198E-02

  10.589 35.419 11.18    0.74   -6.95    0.48    0.00   -6.47  1.000
   2.853  0.770  4.22    0.79  -12.19    0.50    0.00  -11.69 4.952E-02

  10.589 35.683 11.43    0.73   -7.57    0.54    0.00   -7.03  1.086
   2.876  0.790  3.92    0.79  -12.92    0.56    0.00  -12.36 3.941E-02

  10.589 35.998 11.69    0.74   -8.24    0.63    0.00   -7.61  1.189
   2.892  0.810  3.63    0.80  -13.70    0.65    0.00  -13.05 3.109E-02

  10.589 36.351 11.96    0.76   -8.98    0.75    0.00   -8.23  1.313
   2.903  0.829  3.34    0.82  -14.55    0.77    0.00  -13.78 2.423E-02

  10.589 36.691 12.20    0.78   -9.70    0.89    0.00   -8.81  1.430
   2.907  0.846  3.10    0.86  -15.37    0.91    0.00  -14.47 1.948E-02

  0.000 0.000  0.000 .000  0.00  0.00  0.00  0.00  0.00  0.00 0.000
                           0.00  0.00  0.00  0.00  0.00  0.00 0.000E+00

