EXTERNAL/TSAI:  VERSION OF 8/8/96

Marathon                                                                
H3_kin2.inp                                                             
                                                                        
Hall A 2018: 25 cm Tritium target                                       
Nominal values - not exact                                              

----*----1----*----2----*----3----*----4----*----5----*----6----*----7--
                                                                        

TARGET (iZ,iA) = (  1,  3);   avgA =   3.000; amuM=  3.016; avgM=  2.809
 targ=TRITIUM; ttarg(rl)=0.00045; twall=0.00481; tbeam=0.00341; tspec=0.00759
         Nseg  =   4
 MODELS: P elastc(ikk)=14; deut elastic=13; inelastc=206; Pauli Supresion= 4
 NUCLEAR METHOD= 1;   NUCLEAR_MODEL= 1
 DIS MODEL=123

    E1    TH    Q2 COS_K         SMR     NUC          INT-SMR
    EP     X    W2 QE-PK  INELA  Q-ELA  ELAST   TOTAL  MODEL

  10.589 17.744  3.05    2.70   12.75    1.96    0.13   14.84  0.874
   3.023  0.215 12.03    3.03   11.52    2.12    0.13   13.77 1.601E+01

  10.589 18.183  3.25    2.39   11.52    1.68    0.10   13.30  0.877
   3.077  0.231 11.72    2.67    9.99    1.81    0.10   11.90 1.400E+01

  10.589 18.830  3.51    2.15   10.34    1.45    0.07   11.86  0.877
   3.097  0.250 11.43    2.39    8.52    1.57    0.07   10.15 1.169E+01

  10.589 19.556  3.79    1.95    9.23    1.27    0.05   10.54  0.876
   3.100  0.270 11.15    2.16    7.15    1.37    0.05    8.56 9.606E+00

  10.589 20.187  4.05    1.78    8.19    1.11    0.03    9.33  0.874
   3.114  0.289 10.86    1.95    5.86    1.20    0.03    7.08 8.049E+00

  10.589 20.516  4.25    1.61    7.22    0.97    0.02    8.21  0.870
   3.164  0.305 10.56    1.77    4.66    1.04    0.02    5.73 7.174E+00

  10.589 20.889  4.47    1.47    6.28    0.85    0.02    7.14  0.865
   3.208  0.322 10.27    1.60    3.51    0.91    0.02    4.43 6.311E+00

  0.000 0.000  0.000 .000  0.00  0.00  0.00  0.00  0.00  0.00 0.000
                           0.00  0.00  0.00  0.00  0.00  0.00 0.000E+00

