EXTERNAL/TSAI:  VERSION OF 8/8/96

Marathon                                                                
He3_kin13.inp                                                           
                                                                        
Hall A 2018: 25 cm He3 target                                           
Nominal values - not exact                                              

----*----1----*----2----*----3----*----4----*----5----*----6----*----7--
                                                                        

TARGET (iZ,iA) = (  2,  3);   avgA =   3.000; amuM=  3.016; avgM=  2.809
 targ=TRITIUM; ttarg(rl)=0.00075; twall=0.00519; tbeam=0.00285; tspec=0.00832
         Nseg  =   4
 MODELS: P elastc(ikk)=14; deut elastic=13; inelastc=206; Pauli Supresion= 4
 NUCLEAR METHOD= 1;   NUCLEAR_MODEL= 1
 DIS MODEL=123

    E1    TH    Q2 COS_K         SMR     NUC          INT-SMR
    EP     X    W2 QE-PK  INELA  Q-ELA  ELAST   TOTAL  MODEL

  10.589 30.116  8.53    0.85   -2.66    0.36    0.00   -2.30  0.828
   2.984  0.598  6.62    0.89   -7.57    0.38    0.00   -7.19 5.018E-01

  10.589 30.337  8.71    0.82   -3.15    0.35    0.00   -2.80  0.835
   3.004  0.612  6.40    0.85   -8.15    0.37    0.00   -7.78 4.422E-01

  10.589 30.638  8.95    0.78   -3.75    0.34    0.00   -3.41  0.848
   3.027  0.631  6.12    0.81   -8.89    0.36    0.00   -8.53 3.713E-01

  10.589 30.928  9.20    0.75   -4.38    0.34    0.00   -4.04  0.867
   3.054  0.650  5.83    0.78   -9.64    0.36    0.00   -9.28 3.085E-01

  10.589 31.221  9.44    0.72   -4.99    0.34    0.00   -4.65  0.892
   3.079  0.670  5.53    0.75  -10.37    0.36    0.00  -10.01 2.540E-01

  10.589 31.572  9.70    0.69   -5.57    0.36    0.00   -5.22  0.925
   3.094  0.690  5.24    0.73  -11.07    0.38    0.00  -10.69 2.064E-01

  10.589 31.971  9.97    0.68   -6.14    0.38    0.00   -5.76  0.967
   3.103  0.709  4.96    0.72  -11.73    0.40    0.00  -11.34 1.653E-01

  10.589 32.356 10.23    0.67   -6.70    0.41    0.00   -6.29  1.020
   3.112  0.729  4.68    0.71  -12.40    0.43    0.00  -11.97 1.317E-01

  10.589 32.604 10.47    0.66   -7.29    0.45    0.00   -6.84  1.091
   3.137  0.749  4.40    0.70  -13.10    0.47    0.00  -12.63 1.063E-01

  10.589 32.826 10.70    0.66   -7.90    0.51    0.00   -7.39  1.179
   3.164  0.768  4.11    0.70  -13.82    0.53    0.00  -13.29 8.539E-02

  10.589 33.047 10.93    0.67   -8.52    0.59    0.00   -7.93  1.284
   3.189  0.787  3.84    0.71  -14.54    0.61    0.00  -13.93 6.864E-02

  10.589 33.297 11.13    0.68   -9.08    0.68    0.00   -8.40  1.388
   3.202  0.803  3.61    0.73  -15.20    0.70    0.00  -14.49 5.611E-02

  0.000 0.000  0.000 .000  0.00  0.00  0.00  0.00  0.00  0.00 0.000
                           0.00  0.00  0.00  0.00  0.00  0.00 0.000E+00

