EXTERNAL/TSAI:  VERSION OF 8/8/96

Marathon                                                                
He3_kin1.inp                                                            
                                                                        
Hall A 2018: 25 cm He3 target                                           
Nominal values - not exact                                              

----*----1----*----2----*----3----*----4----*----5----*----6----*----7--
                                                                        

TARGET (iZ,iA) = (  2,  3);   avgA =   3.000; amuM=  3.016; avgM=  2.809
 targ=TRITIUM; ttarg(rl)=0.00075; twall=0.00519; tbeam=0.00285; tspec=0.00759
         Nseg  =   4
 MODELS: P elastc(ikk)=14; deut elastic=13; inelastc=206; Pauli Supresion= 4
 NUCLEAR METHOD= 1;   NUCLEAR_MODEL= 1
 DIS MODEL=123

    E1    TH    Q2 COS_K         SMR     NUC          INT-SMR
    EP     X    W2 QE-PK  INELA  Q-ELA  ELAST   TOTAL  MODEL

  10.589 16.120  2.51    4.69   16.10    3.29    0.25   19.65  0.819
   3.013  0.176 12.59    5.23   15.56    3.51    0.26   19.33 2.679E+01

  10.589 16.554  2.70    4.07   14.82    2.80    0.19   17.80  0.827
   3.072  0.191 12.29    4.52   13.94    2.98    0.19   17.11 2.362E+01

  10.589 17.242  2.95    3.53   13.45    2.36    0.13   15.94  0.835
   3.097  0.210 11.99    3.90   12.22    2.51    0.13   14.87 1.963E+01

  10.589 18.036  3.23    3.10   12.18    2.01    0.09   14.28  0.840
   3.100  0.230 11.71    3.41   10.63    2.14    0.09   12.86 1.597E+01

  10.589 18.708  3.49    2.74   11.00    1.73    0.06   12.79  0.844
   3.115  0.248 11.42    3.00    9.15    1.83    0.06   11.05 1.337E+01

  10.589 19.042  3.67    2.44    9.94    1.49    0.04   11.47  0.847
   3.168  0.264 11.13    2.66    7.84    1.58    0.04    9.47 1.205E+01

  0.000 0.000  0.000 .000  0.00  0.00  0.00  0.00  0.00  0.00 0.000
                           0.00  0.00  0.00  0.00  0.00  0.00 0.000E+00

