EXTERNAL/TSAI:  VERSION OF 8/8/96

Marathon                                                                
H3_kin0.inp                                                             
                                                                        
Hall A 2018: 25 cm Tritium target                                       
Nominal values - not exact                                              

----*----1----*----2----*----3----*----4----*----5----*----6----*----7--
                                                                        

TARGET (iZ,iA) = (  1,  3);   avgA =   3.000; amuM=  3.016; avgM=  2.809
 targ=TRITIUM; ttarg(rl)=0.00045; twall=0.00481; tbeam=0.00341; tspec=0.00759
         Nseg  =   4
 MODELS: P elastc(ikk)=14; deut elastic=13; inelastc=206; Pauli Supresion= 4
 NUCLEAR METHOD= 1;   NUCLEAR_MODEL= 1
 DIS MODEL=123

    E1    TH    Q2 COS_K         SMR     NUC          INT-SMR
    EP     X    W2 QE-PK  INELA  Q-ELA  ELAST   TOTAL  MODEL

  10.589 15.282  2.25    3.90   16.87    3.07    0.39   20.33  0.854
   3.001  0.158 12.87    4.45   16.76    3.33    0.40   20.48 3.128E+01

  10.589 15.715  2.42    3.43   15.52    2.64    0.29   18.46  0.862
   3.063  0.172 12.58    3.90   15.05    2.87    0.29   18.21 2.740E+01

  10.589 16.405  2.67    3.00   14.12    2.25    0.20   16.57  0.869
   3.095  0.190 12.28    3.39   13.26    2.44    0.20   15.91 2.251E+01

  10.589 17.232  2.94    2.66   12.77    1.94    0.14   14.84  0.874
   3.098  0.209 11.99    2.99   11.56    2.09    0.14   13.79 1.797E+01

  10.589 17.949  3.21    2.38   11.53    1.67    0.10   13.30  0.877
   3.111  0.228 11.71    2.66   10.00    1.81    0.10   11.91 1.475E+01

  10.589 18.307  3.39    2.13   10.46    1.45    0.07   11.99  0.878
   3.165  0.243 11.42    2.37    8.67    1.57    0.07   10.31 1.315E+01

  10.589 18.741  3.61    1.90    9.28    1.25    0.05   10.58  0.878
   3.216  0.261 11.11    2.10    7.21    1.34    0.05    8.60 1.147E+01

  0.000 0.000  0.000 .000  0.00  0.00  0.00  0.00  0.00  0.00 0.000
                           0.00  0.00  0.00  0.00  0.00  0.00 0.000E+00

