EXTERNAL/TSAI:  VERSION OF 8/8/96

Marathon                                                                
He3_kin0.inp                                                            
                                                                        
Hall A 2018: 25 cm He3 target                                           
Nominal values - not exact                                              

----*----1----*----2----*----3----*----4----*----5----*----6----*----7--
                                                                        

TARGET (iZ,iA) = (  2,  3);   avgA =   3.000; amuM=  3.016; avgM=  2.809
 targ=TRITIUM; ttarg(rl)=0.00075; twall=0.00519; tbeam=0.00285; tspec=0.00832
         Nseg  =   4
 MODELS: P elastc(ikk)=14; deut elastic=13; inelastc=206; Pauli Supresion= 4
 NUCLEAR METHOD= 1;   NUCLEAR_MODEL= 1
 DIS MODEL=123

    E1    TH    Q2 COS_K         SMR     NUC          INT-SMR
    EP     X    W2 QE-PK  INELA  Q-ELA  ELAST   TOTAL  MODEL

  10.589 15.283  2.25    5.46   17.56    3.91    0.37   21.84  0.808
   3.001  0.158 12.87    6.12   17.40    4.17    0.37   21.94 3.352E+01

  10.589 15.714  2.42    4.72   16.23    3.33    0.27   19.82  0.818
   3.063  0.172 12.58    5.27   15.70    3.54    0.27   19.51 2.955E+01

  10.589 16.403  2.67    4.06   14.82    2.79    0.19   17.80  0.827
   3.095  0.190 12.28    4.51   13.89    2.97    0.19   17.05 2.447E+01

  10.589 17.232  2.94    3.53   13.46    2.37    0.13   15.95  0.835
   3.098  0.209 11.99    3.91   12.16    2.51    0.13   14.80 1.968E+01

  10.589 17.949  3.21    3.10   12.20    2.02    0.09   14.31  0.840
   3.111  0.229 11.71    3.41   10.57    2.14    0.09   12.80 1.628E+01

  10.589 18.306  3.39    2.74   11.10    1.74    0.06   12.90  0.844
   3.165  0.243 11.42    3.01    9.20    1.84    0.06   11.10 1.462E+01

  10.589 18.738  3.61    2.41    9.92    1.48    0.04   11.44  0.848
   3.216  0.261 11.10    2.63    7.72    1.57    0.04    9.33 1.284E+01

  0.000 0.000  0.000 .000  0.00  0.00  0.00  0.00  0.00  0.00 0.000
                           0.00  0.00  0.00  0.00  0.00  0.00 0.000E+00

