EXTERNAL/TSAI:  VERSION OF 8/8/96

Marathon                                                                
H3_kin15.inp                                                            
                                                                        
Hall A 2018: 25 cm Tritium target                                       
Nominal values - not exact                                              

----*----1----*----2----*----3----*----4----*----5----*----6----*----7--
                                                                        

TARGET (iZ,iA) = (  1,  3);   avgA =   3.000; amuM=  3.016; avgM=  2.809
 targ=TRITIUM; ttarg(rl)=0.00045; twall=0.00481; tbeam=0.00341; tspec=0.00832
         Nseg  =   4
 MODELS: P elastc(ikk)=14; deut elastic=13; inelastc=206; Pauli Supresion= 4
 NUCLEAR METHOD= 1;   NUCLEAR_MODEL= 1
 DIS MODEL=123

    E1    TH    Q2 COS_K         SMR     NUC          INT-SMR
    EP     X    W2 QE-PK  INELA  Q-ELA  ELAST   TOTAL  MODEL

  10.589 32.030  9.63    0.74   -4.78    0.33    0.00   -4.45  0.823
   2.988  0.675  5.51    0.78   -9.93    0.35    0.00   -9.57 1.711E-01

  10.589 32.264  9.83    0.72   -5.23    0.34    0.00   -4.89  0.844
   3.007  0.691  5.27    0.76  -10.46    0.36    0.00  -10.10 1.455E-01

  10.589 32.544 10.08    0.70   -5.76    0.35    0.00   -5.41  0.878
   3.030  0.710  4.99    0.74  -11.10    0.38    0.00  -10.73 1.189E-01

  10.589 32.828 10.33    0.69   -6.32    0.38    0.00   -5.94  0.924
   3.053  0.730  4.70    0.73  -11.76    0.40    0.00  -11.36 9.611E-02

  10.589 33.108 10.57    0.68   -6.87    0.41    0.00   -6.46  0.984
   3.075  0.750  4.41    0.72  -12.42    0.44    0.00  -11.98 7.723E-02

  10.589 33.422 10.83    0.67   -7.45    0.46    0.00   -6.98  1.059
   3.092  0.770  4.12    0.72  -13.09    0.49    0.00  -12.60 6.154E-02

  10.589 33.813 11.10    0.68   -8.04    0.53    0.00   -7.50  1.150
   3.098  0.790  3.84    0.73  -13.78    0.56    0.00  -13.22 4.829E-02

  10.589 34.144 11.36    0.69   -8.70    0.63    0.00   -8.07  1.261
   3.111  0.809  3.56    0.75  -14.55    0.65    0.00  -13.89 3.801E-02

  10.589 34.367 11.59    0.71   -9.46    0.76    0.00   -8.70  1.396
   3.135  0.829  3.28    0.78  -15.43    0.78    0.00  -14.65 3.017E-02

  10.589 34.574 11.78    0.74  -10.13    0.90    0.00   -9.24  1.511
   3.150  0.844  3.06    0.82  -16.21    0.92    0.00  -15.29 2.502E-02

  0.000 0.000  0.000 .000  0.00  0.00  0.00  0.00  0.00  0.00 0.000
                           0.00  0.00  0.00  0.00  0.00  0.00 0.000E+00

