EXTERNAL/TSAI:  VERSION OF 8/8/96

Marathon                                                                
H3_kin3.inp                                                             
                                                                        
Hall A 2018: 25 cm Tritium target                                       
Nominal values - not exact                                              

----*----1----*----2----*----3----*----4----*----5----*----6----*----7--
                                                                        

TARGET (iZ,iA) = (  1,  3);   avgA =   3.000; amuM=  3.016; avgM=  2.809
 targ=TRITIUM; ttarg(rl)=0.00045; twall=0.00481; tbeam=0.00341; tspec=0.00759
         Nseg  =   4
 MODELS: P elastc(ikk)=14; deut elastic=13; inelastc=206; Pauli Supresion= 4
 NUCLEAR METHOD= 1;   NUCLEAR_MODEL= 1
 DIS MODEL=123

    E1    TH    Q2 COS_K         SMR     NUC          INT-SMR
    EP     X    W2 QE-PK  INELA  Q-ELA  ELAST   TOTAL  MODEL

  10.589 18.921  3.41    2.42   11.40    1.68    0.09   13.17  0.875
   2.983  0.239 11.74    2.70    9.82    1.82    0.09   11.72 1.190E+01

  10.589 19.261  3.59    2.20   10.42    1.49    0.06   11.97  0.876
   3.027  0.253 11.48    2.45    8.62    1.60    0.07   10.29 1.070E+01

  10.589 19.702  3.82    1.97    9.26    1.28    0.05   10.58  0.875
   3.077  0.271 11.16    2.17    7.18    1.38    0.05    8.60 9.325E+00

  10.589 20.298  4.07    1.79    8.20    1.11    0.03    9.34  0.872
   3.097  0.290 10.87    1.97    5.87    1.20    0.03    7.10 7.869E+00

  10.589 20.975  4.35    1.64    7.22    0.98    0.02    8.22  0.868
   3.100  0.310 10.58    1.80    4.67    1.06    0.02    5.74 6.530E+00

  10.589 21.576  4.62    1.52    6.30    0.87    0.01    7.17  0.862
   3.111  0.329 10.30    1.65    3.54    0.93    0.01    4.48 5.492E+00

  10.589 21.912  4.83    1.39    5.38    0.76    0.01    6.15  0.856
   3.158  0.346  9.99    1.50    2.41    0.82    0.01    3.24 4.850E+00

  10.589 22.225  5.03    1.28    4.58    0.68    0.01    5.27  0.851
   3.197  0.363  9.72    1.39    1.44    0.73    0.01    2.17 4.313E+00

  0.000 0.000  0.000 .000  0.00  0.00  0.00  0.00  0.00  0.00 0.000
                           0.00  0.00  0.00  0.00  0.00  0.00 0.000E+00

