EXTERNAL/TSAI:  VERSION OF 8/8/96

Marathon                                                                
H3_kin4.inp                                                             
                                                                        
Hall A 2018: 25 cm Tritium target                                       
Nominal values - not exact                                              

----*----1----*----2----*----3----*----4----*----5----*----6----*----7--
                                                                        

TARGET (iZ,iA) = (  1,  3);   avgA =   3.000; amuM=  3.016; avgM=  2.809
 targ=TRITIUM; ttarg(rl)=0.00045; twall=0.00481; tbeam=0.00341; tspec=0.00832
         Nseg  =   4
 MODELS: P elastc(ikk)=14; deut elastic=13; inelastc=206; Pauli Supresion= 4
 NUCLEAR METHOD= 1;   NUCLEAR_MODEL= 1
 DIS MODEL=123

    E1    TH    Q2 COS_K         SMR     NUC          INT-SMR
    EP     X    W2 QE-PK  INELA  Q-ELA  ELAST   TOTAL  MODEL

  10.589 20.373  3.96    2.00    9.20    1.29    0.04   10.53  0.873
   2.990  0.278 11.18    2.21    6.99    1.39    0.04    8.43 8.106E+00

  10.589 20.694  4.14    1.84    8.32    1.15    0.03    9.50  0.871
   3.030  0.292 10.92    2.02    5.91    1.23    0.03    7.17 7.302E+00

  10.589 21.123  4.38    1.66    7.25    0.99    0.02    8.26  0.867
   3.076  0.311 10.60    1.82    4.59    1.06    0.02    5.67 6.348E+00

  10.589 21.680  4.64    1.53    6.31    0.87    0.01    7.19  0.862
   3.095  0.330 10.31    1.66    3.43    0.94    0.01    4.38 5.383E+00

  10.589 22.314  4.91    1.42    5.43    0.77    0.01    6.21  0.855
   3.099  0.350 10.02    1.54    2.35    0.83    0.01    3.19 4.492E+00

  10.589 22.878  5.18    1.32    4.58    0.69    0.01    5.28  0.848
   3.109  0.369  9.74    1.43    1.31    0.74    0.01    2.06 3.791E+00

  10.589 23.217  5.40    1.22    3.75    0.61    0.00    4.36  0.841
   3.151  0.387  9.43    1.31    0.28    0.66    0.00    0.95 3.321E+00

  10.589 23.466  5.59    1.13    3.01    0.55    0.00    3.57  0.834
   3.194  0.403  9.16    1.22   -0.62    0.59    0.00   -0.02 2.975E+00

  0.000 0.000  0.000 .000  0.00  0.00  0.00  0.00  0.00  0.00 0.000
                           0.00  0.00  0.00  0.00  0.00  0.00 0.000E+00

