 f1p    f2p    f1n    f2n    f1d    f2d
  0.6733  5.8628     0.4981E-01     0.6221E-01     0.2268E-01     0.2832E-01     0.7249E-01     0.9053E-01
  0.6088  5.5977     0.7944E-01     0.9255E-01     0.3757E-01     0.4377E-01     0.1170E+00     0.1363E+00
  0.5550  5.3530     0.1134E+00     0.1235E+00     0.5557E-01     0.6052E-01     0.1689E+00     0.1840E+00
  0.5021  5.0879     0.1562E+00     0.1575E+00     0.8050E-01     0.8122E-01     0.2367E+00     0.2388E+00
  0.4576  4.8432     0.2008E+00     0.1882E+00     0.1087E+00     0.1018E+00     0.3095E+00     0.2901E+00
  0.4151  4.5883     0.2523E+00     0.2183E+00     0.1434E+00     0.1241E+00     0.3958E+00     0.3424E+00
  0.3852  4.3946     0.2947E+00     0.2394E+00     0.1737E+00     0.1411E+00     0.4685E+00     0.3806E+00
  0.3570  4.2009     0.3399E+00     0.2588E+00     0.2076E+00     0.1580E+00     0.5475E+00     0.4168E+00
  0.3306  4.0071     0.3880E+00     0.2762E+00     0.2451E+00     0.1745E+00     0.6332E+00     0.4506E+00
  0.3120  3.8644     0.4254E+00     0.2877E+00     0.2753E+00     0.1862E+00     0.7007E+00     0.4739E+00
  0.2930  3.7114     0.4673E+00     0.2988E+00     0.3102E+00     0.1984E+00     0.7776E+00     0.4972E+00
  0.2760  3.5687     0.5084E+00     0.3080E+00     0.3454E+00     0.2092E+00     0.8538E+00     0.5173E+00
  0.2586  3.4157     0.5548E+00     0.3167E+00     0.3859E+00     0.2203E+00     0.9407E+00     0.5370E+00
  0.2407  3.2526     0.6071E+00     0.3245E+00     0.4329E+00     0.2314E+00     0.1040E+01     0.5559E+00
  0.2206  3.0589     0.6736E+00     0.3320E+00     0.4940E+00     0.2435E+00     0.1168E+01     0.5756E+00
  0.2044  2.8957     0.7339E+00     0.3369E+00     0.5508E+00     0.2528E+00     0.1285E+01     0.5897E+00
  0.1898  2.7428     0.7947E+00     0.3403E+00     0.6089E+00     0.2607E+00     0.1404E+01     0.6010E+00
  0.1722  2.5491     0.8787E+00     0.3429E+00     0.6905E+00     0.2695E+00     0.1569E+01     0.6125E+00
  0.1562  2.3655     0.9668E+00     0.3439E+00     0.7774E+00     0.2765E+00     0.1744E+01     0.6204E+00
  0.1401  2.1718     0.1071E+01     0.3433E+00     0.8815E+00     0.2825E+00     0.1953E+01     0.6258E+00
  0.1295  2.0392     0.1151E+01     0.3419E+00     0.9616E+00     0.2856E+00     0.2112E+01     0.6275E+00
  0.1131  1.8251     0.1297E+01     0.3379E+00     0.1110E+01     0.2890E+00     0.2407E+01     0.6269E+00
  0.0917  1.5294     0.1548E+01     0.3287E+00     0.1365E+01     0.2898E+00     0.2914E+01     0.6185E+00
