 f1p    f2p    f1n    f2n    f1d    f2d
  0.6733  5.8628     0.5447E-01     0.6169E-01     0.2447E-01     0.3271E-01     0.7660E-01     0.9053E-01
  0.6088  5.5977     0.8519E-01     0.9036E-01     0.4194E-01     0.5109E-01     0.1231E+00     0.1365E+00
  0.5550  5.3530     0.1210E+00     0.1210E+00     0.6314E-01     0.7074E-01     0.1784E+00     0.1853E+00
  0.5021  5.0879     0.1667E+00     0.1560E+00     0.9215E-01     0.9398E-01     0.2502E+00     0.2408E+00
  0.4576  4.8432     0.2140E+00     0.1877E+00     0.1251E+00     0.1158E+00     0.3288E+00     0.2933E+00
  0.4151  4.5883     0.2674E+00     0.2185E+00     0.1665E+00     0.1381E+00     0.4208E+00     0.3449E+00
  0.3852  4.3946     0.3101E+00     0.2396E+00     0.2032E+00     0.1547E+00     0.5019E+00     0.3847E+00
  0.3570  4.2009     0.3526E+00     0.2577E+00     0.2449E+00     0.1709E+00     0.5831E+00     0.4174E+00
  0.3306  4.0071     0.3965E+00     0.2739E+00     0.2919E+00     0.1869E+00     0.6706E+00     0.4478E+00
  0.3120  3.8644     0.4306E+00     0.2849E+00     0.3301E+00     0.1985E+00     0.7451E+00     0.4724E+00
  0.2930  3.7114     0.4698E+00     0.2965E+00     0.3745E+00     0.2105E+00     0.8337E+00     0.4994E+00
  0.2760  3.5687     0.5087E+00     0.3065E+00     0.4192E+00     0.2215E+00     0.9199E+00     0.5222E+00
  0.2586  3.4157     0.5516E+00     0.3154E+00     0.4708E+00     0.2326E+00     0.1012E+01     0.5415E+00
  0.2407  3.2526     0.5997E+00     0.3238E+00     0.5297E+00     0.2437E+00     0.1112E+01     0.5577E+00
  0.2206  3.0589     0.6601E+00     0.3321E+00     0.6049E+00     0.2553E+00     0.1240E+01     0.5747E+00
  0.2044  2.8957     0.7145E+00     0.3379E+00     0.6723E+00     0.2634E+00     0.1360E+01     0.5891E+00
  0.1898  2.7428     0.7689E+00     0.3423E+00     0.7383E+00     0.2693E+00     0.1486E+01     0.6024E+00
  0.1722  2.5491     0.8436E+00     0.3466E+00     0.8255E+00     0.2740E+00     0.1662E+01     0.6173E+00
  0.1562  2.3655     0.9217E+00     0.3494E+00     0.9108E+00     0.2752E+00     0.1823E+01     0.6209E+00
  0.1401  2.1718     0.1014E+01     0.3509E+00     0.1003E+01     0.2729E+00     0.2008E+01     0.6205E+00
  0.1295  2.0392     0.1084E+01     0.3511E+00     0.1068E+01     0.2693E+00     0.2143E+01     0.6173E+00
  0.1131  1.8251     0.1214E+01     0.3500E+00     0.1177E+01     0.2601E+00     0.2384E+01     0.6079E+00
  0.0917  1.5294     0.1438E+01     0.3450E+00     0.1349E+01     0.2429E+00     0.2790E+01     0.5881E+00
