                                           ************ internal ***************  +++++++ internal  + external ++++++++
    E        Ep      Th       s_born       s_rad        s_elas       s_dis        s_rad        s_elas       s_dis
    5.7660   3.4559  18.0000  0.10944E+02  0.10259E+02  0.64707E-03  0.10120E+02  0.95828E+01  0.63118E-03  0.94317E+01
    5.7660   3.5541  18.0000  0.93786E+01  0.87174E+01  0.31486E-03  0.85678E+01  0.81096E+01  0.30632E-03  0.79485E+01
    5.7660   3.6444  18.0000  0.80063E+01  0.73813E+01  0.15152E-03  0.72181E+01  0.68392E+01  0.14702E-03  0.66653E+01
    5.7660   3.7275  18.0000  0.67865E+01  0.62123E+01  0.72189E-04  0.60325E+01  0.57353E+01  0.69860E-04  0.55458E+01
    5.7660   3.8042  18.0000  0.57117E+01  0.51988E+01  0.34046E-04  0.49991E+01  0.47855E+01  0.32860E-04  0.45773E+01
    5.7660   3.8757  18.0000  0.47795E+01  0.43323E+01  0.15809E-04  0.41090E+01  0.39790E+01  0.15217E-04  0.37487E+01
    5.7660   3.9419  18.0000  0.39993E+01  0.36154E+01  0.72821E-05  0.33648E+01  0.33155E+01  0.69910E-05  0.30601E+01
    5.7660   4.0036  18.0000  0.33618E+01  0.30344E+01  0.33196E-05  0.27526E+01  0.27802E+01  0.31784E-05  0.24963E+01
    5.7660   4.0614  18.0000  0.28548E+01  0.25741E+01  0.14953E-05  0.22571E+01  0.23571E+01  0.14278E-05  0.20415E+01
    5.7660   4.1155  18.0000  0.24662E+01  0.22199E+01  0.66763E-06  0.18641E+01  0.20312E+01  0.63579E-06  0.16812E+01
    5.7660   4.1662  18.0000  0.21735E+01  0.19494E+01  0.29597E-06  0.15517E+01  0.17810E+01  0.28110E-06  0.13943E+01
    5.7660   4.2140  18.0000  0.19467E+01  0.17357E+01  0.12996E-06  0.12941E+01  0.15815E+01  0.12310E-06  0.11572E+01
    5.7660   4.2589  18.0000  0.17579E+01  0.15553E+01  0.56836E-07  0.10699E+01  0.14121E+01  0.53687E-07  0.95095E+00
    5.7660   4.3013  18.0000  0.15864E+01  0.13917E+01  0.24707E-07  0.86490E+00  0.12583E+01  0.23275E-07  0.76370E+00
    5.7660   4.3415  18.0000  0.14241E+01  0.12382E+01  0.10664E-07  0.67668E+00  0.11145E+01  0.10019E-07  0.59345E+00
    5.7660   4.3794  18.0000  0.12710E+01  0.10948E+01  0.46020E-08  0.51073E+00  0.98078E+00  0.43117E-08  0.44497E+00
    5.7660   4.4153  18.0000  0.11258E+01  0.96003E+00  0.19822E-08  0.37156E+00  0.85565E+00  0.18521E-08  0.32175E+00
    5.7660   4.4496  18.0000  0.98410E+00  0.83026E+00  0.84755E-09  0.26061E+00  0.73573E+00  0.78976E-09  0.22437E+00
    5.7660   4.4820  18.0000  0.84339E+00  0.70410E+00  0.36395E-09  0.17747E+00  0.62019E+00  0.33822E-09  0.15198E+00
    5.7660   4.5129  18.0000  0.70282E+00  0.58115E+00  0.15598E-09  0.11738E+00  0.50892E+00  0.14456E-09  0.10001E+00
    5.7660   4.5425  18.0000  0.56751E+00  0.46553E+00  0.66575E-10  0.75507E-01  0.40556E+00  0.61533E-10  0.64019E-01
    5.7660   4.5705  18.0000  0.44681E+00  0.36429E+00  0.28651E-10  0.47642E-01  0.31604E+00  0.26410E-10  0.40198E-01
    5.7660   4.5974  18.0000  0.34423E+00  0.27941E+00  0.12290E-10  0.29307E-01  0.24163E+00  0.11298E-10  0.24601E-01
    5.7660   4.6231  18.0000  0.26199E+00  0.21200E+00  0.52865E-11  0.17560E-01  0.18292E+00  0.48468E-11  0.14652E-01
    5.7660   4.6476  18.0000  0.19854E+00  0.16034E+00  0.22878E-11  0.10144E-01  0.13814E+00  0.20920E-11  0.83990E-02
    5.7660   4.6711  18.0000  0.15040E+00  0.12134E+00  0.99236E-12  0.54909E-02  0.10445E+00  0.90499E-12  0.45070E-02
    5.7660   4.6937  18.0000  0.11445E+00  0.92305E-01  0.43097E-12  0.27393E-02  0.79439E-01  0.39198E-12  0.22306E-02
    5.7660   4.7154  18.0000  0.87943E-01  0.70927E-01  0.18785E-12  0.12903E-02  0.61044E-01  0.17040E-12  0.10457E-02
    5.7660   4.7361  18.0000  0.68484E-01  0.55233E-01  0.82718E-13  0.59883E-03  0.47541E-01  0.74837E-13  0.48352E-03
    5.7660   4.7562  18.0000  0.53801E-01  0.43390E-01  0.36301E-13  0.27774E-03  0.37351E-01  0.32757E-13  0.22356E-03
    5.7660   4.7754  18.0000  0.42786E-01  0.34504E-01  0.16106E-13  0.13496E-03  0.29703E-01  0.14495E-13  0.10774E-03
    5.7660   4.7939  18.0000  0.34252E-01  0.27629E-01  0.71805E-14  0.00000E+00  0.23791E-01  0.64457E-14  0.00000E+00
    5.7660   4.8117  18.0000  0.27777E-01  0.22405E-01  0.32233E-14  0.00000E+00  0.19293E-01  0.28860E-14  0.00000E+00
    5.7660   4.8289  18.0000  0.22699E-01  0.18309E-01  0.14530E-14  0.00000E+00  0.15766E-01  0.12976E-14  0.00000E+00
    5.7660   4.8455  18.0000  0.18694E-01  0.15078E-01  0.65888E-15  0.00000E+00  0.12985E-01  0.58691E-15  0.00000E+00
    5.7660   4.8615  18.0000  0.15516E-01  0.12514E-01  0.30107E-15  0.00000E+00  0.10778E-01  0.26751E-15  0.00000E+00
    5.7660   4.8769  18.0000  0.12978E-01  0.10467E-01  0.13887E-15  0.00000E+00  0.90158E-02  0.12308E-15  0.00000E+00
    5.7660   4.8919  18.0000  0.10914E-01  0.88027E-02  0.64110E-16  0.00000E+00  0.75825E-02  0.56676E-16  0.00000E+00
    5.7660   4.9063  18.0000  0.92484E-02  0.74595E-02  0.29970E-16  0.00000E+00  0.64259E-02  0.26428E-16  0.00000E+00
    5.7660   4.9203  18.0000  0.78788E-02  0.63548E-02  0.14059E-16  0.00000E+00  0.54746E-02  0.12367E-16  0.00000E+00
    5.7660   4.9338  18.0000  0.67549E-02  0.54482E-02  0.66622E-17  0.00000E+00  0.46939E-02  0.58459E-17  0.00000E+00
    5.7660   4.9469  18.0000  0.58214E-02  0.46952E-02  0.31760E-17  0.00000E+00  0.40453E-02  0.27801E-17  0.00000E+00
    5.7660   4.9596  18.0000  0.50426E-02  0.40669E-02  0.15249E-17  0.00000E+00  0.35041E-02  0.13315E-17  0.00000E+00
    5.7660   4.9719  18.0000  0.43901E-02  0.35405E-02  0.73819E-18  0.00000E+00  0.30507E-02  0.64304E-18  0.00000E+00
    5.7660   4.9839  18.0000  0.38369E-02  0.30942E-02  0.35856E-18  0.00000E+00  0.26662E-02  0.31159E-18  0.00000E+00
    5.7660   4.9954  18.0000  0.33738E-02  0.27206E-02  0.17708E-18  0.00000E+00  0.23443E-02  0.15351E-18  0.00000E+00
    5.7660   5.0067  18.0000  0.29745E-02  0.23984E-02  0.87378E-19  0.00000E+00  0.20667E-02  0.75572E-19  0.00000E+00
    5.7660   5.0176  18.0000  0.26352E-02  0.21246E-02  0.43660E-19  0.00000E+00  0.18308E-02  0.37671E-19  0.00000E+00
    5.7660   5.0282  18.0000  0.23433E-02  0.18890E-02  0.21972E-19  0.00000E+00  0.16278E-02  0.18915E-19  0.00000E+00
    5.7660   5.0385  18.0000  0.20913E-02  0.16857E-02  0.11148E-19  0.00000E+00  0.14526E-02  0.95741E-20  0.00000E+00
    5.7660   5.0486  18.0000  0.18712E-02  0.15081E-02  0.56676E-20  0.00000E+00  0.12995E-02  0.48562E-20  0.00000E+00
    5.7660   5.0583  18.0000  0.16821E-02  0.13555E-02  0.29292E-20  0.00000E+00  0.11679E-02  0.25042E-20  0.00000E+00
    5.7660   5.0678  18.0000  0.15159E-02  0.12213E-02  0.15195E-20  0.00000E+00  0.10523E-02  0.12961E-20  0.00000E+00
    5.7660   5.0771  18.0000  0.13694E-02  0.11031E-02  0.79155E-21  0.00000E+00  0.95035E-03  0.67363E-21  0.00000E+00
    5.7660   5.0861  18.0000  0.12414E-02  0.99975E-03  0.41728E-21  0.00000E+00  0.86129E-03  0.35432E-21  0.00000E+00
    5.7660   5.0948  18.0000  0.11293E-02  0.90928E-03  0.22282E-21  0.00000E+00  0.78329E-03  0.18879E-21  0.00000E+00
    5.7660   5.1034  18.0000  0.10287E-02  0.82804E-03  0.11885E-21  0.00000E+00  0.71326E-03  0.10047E-21  0.00000E+00
    5.7660   5.1117  18.0000  0.94026E-03  0.75666E-03  0.64291E-22  0.00000E+00  0.65169E-03  0.54232E-22  0.00000E+00
    5.7660   5.1198  18.0000  0.86144E-03  0.69303E-03  0.35038E-22  0.00000E+00  0.59682E-03  0.29493E-22  0.00000E+00
    5.7660   5.1278  18.0000  0.79022E-03  0.63552E-03  0.19103E-22  0.00000E+00  0.54723E-03  0.16045E-22  0.00000E+00
    5.7660   5.1355  18.0000  0.72734E-03  0.58475E-03  0.10584E-22  0.00000E+00  0.50344E-03  0.88708E-23  0.00000E+00
    5.7660   5.1430  18.0000  0.67101E-03  0.53926E-03  0.59178E-23  0.00000E+00  0.46421E-03  0.49497E-23  0.00000E+00
    5.7660   5.1504  18.0000  0.61979E-03  0.49790E-03  0.33149E-23  0.00000E+00  0.42852E-03  0.27669E-23  0.00000E+00
    5.7660   5.1576  18.0000  0.57378E-03  0.46074E-03  0.18759E-23  0.00000E+00  0.39647E-03  0.15626E-23  0.00000E+00
    5.7660   5.1646  18.0000  0.53240E-03  0.42731E-03  0.10730E-23  0.00000E+00  0.36762E-03  0.89204E-24  0.00000E+00
    5.7660   5.1715  18.0000  0.49457E-03  0.39675E-03  0.61569E-24  0.00000E+00  0.34126E-03  0.51088E-24  0.00000E+00
    5.7660   5.1782  18.0000  0.46047E-03  0.36920E-03  0.35752E-24  0.00000E+00  0.31748E-03  0.29612E-24  0.00000E+00
    5.7660   5.1848  18.0000  0.42922E-03  0.34394E-03  0.20848E-24  0.00000E+00  0.29569E-03  0.17238E-24  0.00000E+00
    5.7660   5.1912  18.0000  0.40098E-03  0.32111E-03  0.12317E-24  0.00000E+00  0.27598E-03  0.10168E-24  0.00000E+00
    5.7660   5.1975  18.0000  0.37503E-03  0.30013E-03  0.73164E-25  0.00000E+00  0.25787E-03  0.60309E-25  0.00000E+00
    5.7660   5.2036  18.0000  0.35154E-03  0.28113E-03  0.44093E-25  0.00000E+00  0.24147E-03  0.36305E-25  0.00000E+00
    5.7660   5.2097  18.0000  0.32954E-03  0.26334E-03  0.26535E-25  0.00000E+00  0.22610E-03  0.21831E-25  0.00000E+00
    5.7660   5.2155  18.0000  0.30993E-03  0.24747E-03  0.16366E-25  0.00000E+00  0.21239E-03  0.13461E-25  0.00000E+00
    5.7660   5.2213  18.0000  0.29150E-03  0.23255E-03  0.10101E-25  0.00000E+00  0.19950E-03  0.83112E-26  0.00000E+00
    5.7660   5.2270  18.0000  0.27447E-03  0.21876E-03  0.62993E-26  0.00000E+00  0.18759E-03  0.51901E-26  0.00000E+00
    5.7660   5.2325  18.0000  0.25901E-03  0.20623E-03  0.40093E-26  0.00000E+00  0.17676E-03  0.33120E-26  0.00000E+00
    5.7660   5.2379  18.0000  0.24469E-03  0.19462E-03  0.25879E-26  0.00000E+00  0.16672E-03  0.21470E-26  0.00000E+00
    5.7660   5.2432  18.0000  0.23141E-03  0.18385E-03  0.16981E-26  0.00000E+00  0.15740E-03  0.14179E-26  0.00000E+00
    5.7660   5.2484  18.0000  0.21910E-03  0.17386E-03  0.11359E-26  0.00000E+00  0.14876E-03  0.95712E-27  0.00000E+00
    5.7660   5.2535  18.0000  0.20767E-03  0.16458E-03  0.77715E-27  0.00000E+00  0.14072E-03  0.66279E-27  0.00000E+00
    5.7660   5.2585  18.0000  0.19706E-03  0.15594E-03  0.54549E-27  0.00000E+00  0.13324E-03  0.47246E-27  0.00000E+00
    5.7660   5.2634  18.0000  0.18719E-03  0.14791E-03  0.39405E-27  0.00000E+00  0.12628E-03  0.34777E-27  0.00000E+00
    5.7660   5.2682  18.0000  0.17801E-03  0.14043E-03  0.29369E-27  0.00000E+00  0.11980E-03  0.26488E-27  0.00000E+00
    5.7660   5.2729  18.0000  0.16947E-03  0.13346E-03  0.22616E-27  0.00000E+00  0.11375E-03  0.20891E-27  0.00000E+00
    5.7660   5.2776  18.0000  0.16134E-03  0.12682E-03  0.17918E-27  0.00000E+00  0.10798E-03  0.16982E-27  0.00000E+00
    5.7660   5.2821  18.0000  0.15393E-03  0.12075E-03  0.14735E-27  0.00000E+00  0.10270E-03  0.14324E-27  0.00000E+00
    5.7660   5.2866  18.0000  0.14686E-03  0.11495E-03  0.12443E-27  0.00000E+00  0.97662E-04  0.12407E-27  0.00000E+00
    5.7660   5.2909  18.0000  0.14042E-03  0.10966E-03  0.10842E-27  0.00000E+00  0.93048E-04  0.11068E-27  0.00000E+00
    5.7660   5.2952  18.0000  0.13427E-03  0.10458E-03  0.96538E-28  0.00000E+00  0.88622E-04  0.10081E-27  0.00000E+00
    5.7660   5.2995  18.0000  0.12838E-03  0.99718E-04  0.87702E-28  0.00000E+00  0.84372E-04  0.93579E-28  0.00000E+00
    5.7660   5.3036  18.0000  0.12302E-03  0.95266E-04  0.81425E-28  0.00000E+00  0.80475E-04  0.88610E-28  0.00000E+00
    5.7660   5.3077  18.0000  0.11788E-03  0.90984E-04  0.76792E-28  0.00000E+00  0.76721E-04  0.85177E-28  0.00000E+00
    5.7660   5.3117  18.0000  0.11308E-03  0.86963E-04  0.73579E-28  0.00000E+00  0.73186E-04  0.83113E-28  0.00000E+00
    5.7660   5.3156  18.0000  0.10859E-03  0.83180E-04  0.71529E-28  0.00000E+00  0.69850E-04  0.82238E-28  0.00000E+00
    5.7660   5.3195  18.0000  0.10428E-03  0.79523E-04  0.70476E-28  0.00000E+00  0.66615E-04  0.82490E-28  0.00000E+00
    5.7660   5.3233  18.0000  0.10025E-03  0.76072E-04  0.70413E-28  0.00000E+00  0.63550E-04  0.83915E-28  0.00000E+00
    5.7660   5.3270  18.0000  0.96475E-04  0.72809E-04  0.71347E-28  0.00000E+00  0.60637E-04  0.86612E-28  0.00000E+00
    5.7660   5.3343  18.0000  0.89448E-04  0.66605E-04  0.76883E-28  0.00000E+00  0.55043E-04  0.97277E-28  0.00000E+00
    5.7660   5.3378  18.0000  0.86265E-04  0.63711E-04  0.82056E-28  0.00000E+00  0.52394E-04  0.10635E-27  0.00000E+00
    5.7660   5.3413  18.0000  0.83197E-04  0.60837E-04  0.89882E-28  0.00000E+00  0.49723E-04  0.11993E-27  0.00000E+00
