EXTERNAL/TSAI:  VERSION OF 8/8/96

Marathon                                                                
H1_kin4.inp                                                             
                                                                        
Hall A 2018: 25 cm Deuterium target                                     
Nominal values - not exact                                              

----*----1----*----2----*----3----*----4----*----5----*----6----*----7--
                                                                        

TARGET (iZ,iA) = (  1,  1);   avgA =   1.000; amuM=  1.007; avgM=  0.938
 targ=TRITIUM; ttarg(rl)=0.00113; twall=0.00478; tbeam=0.00406; tspec=0.00832
         Nseg  =   4
 MODELS: P elastc(ikk)=14; deut elastic=13; inelastc=206; Pauli Supresion= 4
 NUCLEAR METHOD= 1;   NUCLEAR_MODEL= 1
 DIS MODEL=211

    E1    TH    Q2 COS_K         SMR     NUC          INT-SMR
    EP     X    W2 QE-PK  INELA  Q-ELA  ELAST   TOTAL  MODEL

  10.589 20.377  3.96    2.85   11.23    0.00    2.89   14.11  1.000
   2.989  0.278 11.18    3.22    9.79    0.00    3.25   13.04 3.460E+00

  10.589 20.698  4.14    2.56   10.13    0.00    2.59   12.71  1.000
   3.030  0.292 10.92    2.87    8.41    0.00    2.90   11.32 3.156E+00

  10.589 21.127  4.38    2.25    8.83    0.00    2.27   11.10  1.000
   3.076  0.311 10.60    2.51    6.79    0.00    2.53    9.32 2.789E+00

  10.589 21.687  4.64    2.01    7.70    0.00    2.03    9.73  1.000
   3.094  0.330 10.31    2.24    5.37    0.00    2.25    7.63 2.403E+00

  10.589 22.319  4.91    1.82    6.67    0.00    1.84    8.50  1.000
   3.098  0.350 10.02    2.02    4.08    0.00    2.03    6.11 2.039E+00

  10.589 22.887  5.18    1.66    5.69    0.00    1.67    7.36  1.000
   3.108  0.369  9.74    1.82    2.86    0.00    1.83    4.70 1.745E+00

  10.589 23.227  5.41    1.49    4.74    0.00    1.50    6.24  1.000
   3.150  0.387  9.43    1.64    1.67    0.00    1.65    3.32 1.550E+00

  10.589 23.477  5.59    1.37    3.97    0.00    1.38    5.35  1.000
   3.190  0.403  9.17    1.50    0.70    0.00    1.51    2.21 1.406E+00

  0.000 0.000  0.000 .000  0.00  0.00  0.00  0.00  0.00  0.00 0.000
                           0.00  0.00  0.00  0.00  0.00  0.00 0.000E+00

