EXTERNAL/TSAI:  VERSION OF 8/8/96

Marathon                                                                
He3_kin3.inp                                                            
                                                                        
Hall A 2018: 25 cm He3 target                                           
Nominal values - not exact                                              

----*----1----*----2----*----3----*----4----*----5----*----6----*----7--
                                                                        

TARGET (iZ,iA) = (  2,  3);   avgA =   3.000; amuM=  3.016; avgM=  2.809
 targ=TRITIUM; ttarg(rl)=0.00075; twall=0.00519; tbeam=0.00285; tspec=0.00759
         Nseg  =   4
 MODELS: P elastc(ikk)=14; deut elastic=13; inelastc=206; Pauli Supresion= 4
 NUCLEAR METHOD= 1;   NUCLEAR_MODEL= 1
 DIS MODEL=211

    E1    TH    Q2 COS_K         SMR     NUC          INT-SMR
    EP     X    W2 QE-PK  INELA  Q-ELA  ELAST   TOTAL  MODEL

  10.589 18.921  3.41    3.07   13.16    1.98    0.08   15.21  0.840
   2.984  0.239 11.74    3.37   11.61    2.10    0.08   13.79 1.344E+01

  10.589 19.260  3.59    2.75   11.94    1.73    0.06   13.73  0.843
   3.027  0.253 11.48    3.02   10.14    1.84    0.06   12.04 1.219E+01

  10.589 19.698  3.81    2.42   10.51    1.47    0.04   12.02  0.846
   3.078  0.271 11.16    2.64    8.41    1.56    0.04   10.01 1.073E+01

  10.589 20.299  4.07    2.16    9.24    1.27    0.03   10.53  0.847
   3.097  0.290 10.87    2.35    6.87    1.35    0.03    8.24 9.130E+00

  10.589 20.975  4.35    1.95    8.08    1.11    0.02    9.20  0.847
   3.100  0.310 10.58    2.11    5.47    1.17    0.02    6.66 7.646E+00

  10.589 21.576  4.62    1.78    7.01    0.97    0.01    7.99  0.845
   3.111  0.329 10.30    1.91    4.17    1.03    0.01    5.21 6.485E+00

  10.589 21.911  4.83    1.60    5.99    0.85    0.01    6.84  0.844
   3.158  0.346  9.99    1.72    2.94    0.90    0.01    3.84 5.770E+00

  10.589 22.202  5.02    1.47    5.25    0.75    0.01    6.01  0.843
   3.196  0.362  9.74    1.58    2.01    0.80    0.01    2.82 5.198E+00

  0.000 0.000  0.000 .000  0.00  0.00  0.00  0.00  0.00  0.00 0.000
                           0.00  0.00  0.00  0.00  0.00  0.00 0.000E+00

