EXTERNAL/TSAI:  VERSION OF 8/8/96

Marathon                                                                
He3_kin16.inp                                                           
                                                                        
Hall A 2018: 25 cm He3 target                                           
Nominal values - not exact                                              

----*----1----*----2----*----3----*----4----*----5----*----6----*----7--
                                                                        

TARGET (iZ,iA) = (  2,  3);   avgA =   3.000; amuM=  3.016; avgM=  2.809
 targ=TRITIUM; ttarg(rl)=0.00075; twall=0.00519; tbeam=0.00285; tspec=0.00759
         Nseg  =   4
 MODELS: P elastc(ikk)=14; deut elastic=13; inelastc=206; Pauli Supresion= 4
 NUCLEAR METHOD= 1;   NUCLEAR_MODEL= 1
 DIS MODEL=211

    E1    TH    Q2 COS_K         SMR     NUC          INT-SMR
    EP     X    W2 QE-PK  INELA  Q-ELA  ELAST   TOTAL  MODEL

  10.589 34.563 10.46    0.74   -6.14    0.39    0.00   -5.75  0.929
   2.798  0.715  5.04    0.77  -11.41    0.41    0.00  -10.99 1.271E-01

  10.589 34.812 10.67    0.72   -6.76    0.41    0.00   -6.35  0.967
   2.815  0.731  4.80    0.76  -12.14    0.43    0.00  -11.71 1.068E-01

  10.589 35.115 10.92    0.71   -7.54    0.44    0.00   -7.10  1.025
   2.834  0.750  4.51    0.74  -13.07    0.46    0.00  -12.61 8.574E-02

  10.589 35.421 11.18    0.70   -8.40    0.49    0.00   -7.91  1.100
   2.853  0.770  4.22    0.74  -14.08    0.52    0.00  -13.57 6.753E-02

  10.589 35.699 11.44    0.71   -9.33    0.57    0.00   -8.76  1.198
   2.874  0.790  3.92    0.75  -15.18    0.60    0.00  -14.58 5.255E-02

  10.589 35.995 11.69    0.73  -10.31    0.69    0.00   -9.63  1.316
   2.892  0.810  3.63    0.79  -16.33    0.71    0.00  -15.62 4.019E-02

  10.589 36.334 11.96    0.79  -11.42    0.87    0.00  -10.55  1.456
   2.905  0.829  3.34    0.85  -17.61    0.89    0.00  -16.72 2.989E-02

  10.589 36.697 12.20    0.87  -12.46    1.09    0.00  -11.37  1.588
   2.906  0.846  3.10    0.94  -18.81    1.11    0.00  -17.70 2.260E-02

  0.000 0.000  0.000 .000  0.00  0.00  0.00  0.00  0.00  0.00 0.000
                           0.00  0.00  0.00  0.00  0.00  0.00 0.000E+00

