EXTERNAL/TSAI:  VERSION OF 8/8/96

Marathon                                                                
H1_kin0.inp                                                             
                                                                        
Hall A 2018: 25 cm Deuterium target                                     
Nominal values - not exact                                              

----*----1----*----2----*----3----*----4----*----5----*----6----*----7--
                                                                        

TARGET (iZ,iA) = (  1,  1);   avgA =   1.000; amuM=  1.007; avgM=  0.938
 targ=TRITIUM; ttarg(rl)=0.00113; twall=0.00478; tbeam=0.00406; tspec=0.00832
         Nseg  =   4
 MODELS: P elastc(ikk)=14; deut elastic=13; inelastc=206; Pauli Supresion= 4
 NUCLEAR METHOD= 1;   NUCLEAR_MODEL= 1
 DIS MODEL=211

    E1    TH    Q2 COS_K         SMR     NUC          INT-SMR
    EP     X    W2 QE-PK  INELA  Q-ELA  ELAST   TOTAL  MODEL

  10.589 15.281  2.25    6.92   21.75    0.00    7.12   28.87  1.000
   3.001  0.158 12.87    8.10   23.22    0.00    8.31   31.53 1.174E+01

  10.589 15.714  2.42    5.91   19.90    0.00    6.06   25.96  1.000
   3.063  0.172 12.58    6.87   20.85    0.00    7.02   27.88 1.045E+01

  10.589 16.407  2.67    4.98   17.91    0.00    5.09   23.01  1.000
   3.094  0.190 12.28    5.76   18.30    0.00    5.87   24.17 8.761E+00

  10.589 17.234  2.95    4.26   16.05    0.00    4.34   20.38  1.000
   3.097  0.209 11.99    4.89   15.90    0.00    4.97   20.87 7.147E+00

  10.589 17.950  3.21    3.67   14.34    0.00    3.73   18.07  1.000
   3.111  0.229 11.71    4.19   13.74    0.00    4.25   17.99 5.989E+00

  10.589 18.301  3.39    3.21   12.92    0.00    3.26   16.17  1.000
   3.165  0.243 11.42    3.64   11.95    0.00    3.69   15.64 5.432E+00

  10.589 18.768  3.61    2.79   11.45    0.00    2.82   14.28  1.000
   3.209  0.261 11.12    3.15   10.10    0.00    3.19   13.28 4.787E+00

  0.000 0.000  0.000 .000  0.00  0.00  0.00  0.00  0.00  0.00 0.000
                           0.00  0.00  0.00  0.00  0.00  0.00 0.000E+00

