EXTERNAL/TSAI:  VERSION OF 8/8/96

Marathon                                                                
H3_kin4.inp                                                             
                                                                        
Hall A 2018: 25 cm Tritium target                                       
Nominal values - not exact                                              

----*----1----*----2----*----3----*----4----*----5----*----6----*----7--
                                                                        

TARGET (iZ,iA) = (  1,  3);   avgA =   3.000; amuM=  3.016; avgM=  2.809
 targ=TRITIUM; ttarg(rl)=0.00045; twall=0.00481; tbeam=0.00341; tspec=0.00759
         Nseg  =   4
 MODELS: P elastc(ikk)=14; deut elastic=13; inelastc=206; Pauli Supresion= 4
 NUCLEAR METHOD= 1;   NUCLEAR_MODEL= 1
 DIS MODEL=211

    E1    TH    Q2 COS_K         SMR     NUC          INT-SMR
    EP     X    W2 QE-PK  INELA  Q-ELA  ELAST   TOTAL  MODEL

  10.589 20.373  3.96    2.00    9.60    1.29    0.04   10.93  0.873
   2.990  0.278 11.18    2.21    7.54    1.39    0.04    8.97 8.136E+00

  10.589 20.694  4.14    1.83    8.62    1.14    0.03    9.79  0.871
   3.030  0.292 10.92    2.01    6.35    1.23    0.03    7.61 7.341E+00

  10.589 21.123  4.38    1.65    7.45    0.98    0.02    8.45  0.867
   3.076  0.311 10.60    1.80    4.92    1.06    0.02    6.00 6.394E+00

  10.589 21.680  4.64    1.51    6.42    0.86    0.01    7.29  0.862
   3.095  0.330 10.31    1.65    3.67    0.93    0.01    4.62 5.433E+00

  10.589 22.314  4.91    1.40    5.47    0.77    0.01    6.25  0.855
   3.099  0.350 10.02    1.52    2.53    0.82    0.01    3.36 4.542E+00

  10.589 22.878  5.18    1.30    4.59    0.68    0.01    5.28  0.848
   3.109  0.369  9.74    1.41    1.45    0.73    0.01    2.19 3.840E+00

  10.589 23.217  5.40    1.20    3.70    0.60    0.00    4.31  0.841
   3.151  0.387  9.43    1.29    0.38    0.65    0.00    1.03 3.368E+00

  10.589 23.466  5.59    1.12    2.98    0.54    0.00    3.53  0.834
   3.194  0.403  9.16    1.20   -0.51    0.58    0.00    0.08 3.019E+00

  0.000 0.000  0.000 .000  0.00  0.00  0.00  0.00  0.00  0.00 0.000
                           0.00  0.00  0.00  0.00  0.00  0.00 0.000E+00

