EXTERNAL/TSAI:  VERSION OF 8/8/96

Marathon                                                                
H3_kin16.inp                                                            
                                                                        
Hall A 2018: 25 cm Tritium target                                       
Nominal values - not exact                                              

----*----1----*----2----*----3----*----4----*----5----*----6----*----7--
                                                                        

TARGET (iZ,iA) = (  1,  3);   avgA =   3.000; amuM=  3.016; avgM=  2.809
 targ=TRITIUM; ttarg(rl)=0.00045; twall=0.00481; tbeam=0.00341; tspec=0.00832
         Nseg  =   4
 MODELS: P elastc(ikk)=14; deut elastic=13; inelastc=206; Pauli Supresion= 4
 NUCLEAR METHOD= 1;   NUCLEAR_MODEL= 1
 DIS MODEL=211

    E1    TH    Q2 COS_K         SMR     NUC          INT-SMR
    EP     X    W2 QE-PK  INELA  Q-ELA  ELAST   TOTAL  MODEL

  10.589 34.568 10.46    0.74   -6.19    0.36    0.00   -5.83  0.853
   2.797  0.715  5.05    0.79  -11.53    0.39    0.00  -11.14 9.754E-02

  10.589 34.816 10.67    0.73   -6.80    0.38    0.00   -6.42  0.885
   2.814  0.731  4.80    0.77  -12.26    0.40    0.00  -11.86 8.154E-02

  10.589 35.127 10.93    0.72   -7.56    0.41    0.00   -7.15  0.935
   2.833  0.751  4.51    0.76  -13.17    0.44    0.00  -12.74 6.513E-02

  10.589 35.419 11.18    0.71   -8.39    0.46    0.00   -7.93  1.000
   2.853  0.770  4.22    0.76  -14.16    0.48    0.00  -13.68 5.138E-02

  10.589 35.683 11.43    0.72   -9.30    0.53    0.00   -8.77  1.086
   2.876  0.790  3.92    0.77  -15.24    0.56    0.00  -14.68 4.002E-02

  10.589 35.998 11.69    0.75  -10.26    0.64    0.00   -9.62  1.189
   2.892  0.810  3.63    0.81  -16.37    0.66    0.00  -15.71 3.054E-02

  10.589 36.351 11.96    0.81  -11.34    0.80    0.00  -10.54  1.313
   2.903  0.829  3.34    0.88  -17.64    0.82    0.00  -16.81 2.267E-02

  10.589 36.691 12.20    0.89  -12.37    1.00    0.00  -11.37  1.430
   2.907  0.846  3.10    0.97  -18.82    1.03    0.00  -17.80 1.722E-02

  0.000 0.000  0.000 .000  0.00  0.00  0.00  0.00  0.00  0.00 0.000
                           0.00  0.00  0.00  0.00  0.00  0.00 0.000E+00

