EXTERNAL/TSAI:  VERSION OF 8/8/96

Marathon                                                                
H1_kin2.inp                                                             
                                                                        
Hall A 2018: 25 cm Deuterium target                                     
Nominal values - not exact                                              

----*----1----*----2----*----3----*----4----*----5----*----6----*----7--
                                                                        

TARGET (iZ,iA) = (  1,  1);   avgA =   1.000; amuM=  1.007; avgM=  0.938
 targ=TRITIUM; ttarg(rl)=0.00113; twall=0.00478; tbeam=0.00406; tspec=0.00832
         Nseg  =   4
 MODELS: P elastc(ikk)=14; deut elastic=13; inelastc=206; Pauli Supresion= 4
 NUCLEAR METHOD= 1;   NUCLEAR_MODEL= 1
 DIS MODEL=211

    E1    TH    Q2 COS_K         SMR     NUC          INT-SMR
    EP     X    W2 QE-PK  INELA  Q-ELA  ELAST   TOTAL  MODEL

  10.589 17.743  3.05    4.28   15.99    0.00    4.36   20.34  1.000
   3.023  0.214 12.03    4.91   15.80    0.00    4.99   20.79 6.407E+00

  10.589 18.181  3.25    3.68   14.31    0.00    3.74   18.05  1.000
   3.077  0.231 11.72    4.20   13.70    0.00    4.26   17.96 5.705E+00

  10.589 18.829  3.51    3.19   12.74    0.00    3.24   15.98  1.000
   3.098  0.250 11.43    3.62   11.70    0.00    3.67   15.38 4.856E+00

  10.589 19.552  3.79    2.81   11.31    0.00    2.84   14.15  1.000
   3.101  0.269 11.15    3.17    9.90    0.00    3.20   13.11 4.070E+00

  10.589 20.188  4.05    2.48    9.99    0.00    2.51   12.51  1.000
   3.114  0.289 10.86    2.79    8.25    0.00    2.82   11.07 3.468E+00

  10.589 20.513  4.25    2.20    8.82    0.00    2.22   11.04  1.000
   3.165  0.305 10.56    2.46    6.77    0.00    2.48    9.25 3.137E+00

  10.589 20.927  4.47    1.98    7.76    0.00    1.99    9.75  1.000
   3.196  0.322 10.29    2.20    5.44    0.00    2.22    7.66 2.786E+00

  0.000 0.000  0.000 .000  0.00  0.00  0.00  0.00  0.00  0.00 0.000
                           0.00  0.00  0.00  0.00  0.00  0.00 0.000E+00

