EXTERNAL/TSAI:  VERSION OF 8/8/96

Marathon                                                                
D2_kin0.inp                                                             
                                                                        
Hall A 2018: 25 cm Deuterium target                                     
Nominal values - not exact                                              

----*----1----*----2----*----3----*----4----*----5----*----6----*----7--
                                                                        

TARGET (iZ,iA) = (  1,  2);   avgA =   2.000; amuM=  2.013; avgM=  1.875
 targ=TRITIUM; ttarg(rl)=0.00114; twall=0.00445; tbeam=0.00298; tspec=0.00759
         Nseg  =   4
 MODELS: P elastc(ikk)=14; deut elastic=13; inelastc=206; Pauli Supresion= 4
 NUCLEAR METHOD= 1;   NUCLEAR_MODEL= 1
 DIS MODEL=211

    E1    TH    Q2 COS_K         SMR     NUC          INT-SMR
    EP     X    W2 QE-PK  INELA  Q-ELA  ELAST   TOTAL  MODEL

 Deut Elastic Model: ia,iamec,rsc,rscmec (1,2,3,4)=  3
 TJON DEUT ELASTIC FILESS TO BE OPEN=rscctj.tjon_input   rscqtj.tjon_input   rscmtj.tjon_input   
  10.589 15.285  2.25    4.79   20.24    4.12    0.17   24.52  0.954
   3.000  0.158 12.87    5.43   20.67    4.46    0.17   25.30 2.121E+01

  10.589 15.717  2.42    4.16   18.43    3.49    0.13   22.05  0.961
   3.062  0.172 12.58    4.70   18.46    3.78    0.13   22.37 1.873E+01

  10.589 16.404  2.67    3.58   16.52    2.92    0.09   19.53  0.964
   3.095  0.190 12.28    4.03   16.11    3.15    0.09   19.36 1.553E+01

  10.589 17.232  2.94    3.13   14.75    2.46    0.07   17.28  0.966
   3.098  0.209 11.99    3.50   13.94    2.66    0.07   16.67 1.252E+01

  10.589 17.949  3.21    2.75   13.17    2.10    0.05   15.31  0.969
   3.111  0.228 11.71    3.06   12.00    2.26    0.05   14.31 1.036E+01

  10.589 18.304  3.39    2.45   11.83    1.80    0.04   13.68  0.970
   3.164  0.243 11.42    2.71   10.38    1.95    0.04   12.37 9.311E+00

  10.589 18.776  3.61    2.17   10.48    1.54    0.03   12.05  0.970
   3.206  0.261 11.12    2.39    8.73    1.66    0.03   10.42 8.118E+00

  0.000 0.000  0.000 .000  0.00  0.00  0.00  0.00  0.00  0.00 0.000
                           0.00  0.00  0.00  0.00  0.00  0.00 0.000E+00

