EXTERNAL/TSAI:  VERSION OF 8/8/96

Marathon                                                                
H1_kin3.inp                                                             
                                                                        
Hall A 2018: 25 cm Deuterium target                                     
Nominal values - not exact                                              

----*----1----*----2----*----3----*----4----*----5----*----6----*----7--
                                                                        

TARGET (iZ,iA) = (  1,  1);   avgA =   1.000; amuM=  1.007; avgM=  0.938
 targ=TRITIUM; ttarg(rl)=0.00113; twall=0.00478; tbeam=0.00406; tspec=0.00759
         Nseg  =   4
 MODELS: P elastc(ikk)=14; deut elastic=13; inelastc=206; Pauli Supresion= 4
 NUCLEAR METHOD= 1;   NUCLEAR_MODEL= 1
 DIS MODEL=211

    E1    TH    Q2 COS_K         SMR     NUC          INT-SMR
    EP     X    W2 QE-PK  INELA  Q-ELA  ELAST   TOTAL  MODEL

  10.589 18.922  3.41    3.67   14.10    0.00    3.73   17.82  1.000
   2.983  0.239 11.74    4.18   13.49    0.00    4.24   17.73 4.888E+00

  10.589 19.260  3.59    3.26   12.82    0.00    3.30   16.13  1.000
   3.027  0.253 11.48    3.70   11.89    0.00    3.75   15.64 4.461E+00

  10.589 19.705  3.82    2.83   11.33    0.00    2.86   14.19  1.000
   3.077  0.271 11.16    3.19   10.03    0.00    3.23   13.26 3.951E+00

  10.589 20.308  4.08    2.49   10.00    0.00    2.52   12.52  1.000
   3.096  0.290 10.87    2.80    8.36    0.00    2.83   11.19 3.389E+00

  10.589 20.979  4.35    2.23    8.80    0.00    2.25   11.05  1.000
   3.099  0.310 10.58    2.49    6.86    0.00    2.51    9.37 2.865E+00

  10.589 21.584  4.62    2.00    7.68    0.00    2.02    9.69  1.000
   3.110  0.329 10.30    2.22    5.46    0.00    2.24    7.70 2.448E+00

  10.589 21.913  4.83    1.79    6.62    0.00    1.80    8.42  1.000
   3.157  0.346 10.00    1.98    4.14    0.00    1.99    6.13 2.196E+00

  10.589 22.190  5.02    1.63    5.75    0.00    1.64    7.39  1.000
   3.198  0.362  9.73    1.79    3.05    0.00    1.81    4.86 1.996E+00

  0.000 0.000  0.000 .000  0.00  0.00  0.00  0.00  0.00  0.00 0.000
                           0.00  0.00  0.00  0.00  0.00  0.00 0.000E+00

