EXTERNAL/TSAI:  VERSION OF 8/8/96

Marathon                                                                
He3_kin0.inp                                                            
                                                                        
Hall A 2018: 25 cm He3 target                                           
Nominal values - not exact                                              

----*----1----*----2----*----3----*----4----*----5----*----6----*----7--
                                                                        

TARGET (iZ,iA) = (  2,  3);   avgA =   3.000; amuM=  3.016; avgM=  2.809
 targ=TRITIUM; ttarg(rl)=0.00075; twall=0.00519; tbeam=0.00285; tspec=0.00832
         Nseg  =   4
 MODELS: P elastc(ikk)=14; deut elastic=13; inelastc=206; Pauli Supresion= 4
 NUCLEAR METHOD= 1;   NUCLEAR_MODEL= 1
 DIS MODEL=211

    E1    TH    Q2 COS_K         SMR     NUC          INT-SMR
    EP     X    W2 QE-PK  INELA  Q-ELA  ELAST   TOTAL  MODEL

  10.589 15.283  2.25    5.46   20.72    3.92    0.37   25.01  0.808
   3.001  0.158 12.87    6.12   20.85    4.17    0.37   25.39 3.349E+01

  10.589 15.714  2.42    4.71   18.85    3.32    0.27   22.44  0.818
   3.063  0.172 12.58    5.26   18.55    3.53    0.27   22.35 2.966E+01

  10.589 16.403  2.67    4.03   16.87    2.77    0.19   19.83  0.827
   3.095  0.190 12.28    4.47   16.11    2.94    0.19   19.24 2.467E+01

  10.589 17.232  2.94    3.49   15.05    2.34    0.13   17.51  0.835
   3.098  0.209 11.99    3.86   13.86    2.48    0.13   16.47 1.994E+01

  10.589 17.949  3.21    3.05   13.40    1.98    0.09   15.47  0.840
   3.111  0.229 11.71    3.35   11.85    2.10    0.09   14.04 1.656E+01

  10.589 18.306  3.39    2.69   12.02    1.70    0.06   13.79  0.844
   3.165  0.243 11.42    2.95   10.16    1.81    0.06   12.03 1.490E+01

  10.589 18.738  3.61    2.36   10.59    1.45    0.04   12.08  0.848
   3.216  0.261 11.10    2.57    8.42    1.53    0.04    9.99 1.312E+01

  0.000 0.000  0.000 .000  0.00  0.00  0.00  0.00  0.00  0.00 0.000
                           0.00  0.00  0.00  0.00  0.00  0.00 0.000E+00

