EXTERNAL/TSAI:  VERSION OF 8/8/96

Marathon                                                                
D2_kin15.inp                                                            
                                                                        
Hall A 2018: 25 cm Deuterium target                                     
Nominal values - not exact                                              

----*----1----*----2----*----3----*----4----*----5----*----6----*----7--
                                                                        

TARGET (iZ,iA) = (  1,  2);   avgA =   2.000; amuM=  2.013; avgM=  1.875
 targ=TRITIUM; ttarg(rl)=0.00114; twall=0.00445; tbeam=0.00298; tspec=0.00832
         Nseg  =   4
 MODELS: P elastc(ikk)=14; deut elastic=13; inelastc=206; Pauli Supresion= 4
 NUCLEAR METHOD= 1;   NUCLEAR_MODEL= 1
 DIS MODEL=211

    E1    TH    Q2 COS_K         SMR     NUC          INT-SMR
    EP     X    W2 QE-PK  INELA  Q-ELA  ELAST   TOTAL  MODEL

 Deut Elastic Model: ia,iamec,rsc,rscmec (1,2,3,4)=  3
 TJON DEUT ELASTIC FILESS TO BE OPEN=rscctj.tjon_input   rscqtj.tjon_input   rscmtj.tjon_input   
  10.589 32.025  9.63    0.69   -5.08    0.34    0.00   -4.74  0.913
   2.989  0.675  5.51    0.72  -10.15    0.37    0.00   -9.78 1.420E-01

  10.589 32.264  9.84    0.67   -5.65    0.34    0.00   -5.32  0.916
   3.008  0.691  5.27    0.70  -10.84    0.36    0.00  -10.48 1.208E-01

  10.589 32.544 10.08    0.65   -6.36    0.34    0.00   -6.02  0.922
   3.030  0.710  4.99    0.68  -11.69    0.37    0.00  -11.33 9.890E-02

  10.589 32.825 10.33    0.63   -7.11    0.35    0.00   -6.76  0.934
   3.054  0.730  4.70    0.67  -12.60    0.38    0.00  -12.22 7.976E-02

  10.589 33.104 10.57    0.63   -7.88    0.37    0.00   -7.51  0.946
   3.076  0.750  4.41    0.67  -13.54    0.40    0.00  -13.14 6.358E-02

  10.589 33.419 10.83    0.63   -8.69    0.40    0.00   -8.29  0.965
   3.092  0.770  4.12    0.68  -14.51    0.43    0.00  -14.08 4.982E-02

  10.589 33.780 11.09    0.65   -9.53    0.45    0.00   -9.08  0.993
   3.102  0.789  3.84    0.70  -15.52    0.48    0.00  -15.04 3.821E-02

  10.589 34.135 11.35    0.70  -10.44    0.52    0.00   -9.92  1.038
   3.112  0.809  3.56    0.75  -16.61    0.57    0.00  -16.05 2.872E-02

  10.589 34.382 11.60    0.76  -11.46    0.64    0.00  -10.82  1.099
   3.134  0.829  3.27    0.83  -17.83    0.70    0.00  -17.14 2.135E-02

  10.589 34.555 11.77    0.85  -12.30    0.79    0.00  -11.51  1.168
   3.151  0.844  3.06    0.93  -18.84    0.85    0.00  -17.98 1.679E-02

  0.000 0.000  0.000 .000  0.00  0.00  0.00  0.00  0.00  0.00 0.000
                           0.00  0.00  0.00  0.00  0.00  0.00 0.000E+00

