EXTERNAL/TSAI:  VERSION OF 8/8/96

Marathon                                                                
He3_kin2.inp                                                            
                                                                        
Hall A 2018: 25 cm He3 target                                           
Nominal values - not exact                                              

----*----1----*----2----*----3----*----4----*----5----*----6----*----7--
                                                                        

TARGET (iZ,iA) = (  2,  3);   avgA =   3.000; amuM=  3.016; avgM=  2.809
 targ=TRITIUM; ttarg(rl)=0.00075; twall=0.00519; tbeam=0.00285; tspec=0.00832
         Nseg  =   4
 MODELS: P elastc(ikk)=14; deut elastic=13; inelastc=206; Pauli Supresion= 4
 NUCLEAR METHOD= 1;   NUCLEAR_MODEL= 1
 DIS MODEL=211

    E1    TH    Q2 COS_K         SMR     NUC          INT-SMR
    EP     X    W2 QE-PK  INELA  Q-ELA  ELAST   TOTAL  MODEL

  10.589 17.745  3.05    3.52   14.99    2.35    0.12   17.46  0.835
   3.023  0.215 12.03    3.89   13.76    2.50    0.12   16.38 1.781E+01

  10.589 18.185  3.25    3.07   13.38    1.99    0.08   15.46  0.840
   3.076  0.231 11.73    3.37   11.82    2.11    0.09   14.01 1.574E+01

  10.589 18.831  3.51    2.70   11.86    1.70    0.06   13.62  0.844
   3.097  0.250 11.43    2.95    9.96    1.80    0.06   11.82 1.329E+01

  10.589 19.560  3.79    2.40   10.49    1.46    0.04   11.99  0.846
   3.100  0.270 11.15    2.62    8.28    1.55    0.04    9.87 1.103E+01

  10.589 20.190  4.05    2.15    9.24    1.26    0.03   10.53  0.847
   3.112  0.289 10.86    2.34    6.76    1.34    0.03    8.13 9.330E+00

  10.589 20.517  4.25    1.93    8.11    1.09    0.02    9.22  0.848
   3.164  0.305 10.56    2.08    5.38    1.16    0.02    6.56 8.379E+00

  10.589 20.903  4.47    1.73    7.00    0.95    0.01    7.96  0.847
   3.208  0.323 10.26    1.86    4.03    1.00    0.01    5.05 7.399E+00

  0.000 0.000  0.000 .000  0.00  0.00  0.00  0.00  0.00  0.00 0.000
                           0.00  0.00  0.00  0.00  0.00  0.00 0.000E+00

