EXTERNAL/TSAI:  VERSION OF 8/8/96

Marathon                                                                
H3_kin15.inp                                                            
                                                                        
Hall A 2018: 25 cm Tritium target                                       
Nominal values - not exact                                              

----*----1----*----2----*----3----*----4----*----5----*----6----*----7--
                                                                        

TARGET (iZ,iA) = (  1,  3);   avgA =   3.000; amuM=  3.016; avgM=  2.809
 targ=TRITIUM; ttarg(rl)=0.00045; twall=0.00481; tbeam=0.00341; tspec=0.00832
         Nseg  =   4
 MODELS: P elastc(ikk)=14; deut elastic=13; inelastc=206; Pauli Supresion= 4
 NUCLEAR METHOD= 1;   NUCLEAR_MODEL= 1
 DIS MODEL=211

    E1    TH    Q2 COS_K         SMR     NUC          INT-SMR
    EP     X    W2 QE-PK  INELA  Q-ELA  ELAST   TOTAL  MODEL

  10.589 32.030  9.63    0.70   -5.30    0.31    0.00   -4.99  0.823
   2.988  0.675  5.51    0.74  -10.54    0.34    0.00  -10.21 1.803E-01

  10.589 32.264  9.83    0.69   -5.86    0.32    0.00   -5.54  0.844
   3.007  0.691  5.27    0.72  -11.21    0.34    0.00  -10.87 1.536E-01

  10.589 32.544 10.08    0.67   -6.54    0.33    0.00   -6.21  0.878
   3.030  0.710  4.99    0.70  -12.04    0.36    0.00  -11.68 1.255E-01

  10.589 32.828 10.33    0.65   -7.28    0.36    0.00   -6.92  0.924
   3.053  0.730  4.70    0.69  -12.92    0.38    0.00  -12.54 1.012E-01

  10.589 33.108 10.57    0.65   -8.06    0.39    0.00   -7.66  0.984
   3.075  0.750  4.41    0.69  -13.85    0.42    0.00  -13.43 8.077E-02

  10.589 33.422 10.83    0.65   -8.87    0.45    0.00   -8.42  1.059
   3.092  0.770  4.12    0.70  -14.82    0.47    0.00  -14.35 6.352E-02

  10.589 33.813 11.10    0.67   -9.73    0.53    0.00   -9.21  1.150
   3.098  0.790  3.84    0.72  -15.84    0.55    0.00  -15.29 4.876E-02

  10.589 34.144 11.36    0.71  -10.70    0.64    0.00  -10.05  1.261
   3.111  0.809  3.56    0.76  -16.97    0.67    0.00  -16.31 3.712E-02

  10.589 34.367 11.59    0.77  -11.79    0.82    0.00  -10.97  1.396
   3.135  0.829  3.28    0.84  -18.26    0.84    0.00  -17.41 2.806E-02

  10.589 34.574 11.78    0.84  -12.74    1.02    0.00  -11.73  1.511
   3.150  0.844  3.06    0.93  -19.36    1.04    0.00  -18.32 2.208E-02

  0.000 0.000  0.000 .000  0.00  0.00  0.00  0.00  0.00  0.00 0.000
                           0.00  0.00  0.00  0.00  0.00  0.00 0.000E+00

