EXTERNAL/TSAI:  VERSION OF 8/8/96

Marathon                                                                
D2_kin16.inp                                                            
                                                                        
Hall A 2018: 25 cm Deuterium target                                     
Nominal values - not exact                                              

----*----1----*----2----*----3----*----4----*----5----*----6----*----7--
                                                                        

TARGET (iZ,iA) = (  1,  2);   avgA =   2.000; amuM=  2.013; avgM=  1.875
 targ=TRITIUM; ttarg(rl)=0.00114; twall=0.00445; tbeam=0.00298; tspec=0.00832
         Nseg  =   4
 MODELS: P elastc(ikk)=14; deut elastic=13; inelastc=206; Pauli Supresion= 4
 NUCLEAR METHOD= 1;   NUCLEAR_MODEL= 1
 DIS MODEL=211

    E1    TH    Q2 COS_K         SMR     NUC          INT-SMR
    EP     X    W2 QE-PK  INELA  Q-ELA  ELAST   TOTAL  MODEL

 Deut Elastic Model: ia,iamec,rsc,rscmec (1,2,3,4)=  3
 TJON DEUT ELASTIC FILESS TO BE OPEN=rscctj.tjon_input   rscqtj.tjon_input   rscmtj.tjon_input   
  10.589 34.561 10.46    0.72   -6.00    0.38    0.00   -5.62  0.922
   2.798  0.715  5.04    0.76  -11.20    0.41    0.00  -10.79 7.678E-02

  10.589 34.803 10.67    0.71   -6.61    0.39    0.00   -6.22  0.930
   2.815  0.731  4.80    0.75  -11.93    0.42    0.00  -11.51 6.446E-02

  10.589 35.126 10.92    0.70   -7.37    0.40    0.00   -6.97  0.941
   2.832  0.751  4.51    0.74  -12.84    0.43    0.00  -12.41 5.135E-02

  10.589 35.405 11.18    0.69   -8.19    0.43    0.00   -7.76  0.961
   2.854  0.770  4.22    0.74  -13.83    0.46    0.00  -13.37 4.044E-02

  10.589 35.682 11.43    0.71   -9.06    0.47    0.00   -8.59  0.985
   2.875  0.790  3.92    0.76  -14.89    0.51    0.00  -14.38 3.130E-02

  10.589 35.999 11.70    0.74  -10.00    0.54    0.00   -9.46  1.026
   2.892  0.810  3.63    0.80  -16.01    0.59    0.00  -15.43 2.360E-02

  10.589 36.347 11.96    0.80  -11.01    0.66    0.00  -10.35  1.081
   2.903  0.829  3.34    0.87  -17.22    0.71    0.00  -16.51 1.733E-02

  10.589 36.667 12.19    0.90  -11.95    0.81    0.00  -11.13  1.149
   2.909  0.846  3.10    0.98  -18.32    0.88    0.00  -17.45 1.299E-02

  0.000 0.000  0.000 .000  0.00  0.00  0.00  0.00  0.00  0.00 0.000
                           0.00  0.00  0.00  0.00  0.00  0.00 0.000E+00

