EXTERNAL/TSAI:  VERSION OF 8/8/96

Marathon                                                                
H3_kin13.inp                                                            
                                                                        
Hall A 2018: 25 cm Tritium target                                       
Nominal values - not exact                                              

----*----1----*----2----*----3----*----4----*----5----*----6----*----7--
                                                                        

TARGET (iZ,iA) = (  1,  3);   avgA =   3.000; amuM=  3.016; avgM=  2.809
 targ=TRITIUM; ttarg(rl)=0.00045; twall=0.00481; tbeam=0.00341; tspec=0.00832
         Nseg  =   4
 MODELS: P elastc(ikk)=14; deut elastic=13; inelastc=206; Pauli Supresion= 4
 NUCLEAR METHOD= 1;   NUCLEAR_MODEL= 1
 DIS MODEL=211

    E1    TH    Q2 COS_K         SMR     NUC          INT-SMR
    EP     X    W2 QE-PK  INELA  Q-ELA  ELAST   TOTAL  MODEL

  10.589 30.116  8.53    0.80   -2.91    0.32    0.00   -2.59  0.782
   2.985  0.598  6.62    0.84   -7.69    0.34    0.00   -7.34 4.066E-01

  10.589 30.338  8.71    0.77   -3.37    0.31    0.00   -3.06  0.785
   3.003  0.612  6.41    0.81   -8.25    0.33    0.00   -7.91 3.589E-01

  10.589 30.633  8.95    0.74   -4.00    0.30    0.00   -3.70  0.793
   3.028  0.631  6.12    0.78   -9.01    0.33    0.00   -8.68 3.012E-01

  10.589 30.929  9.20    0.71   -4.66    0.30    0.00   -4.36  0.807
   3.054  0.650  5.83    0.74   -9.80    0.32    0.00   -9.48 2.502E-01

  10.589 31.225  9.44    0.68   -5.33    0.30    0.00   -5.02  0.826
   3.078  0.670  5.53    0.72  -10.61    0.32    0.00  -10.28 2.063E-01

  10.589 31.565  9.70    0.66   -5.99    0.31    0.00   -5.68  0.853
   3.095  0.690  5.24    0.69  -11.41    0.33    0.00  -11.08 1.682E-01

  10.589 31.978  9.97    0.65   -6.66    0.33    0.00   -6.33  0.887
   3.102  0.709  4.96    0.68  -12.21    0.35    0.00  -11.86 1.348E-01

  10.589 32.359 10.23    0.64   -7.38    0.35    0.00   -7.03  0.933
   3.112  0.729  4.68    0.68  -13.06    0.38    0.00  -12.69 1.074E-01

  10.589 32.605 10.47    0.63   -8.14    0.39    0.00   -7.75  0.994
   3.137  0.749  4.39    0.67  -13.98    0.41    0.00  -13.57 8.637E-02

  10.589 32.834 10.70    0.63   -8.96    0.44    0.00   -8.52  1.072
   3.164  0.768  4.11    0.68  -14.96    0.47    0.00  -14.49 6.878E-02

  10.589 33.026 10.92    0.65   -9.77    0.52    0.00   -9.26  1.161
   3.190  0.786  3.85    0.70  -15.93    0.54    0.00  -15.39 5.521E-02

  10.589 33.283 11.14    0.68  -10.64    0.62    0.00  -10.02  1.263
   3.207  0.804  3.59    0.74  -16.95    0.64    0.00  -16.31 4.344E-02

  0.000 0.000  0.000 .000  0.00  0.00  0.00  0.00  0.00  0.00 0.000
                           0.00  0.00  0.00  0.00  0.00  0.00 0.000E+00

