EXTERNAL/TSAI:  VERSION OF 8/8/96

Marathon                                                                
D2_kin9.inp                                                             
                                                                        
Hall A 2018: 25 cm Deuterium target                                     
Nominal values - not exact                                              

----*----1----*----2----*----3----*----4----*----5----*----6----*----7--
                                                                        

TARGET (iZ,iA) = (  1,  2);   avgA =   2.000; amuM=  2.013; avgM=  1.875
 targ=TRITIUM; ttarg(rl)=0.00114; twall=0.00445; tbeam=0.00298; tspec=0.00759
         Nseg  =   4
 MODELS: P elastc(ikk)=14; deut elastic=13; inelastc=206; Pauli Supresion= 4
 NUCLEAR METHOD= 1;   NUCLEAR_MODEL= 1
 DIS MODEL=211

    E1    TH    Q2 COS_K         SMR     NUC          INT-SMR
    EP     X    W2 QE-PK  INELA  Q-ELA  ELAST   TOTAL  MODEL

 Deut Elastic Model: ia,iamec,rsc,rscmec (1,2,3,4)=  3
 TJON DEUT ELASTIC FILESS TO BE OPEN=rscctj.tjon_input   rscqtj.tjon_input   rscmtj.tjon_input   
  10.589 26.211  6.51    1.13    1.99    0.58    0.00    2.57  0.934
   2.990  0.457  8.63    1.21   -1.50    0.62    0.00   -0.88 1.179E+00

  10.589 26.472  6.70    1.07    1.38    0.53    0.00    1.91  0.931
   3.018  0.472  8.39    1.13   -2.24    0.57    0.00   -1.67 1.054E+00

  10.589 26.810  6.94    0.99    0.64    0.48    0.00    1.12  0.926
   3.049  0.491  8.09    1.05   -3.13    0.52    0.00   -2.61 9.112E-01

  10.589 27.156  7.19    0.93   -0.09    0.44    0.00    0.36  0.923
   3.080  0.510  7.78    0.98   -4.01    0.48    0.00   -3.53 7.815E-01

  10.589 27.573  7.45    0.87   -0.75    0.41    0.00   -0.34  0.919
   3.096  0.530  7.49    0.92   -4.81    0.44    0.00   -4.37 6.621E-01

  10.589 28.073  7.72    0.83   -1.39    0.39    0.00   -1.00  0.916
   3.100  0.550  7.21    0.88   -5.57    0.42    0.00   -5.16 5.516E-01

  10.589 28.518  7.99    0.79   -2.03    0.36    0.00   -1.67  0.913
   3.110  0.569  6.92    0.83   -6.34    0.39    0.00   -5.95 4.611E-01

  10.589 28.804  8.23    0.74   -2.70    0.34    0.00   -2.36  0.911
   3.140  0.589  6.63    0.78   -7.16    0.37    0.00   -6.78 3.921E-01

  10.589 29.014  8.44    0.70   -3.36    0.33    0.00   -3.03  0.910
   3.177  0.607  6.34    0.74   -7.95    0.35    0.00   -7.59 3.371E-01

  10.589 29.263  8.65    0.67   -3.92    0.32    0.00   -3.60  0.911
   3.200  0.624  6.10    0.71   -8.63    0.34    0.00   -8.28 2.908E-01

  0.000 0.000  0.000 .000  0.00  0.00  0.00  0.00  0.00  0.00 0.000
                           0.00  0.00  0.00  0.00  0.00  0.00 0.000E+00

