EXTERNAL/TSAI:  VERSION OF 8/8/96

Marathon                                                                
He3_kin4.inp                                                            
                                                                        
Hall A 2018: 25 cm He3 target                                           
Nominal values - not exact                                              

----*----1----*----2----*----3----*----4----*----5----*----6----*----7--
                                                                        

TARGET (iZ,iA) = (  2,  3);   avgA =   3.000; amuM=  3.016; avgM=  2.809
 targ=TRITIUM; ttarg(rl)=0.00075; twall=0.00519; tbeam=0.00285; tspec=0.00759
         Nseg  =   4
 MODELS: P elastc(ikk)=14; deut elastic=13; inelastc=206; Pauli Supresion= 4
 NUCLEAR METHOD= 1;   NUCLEAR_MODEL= 1
 DIS MODEL=211

    E1    TH    Q2 COS_K         SMR     NUC          INT-SMR
    EP     X    W2 QE-PK  INELA  Q-ELA  ELAST   TOTAL  MODEL

  10.589 20.374  3.96    2.45   10.41    1.48    0.04   11.92  0.845
   2.990  0.278 11.18    2.67    8.28    1.57    0.04    9.89 9.355E+00

  10.589 20.696  4.14    2.22    9.36    1.30    0.03   10.69  0.846
   3.031  0.292 10.92    2.41    7.01    1.39    0.03    8.43 8.481E+00

  10.589 21.128  4.38    1.97    8.11    1.12    0.02    9.25  0.846
   3.076  0.311 10.60    2.13    5.51    1.18    0.02    6.71 7.431E+00

  10.589 21.684  4.64    1.79    7.03    0.98    0.01    8.02  0.845
   3.095  0.330 10.31    1.92    4.20    1.03    0.01    5.24 6.357E+00

  10.589 22.313  4.91    1.64    6.04    0.86    0.01    6.91  0.843
   3.099  0.350 10.02    1.76    3.00    0.91    0.01    3.92 5.353E+00

  10.589 22.887  5.18    1.51    5.11    0.76    0.01    5.88  0.841
   3.108  0.369  9.74    1.61    1.88    0.81    0.01    2.69 4.542E+00

  10.589 23.220  5.40    1.37    4.19    0.67    0.00    4.87  0.839
   3.151  0.387  9.43    1.46    0.77    0.71    0.00    1.49 4.011E+00

  10.589 23.476  5.59    1.27    3.45    0.60    0.00    4.05  0.837
   3.192  0.403  9.17    1.35   -0.14    0.64    0.00    0.50 3.607E+00

  0.000 0.000  0.000 .000  0.00  0.00  0.00  0.00  0.00  0.00 0.000
                           0.00  0.00  0.00  0.00  0.00  0.00 0.000E+00

