EXTERNAL/TSAI:  VERSION OF 8/8/96

Marathon                                                                
He3_kin13.inp                                                           
                                                                        
Hall A 2018: 25 cm He3 target                                           
Nominal values - not exact                                              

----*----1----*----2----*----3----*----4----*----5----*----6----*----7--
                                                                        

TARGET (iZ,iA) = (  2,  3);   avgA =   3.000; amuM=  3.016; avgM=  2.809
 targ=TRITIUM; ttarg(rl)=0.00075; twall=0.00519; tbeam=0.00285; tspec=0.00832
         Nseg  =   4
 MODELS: P elastc(ikk)=14; deut elastic=13; inelastc=206; Pauli Supresion= 4
 NUCLEAR METHOD= 1;   NUCLEAR_MODEL= 1
 DIS MODEL=211

    E1    TH    Q2 COS_K         SMR     NUC          INT-SMR
    EP     X    W2 QE-PK  INELA  Q-ELA  ELAST   TOTAL  MODEL

  10.589 30.116  8.53    0.83   -2.67    0.35    0.00   -2.32  0.828
   2.984  0.598  6.62    0.86   -7.56    0.37    0.00   -7.19 5.159E-01

  10.589 30.337  8.71    0.79   -3.16    0.34    0.00   -2.83  0.835
   3.004  0.612  6.40    0.83   -8.16    0.36    0.00   -7.80 4.563E-01

  10.589 30.638  8.95    0.75   -3.82    0.33    0.00   -3.49  0.848
   3.027  0.631  6.12    0.78   -8.94    0.35    0.00   -8.60 3.852E-01

  10.589 30.928  9.20    0.71   -4.50    0.33    0.00   -4.18  0.867
   3.054  0.650  5.83    0.75   -9.77    0.34    0.00   -9.42 3.220E-01

  10.589 31.221  9.44    0.68   -5.20    0.33    0.00   -4.87  0.892
   3.079  0.670  5.53    0.71  -10.61    0.35    0.00  -10.27 2.669E-01

  10.589 31.572  9.70    0.65   -5.90    0.34    0.00   -5.56  0.925
   3.094  0.690  5.24    0.69  -11.45    0.35    0.00  -11.09 2.183E-01

  10.589 31.971  9.97    0.64   -6.60    0.35    0.00   -6.24  0.967
   3.103  0.709  4.96    0.67  -12.28    0.37    0.00  -11.91 1.759E-01

  10.589 32.356 10.23    0.63   -7.34    0.38    0.00   -6.96  1.020
   3.112  0.729  4.68    0.66  -13.17    0.40    0.00  -12.76 1.407E-01

  10.589 32.604 10.47    0.62   -8.12    0.42    0.00   -7.70  1.091
   3.137  0.749  4.40    0.66  -14.11    0.44    0.00  -13.66 1.135E-01

  10.589 32.826 10.70    0.62   -8.97    0.48    0.00   -8.49  1.179
   3.164  0.768  4.11    0.66  -15.11    0.50    0.00  -14.61 9.071E-02

  10.589 33.047 10.93    0.64   -9.82    0.56    0.00   -9.26  1.284
   3.189  0.787  3.84    0.68  -16.13    0.58    0.00  -15.55 7.204E-02

  10.589 33.297 11.13    0.66  -10.62    0.66    0.00   -9.96  1.388
   3.202  0.803  3.61    0.71  -17.07    0.68    0.00  -16.39 5.786E-02

  0.000 0.000  0.000 .000  0.00  0.00  0.00  0.00  0.00  0.00 0.000
                           0.00  0.00  0.00  0.00  0.00  0.00 0.000E+00

