EXTERNAL/TSAI:  VERSION OF 8/8/96

Marathon                                                                
D2_kin7.inp                                                             
                                                                        
Hall A 2018: 25 cm Deuterium target                                     
Nominal values - not exact                                              

----*----1----*----2----*----3----*----4----*----5----*----6----*----7--
                                                                        

TARGET (iZ,iA) = (  1,  2);   avgA =   2.000; amuM=  2.013; avgM=  1.875
 targ=TRITIUM; ttarg(rl)=0.00114; twall=0.00445; tbeam=0.00298; tspec=0.00832
         Nseg  =   4
 MODELS: P elastc(ikk)=14; deut elastic=13; inelastc=206; Pauli Supresion= 4
 NUCLEAR METHOD= 1;   NUCLEAR_MODEL= 1
 DIS MODEL=211

    E1    TH    Q2 COS_K         SMR     NUC          INT-SMR
    EP     X    W2 QE-PK  INELA  Q-ELA  ELAST   TOTAL  MODEL

 Deut Elastic Model: ia,iamec,rsc,rscmec (1,2,3,4)=  3
 TJON DEUT ELASTIC FILESS TO BE OPEN=rscctj.tjon_input   rscqtj.tjon_input   rscmtj.tjon_input   
  10.589 23.917  5.42    1.46    5.05    0.85    0.01    5.90  0.953
   2.979  0.379  9.74    1.58    2.03    0.91    0.01    2.95 2.312E+00

  10.589 24.191  5.59    1.37    4.37    0.77    0.01    5.14  0.951
   3.008  0.393  9.51    1.47    1.21    0.83    0.01    2.04 2.095E+00

  10.589 24.534  5.82    1.26    3.54    0.69    0.00    4.23  0.945
   3.043  0.411  9.22    1.35    0.20    0.74    0.00    0.94 1.843E+00

  10.589 24.903  6.06    1.16    2.69    0.61    0.00    3.31  0.942
   3.079  0.430  8.91    1.24   -0.83    0.65    0.00   -0.17 1.600E+00

  10.589 25.376  6.32    1.09    1.94    0.55    0.00    2.50  0.936
   3.095  0.450  8.62    1.16   -1.74    0.59    0.00   -1.14 1.364E+00

  10.589 25.912  6.60    1.02    1.22    0.51    0.00    1.73  0.931
   3.099  0.470  8.34    1.09   -2.60    0.55    0.00   -2.06 1.147E+00

  10.589 26.402  6.87    0.96    0.53    0.47    0.00    1.00  0.926
   3.109  0.489  8.05    1.02   -3.44    0.50    0.00   -2.94 9.685E-01

  10.589 26.710  7.10    0.90   -0.18    0.43    0.00    0.25  0.922
   3.142  0.508  7.75    0.95   -4.31    0.46    0.00   -3.85 8.375E-01

  10.589 26.940  7.31    0.84   -0.84    0.39    0.00   -0.44  0.918
   3.181  0.526  7.47    0.89   -5.11    0.42    0.00   -4.68 7.349E-01

  10.589 27.196  7.53    0.79   -1.48    0.37    0.00   -1.11  0.916
   3.214  0.544  7.19    0.83   -5.89    0.40    0.00   -5.50 6.392E-01

  0.000 0.000  0.000 .000  0.00  0.00  0.00  0.00  0.00  0.00 0.000
                           0.00  0.00  0.00  0.00  0.00  0.00 0.000E+00

