EXTERNAL/TSAI:  VERSION OF 8/8/96

Marathon                                                                
D2_kin11.inp                                                            
                                                                        
Hall A 2018: 25 cm Deuterium target                                     
Nominal values - not exact                                              

----*----1----*----2----*----3----*----4----*----5----*----6----*----7--
                                                                        

TARGET (iZ,iA) = (  1,  2);   avgA =   2.000; amuM=  2.013; avgM=  1.875
 targ=TRITIUM; ttarg(rl)=0.00114; twall=0.00445; tbeam=0.00298; tspec=0.00832
         Nseg  =   4
 MODELS: P elastc(ikk)=14; deut elastic=13; inelastc=206; Pauli Supresion= 4
 NUCLEAR METHOD= 1;   NUCLEAR_MODEL= 1
 DIS MODEL=211

    E1    TH    Q2 COS_K         SMR     NUC          INT-SMR
    EP     X    W2 QE-PK  INELA  Q-ELA  ELAST   TOTAL  MODEL

 Deut Elastic Model: ia,iamec,rsc,rscmec (1,2,3,4)=  3
 TJON DEUT ELASTIC FILESS TO BE OPEN=rscctj.tjon_input   rscqtj.tjon_input   rscmtj.tjon_input   
  10.589 28.337  7.61    0.91   -0.63    0.43    0.00   -0.20  0.918
   2.998  0.534  7.52    0.97   -4.82    0.46    0.00   -4.36 5.873E-01

  10.589 28.619  7.82    0.86   -1.24    0.40    0.00   -0.84  0.915
   3.023  0.551  7.26    0.91   -5.55    0.43    0.00   -5.12 5.118E-01

  10.589 28.936  8.07    0.81   -1.92    0.38    0.00   -1.55  0.913
   3.051  0.570  6.96    0.85   -6.38    0.40    0.00   -5.98 4.355E-01

  10.589 29.254  8.32    0.77   -2.61    0.35    0.00   -2.25  0.910
   3.079  0.590  6.66    0.81   -7.21    0.38    0.00   -6.83 3.678E-01

  10.589 29.637  8.58    0.73   -3.25    0.34    0.00   -2.91  0.910
   3.095  0.610  6.37    0.77   -7.99    0.36    0.00   -7.62 3.069E-01

  10.589 30.082  8.85    0.70   -3.88    0.33    0.00   -3.55  0.909
   3.101  0.629  6.09    0.74   -8.74    0.35    0.00   -8.38 2.528E-01

  10.589 30.497  9.11    0.67   -4.52    0.32    0.00   -4.19  0.910
   3.110  0.649  5.80    0.71   -9.51    0.35    0.00   -9.16 2.077E-01

  10.589 30.754  9.35    0.64   -5.21    0.32    0.00   -4.89  0.913
   3.139  0.669  5.51    0.68  -10.35    0.34    0.00  -10.01 1.727E-01

  10.589 31.006  9.58    0.62   -5.89    0.32    0.00   -5.58  0.917
   3.167  0.688  5.23    0.66  -11.18    0.34    0.00  -10.84 1.433E-01

  10.589 31.213  9.78    0.61   -6.51    0.32    0.00   -6.19  0.921
   3.191  0.705  4.98    0.64  -11.93    0.34    0.00  -11.59 1.209E-01

  10.589 31.585 10.01    0.60   -7.08    0.33    0.00   -6.76  0.928
   3.192  0.721  4.75    0.63  -12.62    0.35    0.00  -12.26 9.967E-02

  0.000 0.000  0.000 .000  0.00  0.00  0.00  0.00  0.00  0.00 0.000
                           0.00  0.00  0.00  0.00  0.00  0.00 0.000E+00

