EXTERNAL/TSAI:  VERSION OF 8/8/96

Marathon                                                                
D2_kin2.inp                                                             
                                                                        
Hall A 2018: 25 cm Deuterium target                                     
Nominal values - not exact                                              

----*----1----*----2----*----3----*----4----*----5----*----6----*----7--
                                                                        

TARGET (iZ,iA) = (  1,  2);   avgA =   2.000; amuM=  2.013; avgM=  1.875
 targ=TRITIUM; ttarg(rl)=0.00114; twall=0.00445; tbeam=0.00298; tspec=0.00759
         Nseg  =   4
 MODELS: P elastc(ikk)=14; deut elastic=13; inelastc=206; Pauli Supresion= 4
 NUCLEAR METHOD= 1;   NUCLEAR_MODEL= 1
 DIS MODEL=211

    E1    TH    Q2 COS_K         SMR     NUC          INT-SMR
    EP     X    W2 QE-PK  INELA  Q-ELA  ELAST   TOTAL  MODEL

 Deut Elastic Model: ia,iamec,rsc,rscmec (1,2,3,4)=  3
 TJON DEUT ELASTIC FILESS TO BE OPEN=rscctj.tjon_input   rscqtj.tjon_input   rscmtj.tjon_input   
  10.589 17.745  3.05    3.16   14.72    2.48    0.06   17.27  0.966
   3.022  0.214 12.04    3.53   13.88    2.68    0.07   16.62 1.117E+01

  10.589 18.185  3.25    2.77   13.15    2.10    0.05   15.30  0.968
   3.076  0.231 11.72    3.08   11.97    2.27    0.05   14.29 9.845E+00

  10.589 18.830  3.51    2.45   11.67    1.79    0.04   13.50  0.969
   3.098  0.250 11.43    2.71   10.18    1.94    0.04   12.15 8.293E+00

  10.589 19.559  3.79    2.19   10.34    1.55    0.03   11.91  0.969
   3.100  0.270 11.15    2.42    8.56    1.67    0.03   10.25 6.865E+00

  10.589 20.190  4.05    1.98    9.12    1.34    0.02   10.48  0.968
   3.113  0.289 10.86    2.17    7.08    1.45    0.02    8.55 5.796E+00

  10.589 20.521  4.25    1.78    8.01    1.16    0.02    9.19  0.966
   3.164  0.305 10.56    1.94    5.73    1.25    0.02    7.00 5.193E+00

  10.589 20.914  4.47    1.61    6.95    1.00    0.01    7.96  0.947
   3.204  0.323 10.27    1.75    4.44    1.09    0.01    5.55 4.577E+00

  0.000 0.000  0.000 .000  0.00  0.00  0.00  0.00  0.00  0.00 0.000
                           0.00  0.00  0.00  0.00  0.00  0.00 0.000E+00

