EXTERNAL/TSAI:  VERSION OF 8/8/96

Marathon                                                                
He3_kin5.inp                                                            
                                                                        
Hall A 2018: 25 cm He3 target                                           
Nominal values - not exact                                              

----*----1----*----2----*----3----*----4----*----5----*----6----*----7--
                                                                        

TARGET (iZ,iA) = (  2,  3);   avgA =   3.000; amuM=  3.016; avgM=  2.809
 targ=TRITIUM; ttarg(rl)=0.00075; twall=0.00519; tbeam=0.00285; tspec=0.00832
         Nseg  =   4
 MODELS: P elastc(ikk)=14; deut elastic=13; inelastc=206; Pauli Supresion= 4
 NUCLEAR METHOD= 1;   NUCLEAR_MODEL= 1
 DIS MODEL=211

    E1    TH    Q2 COS_K         SMR     NUC          INT-SMR
    EP     X    W2 QE-PK  INELA  Q-ELA  ELAST   TOTAL  MODEL

  10.589 21.700  4.50    2.01    8.10    1.13    0.02    9.25  0.845
   2.999  0.316 10.62    2.17    5.38    1.20    0.02    6.60 6.656E+00

  10.589 22.024  4.69    1.83    7.15    1.00    0.01    8.16  0.844
   3.038  0.331 10.36    1.98    4.22    1.06    0.01    5.30 5.993E+00

  10.589 22.441  4.94    1.65    6.06    0.87    0.01    6.93  0.843
   3.079  0.350 10.03    1.77    2.90    0.92    0.01    3.83 5.231E+00

  10.589 22.971  5.20    1.51    5.12    0.77    0.01    5.89  0.841
   3.096  0.370  9.74    1.62    1.76    0.81    0.01    2.58 4.475E+00

  10.589 23.568  5.48    1.40    4.24    0.69    0.00    4.93  0.838
   3.100  0.390  9.46    1.49    0.70    0.73    0.00    1.43 3.770E+00

  10.589 24.107  5.74    1.30    3.44    0.62    0.00    4.06  0.835
   3.109  0.409  9.17    1.38   -0.27    0.65    0.00    0.39 3.202E+00

  10.589 24.433  5.97    1.19    2.59    0.55    0.00    3.14  0.832
   3.149  0.428  8.87    1.26   -1.31    0.58    0.00   -0.72 2.807E+00

  10.589 24.670  6.16    1.11    1.88    0.50    0.00    2.38  0.829
   3.189  0.444  8.60    1.17   -2.16    0.53    0.00   -1.63 2.515E+00

  0.000 0.000  0.000 .000  0.00  0.00  0.00  0.00  0.00  0.00 0.000
                           0.00  0.00  0.00  0.00  0.00  0.00 0.000E+00

