EXTERNAL/TSAI:  VERSION OF 8/8/96

Marathon                                                                
He3_kin15.inp                                                           
                                                                        
Hall A 2018: 25 cm He3 target                                           
Nominal values - not exact                                              

----*----1----*----2----*----3----*----4----*----5----*----6----*----7--
                                                                        

TARGET (iZ,iA) = (  2,  3);   avgA =   3.000; amuM=  3.016; avgM=  2.809
 targ=TRITIUM; ttarg(rl)=0.00075; twall=0.00519; tbeam=0.00285; tspec=0.00832
         Nseg  =   4
 MODELS: P elastc(ikk)=14; deut elastic=13; inelastc=206; Pauli Supresion= 4
 NUCLEAR METHOD= 1;   NUCLEAR_MODEL= 1
 DIS MODEL=211

    E1    TH    Q2 COS_K         SMR     NUC          INT-SMR
    EP     X    W2 QE-PK  INELA  Q-ELA  ELAST   TOTAL  MODEL

  10.589 32.030  9.63    0.71   -5.18    0.34    0.00   -4.84  0.889
   2.988  0.675  5.51    0.74  -10.55    0.36    0.00  -10.20 2.336E-01

  10.589 32.260  9.83    0.68   -5.76    0.35    0.00   -5.41  0.916
   3.008  0.691  5.27    0.72  -11.25    0.36    0.00  -10.88 1.998E-01

  10.589 32.551 10.08    0.66   -6.48    0.36    0.00   -6.12  0.957
   3.030  0.711  4.99    0.69  -12.12    0.38    0.00  -11.73 1.634E-01

  10.589 32.824 10.32    0.64   -7.24    0.39    0.00   -6.86  1.011
   3.054  0.730  4.70    0.68  -13.03    0.41    0.00  -12.62 1.325E-01

  10.589 33.099 10.57    0.64   -8.05    0.43    0.00   -7.62  1.081
   3.077  0.750  4.40    0.67  -13.99    0.45    0.00  -13.55 1.060E-01

  10.589 33.412 10.83    0.64   -8.89    0.49    0.00   -8.40  1.167
   3.093  0.770  4.12    0.68  -14.99    0.51    0.00  -14.48 8.350E-02

  10.589 33.777 11.09    0.65   -9.77    0.57    0.00   -9.20  1.270
   3.102  0.789  3.84    0.70  -16.03    0.59    0.00  -15.44 6.451E-02

  10.589 34.154 11.36    0.69  -10.75    0.70    0.00  -10.05  1.395
   3.109  0.809  3.56    0.74  -17.18    0.72    0.00  -16.46 4.881E-02

  10.589 34.390 11.60    0.75  -11.88    0.89    0.00  -10.99  1.549
   3.133  0.829  3.27    0.81  -18.50    0.91    0.00  -17.59 3.664E-02

  10.589 34.559 11.78    0.82  -12.83    1.10    0.00  -11.73  1.678
   3.151  0.844  3.06    0.90  -19.60    1.12    0.00  -18.48 2.910E-02

  0.000 0.000  0.000 .000  0.00  0.00  0.00  0.00  0.00  0.00 0.000
                           0.00  0.00  0.00  0.00  0.00  0.00 0.000E+00

