EXTERNAL/TSAI:  VERSION OF 8/8/96

Marathon                                                                
D2_kin5.inp                                                             
                                                                        
Hall A 2018: 25 cm Deuterium target                                     
Nominal values - not exact                                              

----*----1----*----2----*----3----*----4----*----5----*----6----*----7--
                                                                        

TARGET (iZ,iA) = (  1,  2);   avgA =   2.000; amuM=  2.013; avgM=  1.875
 targ=TRITIUM; ttarg(rl)=0.00114; twall=0.00445; tbeam=0.00298; tspec=0.00759
         Nseg  =   4
 MODELS: P elastc(ikk)=14; deut elastic=13; inelastc=206; Pauli Supresion= 4
 NUCLEAR METHOD= 1;   NUCLEAR_MODEL= 1
 DIS MODEL=211

    E1    TH    Q2 COS_K         SMR     NUC          INT-SMR
    EP     X    W2 QE-PK  INELA  Q-ELA  ELAST   TOTAL  MODEL

 Deut Elastic Model: ia,iamec,rsc,rscmec (1,2,3,4)=  3
 TJON DEUT ELASTIC FILESS TO BE OPEN=rscctj.tjon_input   rscqtj.tjon_input   rscmtj.tjon_input   
  10.589 21.705  4.50    1.86    8.01    1.21    0.01    9.24  0.964
   2.999  0.316 10.62    2.03    5.74    1.30    0.01    7.06 4.120E+00

  10.589 22.026  4.70    1.70    7.07    1.07    0.01    8.16  0.962
   3.038  0.331 10.35    1.85    4.61    1.15    0.01    5.77 3.706E+00

  10.589 22.448  4.94    1.54    6.02    0.93    0.01    6.96  0.959
   3.078  0.350 10.04    1.67    3.33    1.00    0.01    4.34 3.230E+00

  10.589 22.975  5.20    1.41    5.08    0.82    0.01    5.91  0.955
   3.096  0.370  9.74    1.52    2.20    0.88    0.01    3.09 2.760E+00

  10.589 23.564  5.48    1.31    4.22    0.74    0.01    4.96  0.950
   3.100  0.390  9.46    1.41    1.16    0.79    0.01    1.96 2.328E+00

  10.589 24.106  5.74    1.22    3.41    0.66    0.00    4.07  0.945
   3.109  0.409  9.17    1.31    0.18    0.71    0.00    0.89 1.974E+00

  10.589 24.429  5.97    1.12    2.58    0.59    0.00    3.18  0.941
   3.150  0.428  8.87    1.20   -0.82    0.63    0.00   -0.19 1.730E+00

  10.589 24.677  6.16    1.05    1.90    0.54    0.00    2.44  0.937
   3.187  0.444  8.61    1.12   -1.65    0.58    0.00   -1.07 1.548E+00

  0.000 0.000  0.000 .000  0.00  0.00  0.00  0.00  0.00  0.00 0.000
                           0.00  0.00  0.00  0.00  0.00  0.00 0.000E+00

