EXTERNAL/TSAI:  VERSION OF 8/8/96

Marathon                                                                
D2_kin4.inp                                                             
                                                                        
Hall A 2018: 25 cm Deuterium target                                     
Nominal values - not exact                                              

----*----1----*----2----*----3----*----4----*----5----*----6----*----7--
                                                                        

TARGET (iZ,iA) = (  1,  2);   avgA =   2.000; amuM=  2.013; avgM=  1.875
 targ=TRITIUM; ttarg(rl)=0.00114; twall=0.00445; tbeam=0.00298; tspec=0.00759
         Nseg  =   4
 MODELS: P elastc(ikk)=14; deut elastic=13; inelastc=206; Pauli Supresion= 4
 NUCLEAR METHOD= 1;   NUCLEAR_MODEL= 1
 DIS MODEL=211

    E1    TH    Q2 COS_K         SMR     NUC          INT-SMR
    EP     X    W2 QE-PK  INELA  Q-ELA  ELAST   TOTAL  MODEL

 Deut Elastic Model: ia,iamec,rsc,rscmec (1,2,3,4)=  3
 TJON DEUT ELASTIC FILESS TO BE OPEN=rscctj.tjon_input   rscqtj.tjon_input   rscmtj.tjon_input   
  10.589 20.375  3.96    2.24   10.28    1.57    0.03   11.88  0.969
   2.990  0.278 11.18    2.47    8.48    1.70    0.03   10.20 5.817E+00

  10.589 20.698  4.14    2.04    9.25    1.39    0.02   10.66  0.966
   3.030  0.292 10.92    2.24    7.24    1.50    0.02    8.76 5.265E+00

  10.589 21.127  4.38    1.82    8.03    1.19    0.02    9.24  0.966
   3.076  0.311 10.60    1.99    5.76    1.28    0.02    7.06 4.609E+00

  10.589 21.682  4.64    1.66    6.97    1.04    0.01    8.02  0.962
   3.094  0.330 10.31    1.80    4.47    1.12    0.01    5.61 3.938E+00

  10.589 22.316  4.91    1.52    5.99    0.92    0.01    6.92  0.958
   3.098  0.350 10.02    1.65    3.29    0.99    0.01    4.29 3.308E+00

  10.589 22.889  5.18    1.41    5.08    0.82    0.01    5.91  0.954
   3.107  0.369  9.74    1.52    2.19    0.88    0.01    3.08 2.805E+00

  10.589 23.223  5.41    1.28    4.16    0.72    0.01    4.89  0.951
   3.151  0.387  9.43    1.38    1.08    0.78    0.01    1.86 2.471E+00

  10.589 23.473  5.59    1.19    3.42    0.65    0.00    4.08  0.946
   3.191  0.403  9.17    1.28    0.18    0.70    0.00    0.88 2.228E+00

  0.000 0.000  0.000 .000  0.00  0.00  0.00  0.00  0.00  0.00 0.000
                           0.00  0.00  0.00  0.00  0.00  0.00 0.000E+00

