EXTERNAL/TSAI:  VERSION OF 8/8/96

Marathon                                                                
D2_kin5.inp                                                             
                                                                        
Hall A 2018: 25 cm Deuterium target                                     
Nominal values - not exact                                              

----*----1----*----2----*----3----*----4----*----5----*----6----*----7--
                                                                        

TARGET (iZ,iA) = (  1,  2);   avgA =   2.000; amuM=  2.013; avgM=  1.875
 targ=TRITIUM; ttarg(rl)=0.00114; twall=0.00481; tbeam=0.00342; tspec=0.00732
         Nseg  =   4
 MODELS: P elastc(ikk)=14; deut elastic=13; inelastc=206; Pauli Supresion= 4
 NUCLEAR METHOD= 1;   NUCLEAR_MODEL= 1

    E1    TH    Q2 COS_K         SMR     NUC          INT-SMR
    EP     X    W2 QE-PK  INELA  Q-ELA  ELAST   TOTAL  MODEL

 Deut Elastic Model: ia,iamec,rsc,rscmec (1,2,3,4)=  3
 TJON DEUT ELASTIC FILESS TO BE OPEN=rscctj.tjon_input   rscqtj.tjon_input   rscmtj.tjon_input   
  10.589 21.705  4.50    1.88    4.92    1.22    0.02    6.15  0.964
   2.999  0.316 10.62    2.07    2.33    1.33    0.02    3.68 4.082E+00

  10.589 22.026  4.70    1.72    4.28    1.08    0.01    5.37  0.962
   3.038  0.331 10.35    1.89    1.51    1.18    0.01    2.70 3.672E+00

  10.589 22.448  4.94    1.55    3.51    0.94    0.01    4.45  0.959
   3.078  0.350 10.04    1.70    0.53    1.02    0.01    1.57 3.201E+00

  10.589 22.975  5.20    1.43    2.80    0.83    0.01    3.64  0.955
   3.096  0.370  9.74    1.55   -0.35    0.90    0.01    0.56 2.736E+00

  10.589 23.564  5.48    1.32    2.14    0.74    0.01    2.88  0.950
   3.100  0.390  9.46    1.44   -1.19    0.81    0.01   -0.37 2.308E+00

  10.589 24.106  5.74    1.23    1.46    0.67    0.00    2.14  0.945
   3.109  0.409  9.17    1.33   -2.03    0.73    0.00   -1.30 1.959E+00

  10.589 24.429  5.97    1.13    0.77    0.59    0.00    1.37  0.941
   3.150  0.428  8.87    1.22   -2.90    0.65    0.00   -2.25 1.717E+00

  10.589 24.677  6.16    1.06    0.20    0.54    0.00    0.74  0.937
   3.187  0.444  8.61    1.14   -3.62    0.59    0.00   -3.03 1.536E+00

  0.000 0.000  0.000 .000  0.00  0.00  0.00  0.00  0.00  0.00 0.000
                           0.00  0.00  0.00  0.00  0.00  0.00 0.000E+00

