EXTERNAL/TSAI:  VERSION OF 8/8/96

Marathon                                                                
D2_kin7.inp                                                             
                                                                        
Hall A 2018: 25 cm Deuterium target                                     
Nominal values - not exact                                              

----*----1----*----2----*----3----*----4----*----5----*----6----*----7--
                                                                        

TARGET (iZ,iA) = (  1,  2);   avgA =   2.000; amuM=  2.013; avgM=  1.875
 targ=TRITIUM; ttarg(rl)=0.00114; twall=0.00481; tbeam=0.00342; tspec=0.00732
         Nseg  =   4
 MODELS: P elastc(ikk)=14; deut elastic=13; inelastc=206; Pauli Supresion= 4
 NUCLEAR METHOD= 1;   NUCLEAR_MODEL= 1

    E1    TH    Q2 COS_K         SMR     NUC          INT-SMR
    EP     X    W2 QE-PK  INELA  Q-ELA  ELAST   TOTAL  MODEL

 Deut Elastic Model: ia,iamec,rsc,rscmec (1,2,3,4)=  3
 TJON DEUT ELASTIC FILESS TO BE OPEN=rscctj.tjon_input   rscqtj.tjon_input   rscmtj.tjon_input   
  10.589 23.917  5.42    1.47    2.74    0.85    0.01    3.60  0.953
   2.981  0.380  9.74    1.60   -0.40    0.93    0.01    0.53 2.290E+00

  10.589 24.188  5.59    1.38    2.22    0.78    0.01    3.00  0.950
   3.008  0.393  9.51    1.50   -1.06    0.85    0.01   -0.21 2.078E+00

  10.589 24.536  5.82    1.27    1.56    0.69    0.00    2.26  0.945
   3.043  0.411  9.22    1.38   -1.89    0.75    0.00   -1.14 1.828E+00

  10.589 24.901  6.06    1.17    0.86    0.61    0.00    1.48  0.938
   3.080  0.430  8.91    1.26   -2.77    0.67    0.00   -2.10 1.589E+00

  10.589 25.373  6.32    1.09    0.22    0.56    0.00    0.78  0.936
   3.095  0.450  8.62    1.18   -3.57    0.61    0.00   -2.96 1.355E+00

  10.589 25.907  6.60    1.03   -0.40    0.51    0.00    0.11  0.931
   3.100  0.469  8.34    1.10   -4.33    0.56    0.00   -3.77 1.140E+00

  10.589 26.395  6.87    0.97   -1.02    0.47    0.00   -0.55  0.926
   3.110  0.489  8.05    1.04   -5.09    0.51    0.00   -4.58 9.617E-01

  10.589 26.707  7.10    0.91   -1.66    0.43    0.00   -1.23  0.922
   3.143  0.508  7.75    0.97   -5.89    0.47    0.00   -5.42 8.308E-01

  10.589 26.938  7.31    0.85   -2.26    0.40    0.00   -1.86  0.918
   3.181  0.526  7.47    0.90   -6.64    0.43    0.00   -6.20 7.280E-01

  10.589 27.215  7.53    0.80   -2.88    0.37    0.00   -2.51  0.916
   3.214  0.544  7.19    0.85   -7.40    0.40    0.00   -6.99 6.278E-01

  0.000 0.000  0.000 .000  0.00  0.00  0.00  0.00  0.00  0.00 0.000
                           0.00  0.00  0.00  0.00  0.00  0.00 0.000E+00

