EXTERNAL/TSAI:  VERSION OF 8/8/96

Marathon                                                                
H3_kin15.inp                                                            
                                                                        
Hall A 2018: 25 cm Tritium target                                       
Nominal values - not exact                                              

----*----1----*----2----*----3----*----4----*----5----*----6----*----7--
                                                                        

TARGET (iZ,iA) = (  1,  3);   avgA =   3.000; amuM=  3.016; avgM=  2.809
 targ=TRITIUM; ttarg(rl)=0.00042; twall=0.00481; tbeam=0.00342; tspec=0.00732
         Nseg  =   4
 MODELS: P elastc(ikk)=14; deut elastic=13; inelastc=206; Pauli Supresion= 4
 NUCLEAR METHOD= 1;   NUCLEAR_MODEL= 1

    E1    TH    Q2 COS_K         SMR     NUC          INT-SMR
    EP     X    W2 QE-PK  INELA  Q-ELA  ELAST   TOTAL  MODEL

  10.589 32.029  9.63    0.72   -6.57    0.32    0.00   -6.25  0.823
   2.989  0.675  5.51    0.76  -11.66    0.34    0.00  -11.31 1.762E-01

  10.589 32.262  9.83    0.70   -7.14    0.33    0.00   -6.81  0.844
   3.007  0.691  5.27    0.74  -12.34    0.35    0.00  -11.99 1.501E-01

  10.589 32.543 10.08    0.68   -7.90    0.34    0.00   -7.56  0.878
   3.030  0.710  4.99    0.72  -13.25    0.36    0.00  -12.88 1.228E-01

  10.589 32.830 10.33    0.66   -8.77    0.36    0.00   -8.40  0.924
   3.053  0.730  4.70    0.70  -14.28    0.39    0.00  -13.90 9.953E-02

  10.589 33.104 10.57    0.65   -9.78    0.40    0.00   -9.38  0.984
   3.076  0.750  4.41    0.69  -15.50    0.42    0.00  -15.08 8.020E-02

  10.589 33.419 10.83    0.65  -11.00    0.45    0.00  -10.55  1.059
   3.092  0.770  4.12    0.69  -16.95    0.47    0.00  -16.48 6.392E-02

  10.589 33.816 11.10    0.65  -12.56    0.52    0.00  -12.04  1.150
   3.098  0.790  3.84    0.70  -18.82    0.54    0.00  -18.28 4.996E-02

  10.589 34.149 11.36    0.67  -14.79    0.61    0.00  -14.18  1.261
   3.110  0.809  3.56    0.73  -21.50    0.64    0.00  -20.86 3.898E-02

  10.589 34.364 11.59    0.71  -18.74    0.75    0.00  -17.99  1.396
   3.136  0.829  3.28    0.77  -26.25    0.78    0.00  -25.47 3.042E-02

  10.589 34.614 11.84  130.89 -100.00  164.69    0.02   64.71  1.552
   3.158  0.849  2.99  144.61 -100.00  168.07    0.02   68.09 1.359E-04

  0.000 0.000  0.000 .000  0.00  0.00  0.00  0.00  0.00  0.00 0.000
                           0.00  0.00  0.00  0.00  0.00  0.00 0.000E+00

