EXTERNAL/TSAI:  VERSION OF 8/8/96

Marathon                                                                
D2_kin4.inp                                                             
                                                                        
Hall A 2018: 25 cm Deuterium target                                     
Nominal values - not exact                                              

----*----1----*----2----*----3----*----4----*----5----*----6----*----7--
                                                                        

TARGET (iZ,iA) = (  1,  2);   avgA =   2.000; amuM=  2.013; avgM=  1.875
 targ=TRITIUM; ttarg(rl)=0.00114; twall=0.00481; tbeam=0.00342; tspec=0.00732
         Nseg  =   4
 MODELS: P elastc(ikk)=14; deut elastic=13; inelastc=206; Pauli Supresion= 4
 NUCLEAR METHOD= 1;   NUCLEAR_MODEL= 1

    E1    TH    Q2 COS_K         SMR     NUC          INT-SMR
    EP     X    W2 QE-PK  INELA  Q-ELA  ELAST   TOTAL  MODEL

 Deut Elastic Model: ia,iamec,rsc,rscmec (1,2,3,4)=  3
 TJON DEUT ELASTIC FILESS TO BE OPEN=rscctj.tjon_input   rscqtj.tjon_input   rscmtj.tjon_input   
  10.589 20.375  3.96    2.26    6.39    1.59    0.03    8.00  0.969
   2.990  0.278 11.18    2.52    4.22    1.74    0.03    5.98 5.767E+00

  10.589 20.698  4.14    2.06    5.74    1.40    0.02    7.16  0.966
   3.030  0.292 10.92    2.28    3.39    1.53    0.02    4.94 5.218E+00

  10.589 21.127  4.38    1.84    4.94    1.20    0.02    6.16  0.966
   3.076  0.311 10.60    2.03    2.35    1.31    0.02    3.68 4.566E+00

  10.589 21.682  4.64    1.67    4.20    1.05    0.01    5.26  0.962
   3.094  0.330 10.31    1.84    1.41    1.15    0.01    2.57 3.902E+00

  10.589 22.316  4.91    1.54    3.49    0.93    0.01    4.43  0.958
   3.098  0.350 10.02    1.68    0.51    1.01    0.01    1.53 3.278E+00

  10.589 22.889  5.18    1.42    2.80    0.83    0.01    3.64  0.954
   3.107  0.369  9.74    1.55   -0.35    0.90    0.01    0.55 2.780E+00

  10.589 23.223  5.41    1.30    2.09    0.73    0.01    2.82  0.951
   3.151  0.387  9.43    1.41   -1.26    0.79    0.01   -0.46 2.451E+00

  10.589 23.473  5.59    1.20    1.49    0.65    0.00    2.15  0.946
   3.191  0.403  9.17    1.30   -2.02    0.71    0.00   -1.30 2.210E+00

  0.000 0.000  0.000 .000  0.00  0.00  0.00  0.00  0.00  0.00 0.000
                           0.00  0.00  0.00  0.00  0.00  0.00 0.000E+00

