EXTERNAL/TSAI:  VERSION OF 8/8/96

Marathon                                                                
D2_kin13.inp                                                            
                                                                        
Hall A 2018: 25 cm Deuterium target                                     
Nominal values - not exact                                              

----*----1----*----2----*----3----*----4----*----5----*----6----*----7--
                                                                        

TARGET (iZ,iA) = (  1,  2);   avgA =   2.000; amuM=  2.013; avgM=  1.875
 targ=TRITIUM; ttarg(rl)=0.00114; twall=0.00481; tbeam=0.00342; tspec=0.00732
         Nseg  =   4
 MODELS: P elastc(ikk)=14; deut elastic=13; inelastc=206; Pauli Supresion= 4
 NUCLEAR METHOD= 1;   NUCLEAR_MODEL= 1

    E1    TH    Q2 COS_K         SMR     NUC          INT-SMR
    EP     X    W2 QE-PK  INELA  Q-ELA  ELAST   TOTAL  MODEL

 Deut Elastic Model: ia,iamec,rsc,rscmec (1,2,3,4)=  3
 TJON DEUT ELASTIC FILESS TO BE OPEN=rscctj.tjon_input   rscqtj.tjon_input   rscmtj.tjon_input   
  10.589 30.119  8.53    0.81   -3.95    0.38    0.00   -3.58  0.911
   2.985  0.598  6.62    0.86   -8.62    0.41    0.00   -8.21 3.097E-01

  10.589 30.337  8.71    0.78   -4.41    0.36    0.00   -4.05  0.910
   3.004  0.612  6.40    0.82   -9.18    0.39    0.00   -8.78 2.728E-01

  10.589 30.628  8.95    0.74   -5.01    0.35    0.00   -4.66  0.909
   3.029  0.631  6.12    0.79   -9.91    0.38    0.00   -9.53 2.299E-01

  10.589 30.925  9.19    0.71   -5.66    0.34    0.00   -5.32  0.910
   3.054  0.650  5.83    0.75  -10.70    0.37    0.00  -10.33 1.911E-01

  10.589 31.209  9.44    0.68   -6.34    0.33    0.00   -6.01  0.913
   3.080  0.670  5.53    0.72  -11.53    0.36    0.00  -11.16 1.580E-01

  10.589 31.575  9.70    0.66   -7.04    0.33    0.00   -6.71  0.916
   3.094  0.690  5.25    0.70  -12.38    0.37    0.00  -12.01 1.286E-01

  10.589 31.980  9.97    0.64   -7.80    0.34    0.00   -7.46  0.923
   3.102  0.710  4.96    0.69  -13.29    0.37    0.00  -12.92 1.033E-01

  10.589 32.357 10.23    0.63   -8.64    0.35    0.00   -8.28  0.933
   3.112  0.729  4.68    0.68  -14.30    0.38    0.00  -13.92 8.285E-02

  10.589 32.594 10.47    0.62   -9.63    0.37    0.00   -9.26  0.946
   3.138  0.749  4.40    0.67  -15.50    0.40    0.00  -15.10 6.714E-02

  10.589 32.826 10.70    0.62  -10.85    0.39    0.00  -10.45  0.967
   3.165  0.768  4.11    0.67  -16.99    0.43    0.00  -16.56 5.370E-02

  10.589 33.019 10.92    0.63  -12.30    0.43    0.00  -11.87  0.995
   3.193  0.787  3.84    0.68  -18.77    0.47    0.00  -18.29 4.324E-02

  10.589 33.278 11.12    0.65  -13.83    0.47    0.00  -13.36  1.026
   3.201  0.802  3.63    0.71  -20.62    0.52    0.00  -20.10 3.550E-02

  0.000 0.000  0.000 .000  0.00  0.00  0.00  0.00  0.00  0.00 0.000
                           0.00  0.00  0.00  0.00  0.00  0.00 0.000E+00

