EXTERNAL/TSAI:  VERSION OF 8/8/96

Marathon                                                                
D2_kin11.inp                                                            
                                                                        
Hall A 2018: 25 cm Deuterium target                                     
Nominal values - not exact                                              

----*----1----*----2----*----3----*----4----*----5----*----6----*----7--
                                                                        

TARGET (iZ,iA) = (  1,  2);   avgA =   2.000; amuM=  2.013; avgM=  1.875
 targ=TRITIUM; ttarg(rl)=0.00114; twall=0.00481; tbeam=0.00342; tspec=0.00732
         Nseg  =   4
 MODELS: P elastc(ikk)=14; deut elastic=13; inelastc=206; Pauli Supresion= 4
 NUCLEAR METHOD= 1;   NUCLEAR_MODEL= 1

    E1    TH    Q2 COS_K         SMR     NUC          INT-SMR
    EP     X    W2 QE-PK  INELA  Q-ELA  ELAST   TOTAL  MODEL

 Deut Elastic Model: ia,iamec,rsc,rscmec (1,2,3,4)=  3
 TJON DEUT ELASTIC FILESS TO BE OPEN=rscctj.tjon_input   rscqtj.tjon_input   rscmtj.tjon_input   
  10.589 28.330  7.61    0.92   -2.10    0.43    0.00   -1.67  0.918
   2.999  0.534  7.52    0.98   -6.38    0.47    0.00   -5.91 5.824E-01

  10.589 28.608  7.82    0.87   -2.66    0.41    0.00   -2.25  0.915
   3.025  0.551  7.26    0.93   -7.06    0.44    0.00   -6.62 5.068E-01

  10.589 28.929  8.07    0.82   -3.29    0.38    0.00   -2.91  0.913
   3.053  0.570  6.96    0.87   -7.84    0.42    0.00   -7.42 4.300E-01

  10.589 29.250  8.32    0.78   -3.92    0.36    0.00   -3.56  0.910
   3.079  0.590  6.66    0.83   -8.62    0.39    0.00   -8.22 3.622E-01

  10.589 29.631  8.57    0.74   -4.54    0.35    0.00   -4.19  0.910
   3.096  0.610  6.37    0.79   -9.36    0.38    0.00   -8.98 3.011E-01

  10.589 30.080  8.85    0.72   -5.13    0.34    0.00   -4.79  0.909
   3.102  0.630  6.09    0.76  -10.08    0.37    0.00   -9.71 2.469E-01

  10.589 30.490  9.11    0.69   -5.74    0.33    0.00   -5.41  0.910
   3.110  0.649  5.81    0.73  -10.82    0.36    0.00  -10.46 2.027E-01

  10.589 30.747  9.35    0.66   -6.43    0.33    0.00   -6.11  0.913
   3.140  0.669  5.51    0.70  -11.66    0.36    0.00  -11.31 1.682E-01

  10.589 31.010  9.58    0.64   -7.14    0.32    0.00   -6.82  0.917
   3.166  0.688  5.23    0.68  -12.53    0.36    0.00  -12.17 1.391E-01

  10.589 31.204  9.78    0.62   -7.80    0.33    0.00   -7.48  0.921
   3.192  0.704  4.98    0.66  -13.33    0.36    0.00  -12.98 1.180E-01

  10.589 31.585 10.01    0.61   -8.48    0.34    0.00   -8.15  0.928
   3.192  0.721  4.75    0.66  -14.15    0.37    0.00  -13.78 9.718E-02

  0.000 0.000  0.000 .000  0.00  0.00  0.00  0.00  0.00  0.00 0.000
                           0.00  0.00  0.00  0.00  0.00  0.00 0.000E+00

