EXTERNAL/TSAI:  VERSION OF 8/8/96

Marathon                                                                
D2_kin9.inp                                                             
                                                                        
Hall A 2018: 25 cm Deuterium target                                     
Nominal values - not exact                                              

----*----1----*----2----*----3----*----4----*----5----*----6----*----7--
                                                                        

TARGET (iZ,iA) = (  1,  2);   avgA =   2.000; amuM=  2.013; avgM=  1.875
 targ=TRITIUM; ttarg(rl)=0.00114; twall=0.00481; tbeam=0.00342; tspec=0.00732
         Nseg  =   4
 MODELS: P elastc(ikk)=14; deut elastic=13; inelastc=206; Pauli Supresion= 4
 NUCLEAR METHOD= 1;   NUCLEAR_MODEL= 1

    E1    TH    Q2 COS_K         SMR     NUC          INT-SMR
    EP     X    W2 QE-PK  INELA  Q-ELA  ELAST   TOTAL  MODEL

 Deut Elastic Model: ia,iamec,rsc,rscmec (1,2,3,4)=  3
 TJON DEUT ELASTIC FILESS TO BE OPEN=rscctj.tjon_input   rscqtj.tjon_input   rscmtj.tjon_input   
  10.589 26.201  6.51    1.14    0.24    0.58    0.00    0.82  0.934
   2.991  0.457  8.63    1.22   -3.51    0.63    0.00   -2.88 1.172E+00

  10.589 26.469  6.70    1.07   -0.29    0.53    0.00    0.25  0.931
   3.019  0.472  8.39    1.15   -4.17    0.58    0.00   -3.58 1.047E+00

  10.589 26.808  6.94    1.00   -0.93    0.49    0.00   -0.45  0.926
   3.050  0.491  8.09    1.07   -4.97    0.53    0.00   -4.44 9.044E-01

  10.589 27.148  7.19    0.93   -1.59    0.45    0.00   -1.14  0.924
   3.081  0.510  7.78    1.00   -5.78    0.49    0.00   -5.29 7.757E-01

  10.589 27.573  7.45    0.88   -2.20    0.41    0.00   -1.78  0.919
   3.096  0.530  7.49    0.94   -6.53    0.45    0.00   -6.07 6.559E-01

  10.589 28.068  7.72    0.84   -2.79    0.39    0.00   -2.40  0.916
   3.101  0.550  7.21    0.89   -7.25    0.43    0.00   -6.82 5.457E-01

  10.589 28.510  7.99    0.80   -3.39    0.37    0.00   -3.02  0.913
   3.111  0.569  6.92    0.85   -7.98    0.40    0.00   -7.57 4.553E-01

  10.589 28.805  8.23    0.76   -4.01    0.35    0.00   -3.66  0.911
   3.140  0.589  6.63    0.80   -8.75    0.38    0.00   -8.37 3.856E-01

  10.589 29.007  8.44    0.72   -4.63    0.33    0.00   -4.29  0.910
   3.178  0.607  6.34    0.76   -9.50    0.36    0.00   -9.14 3.307E-01

  10.589 29.255  8.65    0.69   -5.16    0.32    0.00   -4.83  0.911
   3.201  0.624  6.10    0.73  -10.15    0.35    0.00   -9.80 2.849E-01

  0.000 0.000  0.000 .000  0.00  0.00  0.00  0.00  0.00  0.00 0.000
                           0.00  0.00  0.00  0.00  0.00  0.00 0.000E+00

