EXTERNAL/TSAI:  VERSION OF 8/8/96

Marathon                                                                
H1_kin4.inp                                                             
                                                                        
Hall A 2018: 25 cm Deuterium target                                     
Nominal values - not exact                                              

----*----1----*----2----*----3----*----4----*----5----*----6----*----7--
                                                                        

TARGET (iZ,iA) = (  1,  1);   avgA =   1.000; amuM=  1.007; avgM=  0.938
 targ=TRITIUM; ttarg(rl)=0.00113; twall=0.00481; tbeam=0.00342; tspec=0.00732
         Nseg  =   4
 MODELS: P elastc(ikk)=14; deut elastic=13; inelastc=206; Pauli Supresion= 4
 NUCLEAR METHOD= 1;   NUCLEAR_MODEL= 1

    E1    TH    Q2 COS_K         SMR     NUC          INT-SMR
    EP     X    W2 QE-PK  INELA  Q-ELA  ELAST   TOTAL  MODEL

  10.589 20.377  3.96    2.89    7.08    0.00    2.92   10.00  1.000
   2.989  0.278 11.18    3.20    5.18    0.00    3.24    8.42 3.419E+00

  10.589 20.698  4.14    2.59    6.43    0.00    2.62    9.05  1.000
   3.030  0.292 10.92    2.86    4.34    0.00    2.89    7.23 3.120E+00

  10.589 21.127  4.38    2.27    5.60    0.00    2.29    7.89  1.000
   3.076  0.311 10.60    2.50    3.26    0.00    2.52    5.78 2.762E+00

  10.589 21.687  4.64    2.03    4.83    0.00    2.05    6.88  1.000
   3.094  0.330 10.31    2.22    2.28    0.00    2.24    4.52 2.385E+00

  10.589 22.319  4.91    1.83    4.09    0.00    1.85    5.94  1.000
   3.098  0.350 10.02    2.00    1.33    0.00    2.01    3.34 2.029E+00

  10.589 22.887  5.18    1.66    3.36    0.00    1.67    5.03  1.000
   3.108  0.369  9.74    1.80    0.39    0.00    1.81    2.21 1.742E+00

  10.589 23.227  5.41    1.49    2.63    0.00    1.50    4.13  1.000
   3.150  0.387  9.43    1.62   -0.54    0.00    1.62    1.09 1.552E+00

  10.589 23.477  5.59    1.37    2.00    0.00    1.37    3.37  1.000
   3.190  0.403  9.17    1.48   -1.33    0.00    1.48    0.15 1.412E+00

  0.000 0.000  0.000 .000  0.00  0.00  0.00  0.00  0.00  0.00 0.000
                           0.00  0.00  0.00  0.00  0.00  0.00 0.000E+00

