EXTERNAL/TSAI:  VERSION OF 8/8/96

Marathon                                                                
H3_kin5.inp                                                             
                                                                        
Hall A 2018: 25 cm Tritium target                                       
Nominal values - not exact                                              

----*----1----*----2----*----3----*----4----*----5----*----6----*----7--
                                                                        

TARGET (iZ,iA) = (  1,  3);   avgA =   3.000; amuM=  3.016; avgM=  2.809
 targ=TRITIUM; ttarg(rl)=0.00042; twall=0.00481; tbeam=0.00342; tspec=0.00732
         Nseg  =   4
 MODELS: P elastc(ikk)=14; deut elastic=13; inelastc=206; Pauli Supresion= 4
 NUCLEAR METHOD= 1;   NUCLEAR_MODEL= 1

    E1    TH    Q2 COS_K         SMR     NUC          INT-SMR
    EP     X    W2 QE-PK  INELA  Q-ELA  ELAST   TOTAL  MODEL

  10.589 21.706  4.50    1.69    4.56    1.00    0.02    5.58  0.865
   3.000  0.316 10.62    1.85    1.83    1.08    0.02    2.93 5.682E+00

  10.589 22.031  4.70    1.56    3.92    0.89    0.01    4.82  0.861
   3.038  0.331 10.35    1.70    1.02    0.96    0.01    1.99 5.089E+00

  10.589 22.438  4.94    1.42    3.17    0.78    0.01    3.95  0.855
   3.079  0.350 10.04    1.54    0.07    0.84    0.01    0.91 4.425E+00

  10.589 22.969  5.20    1.32    2.46    0.69    0.01    3.15  0.847
   3.096  0.370  9.74    1.42   -0.81    0.74    0.01   -0.07 3.759E+00

  10.589 23.569  5.48    1.23    1.80    0.62    0.00    2.42  0.840
   3.099  0.390  9.46    1.33   -1.63    0.67    0.00   -0.96 3.149E+00

  10.589 24.103  5.74    1.16    1.14    0.56    0.00    1.70  0.831
   3.110  0.409  9.17    1.24   -2.45    0.60    0.00   -1.84 2.659E+00

  10.589 24.436  5.97    1.07    0.47    0.50    0.00    0.97  0.824
   3.148  0.428  8.87    1.15   -3.27    0.54    0.00   -2.73 2.317E+00

  10.589 24.670  6.16    1.01   -0.11    0.45    0.00    0.35  0.818
   3.188  0.444  8.61    1.07   -3.99    0.49    0.00   -3.51 2.069E+00

  0.000 0.000  0.000 .000  0.00  0.00  0.00  0.00  0.00  0.00 0.000
                           0.00  0.00  0.00  0.00  0.00  0.00 0.000E+00

