EXTERNAL/TSAI:  VERSION OF 8/8/96

Marathon                                                                
D2_kin2.inp                                                             
                                                                        
Hall A 2018: 25 cm Deuterium target                                     
Nominal values - not exact                                              

----*----1----*----2----*----3----*----4----*----5----*----6----*----7--
                                                                        

TARGET (iZ,iA) = (  1,  2);   avgA =   2.000; amuM=  2.013; avgM=  1.875
 targ=TRITIUM; ttarg(rl)=0.00114; twall=0.00481; tbeam=0.00342; tspec=0.00732
         Nseg  =   4
 MODELS: P elastc(ikk)=14; deut elastic=13; inelastc=206; Pauli Supresion= 4
 NUCLEAR METHOD= 1;   NUCLEAR_MODEL= 1

    E1    TH    Q2 COS_K         SMR     NUC          INT-SMR
    EP     X    W2 QE-PK  INELA  Q-ELA  ELAST   TOTAL  MODEL

 Deut Elastic Model: ia,iamec,rsc,rscmec (1,2,3,4)=  3
 TJON DEUT ELASTIC FILESS TO BE OPEN=rscctj.tjon_input   rscqtj.tjon_input   rscmtj.tjon_input   
  10.589 17.745  3.05    3.18    8.88    2.49    0.07   11.44  0.966
   3.022  0.214 12.04    3.60    7.51    2.73    0.07   10.31 1.112E+01

  10.589 18.185  3.25    2.78    8.07    2.11    0.05   10.23  0.968
   3.076  0.231 11.72    3.13    6.42    2.31    0.05    8.79 9.788E+00

  10.589 18.830  3.51    2.47    7.24    1.81    0.04    9.08  0.969
   3.098  0.250 11.43    2.76    5.33    1.97    0.04    7.34 8.234E+00

  10.589 19.559  3.79    2.21    6.45    1.56    0.03    8.03  0.969
   3.100  0.270 11.15    2.47    4.29    1.70    0.03    6.02 6.809E+00

  10.589 20.190  4.05    1.99    5.67    1.35    0.02    7.05  0.968
   3.113  0.289 10.86    2.21    3.29    1.48    0.02    4.79 5.745E+00

  10.589 20.521  4.25    1.79    4.94    1.17    0.02    6.13  0.966
   3.164  0.305 10.56    1.98    2.34    1.28    0.02    3.64 5.146E+00

  10.589 20.914  4.47    1.62    4.20    1.01    0.01    5.22  0.947
   3.204  0.323 10.27    1.78    1.39    1.12    0.01    2.52 4.536E+00

  0.000 0.000  0.000 .000  0.00  0.00  0.00  0.00  0.00  0.00 0.000
                           0.00  0.00  0.00  0.00  0.00  0.00 0.000E+00

