EXTERNAL/TSAI:  VERSION OF 8/8/96

Marathon                                                                
H1_kin1.inp                                                             
                                                                        
Hall A 2018: 25 cm Deuterium target                                     
Nominal values - not exact                                              

----*----1----*----2----*----3----*----4----*----5----*----6----*----7--
                                                                        

TARGET (iZ,iA) = (  1,  1);   avgA =   1.000; amuM=  1.007; avgM=  0.938
 targ=TRITIUM; ttarg(rl)=0.00113; twall=0.00481; tbeam=0.00342; tspec=0.00732
         Nseg  =   4
 MODELS: P elastc(ikk)=14; deut elastic=13; inelastc=206; Pauli Supresion= 4
 NUCLEAR METHOD= 1;   NUCLEAR_MODEL= 1

    E1    TH    Q2 COS_K         SMR     NUC          INT-SMR
    EP     X    W2 QE-PK  INELA  Q-ELA  ELAST   TOTAL  MODEL

  10.589 16.115  2.51    5.84   11.25    0.00    5.99   17.23  1.000
   3.015  0.177 12.58    6.66   10.88    0.00    6.80   17.69 9.488E+00

  10.589 16.552  2.70    5.01   10.48    0.00    5.12   15.60  1.000
   3.073  0.191 12.29    5.68    9.81    0.00    5.79   15.60 8.430E+00

  10.589 17.240  2.95    4.28    9.64    0.00    4.36   14.00  1.000
   3.098  0.210 11.99    4.83    8.63    0.00    4.91   13.54 7.077E+00

  10.589 18.032  3.23    3.70    8.79    0.00    3.76   12.55  1.000
   3.101  0.230 11.71    4.15    7.48    0.00    4.21   11.69 5.824E+00

  10.589 18.708  3.49    3.23    7.97    0.00    3.27   11.24  1.000
   3.115  0.248 11.42    3.60    6.37    0.00    3.65   10.02 4.922E+00

  10.589 19.040  3.67    2.83    7.22    0.00    2.87   10.09  1.000
   3.169  0.264 11.13    3.15    5.38    0.00    3.18    8.57 4.472E+00

  10.589 19.456  3.88    2.50    6.46    0.00    2.53    8.98  1.000
   3.211  0.280 10.84    2.76    4.37    0.00    2.79    7.17 3.984E+00

  0.000 0.000  0.000 .000  0.00  0.00  0.00  0.00  0.00  0.00 0.000
                           0.00  0.00  0.00  0.00  0.00  0.00 0.000E+00

