EXTERNAL/TSAI:  VERSION OF 8/8/96

Marathon                                                                
D2_kin15.inp                                                            
                                                                        
Hall A 2018: 25 cm Deuterium target                                     
Nominal values - not exact                                              

----*----1----*----2----*----3----*----4----*----5----*----6----*----7--
                                                                        

TARGET (iZ,iA) = (  1,  2);   avgA =   2.000; amuM=  2.013; avgM=  1.875
 targ=TRITIUM; ttarg(rl)=0.00114; twall=0.00481; tbeam=0.00342; tspec=0.00732
         Nseg  =   4
 MODELS: P elastc(ikk)=14; deut elastic=13; inelastc=206; Pauli Supresion= 4
 NUCLEAR METHOD= 1;   NUCLEAR_MODEL= 1

    E1    TH    Q2 COS_K         SMR     NUC          INT-SMR
    EP     X    W2 QE-PK  INELA  Q-ELA  ELAST   TOTAL  MODEL

 Deut Elastic Model: ia,iamec,rsc,rscmec (1,2,3,4)=  3
 TJON DEUT ELASTIC FILESS TO BE OPEN=rscctj.tjon_input   rscqtj.tjon_input   rscmtj.tjon_input   
  10.589 32.023  9.63    0.71   -6.32    0.35    0.00   -5.97  0.913
   2.989  0.675  5.51    0.75  -11.47    0.38    0.00  -11.09 1.381E-01

  10.589 32.264  9.83    0.69   -6.91    0.35    0.00   -6.56  0.916
   3.007  0.691  5.27    0.73  -12.18    0.38    0.00  -11.80 1.175E-01

  10.589 32.543 10.08    0.66   -7.68    0.35    0.00   -7.33  0.923
   3.031  0.711  4.99    0.71  -13.11    0.38    0.00  -12.73 9.624E-02

  10.589 32.822 10.33    0.65   -8.55    0.36    0.00   -8.19  0.934
   3.054  0.730  4.70    0.69  -14.17    0.39    0.00  -13.78 7.795E-02

  10.589 33.101 10.57    0.64   -9.55    0.37    0.00   -9.17  0.946
   3.076  0.750  4.41    0.68  -15.38    0.41    0.00  -14.97 6.258E-02

  10.589 33.418 10.83    0.64  -10.74    0.40    0.00  -10.34  0.965
   3.093  0.770  4.12    0.69  -16.83    0.44    0.00  -16.39 4.954E-02

  10.589 33.781 11.09    0.64  -12.25    0.44    0.00  -11.81  0.993
   3.102  0.789  3.84    0.70  -18.66    0.48    0.00  -18.18 3.858E-02

  10.589 34.132 11.35    0.67  -14.40    0.51    0.00  -13.90  1.038
   3.112  0.809  3.56    0.74  -21.27    0.56    0.00  -20.71 2.964E-02

  10.589 34.382 11.60    0.72  -18.24    0.61    0.00  -17.63  1.099
   3.134  0.829  3.27    0.79  -25.92    0.66    0.00  -25.26 2.261E-02

  10.589 34.577 11.82  415.64 -100.00  399.44    0.12  299.55  1.188
   3.161  0.848  3.00  462.61 -100.00  434.29    0.12  334.40 3.286E-05

  0.000 0.000  0.000 .000  0.00  0.00  0.00  0.00  0.00  0.00 0.000
                           0.00  0.00  0.00  0.00  0.00  0.00 0.000E+00

