EXTERNAL/TSAI:  VERSION OF 8/8/96

Marathon                                                                
H3_kin13.inp                                                            
                                                                        
Hall A 2018: 25 cm Tritium target                                       
Nominal values - not exact                                              

----*----1----*----2----*----3----*----4----*----5----*----6----*----7--
                                                                        

TARGET (iZ,iA) = (  1,  3);   avgA =   3.000; amuM=  3.016; avgM=  2.809
 targ=TRITIUM; ttarg(rl)=0.00042; twall=0.00481; tbeam=0.00342; tspec=0.00732
         Nseg  =   4
 MODELS: P elastc(ikk)=14; deut elastic=13; inelastc=206; Pauli Supresion= 4
 NUCLEAR METHOD= 1;   NUCLEAR_MODEL= 1

    E1    TH    Q2 COS_K         SMR     NUC          INT-SMR
    EP     X    W2 QE-PK  INELA  Q-ELA  ELAST   TOTAL  MODEL

  10.589 30.110  8.53    0.81   -4.24    0.32    0.00   -3.91  0.782
   2.986  0.598  6.62    0.85   -8.89    0.35    0.00   -8.54 4.016E-01

  10.589 30.332  8.71    0.78   -4.67    0.32    0.00   -4.35  0.785
   3.004  0.612  6.41    0.83   -9.41    0.34    0.00   -9.07 3.536E-01

  10.589 30.630  8.95    0.75   -5.28    0.31    0.00   -4.97  0.793
   3.029  0.631  6.12    0.79  -10.14    0.33    0.00   -9.81 2.955E-01

  10.589 30.924  9.19    0.72   -5.91    0.31    0.00   -5.61  0.807
   3.054  0.650  5.83    0.76  -10.91    0.33    0.00  -10.58 2.450E-01

  10.589 31.221  9.44    0.69   -6.58    0.31    0.00   -6.27  0.827
   3.079  0.670  5.53    0.73  -11.71    0.33    0.00  -11.38 2.016E-01

  10.589 31.563  9.70    0.67   -7.28    0.32    0.00   -6.96  0.853
   3.096  0.690  5.24    0.71  -12.54    0.34    0.00  -12.20 1.643E-01

  10.589 31.980  9.97    0.66   -8.02    0.34    0.00   -7.69  0.887
   3.102  0.710  4.96    0.70  -13.42    0.36    0.00  -13.07 1.318E-01

  10.589 32.358 10.23    0.65   -8.87    0.36    0.00   -8.51  0.933
   3.112  0.729  4.68    0.69  -14.43    0.38    0.00  -14.05 1.056E-01

  10.589 32.605 10.47    0.64   -9.88    0.39    0.00   -9.48  0.994
   3.137  0.749  4.39    0.68  -15.64    0.42    0.00  -15.22 8.562E-02

  10.589 32.830 10.71    0.63  -11.12    0.44    0.00  -10.67  1.073
   3.165  0.768  4.11    0.68  -17.13    0.47    0.00  -16.66 6.902E-02

  10.589 33.029 10.92    0.63  -12.57    0.51    0.00  -12.06  1.162
   3.190  0.786  3.85    0.68  -18.88    0.53    0.00  -18.35 5.630E-02

  10.589 33.275 11.14    0.65  -14.60    0.59    0.00  -14.00  1.268
   3.210  0.805  3.58    0.70  -21.31    0.62    0.00  -20.70 4.508E-02

  0.000 0.000  0.000 .000  0.00  0.00  0.00  0.00  0.00  0.00 0.000
                           0.00  0.00  0.00  0.00  0.00  0.00 0.000E+00

