EXTERNAL/TSAI:  VERSION OF 8/8/96

Marathon                                                                
H3_kin2.inp                                                             
                                                                        
Hall A 2018: 25 cm Tritium target                                       
Nominal values - not exact                                              

----*----1----*----2----*----3----*----4----*----5----*----6----*----7--
                                                                        

TARGET (iZ,iA) = (  1,  3);   avgA =   3.000; amuM=  3.016; avgM=  2.809
 targ=TRITIUM; ttarg(rl)=0.00042; twall=0.00481; tbeam=0.00342; tspec=0.00732
         Nseg  =   4
 MODELS: P elastc(ikk)=14; deut elastic=13; inelastc=206; Pauli Supresion= 4
 NUCLEAR METHOD= 1;   NUCLEAR_MODEL= 1

    E1    TH    Q2 COS_K         SMR     NUC          INT-SMR
    EP     X    W2 QE-PK  INELA  Q-ELA  ELAST   TOTAL  MODEL

  10.589 17.744  3.05    2.72    8.53    1.97    0.13   10.63  0.874
   3.023  0.215 12.03    3.05    6.95    2.13    0.14    9.22 1.591E+01

  10.589 18.183  3.25    2.40    7.72    1.69    0.10    9.50  0.877
   3.077  0.231 11.72    2.68    5.87    1.82    0.10    7.79 1.395E+01

  10.589 18.830  3.51    2.15    6.89    1.45    0.07    8.41  0.877
   3.097  0.250 11.43    2.39    4.79    1.57    0.07    6.43 1.167E+01

  10.589 19.556  3.79    1.95    6.09    1.27    0.05    7.40  0.876
   3.100  0.270 11.15    2.15    3.76    1.37    0.05    5.18 9.608E+00

  10.589 20.187  4.05    1.77    5.33    1.11    0.03    6.46  0.874
   3.114  0.289 10.86    1.95    2.79    1.19    0.03    4.01 8.065E+00

  10.589 20.516  4.25    1.61    4.60    0.96    0.02    5.59  0.870
   3.164  0.305 10.56    1.76    1.86    1.04    0.02    2.92 7.197E+00

  10.589 20.889  4.47    1.46    3.86    0.84    0.02    4.71  0.865
   3.208  0.322 10.27    1.60    0.90    0.91    0.02    1.83 6.338E+00

  0.000 0.000  0.000 .000  0.00  0.00  0.00  0.00  0.00  0.00 0.000
                           0.00  0.00  0.00  0.00  0.00  0.00 0.000E+00

