EXTERNAL/TSAI:  VERSION OF 8/8/96

Marathon                                                                
H1_kin2.inp                                                             
                                                                        
Hall A 2018: 25 cm Deuterium target                                     
Nominal values - not exact                                              

----*----1----*----2----*----3----*----4----*----5----*----6----*----7--
                                                                        

TARGET (iZ,iA) = (  1,  1);   avgA =   1.000; amuM=  1.007; avgM=  0.938
 targ=TRITIUM; ttarg(rl)=0.00113; twall=0.00481; tbeam=0.00342; tspec=0.00732
         Nseg  =   4
 MODELS: P elastc(ikk)=14; deut elastic=13; inelastc=206; Pauli Supresion= 4
 NUCLEAR METHOD= 1;   NUCLEAR_MODEL= 1

    E1    TH    Q2 COS_K         SMR     NUC          INT-SMR
    EP     X    W2 QE-PK  INELA  Q-ELA  ELAST   TOTAL  MODEL

  10.589 17.743  3.05    4.32    9.61    0.00    4.39   14.01  1.000
   3.023  0.214 12.03    4.87    8.58    0.00    4.95   13.53 6.350E+00

  10.589 18.181  3.25    3.72    8.79    0.00    3.78   12.57  1.000
   3.077  0.231 11.72    4.17    7.48    0.00    4.23   11.71 5.646E+00

  10.589 18.829  3.51    3.23    7.96    0.00    3.28   11.24  1.000
   3.098  0.250 11.43    3.60    6.36    0.00    3.65   10.01 4.800E+00

  10.589 19.552  3.79    2.84    7.16    0.00    2.88   10.03  1.000
   3.101  0.269 11.15    3.16    5.29    0.00    3.19    8.48 4.023E+00

  10.589 20.188  4.05    2.51    6.36    0.00    2.54    8.89  1.000
   3.114  0.289 10.86    2.78    4.24    0.00    2.80    7.04 3.430E+00

  10.589 20.513  4.25    2.22    5.61    0.00    2.25    7.85  1.000
   3.165  0.305 10.56    2.45    3.26    0.00    2.47    5.73 3.106E+00

  10.589 20.927  4.47    1.99    4.89    0.00    2.01    6.90  1.000
   3.196  0.322 10.29    2.18    2.34    0.00    2.20    4.54 2.763E+00

  0.000 0.000  0.000 .000  0.00  0.00  0.00  0.00  0.00  0.00 0.000
                           0.00  0.00  0.00  0.00  0.00  0.00 0.000E+00

