EXTERNAL/TSAI:  VERSION OF 8/8/96

Marathon                                                                
D2_kin3.inp                                                             
                                                                        
Hall A 2018: 25 cm Deuterium target                                     
Nominal values - not exact                                              

----*----1----*----2----*----3----*----4----*----5----*----6----*----7--
                                                                        

TARGET (iZ,iA) = (  1,  2);   avgA =   2.000; amuM=  2.013; avgM=  1.875
 targ=TRITIUM; ttarg(rl)=0.00114; twall=0.00481; tbeam=0.00342; tspec=0.00732
         Nseg  =   4
 MODELS: P elastc(ikk)=14; deut elastic=13; inelastc=206; Pauli Supresion= 4
 NUCLEAR METHOD= 1;   NUCLEAR_MODEL= 1

    E1    TH    Q2 COS_K         SMR     NUC          INT-SMR
    EP     X    W2 QE-PK  INELA  Q-ELA  ELAST   TOTAL  MODEL

 Deut Elastic Model: ia,iamec,rsc,rscmec (1,2,3,4)=  3
 TJON DEUT ELASTIC FILESS TO BE OPEN=rscctj.tjon_input   rscqtj.tjon_input   rscmtj.tjon_input   
  10.589 18.924  3.42    2.80    7.93    2.11    0.05   10.09  0.969
   2.984  0.239 11.74    3.15    6.24    2.31    0.05    8.59 8.340E+00

  10.589 19.262  3.59    2.52    7.28    1.85    0.04    9.16  0.969
   3.027  0.253 11.48    2.83    5.38    2.02    0.04    7.44 7.545E+00

  10.589 19.701  3.82    2.23    6.45    1.57    0.03    8.05  0.969
   3.078  0.271 11.16    2.48    4.30    1.72    0.03    6.04 6.619E+00

  10.589 20.295  4.07    2.00    5.67    1.36    0.02    7.05  0.968
   3.098  0.290 10.87    2.22    3.29    1.48    0.02    4.79 5.626E+00

  10.589 20.972  4.35    1.82    4.92    1.19    0.02    6.13  0.966
   3.101  0.310 10.58    2.01    2.32    1.30    0.02    3.64 4.700E+00

  10.589 21.576  4.62    1.66    4.18    1.04    0.01    5.24  0.962
   3.111  0.329 10.30    1.83    1.38    1.14    0.01    2.53 3.978E+00

  10.589 21.916  4.83    1.51    3.46    0.91    0.01    4.39  0.959
   3.157  0.346 10.00    1.65    0.46    0.99    0.01    1.47 3.532E+00

  10.589 22.216  5.02    1.39    2.84    0.81    0.01    3.66  0.956
   3.195  0.362  9.73    1.51   -0.33    0.89    0.01    0.57 3.172E+00

  0.000 0.000  0.000 .000  0.00  0.00  0.00  0.00  0.00  0.00 0.000
                           0.00  0.00  0.00  0.00  0.00  0.00 0.000E+00

