EXTERNAL/TSAI:  VERSION OF 8/8/96

Marathon                                                                
H1_kin3.inp                                                             
                                                                        
Hall A 2018: 25 cm Deuterium target                                     
Nominal values - not exact                                              

----*----1----*----2----*----3----*----4----*----5----*----6----*----7--
                                                                        

TARGET (iZ,iA) = (  1,  1);   avgA =   1.000; amuM=  1.007; avgM=  0.938
 targ=TRITIUM; ttarg(rl)=0.00113; twall=0.00481; tbeam=0.00342; tspec=0.00732
         Nseg  =   4
 MODELS: P elastc(ikk)=14; deut elastic=13; inelastc=206; Pauli Supresion= 4
 NUCLEAR METHOD= 1;   NUCLEAR_MODEL= 1

    E1    TH    Q2 COS_K         SMR     NUC          INT-SMR
    EP     X    W2 QE-PK  INELA  Q-ELA  ELAST   TOTAL  MODEL

  10.589 18.922  3.41    3.71    8.67    0.00    3.77   12.44  1.000
   2.983  0.239 11.74    4.16    7.29    0.00    4.22   11.51 4.834E+00

  10.589 19.260  3.59    3.30    8.00    0.00    3.34   11.35  1.000
   3.027  0.253 11.48    3.68    6.40    0.00    3.73   10.13 4.409E+00

  10.589 19.705  3.82    2.86    7.17    0.00    2.90   10.07  1.000
   3.077  0.271 11.16    3.18    5.31    0.00    3.21    8.52 3.904E+00

  10.589 20.308  4.08    2.52    6.36    0.00    2.55    8.91  1.000
   3.096  0.290 10.87    2.79    4.25    0.00    2.82    7.06 3.351E+00

  10.589 20.979  4.35    2.25    5.58    0.00    2.27    7.86  1.000
   3.099  0.310 10.58    2.48    3.24    0.00    2.50    5.74 2.838E+00

  10.589 21.584  4.62    2.02    4.82    0.00    2.03    6.85  1.000
   3.110  0.329 10.30    2.21    2.26    0.00    2.23    4.48 2.429E+00

  10.589 21.913  4.83    1.80    4.07    0.00    1.81    5.88  1.000
   3.157  0.346 10.00    1.96    1.29    0.00    1.97    3.26 2.184E+00

  10.589 22.190  5.02    1.63    3.42    0.00    1.64    5.06  1.000
   3.198  0.362  9.73    1.78    0.46    0.00    1.79    2.24 1.990E+00

  0.000 0.000  0.000 .000  0.00  0.00  0.00  0.00  0.00  0.00 0.000
                           0.00  0.00  0.00  0.00  0.00  0.00 0.000E+00

