EXTERNAL/TSAI:  VERSION OF 8/8/96

Marathon                                                                
H3_kin3.inp                                                             
                                                                        
Hall A 2018: 25 cm Tritium target                                       
Nominal values - not exact                                              

----*----1----*----2----*----3----*----4----*----5----*----6----*----7--
                                                                        

TARGET (iZ,iA) = (  1,  3);   avgA =   3.000; amuM=  3.016; avgM=  2.809
 targ=TRITIUM; ttarg(rl)=0.00042; twall=0.00481; tbeam=0.00342; tspec=0.00732
         Nseg  =   4
 MODELS: P elastc(ikk)=14; deut elastic=13; inelastc=206; Pauli Supresion= 4
 NUCLEAR METHOD= 1;   NUCLEAR_MODEL= 1

    E1    TH    Q2 COS_K         SMR     NUC          INT-SMR
    EP     X    W2 QE-PK  INELA  Q-ELA  ELAST   TOTAL  MODEL

  10.589 18.921  3.41    2.43    7.60    1.69    0.09    9.37  0.875
   2.983  0.239 11.74    2.71    5.71    1.83    0.09    7.62 1.186E+01

  10.589 19.261  3.59    2.20    6.93    1.49    0.06    8.48  0.876
   3.027  0.253 11.48    2.45    4.85    1.61    0.07    6.52 1.069E+01

  10.589 19.702  3.82    1.96    6.10    1.27    0.05    7.42  0.875
   3.077  0.271 11.16    2.17    3.78    1.38    0.05    5.20 9.329E+00

  10.589 20.298  4.07    1.78    5.33    1.11    0.03    6.47  0.872
   3.097  0.290 10.87    1.96    2.79    1.20    0.03    4.02 7.887E+00

  10.589 20.975  4.35    1.64    4.58    0.98    0.02    5.58  0.868
   3.100  0.310 10.58    1.79    1.84    1.05    0.02    2.92 6.556E+00

  10.589 21.576  4.62    1.51    3.84    0.86    0.01    4.72  0.862
   3.111  0.329 10.30    1.64    0.91    0.93    0.01    1.85 5.522E+00

  10.589 21.912  4.83    1.38    3.12    0.75    0.01    3.89  0.856
   3.158  0.346  9.99    1.49   -0.00    0.81    0.01    0.82 4.882E+00

  10.589 22.225  5.03    1.27    2.47    0.67    0.01    3.15  0.851
   3.197  0.363  9.72    1.38   -0.82    0.72    0.01   -0.09 4.345E+00

  0.000 0.000  0.000 .000  0.00  0.00  0.00  0.00  0.00  0.00 0.000
                           0.00  0.00  0.00  0.00  0.00  0.00 0.000E+00

