EXTERNAL/TSAI:  VERSION OF 8/8/96

Marathon                                                                
H3_kin1.inp                                                             
                                                                        
Hall A 2018: 25 cm Tritium target                                       
Nominal values - not exact                                              

----*----1----*----2----*----3----*----4----*----5----*----6----*----7--
                                                                        

TARGET (iZ,iA) = (  1,  3);   avgA =   3.000; amuM=  3.016; avgM=  2.809
 targ=TRITIUM; ttarg(rl)=0.00042; twall=0.00481; tbeam=0.00342; tspec=0.00732
         Nseg  =   4
 MODELS: P elastc(ikk)=14; deut elastic=13; inelastc=206; Pauli Supresion= 4
 NUCLEAR METHOD= 1;   NUCLEAR_MODEL= 1

    E1    TH    Q2 COS_K         SMR     NUC          INT-SMR
    EP     X    W2 QE-PK  INELA  Q-ELA  ELAST   TOTAL  MODEL

  10.589 16.116  2.51    3.46   10.20    2.66    0.28   13.14  0.863
   3.014  0.176 12.59    3.92    9.23    2.88    0.28   12.39 2.453E+01

  10.589 16.553  2.70    3.04    9.42    2.28    0.20   11.90  0.869
   3.073  0.191 12.29    3.43    8.16    2.47    0.20   10.83 2.154E+01

  10.589 17.240  2.95    2.68    8.56    1.95    0.14   10.65  0.874
   3.098  0.210 11.99    3.01    7.00    2.11    0.14    9.24 1.781E+01

  10.589 18.028  3.22    2.39    7.72    1.68    0.10    9.49  0.877
   3.101  0.229 11.71    2.67    5.88    1.81    0.10    7.79 1.442E+01

  10.589 18.707  3.49    2.14    6.89    1.45    0.07    8.41  0.878
   3.115  0.249 11.42    2.38    4.80    1.57    0.07    6.43 1.198E+01

  10.589 19.039  3.67    1.93    6.16    1.26    0.05    7.47  0.877
   3.170  0.264 11.13    2.13    3.85    1.36    0.05    5.26 1.074E+01

  10.589 19.464  3.89    1.74    5.39    1.09    0.03    6.52  0.875
   3.213  0.281 10.83    1.91    2.85    1.18    0.03    4.06 9.405E+00

  0.000 0.000  0.000 .000  0.00  0.00  0.00  0.00  0.00  0.00 0.000
                           0.00  0.00  0.00  0.00  0.00  0.00 0.000E+00

