EXTERNAL/TSAI:  VERSION OF 8/8/96

Marathon                                                                
H3_kin4.inp                                                             
                                                                        
Hall A 2018: 25 cm Tritium target                                       
Nominal values - not exact                                              

----*----1----*----2----*----3----*----4----*----5----*----6----*----7--
                                                                        

TARGET (iZ,iA) = (  1,  3);   avgA =   3.000; amuM=  3.016; avgM=  2.809
 targ=TRITIUM; ttarg(rl)=0.00042; twall=0.00481; tbeam=0.00342; tspec=0.00732
         Nseg  =   4
 MODELS: P elastc(ikk)=14; deut elastic=13; inelastc=206; Pauli Supresion= 4
 NUCLEAR METHOD= 1;   NUCLEAR_MODEL= 1

    E1    TH    Q2 COS_K         SMR     NUC          INT-SMR
    EP     X    W2 QE-PK  INELA  Q-ELA  ELAST   TOTAL  MODEL

  10.589 20.373  3.96    2.00    6.04    1.29    0.04    7.37  0.873
   2.990  0.278 11.18    2.21    3.70    1.39    0.04    5.13 8.119E+00

  10.589 20.694  4.14    1.83    5.40    1.14    0.03    6.58  0.871
   3.030  0.292 10.92    2.02    2.89    1.23    0.03    4.16 7.323E+00

  10.589 21.123  4.38    1.65    4.59    0.98    0.02    5.60  0.867
   3.076  0.311 10.60    1.81    1.85    1.06    0.02    2.94 6.375E+00

  10.589 21.680  4.64    1.52    3.85    0.86    0.01    4.73  0.862
   3.095  0.330 10.31    1.65    0.92    0.93    0.01    1.87 5.414E+00

  10.589 22.314  4.91    1.41    3.14    0.77    0.01    3.92  0.855
   3.099  0.350 10.02    1.53    0.03    0.83    0.01    0.87 4.524E+00

  10.589 22.878  5.18    1.31    2.46    0.68    0.01    3.15  0.848
   3.109  0.369  9.74    1.42   -0.82    0.74    0.01   -0.07 3.823E+00

  10.589 23.217  5.40    1.21    1.76    0.61    0.00    2.37  0.841
   3.151  0.387  9.43    1.30   -1.69    0.65    0.00   -1.03 3.353E+00

  10.589 23.466  5.59    1.12    1.15    0.54    0.00    1.70  0.834
   3.194  0.403  9.16    1.21   -2.46    0.59    0.00   -1.87 3.005E+00

  0.000 0.000  0.000 .000  0.00  0.00  0.00  0.00  0.00  0.00 0.000
                           0.00  0.00  0.00  0.00  0.00  0.00 0.000E+00

