EXTERNAL/TSAI:  VERSION OF 8/8/96

Marathon                                                                
He3_kin3.inp                                                            
                                                                        
Hall A 2018: 25 cm He3 target                                           
Nominal values - not exact                                              

----*----1----*----2----*----3----*----4----*----5----*----6----*----7--
                                                                        

TARGET (iZ,iA) = (  2,  3);   avgA =   3.000; amuM=  3.016; avgM=  2.809
 targ=TRITIUM; ttarg(rl)=0.00075; twall=0.00481; tbeam=0.00342; tspec=0.00732
         Nseg  =   4
 MODELS: P elastc(ikk)=14; deut elastic=13; inelastc=206; Pauli Supresion= 4
 NUCLEAR METHOD= 1;   NUCLEAR_MODEL= 1
 DIS MODEL= 2

    E1    TH    Q2 COS_K         SMR     NUC          INT-SMR
    EP     X    W2 QE-PK  INELA  Q-ELA  ELAST   TOTAL  MODEL

  10.590 26.428  4.19    6.18   17.03    4.52    0.11   21.65  0.813
   1.892  0.257 13.01    7.04   16.52    4.95    0.11   21.58 4.628E+00

  10.590 22.952  4.19    3.37   11.60    2.16    0.05   13.80  0.834
   2.498  0.276 11.88    3.76   10.10    2.35    0.05   12.50 6.505E+00

  10.590 20.833  4.19    2.17    8.26    1.27    0.02    9.56  0.847
   3.024  0.295 10.89    2.39    6.05    1.38    0.02    7.46 8.318E+00

  10.590 19.389  4.19    1.54    5.85    0.85    0.01    6.71  0.852
   3.487  0.314 10.02    1.68    3.04    0.92    0.01    3.97 1.004E+01

  10.590 18.333  4.19    1.17    3.95    0.63    0.01    4.58  0.855
   3.896  0.333  9.25    1.27    0.60    0.68    0.01    1.29 1.163E+01

  0.000 0.000  0.000 .000  0.00  0.00  0.00  0.00  0.00  0.00 0.000
                           0.00  0.00  0.00  0.00  0.00  0.00 0.000E+00

