EXTERNAL/TSAI:  VERSION OF 8/8/96

Marathon                                                                
H1_kin1.inp                                                             
                                                                        
Hall A 2018: 25 cm Deuterium target                                     
Nominal values - not exact                                              

----*----1----*----2----*----3----*----4----*----5----*----6----*----7--
                                                                        

TARGET (iZ,iA) = (  1,  1);   avgA =   1.000; amuM=  1.007; avgM=  0.938
 targ=TRITIUM; ttarg(rl)=0.00113; twall=0.00481; tbeam=0.00342; tspec=0.00732
         Nseg  =   4
 MODELS: P elastc(ikk)=14; deut elastic=13; inelastc=206; Pauli Supresion= 4
 NUCLEAR METHOD= 1;   NUCLEAR_MODEL= 1
 DIS MODEL= 2

    E1    TH    Q2 COS_K         SMR     NUC          INT-SMR
    EP     X    W2 QE-PK  INELA  Q-ELA  ELAST   TOTAL  MODEL

  10.590 22.969  3.06   12.52   23.67    0.00   12.81   36.49  1.000
   1.824  0.186 14.27   14.62   24.81    0.00   14.93   39.74 3.199E+00

  10.590 18.862  3.06    5.44   15.74    0.00    5.55   21.28  1.000
   2.694  0.207 12.64    6.18   15.41    0.00    6.29   21.70 5.434E+00

  10.590 16.758  3.06    3.11   11.31    0.00    3.16   14.47  1.000
   3.406  0.227 11.30    3.48    9.99    0.00    3.53   13.52 7.767E+00

  10.590 15.455  3.06    2.06    8.23    0.00    2.09   10.32  1.000
   4.000  0.248 10.18    2.28    6.08    0.00    2.31    8.39 1.014E+01

  0.000 0.000  0.000 .000  0.00  0.00  0.00  0.00  0.00  0.00 0.000
                           0.00  0.00  0.00  0.00  0.00  0.00 0.000E+00

