EXTERNAL/TSAI:  VERSION OF 8/8/96

Marathon                                                                
D2_kin11.inp                                                            
                                                                        
Hall A 2018: 25 cm Deuterium target                                     
Nominal values - not exact                                              

----*----1----*----2----*----3----*----4----*----5----*----6----*----7--
                                                                        

TARGET (iZ,iA) = (  1,  2);   avgA =   2.000; amuM=  2.013; avgM=  1.875
 targ=TRITIUM; ttarg(rl)=0.00114; twall=0.00481; tbeam=0.00342; tspec=0.00732
         Nseg  =   4
 MODELS: P elastc(ikk)=14; deut elastic=13; inelastc=206; Pauli Supresion= 4
 NUCLEAR METHOD= 1;   NUCLEAR_MODEL= 1
 DIS MODEL= 2

    E1    TH    Q2 COS_K         SMR     NUC          INT-SMR
    EP     X    W2 QE-PK  INELA  Q-ELA  ELAST   TOTAL  MODEL

 Deut Elastic Model: ia,iamec,rsc,rscmec (1,2,3,4)=  3
 TJON DEUT ELASTIC FILESS TO BE OPEN=rscctj.tjon_input   rscqtj.tjon_input   rscmtj.tjon_input   
  10.590 36.664  8.69    2.00    1.72    1.11    0.00    2.83  0.929
   2.073  0.544  8.18    2.17   -1.77    1.21    0.00   -0.55 2.146E-01

  10.590 34.491  8.69    1.54    0.12    0.79    0.00    0.91  0.921
   2.333  0.561  7.69    1.66   -3.72    0.86    0.00   -2.86 2.280E-01

  10.590 32.765  8.69    1.24   -1.30    0.60    0.00   -0.70  0.916
   2.578  0.578  7.23    1.32   -5.48    0.65    0.00   -4.83 2.369E-01

  10.590 31.355  8.69    1.03   -2.55    0.48    0.00   -2.07  0.913
   2.809  0.595  6.80    1.10   -7.05    0.53    0.00   -6.52 2.412E-01

  10.590 30.178  8.69    0.89   -3.68    0.41    0.00   -3.26  0.910
   3.026  0.612  6.39    0.94   -8.47    0.45    0.00   -8.02 2.412E-01

  10.590 29.179  8.69    0.78   -4.73    0.37    0.00   -4.36  0.910
   3.232  0.629  6.00    0.83   -9.80    0.40    0.00   -9.40 2.373E-01

  10.590 28.319  8.69    0.71   -5.65    0.34    0.00   -5.31  0.911
   3.427  0.646  5.63    0.75  -10.99    0.38    0.00  -10.61 2.301E-01

  10.590 27.570  8.69    0.65   -6.53    0.33    0.00   -6.20  0.916
   3.612  0.663  5.29    0.70  -12.12    0.37    0.00  -11.75 2.201E-01

  0.000 0.000  0.000 .000  0.00  0.00  0.00  0.00  0.00  0.00 0.000
                           0.00  0.00  0.00  0.00  0.00  0.00 0.000E+00

