EXTERNAL/TSAI:  VERSION OF 8/8/96

Marathon                                                                
D2_kin5.inp                                                             
                                                                        
Hall A 2018: 25 cm Deuterium target                                     
Nominal values - not exact                                              

----*----1----*----2----*----3----*----4----*----5----*----6----*----7--
                                                                        

TARGET (iZ,iA) = (  1,  2);   avgA =   2.000; amuM=  2.013; avgM=  1.875
 targ=TRITIUM; ttarg(rl)=0.00114; twall=0.00481; tbeam=0.00342; tspec=0.00732
         Nseg  =   4
 MODELS: P elastc(ikk)=14; deut elastic=13; inelastc=206; Pauli Supresion= 4
 NUCLEAR METHOD= 1;   NUCLEAR_MODEL= 1
 DIS MODEL= 2

    E1    TH    Q2 COS_K         SMR     NUC          INT-SMR
    EP     X    W2 QE-PK  INELA  Q-ELA  ELAST   TOTAL  MODEL

 Deut Elastic Model: ia,iamec,rsc,rscmec (1,2,3,4)=  3
 TJON DEUT ELASTIC FILESS TO BE OPEN=rscctj.tjon_input   rscqtj.tjon_input   rscmtj.tjon_input   
  10.590 29.131  5.31    3.81   11.37    2.91    0.03   14.31  0.962
   1.983  0.329 11.72    4.29    9.80    3.20    0.03   13.03 1.558E+00

  10.590 25.791  5.31    2.24    7.48    1.46    0.01    8.95  0.960
   2.518  0.351 10.72    2.47    5.10    1.60    0.01    6.71 2.030E+00

  10.590 23.634  5.31    1.50    4.80    0.88    0.01    5.69  0.954
   2.990  0.372  9.83    1.64    1.79    0.96    0.01    2.75 2.454E+00

  10.590 22.111  5.31    1.10    2.67    0.60    0.00    3.27  0.948
   3.411  0.394  9.04    1.19   -0.91    0.65    0.00   -0.25 2.830E+00

  10.590 20.971  5.31    0.85    0.85    0.45    0.00    1.30  0.941
   3.787  0.416  8.34    0.92   -3.26    0.49    0.00   -2.76 3.152E+00

  0.000 0.000  0.000 .000  0.00  0.00  0.00  0.00  0.00  0.00 0.000
                           0.00  0.00  0.00  0.00  0.00  0.00 0.000E+00

