EXTERNAL/TSAI:  VERSION OF 8/8/96

Marathon                                                                
H3_kin5.inp                                                             
                                                                        
Hall A 2018: 25 cm Tritium target                                       
Nominal values - not exact                                              

----*----1----*----2----*----3----*----4----*----5----*----6----*----7--
                                                                        

TARGET (iZ,iA) = (  1,  3);   avgA =   3.000; amuM=  3.016; avgM=  2.809
 targ=TRITIUM; ttarg(rl)=0.00042; twall=0.00481; tbeam=0.00342; tspec=0.00732
         Nseg  =   4
 MODELS: P elastc(ikk)=14; deut elastic=13; inelastc=206; Pauli Supresion= 4
 NUCLEAR METHOD= 1;   NUCLEAR_MODEL= 1
 DIS MODEL= 2

    E1    TH    Q2 COS_K         SMR     NUC          INT-SMR
    EP     X    W2 QE-PK  INELA  Q-ELA  ELAST   TOTAL  MODEL

  10.590 29.131  5.31    3.43   11.69    2.35    0.03   14.07  0.855
   1.983  0.329 11.72    3.82    9.97    2.56    0.03   12.56 2.174E+00

  10.590 25.791  5.31    2.03    7.51    1.19    0.01    8.71  0.853
   2.518  0.351 10.72    2.22    5.02    1.29    0.01    6.32 2.824E+00

  10.590 23.634  5.31    1.37    4.74    0.72    0.01    5.46  0.846
   2.990  0.372  9.83    1.49    1.63    0.78    0.01    2.42 3.405E+00

  10.590 22.111  5.31    1.01    2.57    0.50    0.00    3.07  0.839
   3.411  0.394  9.04    1.09   -1.07    0.53    0.00   -0.54 3.914E+00

  10.590 20.971  5.31    0.79    0.76    0.37    0.00    1.13  0.833
   3.787  0.416  8.34    0.85   -3.39    0.40    0.00   -2.98 4.345E+00

  0.000 0.000  0.000 .000  0.00  0.00  0.00  0.00  0.00  0.00 0.000
                           0.00  0.00  0.00  0.00  0.00  0.00 0.000E+00

