EXTERNAL/TSAI:  VERSION OF 8/8/96

Marathon                                                                
He3_kin15.inp                                                           
                                                                        
Hall A 2018: 25 cm He3 target                                           
Nominal values - not exact                                              

----*----1----*----2----*----3----*----4----*----5----*----6----*----7--
                                                                        

TARGET (iZ,iA) = (  2,  3);   avgA =   3.000; amuM=  3.016; avgM=  2.809
 targ=TRITIUM; ttarg(rl)=0.00075; twall=0.00481; tbeam=0.00342; tspec=0.00732
         Nseg  =   4
 MODELS: P elastc(ikk)=14; deut elastic=13; inelastc=206; Pauli Supresion= 4
 NUCLEAR METHOD= 1;   NUCLEAR_MODEL= 1
 DIS MODEL= 2

    E1    TH    Q2 COS_K         SMR     NUC          INT-SMR
    EP     X    W2 QE-PK  INELA  Q-ELA  ELAST   TOTAL  MODEL

  10.590 40.602 10.94    1.54   -3.77    0.75    0.00   -3.03  0.823
   2.146  0.690  5.78    1.65   -8.21    0.80    0.00   -7.40 7.367E-02

  10.590 37.968 10.94    1.20   -5.52    0.61    0.00   -4.91  0.878
   2.441  0.715  5.23    1.28  -10.33    0.66    0.00   -9.68 7.066E-02

  10.590 35.924 10.94    1.01   -7.04    0.59    0.00   -6.45  0.971
   2.716  0.741  4.71    1.08  -12.21    0.63    0.00  -11.58 6.510E-02

  10.590 34.285 10.94    0.91   -8.50    0.65    0.00   -7.85  1.114
   2.973  0.765  4.23    0.97  -14.01    0.69    0.00  -13.32 5.824E-02

  10.590 32.937 10.94    0.88  -10.25    0.80    0.00   -9.46  1.314
   3.214  0.790  3.78    0.95  -16.14    0.84    0.00  -15.30 5.086E-02

  10.590 31.807 10.94    0.95  -11.67    1.12    0.00  -10.54  1.567
   3.440  0.815  3.36    1.04  -17.85    1.16    0.00  -16.68 4.162E-02

  0.000 0.000  0.000 .000  0.00  0.00  0.00  0.00  0.00  0.00 0.000
                           0.00  0.00  0.00  0.00  0.00  0.00 0.000E+00

