EXTERNAL/TSAI:  VERSION OF 8/8/96

Marathon                                                                
He3_kin0.inp                                                            
                                                                        
Hall A 2018: 25 cm He3 target                                           
Nominal values - not exact                                              

----*----1----*----2----*----3----*----4----*----5----*----6----*----7--
                                                                        

TARGET (iZ,iA) = (  2,  3);   avgA =   3.000; amuM=  3.016; avgM=  2.809
 targ=TRITIUM; ttarg(rl)=0.00075; twall=0.00481; tbeam=0.00342; tspec=0.00732
         Nseg  =   4
 MODELS: P elastc(ikk)=14; deut elastic=13; inelastc=206; Pauli Supresion= 4
 NUCLEAR METHOD= 1;   NUCLEAR_MODEL= 1
 DIS MODEL= 2

    E1    TH    Q2 COS_K         SMR     NUC          INT-SMR
    EP     X    W2 QE-PK  INELA  Q-ELA  ELAST   TOTAL  MODEL

  10.590 22.546  2.80   11.87   27.06    9.56    0.69   37.30  0.768
   1.733  0.169 14.70   13.89   28.52   10.54    0.69   39.76 1.050E+01

  10.590 18.189  2.80    5.05   17.09    3.59    0.24   20.92  0.815
   2.650  0.188 12.98    5.75   16.89    3.93    0.24   21.06 1.851E+01

  10.590 16.055  2.80    2.88   12.11    1.91    0.11   14.12  0.841
   3.395  0.208 11.58    3.23   10.90    2.07    0.11   13.08 2.683E+01

  10.590 14.760  2.80    1.92    8.85    1.23    0.05   10.13  0.857
   4.013  0.227 10.42    2.13    6.82    1.33    0.05    8.20 3.527E+01

  0.000 0.000  0.000 .000  0.00  0.00  0.00  0.00  0.00  0.00 0.000
                           0.00  0.00  0.00  0.00  0.00  0.00 0.000E+00

