EXTERNAL/TSAI:  VERSION OF 8/8/96

Marathon                                                                
He3_kin4.inp                                                            
                                                                        
Hall A 2018: 25 cm He3 target                                           
Nominal values - not exact                                              

----*----1----*----2----*----3----*----4----*----5----*----6----*----7--
                                                                        

TARGET (iZ,iA) = (  2,  3);   avgA =   3.000; amuM=  3.016; avgM=  2.809
 targ=TRITIUM; ttarg(rl)=0.00075; twall=0.00481; tbeam=0.00342; tspec=0.00732
         Nseg  =   4
 MODELS: P elastc(ikk)=14; deut elastic=13; inelastc=206; Pauli Supresion= 4
 NUCLEAR METHOD= 1;   NUCLEAR_MODEL= 1
 DIS MODEL= 2

    E1    TH    Q2 COS_K         SMR     NUC          INT-SMR
    EP     X    W2 QE-PK  INELA  Q-ELA  ELAST   TOTAL  MODEL

  10.590 27.786  4.76    4.96   14.03    3.43    0.05   17.51  0.823
   1.947  0.293 12.34    5.60   12.95    3.75    0.05   16.76 3.393E+00

  10.590 24.422  4.76    2.82    9.44    1.69    0.02   11.16  0.837
   2.509  0.314 11.29    3.12    7.49    1.84    0.02    9.36 4.574E+00

  10.590 22.296  4.76    1.86    6.46    1.01    0.01    7.48  0.844
   3.003  0.334 10.36    2.03    3.83    1.10    0.01    4.94 5.678E+00

  10.590 20.816  4.76    1.34    4.26    0.69    0.01    4.96  0.847
   3.440  0.354  9.54    1.45    1.09    0.74    0.01    1.84 6.692E+00

  10.590 19.719  4.76    1.02    2.29    0.51    0.00    2.81  0.849
   3.829  0.375  8.81    1.10   -1.41    0.55    0.00   -0.85 7.621E+00

  0.000 0.000  0.000 .000  0.00  0.00  0.00  0.00  0.00  0.00 0.000
                           0.00  0.00  0.00  0.00  0.00  0.00 0.000E+00

