EXTERNAL/TSAI:  VERSION OF 8/8/96

Marathon                                                                
D2_kin0.inp                                                             
                                                                        
Hall A 2018: 25 cm Deuterium target                                     
Nominal values - not exact                                              

----*----1----*----2----*----3----*----4----*----5----*----6----*----7--
                                                                        

TARGET (iZ,iA) = (  1,  2);   avgA =   2.000; amuM=  2.013; avgM=  1.875
 targ=TRITIUM; ttarg(rl)=0.00114; twall=0.00481; tbeam=0.00342; tspec=0.00732
         Nseg  =   4
 MODELS: P elastc(ikk)=14; deut elastic=13; inelastc=206; Pauli Supresion= 4
 NUCLEAR METHOD= 1;   NUCLEAR_MODEL= 1
 DIS MODEL= 2

    E1    TH    Q2 COS_K         SMR     NUC          INT-SMR
    EP     X    W2 QE-PK  INELA  Q-ELA  ELAST   TOTAL  MODEL

 Deut Elastic Model: ia,iamec,rsc,rscmec (1,2,3,4)=  3
 TJON DEUT ELASTIC FILESS TO BE OPEN=rscctj.tjon_input   rscqtj.tjon_input   rscmtj.tjon_input   
  10.590 22.546  2.80    9.97   24.35    9.88    0.33   34.56  0.935
   1.733  0.169 14.70   11.77   25.57   10.96    0.34   36.87 6.911E+00

  10.590 18.189  2.80    4.32   15.83    3.67    0.11   19.62  0.959
   2.650  0.188 12.98    4.96   15.49    4.03    0.12   19.64 1.209E+01

  10.590 16.055  2.80    2.50   11.35    1.94    0.05   13.34  0.969
   3.395  0.208 11.58    2.82   10.01    2.12    0.05   12.18 1.742E+01

  10.590 14.760  2.80    1.68    8.29    1.24    0.03    9.56  0.976
   4.013  0.227 10.42    1.88    6.17    1.36    0.03    7.56 2.277E+01

  0.000 0.000  0.000 .000  0.00  0.00  0.00  0.00  0.00  0.00 0.000
                           0.00  0.00  0.00  0.00  0.00  0.00 0.000E+00

