EXTERNAL/TSAI:  VERSION OF 8/8/96

Marathon                                                                
H1_kin3.inp                                                             
                                                                        
Hall A 2018: 25 cm Deuterium target                                     
Nominal values - not exact                                              

----*----1----*----2----*----3----*----4----*----5----*----6----*----7--
                                                                        

TARGET (iZ,iA) = (  1,  1);   avgA =   1.000; amuM=  1.007; avgM=  0.938
 targ=TRITIUM; ttarg(rl)=0.00113; twall=0.00481; tbeam=0.00342; tspec=0.00732
         Nseg  =   4
 MODELS: P elastc(ikk)=14; deut elastic=13; inelastc=206; Pauli Supresion= 4
 NUCLEAR METHOD= 1;   NUCLEAR_MODEL= 1
 DIS MODEL= 2

    E1    TH    Q2 COS_K         SMR     NUC          INT-SMR
    EP     X    W2 QE-PK  INELA  Q-ELA  ELAST   TOTAL  MODEL

  10.590 26.428  4.19    7.45   16.81    0.00    7.55   24.36  1.000
   1.892  0.257 13.01    8.54   16.49    0.00    8.64   25.13 1.665E+00

  10.590 22.952  4.19    4.00   11.80    0.00    4.05   15.85  1.000
   2.498  0.276 11.88    4.49   10.50    0.00    4.54   15.04 2.361E+00

  10.590 20.833  4.19    2.54    8.40    0.00    2.57   10.96  1.000
   3.024  0.295 10.89    2.81    6.36    0.00    2.83    9.19 3.042E+00

  10.590 19.389  4.19    1.78    6.14    0.00    1.80    7.94  1.000
   3.487  0.314 10.02    1.95    3.47    0.00    1.97    5.44 3.696E+00

  10.590 18.333  4.19    1.34    4.23    0.00    1.35    5.58  1.000
   3.896  0.333  9.25    1.46    1.01    0.00    1.47    2.48 4.312E+00

  0.000 0.000  0.000 .000  0.00  0.00  0.00  0.00  0.00  0.00 0.000
                           0.00  0.00  0.00  0.00  0.00  0.00 0.000E+00

