EXTERNAL/TSAI:  VERSION OF 8/8/96

Marathon                                                                
D2_kin7.inp                                                             
                                                                        
Hall A 2018: 25 cm Deuterium target                                     
Nominal values - not exact                                              

----*----1----*----2----*----3----*----4----*----5----*----6----*----7--
                                                                        

TARGET (iZ,iA) = (  1,  2);   avgA =   2.000; amuM=  2.013; avgM=  1.875
 targ=TRITIUM; ttarg(rl)=0.00114; twall=0.00481; tbeam=0.00342; tspec=0.00732
         Nseg  =   4
 MODELS: P elastc(ikk)=14; deut elastic=13; inelastc=206; Pauli Supresion= 4
 NUCLEAR METHOD= 1;   NUCLEAR_MODEL= 1
 DIS MODEL= 2

    E1    TH    Q2 COS_K         SMR     NUC          INT-SMR
    EP     X    W2 QE-PK  INELA  Q-ELA  ELAST   TOTAL  MODEL

 Deut Elastic Model: ia,iamec,rsc,rscmec (1,2,3,4)=  3
 TJON DEUT ELASTIC FILESS TO BE OPEN=rscctj.tjon_input   rscqtj.tjon_input   rscmtj.tjon_input   
  10.590 31.730  6.44    2.89    7.59    1.94    0.01    9.54  0.955
   2.034  0.401 10.50    3.20    5.26    2.13    0.01    7.40 8.272E-01

  10.590 28.904  6.44    1.91    4.80    1.12    0.01    5.93  0.948
   2.440  0.421  9.74    2.09    1.87    1.23    0.01    3.10 9.866E-01

  10.590 26.898  6.44    1.38    2.66    0.74    0.00    3.40  0.939
   2.810  0.441  9.04    1.49   -0.78    0.80    0.00    0.02 1.122E+00

  10.590 25.389  6.44    1.06    0.89    0.53    0.00    1.42  0.932
   3.148  0.461  8.41    1.14   -3.02    0.58    0.00   -2.44 1.233E+00

  10.590 24.208  6.44    0.86   -0.65    0.42    0.00   -0.24  0.927
   3.457  0.481  7.83    0.91   -4.99    0.45    0.00   -4.53 1.318E+00

  10.590 23.255  6.44    0.72   -1.99    0.35    0.00   -1.64  0.922
   3.742  0.501  7.29    0.76   -6.71    0.38    0.00   -6.34 1.375E+00

  0.000 0.000  0.000 .000  0.00  0.00  0.00  0.00  0.00  0.00 0.000
                           0.00  0.00  0.00  0.00  0.00  0.00 0.000E+00

