EXTERNAL/TSAI:  VERSION OF 8/8/96

Marathon                                                                
D2_kin13.inp                                                            
                                                                        
Hall A 2018: 25 cm Deuterium target                                     
Nominal values - not exact                                              

----*----1----*----2----*----3----*----4----*----5----*----6----*----7--
                                                                        

TARGET (iZ,iA) = (  1,  2);   avgA =   2.000; amuM=  2.013; avgM=  1.875
 targ=TRITIUM; ttarg(rl)=0.00114; twall=0.00481; tbeam=0.00342; tspec=0.00732
         Nseg  =   4
 MODELS: P elastc(ikk)=14; deut elastic=13; inelastc=206; Pauli Supresion= 4
 NUCLEAR METHOD= 1;   NUCLEAR_MODEL= 1
 DIS MODEL= 2

    E1    TH    Q2 COS_K         SMR     NUC          INT-SMR
    EP     X    W2 QE-PK  INELA  Q-ELA  ELAST   TOTAL  MODEL

 Deut Elastic Model: ia,iamec,rsc,rscmec (1,2,3,4)=  3
 TJON DEUT ELASTIC FILESS TO BE OPEN=rscctj.tjon_input   rscqtj.tjon_input   rscmtj.tjon_input   
  10.590 38.712  9.81    1.71   -0.92    0.90    0.00   -0.02  0.919
   2.109  0.616  6.98    1.83   -4.89    0.98    0.00   -3.91 1.024E-01

  10.590 36.293  9.81    1.31   -2.63    0.65    0.00   -1.98  0.914
   2.388  0.637  6.46    1.39   -6.99    0.71    0.00   -6.28 1.047E-01

  10.590 34.396  9.81    1.06   -4.11    0.52    0.00   -3.59  0.911
   2.650  0.659  5.97    1.13   -8.82    0.56    0.00   -8.26 1.036E-01

  10.590 32.862  9.81    0.90   -5.37    0.45    0.00   -4.92  0.914
   2.895  0.680  5.51    0.96  -10.42    0.49    0.00   -9.93 9.985E-02

  10.590 31.594  9.81    0.80   -6.54    0.41    0.00   -6.13  0.921
   3.126  0.701  5.08    0.85  -11.90    0.45    0.00  -11.44 9.391E-02

  10.590 30.524  9.81    0.74   -7.60    0.41    0.00   -7.19  0.931
   3.343  0.721  4.67    0.79  -13.25    0.45    0.00  -12.80 8.648E-02

  10.590 29.608  9.81    0.71   -8.63    0.43    0.00   -8.20  0.952
   3.548  0.742  4.28    0.77  -14.57    0.48    0.00  -14.09 7.824E-02

  0.000 0.000  0.000 .000  0.00  0.00  0.00  0.00  0.00  0.00 0.000
                           0.00  0.00  0.00  0.00  0.00  0.00 0.000E+00

