EXTERNAL/TSAI:  VERSION OF 8/8/96

Marathon                                                                
H3_kin0.inp                                                             
                                                                        
Hall A 2018: 25 cm Tritium target                                       
Nominal values - not exact                                              

----*----1----*----2----*----3----*----4----*----5----*----6----*----7--
                                                                        

TARGET (iZ,iA) = (  1,  3);   avgA =   3.000; amuM=  3.016; avgM=  2.809
 targ=TRITIUM; ttarg(rl)=0.00042; twall=0.00481; tbeam=0.00342; tspec=0.00732
         Nseg  =   4
 MODELS: P elastc(ikk)=14; deut elastic=13; inelastc=206; Pauli Supresion= 4
 NUCLEAR METHOD= 1;   NUCLEAR_MODEL= 1
 DIS MODEL= 2

    E1    TH    Q2 COS_K         SMR     NUC          INT-SMR
    EP     X    W2 QE-PK  INELA  Q-ELA  ELAST   TOTAL  MODEL

  10.590 22.546  2.80    8.02   25.67    7.06    0.70   33.43  0.817
   1.733  0.169 14.70    9.36   26.64    7.74    0.71   35.09 1.023E+01

  10.590 18.189  2.80    3.56   15.94    2.76    0.25   18.95  0.858
   2.650  0.188 12.98    4.05   15.33    3.00    0.25   18.59 1.778E+01

  10.590 16.055  2.80    2.09   11.16    1.50    0.11   12.78  0.879
   3.395  0.208 11.58    2.34    9.58    1.63    0.11   11.32 2.544E+01

  10.590 14.760  2.80    1.43    8.05    0.99    0.06    9.09  0.891
   4.013  0.227 10.42    1.59    5.68    1.06    0.06    6.80 3.303E+01

  0.000 0.000  0.000 .000  0.00  0.00  0.00  0.00  0.00  0.00 0.000
                           0.00  0.00  0.00  0.00  0.00  0.00 0.000E+00

