EXTERNAL/TSAI:  VERSION OF 8/8/96

Marathon                                                                
D2_kin2.inp                                                             
                                                                        
Hall A 2018: 25 cm Deuterium target                                     
Nominal values - not exact                                              

----*----1----*----2----*----3----*----4----*----5----*----6----*----7--
                                                                        

TARGET (iZ,iA) = (  1,  2);   avgA =   2.000; amuM=  2.013; avgM=  1.875
 targ=TRITIUM; ttarg(rl)=0.00114; twall=0.00481; tbeam=0.00342; tspec=0.00732
         Nseg  =   4
 MODELS: P elastc(ikk)=14; deut elastic=13; inelastc=206; Pauli Supresion= 4
 NUCLEAR METHOD= 1;   NUCLEAR_MODEL= 1
 DIS MODEL= 2

    E1    TH    Q2 COS_K         SMR     NUC          INT-SMR
    EP     X    W2 QE-PK  INELA  Q-ELA  ELAST   TOTAL  MODEL

 Deut Elastic Model: ia,iamec,rsc,rscmec (1,2,3,4)=  3
 TJON DEUT ELASTIC FILESS TO BE OPEN=rscctj.tjon_input   rscqtj.tjon_input   rscmtj.tjon_input   
  10.590 24.666  3.62    6.52   18.45    5.93    0.12   24.51  0.948
   1.873  0.221 13.62    7.56   18.38    6.56    0.13   25.06 4.266E+00

  10.590 20.580  3.62    3.07   11.97    2.38    0.05   14.39  0.966
   2.678  0.244 12.11    3.47   10.63    2.61    0.05   13.28 6.701E+00

  10.590 18.390  3.62    1.85    8.22    1.29    0.02    9.54  0.970
   3.346  0.266 10.85    2.06    6.00    1.41    0.02    7.43 9.075E+00

  10.590 17.000  3.62    1.27    5.57    0.84    0.01    6.42  0.969
   3.911  0.289  9.80    1.40    2.60    0.92    0.01    3.53 1.132E+01

  0.000 0.000  0.000 .000  0.00  0.00  0.00  0.00  0.00  0.00 0.000
                           0.00  0.00  0.00  0.00  0.00  0.00 0.000E+00

