EXTERNAL/TSAI:  VERSION OF 8/8/96

Marathon                                                                
H1_kin0.inp                                                             
                                                                        
Hall A 2018: 25 cm Deuterium target                                     
Nominal values - not exact                                              

----*----1----*----2----*----3----*----4----*----5----*----6----*----7--
                                                                        

TARGET (iZ,iA) = (  1,  1);   avgA =   1.000; amuM=  1.007; avgM=  0.938
 targ=TRITIUM; ttarg(rl)=0.00113; twall=0.00481; tbeam=0.00342; tspec=0.00732
         Nseg  =   4
 MODELS: P elastc(ikk)=14; deut elastic=13; inelastc=206; Pauli Supresion= 4
 NUCLEAR METHOD= 1;   NUCLEAR_MODEL= 1
 DIS MODEL= 2

    E1    TH    Q2 COS_K         SMR     NUC          INT-SMR
    EP     X    W2 QE-PK  INELA  Q-ELA  ELAST   TOTAL  MODEL

  10.590 22.546  2.80   15.53   26.45    0.00   15.96   42.41  1.000
   1.733  0.169 14.70   18.27   28.17    0.00   18.72   46.89 3.591E+00

  10.590 18.189  2.80    6.42   17.49    0.00    6.57   24.06  1.000
   2.650  0.188 12.98    7.34   17.59    0.00    7.49   25.08 6.411E+00

  10.590 16.055  2.80    3.59   12.68    0.00    3.66   16.34  1.000
   3.395  0.208 11.58    4.04   11.75    0.00    4.11   15.86 9.408E+00

  10.590 14.760  2.80    2.35    9.43    0.00    2.39   11.82  1.000
   4.013  0.227 10.42    2.62    7.64    0.00    2.66   10.30 1.251E+01

  0.000 0.000  0.000 .000  0.00  0.00  0.00  0.00  0.00  0.00 0.000
                           0.00  0.00  0.00  0.00  0.00  0.00 0.000E+00

