EXTERNAL/TSAI:  VERSION OF 8/8/96

Marathon                                                                
D2_kin9.inp                                                             
                                                                        
Hall A 2018: 25 cm Deuterium target                                     
Nominal values - not exact                                              

----*----1----*----2----*----3----*----4----*----5----*----6----*----7--
                                                                        

TARGET (iZ,iA) = (  1,  2);   avgA =   2.000; amuM=  2.013; avgM=  1.875
 targ=TRITIUM; ttarg(rl)=0.00114; twall=0.00481; tbeam=0.00342; tspec=0.00732
         Nseg  =   4
 MODELS: P elastc(ikk)=14; deut elastic=13; inelastc=206; Pauli Supresion= 4
 NUCLEAR METHOD= 1;   NUCLEAR_MODEL= 1
 DIS MODEL= 2

    E1    TH    Q2 COS_K         SMR     NUC          INT-SMR
    EP     X    W2 QE-PK  INELA  Q-ELA  ELAST   TOTAL  MODEL

 Deut Elastic Model: ia,iamec,rsc,rscmec (1,2,3,4)=  3
 TJON DEUT ELASTIC FILESS TO BE OPEN=rscctj.tjon_input   rscqtj.tjon_input   rscmtj.tjon_input   
  10.590 34.155  7.56    2.31    4.26    1.38    0.00    5.64  0.942
   2.069  0.473  9.31    2.52    1.26    1.51    0.00    2.78 4.358E-01

  10.590 31.381  7.56    1.60    1.88    0.84    0.00    2.73  0.932
   2.440  0.494  8.62    1.72   -1.64    0.92    0.00   -0.72 4.922E-01

  10.590 29.354  7.56    1.20    0.08    0.58    0.00    0.66  0.924
   2.780  0.516  7.98    1.28   -3.90    0.63    0.00   -3.26 5.330E-01

  10.590 27.800  7.56    0.94   -1.54    0.44    0.00   -1.10  0.917
   3.092  0.537  7.39    1.00   -5.94    0.48    0.00   -5.46 5.604E-01

  10.590 26.564  7.56    0.78   -2.97    0.36    0.00   -2.61  0.915
   3.381  0.559  6.85    0.83   -7.76    0.39    0.00   -7.36 5.730E-01

  10.590 25.556  7.56    0.67   -4.22    0.32    0.00   -3.90  0.912
   3.648  0.580  6.35    0.71   -9.38    0.35    0.00   -9.03 5.721E-01

  0.000 0.000  0.000 .000  0.00  0.00  0.00  0.00  0.00  0.00 0.000
                           0.00  0.00  0.00  0.00  0.00  0.00 0.000E+00

