EXTERNAL/TSAI:  VERSION OF 8/8/96

Marathon                                                                
H3_kin1.inp                                                             
                                                                        
Hall A 2018: 25 cm Tritium target                                       
Nominal values - not exact                                              

----*----1----*----2----*----3----*----4----*----5----*----6----*----7--
                                                                        

TARGET (iZ,iA) = (  1,  3);   avgA =   3.000; amuM=  3.016; avgM=  2.809
 targ=TRITIUM; ttarg(rl)=0.00042; twall=0.00481; tbeam=0.00342; tspec=0.00732
         Nseg  =   4
 MODELS: P elastc(ikk)=14; deut elastic=13; inelastc=206; Pauli Supresion= 4
 NUCLEAR METHOD= 1;   NUCLEAR_MODEL= 1
 DIS MODEL= 2

    E1    TH    Q2 COS_K         SMR     NUC          INT-SMR
    EP     X    W2 QE-PK  INELA  Q-ELA  ELAST   TOTAL  MODEL

  10.590 22.969  3.06    6.70   22.64    5.74    0.47   28.85  0.829
   1.824  0.186 14.27    7.77   23.04    6.29    0.47   29.80 8.991E+00

  10.590 18.862  3.06    3.11   14.21    2.34    0.17   16.72  0.865
   2.694  0.207 12.64    3.51   13.20    2.54    0.17   15.91 1.485E+01

  10.590 16.758  3.06    1.87    9.88    1.29    0.08   11.25  0.882
   3.406  0.227 11.30    2.08    7.96    1.40    0.08    9.43 2.069E+01

  10.590 15.455  3.06    1.29    6.97    0.85    0.04    7.86  0.890
   4.000  0.248 10.18    1.42    4.29    0.92    0.04    5.25 2.637E+01

  0.000 0.000  0.000 .000  0.00  0.00  0.00  0.00  0.00  0.00 0.000
                           0.00  0.00  0.00  0.00  0.00  0.00 0.000E+00

