EXTERNAL/TSAI:  VERSION OF 8/8/96

Marathon                                                                
H3_kin3.inp                                                             
                                                                        
Hall A 2018: 25 cm Tritium target                                       
Nominal values - not exact                                              

----*----1----*----2----*----3----*----4----*----5----*----6----*----7--
                                                                        

TARGET (iZ,iA) = (  1,  3);   avgA =   3.000; amuM=  3.016; avgM=  2.809
 targ=TRITIUM; ttarg(rl)=0.00042; twall=0.00481; tbeam=0.00342; tspec=0.00732
         Nseg  =   4
 MODELS: P elastc(ikk)=14; deut elastic=13; inelastc=206; Pauli Supresion= 4
 NUCLEAR METHOD= 1;   NUCLEAR_MODEL= 1
 DIS MODEL= 2

    E1    TH    Q2 COS_K         SMR     NUC          INT-SMR
    EP     X    W2 QE-PK  INELA  Q-ELA  ELAST   TOTAL  MODEL

  10.590 26.428  4.19    4.68   16.46    3.67    0.12   20.25  0.852
   1.892  0.257 13.01    5.32   15.62    4.00    0.12   19.74 4.261E+00

  10.590 22.952  4.19    2.61   11.08    1.79    0.05   12.92  0.866
   2.498  0.276 11.88    2.91    9.31    1.93    0.05   11.30 5.928E+00

  10.590 20.833  4.19    1.71    7.81    1.06    0.03    8.90  0.872
   3.024  0.295 10.89    1.88    5.36    1.15    0.03    6.53 7.509E+00

  10.590 19.389  4.19    1.24    5.45    0.72    0.01    6.18  0.869
   3.487  0.314 10.02    1.35    2.42    0.77    0.01    3.21 8.984E+00

  10.590 18.333  4.19    0.95    3.58    0.53    0.01    4.12  0.866
   3.896  0.333  9.25    1.03    0.04    0.57    0.01    0.62 1.033E+01

  0.000 0.000  0.000 .000  0.00  0.00  0.00  0.00  0.00  0.00 0.000
                           0.00  0.00  0.00  0.00  0.00  0.00 0.000E+00

