EXTERNAL/TSAI:  VERSION OF 8/8/96

Marathon                                                                
H1_kin2.inp                                                             
                                                                        
Hall A 2018: 25 cm Deuterium target                                     
Nominal values - not exact                                              

----*----1----*----2----*----3----*----4----*----5----*----6----*----7--
                                                                        

TARGET (iZ,iA) = (  1,  1);   avgA =   1.000; amuM=  1.007; avgM=  0.938
 targ=TRITIUM; ttarg(rl)=0.00113; twall=0.00481; tbeam=0.00342; tspec=0.00732
         Nseg  =   4
 MODELS: P elastc(ikk)=14; deut elastic=13; inelastc=206; Pauli Supresion= 4
 NUCLEAR METHOD= 1;   NUCLEAR_MODEL= 1
 DIS MODEL= 2

    E1    TH    Q2 COS_K         SMR     NUC          INT-SMR
    EP     X    W2 QE-PK  INELA  Q-ELA  ELAST   TOTAL  MODEL

  10.590 24.666  3.62    9.43   19.77    0.00    9.59   29.36  1.000
   1.873  0.221 13.62   10.89   20.10    0.00   11.06   31.16 2.307E+00

  10.590 20.580  3.62    4.28   13.08    0.00    4.34   17.42  1.000
   2.678  0.244 12.11    4.81   12.09    0.00    4.88   16.97 3.697E+00

  10.590 18.390  3.62    2.50    8.95    0.00    2.53   11.48  1.000
   3.346  0.266 10.85    2.77    7.04    0.00    2.80    9.84 5.097E+00

  10.590 17.000  3.62    1.68    6.30    0.00    1.70    8.00  1.000
   3.911  0.289  9.80    1.84    3.62    0.00    1.86    5.48 6.455E+00

  0.000 0.000  0.000 .000  0.00  0.00  0.00  0.00  0.00  0.00 0.000
                           0.00  0.00  0.00  0.00  0.00  0.00 0.000E+00

