EXTERNAL/TSAI:  VERSION OF 8/8/96

Marathon                                                                
H3_kin15.inp                                                            
                                                                        
Hall A 2018: 25 cm Tritium target                                       
Nominal values - not exact                                              

----*----1----*----2----*----3----*----4----*----5----*----6----*----7--
                                                                        

TARGET (iZ,iA) = (  1,  3);   avgA =   3.000; amuM=  3.016; avgM=  2.809
 targ=TRITIUM; ttarg(rl)=0.00042; twall=0.00481; tbeam=0.00342; tspec=0.00732
         Nseg  =   4
 MODELS: P elastc(ikk)=14; deut elastic=13; inelastc=206; Pauli Supresion= 4
 NUCLEAR METHOD= 1;   NUCLEAR_MODEL= 1
 DIS MODEL= 2

    E1    TH    Q2 COS_K         SMR     NUC          INT-SMR
    EP     X    W2 QE-PK  INELA  Q-ELA  ELAST   TOTAL  MODEL

  10.590 40.602 10.94    1.39   -4.24    0.63    0.00   -3.61  0.766
   2.146  0.690  5.78    1.48   -8.70    0.67    0.00   -8.03 6.305E-02

  10.590 37.968 10.94    1.09   -5.86    0.51    0.00   -5.35  0.809
   2.441  0.715  5.23    1.15  -10.68    0.55    0.00  -10.13 6.039E-02

  10.590 35.924 10.94    0.92   -7.29    0.49    0.00   -6.80  0.888
   2.716  0.741  4.71    0.98  -12.44    0.52    0.00  -11.92 5.545E-02

  10.590 34.285 10.94    0.83   -8.60    0.54    0.00   -8.06  1.013
   2.973  0.765  4.23    0.89  -14.07    0.57    0.00  -13.50 4.923E-02

  10.590 32.937 10.94    0.81   -9.96    0.67    0.00   -9.29  1.190
   3.214  0.790  3.78    0.88  -15.73    0.70    0.00  -15.03 4.239E-02

  10.590 31.807 10.94    0.88  -10.99    0.95    0.00  -10.04  1.415
   3.440  0.815  3.36    0.97  -16.97    0.98    0.00  -15.99 3.459E-02

  0.000 0.000  0.000 .000  0.00  0.00  0.00  0.00  0.00  0.00 0.000
                           0.00  0.00  0.00  0.00  0.00  0.00 0.000E+00

