EXTERNAL/TSAI:  VERSION OF 8/8/96

Marathon                                                                
H3_kin4.inp                                                             
                                                                        
Hall A 2018: 25 cm Tritium target                                       
Nominal values - not exact                                              

----*----1----*----2----*----3----*----4----*----5----*----6----*----7--
                                                                        

TARGET (iZ,iA) = (  1,  3);   avgA =   3.000; amuM=  3.016; avgM=  2.809
 targ=TRITIUM; ttarg(rl)=0.00042; twall=0.00481; tbeam=0.00342; tspec=0.00732
         Nseg  =   4
 MODELS: P elastc(ikk)=14; deut elastic=13; inelastc=206; Pauli Supresion= 4
 NUCLEAR METHOD= 1;   NUCLEAR_MODEL= 1
 DIS MODEL= 2

    E1    TH    Q2 COS_K         SMR     NUC          INT-SMR
    EP     X    W2 QE-PK  INELA  Q-ELA  ELAST   TOTAL  MODEL

  10.590 27.786  4.76    3.94   13.85    2.89    0.06   16.80  0.857
   1.947  0.293 12.34    4.43   12.53    3.15    0.06   15.74 3.031E+00

  10.590 24.422  4.76    2.28    9.21    1.45    0.03   10.68  0.862
   2.509  0.314 11.29    2.52    7.05    1.57    0.03    8.64 4.054E+00

  10.590 22.296  4.76    1.53    6.22    0.87    0.01    7.11  0.860
   3.003  0.334 10.36    1.66    3.42    0.94    0.01    4.37 4.996E+00

  10.590 20.816  4.76    1.11    4.03    0.59    0.01    4.62  0.855
   3.440  0.354  9.54    1.21    0.69    0.64    0.01    1.33 5.850E+00

  10.590 19.719  4.76    0.87    2.11    0.44    0.00    2.56  0.850
   3.829  0.375  8.81    0.93   -1.73    0.48    0.00   -1.25 6.613E+00

  0.000 0.000  0.000 .000  0.00  0.00  0.00  0.00  0.00  0.00 0.000
                           0.00  0.00  0.00  0.00  0.00  0.00 0.000E+00

