EXTERNAL/TSAI:  VERSION OF 8/8/96

Marathon                                                                
D2_kin3.inp                                                             
                                                                        
Hall A 2018: 25 cm Deuterium target                                     
Nominal values - not exact                                              

----*----1----*----2----*----3----*----4----*----5----*----6----*----7--
                                                                        

TARGET (iZ,iA) = (  1,  2);   avgA =   2.000; amuM=  2.013; avgM=  1.875
 targ=TRITIUM; ttarg(rl)=0.00114; twall=0.00481; tbeam=0.00342; tspec=0.00732
         Nseg  =   4
 MODELS: P elastc(ikk)=14; deut elastic=13; inelastc=206; Pauli Supresion= 4
 NUCLEAR METHOD= 1;   NUCLEAR_MODEL= 1
 DIS MODEL= 2

    E1    TH    Q2 COS_K         SMR     NUC          INT-SMR
    EP     X    W2 QE-PK  INELA  Q-ELA  ELAST   TOTAL  MODEL

 Deut Elastic Model: ia,iamec,rsc,rscmec (1,2,3,4)=  3
 TJON DEUT ELASTIC FILESS TO BE OPEN=rscctj.tjon_input   rscqtj.tjon_input   rscmtj.tjon_input   
  10.590 26.428  4.19    5.46   15.98    4.74    0.07   20.79  0.956
   1.892  0.257 13.01    6.27   15.36    5.22    0.07   20.66 2.963E+00

  10.590 22.952  4.19    3.01   11.10    2.26    0.03   13.39  0.967
   2.498  0.276 11.88    3.38    9.52    2.48    0.04   12.04 4.145E+00

  10.590 20.833  4.19    1.95    7.96    1.32    0.02    9.30  0.966
   3.024  0.295 10.89    2.16    5.68    1.44    0.02    7.14 5.276E+00

  10.590 19.389  4.19    1.40    5.63    0.88    0.01    6.52  0.964
   3.487  0.314 10.02    1.53    2.74    0.96    0.01    3.71 6.340E+00

  10.590 18.333  4.19    1.07    3.75    0.65    0.01    4.41  0.960
   3.896  0.333  9.25    1.17    0.32    0.71    0.01    1.04 7.322E+00

  0.000 0.000  0.000 .000  0.00  0.00  0.00  0.00  0.00  0.00 0.000
                           0.00  0.00  0.00  0.00  0.00  0.00 0.000E+00

