EXTERNAL/TSAI:  VERSION OF 8/8/96

Marathon                                                                
H3_kin7.inp                                                             
                                                                        
Hall A 2018: 25 cm Tritium target                                       
Nominal values - not exact                                              

----*----1----*----2----*----3----*----4----*----5----*----6----*----7--
                                                                        

TARGET (iZ,iA) = (  1,  3);   avgA =   3.000; amuM=  3.016; avgM=  2.809
 targ=TRITIUM; ttarg(rl)=0.00042; twall=0.00481; tbeam=0.00342; tspec=0.00732
         Nseg  =   4
 MODELS: P elastc(ikk)=14; deut elastic=13; inelastc=206; Pauli Supresion= 4
 NUCLEAR METHOD= 1;   NUCLEAR_MODEL= 1
 DIS MODEL= 2

    E1    TH    Q2 COS_K         SMR     NUC          INT-SMR
    EP     X    W2 QE-PK  INELA  Q-ELA  ELAST   TOTAL  MODEL

  10.590 31.730  6.44    2.70    7.79    1.60    0.01    9.40  0.837
   2.034  0.401 10.50    2.96    5.39    1.73    0.01    7.12 1.128E+00

  10.590 28.904  6.44    1.79    4.84    0.92    0.00    5.77  0.827
   2.440  0.421  9.74    1.94    1.85    1.00    0.00    2.85 1.345E+00

  10.590 26.898  6.44    1.30    2.57    0.61    0.00    3.17  0.817
   2.810  0.441  9.04    1.39   -0.87    0.65    0.00   -0.22 1.529E+00

  10.590 25.389  6.44    1.00    0.73    0.44    0.00    1.17  0.810
   3.148  0.461  8.41    1.07   -3.20    0.47    0.00   -2.72 1.678E+00

  10.590 24.208  6.44    0.81   -0.75    0.34    0.00   -0.40  0.806
   3.457  0.481  7.83    0.86   -5.09    0.37    0.00   -4.72 1.791E+00

  10.590 23.255  6.44    0.68   -2.10    0.29    0.00   -1.81  0.806
   3.742  0.501  7.29    0.72   -6.83    0.31    0.00   -6.52 1.866E+00

  0.000 0.000  0.000 .000  0.00  0.00  0.00  0.00  0.00  0.00 0.000
                           0.00  0.00  0.00  0.00  0.00  0.00 0.000E+00

