EXTERNAL/TSAI:  VERSION OF 8/8/96

Marathon                                                                
He3_kin5.inp                                                            
                                                                        
Hall A 2018: 25 cm He3 target                                           
Nominal values - not exact                                              

----*----1----*----2----*----3----*----4----*----5----*----6----*----7--
                                                                        

TARGET (iZ,iA) = (  2,  3);   avgA =   3.000; amuM=  3.016; avgM=  2.809
 targ=TRITIUM; ttarg(rl)=0.00075; twall=0.00481; tbeam=0.00342; tspec=0.00732
         Nseg  =   4
 MODELS: P elastc(ikk)=14; deut elastic=13; inelastc=206; Pauli Supresion= 4
 NUCLEAR METHOD= 1;   NUCLEAR_MODEL= 1
 DIS MODEL= 2

    E1    TH    Q2 COS_K         SMR     NUC          INT-SMR
    EP     X    W2 QE-PK  INELA  Q-ELA  ELAST   TOTAL  MODEL

  10.590 29.131  5.31    4.14   11.61    2.70    0.03   14.33  0.827
   1.983  0.329 11.72    4.63   10.07    2.95    0.03   13.04 2.500E+00

  10.590 25.791  5.31    2.41    7.55    1.36    0.01    8.92  0.836
   2.518  0.351 10.72    2.65    5.20    1.48    0.01    6.69 3.266E+00

  10.590 23.634  5.31    1.62    4.85    0.82    0.01    5.68  0.839
   2.990  0.372  9.83    1.75    1.88    0.89    0.01    2.78 3.957E+00

  10.590 22.111  5.31    1.18    2.69    0.57    0.00    3.26  0.841
   3.411  0.394  9.04    1.26   -0.84    0.61    0.00   -0.22 4.577E+00

  10.590 20.971  5.31    0.91    0.85    0.43    0.00    1.28  0.843
   3.787  0.416  8.34    0.97   -3.20    0.46    0.00   -2.74 5.110E+00

  0.000 0.000  0.000 .000  0.00  0.00  0.00  0.00  0.00  0.00 0.000
                           0.00  0.00  0.00  0.00  0.00  0.00 0.000E+00

