EXTERNAL/TSAI:  VERSION OF 8/8/96

Marathon                                                                
He3_kin7.inp                                                            
                                                                        
Hall A 2018: 25 cm He3 target                                           
Nominal values - not exact                                              

----*----1----*----2----*----3----*----4----*----5----*----6----*----7--
                                                                        

TARGET (iZ,iA) = (  2,  3);   avgA =   3.000; amuM=  3.016; avgM=  2.809
 targ=TRITIUM; ttarg(rl)=0.00075; twall=0.00481; tbeam=0.00342; tspec=0.00732
         Nseg  =   4
 MODELS: P elastc(ikk)=14; deut elastic=13; inelastc=206; Pauli Supresion= 4
 NUCLEAR METHOD= 1;   NUCLEAR_MODEL= 1
 DIS MODEL= 2

    E1    TH    Q2 COS_K         SMR     NUC          INT-SMR
    EP     X    W2 QE-PK  INELA  Q-ELA  ELAST   TOTAL  MODEL

  10.590 31.730  6.44    3.05    7.49    1.76    0.01    9.26  0.824
   2.034  0.401 10.50    3.36    5.16    1.92    0.01    7.08 1.353E+00

  10.590 28.904  6.44    2.01    4.70    1.02    0.00    5.73  0.825
   2.440  0.421  9.74    2.19    1.78    1.11    0.00    2.90 1.615E+00

  10.590 26.898  6.44    1.45    2.57    0.67    0.00    3.25  0.825
   2.810  0.441  9.04    1.56   -0.85    0.73    0.00   -0.11 1.838E+00

  10.590 25.389  6.44    1.11    0.74    0.49    0.00    1.23  0.826
   3.148  0.461  8.41    1.19   -3.13    0.53    0.00   -2.60 2.022E+00

  10.590 24.208  6.44    0.89   -0.72    0.39    0.00   -0.34  0.829
   3.457  0.481  7.83    0.95   -5.02    0.42    0.00   -4.60 2.163E+00

  10.590 23.255  6.44    0.75   -2.05    0.33    0.00   -1.72  0.836
   3.742  0.501  7.29    0.79   -6.73    0.35    0.00   -6.37 2.257E+00

  0.000 0.000  0.000 .000  0.00  0.00  0.00  0.00  0.00  0.00 0.000
                           0.00  0.00  0.00  0.00  0.00  0.00 0.000E+00

