EXTERNAL/TSAI:  VERSION OF 8/8/96

Marathon                                                                
He3_kin1.inp                                                            
                                                                        
Hall A 2018: 25 cm He3 target                                           
Nominal values - not exact                                              

----*----1----*----2----*----3----*----4----*----5----*----6----*----7--
                                                                        

TARGET (iZ,iA) = (  2,  3);   avgA =   3.000; amuM=  3.016; avgM=  2.809
 targ=TRITIUM; ttarg(rl)=0.00075; twall=0.00481; tbeam=0.00342; tspec=0.00732
         Nseg  =   4
 MODELS: P elastc(ikk)=14; deut elastic=13; inelastc=206; Pauli Supresion= 4
 NUCLEAR METHOD= 1;   NUCLEAR_MODEL= 1
 DIS MODEL= 2

    E1    TH    Q2 COS_K         SMR     NUC          INT-SMR
    EP     X    W2 QE-PK  INELA  Q-ELA  ELAST   TOTAL  MODEL

  10.590 22.969  3.06    9.70   23.98    7.63    0.45   32.06  0.782
   1.824  0.186 14.27   11.28   24.85    8.40    0.46   33.71 9.293E+00

  10.590 18.862  3.06    4.33   15.26    3.00    0.16   18.42  0.824
   2.694  0.207 12.64    4.90   14.65    3.27    0.16   18.08 1.558E+01

  10.590 16.758  3.06    2.53   10.75    1.62    0.07   12.44  0.846
   3.406  0.227 11.30    2.82    9.17    1.76    0.07   11.01 2.200E+01

  10.590 15.455  3.06    1.70    7.70    1.05    0.04    8.79  0.859
   4.000  0.248 10.18    1.88    5.33    1.14    0.04    6.51 2.839E+01

  0.000 0.000  0.000 .000  0.00  0.00  0.00  0.00  0.00  0.00 0.000
                           0.00  0.00  0.00  0.00  0.00  0.00 0.000E+00

