EXTERNAL/TSAI:  VERSION OF 8/8/96

Marathon                                                                
H1_kin4.inp                                                             
                                                                        
Hall A 2018: 25 cm Deuterium target                                     
Nominal values - not exact                                              

----*----1----*----2----*----3----*----4----*----5----*----6----*----7--
                                                                        

TARGET (iZ,iA) = (  1,  1);   avgA =   1.000; amuM=  1.007; avgM=  0.938
 targ=TRITIUM; ttarg(rl)=0.00113; twall=0.00481; tbeam=0.00342; tspec=0.00732
         Nseg  =   4
 MODELS: P elastc(ikk)=14; deut elastic=13; inelastc=206; Pauli Supresion= 4
 NUCLEAR METHOD= 1;   NUCLEAR_MODEL= 1
 DIS MODEL= 2

    E1    TH    Q2 COS_K         SMR     NUC          INT-SMR
    EP     X    W2 QE-PK  INELA  Q-ELA  ELAST   TOTAL  MODEL

  10.590 27.786  4.76    5.78   13.78    0.00    5.84   19.62  1.000
   1.947  0.293 12.34    6.55   12.84    0.00    6.62   19.46 1.251E+00

  10.590 24.422  4.76    3.24    9.51    0.00    3.28   12.78  1.000
   2.509  0.314 11.29    3.60    7.69    0.00    3.63   11.32 1.698E+00

  10.590 22.296  4.76    2.11    6.63    0.00    2.13    8.76  1.000
   3.003  0.334 10.36    2.32    4.13    0.00    2.33    6.47 2.120E+00

  10.590 20.816  4.76    1.51    4.45    0.00    1.52    5.97  1.000
   3.440  0.354  9.54    1.64    1.37    0.00    1.65    3.02 2.512E+00

  10.590 19.719  4.76    1.15    2.56    0.00    1.15    3.72  1.000
   3.829  0.375  8.81    1.24   -1.06    0.00    1.25    0.18 2.876E+00

  0.000 0.000  0.000 .000  0.00  0.00  0.00  0.00  0.00  0.00 0.000
                           0.00  0.00  0.00  0.00  0.00  0.00 0.000E+00

