EXTERNAL/TSAI:  VERSION OF 8/8/96

Marathon                                                                
He3_kin2.inp                                                            
                                                                        
Hall A 2018: 25 cm He3 target                                           
Nominal values - not exact                                              

----*----1----*----2----*----3----*----4----*----5----*----6----*----7--
                                                                        

TARGET (iZ,iA) = (  2,  3);   avgA =   3.000; amuM=  3.016; avgM=  2.809
 targ=TRITIUM; ttarg(rl)=0.00075; twall=0.00481; tbeam=0.00342; tspec=0.00732
         Nseg  =   4
 MODELS: P elastc(ikk)=14; deut elastic=13; inelastc=206; Pauli Supresion= 4
 NUCLEAR METHOD= 1;   NUCLEAR_MODEL= 1
 DIS MODEL= 2

    E1    TH    Q2 COS_K         SMR     NUC          INT-SMR
    EP     X    W2 QE-PK  INELA  Q-ELA  ELAST   TOTAL  MODEL

  10.590 24.666  3.62    7.54   20.06    5.73    0.22   26.01  0.800
   1.873  0.221 13.62    8.67   20.15    6.29    0.22   26.67 6.573E+00

  10.590 20.580  3.62    3.50   12.68    2.31    0.08   15.07  0.834
   2.678  0.244 12.11    3.93   11.45    2.51    0.08   14.05 1.040E+01

  10.590 18.390  3.62    2.08    8.64    1.26    0.04    9.93  0.850
   3.346  0.266 10.85    2.30    6.52    1.36    0.04    7.92 1.417E+01

  10.590 17.000  3.62    1.42    5.88    0.82    0.02    6.72  0.859
   3.911  0.289  9.80    1.56    3.03    0.89    0.02    3.93 1.778E+01

  0.000 0.000  0.000 .000  0.00  0.00  0.00  0.00  0.00  0.00 0.000
                           0.00  0.00  0.00  0.00  0.00  0.00 0.000E+00

