EXTERNAL/TSAI:  VERSION OF 8/8/96

Marathon                                                                
H3_kin0.inp                                                             
                                                                        
Hall A 2018: 25 cm Tritium target                                       
Nominal values - not exact                                              

----*----1----*----2----*----3----*----4----*----5----*----6----*----7--
                                                                        

TARGET (iZ,iA) = (  1,  3);   avgA =   3.000; amuM=  3.016; avgM=  2.809
 targ=TRITIUM; ttarg(rl)=0.00042; twall=0.00481; tbeam=0.00342; tspec=0.00732
         Nseg  =   4
 MODELS: P elastc(ikk)=14; deut elastic=13; inelastc=206; Pauli Supresion= 4
 NUCLEAR METHOD= 1;   NUCLEAR_MODEL= 1
 DIS MODEL=**

    E1    TH    Q2 COS_K         SMR     NUC          INT-SMR
    EP     X    W2 QE-PK  INELA  Q-ELA  ELAST   TOTAL  MODEL

  10.589 15.282  2.25    3.90   20.10    3.07    0.39   23.56  0.854
   3.001  0.158 12.87    4.45   20.28    3.33    0.40   24.01 3.128E+01

  10.589 15.715  2.42    3.43   18.30    2.64    0.29   21.23  0.862
   3.063  0.172 12.58    3.90   18.09    2.87    0.29   21.25 2.740E+01

  10.589 16.405  2.67    3.00   16.43    2.25    0.20   18.89  0.869
   3.095  0.190 12.28    3.39   15.80    2.44    0.20   18.45 2.251E+01

  10.589 17.232  2.94    2.66   14.74    1.94    0.14   16.81  0.874
   3.098  0.209 11.99    2.99   13.72    2.09    0.14   15.95 1.797E+01

  10.589 17.949  3.21    2.38   13.21    1.67    0.10   14.98  0.877
   3.111  0.228 11.71    2.66   11.85    1.81    0.10   13.76 1.475E+01

  10.589 18.307  3.39    2.13   11.90    1.45    0.07   13.42  0.878
   3.165  0.243 11.42    2.37   10.26    1.57    0.07   11.91 1.315E+01

  10.589 18.741  3.61    1.90   10.52    1.25    0.05   11.82  0.878
   3.216  0.261 11.11    2.10    8.59    1.35    0.05    9.98 1.147E+01

  0.000 0.000  0.000 .000  0.00  0.00  0.00  0.00  0.00  0.00 0.000
                           0.00  0.00  0.00  0.00  0.00  0.00 0.000E+00

