EXTERNAL/TSAI:  VERSION OF 8/8/96

Marathon                                                                
He3_kin15.inp                                                           
                                                                        
Hall A 2018: 25 cm He3 target                                           
Nominal values - not exact                                              

----*----1----*----2----*----3----*----4----*----5----*----6----*----7--
                                                                        

TARGET (iZ,iA) = (  2,  3);   avgA =   3.000; amuM=  3.016; avgM=  2.809
 targ=TRITIUM; ttarg(rl)=0.00075; twall=0.00481; tbeam=0.00342; tspec=0.00732
         Nseg  =   4
 MODELS: P elastc(ikk)=14; deut elastic=13; inelastc=206; Pauli Supresion= 4
 NUCLEAR METHOD= 1;   NUCLEAR_MODEL= 1
 DIS MODEL=**

    E1    TH    Q2 COS_K         SMR     NUC          INT-SMR
    EP     X    W2 QE-PK  INELA  Q-ELA  ELAST   TOTAL  MODEL

  10.589 32.030  9.63    0.74   -4.72    0.36    0.00   -4.36  0.889
   2.988  0.675  5.51    0.79   -9.60    0.38    0.00   -9.21 2.221E-01

  10.589 32.260  9.83    0.72   -5.21    0.37    0.00   -4.84  0.916
   3.008  0.691  5.27    0.77  -10.18    0.39    0.00   -9.79 1.890E-01

  10.589 32.551 10.08    0.70   -5.80    0.38    0.00   -5.41  0.957
   3.030  0.711  4.99    0.75  -10.88    0.41    0.00  -10.47 1.538E-01

  10.589 32.824 10.32    0.69   -6.39    0.41    0.00   -5.98  1.011
   3.054  0.730  4.70    0.73  -11.59    0.44    0.00  -11.15 1.244E-01

  10.589 33.099 10.57    0.68   -7.01    0.45    0.00   -6.55  1.081
   3.077  0.750  4.40    0.72  -12.32    0.48    0.00  -11.84 9.951E-02

  10.589 33.412 10.83    0.68   -7.62    0.51    0.00   -7.10  1.167
   3.093  0.770  4.12    0.73  -13.03    0.54    0.00  -12.49 7.883E-02

  10.589 33.777 11.09    0.68   -8.24    0.60    0.00   -7.65  1.270
   3.102  0.789  3.84    0.74  -13.76    0.63    0.00  -13.14 6.165E-02

  10.589 34.154 11.36    0.71   -8.93    0.71    0.00   -8.21  1.395
   3.109  0.809  3.56    0.77  -14.55    0.74    0.00  -13.81 4.769E-02

  10.589 34.390 11.60    0.74   -9.73    0.88    0.00   -8.85  1.549
   3.133  0.829  3.27    0.81  -15.48    0.91    0.00  -14.57 3.712E-02

  10.589 34.559 11.78    0.78  -10.41    1.05    0.00   -9.36  1.678
   3.151  0.844  3.06    0.86  -16.25    1.07    0.00  -15.18 3.063E-02

  0.000 0.000  0.000 .000  0.00  0.00  0.00  0.00  0.00  0.00 0.000
                           0.00  0.00  0.00  0.00  0.00  0.00 0.000E+00

