EXTERNAL/TSAI:  VERSION OF 8/8/96

Marathon                                                                
H3_kin4.inp                                                             
                                                                        
Hall A 2018: 25 cm Tritium target                                       
Nominal values - not exact                                              

----*----1----*----2----*----3----*----4----*----5----*----6----*----7--
                                                                        

TARGET (iZ,iA) = (  1,  3);   avgA =   3.000; amuM=  3.016; avgM=  2.809
 targ=TRITIUM; ttarg(rl)=0.00042; twall=0.00481; tbeam=0.00342; tspec=0.00732
         Nseg  =   4
 MODELS: P elastc(ikk)=14; deut elastic=13; inelastc=206; Pauli Supresion= 4
 NUCLEAR METHOD= 1;   NUCLEAR_MODEL= 1
 DIS MODEL=**

    E1    TH    Q2 COS_K         SMR     NUC          INT-SMR
    EP     X    W2 QE-PK  INELA  Q-ELA  ELAST   TOTAL  MODEL

  10.589 20.373  3.96    2.00   10.43    1.29    0.04   11.76  0.873
   2.990  0.278 11.18    2.21    8.47    1.39    0.04    9.91 8.106E+00

  10.589 20.694  4.14    1.84    9.41    1.15    0.03   10.59  0.871
   3.030  0.292 10.92    2.02    7.24    1.24    0.03    8.51 7.303E+00

  10.589 21.123  4.38    1.66    8.19    0.99    0.02    9.20  0.867
   3.076  0.311 10.60    1.82    5.77    1.07    0.02    6.86 6.349E+00

  10.589 21.680  4.64    1.53    7.12    0.87    0.01    8.01  0.862
   3.095  0.330 10.31    1.66    4.48    0.94    0.01    5.43 5.384E+00

  10.589 22.314  4.91    1.42    6.14    0.77    0.01    6.93  0.855
   3.099  0.350 10.02    1.54    3.30    0.83    0.01    4.15 4.492E+00

  10.589 22.878  5.18    1.32    5.22    0.69    0.01    5.92  0.848
   3.109  0.369  9.74    1.43    2.19    0.74    0.01    2.94 3.791E+00

  10.589 23.217  5.40    1.22    4.31    0.61    0.00    4.92  0.841
   3.151  0.387  9.43    1.31    1.08    0.66    0.00    1.75 3.322E+00

  10.589 23.466  5.59    1.13    3.53    0.55    0.00    4.08  0.834
   3.194  0.403  9.16    1.22    0.15    0.59    0.00    0.74 2.975E+00

  0.000 0.000  0.000 .000  0.00  0.00  0.00  0.00  0.00  0.00 0.000
                           0.00  0.00  0.00  0.00  0.00  0.00 0.000E+00

