EXTERNAL/TSAI:  VERSION OF 8/8/96

Marathon                                                                
He3_kin13.inp                                                           
                                                                        
Hall A 2018: 25 cm He3 target                                           
Nominal values - not exact                                              

----*----1----*----2----*----3----*----4----*----5----*----6----*----7--
                                                                        

TARGET (iZ,iA) = (  2,  3);   avgA =   3.000; amuM=  3.016; avgM=  2.809
 targ=TRITIUM; ttarg(rl)=0.00075; twall=0.00481; tbeam=0.00342; tspec=0.00732
         Nseg  =   4
 MODELS: P elastc(ikk)=14; deut elastic=13; inelastc=206; Pauli Supresion= 4
 NUCLEAR METHOD= 1;   NUCLEAR_MODEL= 1
 DIS MODEL=**

    E1    TH    Q2 COS_K         SMR     NUC          INT-SMR
    EP     X    W2 QE-PK  INELA  Q-ELA  ELAST   TOTAL  MODEL

  10.589 30.116  8.53    0.85   -2.41    0.36    0.00   -2.05  0.828
   2.984  0.598  6.62    0.90   -6.86    0.39    0.00   -6.47 5.024E-01

  10.589 30.337  8.71    0.82   -2.89    0.35    0.00   -2.54  0.835
   3.004  0.612  6.40    0.86   -7.44    0.38    0.00   -7.06 4.429E-01

  10.589 30.638  8.95    0.78   -3.51    0.34    0.00   -3.17  0.848
   3.027  0.631  6.12    0.82   -8.19    0.37    0.00   -7.82 3.720E-01

  10.589 30.928  9.20    0.74   -4.15    0.34    0.00   -3.81  0.867
   3.054  0.650  5.83    0.79   -8.95    0.37    0.00   -8.58 3.091E-01

  10.589 31.221  9.44    0.71   -4.77    0.34    0.00   -4.43  0.892
   3.079  0.670  5.53    0.76   -9.70    0.37    0.00   -9.33 2.546E-01

  10.589 31.572  9.70    0.69   -5.36    0.35    0.00   -5.00  0.925
   3.094  0.690  5.24    0.73  -10.39    0.38    0.00  -10.01 2.070E-01

  10.589 31.971  9.97    0.68   -5.93    0.38    0.00   -5.55  0.967
   3.103  0.709  4.96    0.72  -11.07    0.40    0.00  -10.66 1.659E-01

  10.589 32.356 10.23    0.67   -6.50    0.41    0.00   -6.09  1.020
   3.112  0.729  4.68    0.71  -11.74    0.43    0.00  -11.30 1.322E-01

  10.589 32.604 10.47    0.66   -7.09    0.45    0.00   -6.65  1.091
   3.137  0.749  4.40    0.71  -12.44    0.48    0.00  -11.97 1.067E-01

  10.589 32.826 10.70    0.66   -7.71    0.51    0.00   -7.21  1.179
   3.164  0.768  4.11    0.71  -13.17    0.54    0.00  -12.64 8.572E-02

  10.589 33.047 10.93    0.67   -8.34    0.59    0.00   -7.75  1.284
   3.189  0.787  3.84    0.72  -13.91    0.62    0.00  -13.29 6.886E-02

  10.589 33.297 11.13    0.68   -8.90    0.68    0.00   -8.22  1.388
   3.202  0.803  3.61    0.74  -14.56    0.71    0.00  -13.85 5.623E-02

  0.000 0.000  0.000 .000  0.00  0.00  0.00  0.00  0.00  0.00 0.000
                           0.00  0.00  0.00  0.00  0.00  0.00 0.000E+00

