EXTERNAL/TSAI:  VERSION OF 8/8/96

Marathon                                                                
He3_kin0.inp                                                            
                                                                        
Hall A 2018: 25 cm He3 target                                           
Nominal values - not exact                                              

----*----1----*----2----*----3----*----4----*----5----*----6----*----7--
                                                                        

TARGET (iZ,iA) = (  2,  3);   avgA =   3.000; amuM=  3.016; avgM=  2.809
 targ=TRITIUM; ttarg(rl)=0.00075; twall=0.00481; tbeam=0.00342; tspec=0.00732
         Nseg  =   4
 MODELS: P elastc(ikk)=14; deut elastic=13; inelastc=206; Pauli Supresion= 4
 NUCLEAR METHOD= 1;   NUCLEAR_MODEL= 1
 DIS MODEL=**

    E1    TH    Q2 COS_K         SMR     NUC          INT-SMR
    EP     X    W2 QE-PK  INELA  Q-ELA  ELAST   TOTAL  MODEL

  10.589 15.283  2.25    5.46   20.96    3.91    0.37   25.25  0.808
   3.001  0.158 12.87    6.23   21.59    4.27    0.37   26.23 3.352E+01

  10.589 15.714  2.42    4.72   19.16    3.33    0.27   22.76  0.818
   3.063  0.172 12.58    5.37   19.37    3.63    0.27   23.27 2.955E+01

  10.589 16.403  2.67    4.06   17.28    2.79    0.19   20.26  0.827
   3.095  0.190 12.28    4.59   17.04    3.04    0.19   20.27 2.447E+01

  10.589 17.232  2.94    3.53   15.56    2.37    0.13   18.05  0.835
   3.098  0.209 11.99    3.97   14.90    2.57    0.13   17.60 1.968E+01

  10.589 17.949  3.21    3.10   13.99    2.02    0.09   16.09  0.840
   3.111  0.229 11.71    3.47   12.97    2.19    0.09   15.25 1.628E+01

  10.589 18.306  3.39    2.74   12.64    1.74    0.06   14.45  0.844
   3.165  0.243 11.42    3.06   11.33    1.89    0.06   13.28 1.462E+01

  10.589 18.738  3.61    2.41   11.24    1.48    0.04   12.76  0.848
   3.216  0.261 11.10    2.67    9.60    1.60    0.04   11.25 1.284E+01

  0.000 0.000  0.000 .000  0.00  0.00  0.00  0.00  0.00  0.00 0.000
                           0.00  0.00  0.00  0.00  0.00  0.00 0.000E+00

