EXTERNAL/TSAI:  VERSION OF 8/8/96

Marathon                                                                
He3_kin4.inp                                                            
                                                                        
Hall A 2018: 25 cm He3 target                                           
Nominal values - not exact                                              

----*----1----*----2----*----3----*----4----*----5----*----6----*----7--
                                                                        

TARGET (iZ,iA) = (  2,  3);   avgA =   3.000; amuM=  3.016; avgM=  2.809
 targ=TRITIUM; ttarg(rl)=0.00075; twall=0.00481; tbeam=0.00342; tspec=0.00732
         Nseg  =   4
 MODELS: P elastc(ikk)=14; deut elastic=13; inelastc=206; Pauli Supresion= 4
 NUCLEAR METHOD= 1;   NUCLEAR_MODEL= 1
 DIS MODEL=**

    E1    TH    Q2 COS_K         SMR     NUC          INT-SMR
    EP     X    W2 QE-PK  INELA  Q-ELA  ELAST   TOTAL  MODEL

  10.589 20.374  3.96    2.51   11.12    1.51    0.04   12.67  0.845
   2.990  0.278 11.18    2.77    9.44    1.65    0.04   11.12 9.139E+00

  10.589 20.696  4.14    2.27   10.06    1.34    0.03   11.43  0.846
   3.031  0.292 10.92    2.51    8.16    1.45    0.03    9.64 8.279E+00

  10.589 21.128  4.38    2.02    8.80    1.14    0.02    9.97  0.846
   3.076  0.311 10.60    2.22    6.62    1.24    0.02    7.89 7.251E+00

  10.589 21.684  4.64    1.83    7.70    1.00    0.01    8.71  0.845
   3.095  0.330 10.31    2.00    5.29    1.08    0.01    6.38 6.203E+00

  10.589 22.313  4.91    1.68    6.69    0.88    0.01    7.58  0.843
   3.099  0.350 10.02    1.82    4.05    0.96    0.01    5.02 5.225E+00

  10.589 22.887  5.18    1.54    5.73    0.78    0.01    6.51  0.841
   3.108  0.369  9.74    1.67    2.89    0.85    0.01    3.74 4.438E+00

  10.589 23.220  5.40    1.40    4.77    0.69    0.00    5.47  0.839
   3.151  0.387  9.43    1.51    1.73    0.75    0.00    2.48 3.924E+00

  10.589 23.476  5.59    1.29    3.97    0.62    0.00    4.59  0.837
   3.192  0.403  9.17    1.39    0.75    0.67    0.00    1.42 3.534E+00

  0.000 0.000  0.000 .000  0.00  0.00  0.00  0.00  0.00  0.00 0.000
                           0.00  0.00  0.00  0.00  0.00  0.00 0.000E+00

