EXTERNAL/TSAI:  VERSION OF 8/8/96

Marathon                                                                
He3_kin1.inp                                                            
                                                                        
Hall A 2018: 25 cm He3 target                                           
Nominal values - not exact                                              

----*----1----*----2----*----3----*----4----*----5----*----6----*----7--
                                                                        

TARGET (iZ,iA) = (  2,  3);   avgA =   3.000; amuM=  3.016; avgM=  2.809
 targ=TRITIUM; ttarg(rl)=0.00075; twall=0.00481; tbeam=0.00342; tspec=0.00732
         Nseg  =   4
 MODELS: P elastc(ikk)=14; deut elastic=13; inelastc=206; Pauli Supresion= 4
 NUCLEAR METHOD= 1;   NUCLEAR_MODEL= 1
 DIS MODEL=**

    E1    TH    Q2 COS_K         SMR     NUC          INT-SMR
    EP     X    W2 QE-PK  INELA  Q-ELA  ELAST   TOTAL  MODEL

  10.589 16.120  2.51    4.69   18.99    3.29    0.25   22.54  0.819
   3.013  0.176 12.59    5.33   19.13    3.59    0.26   22.98 2.679E+01

  10.589 16.554  2.70    4.07   17.28    2.80    0.19   20.26  0.827
   3.072  0.191 12.29    4.60   17.02    3.05    0.19   20.26 2.362E+01

  10.589 17.242  2.95    3.53   15.54    2.36    0.13   18.03  0.835
   3.097  0.210 11.99    3.97   14.88    2.57    0.13   17.58 1.963E+01

  10.589 18.036  3.23    3.10   13.96    2.01    0.09   16.07  0.840
   3.100  0.230 11.71    3.47   12.94    2.19    0.09   15.21 1.597E+01

  10.589 18.708  3.49    2.74   12.52    1.73    0.06   14.30  0.844
   3.115  0.248 11.42    3.05   11.16    1.88    0.06   13.10 1.337E+01

  10.589 19.042  3.67    2.44   11.26    1.49    0.04   12.80  0.847
   3.168  0.264 11.13    2.70    9.63    1.62    0.04   11.29 1.205E+01

  0.000 0.000  0.000 .000  0.00  0.00  0.00  0.00  0.00  0.00 0.000
                           0.00  0.00  0.00  0.00  0.00  0.00 0.000E+00

