EXTERNAL/TSAI:  VERSION OF 8/8/96

Marathon                                                                
H3_kin15.inp                                                            
                                                                        
Hall A 2018: 25 cm Tritium target                                       
Nominal values - not exact                                              

----*----1----*----2----*----3----*----4----*----5----*----6----*----7--
                                                                        

TARGET (iZ,iA) = (  1,  3);   avgA =   3.000; amuM=  3.016; avgM=  2.809
 targ=TRITIUM; ttarg(rl)=0.00042; twall=0.00481; tbeam=0.00342; tspec=0.00732
         Nseg  =   4
 MODELS: P elastc(ikk)=14; deut elastic=13; inelastc=206; Pauli Supresion= 4
 NUCLEAR METHOD= 1;   NUCLEAR_MODEL= 1
 DIS MODEL=**

    E1    TH    Q2 COS_K         SMR     NUC          INT-SMR
    EP     X    W2 QE-PK  INELA  Q-ELA  ELAST   TOTAL  MODEL

  10.589 32.030  9.63    0.74   -4.53    0.33    0.00   -4.20  0.823
   2.988  0.675  5.51    0.78   -9.38    0.35    0.00   -9.02 1.715E-01

  10.589 32.264  9.83    0.72   -4.98    0.34    0.00   -4.65  0.844
   3.007  0.691  5.27    0.76   -9.91    0.36    0.00   -9.55 1.459E-01

  10.589 32.544 10.08    0.70   -5.53    0.35    0.00   -5.18  0.878
   3.030  0.710  4.99    0.74  -10.56    0.38    0.00  -10.18 1.193E-01

  10.589 32.828 10.33    0.68   -6.09    0.38    0.00   -5.71  0.924
   3.053  0.730  4.70    0.73  -11.22    0.40    0.00  -10.82 9.645E-02

  10.589 33.108 10.57    0.67   -6.66    0.41    0.00   -6.25  0.984
   3.075  0.750  4.41    0.72  -11.89    0.44    0.00  -11.45 7.752E-02

  10.589 33.422 10.83    0.67   -7.23    0.46    0.00   -6.77  1.059
   3.092  0.770  4.12    0.72  -12.56    0.49    0.00  -12.08 6.177E-02

  10.589 33.813 11.10    0.68   -7.83    0.53    0.00   -7.29  1.150
   3.098  0.790  3.84    0.73  -13.25    0.56    0.00  -12.69 4.844E-02

  10.589 34.144 11.36    0.69   -8.49    0.63    0.00   -7.86  1.261
   3.111  0.809  3.56    0.75  -14.02    0.65    0.00  -13.37 3.807E-02

  10.589 34.367 11.59    0.71   -9.26    0.76    0.00   -8.50  1.396
   3.135  0.829  3.28    0.78  -14.91    0.78    0.00  -14.12 3.013E-02

  10.589 34.574 11.78    0.75   -9.93    0.90    0.00   -9.02  1.511
   3.150  0.844  3.06    0.82  -15.67    0.92    0.00  -14.75 2.489E-02

  0.000 0.000  0.000 .000  0.00  0.00  0.00  0.00  0.00  0.00 0.000
                           0.00  0.00  0.00  0.00  0.00  0.00 0.000E+00

