EXTERNAL/TSAI:  VERSION OF 8/8/96

Marathon                                                                
He3_kin5.inp                                                            
                                                                        
Hall A 2018: 25 cm He3 target                                           
Nominal values - not exact                                              

----*----1----*----2----*----3----*----4----*----5----*----6----*----7--
                                                                        

TARGET (iZ,iA) = (  2,  3);   avgA =   3.000; amuM=  3.016; avgM=  2.809
 targ=TRITIUM; ttarg(rl)=0.00075; twall=0.00481; tbeam=0.00342; tspec=0.00732
         Nseg  =   4
 MODELS: P elastc(ikk)=14; deut elastic=13; inelastc=206; Pauli Supresion= 4
 NUCLEAR METHOD= 1;   NUCLEAR_MODEL= 1
 DIS MODEL=**

    E1    TH    Q2 COS_K         SMR     NUC          INT-SMR
    EP     X    W2 QE-PK  INELA  Q-ELA  ELAST   TOTAL  MODEL

  10.589 21.700  4.50    2.06    8.81    1.16    0.02    9.99  0.845
   2.999  0.316 10.62    2.26    6.63    1.26    0.02    7.91 6.491E+00

  10.589 22.024  4.69    1.88    7.83    1.03    0.01    8.87  0.844
   3.038  0.331 10.36    2.06    5.45    1.12    0.01    6.58 5.845E+00

  10.589 22.441  4.94    1.69    6.71    0.89    0.01    7.61  0.843
   3.079  0.350 10.03    1.84    4.09    0.96    0.01    5.06 5.106E+00

  10.589 22.971  5.20    1.55    5.74    0.79    0.01    6.53  0.841
   3.096  0.370  9.74    1.68    2.90    0.85    0.01    3.76 4.371E+00

  10.589 23.568  5.48    1.43    4.83    0.70    0.00    5.54  0.838
   3.100  0.390  9.46    1.55    1.81    0.76    0.00    2.57 3.687E+00

  10.589 24.107  5.74    1.33    3.97    0.63    0.00    4.60  0.835
   3.109  0.409  9.17    1.43    0.76    0.68    0.00    1.45 3.136E+00

  10.589 24.433  5.97    1.22    3.08    0.56    0.00    3.65  0.832
   3.149  0.428  8.87    1.31   -0.31    0.61    0.00    0.29 2.754E+00

  10.589 24.670  6.16    1.13    2.34    0.51    0.00    2.85  0.829
   3.189  0.444  8.60    1.21   -1.22    0.55    0.00   -0.67 2.472E+00

  0.000 0.000  0.000 .000  0.00  0.00  0.00  0.00  0.00  0.00 0.000
                           0.00  0.00  0.00  0.00  0.00  0.00 0.000E+00

