EXTERNAL/TSAI:  VERSION OF 8/8/96

Marathon                                                                
H3_kin1.inp                                                             
                                                                        
Hall A 2018: 25 cm Tritium target                                       
Nominal values - not exact                                              

----*----1----*----2----*----3----*----4----*----5----*----6----*----7--
                                                                        

TARGET (iZ,iA) = (  1,  3);   avgA =   3.000; amuM=  3.016; avgM=  2.809
 targ=TRITIUM; ttarg(rl)=0.00042; twall=0.00481; tbeam=0.00342; tspec=0.00732
         Nseg  =   4
 MODELS: P elastc(ikk)=14; deut elastic=13; inelastc=206; Pauli Supresion= 4
 NUCLEAR METHOD= 1;   NUCLEAR_MODEL= 1
 DIS MODEL=**

    E1    TH    Q2 COS_K         SMR     NUC          INT-SMR
    EP     X    W2 QE-PK  INELA  Q-ELA  ELAST   TOTAL  MODEL

  10.589 16.116  2.51    3.42   18.12    2.62    0.27   21.02  0.863
   3.014  0.176 12.59    3.88   17.85    2.85    0.28   20.97 2.482E+01

  10.589 16.553  2.70    3.01   16.42    2.26    0.20   18.88  0.869
   3.073  0.191 12.29    3.40   15.78    2.45    0.20   18.42 2.174E+01

  10.589 17.240  2.95    2.66   14.72    1.93    0.14   16.79  0.874
   3.098  0.210 11.99    2.99   13.70    2.09    0.14   15.93 1.793E+01

  10.589 18.028  3.22    2.38   13.18    1.67    0.10   14.95  0.877
   3.101  0.229 11.71    2.66   11.82    1.80    0.10   13.72 1.448E+01

  10.589 18.707  3.49    2.14   11.76    1.45    0.07   13.28  0.878
   3.115  0.249 11.42    2.37   10.09    1.56    0.07   11.72 1.201E+01

  10.589 19.039  3.67    1.92   10.54    1.26    0.05   11.84  0.877
   3.170  0.264 11.13    2.13    8.61    1.36    0.05   10.01 1.075E+01

  10.589 19.464  3.89    1.74    9.32    1.09    0.03   10.45  0.875
   3.213  0.281 10.83    1.91    7.13    1.18    0.03    8.34 9.398E+00

  0.000 0.000  0.000 .000  0.00  0.00  0.00  0.00  0.00  0.00 0.000
                           0.00  0.00  0.00  0.00  0.00  0.00 0.000E+00

