EXTERNAL/TSAI:  VERSION OF 8/8/96

Marathon                                                                
He3_kin3.inp                                                            
                                                                        
Hall A 2018: 25 cm He3 target                                           
Nominal values - not exact                                              

----*----1----*----2----*----3----*----4----*----5----*----6----*----7--
                                                                        

TARGET (iZ,iA) = (  2,  3);   avgA =   3.000; amuM=  3.016; avgM=  2.809
 targ=TRITIUM; ttarg(rl)=0.00075; twall=0.00481; tbeam=0.00342; tspec=0.00732
         Nseg  =   4
 MODELS: P elastc(ikk)=14; deut elastic=13; inelastc=206; Pauli Supresion= 4
 NUCLEAR METHOD= 1;   NUCLEAR_MODEL= 1
 DIS MODEL=**

    E1    TH    Q2 COS_K         SMR     NUC          INT-SMR
    EP     X    W2 QE-PK  INELA  Q-ELA  ELAST   TOTAL  MODEL

  10.589 18.921  3.41    3.13   13.80    2.02    0.08   15.90  0.840
   2.984  0.239 11.74    3.49   12.72    2.19    0.08   14.99 1.319E+01

  10.589 19.260  3.59    2.81   12.61    1.77    0.06   14.43  0.843
   3.027  0.253 11.48    3.13   11.26    1.92    0.06   13.24 1.194E+01

  10.589 19.698  3.81    2.47   11.19    1.50    0.04   12.74  0.846
   3.078  0.271 11.16    2.74    9.54    1.63    0.04   11.21 1.049E+01

  10.589 20.299  4.07    2.21    9.93    1.30    0.03   11.25  0.847
   3.097  0.290 10.87    2.44    8.00    1.41    0.03    9.43 8.916E+00

  10.589 20.975  4.35    2.00    8.77    1.13    0.02    9.92  0.847
   3.100  0.310 10.58    2.20    6.58    1.23    0.02    7.83 7.461E+00

  10.589 21.576  4.62    1.82    7.68    0.99    0.01    8.68  0.845
   3.111  0.329 10.30    1.99    5.26    1.08    0.01    6.35 6.328E+00

  10.589 21.911  4.83    1.64    6.63    0.87    0.01    7.51  0.844
   3.158  0.346  9.99    1.79    3.98    0.94    0.01    4.93 5.633E+00

  10.589 22.202  5.02    1.51    5.77    0.77    0.01    6.55  0.843
   3.196  0.362  9.74    1.64    2.93    0.84    0.01    3.78 5.079E+00

  0.000 0.000  0.000 .000  0.00  0.00  0.00  0.00  0.00  0.00 0.000
                           0.00  0.00  0.00  0.00  0.00  0.00 0.000E+00

