 f1p    f2p    f1n    f2n    f1d    f2d
  0.7596 11.8600     0.1394E-01     0.2134E-01     0.6445E-02     0.9863E-02     0.2039E-01     0.3120E-01
  0.7265 11.6150     0.2014E-01     0.2977E-01     0.8903E-02     0.1316E-01     0.2905E-01     0.4293E-01
  0.6979 11.3944     0.2695E-01     0.3858E-01     0.1174E-01     0.1681E-01     0.3869E-01     0.5539E-01
  0.6706 11.1739     0.3498E-01     0.4848E-01     0.1525E-01     0.2113E-01     0.5022E-01     0.6961E-01
  0.6443 10.9534     0.4425E-01     0.5935E-01     0.1950E-01     0.2616E-01     0.6375E-01     0.8551E-01
  0.6217 10.7573     0.5355E-01     0.6975E-01     0.2396E-01     0.3121E-01     0.7751E-01     0.1010E+00
  0.5987 10.5490     0.6454E-01     0.8144E-01     0.2944E-01     0.3715E-01     0.9398E-01     0.1186E+00
  0.5751 10.3285     0.7741E-01     0.9441E-01     0.3613E-01     0.4407E-01     0.1135E+00     0.1385E+00
  0.5512 10.0957     0.9236E-01     0.1086E+00     0.4422E-01     0.5201E-01     0.1366E+00     0.1607E+00
  0.5235  9.8139     0.1123E+00     0.1264E+00     0.5549E-01     0.6242E-01     0.1678E+00     0.1888E+00
  0.4959  9.5199     0.1353E+00     0.1452E+00     0.6906E-01     0.7408E-01     0.2044E+00     0.2192E+00
  0.4696  9.2258     0.1604E+00     0.1640E+00     0.8454E-01     0.8641E-01     0.2450E+00     0.2504E+00
  0.4444  8.9318     0.1877E+00     0.1826E+00     0.1020E+00     0.9926E-01     0.2897E+00     0.2819E+00
  0.4204  8.6377     0.2170E+00     0.2008E+00     0.1216E+00     0.1125E+00     0.3386E+00     0.3133E+00
  0.3973  8.3437     0.2483E+00     0.2183E+00     0.1433E+00     0.1260E+00     0.3917E+00     0.3443E+00
  0.3753  8.0496     0.2818E+00     0.2351E+00     0.1673E+00     0.1396E+00     0.4491E+00     0.3747E+00
  0.3541  7.7556     0.3173E+00     0.2509E+00     0.1937E+00     0.1532E+00     0.5110E+00     0.4041E+00
  0.3339  7.4615     0.3550E+00     0.2657E+00     0.2226E+00     0.1666E+00     0.5776E+00     0.4323E+00
  0.3144  7.1675     0.3948E+00     0.2794E+00     0.2543E+00     0.1799E+00     0.6491E+00     0.4593E+00
