 f1p    f2p    f1n    f2n    f1d    f2d
  0.7596 11.8600     0.1433E-01     0.1956E-01     0.9128E-02     0.1218E-01     0.2304E-01     0.3142E-01
  0.7265 11.6150     0.2001E-01     0.2665E-01     0.1283E-01     0.1688E-01     0.3199E-01     0.4275E-01
  0.6979 11.3944     0.2623E-01     0.3411E-01     0.1666E-01     0.2182E-01     0.4156E-01     0.5457E-01
  0.6706 11.1739     0.3351E-01     0.4248E-01     0.2096E-01     0.2745E-01     0.5280E-01     0.6817E-01
  0.6443 10.9534     0.4188E-01     0.5169E-01     0.2571E-01     0.3381E-01     0.6566E-01     0.8335E-01
  0.6217 10.7573     0.5029E-01     0.6053E-01     0.3032E-01     0.4008E-01     0.7866E-01     0.9827E-01
  0.5987 10.5490     0.6028E-01     0.7056E-01     0.3562E-01     0.4737E-01     0.9476E-01     0.1162E+00
  0.5751 10.3285     0.7501E-01     0.8443E-01     0.4171E-01     0.5572E-01     0.1143E+00     0.1369E+00
  0.5512 10.0957     0.9340E-01     0.1006E+00     0.4872E-01     0.6512E-01     0.1376E+00     0.1602E+00
  0.5235  9.8139     0.1191E+00     0.1217E+00     0.5805E-01     0.7705E-01     0.1700E+00     0.1908E+00
  0.4959  9.5199     0.1448E+00     0.1409E+00     0.6893E-01     0.8977E-01     0.2056E+00     0.2219E+00
  0.4696  9.2258     0.1711E+00     0.1590E+00     0.8111E-01     0.1023E+00     0.2428E+00     0.2511E+00
  0.4444  8.9318     0.1994E+00     0.1768E+00     0.9481E-01     0.1143E+00     0.2844E+00     0.2807E+00
  0.4204  8.6377     0.2296E+00     0.1941E+00     0.1103E+00     0.1254E+00     0.3310E+00     0.3103E+00
  0.3973  8.3437     0.2617E+00     0.2108E+00     0.1277E+00     0.1355E+00     0.3797E+00     0.3368E+00
  0.3753  8.0496     0.2957E+00     0.2268E+00     0.1475E+00     0.1446E+00     0.4306E+00     0.3599E+00
  0.3541  7.7556     0.3316E+00     0.2419E+00     0.1701E+00     0.1528E+00     0.4871E+00     0.3823E+00
  0.3339  7.4615     0.3695E+00     0.2561E+00     0.1958E+00     0.1603E+00     0.5516E+00     0.4057E+00
  0.3144  7.1675     0.4095E+00     0.2695E+00     0.2252E+00     0.1676E+00     0.6241E+00     0.4292E+00
