EXTERNAL/TSAI:  VERSION OF 8/8/96

Marathon                                                                
He3_kin0.inp                                                            
                                                                        
Hall A 2018: 25 cm He3 target                                           
Nominal values - not exact                                              

----*----1----*----2----*----3----*----4----*----5----*----6----*----7--
                                                                        

TARGET (iZ,iA) = (  2,  3);   avgA =   3.000; amuM=  3.016; avgM=  2.809
 targ=TRITIUM; ttarg(rl)=0.00075; twall=0.00481; tbeam=0.00342; tspec=0.00732
         Nseg  =   4
 MODELS: P elastc(ikk)=14; deut elastic=13; inelastc=206; Pauli Supresion= 4
 NUCLEAR METHOD= 1;   NUCLEAR_MODEL= 1
 DIS MODEL= 1

    E1    TH    Q2 COS_K         SMR     NUC          INT-SMR
    EP     X    W2 QE-PK  INELA  Q-ELA  ELAST   TOTAL  MODEL

  10.589 15.678  2.41    4.77   16.42    3.50    0.28   20.20  0.851
   3.059  0.171 12.60    5.42   16.38    3.81    0.28   20.47 2.992E+01

  10.589 16.332  2.64    4.10   15.00    2.90    0.19   18.10  0.848
   3.094  0.188 12.30    4.64   14.58    3.16    0.19   17.93 2.500E+01

  10.589 17.141  2.91    3.58   13.66    2.43    0.13   16.22  0.843
   3.098  0.207 12.02    4.02   12.86    2.64    0.13   15.63 2.021E+01

  10.589 17.875  3.18    3.15   12.39    2.05    0.09   14.53  0.838
   3.106  0.226 11.75    3.52   11.25    2.23    0.09   13.57 1.668E+01

  0.000 0.000  0.000 .000  0.00  0.00  0.00  0.00  0.00  0.00 0.000
                           0.00  0.00  0.00  0.00  0.00  0.00 0.000E+00

