EXTERNAL/TSAI:  VERSION OF 8/8/96

Marathon                                                                
H1_kin3.inp                                                             
                                                                        
Hall A 2018: 25 cm Deuterium target                                     
Nominal values - not exact                                              

----*----1----*----2----*----3----*----4----*----5----*----6----*----7--
                                                                        

TARGET (iZ,iA) = (  1,  1);   avgA =   1.000; amuM=  1.007; avgM=  0.938
 targ=TRITIUM; ttarg(rl)=0.00113; twall=0.00481; tbeam=0.00342; tspec=0.00732
         Nseg  =   4
 MODELS: P elastc(ikk)=14; deut elastic=13; inelastc=206; Pauli Supresion= 4
 NUCLEAR METHOD= 1;   NUCLEAR_MODEL= 1
 DIS MODEL= 1

    E1    TH    Q2 COS_K         SMR     NUC          INT-SMR
    EP     X    W2 QE-PK  INELA  Q-ELA  ELAST   TOTAL  MODEL

  10.589 19.393  3.66    3.14   11.54    0.00    3.18   14.72  1.000
   3.043  0.258 11.38    3.50   10.24    0.00    3.54   13.78 4.268E+00

  10.589 19.856  3.89    2.75   10.35    0.00    2.78   13.13  1.000
   3.087  0.276 11.07    3.05    8.76    0.00    3.08   11.84 3.760E+00

  10.589 20.479  4.14    2.45    9.29    0.00    2.48   11.77  1.000
   3.096  0.295 10.80    2.71    7.44    0.00    2.73   10.17 3.212E+00

  10.589 21.116  4.41    2.21    8.32    0.00    2.23   10.54  1.000
   3.100  0.314 10.53    2.42    6.23    0.00    2.45    8.68 2.735E+00

  10.589 21.661  4.66    1.99    7.34    0.00    2.00    9.34  1.000
   3.115  0.332 10.25    2.17    5.02    0.00    2.19    7.21 2.366E+00

  0.000 0.000  0.000 .000  0.00  0.00  0.00  0.00  0.00  0.00 0.000
                           0.00  0.00  0.00  0.00  0.00  0.00 0.000E+00

