EXTERNAL/TSAI:  VERSION OF 8/8/96

Marathon                                                                
H3_kin13.inp                                                            
                                                                        
Hall A 2018: 25 cm Tritium target                                       
Nominal values - not exact                                              

----*----1----*----2----*----3----*----4----*----5----*----6----*----7--
                                                                        

TARGET (iZ,iA) = (  1,  3);   avgA =   3.000; amuM=  3.016; avgM=  2.809
 targ=TRITIUM; ttarg(rl)=0.00042; twall=0.00481; tbeam=0.00342; tspec=0.00732
         Nseg  =   4
 MODELS: P elastc(ikk)=14; deut elastic=13; inelastc=206; Pauli Supresion= 4
 NUCLEAR METHOD= 1;   NUCLEAR_MODEL= 1
 DIS MODEL= 1

    E1    TH    Q2 COS_K         SMR     NUC          INT-SMR
    EP     X    W2 QE-PK  INELA  Q-ELA  ELAST   TOTAL  MODEL

  10.589 30.434  8.79    0.79   -3.36    0.30    0.00   -3.06  0.733
   3.011  0.618  6.31    0.84   -7.98    0.32    0.00   -7.66 3.252E-01

  10.589 30.744  9.04    0.76   -3.97    0.30    0.00   -3.68  0.748
   3.037  0.638  6.01    0.80   -8.71    0.32    0.00   -8.39 2.686E-01

  10.589 31.052  9.30    0.73   -4.57    0.30    0.00   -4.27  0.770
   3.065  0.659  5.70    0.77   -9.42    0.32    0.00   -9.10 2.193E-01

  10.589 31.374  9.56    0.70   -5.16    0.31    0.00   -4.85  0.799
   3.088  0.679  5.39    0.74  -10.12    0.33    0.00   -9.79 1.777E-01

  10.589 31.787  9.84    0.69   -5.69    0.32    0.00   -5.37  0.834
   3.098  0.700  5.10    0.73  -10.75    0.34    0.00  -10.40 1.417E-01

  10.589 32.199 10.12    0.68   -6.23    0.35    0.00   -5.89  0.881
   3.107  0.721  4.80    0.72  -11.38    0.37    0.00  -11.01 1.121E-01

  10.589 32.521 10.38    0.66   -6.80    0.38    0.00   -6.42  0.941
   3.125  0.741  4.51    0.71  -12.05    0.40    0.00  -11.65 8.969E-02

  0.000 0.000  0.000 .000  0.00  0.00  0.00  0.00  0.00  0.00 0.000
                           0.00  0.00  0.00  0.00  0.00  0.00 0.000E+00

