EXTERNAL/TSAI:  VERSION OF 8/8/96

Marathon                                                                
H3_kin1.inp                                                             
                                                                        
Hall A 2018: 25 cm Tritium target                                       
Nominal values - not exact                                              

----*----1----*----2----*----3----*----4----*----5----*----6----*----7--
                                                                        

TARGET (iZ,iA) = (  1,  3);   avgA =   3.000; amuM=  3.016; avgM=  2.809
 targ=TRITIUM; ttarg(rl)=0.00042; twall=0.00481; tbeam=0.00342; tspec=0.00732
         Nseg  =   4
 MODELS: P elastc(ikk)=14; deut elastic=13; inelastc=206; Pauli Supresion= 4
 NUCLEAR METHOD= 1;   NUCLEAR_MODEL= 1
 DIS MODEL= 1

    E1    TH    Q2 COS_K         SMR     NUC          INT-SMR
    EP     X    W2 QE-PK  INELA  Q-ELA  ELAST   TOTAL  MODEL

  10.589 16.455  2.66    3.10   14.29    2.28    0.21   16.79  0.849
   3.062  0.188 12.35    3.50   13.50    2.47    0.22   16.19 2.231E+01

  10.589 17.111  2.90    2.72   12.92    1.92    0.15   14.99  0.844
   3.097  0.206 12.04    3.06   11.78    2.08    0.15   14.01 1.851E+01

  10.589 17.919  3.19    2.42   11.60    1.63    0.10   13.33  0.837
   3.101  0.227 11.75    2.71   10.13    1.76    0.10   12.00 1.486E+01

  10.589 18.643  3.46    2.17   10.47    1.39    0.07   11.94  0.828
   3.112  0.246 11.45    2.42    8.71    1.50    0.07   10.29 1.218E+01

  0.000 0.000  0.000 .000  0.00  0.00  0.00  0.00  0.00  0.00 0.000
                           0.00  0.00  0.00  0.00  0.00  0.00 0.000E+00

