EXTERNAL/TSAI:  VERSION OF 8/8/96

Marathon                                                                
D2_all.inp                                                              
                                                                        
Hall A 2018: 25 cm Deuterium target                                     
Nominal values - not exact                                              

----*----1----*----2----*----3----*----4----*----5----*----6----*----7--
                                                                        

TARGET (iZ,iA) = (  1,  2);   avgA =   2.000; amuM=  2.013; avgM=  1.875
 targ=TRITIUM; ttarg(rl)=0.00114; twall=0.00481; tbeam=0.00342; tspec=0.00732
         Nseg  =   4
 MODELS: P elastc(ikk)=14; deut elastic=13; inelastc=206; Pauli Supresion= 4
 NUCLEAR METHOD= 1;   NUCLEAR_MODEL= 1
 DIS MODEL= 1

    E1    TH    Q2 COS_K         SMR     NUC          INT-SMR
    EP     X    W2 QE-PK  INELA  Q-ELA  ELAST   TOTAL  MODEL

 Deut Elastic Model: ia,iamec,rsc,rscmec (1,2,3,4)=  3
 TJON DEUT ELASTIC FILESS TO BE OPEN=rscctj.tjon_input   rscqtj.tjon_input   rscmtj.tjon_input   
  10.590 16.808  2.80    3.33   13.89    2.48    0.08   16.45  0.899
   3.100  0.200 12.13    3.78   13.17    2.71    0.08   15.96 1.401E+01

  10.590 17.580  3.07    2.96   12.69    2.12    0.06   14.87  0.894
   3.100  0.218 11.87    3.34   11.64    2.31    0.06   14.01 1.142E+01

  10.590 19.140  3.63    2.35   10.32    1.54    0.03   11.89  0.881
   3.100  0.258 11.31    2.63    8.65    1.68    0.03   10.36 7.581E+00

  10.590 20.580  4.19    1.93    8.23    1.15    0.02    9.40  0.864
   3.100  0.298 10.75    2.14    6.04    1.26    0.02    7.32 5.184E+00

  10.590 21.930  4.75    1.63    6.35    0.88    0.01    7.25  0.847
   3.100  0.338 10.18    1.78    3.73    0.97    0.01    4.70 3.603E+00

  10.590 23.210  5.31    1.40    4.65    0.70    0.01    5.35  0.831
   3.100  0.378  9.62    1.52    1.64    0.76    0.01    2.40 2.522E+00

  10.590 25.590  6.44    1.08    1.64    0.47    0.00    2.11  0.808
   3.100  0.458  8.50    1.16   -2.04    0.51    0.00   -1.52 1.239E+00

  10.590 27.770  7.56    0.88   -0.98    0.36    0.00   -0.62  0.804
   3.100  0.538  7.37    0.94   -5.21    0.39    0.00   -4.82 5.960E-01

  10.590 29.810  8.69    0.75   -3.36    0.32    0.00   -3.04  0.826
   3.100  0.618  6.25    0.79   -8.07    0.35    0.00   -7.73 2.707E-01

  10.590 31.730  9.81    0.68   -5.56    0.34    0.00   -5.22  0.899
   3.100  0.698  5.12    0.72  -10.70    0.37    0.00  -10.33 1.132E-01

  10.590 33.550 10.94    0.67   -7.76    0.49    0.00   -7.26  1.103
   3.100  0.778  4.00    0.72  -13.28    0.52    0.00  -12.76 4.278E-02

  10.590 36.120 11.81    0.75   -8.60    0.68    0.00   -7.92  1.240
   2.900  0.818  3.50    0.82  -14.18    0.72    0.00  -13.47 2.110E-02

  0.000 0.000  0.000 .000  0.00  0.00  0.00  0.00  0.00  0.00 0.000
                           0.00  0.00  0.00  0.00  0.00  0.00 0.000E+00

