EXTERNAL/TSAI:  VERSION OF 8/8/96

Marathon                                                                
He3_kin15.inp                                                           
                                                                        
Hall A 2018: 25 cm He3 target                                           
Nominal values - not exact                                              

----*----1----*----2----*----3----*----4----*----5----*----6----*----7--
                                                                        

TARGET (iZ,iA) = (  2,  3);   avgA =   3.000; amuM=  3.016; avgM=  2.809
 targ=TRITIUM; ttarg(rl)=0.00075; twall=0.00481; tbeam=0.00342; tspec=0.00732
         Nseg  =   4
 MODELS: P elastc(ikk)=14; deut elastic=13; inelastc=206; Pauli Supresion= 4
 NUCLEAR METHOD= 1;   NUCLEAR_MODEL= 1
 DIS MODEL= 1

    E1    TH    Q2 COS_K         SMR     NUC          INT-SMR
    EP     X    W2 QE-PK  INELA  Q-ELA  ELAST   TOTAL  MODEL

  10.589 32.276  9.85    0.72   -5.45    0.36    0.00   -5.09  0.897
   3.009  0.692  5.26    0.76  -10.45    0.38    0.00  -10.06 1.868E-01

  10.589 32.628 10.15    0.70   -6.17    0.38    0.00   -5.78  0.954
   3.036  0.716  4.90    0.74  -11.30    0.41    0.00  -10.89 1.450E-01

  10.589 32.968 10.46    0.68   -6.90    0.43    0.00   -6.47  1.032
   3.066  0.741  4.54    0.73  -12.17    0.45    0.00  -11.72 1.105E-01

  10.589 33.332 10.77    0.68   -7.62    0.50    0.00   -7.12  1.135
   3.090  0.765  4.19    0.73  -13.01    0.52    0.00  -12.49 8.313E-02

  10.589 33.779 11.09    0.68   -8.38    0.60    0.00   -7.78  1.265
   3.102  0.789  3.84    0.74  -13.90    0.62    0.00  -13.27 6.135E-02

  10.589 34.220 11.42    0.72   -9.14    0.75    0.00   -8.39  1.432
   3.114  0.814  3.49    0.78  -14.76    0.78    0.00  -13.98 4.456E-02

  0.000 0.000  0.000 .000  0.00  0.00  0.00  0.00  0.00  0.00 0.000
                           0.00  0.00  0.00  0.00  0.00  0.00 0.000E+00

