EXTERNAL/TSAI:  VERSION OF 8/8/96

Marathon                                                                
He3_kin13.inp                                                           
                                                                        
Hall A 2018: 25 cm He3 target                                           
Nominal values - not exact                                              

----*----1----*----2----*----3----*----4----*----5----*----6----*----7--
                                                                        

TARGET (iZ,iA) = (  2,  3);   avgA =   3.000; amuM=  3.016; avgM=  2.809
 targ=TRITIUM; ttarg(rl)=0.00075; twall=0.00481; tbeam=0.00342; tspec=0.00732
         Nseg  =   4
 MODELS: P elastc(ikk)=14; deut elastic=13; inelastc=206; Pauli Supresion= 4
 NUCLEAR METHOD= 1;   NUCLEAR_MODEL= 1
 DIS MODEL= 1

    E1    TH    Q2 COS_K         SMR     NUC          INT-SMR
    EP     X    W2 QE-PK  INELA  Q-ELA  ELAST   TOTAL  MODEL

  10.589 30.438  8.79    0.80   -3.32    0.33    0.00   -2.98  0.809
   3.011  0.618  6.31    0.85   -7.92    0.36    0.00   -7.56 4.188E-01

  10.589 30.743  9.04    0.76   -3.97    0.33    0.00   -3.64  0.829
   3.038  0.638  6.01    0.81   -8.71    0.35    0.00   -8.35 3.476E-01

  10.589 31.055  9.30    0.73   -4.63    0.33    0.00   -4.30  0.855
   3.065  0.659  5.70    0.77   -9.50    0.36    0.00   -9.15 2.845E-01

  10.589 31.379  9.56    0.70   -5.25    0.34    0.00   -4.91  0.889
   3.088  0.679  5.39    0.74  -10.24    0.36    0.00   -9.88 2.311E-01

  10.589 31.783  9.84    0.69   -5.85    0.36    0.00   -5.49  0.930
   3.099  0.700  5.10    0.73  -10.96    0.38    0.00  -10.58 1.843E-01

  10.589 32.199 10.12    0.67   -6.44    0.39    0.00   -6.06  0.982
   3.107  0.721  4.80    0.72  -11.65    0.41    0.00  -11.24 1.456E-01

  10.589 32.514 10.38    0.67   -7.04    0.43    0.00   -6.62  1.051
   3.127  0.741  4.50    0.71  -12.36    0.45    0.00  -11.91 1.156E-01

  0.000 0.000  0.000 .000  0.00  0.00  0.00  0.00  0.00  0.00 0.000
                           0.00  0.00  0.00  0.00  0.00  0.00 0.000E+00

