EXTERNAL/TSAI:  VERSION OF 8/8/96

Marathon                                                                
H3_kin4.inp                                                             
                                                                        
Hall A 2018: 25 cm Tritium target                                       
Nominal values - not exact                                              

----*----1----*----2----*----3----*----4----*----5----*----6----*----7--
                                                                        

TARGET (iZ,iA) = (  1,  3);   avgA =   3.000; amuM=  3.016; avgM=  2.809
 targ=TRITIUM; ttarg(rl)=0.00042; twall=0.00481; tbeam=0.00342; tspec=0.00732
         Nseg  =   4
 MODELS: P elastc(ikk)=14; deut elastic=13; inelastc=206; Pauli Supresion= 4
 NUCLEAR METHOD= 1;   NUCLEAR_MODEL= 1
 DIS MODEL= 1

    E1    TH    Q2 COS_K         SMR     NUC          INT-SMR
    EP     X    W2 QE-PK  INELA  Q-ELA  ELAST   TOTAL  MODEL

  10.589 20.759  4.18    1.82    8.16    1.04    0.03    9.22  0.803
   3.038  0.295 10.87    2.00    5.86    1.12    0.03    7.01 7.117E+00

  10.589 21.211  4.42    1.64    7.09    0.89    0.02    7.99  0.793
   3.082  0.314 10.54    1.79    4.55    0.96    0.02    5.53 6.148E+00

  10.589 21.807  4.69    1.51    6.13    0.78    0.01    6.92  0.782
   3.096  0.334 10.25    1.64    3.39    0.84    0.01    4.24 5.168E+00

  10.589 22.450  4.97    1.40    5.27    0.68    0.01    5.96  0.771
   3.100  0.354  9.96    1.52    2.33    0.74    0.01    3.08 4.299E+00

  10.589 22.980  5.24    1.30    4.38    0.61    0.01    4.99  0.761
   3.116  0.373  9.67    1.41    1.26    0.65    0.01    1.92 3.645E+00

  0.000 0.000  0.000 .000  0.00  0.00  0.00  0.00  0.00  0.00 0.000
                           0.00  0.00  0.00  0.00  0.00  0.00 0.000E+00

