EXTERNAL/TSAI:  VERSION OF 8/8/96

Marathon                                                                
He3_kin2.inp                                                            
                                                                        
Hall A 2018: 25 cm He3 target                                           
Nominal values - not exact                                              

----*----1----*----2----*----3----*----4----*----5----*----6----*----7--
                                                                        

TARGET (iZ,iA) = (  2,  3);   avgA =   3.000; amuM=  3.016; avgM=  2.809
 targ=TRITIUM; ttarg(rl)=0.00075; twall=0.00481; tbeam=0.00342; tspec=0.00732
         Nseg  =   4
 MODELS: P elastc(ikk)=14; deut elastic=13; inelastc=206; Pauli Supresion= 4
 NUCLEAR METHOD= 1;   NUCLEAR_MODEL= 1
 DIS MODEL= 1

    E1    TH    Q2 COS_K         SMR     NUC          INT-SMR
    EP     X    W2 QE-PK  INELA  Q-ELA  ELAST   TOTAL  MODEL

  10.589 17.980  3.16    3.30   12.77    2.17    0.10   15.04  0.838
   3.054  0.223 11.86    3.70   11.73    2.36    0.10   14.19 1.646E+01

  10.589 18.608  3.43    2.84   11.39    1.78    0.07   13.24  0.832
   3.095  0.244 11.52    3.17    9.99    1.94    0.07   11.99 1.386E+01

  10.589 19.422  3.73    2.50   10.09    1.49    0.04   11.63  0.825
   3.099  0.266 11.20    2.77    8.37    1.62    0.04   10.03 1.122E+01

  10.589 20.146  4.03    2.21    8.87    1.26    0.03   10.15  0.817
   3.111  0.287 10.88    2.44    6.85    1.36    0.03    8.25 9.262E+00

  0.000 0.000  0.000 .000  0.00  0.00  0.00  0.00  0.00  0.00 0.000
                           0.00  0.00  0.00  0.00  0.00  0.00 0.000E+00

