EXTERNAL/TSAI:  VERSION OF 8/8/96

Marathon                                                                
He3_kin3.inp                                                            
                                                                        
Hall A 2018: 25 cm He3 target                                           
Nominal values - not exact                                              

----*----1----*----2----*----3----*----4----*----5----*----6----*----7--
                                                                        

TARGET (iZ,iA) = (  2,  3);   avgA =   3.000; amuM=  3.016; avgM=  2.809
 targ=TRITIUM; ttarg(rl)=0.00075; twall=0.00481; tbeam=0.00342; tspec=0.00732
         Nseg  =   4
 MODELS: P elastc(ikk)=14; deut elastic=13; inelastc=206; Pauli Supresion= 4
 NUCLEAR METHOD= 1;   NUCLEAR_MODEL= 1
 DIS MODEL= 1

    E1    TH    Q2 COS_K         SMR     NUC          INT-SMR
    EP     X    W2 QE-PK  INELA  Q-ELA  ELAST   TOTAL  MODEL

  10.589 19.388  3.66    2.69   10.73    1.64    0.05   12.42  0.827
   3.044  0.258 11.38    2.99    9.16    1.78    0.05   10.99 1.154E+01

  10.589 19.852  3.89    2.38    9.55    1.39    0.04   10.98  0.821
   3.088  0.276 11.07    2.63    7.70    1.51    0.04    9.24 1.009E+01

  10.589 20.469  4.14    2.15    8.53    1.20    0.02    9.76  0.814
   3.098  0.295 10.80    2.36    6.44    1.30    0.02    7.76 8.560E+00

  10.589 21.115  4.41    1.95    7.57    1.05    0.02    8.64  0.807
   3.101  0.314 10.52    2.14    5.25    1.13    0.02    6.40 7.216E+00

  10.589 21.654  4.66    1.78    6.60    0.91    0.01    7.53  0.801
   3.117  0.332 10.24    1.94    4.07    0.99    0.01    5.07 6.202E+00

  0.000 0.000  0.000 .000  0.00  0.00  0.00  0.00  0.00  0.00 0.000
                           0.00  0.00  0.00  0.00  0.00  0.00 0.000E+00

