EXTERNAL/TSAI:  VERSION OF 8/8/96

Marathon                                                                
H1_kin0.inp                                                             
                                                                        
Hall A 2018: 25 cm Deuterium target                                     
Nominal values - not exact                                              

----*----1----*----2----*----3----*----4----*----5----*----6----*----7--
                                                                        

TARGET (iZ,iA) = (  1,  1);   avgA =   1.000; amuM=  1.007; avgM=  0.938
 targ=TRITIUM; ttarg(rl)=0.00113; twall=0.00481; tbeam=0.00342; tspec=0.00732
         Nseg  =   4
 MODELS: P elastc(ikk)=14; deut elastic=13; inelastc=206; Pauli Supresion= 4
 NUCLEAR METHOD= 1;   NUCLEAR_MODEL= 1
 DIS MODEL= 1

    E1    TH    Q2 COS_K         SMR     NUC          INT-SMR
    EP     X    W2 QE-PK  INELA  Q-ELA  ELAST   TOTAL  MODEL

  10.589 15.678  2.41    5.91   17.47    0.00    6.07   23.54  1.000
   3.059  0.171 12.60    6.75   17.85    0.00    6.90   24.75 1.067E+01

  10.589 16.335  2.64    5.02   15.98    0.00    5.13   21.12  1.000
   3.094  0.188 12.30    5.70   15.92    0.00    5.81   21.74 8.977E+00

  10.589 17.144  2.91    4.32   14.59    0.00    4.40   18.99  1.000
   3.097  0.207 12.02    4.87   14.13    0.00    4.96   19.09 7.321E+00

  10.589 17.876  3.18    3.75   13.28    0.00    3.81   17.09  1.000
   3.106  0.226 11.75    4.21   12.46    0.00    4.27   16.73 6.091E+00

  0.000 0.000  0.000 .000  0.00  0.00  0.00  0.00  0.00  0.00 0.000
                           0.00  0.00  0.00  0.00  0.00  0.00 0.000E+00

