EXTERNAL/TSAI:  VERSION OF 8/8/96

Marathon                                                                
He3_kin1.inp                                                            
                                                                        
Hall A 2018: 25 cm He3 target                                           
Nominal values - not exact                                              

----*----1----*----2----*----3----*----4----*----5----*----6----*----7--
                                                                        

TARGET (iZ,iA) = (  2,  3);   avgA =   3.000; amuM=  3.016; avgM=  2.809
 targ=TRITIUM; ttarg(rl)=0.00075; twall=0.00481; tbeam=0.00342; tspec=0.00732
         Nseg  =   4
 MODELS: P elastc(ikk)=14; deut elastic=13; inelastc=206; Pauli Supresion= 4
 NUCLEAR METHOD= 1;   NUCLEAR_MODEL= 1
 DIS MODEL= 1

    E1    TH    Q2 COS_K         SMR     NUC          INT-SMR
    EP     X    W2 QE-PK  INELA  Q-ELA  ELAST   TOTAL  MODEL

  10.589 16.457  2.66    4.18   15.14    2.96    0.20   18.29  0.847
   3.062  0.188 12.35    4.73   14.73    3.22    0.20   18.15 2.434E+01

  10.589 17.115  2.90    3.60   13.71    2.45    0.14   16.29  0.843
   3.096  0.207 12.04    4.05   12.93    2.66    0.14   15.72 2.036E+01

  10.589 17.928  3.19    3.15   12.38    2.05    0.09   14.52  0.838
   3.099  0.227 11.75    3.52   11.24    2.23    0.09   13.56 1.648E+01

  10.589 18.646  3.46    2.77   11.15    1.73    0.06   12.94  0.832
   3.111  0.246 11.46    3.09    9.69    1.87    0.06   11.63 1.365E+01

  0.000 0.000  0.000 .000  0.00  0.00  0.00  0.00  0.00  0.00 0.000
                           0.00  0.00  0.00  0.00  0.00  0.00 0.000E+00

