EXTERNAL/TSAI:  VERSION OF 8/8/96

Marathon                                                                
H3_kin15.inp                                                            
                                                                        
Hall A 2018: 25 cm Tritium target                                       
Nominal values - not exact                                              

----*----1----*----2----*----3----*----4----*----5----*----6----*----7--
                                                                        

TARGET (iZ,iA) = (  1,  3);   avgA =   3.000; amuM=  3.016; avgM=  2.809
 targ=TRITIUM; ttarg(rl)=0.00042; twall=0.00481; tbeam=0.00342; tspec=0.00732
         Nseg  =   4
 MODELS: P elastc(ikk)=14; deut elastic=13; inelastc=206; Pauli Supresion= 4
 NUCLEAR METHOD= 1;   NUCLEAR_MODEL= 1
 DIS MODEL= 1

    E1    TH    Q2 COS_K         SMR     NUC          INT-SMR
    EP     X    W2 QE-PK  INELA  Q-ELA  ELAST   TOTAL  MODEL

  10.589 32.280  9.85    0.72   -5.30    0.32    0.00   -4.98  0.805
   3.008  0.692  5.26    0.77  -10.25    0.34    0.00   -9.91 1.436E-01

  10.589 32.624 10.15    0.70   -5.97    0.35    0.00   -5.62  0.855
   3.037  0.716  4.91    0.74  -11.04    0.37    0.00  -10.67 1.117E-01

  10.589 32.971 10.45    0.68   -6.66    0.38    0.00   -6.27  0.924
   3.065  0.740  4.54    0.72  -11.86    0.40    0.00  -11.45 8.571E-02

  10.589 33.347 10.77    0.67   -7.40    0.44    0.00   -6.96  1.016
   3.088  0.765  4.19    0.72  -12.72    0.46    0.00  -12.26 6.502E-02

  10.589 33.806 11.10    0.68   -8.14    0.53    0.00   -7.62  1.133
   3.099  0.790  3.84    0.73  -13.58    0.55    0.00  -13.04 4.837E-02

  10.589 34.206 11.42    0.69   -9.12    0.65    0.00   -8.47  1.285
   3.116  0.814  3.49    0.75  -14.72    0.67    0.00  -14.05 3.610E-02

  0.000 0.000  0.000 .000  0.00  0.00  0.00  0.00  0.00  0.00 0.000
                           0.00  0.00  0.00  0.00  0.00  0.00 0.000E+00

