EXTERNAL/TSAI:  VERSION OF 8/8/96

Marathon                                                                
Carbon all                                                              
                                                                        
Hall A 2018: carbon target                                              
Nominal values - not exact                                              

----*----1----*----2----*----3----*----4----*----5----*----6----*----7--
                                                                        

TARGET (iZ,iA) = (  6, 12);   avgA =  12.000; amuM= 12.002; avgM= 11.180
 targ=ordinar; ttarg(rl)=0.00207; twall=0.00001; tbeam=0.00057; tspec=0.00832
         Nseg  =   4
 MODELS: P elastc(ikk)=14; deut elastic=13; inelastc=206; Pauli Supresion= 4
 NUCLEAR METHOD= 1;   NUCLEAR_MODEL= 1
 DIS MODEL= 1

    E1    TH    Q2 COS_K         SMR     NUC          INT-SMR
    EP     X    W2 QE-PK  INELA  Q-ELA  ELAST   TOTAL  MODEL

  10.590 16.808  2.80    3.30   13.42    2.11    0.06   15.59  0.772
   3.100  0.200 12.13    3.48   13.13    2.20    0.06   15.39 8.470E+01

  10.590 17.580  3.07    2.94   12.19    1.81    0.04   14.03  0.768
   3.100  0.218 11.87    3.09   11.73    1.88    0.04   13.65 6.893E+01

  10.590 19.140  3.63    2.35    9.79    1.32    0.01   11.12  0.758
   3.100  0.258 11.31    2.46    9.00    1.37    0.01   10.38 4.562E+01

  10.590 20.580  4.19    1.93    7.66    1.00    0.00    8.66  0.747
   3.100  0.298 10.75    2.02    6.59    1.03    0.00    7.62 3.106E+01

  10.590 21.930  4.75    1.64    5.77    0.77    0.00    6.55  0.736
   3.100  0.338 10.18    1.70    4.44    0.80    0.00    5.24 2.146E+01

  10.590 23.210  5.31    1.42    4.05    0.62    0.00    4.67  0.727
   3.100  0.378  9.62    1.47    2.49    0.64    0.00    3.13 1.491E+01

  10.590 25.590  6.44    1.12    1.05    0.44    0.00    1.49  0.723
   3.100  0.458  8.50    1.15   -0.92    0.45    0.00   -0.48 7.202E+00

  10.590 27.770  7.56    0.92   -1.60    0.35    0.00   -1.25  0.745
   3.100  0.538  7.37    0.95   -3.93    0.36    0.00   -3.57 3.407E+00

  10.590 29.810  8.69    0.80   -4.02    0.33    0.00   -3.69  0.806
   3.100  0.618  6.25    0.82   -6.68    0.34    0.00   -6.34 1.519E+00

  10.590 31.730  9.81    0.73   -6.10    0.38    0.00   -5.71  0.936
   3.100  0.698  5.12    0.75   -9.02    0.39    0.00   -8.62 6.255E-01

  10.590 33.550 10.94    0.71   -8.02    0.56    0.00   -7.46  1.178
   3.100  0.778  4.00    0.73  -11.16    0.56    0.00  -10.60 2.410E-01

  10.590 36.120 11.81    0.77   -8.82    0.72    0.00   -8.10  1.281
   2.900  0.818  3.50    0.80  -12.07    0.73    0.00  -11.35 1.237E-01

  0.000 0.000  0.000 .000  0.00  0.00  0.00  0.00  0.00  0.00 0.000
                           0.00  0.00  0.00  0.00  0.00  0.00 0.000E+00

