EXTERNAL/TSAI:  VERSION OF 8/8/96

Marathon                                                                
He3_kin4.inp                                                            
                                                                        
Hall A 2018: 25 cm He3 target                                           
Nominal values - not exact                                              

----*----1----*----2----*----3----*----4----*----5----*----6----*----7--
                                                                        

TARGET (iZ,iA) = (  2,  3);   avgA =   3.000; amuM=  3.016; avgM=  2.809
 targ=TRITIUM; ttarg(rl)=0.00075; twall=0.00481; tbeam=0.00342; tspec=0.00732
         Nseg  =   4
 MODELS: P elastc(ikk)=14; deut elastic=13; inelastc=206; Pauli Supresion= 4
 NUCLEAR METHOD= 1;   NUCLEAR_MODEL= 1
 DIS MODEL= 1

    E1    TH    Q2 COS_K         SMR     NUC          INT-SMR
    EP     X    W2 QE-PK  INELA  Q-ELA  ELAST   TOTAL  MODEL

  10.589 20.759  4.18    2.22    8.74    1.25    0.03   10.01  0.813
   3.038  0.295 10.87    2.45    6.69    1.35    0.03    8.07 8.150E+00

  10.589 21.217  4.42    1.97    7.62    1.06    0.02    8.70  0.807
   3.082  0.314 10.54    2.16    5.31    1.15    0.02    6.48 7.092E+00

  10.589 21.809  4.69    1.79    6.61    0.92    0.01    7.54  0.800
   3.096  0.334 10.25    1.96    4.07    1.00    0.01    5.08 6.018E+00

  10.589 22.449  4.97    1.64    5.73    0.81    0.01    6.55  0.793
   3.099  0.354  9.96    1.78    2.99    0.87    0.01    3.87 5.052E+00

  10.589 22.991  5.24    1.50    4.84    0.71    0.00    5.56  0.787
   3.115  0.374  9.67    1.63    1.90    0.77    0.00    2.67 4.307E+00

  0.000 0.000  0.000 .000  0.00  0.00  0.00  0.00  0.00  0.00 0.000
                           0.00  0.00  0.00  0.00  0.00  0.00 0.000E+00

