EXTERNAL/TSAI:  VERSION OF 8/8/96

Marathon                                                                
H3_kin5.inp                                                             
                                                                        
Hall A 2018: 25 cm Tritium target                                       
Nominal values - not exact                                              

----*----1----*----2----*----3----*----4----*----5----*----6----*----7--
                                                                        

TARGET (iZ,iA) = (  1,  3);   avgA =   3.000; amuM=  3.016; avgM=  2.809
 targ=TRITIUM; ttarg(rl)=0.00042; twall=0.00481; tbeam=0.00342; tspec=0.00732
         Nseg  =   4
 MODELS: P elastc(ikk)=14; deut elastic=13; inelastc=206; Pauli Supresion= 4
 NUCLEAR METHOD= 1;   NUCLEAR_MODEL= 1
 DIS MODEL= 1

    E1    TH    Q2 COS_K         SMR     NUC          INT-SMR
    EP     X    W2 QE-PK  INELA  Q-ELA  ELAST   TOTAL  MODEL

  10.589 22.015  4.69    1.58    6.46    0.82    0.01    7.30  0.783
   3.036  0.331 10.37    1.72    3.80    0.89    0.01    4.70 5.060E+00

  10.589 22.456  4.95    1.43    5.46    0.71    0.01    6.18  0.772
   3.080  0.351 10.02    1.56    2.57    0.76    0.01    3.34 4.348E+00

  10.589 23.041  5.23    1.32    4.50    0.62    0.01    5.13  0.762
   3.097  0.372  9.71    1.43    1.41    0.67    0.01    2.08 3.633E+00

  10.589 23.687  5.53    1.24    3.65    0.55    0.00    4.20  0.751
   3.101  0.394  9.40    1.33    0.37    0.59    0.00    0.97 2.993E+00

  10.589 24.222  5.81    1.15    2.80    0.49    0.00    3.29  0.743
   3.118  0.415  9.09    1.23   -0.66    0.53    0.00   -0.13 2.507E+00

  0.000 0.000  0.000 .000  0.00  0.00  0.00  0.00  0.00  0.00 0.000
                           0.00  0.00  0.00  0.00  0.00  0.00 0.000E+00

