EXTERNAL/TSAI:  VERSION OF 8/8/96

Marathon                                                                
H1_kin2.inp                                                             
                                                                        
Hall A 2018: 25 cm Deuterium target                                     
Nominal values - not exact                                              

----*----1----*----2----*----3----*----4----*----5----*----6----*----7--
                                                                        

TARGET (iZ,iA) = (  1,  1);   avgA =   1.000; amuM=  1.007; avgM=  0.938
 targ=TRITIUM; ttarg(rl)=0.00113; twall=0.00481; tbeam=0.00342; tspec=0.00732
         Nseg  =   4
 MODELS: P elastc(ikk)=14; deut elastic=13; inelastc=206; Pauli Supresion= 4
 NUCLEAR METHOD= 1;   NUCLEAR_MODEL= 1
 DIS MODEL= 1

    E1    TH    Q2 COS_K         SMR     NUC          INT-SMR
    EP     X    W2 QE-PK  INELA  Q-ELA  ELAST   TOTAL  MODEL

  10.589 17.977  3.16    3.94   13.67    0.00    4.00   17.67  1.000
   3.055  0.223 11.86    4.42   12.94    0.00    4.49   17.43 6.010E+00

  10.589 18.604  3.43    3.35   12.23    0.00    3.40   15.63  1.000
   3.095  0.244 11.52    3.74   11.11    0.00    3.79   14.91 5.102E+00

  10.589 19.414  3.73    2.90   10.89    0.00    2.94   13.82  1.000
   3.100  0.266 11.20    3.22    9.43    0.00    3.26   12.69 4.174E+00

  10.589 20.145  4.03    2.53    9.63    0.00    2.56   12.19  1.000
   3.112  0.287 10.88    2.80    7.86    0.00    2.83   10.69 3.470E+00

  0.000 0.000  0.000 .000  0.00  0.00  0.00  0.00  0.00  0.00 0.000
                           0.00  0.00  0.00  0.00  0.00  0.00 0.000E+00

