EXTERNAL/TSAI:  VERSION OF 8/8/96

Marathon                                                                
H3_kin3.inp                                                             
                                                                        
Hall A 2018: 25 cm Tritium target                                       
Nominal values - not exact                                              

----*----1----*----2----*----3----*----4----*----5----*----6----*----7--
                                                                        

TARGET (iZ,iA) = (  1,  3);   avgA =   3.000; amuM=  3.016; avgM=  2.809
 targ=TRITIUM; ttarg(rl)=0.00042; twall=0.00481; tbeam=0.00342; tspec=0.00732
         Nseg  =   4
 MODELS: P elastc(ikk)=14; deut elastic=13; inelastc=206; Pauli Supresion= 4
 NUCLEAR METHOD= 1;   NUCLEAR_MODEL= 1
 DIS MODEL= 1

    E1    TH    Q2 COS_K         SMR     NUC          INT-SMR
    EP     X    W2 QE-PK  INELA  Q-ELA  ELAST   TOTAL  MODEL

  10.589 19.388  3.65    2.14   10.05    1.34    0.06   11.44  0.822
   3.043  0.258 11.39    2.37    8.19    1.44    0.06    9.69 1.024E+01

  10.589 19.853  3.89    1.92    8.94    1.14    0.04   10.12  0.813
   3.088  0.276 11.07    2.11    6.81    1.23    0.04    8.09 8.876E+00

  10.589 20.469  4.14    1.76    7.94    1.00    0.03    8.97  0.803
   3.098  0.295 10.80    1.93    5.60    1.08    0.03    6.70 7.473E+00

  10.589 21.113  4.41    1.62    7.03    0.88    0.02    7.93  0.793
   3.101  0.314 10.52    1.78    4.49    0.95    0.02    5.45 6.253E+00

  10.589 21.656  4.66    1.50    6.14    0.77    0.01    6.93  0.783
   3.116  0.332 10.25    1.63    3.39    0.83    0.01    4.24 5.327E+00

  0.000 0.000  0.000 .000  0.00  0.00  0.00  0.00  0.00  0.00 0.000
                           0.00  0.00  0.00  0.00  0.00  0.00 0.000E+00

