EXTERNAL/TSAI:  VERSION OF 8/8/96

Marathon                                                                
He3_kin5.inp                                                            
                                                                        
Hall A 2018: 25 cm He3 target                                           
Nominal values - not exact                                              

----*----1----*----2----*----3----*----4----*----5----*----6----*----7--
                                                                        

TARGET (iZ,iA) = (  2,  3);   avgA =   3.000; amuM=  3.016; avgM=  2.809
 targ=TRITIUM; ttarg(rl)=0.00075; twall=0.00481; tbeam=0.00342; tspec=0.00732
         Nseg  =   4
 MODELS: P elastc(ikk)=14; deut elastic=13; inelastc=206; Pauli Supresion= 4
 NUCLEAR METHOD= 1;   NUCLEAR_MODEL= 1
 DIS MODEL= 1

    E1    TH    Q2 COS_K         SMR     NUC          INT-SMR
    EP     X    W2 QE-PK  INELA  Q-ELA  ELAST   TOTAL  MODEL

  10.589 22.009  4.69    1.88    6.95    0.98    0.01    7.93  0.800
   3.036  0.331 10.37    2.06    4.49    1.06    0.01    5.56 5.895E+00

  10.589 22.459  4.95    1.68    5.89    0.83    0.01    6.72  0.793
   3.080  0.351 10.02    1.82    3.19    0.90    0.01    4.09 5.096E+00

  10.589 23.044  5.23    1.53    4.96    0.72    0.01    5.69  0.787
   3.096  0.372  9.71    1.66    2.04    0.78    0.01    2.83 4.298E+00

  10.589 23.690  5.53    1.40    4.05    0.64    0.00    4.70  0.782
   3.101  0.394  9.40    1.52    0.94    0.69    0.00    1.63 3.571E+00

  10.589 24.223  5.81    1.29    3.19    0.57    0.00    3.76  0.778
   3.118  0.415  9.09    1.39   -0.12    0.61    0.00    0.50 3.020E+00

  0.000 0.000  0.000 .000  0.00  0.00  0.00  0.00  0.00  0.00 0.000
                           0.00  0.00  0.00  0.00  0.00  0.00 0.000E+00

