EXTERNAL/TSAI:  VERSION OF 8/8/96

Marathon                                                                
H1_kin4.inp                                                             
                                                                        
Hall A 2018: 25 cm Deuterium target                                     
Nominal values - not exact                                              

----*----1----*----2----*----3----*----4----*----5----*----6----*----7--
                                                                        

TARGET (iZ,iA) = (  1,  1);   avgA =   1.000; amuM=  1.007; avgM=  0.938
 targ=TRITIUM; ttarg(rl)=0.00113; twall=0.00481; tbeam=0.00342; tspec=0.00732
         Nseg  =   4
 MODELS: P elastc(ikk)=14; deut elastic=13; inelastc=206; Pauli Supresion= 4
 NUCLEAR METHOD= 1;   NUCLEAR_MODEL= 1
 DIS MODEL= 1

    E1    TH    Q2 COS_K         SMR     NUC          INT-SMR
    EP     X    W2 QE-PK  INELA  Q-ELA  ELAST   TOTAL  MODEL

  10.589 20.763  4.18    2.54    9.50    0.00    2.56   12.06  1.000
   3.038  0.295 10.87    2.80    7.69    0.00    2.83   10.52 3.062E+00

  10.589 21.214  4.42    2.23    8.37    0.00    2.25   10.61  1.000
   3.082  0.314 10.54    2.45    6.29    0.00    2.47    8.76 2.689E+00

  10.589 21.814  4.69    2.00    7.34    0.00    2.01    9.35  1.000
   3.095  0.334 10.25    2.19    5.00    0.00    2.20    7.21 2.298E+00

  10.589 22.453  4.97    1.81    6.39    0.00    1.82    8.21  1.000
   3.099  0.354  9.96    1.97    3.83    0.00    1.98    5.81 1.945E+00

  10.589 22.988  5.24    1.63    5.44    0.00    1.64    7.09  1.000
   3.115  0.374  9.67    1.77    2.66    0.00    1.79    4.45 1.674E+00

  0.000 0.000  0.000 .000  0.00  0.00  0.00  0.00  0.00  0.00 0.000
                           0.00  0.00  0.00  0.00  0.00  0.00 0.000E+00

