EXTERNAL/TSAI:  VERSION OF 8/8/96

Marathon                                                                
H3_kin2.inp                                                             
                                                                        
Hall A 2018: 25 cm Tritium target                                       
Nominal values - not exact                                              

----*----1----*----2----*----3----*----4----*----5----*----6----*----7--
                                                                        

TARGET (iZ,iA) = (  1,  3);   avgA =   3.000; amuM=  3.016; avgM=  2.809
 targ=TRITIUM; ttarg(rl)=0.00042; twall=0.00481; tbeam=0.00342; tspec=0.00732
         Nseg  =   4
 MODELS: P elastc(ikk)=14; deut elastic=13; inelastc=206; Pauli Supresion= 4
 NUCLEAR METHOD= 1;   NUCLEAR_MODEL= 1
 DIS MODEL= 1

    E1    TH    Q2 COS_K         SMR     NUC          INT-SMR
    EP     X    W2 QE-PK  INELA  Q-ELA  ELAST   TOTAL  MODEL

  10.589 17.976  3.16    2.53   12.03    1.73    0.11   13.87  0.837
   3.055  0.223 11.86    2.84   10.65    1.86    0.11   12.63 1.485E+01

  10.589 18.605  3.42    2.23   10.68    1.44    0.07   12.20  0.829
   3.095  0.244 11.52    2.48    8.98    1.56    0.08   10.61 1.238E+01

  10.589 19.415  3.73    1.99    9.49    1.22    0.05   10.76  0.819
   3.100  0.266 11.20    2.21    7.49    1.32    0.05    8.85 9.935E+00

  10.589 20.143  4.03    1.80    8.27    1.04    0.03    9.34  0.808
   3.112  0.287 10.88    1.98    6.00    1.12    0.03    7.15 8.114E+00

  0.000 0.000  0.000 .000  0.00  0.00  0.00  0.00  0.00  0.00 0.000
                           0.00  0.00  0.00  0.00  0.00  0.00 0.000E+00

