EXTERNAL/TSAI:  VERSION OF 8/8/96

Marathon                                                                
H1_kin1.inp                                                             
                                                                        
Hall A 2018: 25 cm Deuterium target                                     
Nominal values - not exact                                              

----*----1----*----2----*----3----*----4----*----5----*----6----*----7--
                                                                        

TARGET (iZ,iA) = (  1,  1);   avgA =   1.000; amuM=  1.007; avgM=  0.938
 targ=TRITIUM; ttarg(rl)=0.00113; twall=0.00481; tbeam=0.00342; tspec=0.00732
         Nseg  =   4
 MODELS: P elastc(ikk)=14; deut elastic=13; inelastc=206; Pauli Supresion= 4
 NUCLEAR METHOD= 1;   NUCLEAR_MODEL= 1
 DIS MODEL= 1

    E1    TH    Q2 COS_K         SMR     NUC          INT-SMR
    EP     X    W2 QE-PK  INELA  Q-ELA  ELAST   TOTAL  MODEL

  10.589 16.452  2.66    5.11   16.13    0.00    5.23   21.35  1.000
   3.062  0.188 12.35    5.81   16.09    0.00    5.92   22.01 8.760E+00

  10.589 17.110  2.90    4.35   14.64    0.00    4.43   19.07  1.000
   3.097  0.206 12.04    4.90   14.20    0.00    4.99   19.19 7.383E+00

  10.589 17.924  3.19    3.75   13.27    0.00    3.81   17.08  1.000
   3.100  0.227 11.75    4.21   12.44    0.00    4.27   16.71 6.028E+00

  10.589 18.645  3.46    3.26   11.99    0.00    3.31   15.29  1.000
   3.111  0.246 11.45    3.64   10.82    0.00    3.69   14.50 5.031E+00

  0.000 0.000  0.000 .000  0.00  0.00  0.00  0.00  0.00  0.00 0.000
                           0.00  0.00  0.00  0.00  0.00  0.00 0.000E+00

