EXTERNAL/TSAI:  VERSION OF 8/8/96

Marathon                                                                
H3_kin0.inp                                                             
                                                                        
Hall A 2018: 25 cm Tritium target                                       
Nominal values - not exact                                              

----*----1----*----2----*----3----*----4----*----5----*----6----*----7--
                                                                        

TARGET (iZ,iA) = (  1,  3);   avgA =   3.000; amuM=  3.016; avgM=  2.809
 targ=TRITIUM; ttarg(rl)=0.00042; twall=0.00481; tbeam=0.00342; tspec=0.00732
         Nseg  =   4
 MODELS: P elastc(ikk)=14; deut elastic=13; inelastc=206; Pauli Supresion= 4
 NUCLEAR METHOD= 1;   NUCLEAR_MODEL= 1
 DIS MODEL= 1

    E1    TH    Q2 COS_K         SMR     NUC          INT-SMR
    EP     X    W2 QE-PK  INELA  Q-ELA  ELAST   TOTAL  MODEL

  10.589 15.679  2.41    3.47   15.53    2.65    0.30   18.49  0.853
   3.059  0.171 12.60    3.94   15.09    2.87    0.30   18.27 2.763E+01

  10.589 16.334  2.64    3.04   14.16    2.24    0.21   16.61  0.850
   3.094  0.188 12.30    3.44   13.34    2.42    0.21   15.98 2.289E+01

  10.589 17.142  2.91    2.71   12.86    1.91    0.15   14.92  0.844
   3.098  0.207 12.02    3.04   11.71    2.06    0.15   13.92 1.835E+01

  10.589 17.874  3.18    2.42   11.61    1.63    0.10   13.34  0.837
   3.106  0.226 11.75    2.71   10.15    1.76    0.10   12.01 1.501E+01

  0.000 0.000  0.000 .000  0.00  0.00  0.00  0.00  0.00  0.00 0.000
                           0.00  0.00  0.00  0.00  0.00  0.00 0.000E+00

