EXTERNAL/TSAI:  VERSION OF 8/8/96

Marathon                                                                
D2_kin15.inp                                                            
                                                                        
Hall A 2018: 25 cm Deuterium target                                     
Nominal values - not exact                                              

----*----1----*----2----*----3----*----4----*----5----*----6----*----7--
                                                                        

TARGET (iZ,iA) = (  1,  2);   avgA =   2.000; amuM=  2.013; avgM=  1.875
 targ=TRITIUM; ttarg(rl)=0.00114; twall=0.00445; tbeam=0.00298; tspec=0.00759
         Nseg  =   4
 MODELS: P elastc(ikk)=14; deut elastic=13; inelastc=206; Pauli Supresion= 4
 NUCLEAR METHOD= 1;   NUCLEAR_MODEL= 1
 DIS MODEL=111

    E1    TH    Q2 COS_K         SMR     NUC          INT-SMR
    EP     X    W2 QE-PK  INELA  Q-ELA  ELAST   TOTAL  MODEL

 Deut Elastic Model: ia,iamec,rsc,rscmec (1,2,3,4)=  3
 TJON DEUT ELASTIC FILESS TO BE OPEN=rscctj.tjon_input   rscqtj.tjon_input   rscmtj.tjon_input   
  10.589 32.476 10.02    0.68   -5.70    0.36    0.00   -5.34  0.924
   3.027  0.706  5.05    0.72  -10.70    0.38    0.00  -10.31 9.878E-02

  10.589 32.891 10.39    0.66   -6.58    0.37    0.00   -6.21  0.935
   3.060  0.735  4.62    0.70  -11.76    0.40    0.00  -11.36 7.197E-02

  10.589 33.314 10.76    0.66   -7.48    0.40    0.00   -7.07  0.960
   3.091  0.764  4.20    0.70  -12.83    0.44    0.00  -12.39 5.138E-02

  10.589 33.830 11.14    0.67   -8.40    0.47    0.00   -7.93  1.003
   3.108  0.794  3.78    0.72  -13.92    0.51    0.00  -13.41 3.545E-02

  10.589 34.278 11.51    0.72   -9.40    0.58    0.00   -8.81  1.078
   3.130  0.823  3.36    0.78  -15.09    0.63    0.00  -14.46 2.417E-02

  0.000 0.000  0.000 .000  0.00  0.00  0.00  0.00  0.00  0.00 0.000
                           0.00  0.00  0.00  0.00  0.00  0.00 0.000E+00

