EXTERNAL/TSAI:  VERSION OF 8/8/96

Marathon                                                                
D2_kin4.inp                                                             
                                                                        
Hall A 2018: 25 cm Deuterium target                                     
Nominal values - not exact                                              

----*----1----*----2----*----3----*----4----*----5----*----6----*----7--
                                                                        

TARGET (iZ,iA) = (  1,  2);   avgA =   2.000; amuM=  2.013; avgM=  1.875
 targ=TRITIUM; ttarg(rl)=0.00114; twall=0.00445; tbeam=0.00298; tspec=0.00759
         Nseg  =   4
 MODELS: P elastc(ikk)=14; deut elastic=13; inelastc=206; Pauli Supresion= 4
 NUCLEAR METHOD= 1;   NUCLEAR_MODEL= 1
 DIS MODEL=111

    E1    TH    Q2 COS_K         SMR     NUC          INT-SMR
    EP     X    W2 QE-PK  INELA  Q-ELA  ELAST   TOTAL  MODEL

 Deut Elastic Model: ia,iamec,rsc,rscmec (1,2,3,4)=  3
 TJON DEUT ELASTIC FILESS TO BE OPEN=rscctj.tjon_input   rscqtj.tjon_input   rscmtj.tjon_input   
  10.589 21.260  4.45    1.80    7.53    1.17    0.01    8.71  0.966
   3.084  0.316 10.52    1.97    5.20    1.26    0.01    6.47 4.351E+00

  10.589 22.132  4.84    1.59    6.18    0.97    0.01    7.16  0.960
   3.100  0.344 10.10    1.72    3.55    1.04    0.01    4.60 3.409E+00

  10.589 22.946  5.22    1.41    4.94    0.81    0.01    5.76  0.953
   3.116  0.372  9.68    1.52    2.03    0.88    0.01    2.92 2.692E+00

  0.000 0.000  0.000 .000  0.00  0.00  0.00  0.00  0.00  0.00 0.000
                           0.00  0.00  0.00  0.00  0.00  0.00 0.000E+00

