EXTERNAL/TSAI:  VERSION OF 8/8/96

Marathon                                                                
He3_kin4.inp                                                            
                                                                        
Hall A 2018: 25 cm He3 target                                           
Nominal values - not exact                                              

----*----1----*----2----*----3----*----4----*----5----*----6----*----7--
                                                                        

TARGET (iZ,iA) = (  2,  3);   avgA =   3.000; amuM=  3.016; avgM=  2.809
 targ=TRITIUM; ttarg(rl)=0.00075; twall=0.00519; tbeam=0.00285; tspec=0.00759
         Nseg  =   4
 MODELS: P elastc(ikk)=14; deut elastic=13; inelastc=206; Pauli Supresion= 4
 NUCLEAR METHOD= 1;   NUCLEAR_MODEL= 1
 DIS MODEL=111

    E1    TH    Q2 COS_K         SMR     NUC          INT-SMR
    EP     X    W2 QE-PK  INELA  Q-ELA  ELAST   TOTAL  MODEL

  10.589 21.260  4.45    1.95    7.58    1.09    0.02    8.69  0.846
   3.085  0.316 10.52    2.11    4.92    1.16    0.02    6.10 7.021E+00

  10.589 22.130  4.84    1.71    6.22    0.91    0.01    7.13  0.844
   3.100  0.344 10.10    1.83    3.25    0.96    0.01    4.23 5.515E+00

  10.589 22.946  5.22    1.51    4.94    0.76    0.01    5.71  0.840
   3.117  0.372  9.68    1.61    1.70    0.81    0.01    2.52 4.357E+00

  0.000 0.000  0.000 .000  0.00  0.00  0.00  0.00  0.00  0.00 0.000
                           0.00  0.00  0.00  0.00  0.00  0.00 0.000E+00

