EXTERNAL/TSAI:  VERSION OF 8/8/96

Marathon                                                                
D2_kin9.inp                                                             
                                                                        
Hall A 2018: 25 cm Deuterium target                                     
Nominal values - not exact                                              

----*----1----*----2----*----3----*----4----*----5----*----6----*----7--
                                                                        

TARGET (iZ,iA) = (  1,  2);   avgA =   2.000; amuM=  2.013; avgM=  1.875
 targ=TRITIUM; ttarg(rl)=0.00114; twall=0.00445; tbeam=0.00298; tspec=0.00759
         Nseg  =   4
 MODELS: P elastc(ikk)=14; deut elastic=13; inelastc=206; Pauli Supresion= 4
 NUCLEAR METHOD= 1;   NUCLEAR_MODEL= 1
 DIS MODEL=111

    E1    TH    Q2 COS_K         SMR     NUC          INT-SMR
    EP     X    W2 QE-PK  INELA  Q-ELA  ELAST   TOTAL  MODEL

 Deut Elastic Model: ia,iamec,rsc,rscmec (1,2,3,4)=  3
 TJON DEUT ELASTIC FILESS TO BE OPEN=rscctj.tjon_input   rscqtj.tjon_input   rscmtj.tjon_input   
  10.589 26.440  6.68    1.09    1.53    0.55    0.00    2.08  0.932
   3.016  0.470  8.41    1.16   -2.06    0.59    0.00   -1.48 1.047E+00

  10.589 26.894  7.01    0.99    0.53    0.48    0.00    1.00  0.921
   3.060  0.496  8.00    1.05   -3.28    0.51    0.00   -2.77 8.584E-01

  10.589 27.444  7.38    0.90   -0.49    0.42    0.00   -0.06  0.919
   3.095  0.525  7.57    0.95   -4.51    0.46    0.00   -4.05 6.805E-01

  10.589 28.156  7.78    0.84   -1.44    0.39    0.00   -1.05  0.915
   3.105  0.554  7.14    0.88   -5.65    0.42    0.00   -5.23 5.202E-01

  10.589 28.699  8.15    0.78   -2.36    0.36    0.00   -2.01  0.911
   3.132  0.582  6.73    0.82   -6.76    0.39    0.00   -6.37 4.051E-01

  10.589 29.026  8.46    0.72   -3.24    0.34    0.00   -2.90  0.910
   3.179  0.608  6.33    0.76   -7.82    0.36    0.00   -7.46 3.255E-01

  0.000 0.000  0.000 .000  0.00  0.00  0.00  0.00  0.00  0.00 0.000
                           0.00  0.00  0.00  0.00  0.00  0.00 0.000E+00

