EXTERNAL/TSAI:  VERSION OF 8/8/96

Marathon                                                                
H3_kin16.inp                                                            
                                                                        
Hall A 2018: 25 cm Tritium target                                       
Nominal values - not exact                                              

----*----1----*----2----*----3----*----4----*----5----*----6----*----7--
                                                                        

TARGET (iZ,iA) = (  1,  3);   avgA =   3.000; amuM=  3.016; avgM=  2.809
 targ=TRITIUM; ttarg(rl)=0.00045; twall=0.00481; tbeam=0.00291; tspec=0.00759
         Nseg  =   4
 MODELS: P elastc(ikk)=14; deut elastic=13; inelastc=206; Pauli Supresion= 4
 NUCLEAR METHOD= 1;   NUCLEAR_MODEL= 1
 DIS MODEL=111

    E1    TH    Q2 COS_K         SMR     NUC          INT-SMR
    EP     X    W2 QE-PK  INELA  Q-ELA  ELAST   TOTAL  MODEL

  10.589 34.908 10.75    0.76   -6.25    0.41    0.00   -5.84  0.900
   2.821  0.737  4.71    0.80  -11.35    0.43    0.00  -10.92 7.236E-02

  10.589 35.355 11.12    0.75   -7.11    0.47    0.00   -6.65  0.983
   2.848  0.766  4.28    0.79  -12.35    0.49    0.00  -11.86 5.197E-02

  10.589 35.780 11.50    0.75   -8.04    0.57    0.00   -7.47  1.110
   2.878  0.795  3.85    0.79  -13.43    0.59    0.00  -12.84 3.648E-02

  10.589 36.234 11.89    0.77   -9.07    0.73    0.00   -8.33  1.277
   2.902  0.824  3.42    0.83  -14.60    0.75    0.00  -13.84 2.520E-02

  0.000 0.000  0.000 .000  0.00  0.00  0.00  0.00  0.00  0.00 0.000
                           0.00  0.00  0.00  0.00  0.00  0.00 0.000E+00

