EXTERNAL/TSAI:  VERSION OF 8/8/96

Marathon                                                                
D2_kin3.inp                                                             
                                                                        
Hall A 2018: 25 cm Deuterium target                                     
Nominal values - not exact                                              

----*----1----*----2----*----3----*----4----*----5----*----6----*----7--
                                                                        

TARGET (iZ,iA) = (  1,  2);   avgA =   2.000; amuM=  2.013; avgM=  1.875
 targ=TRITIUM; ttarg(rl)=0.00114; twall=0.00445; tbeam=0.00298; tspec=0.00759
         Nseg  =   4
 MODELS: P elastc(ikk)=14; deut elastic=13; inelastc=206; Pauli Supresion= 4
 NUCLEAR METHOD= 1;   NUCLEAR_MODEL= 1
 DIS MODEL=111

    E1    TH    Q2 COS_K         SMR     NUC          INT-SMR
    EP     X    W2 QE-PK  INELA  Q-ELA  ELAST   TOTAL  MODEL

 Deut Elastic Model: ia,iamec,rsc,rscmec (1,2,3,4)=  3
 TJON DEUT ELASTIC FILESS TO BE OPEN=rscctj.tjon_input   rscqtj.tjon_input   rscmtj.tjon_input   
  10.589 19.411  3.67    2.41   10.53    1.74    0.03   12.31  0.970
   3.050  0.260 11.36    2.66    8.88    1.88    0.03   10.80 7.174E+00

  10.589 20.119  4.00    2.07    9.02    1.41    0.02   10.45  0.967
   3.097  0.285 10.94    2.27    7.02    1.52    0.02    8.56 5.853E+00

  10.589 21.101  4.41    1.80    7.54    1.16    0.01    8.72  0.965
   3.105  0.314 10.52    1.96    5.21    1.25    0.01    6.48 4.494E+00

  10.589 21.798  4.75    1.58    6.26    0.97    0.01    7.23  0.959
   3.137  0.340 10.11    1.71    3.64    1.04    0.01    4.69 3.655E+00

  0.000 0.000  0.000 .000  0.00  0.00  0.00  0.00  0.00  0.00 0.000
                           0.00  0.00  0.00  0.00  0.00  0.00 0.000E+00

