EXTERNAL/TSAI:  VERSION OF 8/8/96

Marathon                                                                
D2_kin11.inp                                                            
                                                                        
Hall A 2018: 25 cm Deuterium target                                     
Nominal values - not exact                                              

----*----1----*----2----*----3----*----4----*----5----*----6----*----7--
                                                                        

TARGET (iZ,iA) = (  1,  2);   avgA =   2.000; amuM=  2.013; avgM=  1.875
 targ=TRITIUM; ttarg(rl)=0.00114; twall=0.00445; tbeam=0.00298; tspec=0.00759
         Nseg  =   4
 MODELS: P elastc(ikk)=14; deut elastic=13; inelastc=206; Pauli Supresion= 4
 NUCLEAR METHOD= 1;   NUCLEAR_MODEL= 1
 DIS MODEL=111

    E1    TH    Q2 COS_K         SMR     NUC          INT-SMR
    EP     X    W2 QE-PK  INELA  Q-ELA  ELAST   TOTAL  MODEL

 Deut Elastic Model: ia,iamec,rsc,rscmec (1,2,3,4)=  3
 TJON DEUT ELASTIC FILESS TO BE OPEN=rscctj.tjon_input   rscqtj.tjon_input   rscmtj.tjon_input   
  10.589 28.702  7.89    0.87   -1.35    0.40    0.00   -0.95  0.916
   3.034  0.557  7.16    0.91   -5.52    0.43    0.00   -5.09 4.775E-01

  10.589 29.169  8.26    0.80   -2.33    0.37    0.00   -1.96  0.912
   3.075  0.586  6.72    0.84   -6.70    0.40    0.00   -6.30 3.737E-01

  10.589 29.723  8.63    0.74   -3.24    0.35    0.00   -2.89  0.907
   3.099  0.614  6.30    0.78   -7.80    0.37    0.00   -7.42 2.859E-01

  10.589 30.358  9.03    0.70   -4.10    0.34    0.00   -3.76  0.910
   3.110  0.643  5.88    0.74   -8.83    0.36    0.00   -8.46 2.132E-01

  10.589 30.783  9.39    0.66   -5.00    0.33    0.00   -4.67  0.913
   3.146  0.672  5.46    0.70   -9.90    0.35    0.00   -9.55 1.613E-01

  0.000 0.000  0.000 .000  0.00  0.00  0.00  0.00  0.00  0.00 0.000
                           0.00  0.00  0.00  0.00  0.00  0.00 0.000E+00

