EXTERNAL/TSAI:  VERSION OF 8/8/96

Marathon                                                                
H3_kin5.inp                                                             
                                                                        
Hall A 2018: 25 cm Tritium target                                       
Nominal values - not exact                                              

----*----1----*----2----*----3----*----4----*----5----*----6----*----7--
                                                                        

TARGET (iZ,iA) = (  1,  3);   avgA =   3.000; amuM=  3.016; avgM=  2.809
 targ=TRITIUM; ttarg(rl)=0.00045; twall=0.00481; tbeam=0.00291; tspec=0.00759
         Nseg  =   4
 MODELS: P elastc(ikk)=14; deut elastic=13; inelastc=206; Pauli Supresion= 4
 NUCLEAR METHOD= 1;   NUCLEAR_MODEL= 1
 DIS MODEL=111

    E1    TH    Q2 COS_K         SMR     NUC          INT-SMR
    EP     X    W2 QE-PK  INELA  Q-ELA  ELAST   TOTAL  MODEL

  10.589 22.335  4.88    1.47    5.66    0.81    0.01    6.48  0.856
   3.074  0.346 10.10    1.58    2.70    0.86    0.01    3.57 4.501E+00

  10.589 23.090  5.26    1.31    4.42    0.68    0.01    5.11  0.846
   3.100  0.374  9.67    1.40    1.20    0.72    0.01    1.93 3.565E+00

  10.589 23.932  5.66    1.19    3.26    0.58    0.00    3.85  0.834
   3.110  0.404  9.25    1.27   -0.19    0.61    0.00    0.42 2.761E+00

  10.589 24.447  5.99    1.08    2.19    0.50    0.00    2.69  0.823
   3.154  0.429  8.84    1.14   -1.49    0.53    0.00   -0.96 2.267E+00

  0.000 0.000  0.000 .000  0.00  0.00  0.00  0.00  0.00  0.00 0.000
                           0.00  0.00  0.00  0.00  0.00  0.00 0.000E+00

