EXTERNAL/TSAI:  VERSION OF 8/8/96

Marathon                                                                
H1_kin1.inp                                                             
                                                                        
Hall A 2018: 25 cm Deuterium target                                     
Nominal values - not exact                                              

----*----1----*----2----*----3----*----4----*----5----*----6----*----7--
                                                                        

TARGET (iZ,iA) = (  1,  1);   avgA =   1.000; amuM=  1.007; avgM=  0.938
 targ=TRITIUM; ttarg(rl)=0.00113; twall=0.00478; tbeam=0.00406; tspec=0.00759
         Nseg  =   4
 MODELS: P elastc(ikk)=14; deut elastic=13; inelastc=206; Pauli Supresion= 4
 NUCLEAR METHOD= 1;   NUCLEAR_MODEL= 1
 DIS MODEL=111

    E1    TH    Q2 COS_K         SMR     NUC          INT-SMR
    EP     X    W2 QE-PK  INELA  Q-ELA  ELAST   TOTAL  MODEL

  10.589 16.736  2.77    4.73   15.35    0.00    4.83   20.18  1.000
   3.085  0.196 12.20    5.45   15.36    0.00    5.55   20.92 8.119E+00

  10.589 17.805  3.15    3.82   13.38    0.00    3.88   17.27  1.000
   3.102  0.224 11.78    4.37   12.81    0.00    4.43   17.24 6.197E+00

  10.589 18.745  3.51    3.16   11.65    0.00    3.21   14.86  1.000
   3.122  0.250 11.39    3.59   10.58    0.00    3.63   14.21 4.885E+00

  0.000 0.000  0.000 .000  0.00  0.00  0.00  0.00  0.00  0.00 0.000
                           0.00  0.00  0.00  0.00  0.00  0.00 0.000E+00

