EXTERNAL/TSAI:  VERSION OF 8/8/96

Marathon                                                                
D2_kin13.inp                                                            
                                                                        
Hall A 2018: 25 cm Deuterium target                                     
Nominal values - not exact                                              

----*----1----*----2----*----3----*----4----*----5----*----6----*----7--
                                                                        

TARGET (iZ,iA) = (  1,  2);   avgA =   2.000; amuM=  2.013; avgM=  1.875
 targ=TRITIUM; ttarg(rl)=0.00114; twall=0.00445; tbeam=0.00298; tspec=0.00759
         Nseg  =   4
 MODELS: P elastc(ikk)=14; deut elastic=13; inelastc=206; Pauli Supresion= 4
 NUCLEAR METHOD= 1;   NUCLEAR_MODEL= 1
 DIS MODEL=111

    E1    TH    Q2 COS_K         SMR     NUC          INT-SMR
    EP     X    W2 QE-PK  INELA  Q-ELA  ELAST   TOTAL  MODEL

 Deut Elastic Model: ia,iamec,rsc,rscmec (1,2,3,4)=  3
 TJON DEUT ELASTIC FILESS TO BE OPEN=rscctj.tjon_input   rscqtj.tjon_input   rscmtj.tjon_input   
  10.589 30.430  8.79    0.77   -3.16    0.36    0.00   -2.80  0.910
   3.014  0.619  6.30    0.81   -7.68    0.39    0.00   -7.29 2.550E-01

  10.589 30.850  9.14    0.72   -4.03    0.35    0.00   -3.69  0.910
   3.049  0.646  5.89    0.76   -8.73    0.37    0.00   -8.36 1.975E-01

  10.589 31.287  9.50    0.68   -4.94    0.34    0.00   -4.60  0.913
   3.086  0.675  5.46    0.72   -9.82    0.36    0.00   -9.46 1.485E-01

  10.589 31.840  9.89    0.66   -5.80    0.34    0.00   -5.46  0.920
   3.103  0.704  5.04    0.69  -10.84    0.37    0.00  -10.47 1.084E-01

  10.589 32.380 10.27    0.64   -6.65    0.36    0.00   -6.29  0.935
   3.120  0.733  4.62    0.68  -11.86    0.39    0.00  -11.47 7.789E-02

  10.589 32.722 10.62    0.64   -7.53    0.39    0.00   -7.14  0.959
   3.159  0.761  4.21    0.68  -12.92    0.43    0.00  -12.49 5.662E-02

  10.589 33.041 10.93    0.65   -8.39    0.44    0.00   -7.95  0.995
   3.192  0.788  3.83    0.70  -13.94    0.48    0.00  -13.46 4.142E-02

  0.000 0.000  0.000 .000  0.00  0.00  0.00  0.00  0.00  0.00 0.000
                           0.00  0.00  0.00  0.00  0.00  0.00 0.000E+00

