EXTERNAL/TSAI:  VERSION OF 8/8/96

Marathon                                                                
D2_kin5.inp                                                             
                                                                        
Hall A 2018: 25 cm Deuterium target                                     
Nominal values - not exact                                              

----*----1----*----2----*----3----*----4----*----5----*----6----*----7--
                                                                        

TARGET (iZ,iA) = (  1,  2);   avgA =   2.000; amuM=  2.013; avgM=  1.875
 targ=TRITIUM; ttarg(rl)=0.00114; twall=0.00445; tbeam=0.00298; tspec=0.00759
         Nseg  =   4
 MODELS: P elastc(ikk)=14; deut elastic=13; inelastc=206; Pauli Supresion= 4
 NUCLEAR METHOD= 1;   NUCLEAR_MODEL= 1
 DIS MODEL=111

    E1    TH    Q2 COS_K         SMR     NUC          INT-SMR
    EP     X    W2 QE-PK  INELA  Q-ELA  ELAST   TOTAL  MODEL

 Deut Elastic Model: ia,iamec,rsc,rscmec (1,2,3,4)=  3
 TJON DEUT ELASTIC FILESS TO BE OPEN=rscctj.tjon_input   rscqtj.tjon_input   rscmtj.tjon_input   
  10.589 22.344  4.89    1.60    6.17    0.97    0.01    7.15  0.959
   3.073  0.346 10.10    1.73    3.53    1.05    0.01    4.59 3.270E+00

  10.589 23.099  5.26    1.41    4.90    0.81    0.01    5.72  0.953
   3.099  0.374  9.67    1.52    1.99    0.88    0.01    2.87 2.607E+00

  10.589 23.935  5.66    1.27    3.70    0.69    0.00    4.40  0.946
   3.109  0.403  9.25    1.36    0.54    0.75    0.00    1.29 2.036E+00

  10.589 24.442  5.99    1.14    2.59    0.59    0.00    3.19  0.941
   3.155  0.429  8.84    1.21   -0.81    0.64    0.00   -0.16 1.684E+00

  0.000 0.000  0.000 .000  0.00  0.00  0.00  0.00  0.00  0.00 0.000
                           0.00  0.00  0.00  0.00  0.00  0.00 0.000E+00

