EXTERNAL/TSAI:  VERSION OF 8/8/96

Marathon                                                                
He3_kin5.inp                                                            
                                                                        
Hall A 2018: 25 cm He3 target                                           
Nominal values - not exact                                              

----*----1----*----2----*----3----*----4----*----5----*----6----*----7--
                                                                        

TARGET (iZ,iA) = (  2,  3);   avgA =   3.000; amuM=  3.016; avgM=  2.809
 targ=TRITIUM; ttarg(rl)=0.00075; twall=0.00519; tbeam=0.00285; tspec=0.00759
         Nseg  =   4
 MODELS: P elastc(ikk)=14; deut elastic=13; inelastc=206; Pauli Supresion= 4
 NUCLEAR METHOD= 1;   NUCLEAR_MODEL= 1
 DIS MODEL=111

    E1    TH    Q2 COS_K         SMR     NUC          INT-SMR
    EP     X    W2 QE-PK  INELA  Q-ELA  ELAST   TOTAL  MODEL

  10.589 22.336  4.88    1.72    6.21    0.91    0.01    7.13  0.843
   3.074  0.346 10.10    1.84    3.25    0.97    0.01    4.22 5.297E+00

  10.589 23.091  5.26    1.51    4.92    0.76    0.00    5.69  0.840
   3.100  0.374  9.67    1.62    1.68    0.81    0.00    2.49 4.231E+00

  10.589 23.941  5.66    1.35    3.72    0.65    0.00    4.38  0.836
   3.109  0.404  9.25    1.44    0.23    0.69    0.00    0.92 3.299E+00

  10.589 24.450  5.99    1.21    2.61    0.55    0.00    3.16  0.832
   3.154  0.429  8.84    1.28   -1.13    0.59    0.00   -0.54 2.729E+00

  0.000 0.000  0.000 .000  0.00  0.00  0.00  0.00  0.00  0.00 0.000
                           0.00  0.00  0.00  0.00  0.00  0.00 0.000E+00

