EXTERNAL/TSAI:  VERSION OF 8/8/96

Marathon                                                                
H1_kin2.inp                                                             
                                                                        
Hall A 2018: 25 cm Deuterium target                                     
Nominal values - not exact                                              

----*----1----*----2----*----3----*----4----*----5----*----6----*----7--
                                                                        

TARGET (iZ,iA) = (  1,  1);   avgA =   1.000; amuM=  1.007; avgM=  0.938
 targ=TRITIUM; ttarg(rl)=0.00113; twall=0.00478; tbeam=0.00406; tspec=0.00759
         Nseg  =   4
 MODELS: P elastc(ikk)=14; deut elastic=13; inelastc=206; Pauli Supresion= 4
 NUCLEAR METHOD= 1;   NUCLEAR_MODEL= 1
 DIS MODEL=111

    E1    TH    Q2 COS_K         SMR     NUC          INT-SMR
    EP     X    W2 QE-PK  INELA  Q-ELA  ELAST   TOTAL  MODEL

  10.589 18.094  3.22    3.78   13.25    0.00    3.85   17.10  1.000
   3.071  0.228 11.77    4.32   12.63    0.00    4.39   17.02 5.812E+00

  10.589 18.983  3.57    3.12   11.49    0.00    3.16   14.65  1.000
   3.102  0.254 11.36    3.53   10.37    0.00    3.58   13.95 4.632E+00

  10.589 19.998  3.97    2.60    9.81    0.00    2.63   12.44  1.000
   3.111  0.283 10.94    2.93    8.23    0.00    2.96   11.19 3.592E+00

  0.000 0.000  0.000 .000  0.00  0.00  0.00  0.00  0.00  0.00 0.000
                           0.00  0.00  0.00  0.00  0.00  0.00 0.000E+00

