EXTERNAL/TSAI:  VERSION OF 8/8/96

Marathon                                                                
H3_kin13.inp                                                            
                                                                        
Hall A 2018: 25 cm Tritium target                                       
Nominal values - not exact                                              

----*----1----*----2----*----3----*----4----*----5----*----6----*----7--
                                                                        

TARGET (iZ,iA) = (  1,  3);   avgA =   3.000; amuM=  3.016; avgM=  2.809
 targ=TRITIUM; ttarg(rl)=0.00045; twall=0.00481; tbeam=0.00291; tspec=0.00759
         Nseg  =   4
 MODELS: P elastc(ikk)=14; deut elastic=13; inelastc=206; Pauli Supresion= 4
 NUCLEAR METHOD= 1;   NUCLEAR_MODEL= 1
 DIS MODEL=111

    E1    TH    Q2 COS_K         SMR     NUC          INT-SMR
    EP     X    W2 QE-PK  INELA  Q-ELA  ELAST   TOTAL  MODEL

  10.589 30.437  8.79    0.78   -3.40    0.32    0.00   -3.09  0.788
   3.012  0.618  6.31    0.82   -8.09    0.34    0.00   -7.75 3.280E-01

  10.589 30.850  9.14    0.74   -4.26    0.31    0.00   -3.95  0.803
   3.049  0.646  5.89    0.77   -9.11    0.33    0.00   -8.78 2.525E-01

  10.589 31.293  9.50    0.70   -5.14    0.32    0.00   -4.83  0.832
   3.085  0.675  5.46    0.73  -10.15    0.33    0.00   -9.82 1.887E-01

  10.589 31.838  9.89    0.68   -5.95    0.34    0.00   -5.62  0.877
   3.103  0.704  5.04    0.71  -11.11    0.35    0.00  -10.75 1.377E-01

  10.589 32.374 10.27    0.66   -6.79    0.38    0.00   -6.41  0.944
   3.121  0.733  4.62    0.70  -12.09    0.39    0.00  -11.69 9.891E-02

  10.589 32.737 10.62    0.66   -7.65    0.44    0.00   -7.21  1.044
   3.158  0.762  4.20    0.69  -13.09    0.46    0.00  -12.63 7.176E-02

  10.589 33.042 10.93    0.66   -8.48    0.53    0.00   -7.95  1.167
   3.192  0.787  3.83    0.71  -14.06    0.55    0.00  -13.51 5.314E-02

  0.000 0.000  0.000 .000  0.00  0.00  0.00  0.00  0.00  0.00 0.000
                           0.00  0.00  0.00  0.00  0.00  0.00 0.000E+00

