EXTERNAL/TSAI:  VERSION OF 8/8/96

Marathon                                                                
H3_kin4.inp                                                             
                                                                        
Hall A 2018: 25 cm Tritium target                                       
Nominal values - not exact                                              

----*----1----*----2----*----3----*----4----*----5----*----6----*----7--
                                                                        

TARGET (iZ,iA) = (  1,  3);   avgA =   3.000; amuM=  3.016; avgM=  2.809
 targ=TRITIUM; ttarg(rl)=0.00045; twall=0.00481; tbeam=0.00291; tspec=0.00759
         Nseg  =   4
 MODELS: P elastc(ikk)=14; deut elastic=13; inelastc=206; Pauli Supresion= 4
 NUCLEAR METHOD= 1;   NUCLEAR_MODEL= 1
 DIS MODEL=111

    E1    TH    Q2 COS_K         SMR     NUC          INT-SMR
    EP     X    W2 QE-PK  INELA  Q-ELA  ELAST   TOTAL  MODEL

  10.589 21.253  4.44    1.64    6.97    0.96    0.02    7.96  0.866
   3.085  0.316 10.52    1.77    4.29    1.02    0.02    5.33 6.035E+00

  10.589 22.128  4.84    1.46    5.66    0.80    0.01    6.48  0.857
   3.101  0.344 10.10    1.56    2.70    0.85    0.01    3.57 4.689E+00

  10.589 22.937  5.22    1.31    4.45    0.68    0.01    5.14  0.846
   3.117  0.372  9.68    1.40    1.24    0.72    0.01    1.96 3.681E+00

  0.000 0.000  0.000 .000  0.00  0.00  0.00  0.00  0.00  0.00 0.000
                           0.00  0.00  0.00  0.00  0.00  0.00 0.000E+00

