EXTERNAL/TSAI:  VERSION OF 8/8/96

Marathon                                                                
He3_kin2.inp                                                            
                                                                        
Hall A 2018: 25 cm He3 target                                           
Nominal values - not exact                                              

----*----1----*----2----*----3----*----4----*----5----*----6----*----7--
                                                                        

TARGET (iZ,iA) = (  2,  3);   avgA =   3.000; amuM=  3.016; avgM=  2.809
 targ=TRITIUM; ttarg(rl)=0.00075; twall=0.00519; tbeam=0.00285; tspec=0.00759
         Nseg  =   4
 MODELS: P elastc(ikk)=14; deut elastic=13; inelastc=206; Pauli Supresion= 4
 NUCLEAR METHOD= 1;   NUCLEAR_MODEL= 1
 DIS MODEL=111

    E1    TH    Q2 COS_K         SMR     NUC          INT-SMR
    EP     X    W2 QE-PK  INELA  Q-ELA  ELAST   TOTAL  MODEL

  10.589 18.096  3.22    3.15   12.51    2.06    0.09   14.66  0.839
   3.070  0.228 11.77    3.47   11.00    2.19    0.09   13.28 1.602E+01

  10.589 18.984  3.57    2.65   10.84    1.65    0.05   12.54  0.845
   3.101  0.254 11.36    2.90    8.91    1.76    0.05   10.72 1.263E+01

  10.589 20.000  3.97    2.25    9.16    1.34    0.03   10.53  0.847
   3.110  0.283 10.94    2.45    6.86    1.42    0.03    8.31 9.667E+00

  0.000 0.000  0.000 .000  0.00  0.00  0.00  0.00  0.00  0.00 0.000
                           0.00  0.00  0.00  0.00  0.00  0.00 0.000E+00

