EXTERNAL/TSAI:  VERSION OF 8/8/96

Marathon                                                                
H3_kin15.inp                                                            
                                                                        
Hall A 2018: 25 cm Tritium target                                       
Nominal values - not exact                                              

----*----1----*----2----*----3----*----4----*----5----*----6----*----7--
                                                                        

TARGET (iZ,iA) = (  1,  3);   avgA =   3.000; amuM=  3.016; avgM=  2.809
 targ=TRITIUM; ttarg(rl)=0.00045; twall=0.00481; tbeam=0.00291; tspec=0.00759
         Nseg  =   4
 MODELS: P elastc(ikk)=14; deut elastic=13; inelastc=206; Pauli Supresion= 4
 NUCLEAR METHOD= 1;   NUCLEAR_MODEL= 1
 DIS MODEL=111

    E1    TH    Q2 COS_K         SMR     NUC          INT-SMR
    EP     X    W2 QE-PK  INELA  Q-ELA  ELAST   TOTAL  MODEL

  10.589 32.479 10.03    0.70   -5.86    0.35    0.00   -5.51  0.870
   3.026  0.706  5.05    0.73  -10.97    0.36    0.00  -10.60 1.252E-01

  10.589 32.889 10.39    0.68   -6.72    0.38    0.00   -6.34  0.939
   3.061  0.735  4.62    0.72  -11.99    0.40    0.00  -11.58 9.137E-02

  10.589 33.321 10.76    0.67   -7.59    0.45    0.00   -7.14  1.039
   3.090  0.765  4.19    0.71  -13.00    0.47    0.00  -12.53 6.526E-02

  10.589 33.846 11.15    0.68   -8.49    0.56    0.00   -7.93  1.173
   3.106  0.794  3.78    0.73  -14.04    0.58    0.00  -13.46 4.541E-02

  10.589 34.280 11.51    0.73   -9.50    0.74    0.00   -8.76  1.352
   3.130  0.823  3.36    0.78  -15.19    0.76    0.00  -14.43 3.152E-02

  0.000 0.000  0.000 .000  0.00  0.00  0.00  0.00  0.00  0.00 0.000
                           0.00  0.00  0.00  0.00  0.00  0.00 0.000E+00

