EXTERNAL/TSAI:  VERSION OF 8/8/96

Marathon                                                                
He3_kin13.inp                                                           
                                                                        
Hall A 2018: 25 cm He3 target                                           
Nominal values - not exact                                              

----*----1----*----2----*----3----*----4----*----5----*----6----*----7--
                                                                        

TARGET (iZ,iA) = (  2,  3);   avgA =   3.000; amuM=  3.016; avgM=  2.809
 targ=TRITIUM; ttarg(rl)=0.00075; twall=0.00519; tbeam=0.00285; tspec=0.00759
         Nseg  =   4
 MODELS: P elastc(ikk)=14; deut elastic=13; inelastc=206; Pauli Supresion= 4
 NUCLEAR METHOD= 1;   NUCLEAR_MODEL= 1
 DIS MODEL=111

    E1    TH    Q2 COS_K         SMR     NUC          INT-SMR
    EP     X    W2 QE-PK  INELA  Q-ELA  ELAST   TOTAL  MODEL

  10.589 30.440  8.79    0.80   -3.20    0.35    0.00   -2.86  0.839
   3.013  0.619  6.30    0.84   -8.03    0.37    0.00   -7.66 4.173E-01

  10.589 30.852  9.14    0.75   -4.09    0.34    0.00   -3.75  0.862
   3.049  0.646  5.89    0.78   -9.09    0.36    0.00   -8.74 3.243E-01

  10.589 31.299  9.51    0.70   -5.02    0.34    0.00   -4.68  0.900
   3.084  0.675  5.46    0.73  -10.20    0.36    0.00   -9.84 2.441E-01

  10.589 31.834  9.89    0.67   -5.88    0.36    0.00   -5.52  0.955
   3.104  0.704  5.04    0.71  -11.22    0.38    0.00  -10.84 1.794E-01

  10.589 32.375 10.27    0.66   -6.76    0.41    0.00   -6.35  1.034
   3.121  0.733  4.62    0.69  -12.25    0.43    0.00  -11.83 1.295E-01

  10.589 32.739 10.62    0.65   -7.67    0.48    0.00   -7.19  1.150
   3.158  0.762  4.20    0.68  -13.32    0.50    0.00  -12.83 9.402E-02

  10.589 33.055 10.94    0.65   -8.54    0.58    0.00   -7.96  1.292
   3.191  0.788  3.82    0.70  -14.34    0.60    0.00  -13.74 6.942E-02

  0.000 0.000  0.000 .000  0.00  0.00  0.00  0.00  0.00  0.00 0.000
                           0.00  0.00  0.00  0.00  0.00  0.00 0.000E+00

