EXTERNAL/TSAI:  VERSION OF 8/8/96

Marathon                                                                
H3_kin1.inp                                                             
                                                                        
Hall A 2018: 25 cm Tritium target                                       
Nominal values - not exact                                              

----*----1----*----2----*----3----*----4----*----5----*----6----*----7--
                                                                        

TARGET (iZ,iA) = (  1,  3);   avgA =   3.000; amuM=  3.016; avgM=  2.809
 targ=TRITIUM; ttarg(rl)=0.00045; twall=0.00481; tbeam=0.00291; tspec=0.00759
         Nseg  =   4
 MODELS: P elastc(ikk)=14; deut elastic=13; inelastc=206; Pauli Supresion= 4
 NUCLEAR METHOD= 1;   NUCLEAR_MODEL= 1
 DIS MODEL=111

    E1    TH    Q2 COS_K         SMR     NUC          INT-SMR
    EP     X    W2 QE-PK  INELA  Q-ELA  ELAST   TOTAL  MODEL

  10.589 16.734  2.77    2.93   13.48    2.18    0.18   15.84  0.871
   3.084  0.196 12.20    3.25   12.29    2.31    0.18   14.79 2.044E+01

  10.589 17.801  3.15    2.47   11.69    1.75    0.11   13.55  0.876
   3.103  0.224 11.78    2.73   10.06    1.86    0.11   12.04 1.523E+01

  10.589 18.745  3.51    2.13   10.12    1.44    0.07   11.62  0.878
   3.123  0.250 11.38    2.33    8.12    1.53    0.07    9.71 1.172E+01

  0.000 0.000  0.000 .000  0.00  0.00  0.00  0.00  0.00  0.00 0.000
                           0.00  0.00  0.00  0.00  0.00  0.00 0.000E+00

