EXTERNAL/TSAI:  VERSION OF 8/8/96

Marathon                                                                
He3_kin15.inp                                                           
                                                                        
Hall A 2018: 25 cm He3 target                                           
Nominal values - not exact                                              

----*----1----*----2----*----3----*----4----*----5----*----6----*----7--
                                                                        

TARGET (iZ,iA) = (  2,  3);   avgA =   3.000; amuM=  3.016; avgM=  2.809
 targ=TRITIUM; ttarg(rl)=0.00075; twall=0.00519; tbeam=0.00285; tspec=0.00759
         Nseg  =   4
 MODELS: P elastc(ikk)=14; deut elastic=13; inelastc=206; Pauli Supresion= 4
 NUCLEAR METHOD= 1;   NUCLEAR_MODEL= 1
 DIS MODEL=111

    E1    TH    Q2 COS_K         SMR     NUC          INT-SMR
    EP     X    W2 QE-PK  INELA  Q-ELA  ELAST   TOTAL  MODEL

  10.589 32.482 10.03    0.70   -5.79    0.37    0.00   -5.41  0.947
   3.026  0.707  5.04    0.73  -11.08    0.39    0.00  -10.69 1.630E-01

  10.589 32.883 10.39    0.67   -6.69    0.41    0.00   -6.28  1.028
   3.061  0.735  4.62    0.71  -12.15    0.43    0.00  -11.72 1.198E-01

  10.589 33.310 10.75    0.66   -7.60    0.49    0.00   -7.12  1.142
   3.091  0.764  4.20    0.70  -13.22    0.51    0.00  -12.71 8.601E-02

  10.589 33.825 11.14    0.67   -8.55    0.61    0.00   -7.94  1.297
   3.108  0.794  3.78    0.72  -14.31    0.63    0.00  -13.69 5.992E-02

  10.589 34.291 11.52    0.71   -9.59    0.80    0.00   -8.79  1.499
   3.129  0.823  3.36    0.77  -15.51    0.82    0.00  -14.69 4.133E-02

  0.000 0.000  0.000 .000  0.00  0.00  0.00  0.00  0.00  0.00 0.000
                           0.00  0.00  0.00  0.00  0.00  0.00 0.000E+00

