EXTERNAL/TSAI:  VERSION OF 8/8/96

Marathon                                                                
H1_kin3.inp                                                             
                                                                        
Hall A 2018: 25 cm Deuterium target                                     
Nominal values - not exact                                              

----*----1----*----2----*----3----*----4----*----5----*----6----*----7--
                                                                        

TARGET (iZ,iA) = (  1,  1);   avgA =   1.000; amuM=  1.007; avgM=  0.938
 targ=TRITIUM; ttarg(rl)=0.00113; twall=0.00478; tbeam=0.00406; tspec=0.00759
         Nseg  =   4
 MODELS: P elastc(ikk)=14; deut elastic=13; inelastc=206; Pauli Supresion= 4
 NUCLEAR METHOD= 1;   NUCLEAR_MODEL= 1
 DIS MODEL=111

    E1    TH    Q2 COS_K         SMR     NUC          INT-SMR
    EP     X    W2 QE-PK  INELA  Q-ELA  ELAST   TOTAL  MODEL

  10.589 19.414  3.67    3.11   11.38    0.00    3.15   14.53  1.000
   3.050  0.260 11.36    3.52   10.22    0.00    3.56   13.79 4.231E+00

  10.589 20.130  4.00    2.60    9.78    0.00    2.63   12.41  1.000
   3.096  0.285 10.94    2.92    8.19    0.00    2.95   11.14 3.495E+00

  10.589 21.110  4.41    2.21    8.25    0.00    2.23   10.47  1.000
   3.103  0.314 10.52    2.46    6.26    0.00    2.48    8.74 2.728E+00

  10.589 21.798  4.75    1.90    6.87    0.00    1.91    8.79  1.000
   3.137  0.340 10.12    2.10    4.52    0.00    2.12    6.64 2.253E+00

  0.000 0.000  0.000 .000  0.00  0.00  0.00  0.00  0.00  0.00 0.000
                           0.00  0.00  0.00  0.00  0.00  0.00 0.000E+00

