EXTERNAL/TSAI:  VERSION OF 8/8/96

Marathon                                                                
He3_kin1.inp                                                            
                                                                        
Hall A 2018: 25 cm He3 target                                           
Nominal values - not exact                                              

----*----1----*----2----*----3----*----4----*----5----*----6----*----7--
                                                                        

TARGET (iZ,iA) = (  2,  3);   avgA =   3.000; amuM=  3.016; avgM=  2.809
 targ=TRITIUM; ttarg(rl)=0.00075; twall=0.00519; tbeam=0.00285; tspec=0.00759
         Nseg  =   4
 MODELS: P elastc(ikk)=14; deut elastic=13; inelastc=206; Pauli Supresion= 4
 NUCLEAR METHOD= 1;   NUCLEAR_MODEL= 1
 DIS MODEL=111

    E1    TH    Q2 COS_K         SMR     NUC          INT-SMR
    EP     X    W2 QE-PK  INELA  Q-ELA  ELAST   TOTAL  MODEL

  10.589 16.732  2.77    3.85   14.54    2.63    0.16   17.34  0.830
   3.085  0.196 12.20    4.27   13.57    2.80    0.17   16.53 2.272E+01

  10.589 17.802  3.15    3.17   12.62    2.08    0.10   14.79  0.839
   3.103  0.224 11.78    3.49   11.14    2.21    0.10   13.45 1.713E+01

  10.589 18.742  3.51    2.67   10.94    1.68    0.06   12.68  0.845
   3.123  0.250 11.38    2.93    9.05    1.78    0.06   10.89 1.335E+01

  0.000 0.000  0.000 .000  0.00  0.00  0.00  0.00  0.00  0.00 0.000
                           0.00  0.00  0.00  0.00  0.00  0.00 0.000E+00

