EXTERNAL/TSAI:  VERSION OF 8/8/96

Marathon                                                                
He3_kin16.inp                                                           
                                                                        
Hall A 2018: 25 cm He3 target                                           
Nominal values - not exact                                              

----*----1----*----2----*----3----*----4----*----5----*----6----*----7--
                                                                        

TARGET (iZ,iA) = (  2,  3);   avgA =   3.000; amuM=  3.016; avgM=  2.809
 targ=TRITIUM; ttarg(rl)=0.00075; twall=0.00519; tbeam=0.00285; tspec=0.00759
         Nseg  =   4
 MODELS: P elastc(ikk)=14; deut elastic=13; inelastc=206; Pauli Supresion= 4
 NUCLEAR METHOD= 1;   NUCLEAR_MODEL= 1
 DIS MODEL=111

    E1    TH    Q2 COS_K         SMR     NUC          INT-SMR
    EP     X    W2 QE-PK  INELA  Q-ELA  ELAST   TOTAL  MODEL

  10.589 34.905 10.75    0.75   -6.23    0.44    0.00   -5.79  0.985
   2.822  0.737  4.71    0.79  -11.51    0.46    0.00  -11.05 9.475E-02

  10.589 35.356 11.12    0.73   -7.13    0.50    0.00   -6.63  1.083
   2.848  0.766  4.28    0.77  -12.57    0.53    0.00  -12.04 6.823E-02

  10.589 35.779 11.50    0.73   -8.09    0.61    0.00   -7.48  1.226
   2.878  0.795  3.85    0.78  -13.69    0.64    0.00  -13.05 4.800E-02

  10.589 36.229 11.88    0.76   -9.15    0.79    0.00   -8.35  1.415
   2.902  0.824  3.42    0.81  -14.90    0.82    0.00  -14.08 3.321E-02

  0.000 0.000  0.000 .000  0.00  0.00  0.00  0.00  0.00  0.00 0.000
                           0.00  0.00  0.00  0.00  0.00  0.00 0.000E+00

