EXTERNAL/TSAI:  VERSION OF 8/8/96

Marathon                                                                
D2_kin7.inp                                                             
                                                                        
Hall A 2018: 25 cm Deuterium target                                     
Nominal values - not exact                                              

----*----1----*----2----*----3----*----4----*----5----*----6----*----7--
                                                                        

TARGET (iZ,iA) = (  1,  2);   avgA =   2.000; amuM=  2.013; avgM=  1.875
 targ=TRITIUM; ttarg(rl)=0.00114; twall=0.00445; tbeam=0.00298; tspec=0.00759
         Nseg  =   4
 MODELS: P elastc(ikk)=14; deut elastic=13; inelastc=206; Pauli Supresion= 4
 NUCLEAR METHOD= 1;   NUCLEAR_MODEL= 1
 DIS MODEL=111

    E1    TH    Q2 COS_K         SMR     NUC          INT-SMR
    EP     X    W2 QE-PK  INELA  Q-ELA  ELAST   TOTAL  MODEL

 Deut Elastic Model: ia,iamec,rsc,rscmec (1,2,3,4)=  3
 TJON DEUT ELASTIC FILESS TO BE OPEN=rscctj.tjon_input   rscqtj.tjon_input   rscmtj.tjon_input   
  10.589 24.458  5.78    1.30    3.75    0.71    0.00    4.46  0.946
   3.040  0.408  9.27    1.40    0.61    0.77    0.00    1.38 1.853E+00

  10.589 25.008  6.13    1.16    2.57    0.60    0.00    3.18  0.939
   3.087  0.435  8.83    1.24   -0.82    0.65    0.00   -0.17 1.511E+00

  10.589 25.747  6.52    1.06    1.51    0.53    0.00    2.04  0.931
   3.101  0.464  8.41    1.12   -2.11    0.57    0.00   -1.54 1.185E+00

  10.589 26.447  6.91    0.97    0.48    0.47    0.00    0.95  0.926
   3.118  0.493  7.99    1.02   -3.34    0.50    0.00   -2.84 9.272E-01

  10.589 26.838  7.23    0.88   -0.49    0.41    0.00   -0.08  0.920
   3.168  0.519  7.58    0.93   -4.53    0.45    0.00   -4.09 7.611E-01

  0.000 0.000  0.000 .000  0.00  0.00  0.00  0.00  0.00  0.00 0.000
                           0.00  0.00  0.00  0.00  0.00  0.00 0.000E+00

