  0.193  0.0160   5.40000        5.3810318591
  0.193  0.0160   5.45000        3.7548794069
  0.193  0.0160   5.50000        2.4809268874
  0.193  0.0160   5.55000        1.5147642746
  0.193  0.0160   5.60000        0.8168860736
  0.193  0.0160   5.65000        0.3521123377
  0.193  0.0160   5.70000        0.0891891760
  0.193  0.0160   5.75000        0.0003531754
  0.193  0.0160   5.80000        0.0609718581
  0.193  0.0160   5.85000        0.2492174496
  0.193  0.0160   5.90000        0.5457752937
  0.193  0.0160   5.95000        0.9335692397
  0.193  0.0160   6.00000        1.3975249239
  0.193  0.0160   6.05000        1.9243731434
  0.193  0.0160   6.10000        2.5024254396
  0.193  0.0160   6.15000        3.1214415084
  0.193  0.0160   6.20000        3.7724373364
  0.193  0.0160   6.25000        4.4475617259
  0.193  0.0160   6.30000        5.1399926930
  0.193  0.0160   6.35000        5.8437805637
  0.193  0.0160   6.40000        6.5538006931
