  0.193  0.0160   5.40000       13.1896556044
  0.193  0.0160   5.45000       13.1895763853
  0.193  0.0160   5.50000       13.1894969400
  0.193  0.0160   5.55000       13.1894172664
  0.193  0.0160   5.60000       13.1893373653
  0.193  0.0160   5.65000       13.1892572345
  0.193  0.0160   5.70000       13.1891768742
  0.193  0.0160   5.75000       13.1890962845
  0.193  0.0160   5.80000       13.1890154632
  0.193  0.0160   5.85000       13.1889344110
  0.193  0.0160   5.90000       13.1888531260
  0.193  0.0160   5.95000       13.1887716081
  0.193  0.0160   6.00000       13.1886898574
  0.193  0.0160   6.05000       13.1886078718
  0.193  0.0160   6.10000       13.1885256521
  0.193  0.0160   6.15000       13.1884431961
  0.193  0.0160   6.20000       13.1883605039
  0.193  0.0160   6.25000       13.1882775756
  0.193  0.0160   6.30000       13.1881944090
  0.193  0.0160   6.35000       13.1881110049
  0.193  0.0160   6.40000       13.1880273611
