  0.193  0.0160   5.40000        3.4010528826
  0.193  0.0160   5.45000        3.4025024350
  0.193  0.0160   5.50000        3.4039673395
  0.193  0.0160   5.55000        3.4054477902
  0.193  0.0160   5.60000        3.4069439267
  0.193  0.0160   5.65000        3.4084559475
  0.193  0.0160   5.70000        3.4099840101
  0.193  0.0160   5.75000        3.4115282734
  0.193  0.0160   5.80000        3.4130889426
  0.193  0.0160   5.85000        3.4146661655
  0.193  0.0160   5.90000        3.4162601517
  0.193  0.0160   5.95000        3.4178710680
  0.193  0.0160   6.00000        3.4194990825
  0.193  0.0160   6.05000        3.4211444119
  0.193  0.0160   6.10000        3.4228072128
  0.193  0.0160   6.15000        3.4244877068
  0.193  0.0160   6.20000        3.4261860702
  0.193  0.0160   6.25000        3.4279024811
  0.193  0.0160   6.30000        3.4296371685
  0.193  0.0160   6.35000        3.4313902981
  0.193  0.0160   6.40000        3.4331621044
