  0.193  0.0160   5.40000        0.1138146059
  0.193  0.0160   5.45000        0.2755585533
  0.193  0.0160   5.50000        0.4830138451
  0.193  0.0160   5.55000        0.7210877400
  0.193  0.0160   5.60000        0.9780167090
  0.193  0.0160   5.65000        1.2447291802
  0.193  0.0160   5.70000        1.5142962831
  0.193  0.0160   5.75000        1.7815063912
  0.193  0.0160   5.80000        2.0425219328
  0.193  0.0160   5.85000        2.2945774245
  0.193  0.0160   5.90000        2.5357694351
  0.193  0.0160   5.95000        2.7648541293
  0.193  0.0160   6.00000        2.9811057169
  0.193  0.0160   6.05000        3.1842022795
  0.193  0.0160   6.10000        3.3741157195
  0.193  0.0160   6.15000        3.5510507549
  0.193  0.0160   6.20000        3.7153711759
  0.193  0.0160   6.25000        3.8675578084
  0.193  0.0160   6.30000        4.0081746128
  0.193  0.0160   6.35000        4.1378293813
  0.193  0.0160   6.40000        4.2571617503
