  0.193  0.0160   5.40000        7.4773127860
  0.193  0.0160   5.45000        7.5510764885
  0.193  0.0160   5.50000        7.6188868828
  0.193  0.0160   5.55000        7.6811996030
  0.193  0.0160   5.60000        7.7384375816
  0.193  0.0160   5.65000        7.7909970227
  0.193  0.0160   5.70000        7.8392447788
  0.193  0.0160   5.75000        7.8835215690
  0.193  0.0160   5.80000        7.9241444927
  0.193  0.0160   5.85000        7.9614056020
  0.193  0.0160   5.90000        7.9955764423
  0.193  0.0160   5.95000        8.0269068818
  0.193  0.0160   6.00000        8.0556276562
  0.193  0.0160   6.05000        8.0819523731
  0.193  0.0160   6.10000        8.1060769004
  0.193  0.0160   6.15000        8.1281825693
  0.193  0.0160   6.20000        8.1484356352
  0.193  0.0160   6.25000        8.1669891069
  0.193  0.0160   6.30000        8.1839841937
  0.193  0.0160   6.35000        8.1995500379
  0.193  0.0160   6.40000        8.2138058895
