  0.193  0.0160   5.40000        0.2592501845
  0.193  0.0160   5.45000        0.2592977914
  0.193  0.0160   5.50000        0.2593423439
  0.193  0.0160   5.55000        0.2593840384
  0.193  0.0160   5.60000        0.2594230575
  0.193  0.0160   5.65000        0.2594595732
  0.193  0.0160   5.70000        0.2594937457
  0.193  0.0160   5.75000        0.2595257249
  0.193  0.0160   5.80000        0.2595556520
  0.193  0.0160   5.85000        0.2595836581
  0.193  0.0160   5.90000        0.2596098668
  0.193  0.0160   5.95000        0.2596343933
  0.193  0.0160   6.00000        0.2596573452
  0.193  0.0160   6.05000        0.2596788239
  0.193  0.0160   6.10000        0.2596989235
  0.193  0.0160   6.15000        0.2597177330
  0.193  0.0160   6.20000        0.2597353349
  0.193  0.0160   6.25000        0.2597518065
  0.193  0.0160   6.30000        0.2597672207
  0.193  0.0160   6.35000        0.2597816451
  0.193  0.0160   6.40000        0.2597951434
