  0.193  0.0160   5.40000        0.0000000000
  0.193  0.0160   5.45000        0.0000000000
  0.193  0.0160   5.50000        0.0000000000
  0.193  0.0160   5.55000        0.0000000000
  0.193  0.0160   5.60000        0.0000000000
  0.193  0.0160   5.65000        0.0000000000
  0.193  0.0160   5.70000        0.0000000000
  0.193  0.0160   5.75000        0.0000000000
  0.193  0.0160   5.80000        0.0000000000
  0.193  0.0160   5.85000        0.0000000000
  0.193  0.0160   5.90000        0.0000000000
  0.193  0.0160   5.95000        0.0000000000
  0.193  0.0160   6.00000        0.0000000000
  0.193  0.0160   6.05000        0.0000000000
  0.193  0.0160   6.10000        0.0000000000
  0.193  0.0160   6.15000        0.0000000000
  0.193  0.0160   6.20000        0.0000000000
  0.193  0.0160   6.25000        0.0000000000
  0.193  0.0160   6.30000        0.0000000000
  0.193  0.0160   6.35000        0.0000000000
  0.193  0.0160   6.40000        0.0000000000
