  0.193  0.0160   5.40000        5.0682367084
  0.193  0.0160   5.45000        5.0183377461
  0.193  0.0160   5.50000        4.9699902271
  0.193  0.0160   5.55000        4.9231400678
  0.193  0.0160   5.60000        4.8777370411
  0.193  0.0160   5.65000        4.8337311129
  0.193  0.0160   5.70000        4.7910754245
  0.193  0.0160   5.75000        4.7497248572
  0.193  0.0160   5.80000        4.7096348308
  0.193  0.0160   5.85000        4.6707639627
  0.193  0.0160   5.90000        4.6330709384
  0.193  0.0160   5.95000        4.5965170699
  0.193  0.0160   6.00000        4.5610650724
  0.193  0.0160   6.05000        4.5266780388
  0.193  0.0160   6.10000        4.4933217240
  0.193  0.0160   6.15000        4.4609618654
  0.193  0.0160   6.20000        4.4295663825
  0.193  0.0160   6.25000        4.3991043310
  0.193  0.0160   6.30000        4.3695450255
  0.193  0.0160   6.35000        4.3408600058
  0.193  0.0160   6.40000        4.3130207376
