  0.193  0.0160   5.40000        2.7723793841
  0.193  0.0160   5.45000        2.7723793841
  0.193  0.0160   5.50000        2.7723793841
  0.193  0.0160   5.55000        2.7723793841
  0.193  0.0160   5.60000        2.7723793841
  0.193  0.0160   5.65000        2.7723793841
  0.193  0.0160   5.70000        2.7723793841
  0.193  0.0160   5.75000        2.7723793841
  0.193  0.0160   5.80000        2.7723793841
  0.193  0.0160   5.85000        2.7723793841
  0.193  0.0160   5.90000        2.7723793841
  0.193  0.0160   5.95000        2.7723793841
  0.193  0.0160   6.00000        2.7723793841
  0.193  0.0160   6.05000        2.7723793841
  0.193  0.0160   6.10000        2.7723793841
  0.193  0.0160   6.15000        2.7723793841
  0.193  0.0160   6.20000        2.7723793841
  0.193  0.0160   6.25000        2.7723793841
  0.193  0.0160   6.30000        2.7723793841
  0.193  0.0160   6.35000        2.7723793841
  0.193  0.0160   6.40000        2.7723793841
