  0.193  0.0160   5.40000        0.2430731058
  0.193  0.0160   5.45000        0.2430730698
  0.193  0.0160   5.50000        0.2430730332
  0.193  0.0160   5.55000        0.2430729958
  0.193  0.0160   5.60000        0.2430729578
  0.193  0.0160   5.65000        0.2430729190
  0.193  0.0160   5.70000        0.2430728794
  0.193  0.0160   5.75000        0.2430728392
  0.193  0.0160   5.80000        0.2430727981
  0.193  0.0160   5.85000        0.2430727562
  0.193  0.0160   5.90000        0.2430727136
  0.193  0.0160   5.95000        0.2430726701
  0.193  0.0160   6.00000        0.2430726258
  0.193  0.0160   6.05000        0.2430725807
  0.193  0.0160   6.10000        0.2430725347
  0.193  0.0160   6.15000        0.2430724878
  0.193  0.0160   6.20000        0.2430724400
  0.193  0.0160   6.25000        0.2430723914
  0.193  0.0160   6.30000        0.2430723417
  0.193  0.0160   6.35000        0.2430722912
  0.193  0.0160   6.40000        0.2430722396
