EXTERNAL/TSAI:  VERSION OF 8/8/96

Marathon                                                                
He3_kin4.inp                                                            
                                                                        
Hall A 2018: 25 cm He3 target                                           
Nominal values - not exact                                              

----*----1----*----2----*----3----*----4----*----5----*----6----*----7--
                                                                        

TARGET (iZ,iA) = (  2,  3);   avgA =   3.000; amuM=  3.016; avgM=  2.809
 targ=TRITIUM; ttarg(rl)=0.00075; twall=0.00481; tbeam=0.00342; tspec=0.00732
         Nseg  =   4
 MODELS: P elastc(ikk)=14; deut elastic=13; inelastc=206; Pauli Supresion= 4
 NUCLEAR METHOD= 1;   NUCLEAR_MODEL= 1
 DIS MODEL=**

    E1    TH    Q2 COS_K         SMR     NUC          INT-SMR
    EP     X    W2 QE-PK  INELA  Q-ELA  ELAST   TOTAL  MODEL

  10.589 20.374  3.96    2.55    9.96    1.54    0.04   11.54  0.845
   2.990  0.278 11.18    2.82    8.17    1.68    0.04    9.89 8.980E+00

  10.589 20.696  4.14    2.32    9.05    1.36    0.03   10.43  0.846
   3.031  0.292 10.92    2.55    7.05    1.48    0.03    8.55 8.131E+00

  10.589 21.128  4.38    2.06    7.94    1.17    0.02    9.13  0.846
   3.076  0.311 10.60    2.26    5.69    1.27    0.02    6.97 7.117E+00

  10.589 21.684  4.64    1.87    6.98    1.02    0.01    8.01  0.845
   3.095  0.330 10.31    2.04    4.50    1.11    0.01    5.61 6.084E+00

  10.589 22.313  4.91    1.71    6.07    0.90    0.01    6.98  0.843
   3.099  0.350 10.02    1.86    3.39    0.98    0.01    4.37 5.122E+00

  10.589 22.887  5.18    1.57    5.18    0.80    0.01    5.99  0.841
   3.108  0.369  9.74    1.70    2.30    0.87    0.01    3.18 4.348E+00

  10.589 23.220  5.40    1.43    4.33    0.70    0.00    5.03  0.839
   3.151  0.387  9.43    1.55    1.24    0.76    0.00    2.01 3.843E+00

  10.589 23.476  5.59    1.32    3.57    0.63    0.00    4.20  0.837
   3.192  0.403  9.17    1.42    0.31    0.68    0.00    1.00 3.460E+00

  0.000 0.000  0.000 .000  0.00  0.00  0.00  0.00  0.00  0.00 0.000
                           0.00  0.00  0.00  0.00  0.00  0.00 0.000E+00

