EXTERNAL/TSAI:  VERSION OF 8/8/96

Marathon                                                                
He3_kin3.inp                                                            
                                                                        
Hall A 2018: 25 cm He3 target                                           
Nominal values - not exact                                              

----*----1----*----2----*----3----*----4----*----5----*----6----*----7--
                                                                        

TARGET (iZ,iA) = (  2,  3);   avgA =   3.000; amuM=  3.016; avgM=  2.809
 targ=TRITIUM; ttarg(rl)=0.00075; twall=0.00481; tbeam=0.00342; tspec=0.00732
         Nseg  =   4
 MODELS: P elastc(ikk)=14; deut elastic=13; inelastc=206; Pauli Supresion= 4
 NUCLEAR METHOD= 1;   NUCLEAR_MODEL= 1
 DIS MODEL=**

    E1    TH    Q2 COS_K         SMR     NUC          INT-SMR
    EP     X    W2 QE-PK  INELA  Q-ELA  ELAST   TOTAL  MODEL

  10.589 18.921  3.41    3.18   12.20    2.05    0.08   14.33  0.840
   2.984  0.239 11.74    3.55   10.96    2.23    0.08   13.27 1.299E+01

  10.589 19.260  3.59    2.86   11.22    1.80    0.06   13.07  0.843
   3.027  0.253 11.48    3.18    9.74    1.95    0.06   11.75 1.175E+01

  10.589 19.698  3.81    2.52   10.02    1.53    0.04   11.59  0.846
   3.078  0.271 11.16    2.78    8.25    1.66    0.04    9.95 1.031E+01

  10.589 20.299  4.07    2.25    8.92    1.32    0.03   10.27  0.847
   3.097  0.290 10.87    2.48    6.90    1.44    0.03    8.36 8.758E+00

  10.589 20.975  4.35    2.04    7.91    1.15    0.02    9.08  0.847
   3.100  0.310 10.58    2.24    5.65    1.25    0.02    6.92 7.324E+00

  10.589 21.576  4.62    1.86    6.96    1.01    0.01    7.98  0.845
   3.111  0.329 10.30    2.03    4.47    1.10    0.01    5.58 6.207E+00

  10.589 21.911  4.83    1.68    6.02    0.88    0.01    6.91  0.844
   3.158  0.346  9.99    1.82    3.32    0.96    0.01    4.28 5.523E+00

  10.589 22.202  5.02    1.54    5.23    0.79    0.01    6.03  0.843
   3.196  0.362  9.74    1.67    2.35    0.85    0.01    3.21 4.978E+00

  0.000 0.000  0.000 .000  0.00  0.00  0.00  0.00  0.00  0.00 0.000
                           0.00  0.00  0.00  0.00  0.00  0.00 0.000E+00

