EXTERNAL/TSAI:  VERSION OF 8/8/96

Marathon                                                                
He3_kin2.inp                                                            
                                                                        
Hall A 2018: 25 cm He3 target                                           
Nominal values - not exact                                              

----*----1----*----2----*----3----*----4----*----5----*----6----*----7--
                                                                        

TARGET (iZ,iA) = (  2,  3);   avgA =   3.000; amuM=  3.016; avgM=  2.809
 targ=TRITIUM; ttarg(rl)=0.00075; twall=0.00481; tbeam=0.00342; tspec=0.00732
         Nseg  =   4
 MODELS: P elastc(ikk)=14; deut elastic=13; inelastc=206; Pauli Supresion= 4
 NUCLEAR METHOD= 1;   NUCLEAR_MODEL= 1
 DIS MODEL=**

    E1    TH    Q2 COS_K         SMR     NUC          INT-SMR
    EP     X    W2 QE-PK  INELA  Q-ELA  ELAST   TOTAL  MODEL

  10.589 17.745  3.05    3.62   13.60    2.42    0.12   16.14  0.835
   3.023  0.215 12.03    4.07   12.73    2.63    0.12   15.49 1.731E+01

  10.589 18.185  3.25    3.17   12.35    2.06    0.09   14.49  0.840
   3.076  0.231 11.73    3.54   11.16    2.24    0.09   13.49 1.523E+01

  10.589 18.831  3.51    2.80   11.13    1.76    0.06   12.95  0.844
   3.097  0.250 11.43    3.11    9.65    1.91    0.06   11.62 1.281E+01

  10.589 19.560  3.79    2.50    9.99    1.52    0.04   11.55  0.846
   3.100  0.270 11.15    2.76    8.22    1.65    0.04    9.91 1.060E+01

  10.589 20.190  4.05    2.24    8.92    1.32    0.03   10.26  0.847
   3.112  0.289 10.86    2.47    6.89    1.43    0.03    8.36 8.952E+00

  10.589 20.517  4.25    2.01    7.92    1.14    0.02    9.08  0.848
   3.164  0.305 10.56    2.21    5.65    1.24    0.02    6.91 8.031E+00

  10.589 20.903  4.47    1.80    6.93    0.99    0.01    7.93  0.847
   3.208  0.323 10.26    1.97    4.43    1.07    0.01    5.52 7.088E+00

  0.000 0.000  0.000 .000  0.00  0.00  0.00  0.00  0.00  0.00 0.000
                           0.00  0.00  0.00  0.00  0.00  0.00 0.000E+00

