EXTERNAL/TSAI:  VERSION OF 8/8/96

Marathon                                                                
H3_kin13.inp                                                            
                                                                        
Hall A 2018: 25 cm Tritium target                                       
Nominal values - not exact                                              

----*----1----*----2----*----3----*----4----*----5----*----6----*----7--
                                                                        

TARGET (iZ,iA) = (  1,  3);   avgA =   3.000; amuM=  3.016; avgM=  2.809
 targ=TRITIUM; ttarg(rl)=0.00042; twall=0.00481; tbeam=0.00342; tspec=0.00732
         Nseg  =   4
 MODELS: P elastc(ikk)=14; deut elastic=13; inelastc=206; Pauli Supresion= 4
 NUCLEAR METHOD= 1;   NUCLEAR_MODEL= 1
 DIS MODEL=**

    E1    TH    Q2 COS_K         SMR     NUC          INT-SMR
    EP     X    W2 QE-PK  INELA  Q-ELA  ELAST   TOTAL  MODEL

  10.589 30.116  8.53    0.81   -2.95    0.33    0.00   -2.62  0.782
   2.985  0.598  6.62    0.86   -7.49    0.35    0.00   -7.14 3.997E-01

  10.589 30.338  8.71    0.79   -3.40    0.32    0.00   -3.08  0.785
   3.003  0.612  6.41    0.83   -8.03    0.34    0.00   -7.69 3.513E-01

  10.589 30.633  8.95    0.76   -3.99    0.31    0.00   -3.68  0.793
   3.028  0.631  6.12    0.80   -8.74    0.34    0.00   -8.40 2.930E-01

  10.589 30.929  9.20    0.73   -4.58    0.31    0.00   -4.27  0.807
   3.054  0.650  5.83    0.77   -9.45    0.33    0.00   -9.12 2.415E-01

  10.589 31.225  9.44    0.71   -5.17    0.32    0.00   -4.85  0.826
   3.078  0.670  5.53    0.75  -10.15    0.34    0.00   -9.81 1.976E-01

  10.589 31.565  9.70    0.69   -5.73    0.33    0.00   -5.40  0.853
   3.095  0.690  5.24    0.73  -10.81    0.35    0.00  -10.46 1.598E-01

  10.589 31.978  9.97    0.68   -6.26    0.35    0.00   -5.91  0.887
   3.102  0.709  4.96    0.72  -11.44    0.37    0.00  -11.07 1.272E-01

  10.589 32.359 10.23    0.68   -6.80    0.38    0.00   -6.42  0.933
   3.112  0.729  4.68    0.72  -12.07    0.40    0.00  -11.67 1.008E-01

  10.589 32.605 10.47    0.67   -7.37    0.42    0.00   -6.95  0.994
   3.137  0.749  4.39    0.72  -12.74    0.44    0.00  -12.30 8.093E-02

  10.589 32.834 10.70    0.67   -7.96    0.47    0.00   -7.49  1.072
   3.164  0.768  4.11    0.72  -13.43    0.50    0.00  -12.93 6.467E-02

  10.589 33.026 10.92    0.68   -8.53    0.54    0.00   -7.99  1.161
   3.190  0.786  3.85    0.74  -14.11    0.57    0.00  -13.54 5.241E-02

  10.589 33.283 11.14    0.70   -9.14    0.64    0.00   -8.50  1.263
   3.207  0.804  3.59    0.76  -14.80    0.66    0.00  -14.14 4.197E-02

  0.000 0.000  0.000 .000  0.00  0.00  0.00  0.00  0.00  0.00 0.000
                           0.00  0.00  0.00  0.00  0.00  0.00 0.000E+00

