EXTERNAL/TSAI:  VERSION OF 8/8/96

Marathon                                                                
H3_kin15.inp                                                            
                                                                        
Hall A 2018: 25 cm Tritium target                                       
Nominal values - not exact                                              

----*----1----*----2----*----3----*----4----*----5----*----6----*----7--
                                                                        

TARGET (iZ,iA) = (  1,  3);   avgA =   3.000; amuM=  3.016; avgM=  2.809
 targ=TRITIUM; ttarg(rl)=0.00042; twall=0.00481; tbeam=0.00342; tspec=0.00732
         Nseg  =   4
 MODELS: P elastc(ikk)=14; deut elastic=13; inelastc=206; Pauli Supresion= 4
 NUCLEAR METHOD= 1;   NUCLEAR_MODEL= 1
 DIS MODEL=**

    E1    TH    Q2 COS_K         SMR     NUC          INT-SMR
    EP     X    W2 QE-PK  INELA  Q-ELA  ELAST   TOTAL  MODEL

  10.589 32.030  9.63    0.74   -5.11    0.33    0.00   -4.79  0.823
   2.988  0.675  5.51    0.78  -10.05    0.35    0.00   -9.70 1.720E-01

  10.589 32.264  9.83    0.72   -5.58    0.34    0.00   -5.24  0.844
   3.007  0.691  5.27    0.76  -10.61    0.36    0.00  -10.24 1.456E-01

  10.589 32.544 10.08    0.71   -6.12    0.35    0.00   -5.77  0.878
   3.030  0.710  4.99    0.75  -11.25    0.38    0.00  -10.87 1.183E-01

  10.589 32.828 10.33    0.70   -6.70    0.38    0.00   -6.32  0.924
   3.053  0.730  4.70    0.74  -11.93    0.41    0.00  -11.52 9.488E-02

  10.589 33.108 10.57    0.69   -7.27    0.42    0.00   -6.84  0.984
   3.075  0.750  4.41    0.74  -12.59    0.45    0.00  -12.15 7.558E-02

  10.589 33.422 10.83    0.69   -7.85    0.48    0.00   -7.37  1.059
   3.092  0.770  4.12    0.74  -13.27    0.50    0.00  -12.77 5.965E-02

  10.589 33.813 11.10    0.71   -8.45    0.56    0.00   -7.89  1.150
   3.098  0.790  3.84    0.76  -13.96    0.58    0.00  -13.38 4.629E-02

  10.589 34.144 11.36    0.73   -9.11    0.66    0.00   -8.44  1.261
   3.111  0.809  3.56    0.79  -14.73    0.69    0.00  -14.04 3.600E-02

  10.589 34.367 11.59    0.76   -9.87    0.81    0.00   -9.06  1.396
   3.135  0.829  3.28    0.83  -15.61    0.84    0.00  -14.77 2.820E-02

  10.589 34.574 11.78    0.80  -10.54    0.97    0.00   -9.58  1.511
   3.150  0.844  3.06    0.88  -16.37    0.99    0.00  -15.38 2.313E-02

  0.000 0.000  0.000 .000  0.00  0.00  0.00  0.00  0.00  0.00 0.000
                           0.00  0.00  0.00  0.00  0.00  0.00 0.000E+00

