EXTERNAL/TSAI:  VERSION OF 8/8/96

Marathon                                                                
He3_kin13.inp                                                           
                                                                        
Hall A 2018: 25 cm He3 target                                           
Nominal values - not exact                                              

----*----1----*----2----*----3----*----4----*----5----*----6----*----7--
                                                                        

TARGET (iZ,iA) = (  2,  3);   avgA =   3.000; amuM=  3.016; avgM=  2.809
 targ=TRITIUM; ttarg(rl)=0.00075; twall=0.00481; tbeam=0.00342; tspec=0.00732
         Nseg  =   4
 MODELS: P elastc(ikk)=14; deut elastic=13; inelastc=206; Pauli Supresion= 4
 NUCLEAR METHOD= 1;   NUCLEAR_MODEL= 1
 DIS MODEL= 2

    E1    TH    Q2 COS_K         SMR     NUC          INT-SMR
    EP     X    W2 QE-PK  INELA  Q-ELA  ELAST   TOTAL  MODEL

  10.589 30.438  8.79    0.91   -3.68    0.38    0.00   -3.31  0.809
   3.011  0.618  6.31    0.96   -8.40    0.41    0.00   -7.99 3.708E-01

  10.589 30.743  9.04    0.87   -4.28    0.38    0.00   -3.91  0.829
   3.038  0.638  6.01    0.92   -9.12    0.40    0.00   -8.72 3.040E-01

  10.589 31.055  9.30    0.84   -4.99    0.38    0.00   -4.61  0.855
   3.065  0.659  5.70    0.89   -9.95    0.41    0.00   -9.54 2.460E-01

  10.589 31.379  9.56    0.82   -5.64    0.40    0.00   -5.24  0.889
   3.088  0.679  5.39    0.87  -10.72    0.43    0.00  -10.30 1.977E-01

  10.589 31.783  9.84    0.81   -6.26    0.42    0.00   -5.84  0.930
   3.099  0.700  5.10    0.86  -11.45    0.45    0.00  -11.00 1.562E-01

  10.589 32.199 10.12    0.80   -6.90    0.46    0.00   -6.44  0.982
   3.107  0.721  4.80    0.85  -12.19    0.49    0.00  -11.70 1.223E-01

  10.589 32.514 10.38    0.80   -7.56    0.51    0.00   -7.05  1.051
   3.127  0.741  4.50    0.85  -12.97    0.54    0.00  -12.42 9.639E-02

  0.000 0.000  0.000 .000  0.00  0.00  0.00  0.00  0.00  0.00 0.000
                           0.00  0.00  0.00  0.00  0.00  0.00 0.000E+00

