EXTERNAL/TSAI:  VERSION OF 8/8/96

Marathon                                                                
Carbon all                                                              
                                                                        
Hall A 2018: carbon target                                              
Nominal values - not exact                                              

----*----1----*----2----*----3----*----4----*----5----*----6----*----7--
                                                                        

TARGET (iZ,iA) = (  6, 12);   avgA =  12.000; amuM= 12.002; avgM= 11.180
 targ=ordinar; ttarg(rl)=0.00207; twall=0.00001; tbeam=0.00057; tspec=0.00832
         Nseg  =   4
 MODELS: P elastc(ikk)=14; deut elastic=13; inelastc=206; Pauli Supresion= 4
 NUCLEAR METHOD= 1;   NUCLEAR_MODEL= 1
 DIS MODEL= 2

    E1    TH    Q2 COS_K         SMR     NUC          INT-SMR
    EP     X    W2 QE-PK  INELA  Q-ELA  ELAST   TOTAL  MODEL

  10.590 16.808  2.80    2.94   12.00    1.88    0.06   13.94  0.772
   3.100  0.200 12.13    3.11   11.57    1.96    0.06   13.59 9.494E+01

  10.590 17.580  3.07    2.63   10.83    1.62    0.03   12.48  0.768
   3.100  0.218 11.87    2.77   10.24    1.68    0.03   11.95 7.699E+01

  10.590 19.140  3.63    2.13    8.69    1.20    0.01    9.90  0.758
   3.100  0.258 11.31    2.24    7.79    1.25    0.01    9.05 5.012E+01

  10.590 20.580  4.19    1.80    6.88    0.93    0.00    7.81  0.747
   3.100  0.298 10.75    1.87    5.72    0.96    0.00    6.68 3.343E+01

  10.590 21.930  4.75    1.55    5.26    0.73    0.00    5.99  0.736
   3.100  0.338 10.18    1.61    3.86    0.76    0.00    4.62 2.266E+01

  10.590 23.210  5.31    1.36    3.72    0.60    0.00    4.31  0.727
   3.100  0.378  9.62    1.41    2.11    0.62    0.00    2.72 1.552E+01

  10.590 25.590  6.44    1.09    0.85    0.43    0.00    1.28  0.723
   3.100  0.458  8.50    1.13   -1.16    0.44    0.00   -0.72 7.344E+00

  10.590 27.770  7.56    0.92   -1.73    0.35    0.00   -1.38  0.745
   3.100  0.538  7.37    0.95   -4.09    0.36    0.00   -3.72 3.409E+00

  10.590 29.810  8.69    0.81   -4.06    0.34    0.00   -3.72  0.806
   3.100  0.618  6.25    0.83   -6.71    0.34    0.00   -6.37 1.502E+00

  10.590 31.730  9.81    0.73   -6.26    0.38    0.00   -5.88  0.936
   3.100  0.698  5.12    0.75   -9.18    0.39    0.00   -8.79 6.267E-01

  10.590 33.550 10.94    0.69   -8.56    0.54    0.00   -8.01  1.178
   3.100  0.778  4.00    0.72  -11.73    0.55    0.00  -11.18 2.467E-01

  10.590 36.120 11.81    0.76   -9.49    0.71    0.00   -8.78  1.281
   2.900  0.818  3.50    0.79  -12.81    0.71    0.00  -12.09 1.257E-01

  0.000 0.000  0.000 .000  0.00  0.00  0.00  0.00  0.00  0.00 0.000
                           0.00  0.00  0.00  0.00  0.00  0.00 0.000E+00

