EXTERNAL/TSAI:  VERSION OF 8/8/96

Marathon                                                                
H1_kin0.inp                                                             
                                                                        
Hall A 2018: 25 cm Deuterium target                                     
Nominal values - not exact                                              

----*----1----*----2----*----3----*----4----*----5----*----6----*----7--
                                                                        

TARGET (iZ,iA) = (  1,  1);   avgA =   1.000; amuM=  1.007; avgM=  0.938
 targ=TRITIUM; ttarg(rl)=0.00113; twall=0.00481; tbeam=0.00342; tspec=0.00732
         Nseg  =   4
 MODELS: P elastc(ikk)=14; deut elastic=13; inelastc=206; Pauli Supresion= 4
 NUCLEAR METHOD= 1;   NUCLEAR_MODEL= 1
 DIS MODEL= 2

    E1    TH    Q2 COS_K         SMR     NUC          INT-SMR
    EP     X    W2 QE-PK  INELA  Q-ELA  ELAST   TOTAL  MODEL

  10.589 15.678  2.41    5.41   15.86    0.00    5.55   21.42  1.000
   3.059  0.171 12.60    6.18   15.84    0.00    6.32   22.16 1.165E+01

  10.589 16.335  2.64    4.63   14.49    0.00    4.73   19.22  1.000
   3.094  0.188 12.30    5.25   14.07    0.00    5.35   19.43 9.748E+00

  10.589 17.144  2.91    4.00   13.19    0.00    4.07   17.27  1.000
   3.097  0.207 12.02    4.51   12.41    0.00    4.59   17.00 7.912E+00

  10.589 17.876  3.18    3.48   11.97    0.00    3.54   15.51  1.000
   3.106  0.226 11.75    3.91   10.86    0.00    3.97   14.83 6.556E+00

  0.000 0.000  0.000 .000  0.00  0.00  0.00  0.00  0.00  0.00 0.000
                           0.00  0.00  0.00  0.00  0.00  0.00 0.000E+00

