EXTERNAL/TSAI:  VERSION OF 8/8/96

Marathon                                                                
H3_kin3.inp                                                             
                                                                        
Hall A 2018: 25 cm Tritium target                                       
Nominal values - not exact                                              

----*----1----*----2----*----3----*----4----*----5----*----6----*----7--
                                                                        

TARGET (iZ,iA) = (  1,  3);   avgA =   3.000; amuM=  3.016; avgM=  2.809
 targ=TRITIUM; ttarg(rl)=0.00042; twall=0.00481; tbeam=0.00342; tspec=0.00732
         Nseg  =   4
 MODELS: P elastc(ikk)=14; deut elastic=13; inelastc=206; Pauli Supresion= 4
 NUCLEAR METHOD= 1;   NUCLEAR_MODEL= 1
 DIS MODEL= 2

    E1    TH    Q2 COS_K         SMR     NUC          INT-SMR
    EP     X    W2 QE-PK  INELA  Q-ELA  ELAST   TOTAL  MODEL

  10.589 19.388  3.65    1.91    8.94    1.20    0.05   10.20  0.822
   3.043  0.258 11.39    2.12    6.79    1.29    0.05    8.14 1.143E+01

  10.589 19.853  3.89    1.74    7.94    1.03    0.04    9.01  0.813
   3.088  0.276 11.07    1.92    5.55    1.12    0.04    6.70 9.791E+00

  10.589 20.469  4.14    1.61    7.11    0.91    0.03    8.05  0.803
   3.098  0.295 10.80    1.77    4.53    0.99    0.03    5.54 8.145E+00

  10.589 21.113  4.41    1.51    6.33    0.81    0.02    7.16  0.793
   3.101  0.314 10.52    1.65    3.57    0.88    0.02    4.47 6.732E+00

  10.589 21.656  4.66    1.41    5.56    0.73    0.01    6.30  0.783
   3.116  0.332 10.25    1.54    2.63    0.78    0.01    3.43 5.669E+00

  0.000 0.000  0.000 .000  0.00  0.00  0.00  0.00  0.00  0.00 0.000
                           0.00  0.00  0.00  0.00  0.00  0.00 0.000E+00

