EXTERNAL/TSAI:  VERSION OF 8/8/96

Marathon                                                                
He3_kin3.inp                                                            
                                                                        
Hall A 2018: 25 cm He3 target                                           
Nominal values - not exact                                              

----*----1----*----2----*----3----*----4----*----5----*----6----*----7--
                                                                        

TARGET (iZ,iA) = (  2,  3);   avgA =   3.000; amuM=  3.016; avgM=  2.809
 targ=TRITIUM; ttarg(rl)=0.00075; twall=0.00481; tbeam=0.00342; tspec=0.00732
         Nseg  =   4
 MODELS: P elastc(ikk)=14; deut elastic=13; inelastc=206; Pauli Supresion= 4
 NUCLEAR METHOD= 1;   NUCLEAR_MODEL= 1
 DIS MODEL= 2

    E1    TH    Q2 COS_K         SMR     NUC          INT-SMR
    EP     X    W2 QE-PK  INELA  Q-ELA  ELAST   TOTAL  MODEL

  10.589 19.388  3.66    2.45    9.22    1.49    0.05   10.76  0.827
   3.044  0.258 11.38    2.72    7.27    1.62    0.05    8.94 1.270E+01

  10.589 19.852  3.89    2.18    8.13    1.27    0.03    9.43  0.821
   3.088  0.276 11.07    2.41    5.92    1.38    0.03    7.34 1.099E+01

  10.589 20.469  4.14    1.99    7.22    1.11    0.02    8.35  0.814
   3.098  0.295 10.80    2.19    4.79    1.21    0.02    6.03 9.228E+00

  10.589 21.115  4.41    1.83    6.35    0.98    0.02    7.35  0.807
   3.101  0.314 10.52    2.01    3.73    1.06    0.02    4.81 7.697E+00

  10.589 21.654  4.66    1.69    5.52    0.87    0.01    6.40  0.801
   3.117  0.332 10.24    1.84    2.71    0.94    0.01    3.66 6.547E+00

  0.000 0.000  0.000 .000  0.00  0.00  0.00  0.00  0.00  0.00 0.000
                           0.00  0.00  0.00  0.00  0.00  0.00 0.000E+00

