EXTERNAL/TSAI:  VERSION OF 8/8/96

Marathon                                                                
He3_kin2.inp                                                            
                                                                        
Hall A 2018: 25 cm He3 target                                           
Nominal values - not exact                                              

----*----1----*----2----*----3----*----4----*----5----*----6----*----7--
                                                                        

TARGET (iZ,iA) = (  2,  3);   avgA =   3.000; amuM=  3.016; avgM=  2.809
 targ=TRITIUM; ttarg(rl)=0.00075; twall=0.00481; tbeam=0.00342; tspec=0.00732
         Nseg  =   4
 MODELS: P elastc(ikk)=14; deut elastic=13; inelastc=206; Pauli Supresion= 4
 NUCLEAR METHOD= 1;   NUCLEAR_MODEL= 1
 DIS MODEL= 2

    E1    TH    Q2 COS_K         SMR     NUC          INT-SMR
    EP     X    W2 QE-PK  INELA  Q-ELA  ELAST   TOTAL  MODEL

  10.589 17.980  3.16    2.95   11.05    1.94    0.09   13.08  0.838
   3.054  0.223 11.86    3.31    9.59    2.11    0.09   11.79 1.841E+01

  10.589 18.608  3.43    2.57    9.76    1.61    0.06   11.43  0.832
   3.095  0.244 11.52    2.86    7.96    1.75    0.06    9.77 1.535E+01

  10.589 19.422  3.73    2.28    8.65    1.36    0.04   10.05  0.825
   3.099  0.266 11.20    2.53    6.57    1.48    0.04    8.08 1.229E+01

  10.589 20.146  4.03    2.05    7.51    1.16    0.03    8.70  0.817
   3.111  0.287 10.88    2.25    5.17    1.26    0.03    6.45 1.002E+01

  0.000 0.000  0.000 .000  0.00  0.00  0.00  0.00  0.00  0.00 0.000
                           0.00  0.00  0.00  0.00  0.00  0.00 0.000E+00

