EXTERNAL/TSAI:  VERSION OF 8/8/96

Marathon                                                                
H3_kin15.inp                                                            
                                                                        
Hall A 2018: 25 cm Tritium target                                       
Nominal values - not exact                                              

----*----1----*----2----*----3----*----4----*----5----*----6----*----7--
                                                                        

TARGET (iZ,iA) = (  1,  3);   avgA =   3.000; amuM=  3.016; avgM=  2.809
 targ=TRITIUM; ttarg(rl)=0.00042; twall=0.00481; tbeam=0.00342; tspec=0.00732
         Nseg  =   4
 MODELS: P elastc(ikk)=14; deut elastic=13; inelastc=206; Pauli Supresion= 4
 NUCLEAR METHOD= 1;   NUCLEAR_MODEL= 1
 DIS MODEL= 2

    E1    TH    Q2 COS_K         SMR     NUC          INT-SMR
    EP     X    W2 QE-PK  INELA  Q-ELA  ELAST   TOTAL  MODEL

  10.589 32.280  9.85    0.79   -6.02    0.35    0.00   -5.67  0.805
   3.008  0.692  5.26    0.83  -11.08    0.37    0.00  -10.71 1.319E-01

  10.589 32.624 10.15    0.77   -6.77    0.38    0.00   -6.39  0.855
   3.037  0.716  4.91    0.81  -11.95    0.40    0.00  -11.55 1.019E-01

  10.589 32.971 10.45    0.75   -7.52    0.42    0.00   -7.10  0.924
   3.065  0.740  4.54    0.80  -12.83    0.45    0.00  -12.38 7.747E-02

  10.589 33.347 10.77    0.75   -8.25    0.49    0.00   -7.76  1.016
   3.088  0.765  4.19    0.80  -13.68    0.52    0.00  -13.16 5.805E-02

  10.589 33.806 11.10    0.77   -8.98    0.59    0.00   -8.38  1.133
   3.099  0.790  3.84    0.82  -14.51    0.62    0.00  -13.89 4.271E-02

  10.589 34.206 11.42    0.80   -9.76    0.75    0.00   -9.01  1.285
   3.116  0.814  3.49    0.86  -15.41    0.77    0.00  -14.64 3.129E-02

  0.000 0.000  0.000 .000  0.00  0.00  0.00  0.00  0.00  0.00 0.000
                           0.00  0.00  0.00  0.00  0.00  0.00 0.000E+00

