EXTERNAL/TSAI:  VERSION OF 8/8/96

Marathon                                                                
H1_kin1.inp                                                             
                                                                        
Hall A 2018: 25 cm Deuterium target                                     
Nominal values - not exact                                              

----*----1----*----2----*----3----*----4----*----5----*----6----*----7--
                                                                        

TARGET (iZ,iA) = (  1,  1);   avgA =   1.000; amuM=  1.007; avgM=  0.938
 targ=TRITIUM; ttarg(rl)=0.00113; twall=0.00481; tbeam=0.00342; tspec=0.00732
         Nseg  =   4
 MODELS: P elastc(ikk)=14; deut elastic=13; inelastc=206; Pauli Supresion= 4
 NUCLEAR METHOD= 1;   NUCLEAR_MODEL= 1
 DIS MODEL= 2

    E1    TH    Q2 COS_K         SMR     NUC          INT-SMR
    EP     X    W2 QE-PK  INELA  Q-ELA  ELAST   TOTAL  MODEL

  10.589 16.452  2.66    4.71   14.62    0.00    4.81   19.43  1.000
   3.062  0.188 12.35    5.34   14.23    0.00    5.45   19.68 9.519E+00

  10.589 17.110  2.90    4.02   13.24    0.00    4.10   17.34  1.000
   3.097  0.206 12.04    4.54   12.48    0.00    4.62   17.09 7.981E+00

  10.589 17.924  3.19    3.48   11.96    0.00    3.54   15.50  1.000
   3.100  0.227 11.75    3.91   10.85    0.00    3.97   14.81 6.488E+00

  10.589 18.645  3.46    3.04   10.74    0.00    3.08   13.82  1.000
   3.111  0.246 11.45    3.39    9.31    0.00    3.44   12.75 5.396E+00

  0.000 0.000  0.000 .000  0.00  0.00  0.00  0.00  0.00  0.00 0.000
                           0.00  0.00  0.00  0.00  0.00  0.00 0.000E+00

