EXTERNAL/TSAI:  VERSION OF 8/8/96

Marathon                                                                
He3_kin0.inp                                                            
                                                                        
Hall A 2018: 25 cm He3 target                                           
Nominal values - not exact                                              

----*----1----*----2----*----3----*----4----*----5----*----6----*----7--
                                                                        

TARGET (iZ,iA) = (  2,  3);   avgA =   3.000; amuM=  3.016; avgM=  2.809
 targ=TRITIUM; ttarg(rl)=0.00075; twall=0.00481; tbeam=0.00342; tspec=0.00732
         Nseg  =   4
 MODELS: P elastc(ikk)=14; deut elastic=13; inelastc=206; Pauli Supresion= 4
 NUCLEAR METHOD= 1;   NUCLEAR_MODEL= 1
 DIS MODEL= 2

    E1    TH    Q2 COS_K         SMR     NUC          INT-SMR
    EP     X    W2 QE-PK  INELA  Q-ELA  ELAST   TOTAL  MODEL

  10.589 15.678  2.41    4.21   14.66    3.10    0.24   18.00  0.851
   3.059  0.171 12.60    4.79   14.23    3.37    0.25   17.84 3.386E+01

  10.589 16.332  2.64    3.63   13.17    2.57    0.17   15.92  0.848
   3.094  0.188 12.30    4.11   12.31    2.80    0.17   15.27 2.821E+01

  10.589 17.141  2.91    3.18   11.88    2.16    0.12   14.16  0.843
   3.098  0.207 12.02    3.58   10.65    2.35    0.12   13.12 2.271E+01

  10.589 17.875  3.18    2.82   10.70    1.84    0.08   12.62  0.838
   3.106  0.226 11.75    3.15    9.15    1.99    0.08   11.23 1.861E+01

  0.000 0.000  0.000 .000  0.00  0.00  0.00  0.00  0.00  0.00 0.000
                           0.00  0.00  0.00  0.00  0.00  0.00 0.000E+00

