EXTERNAL/TSAI:  VERSION OF 8/8/96

Marathon                                                                
H3_kin2.inp                                                             
                                                                        
Hall A 2018: 25 cm Tritium target                                       
Nominal values - not exact                                              

----*----1----*----2----*----3----*----4----*----5----*----6----*----7--
                                                                        

TARGET (iZ,iA) = (  1,  3);   avgA =   3.000; amuM=  3.016; avgM=  2.809
 targ=TRITIUM; ttarg(rl)=0.00042; twall=0.00481; tbeam=0.00342; tspec=0.00732
         Nseg  =   4
 MODELS: P elastc(ikk)=14; deut elastic=13; inelastc=206; Pauli Supresion= 4
 NUCLEAR METHOD= 1;   NUCLEAR_MODEL= 1
 DIS MODEL= 2

    E1    TH    Q2 COS_K         SMR     NUC          INT-SMR
    EP     X    W2 QE-PK  INELA  Q-ELA  ELAST   TOTAL  MODEL

  10.589 17.976  3.16    2.23   10.64    1.52    0.10   12.26  0.837
   3.055  0.223 11.86    2.50    8.93    1.64    0.10   10.68 1.683E+01

  10.589 18.605  3.42    1.98    9.42    1.28    0.07   10.77  0.829
   3.095  0.244 11.52    2.21    7.40    1.38    0.07    8.85 1.391E+01

  10.589 19.415  3.73    1.80    8.41    1.10    0.04    9.56  0.819
   3.100  0.266 11.20    1.99    6.13    1.19    0.04    7.36 1.103E+01

  10.589 20.143  4.03    1.64    7.37    0.95    0.03    8.35  0.808
   3.112  0.287 10.88    1.81    4.85    1.02    0.03    5.90 8.886E+00

  0.000 0.000  0.000 .000  0.00  0.00  0.00  0.00  0.00  0.00 0.000
                           0.00  0.00  0.00  0.00  0.00  0.00 0.000E+00

