EXTERNAL/TSAI:  VERSION OF 8/8/96

Marathon                                                                
H3_kin0.inp                                                             
                                                                        
Hall A 2018: 25 cm Tritium target                                       
Nominal values - not exact                                              

----*----1----*----2----*----3----*----4----*----5----*----6----*----7--
                                                                        

TARGET (iZ,iA) = (  1,  3);   avgA =   3.000; amuM=  3.016; avgM=  2.809
 targ=TRITIUM; ttarg(rl)=0.00042; twall=0.00481; tbeam=0.00342; tspec=0.00732
         Nseg  =   4
 MODELS: P elastc(ikk)=14; deut elastic=13; inelastc=206; Pauli Supresion= 4
 NUCLEAR METHOD= 1;   NUCLEAR_MODEL= 1
 DIS MODEL= 2

    E1    TH    Q2 COS_K         SMR     NUC          INT-SMR
    EP     X    W2 QE-PK  INELA  Q-ELA  ELAST   TOTAL  MODEL

  10.589 15.679  2.41    3.07   14.27    2.35    0.26   16.88  0.853
   3.059  0.171 12.60    3.49   13.57    2.54    0.27   16.38 3.122E+01

  10.589 16.334  2.64    2.68   12.76    1.97    0.19   14.92  0.850
   3.094  0.188 12.30    3.03   11.65    2.13    0.19   13.97 2.599E+01

  10.589 17.142  2.91    2.38   11.44    1.68    0.13   13.25  0.844
   3.098  0.207 12.02    2.68    9.96    1.81    0.13   11.90 2.086E+01

  10.589 17.874  3.18    2.14   10.29    1.44    0.09   11.83  0.837
   3.106  0.226 11.75    2.39    8.51    1.56    0.09   10.16 1.699E+01

  0.000 0.000  0.000 .000  0.00  0.00  0.00  0.00  0.00  0.00 0.000
                           0.00  0.00  0.00  0.00  0.00  0.00 0.000E+00

