EXTERNAL/TSAI:  VERSION OF 8/8/96

Marathon                                                                
H3_kin5.inp                                                             
                                                                        
Hall A 2018: 25 cm Tritium target                                       
Nominal values - not exact                                              

----*----1----*----2----*----3----*----4----*----5----*----6----*----7--
                                                                        

TARGET (iZ,iA) = (  1,  3);   avgA =   3.000; amuM=  3.016; avgM=  2.809
 targ=TRITIUM; ttarg(rl)=0.00042; twall=0.00481; tbeam=0.00342; tspec=0.00732
         Nseg  =   4
 MODELS: P elastc(ikk)=14; deut elastic=13; inelastc=206; Pauli Supresion= 4
 NUCLEAR METHOD= 1;   NUCLEAR_MODEL= 1
 DIS MODEL= 2

    E1    TH    Q2 COS_K         SMR     NUC          INT-SMR
    EP     X    W2 QE-PK  INELA  Q-ELA  ELAST   TOTAL  MODEL

  10.589 22.015  4.69    1.48    5.87    0.77    0.01    6.66  0.783
   3.036  0.331 10.37    1.62    3.03    0.83    0.01    3.87 5.389E+00

  10.589 22.456  4.95    1.36    4.96    0.67    0.01    5.64  0.772
   3.080  0.351 10.02    1.48    1.91    0.72    0.01    2.64 4.577E+00

  10.589 23.041  5.23    1.27    4.13    0.59    0.01    4.73  0.762
   3.097  0.372  9.71    1.37    0.89    0.64    0.01    1.54 3.781E+00

  10.589 23.687  5.53    1.20    3.32    0.53    0.00    3.86  0.751
   3.101  0.394  9.40    1.29   -0.08    0.58    0.00    0.50 3.084E+00

  10.589 24.222  5.81    1.13    2.51    0.48    0.00    2.99  0.743
   3.118  0.415  9.09    1.21   -1.06    0.52    0.00   -0.55 2.561E+00

  0.000 0.000  0.000 .000  0.00  0.00  0.00  0.00  0.00  0.00 0.000
                           0.00  0.00  0.00  0.00  0.00  0.00 0.000E+00

