EXTERNAL/TSAI:  VERSION OF 8/8/96

Marathon                                                                
He3_kin1.inp                                                            
                                                                        
Hall A 2018: 25 cm He3 target                                           
Nominal values - not exact                                              

----*----1----*----2----*----3----*----4----*----5----*----6----*----7--
                                                                        

TARGET (iZ,iA) = (  2,  3);   avgA =   3.000; amuM=  3.016; avgM=  2.809
 targ=TRITIUM; ttarg(rl)=0.00075; twall=0.00481; tbeam=0.00342; tspec=0.00732
         Nseg  =   4
 MODELS: P elastc(ikk)=14; deut elastic=13; inelastc=206; Pauli Supresion= 4
 NUCLEAR METHOD= 1;   NUCLEAR_MODEL= 1
 DIS MODEL= 2

    E1    TH    Q2 COS_K         SMR     NUC          INT-SMR
    EP     X    W2 QE-PK  INELA  Q-ELA  ELAST   TOTAL  MODEL

  10.589 16.457  2.66    3.70   13.30    2.62    0.17   16.09  0.847
   3.062  0.188 12.35    4.18   12.45    2.85    0.18   15.48 2.750E+01

  10.589 17.115  2.90    3.20   11.94    2.18    0.12   14.24  0.843
   3.096  0.207 12.04    3.60   10.72    2.37    0.12   13.21 2.288E+01

  10.589 17.928  3.19    2.82   10.64    1.84    0.08   12.56  0.838
   3.099  0.227 11.75    3.15    9.09    1.99    0.08   11.16 1.839E+01

  10.589 18.646  3.46    2.51    9.56    1.56    0.06   11.17  0.832
   3.111  0.246 11.46    2.79    7.71    1.70    0.06    9.46 1.510E+01

  0.000 0.000  0.000 .000  0.00  0.00  0.00  0.00  0.00  0.00 0.000
                           0.00  0.00  0.00  0.00  0.00  0.00 0.000E+00

