EXTERNAL/TSAI:  VERSION OF 8/8/96

Marathon                                                                
He3_kin4.inp                                                            
                                                                        
Hall A 2018: 25 cm He3 target                                           
Nominal values - not exact                                              

----*----1----*----2----*----3----*----4----*----5----*----6----*----7--
                                                                        

TARGET (iZ,iA) = (  2,  3);   avgA =   3.000; amuM=  3.016; avgM=  2.809
 targ=TRITIUM; ttarg(rl)=0.00075; twall=0.00481; tbeam=0.00342; tspec=0.00732
         Nseg  =   4
 MODELS: P elastc(ikk)=14; deut elastic=13; inelastc=206; Pauli Supresion= 4
 NUCLEAR METHOD= 1;   NUCLEAR_MODEL= 1
 DIS MODEL= 2

    E1    TH    Q2 COS_K         SMR     NUC          INT-SMR
    EP     X    W2 QE-PK  INELA  Q-ELA  ELAST   TOTAL  MODEL

  10.589 20.759  4.18    2.06    7.41    1.16    0.02    8.59  0.813
   3.038  0.295 10.87    2.27    5.04    1.26    0.02    6.32 8.793E+00

  10.589 21.217  4.42    1.85    6.41    0.99    0.02    7.41  0.807
   3.082  0.314 10.54    2.03    3.80    1.08    0.02    4.89 7.566E+00

  10.589 21.809  4.69    1.70    5.53    0.87    0.01    6.41  0.800
   3.096  0.334 10.25    1.85    2.72    0.94    0.01    3.67 6.350E+00

  10.589 22.449  4.97    1.57    4.71    0.77    0.01    5.49  0.793
   3.099  0.354  9.96    1.71    1.71    0.84    0.01    2.55 5.273E+00

  10.589 22.991  5.24    1.45    3.90    0.69    0.00    4.59  0.787
   3.115  0.374  9.67    1.58    0.72    0.74    0.00    1.47 4.449E+00

  0.000 0.000  0.000 .000  0.00  0.00  0.00  0.00  0.00  0.00 0.000
                           0.00  0.00  0.00  0.00  0.00  0.00 0.000E+00

