EXTERNAL/TSAI:  VERSION OF 8/8/96

Marathon                                                                
H3_kin1.inp                                                             
                                                                        
Hall A 2018: 25 cm Tritium target                                       
Nominal values - not exact                                              

----*----1----*----2----*----3----*----4----*----5----*----6----*----7--
                                                                        

TARGET (iZ,iA) = (  1,  3);   avgA =   3.000; amuM=  3.016; avgM=  2.809
 targ=TRITIUM; ttarg(rl)=0.00042; twall=0.00481; tbeam=0.00342; tspec=0.00732
         Nseg  =   4
 MODELS: P elastc(ikk)=14; deut elastic=13; inelastc=206; Pauli Supresion= 4
 NUCLEAR METHOD= 1;   NUCLEAR_MODEL= 1
 DIS MODEL= 2

    E1    TH    Q2 COS_K         SMR     NUC          INT-SMR
    EP     X    W2 QE-PK  INELA  Q-ELA  ELAST   TOTAL  MODEL

  10.589 16.455  2.66    2.73   12.87    2.01    0.19   15.07  0.849
   3.062  0.188 12.35    3.08   11.78    2.17    0.19   14.14 2.536E+01

  10.589 17.111  2.90    2.39   11.50    1.69    0.13   13.32  0.844
   3.097  0.206 12.04    2.69   10.03    1.83    0.13   11.99 2.104E+01

  10.589 17.919  3.19    2.14   10.28    1.44    0.09   11.82  0.837
   3.101  0.227 11.75    2.39    8.49    1.56    0.09   10.14 1.681E+01

  10.589 18.643  3.46    1.94    9.23    1.24    0.06   10.53  0.828
   3.112  0.246 11.45    2.15    7.16    1.34    0.06    8.56 1.366E+01

  0.000 0.000  0.000 .000  0.00  0.00  0.00  0.00  0.00  0.00 0.000
                           0.00  0.00  0.00  0.00  0.00  0.00 0.000E+00

