EXTERNAL/TSAI:  VERSION OF 8/8/96

Marathon                                                                
H3_kin4.inp                                                             
                                                                        
Hall A 2018: 25 cm Tritium target                                       
Nominal values - not exact                                              

----*----1----*----2----*----3----*----4----*----5----*----6----*----7--
                                                                        

TARGET (iZ,iA) = (  1,  3);   avgA =   3.000; amuM=  3.016; avgM=  2.809
 targ=TRITIUM; ttarg(rl)=0.00042; twall=0.00481; tbeam=0.00342; tspec=0.00732
         Nseg  =   4
 MODELS: P elastc(ikk)=14; deut elastic=13; inelastc=206; Pauli Supresion= 4
 NUCLEAR METHOD= 1;   NUCLEAR_MODEL= 1
 DIS MODEL= 2

    E1    TH    Q2 COS_K         SMR     NUC          INT-SMR
    EP     X    W2 QE-PK  INELA  Q-ELA  ELAST   TOTAL  MODEL

  10.589 20.759  4.18    1.67    7.32    0.95    0.03    8.29  0.803
   3.038  0.295 10.87    1.83    4.79    1.03    0.03    5.84 7.757E+00

  10.589 21.211  4.42    1.52    6.38    0.82    0.02    7.23  0.793
   3.082  0.314 10.54    1.67    3.64    0.89    0.02    4.55 6.617E+00

  10.589 21.807  4.69    1.42    5.57    0.73    0.01    6.31  0.782
   3.096  0.334 10.25    1.55    2.64    0.79    0.01    3.44 5.494E+00

  10.589 22.450  4.97    1.33    4.79    0.65    0.01    5.45  0.771
   3.100  0.354  9.96    1.45    1.70    0.70    0.01    2.41 4.518E+00

  10.589 22.980  5.24    1.25    4.01    0.58    0.01    4.60  0.761
   3.116  0.373  9.67    1.35    0.75    0.63    0.01    1.39 3.792E+00

  0.000 0.000  0.000 .000  0.00  0.00  0.00  0.00  0.00  0.00 0.000
                           0.00  0.00  0.00  0.00  0.00  0.00 0.000E+00

