EXTERNAL/TSAI:  VERSION OF 8/8/96

Marathon                                                                
He3_kin15.inp                                                           
                                                                        
Hall A 2018: 25 cm He3 target                                           
Nominal values - not exact                                              

----*----1----*----2----*----3----*----4----*----5----*----6----*----7--
                                                                        

TARGET (iZ,iA) = (  2,  3);   avgA =   3.000; amuM=  3.016; avgM=  2.809
 targ=TRITIUM; ttarg(rl)=0.00075; twall=0.00481; tbeam=0.00342; tspec=0.00732
         Nseg  =   4
 MODELS: P elastc(ikk)=14; deut elastic=13; inelastc=206; Pauli Supresion= 4
 NUCLEAR METHOD= 1;   NUCLEAR_MODEL= 1
 DIS MODEL= 2

    E1    TH    Q2 COS_K         SMR     NUC          INT-SMR
    EP     X    W2 QE-PK  INELA  Q-ELA  ELAST   TOTAL  MODEL

  10.589 32.276  9.85    0.85   -5.82    0.42    0.00   -5.40  0.897
   3.009  0.692  5.26    0.90  -10.90    0.45    0.00  -10.45 1.588E-01

  10.589 32.628 10.15    0.83   -6.59    0.46    0.00   -6.14  0.954
   3.036  0.716  4.90    0.88  -11.81    0.49    0.00  -11.32 1.220E-01

  10.589 32.968 10.46    0.82   -7.40    0.51    0.00   -6.89  1.032
   3.066  0.741  4.54    0.87  -12.75    0.54    0.00  -12.21 9.222E-02

  10.589 33.332 10.77    0.82   -8.21    0.60    0.00   -7.61  1.135
   3.090  0.765  4.19    0.88  -13.70    0.63    0.00  -13.07 6.881E-02

  10.589 33.779 11.09    0.84   -9.04    0.73    0.00   -8.31  1.265
   3.102  0.789  3.84    0.90  -14.65    0.76    0.00  -13.89 5.025E-02

  10.589 34.220 11.42    0.88   -9.95    0.93    0.00   -9.03  1.432
   3.114  0.814  3.49    0.96  -15.68    0.96    0.00  -14.72 3.625E-02

  0.000 0.000  0.000 .000  0.00  0.00  0.00  0.00  0.00  0.00 0.000
                           0.00  0.00  0.00  0.00  0.00  0.00 0.000E+00

