EXTERNAL/TSAI:  VERSION OF 8/8/96

Marathon                                                                
H3_kin13.inp                                                            
                                                                        
Hall A 2018: 25 cm Tritium target                                       
Nominal values - not exact                                              

----*----1----*----2----*----3----*----4----*----5----*----6----*----7--
                                                                        

TARGET (iZ,iA) = (  1,  3);   avgA =   3.000; amuM=  3.016; avgM=  2.809
 targ=TRITIUM; ttarg(rl)=0.00042; twall=0.00481; tbeam=0.00342; tspec=0.00732
         Nseg  =   4
 MODELS: P elastc(ikk)=14; deut elastic=13; inelastc=206; Pauli Supresion= 4
 NUCLEAR METHOD= 1;   NUCLEAR_MODEL= 1
 DIS MODEL= 2

    E1    TH    Q2 COS_K         SMR     NUC          INT-SMR
    EP     X    W2 QE-PK  INELA  Q-ELA  ELAST   TOTAL  MODEL

  10.589 30.434  8.79    0.85   -3.86    0.32    0.00   -3.54  0.733
   3.011  0.618  6.31    0.89   -8.58    0.34    0.00   -8.24 3.051E-01

  10.589 30.744  9.04    0.82   -4.47    0.32    0.00   -4.15  0.748
   3.037  0.638  6.01    0.86   -9.31    0.34    0.00   -8.97 2.503E-01

  10.589 31.052  9.30    0.79   -5.19    0.32    0.00   -4.86  0.770
   3.065  0.659  5.70    0.83  -10.15    0.35    0.00   -9.80 2.031E-01

  10.589 31.374  9.56    0.77   -5.84    0.33    0.00   -5.50  0.799
   3.088  0.679  5.39    0.81  -10.91    0.36    0.00  -10.55 1.635E-01

  10.589 31.787  9.84    0.75   -6.44    0.35    0.00   -6.09  0.834
   3.098  0.700  5.10    0.80  -11.61    0.38    0.00  -11.24 1.295E-01

  10.589 32.199 10.12    0.74   -7.06    0.38    0.00   -6.67  0.881
   3.107  0.721  4.80    0.79  -12.32    0.41    0.00  -11.92 1.018E-01

  10.589 32.521 10.38    0.74   -7.66    0.42    0.00   -7.24  0.941
   3.125  0.741  4.51    0.78  -13.02    0.45    0.00  -12.58 8.076E-02

  0.000 0.000  0.000 .000  0.00  0.00  0.00  0.00  0.00  0.00 0.000
                           0.00  0.00  0.00  0.00  0.00  0.00 0.000E+00

