EXTERNAL/TSAI:  VERSION OF 8/8/96

Marathon                                                                
H3_kin16.inp                                                            
                                                                        
Hall A 2018: 25 cm Tritium target                                       
Nominal values - not exact                                              

----*----1----*----2----*----3----*----4----*----5----*----6----*----7--
                                                                        

TARGET (iZ,iA) = (  1,  3);   avgA =   3.000; amuM=  3.016; avgM=  2.809
 targ=TRITIUM; ttarg(rl)=0.00045; twall=0.00481; tbeam=0.00341; tspec=0.00832
         Nseg  =   4
 MODELS: P elastc(ikk)=14; deut elastic=13; inelastc=206; Pauli Supresion= 4
 NUCLEAR METHOD= 1;   NUCLEAR_MODEL= 1
 DIS MODEL=111

    E1    TH    Q2 COS_K         SMR     NUC          INT-SMR
    EP     X    W2 QE-PK  INELA  Q-ELA  ELAST   TOTAL  MODEL

  10.589 34.568 10.46    0.78   -5.57    0.38    0.00   -5.19  0.853
   2.797  0.715  5.05    0.83  -10.80    0.41    0.00  -10.39 9.274E-02

  10.589 34.816 10.67    0.77   -6.06    0.40    0.00   -5.66  0.885
   2.814  0.731  4.80    0.81  -11.38    0.42    0.00  -10.96 7.751E-02

  10.589 35.127 10.93    0.75   -6.65    0.43    0.00   -6.21  0.935
   2.833  0.751  4.51    0.80  -12.07    0.46    0.00  -11.62 6.206E-02

  10.589 35.419 11.18    0.74   -7.25    0.48    0.00   -6.78  1.000
   2.853  0.770  4.22    0.79  -12.79    0.50    0.00  -12.28 4.928E-02

  10.589 35.683 11.43    0.74   -7.89    0.55    0.00   -7.34  1.086
   2.876  0.790  3.92    0.80  -13.53    0.57    0.00  -12.96 3.889E-02

  10.589 35.998 11.69    0.76   -8.55    0.64    0.00   -7.91  1.189
   2.892  0.810  3.63    0.82  -14.30    0.67    0.00  -13.63 3.036E-02

  10.589 36.351 11.96    0.78   -9.26    0.78    0.00   -8.48  1.313
   2.903  0.829  3.34    0.85  -15.12    0.80    0.00  -14.32 2.338E-02

  10.589 36.691 12.20    0.82   -9.93    0.93    0.00   -9.01  1.430
   2.907  0.846  3.10    0.90  -15.88    0.95    0.00  -14.93 1.859E-02

  0.000 0.000  0.000 .000  0.00  0.00  0.00  0.00  0.00  0.00 0.000
                           0.00  0.00  0.00  0.00  0.00  0.00 0.000E+00

