 x   F2n/F2p_SLAC CJ15 
      0.01000      0.99200          NaN      0.96312
      0.02000      0.98400      0.89749      0.94787
      0.03000      0.97600      0.92344      0.93317
      0.04000      0.96800      0.91407      0.91899
      0.05000      0.96000      0.90317      0.90529
      0.06000      0.95200      0.89374      0.89205
      0.07000      0.94400      0.88742      0.87922
      0.08000      0.93600      0.88306      0.86679
      0.09000      0.92800      0.87889      0.85472
      0.10000      0.92000      0.87403      0.84300
      0.11000      0.91200      0.86784      0.83160
      0.12000      0.90400      0.85997      0.82050
      0.13000      0.89600      0.85054      0.80967
      0.14000      0.88800      0.83976      0.79911
      0.15000      0.88000      0.82791      0.78880
      0.16000      0.87200      0.81542      0.77870
      0.17000      0.86400      0.80271      0.76882
      0.18000      0.85600      0.78989      0.75914
      0.19000      0.84800      0.77715      0.74964
      0.20000      0.84000      0.76469      0.74030
      0.21000      0.83200      0.75268      0.73113
      0.22000      0.82400      0.74114      0.72210
      0.23000      0.81600      0.73022      0.71320
      0.24000      0.80800      0.71982      0.70443
      0.25000      0.80000      0.70998      0.69578
      0.26000      0.79200      0.70068      0.68724
      0.27000      0.78400      0.69187      0.67880
      0.28000      0.77600      0.68351      0.67046
      0.29000      0.76800      0.67554      0.66221
      0.30000      0.76000      0.66791      0.65404
      0.31000      0.75200      0.66056      0.64596
      0.32000      0.74400      0.65347      0.63796
      0.33000      0.73600      0.64654      0.63004
      0.34000      0.72800      0.63971      0.62219
      0.35000      0.72000      0.63292      0.61442
      0.36000      0.71200      0.62612      0.60672
      0.37000      0.70400      0.61928      0.59911
      0.38000      0.69600      0.61236      0.59157
      0.39000      0.68800      0.60535      0.58412
      0.40000      0.68000      0.59823      0.57675
      0.41000      0.67200      0.59098      0.56947
      0.42000      0.66400      0.58359      0.56229
      0.43000      0.65600      0.57606      0.55521
      0.44000      0.64800      0.56839      0.54824
      0.45000      0.64000      0.56063      0.54138
      0.46000      0.63200      0.55277      0.53465
      0.47000      0.62400      0.54480      0.52805
      0.48000      0.61600      0.53673      0.52159
      0.49000      0.60800      0.52859      0.51529
      0.50000      0.60000      0.52038      0.50915
      0.51000      0.59200      0.51212      0.50319
      0.52000      0.58400      0.50382      0.49742
      0.53000      0.57600      0.49552      0.49185
      0.54000      0.56800      0.48722      0.48651
      0.55000      0.56000      0.47895      0.48139
      0.56000      0.55200      0.47072      0.47653
      0.57000      0.54400      0.46255      0.47193
      0.58000      0.53600      0.45447      0.46761
      0.59000      0.52800      0.44650      0.46360
      0.60000      0.52000      0.43864      0.45991
      0.61000      0.51200      0.43093      0.45656
      0.62000      0.50400      0.42337      0.45356
      0.63000      0.49600      0.41599      0.45096
      0.64000      0.48800      0.40881      0.44875
      0.65000      0.48000      0.40183      0.44697
      0.66000      0.47200      0.39508      0.44564
      0.67000      0.46400      0.38859      0.44479
      0.68000      0.45600      0.38235      0.44443
      0.69000      0.44800      0.37637      0.44460
      0.70000      0.44000      0.37065      0.44531
      0.71000      0.43200      0.36522      0.44661
      0.72000      0.42400      0.36008      0.44851
      0.73000      0.41600      0.35523      0.45104
      0.74000      0.40800      0.35069      0.45423
      0.75000      0.40000      0.34646      0.45811
      0.76000      0.39200      0.34255      0.46272
      0.77000      0.38400      0.33896      0.46808
      0.78000      0.37600      0.33568      0.47423
      0.79000      0.36800      0.33274      0.48119
      0.80000      0.36000      0.33007      0.48900
      0.81000      0.35200      0.32774      0.49770
      0.82000      0.34400      0.32572      0.50733
      0.83000      0.33600      0.32403      0.51791
      0.84000      0.32800      0.32265      0.52948
      0.85000      0.32000      0.32153      0.54208
      0.86000      0.31200      0.32076      0.55576
      0.87000      0.30400      0.32017      0.57054
      0.88000      0.29600      0.31994      0.58647
      0.89000      0.28800      0.31990      0.60359
      0.90000      0.28000      0.32012      0.62194
      0.91000      0.27200      0.32060      0.64157
      0.92000      0.26400      0.32122      0.66251
      0.93000      0.25600      0.32217      0.68482
      0.94000      0.24800      0.32322      0.70854
      0.95000      0.24000      0.32445      0.73371
      0.96000      0.23200      0.32623      0.76039
      0.97000      0.22400      0.32991      0.78862
      0.98000      0.21600          NaN      0.81845
      0.99000      0.20800          NaN      0.84994
