 x   F2n/F2p_SLAC CJ15 
      0.01000      0.99200      0.97499      0.96349
      0.02000      0.98400      0.95958      0.94846
      0.03000      0.97600      0.94292      0.93390
      0.04000      0.96800      0.92656      0.91978
      0.05000      0.96000      0.91217      0.90607
      0.06000      0.95200      0.89968      0.89276
      0.07000      0.94400      0.88882      0.87983
      0.08000      0.93600      0.87906      0.86726
      0.09000      0.92800      0.86956      0.85503
      0.10000      0.92000      0.85976      0.84312
      0.11000      0.91200      0.84952      0.83152
      0.12000      0.90400      0.83866      0.82020
      0.13000      0.89600      0.82730      0.80915
      0.14000      0.88800      0.81553      0.79836
      0.15000      0.88000      0.80348      0.78781
      0.16000      0.87200      0.79140      0.77748
      0.17000      0.86400      0.77941      0.76737
      0.18000      0.85600      0.76760      0.75746
      0.19000      0.84800      0.75608      0.74774
      0.20000      0.84000      0.74494      0.73819
      0.21000      0.83200      0.73425      0.72880
      0.22000      0.82400      0.72403      0.71958
      0.23000      0.81600      0.71426      0.71050
      0.24000      0.80800      0.70496      0.70155
      0.25000      0.80000      0.69612      0.69273
      0.26000      0.79200      0.68772      0.68404
      0.27000      0.78400      0.67971      0.67546
      0.28000      0.77600      0.67205      0.66699
      0.29000      0.76800      0.66469      0.65863
      0.30000      0.76000      0.65759      0.65036
      0.31000      0.75200      0.65071      0.64220
      0.32000      0.74400      0.64399      0.63412
      0.33000      0.73600      0.63738      0.62614
      0.34000      0.72800      0.63083      0.61824
      0.35000      0.72000      0.62431      0.61044
      0.36000      0.71200      0.61776      0.60272
      0.37000      0.70400      0.61117      0.59510
      0.38000      0.69600      0.60452      0.58757
      0.39000      0.68800      0.59777      0.58013
      0.40000      0.68000      0.59092      0.57279
      0.41000      0.67200      0.58395      0.56555
      0.42000      0.66400      0.57686      0.55841
      0.43000      0.65600      0.56965      0.55139
      0.44000      0.64800      0.56230      0.54448
      0.45000      0.64000      0.55484      0.53770
      0.46000      0.63200      0.54726      0.53105
      0.47000      0.62400      0.53959      0.52455
      0.48000      0.61600      0.53182      0.51819
      0.49000      0.60800      0.52397      0.51199
      0.50000      0.60000      0.51606      0.50597
      0.51000      0.59200      0.50810      0.50012
      0.52000      0.58400      0.50011      0.49447
      0.53000      0.57600      0.49211      0.48903
      0.54000      0.56800      0.48410      0.48381
      0.55000      0.56000      0.47611      0.47883
      0.56000      0.55200      0.46816      0.47410
      0.57000      0.54400      0.46026      0.46964
      0.58000      0.53600      0.45244      0.46547
      0.59000      0.52800      0.44471      0.46160
      0.60000      0.52000      0.43709      0.45805
      0.61000      0.51200      0.42960      0.45484
      0.62000      0.50400      0.42225      0.45200
      0.63000      0.49600      0.41507      0.44953
      0.64000      0.48800      0.40806      0.44747
      0.65000      0.48000      0.40125      0.44584
      0.66000      0.47200      0.39464      0.44465
      0.67000      0.46400      0.38826      0.44394
      0.68000      0.45600      0.38212      0.44373
      0.69000      0.44800      0.37621      0.44404
      0.70000      0.44000      0.37057      0.44490
      0.71000      0.43200      0.36520      0.44634
      0.72000      0.42400      0.36011      0.44838
      0.73000      0.41600      0.35529      0.45105
      0.74000      0.40800      0.35079      0.45439
      0.75000      0.40000      0.34658      0.45841
      0.76000      0.39200      0.34268      0.46316
      0.77000      0.38400      0.33910      0.46866
      0.78000      0.37600      0.33582      0.47494
      0.79000      0.36800      0.33288      0.48204
      0.80000      0.36000      0.33020      0.49000
      0.81000      0.35200      0.32786      0.49883
      0.82000      0.34400      0.32582      0.50859
      0.83000      0.33600      0.32411      0.51930
      0.84000      0.32800      0.32272      0.53100
      0.85000      0.32000      0.32158      0.54373
      0.86000      0.31200      0.32079      0.55752
      0.87000      0.30400      0.32019      0.57241
      0.88000      0.29600      0.31994      0.58844
      0.89000      0.28800      0.31988      0.60566
      0.90000      0.28000      0.32009      0.62409
      0.91000      0.27200      0.32056      0.64379
      0.92000      0.26400      0.32117      0.66478
      0.93000      0.25600      0.32212      0.68712
      0.94000      0.24800      0.32315      0.71084
      0.95000      0.24000      0.32439      0.73599
      0.96000      0.23200      0.32615      0.76261
      0.97000      0.22400      0.32965      0.79074
      0.98000      0.21600          NaN      0.82044
      0.99000      0.20800          NaN      0.85174
