 x   F2n/F2p_SLAC CJ15 
      0.02000      0.98400      0.89749      0.96113
      0.03000      0.97600      0.92344      0.95050
      0.04000      0.96800      0.91407      0.93956
      0.05000      0.96000      0.90317      0.92848
      0.06000      0.95200      0.89374      0.91734
      0.07000      0.94400      0.88742      0.90620
      0.08000      0.93600      0.88306      0.89510
      0.09000      0.92800      0.87889      0.88406
      0.10000      0.92000      0.87403      0.87310
      0.11000      0.91200      0.86784      0.86224
      0.12000      0.90400      0.85997      0.85148
      0.13000      0.89600      0.85054      0.84083
      0.14000      0.88800      0.83976      0.83029
      0.15000      0.88000      0.82791      0.81986
      0.16000      0.87200      0.81542      0.80953
      0.17000      0.86400      0.80271      0.79932
      0.18000      0.85600      0.78989      0.78922
      0.19000      0.84800      0.77715      0.77921
      0.20000      0.84000      0.76469      0.76932
      0.21000      0.83200      0.75268      0.75952
      0.22000      0.82400      0.74114      0.74981
      0.23000      0.81600      0.73022      0.74020
      0.24000      0.80800      0.71982      0.73068
      0.25000      0.80000      0.70998      0.72125
      0.26000      0.79200      0.70068      0.71190
      0.27000      0.78400      0.69187      0.70264
      0.28000      0.77600      0.68351      0.69346
      0.29000      0.76800      0.67554      0.68436
      0.30000      0.76000      0.66791      0.67535
      0.31000      0.75200      0.66056      0.66641
      0.32000      0.74400      0.65347      0.65755
      0.33000      0.73600      0.64654      0.64878
      0.34000      0.72800      0.63971      0.64009
      0.35000      0.72000      0.63292      0.63148
      0.36000      0.71200      0.62612      0.62296
      0.37000      0.70400      0.61928      0.61453
      0.38000      0.69600      0.61236      0.60620
      0.39000      0.68800      0.60535      0.59796
      0.40000      0.68000      0.59823      0.58983
      0.41000      0.67200      0.59098      0.58181
      0.42000      0.66400      0.58359      0.57390
      0.43000      0.65600      0.57606      0.56611
      0.44000      0.64800      0.56839      0.55845
      0.45000      0.64000      0.56063      0.55094
      0.46000      0.63200      0.55277      0.54356
      0.47000      0.62400      0.54480      0.53635
      0.48000      0.61600      0.53673      0.52930
      0.49000      0.60800      0.52859      0.52243
      0.50000      0.60000      0.52038      0.51574
      0.51000      0.59200      0.51212      0.50926
      0.52000      0.58400      0.50382      0.50299
      0.53000      0.57600      0.49552      0.49694
      0.54000      0.56800      0.48722      0.49114
      0.55000      0.56000      0.47895      0.48559
      0.56000      0.55200      0.47072      0.48032
      0.57000      0.54400      0.46255      0.47533
      0.58000      0.53600      0.45447      0.47065
      0.59000      0.52800      0.44650      0.46629
      0.60000      0.52000      0.43864      0.46227
      0.61000      0.51200      0.43093      0.45861
      0.62000      0.50400      0.42337      0.45533
      0.63000      0.49600      0.41599      0.45245
      0.64000      0.48800      0.40881      0.44998
      0.65000      0.48000      0.40183      0.44797
      0.66000      0.47200      0.39508      0.44641
      0.67000      0.46400      0.38859      0.44535
      0.68000      0.45600      0.38235      0.44479
      0.69000      0.44800      0.37637      0.44478
      0.70000      0.44000      0.37065      0.44533
      0.71000      0.43200      0.36522      0.44646
      0.72000      0.42400      0.36008      0.44822
      0.73000      0.41600      0.35523      0.45061
      0.74000      0.40800      0.35069      0.45368
      0.75000      0.40000      0.34646      0.45745
      0.76000      0.39200      0.34255      0.46195
      0.77000      0.38400      0.33896      0.46722
      0.78000      0.37600      0.33568      0.47327
      0.79000      0.36800      0.33274      0.48016
      0.80000      0.36000      0.33007      0.48791
      0.81000      0.35200      0.32774      0.49655
      0.82000      0.34400      0.32572      0.50612
      0.83000      0.33600      0.32403      0.51666
      0.84000      0.32800      0.32265      0.52820
      0.85000      0.32000      0.32153      0.54078
      0.86000      0.31200      0.32076      0.55444
      0.87000      0.30400      0.32017      0.56922
      0.88000      0.29600      0.31994      0.58516
      0.89000      0.28800      0.31990      0.60230
      0.90000      0.28000      0.32012      0.62069
      0.91000      0.27200      0.32060      0.64036
      0.92000      0.26400      0.32122      0.66137
      0.93000      0.25600      0.32217      0.68375
      0.94000      0.24800      0.32322      0.70756
      0.95000      0.24000      0.32445      0.73285
      0.96000      0.23200      0.32623      0.75965
      0.97000      0.22400      0.32991      0.78803
      0.98000      0.21600          NaN      0.81804
      0.99000      0.20800          NaN      0.84972
